[2022-03-23 19:00:32,884] {processor.py:163} INFO - Started process (PID=8297) to work on /home/airflow/airflow/dags/first_dag.py
[2022-03-23 19:00:32,885] {processor.py:642} INFO - Processing file /home/airflow/airflow/dags/first_dag.py for tasks to queue
[2022-03-23 19:00:32,886] {logging_mixin.py:109} INFO - [2022-03-23 19:00:32,886] {dagbag.py:500} INFO - Filling up the DagBag from /home/airflow/airflow/dags/first_dag.py
[2022-03-23 19:00:32,910] {processor.py:654} INFO - DAG(s) dict_keys(['DAGGYDAGGY']) retrieved from /home/airflow/airflow/dags/first_dag.py
[2022-03-23 19:00:33,474] {logging_mixin.py:109} INFO - [2022-03-23 19:00:33,474] {manager.py:496} INFO - Created Permission View: can read on DAG:DAGGYDAGGY
[2022-03-23 19:00:33,487] {logging_mixin.py:109} INFO - [2022-03-23 19:00:33,487] {manager.py:496} INFO - Created Permission View: can edit on DAG:DAGGYDAGGY
[2022-03-23 19:00:33,487] {logging_mixin.py:109} INFO - [2022-03-23 19:00:33,487] {dag.py:2396} INFO - Sync 1 DAGs
[2022-03-23 19:00:33,492] {logging_mixin.py:109} INFO - [2022-03-23 19:00:33,492] {dag.py:2415} INFO - Creating ORM DAG for DAGGYDAGGY
[2022-03-23 19:00:33,499] {logging_mixin.py:109} INFO - [2022-03-23 19:00:33,499] {dag.py:2935} INFO - Setting next_dagrun for DAGGYDAGGY to 2022-03-22 00:00:00+00:00
[2022-03-23 19:00:33,514] {processor.py:171} INFO - Processing /home/airflow/airflow/dags/first_dag.py took 0.633 seconds
[2022-03-23 19:01:04,944] {processor.py:163} INFO - Started process (PID=8442) to work on /home/airflow/airflow/dags/first_dag.py
[2022-03-23 19:01:04,945] {processor.py:642} INFO - Processing file /home/airflow/airflow/dags/first_dag.py for tasks to queue
[2022-03-23 19:01:04,948] {logging_mixin.py:109} INFO - [2022-03-23 19:01:04,947] {dagbag.py:500} INFO - Filling up the DagBag from /home/airflow/airflow/dags/first_dag.py
[2022-03-23 19:01:04,980] {processor.py:654} INFO - DAG(s) dict_keys(['DAGGYDAGGY']) retrieved from /home/airflow/airflow/dags/first_dag.py
[2022-03-23 19:01:04,999] {logging_mixin.py:109} INFO - [2022-03-23 19:01:04,999] {dag.py:2396} INFO - Sync 1 DAGs
[2022-03-23 19:01:05,025] {logging_mixin.py:109} INFO - [2022-03-23 19:01:05,025] {dag.py:2935} INFO - Setting next_dagrun for DAGGYDAGGY to 2022-03-22 00:00:00+00:00
[2022-03-23 19:01:05,044] {processor.py:171} INFO - Processing /home/airflow/airflow/dags/first_dag.py took 0.102 seconds
[2022-03-23 19:01:40,868] {processor.py:163} INFO - Started process (PID=8478) to work on /home/airflow/airflow/dags/first_dag.py
[2022-03-23 19:01:40,870] {processor.py:642} INFO - Processing file /home/airflow/airflow/dags/first_dag.py for tasks to queue
[2022-03-23 19:01:40,871] {logging_mixin.py:109} INFO - [2022-03-23 19:01:40,871] {dagbag.py:500} INFO - Filling up the DagBag from /home/airflow/airflow/dags/first_dag.py
[2022-03-23 19:01:40,895] {processor.py:654} INFO - DAG(s) dict_keys(['DAGGYDAGGY']) retrieved from /home/airflow/airflow/dags/first_dag.py
[2022-03-23 19:01:40,905] {logging_mixin.py:109} INFO - [2022-03-23 19:01:40,905] {dag.py:2396} INFO - Sync 1 DAGs
[2022-03-23 19:01:40,918] {logging_mixin.py:109} INFO - [2022-03-23 19:01:40,918] {dag.py:2935} INFO - Setting next_dagrun for DAGGYDAGGY to 2022-03-22 00:00:00+00:00
[2022-03-23 19:01:40,935] {processor.py:171} INFO - Processing /home/airflow/airflow/dags/first_dag.py took 0.070 seconds
[2022-03-23 19:02:15,205] {processor.py:163} INFO - Started process (PID=8560) to work on /home/airflow/airflow/dags/first_dag.py
[2022-03-23 19:02:15,211] {processor.py:642} INFO - Processing file /home/airflow/airflow/dags/first_dag.py for tasks to queue
[2022-03-23 19:02:15,212] {logging_mixin.py:109} INFO - [2022-03-23 19:02:15,212] {dagbag.py:500} INFO - Filling up the DagBag from /home/airflow/airflow/dags/first_dag.py
[2022-03-23 19:02:15,231] {processor.py:654} INFO - DAG(s) dict_keys(['DAGGYDAGGY']) retrieved from /home/airflow/airflow/dags/first_dag.py
[2022-03-23 19:02:15,239] {logging_mixin.py:109} INFO - [2022-03-23 19:02:15,239] {dag.py:2396} INFO - Sync 1 DAGs
[2022-03-23 19:02:15,253] {logging_mixin.py:109} INFO - [2022-03-23 19:02:15,253] {dag.py:2935} INFO - Setting next_dagrun for DAGGYDAGGY to 2022-03-22 00:00:00+00:00
[2022-03-23 19:02:15,266] {processor.py:171} INFO - Processing /home/airflow/airflow/dags/first_dag.py took 0.064 seconds
[2022-03-23 19:02:47,676] {processor.py:163} INFO - Started process (PID=8678) to work on /home/airflow/airflow/dags/first_dag.py
[2022-03-23 19:02:47,677] {processor.py:642} INFO - Processing file /home/airflow/airflow/dags/first_dag.py for tasks to queue
[2022-03-23 19:02:47,678] {logging_mixin.py:109} INFO - [2022-03-23 19:02:47,678] {dagbag.py:500} INFO - Filling up the DagBag from /home/airflow/airflow/dags/first_dag.py
[2022-03-23 19:02:47,698] {processor.py:654} INFO - DAG(s) dict_keys(['DAGGYDAGGY']) retrieved from /home/airflow/airflow/dags/first_dag.py
[2022-03-23 19:02:47,707] {logging_mixin.py:109} INFO - [2022-03-23 19:02:47,707] {dag.py:2396} INFO - Sync 1 DAGs
[2022-03-23 19:02:47,719] {logging_mixin.py:109} INFO - [2022-03-23 19:02:47,719] {dag.py:2935} INFO - Setting next_dagrun for DAGGYDAGGY to 2022-03-22 00:00:00+00:00
[2022-03-23 19:02:47,736] {processor.py:171} INFO - Processing /home/airflow/airflow/dags/first_dag.py took 0.063 seconds
[2022-03-23 19:03:21,400] {processor.py:163} INFO - Started process (PID=8752) to work on /home/airflow/airflow/dags/first_dag.py
[2022-03-23 19:03:21,402] {processor.py:642} INFO - Processing file /home/airflow/airflow/dags/first_dag.py for tasks to queue
[2022-03-23 19:03:21,403] {logging_mixin.py:109} INFO - [2022-03-23 19:03:21,403] {dagbag.py:500} INFO - Filling up the DagBag from /home/airflow/airflow/dags/first_dag.py
[2022-03-23 19:03:21,431] {processor.py:654} INFO - DAG(s) dict_keys(['DAGGYDAGGY']) retrieved from /home/airflow/airflow/dags/first_dag.py
[2022-03-23 19:03:21,452] {logging_mixin.py:109} INFO - [2022-03-23 19:03:21,451] {dag.py:2396} INFO - Sync 1 DAGs
[2022-03-23 19:03:21,465] {logging_mixin.py:109} INFO - [2022-03-23 19:03:21,464] {dag.py:2935} INFO - Setting next_dagrun for DAGGYDAGGY to 2022-03-22 00:00:00+00:00
[2022-03-23 19:03:21,482] {processor.py:171} INFO - Processing /home/airflow/airflow/dags/first_dag.py took 0.085 seconds
[2022-03-23 19:03:58,088] {processor.py:163} INFO - Started process (PID=8913) to work on /home/airflow/airflow/dags/first_dag.py
[2022-03-23 19:03:58,090] {processor.py:642} INFO - Processing file /home/airflow/airflow/dags/first_dag.py for tasks to queue
[2022-03-23 19:03:58,090] {logging_mixin.py:109} INFO - [2022-03-23 19:03:58,090] {dagbag.py:500} INFO - Filling up the DagBag from /home/airflow/airflow/dags/first_dag.py
[2022-03-23 19:03:58,113] {processor.py:654} INFO - DAG(s) dict_keys(['DAGGYDAGGY']) retrieved from /home/airflow/airflow/dags/first_dag.py
[2022-03-23 19:03:58,123] {logging_mixin.py:109} INFO - [2022-03-23 19:03:58,123] {dag.py:2396} INFO - Sync 1 DAGs
[2022-03-23 19:03:58,134] {logging_mixin.py:109} INFO - [2022-03-23 19:03:58,134] {dag.py:2935} INFO - Setting next_dagrun for DAGGYDAGGY to 2022-03-22 00:00:00+00:00
[2022-03-23 19:03:58,151] {processor.py:171} INFO - Processing /home/airflow/airflow/dags/first_dag.py took 0.067 seconds
[2022-03-23 19:04:34,931] {processor.py:163} INFO - Started process (PID=9036) to work on /home/airflow/airflow/dags/first_dag.py
[2022-03-23 19:04:34,955] {processor.py:642} INFO - Processing file /home/airflow/airflow/dags/first_dag.py for tasks to queue
[2022-03-23 19:04:34,956] {logging_mixin.py:109} INFO - [2022-03-23 19:04:34,956] {dagbag.py:500} INFO - Filling up the DagBag from /home/airflow/airflow/dags/first_dag.py
[2022-03-23 19:04:34,994] {processor.py:654} INFO - DAG(s) dict_keys(['DAGGYDAGGY']) retrieved from /home/airflow/airflow/dags/first_dag.py
[2022-03-23 19:04:35,007] {logging_mixin.py:109} INFO - [2022-03-23 19:04:35,007] {dag.py:2396} INFO - Sync 1 DAGs
[2022-03-23 19:04:35,028] {logging_mixin.py:109} INFO - [2022-03-23 19:04:35,027] {dag.py:2935} INFO - Setting next_dagrun for DAGGYDAGGY to 2022-03-22 00:00:00+00:00
[2022-03-23 19:04:35,051] {processor.py:171} INFO - Processing /home/airflow/airflow/dags/first_dag.py took 0.123 seconds
[2022-03-23 19:05:18,332] {processor.py:163} INFO - Started process (PID=9099) to work on /home/airflow/airflow/dags/first_dag.py
[2022-03-23 19:05:18,334] {processor.py:642} INFO - Processing file /home/airflow/airflow/dags/first_dag.py for tasks to queue
[2022-03-23 19:05:18,334] {logging_mixin.py:109} INFO - [2022-03-23 19:05:18,334] {dagbag.py:500} INFO - Filling up the DagBag from /home/airflow/airflow/dags/first_dag.py
[2022-03-23 19:05:18,366] {processor.py:654} INFO - DAG(s) dict_keys(['DAGGYDAGGY']) retrieved from /home/airflow/airflow/dags/first_dag.py
[2022-03-23 19:05:18,377] {logging_mixin.py:109} INFO - [2022-03-23 19:05:18,377] {dag.py:2396} INFO - Sync 1 DAGs
[2022-03-23 19:05:18,395] {logging_mixin.py:109} INFO - [2022-03-23 19:05:18,395] {dag.py:2935} INFO - Setting next_dagrun for DAGGYDAGGY to 2022-03-22 00:00:00+00:00
[2022-03-23 19:05:18,415] {processor.py:171} INFO - Processing /home/airflow/airflow/dags/first_dag.py took 0.087 seconds
[2022-03-23 19:05:55,098] {processor.py:163} INFO - Started process (PID=9185) to work on /home/airflow/airflow/dags/first_dag.py
[2022-03-23 19:05:55,106] {processor.py:642} INFO - Processing file /home/airflow/airflow/dags/first_dag.py for tasks to queue
[2022-03-23 19:05:55,107] {logging_mixin.py:109} INFO - [2022-03-23 19:05:55,107] {dagbag.py:500} INFO - Filling up the DagBag from /home/airflow/airflow/dags/first_dag.py
[2022-03-23 19:05:55,171] {processor.py:654} INFO - DAG(s) dict_keys(['DAGGYDAGGY']) retrieved from /home/airflow/airflow/dags/first_dag.py
[2022-03-23 19:05:55,218] {logging_mixin.py:109} INFO - [2022-03-23 19:05:55,218] {dag.py:2396} INFO - Sync 1 DAGs
[2022-03-23 19:05:55,282] {logging_mixin.py:109} INFO - [2022-03-23 19:05:55,281] {dag.py:2935} INFO - Setting next_dagrun for DAGGYDAGGY to 2022-03-22 00:00:00+00:00
[2022-03-23 19:05:55,327] {processor.py:171} INFO - Processing /home/airflow/airflow/dags/first_dag.py took 0.238 seconds
[2022-03-23 19:06:29,529] {processor.py:163} INFO - Started process (PID=9221) to work on /home/airflow/airflow/dags/first_dag.py
[2022-03-23 19:06:29,531] {processor.py:642} INFO - Processing file /home/airflow/airflow/dags/first_dag.py for tasks to queue
[2022-03-23 19:06:29,531] {logging_mixin.py:109} INFO - [2022-03-23 19:06:29,531] {dagbag.py:500} INFO - Filling up the DagBag from /home/airflow/airflow/dags/first_dag.py
[2022-03-23 19:06:29,554] {processor.py:654} INFO - DAG(s) dict_keys(['DAGGYDAGGY']) retrieved from /home/airflow/airflow/dags/first_dag.py
[2022-03-23 19:06:29,563] {logging_mixin.py:109} INFO - [2022-03-23 19:06:29,563] {dag.py:2396} INFO - Sync 1 DAGs
[2022-03-23 19:06:29,574] {logging_mixin.py:109} INFO - [2022-03-23 19:06:29,574] {dag.py:2935} INFO - Setting next_dagrun for DAGGYDAGGY to 2022-03-22 00:00:00+00:00
[2022-03-23 19:06:29,593] {processor.py:171} INFO - Processing /home/airflow/airflow/dags/first_dag.py took 0.067 seconds
[2022-03-23 19:07:01,295] {processor.py:163} INFO - Started process (PID=9252) to work on /home/airflow/airflow/dags/first_dag.py
[2022-03-23 19:07:01,298] {processor.py:642} INFO - Processing file /home/airflow/airflow/dags/first_dag.py for tasks to queue
[2022-03-23 19:07:01,300] {logging_mixin.py:109} INFO - [2022-03-23 19:07:01,299] {dagbag.py:500} INFO - Filling up the DagBag from /home/airflow/airflow/dags/first_dag.py
[2022-03-23 19:07:01,328] {processor.py:654} INFO - DAG(s) dict_keys(['DAGGYDAGGY']) retrieved from /home/airflow/airflow/dags/first_dag.py
[2022-03-23 19:07:01,346] {logging_mixin.py:109} INFO - [2022-03-23 19:07:01,346] {dag.py:2396} INFO - Sync 1 DAGs
[2022-03-23 19:07:01,374] {logging_mixin.py:109} INFO - [2022-03-23 19:07:01,374] {dag.py:2935} INFO - Setting next_dagrun for DAGGYDAGGY to 2022-03-22 00:00:00+00:00
[2022-03-23 19:07:01,405] {processor.py:171} INFO - Processing /home/airflow/airflow/dags/first_dag.py took 0.114 seconds
[2022-03-23 19:07:32,239] {processor.py:163} INFO - Started process (PID=9282) to work on /home/airflow/airflow/dags/first_dag.py
[2022-03-23 19:07:32,241] {processor.py:642} INFO - Processing file /home/airflow/airflow/dags/first_dag.py for tasks to queue
[2022-03-23 19:07:32,242] {logging_mixin.py:109} INFO - [2022-03-23 19:07:32,242] {dagbag.py:500} INFO - Filling up the DagBag from /home/airflow/airflow/dags/first_dag.py
[2022-03-23 19:07:32,265] {processor.py:654} INFO - DAG(s) dict_keys(['DAGGYDAGGY']) retrieved from /home/airflow/airflow/dags/first_dag.py
[2022-03-23 19:07:32,275] {logging_mixin.py:109} INFO - [2022-03-23 19:07:32,275] {dag.py:2396} INFO - Sync 1 DAGs
[2022-03-23 19:07:32,288] {logging_mixin.py:109} INFO - [2022-03-23 19:07:32,288] {dag.py:2935} INFO - Setting next_dagrun for DAGGYDAGGY to 2022-03-22 00:00:00+00:00
[2022-03-23 19:07:32,306] {processor.py:171} INFO - Processing /home/airflow/airflow/dags/first_dag.py took 0.068 seconds
[2022-03-23 19:08:03,833] {processor.py:163} INFO - Started process (PID=9314) to work on /home/airflow/airflow/dags/first_dag.py
[2022-03-23 19:08:03,834] {processor.py:642} INFO - Processing file /home/airflow/airflow/dags/first_dag.py for tasks to queue
[2022-03-23 19:08:03,835] {logging_mixin.py:109} INFO - [2022-03-23 19:08:03,834] {dagbag.py:500} INFO - Filling up the DagBag from /home/airflow/airflow/dags/first_dag.py
[2022-03-23 19:08:03,856] {processor.py:654} INFO - DAG(s) dict_keys(['DAGGYDAGGY']) retrieved from /home/airflow/airflow/dags/first_dag.py
[2022-03-23 19:08:03,865] {logging_mixin.py:109} INFO - [2022-03-23 19:08:03,865] {dag.py:2396} INFO - Sync 1 DAGs
[2022-03-23 19:08:03,878] {logging_mixin.py:109} INFO - [2022-03-23 19:08:03,878] {dag.py:2935} INFO - Setting next_dagrun for DAGGYDAGGY to 2022-03-22 00:00:00+00:00
[2022-03-23 19:08:03,895] {processor.py:171} INFO - Processing /home/airflow/airflow/dags/first_dag.py took 0.065 seconds
[2022-03-23 19:08:34,062] {processor.py:163} INFO - Started process (PID=9343) to work on /home/airflow/airflow/dags/first_dag.py
[2022-03-23 19:08:34,063] {processor.py:642} INFO - Processing file /home/airflow/airflow/dags/first_dag.py for tasks to queue
[2022-03-23 19:08:34,064] {logging_mixin.py:109} INFO - [2022-03-23 19:08:34,064] {dagbag.py:500} INFO - Filling up the DagBag from /home/airflow/airflow/dags/first_dag.py
[2022-03-23 19:08:34,086] {processor.py:654} INFO - DAG(s) dict_keys(['DAGGYDAGGY']) retrieved from /home/airflow/airflow/dags/first_dag.py
[2022-03-23 19:08:34,096] {logging_mixin.py:109} INFO - [2022-03-23 19:08:34,095] {dag.py:2396} INFO - Sync 1 DAGs
[2022-03-23 19:08:34,108] {logging_mixin.py:109} INFO - [2022-03-23 19:08:34,108] {dag.py:2935} INFO - Setting next_dagrun for DAGGYDAGGY to 2022-03-22 00:00:00+00:00
[2022-03-23 19:08:34,127] {processor.py:171} INFO - Processing /home/airflow/airflow/dags/first_dag.py took 0.067 seconds
[2022-03-23 19:09:08,979] {processor.py:163} INFO - Started process (PID=9376) to work on /home/airflow/airflow/dags/first_dag.py
[2022-03-23 19:09:08,982] {processor.py:642} INFO - Processing file /home/airflow/airflow/dags/first_dag.py for tasks to queue
[2022-03-23 19:09:08,997] {logging_mixin.py:109} INFO - [2022-03-23 19:09:08,997] {dagbag.py:500} INFO - Filling up the DagBag from /home/airflow/airflow/dags/first_dag.py
[2022-03-23 19:09:09,106] {processor.py:654} INFO - DAG(s) dict_keys(['DAGGYDAGGY']) retrieved from /home/airflow/airflow/dags/first_dag.py
[2022-03-23 19:09:09,151] {logging_mixin.py:109} INFO - [2022-03-23 19:09:09,151] {dag.py:2396} INFO - Sync 1 DAGs
[2022-03-23 19:09:09,236] {logging_mixin.py:109} INFO - [2022-03-23 19:09:09,236] {dag.py:2935} INFO - Setting next_dagrun for DAGGYDAGGY to 2022-03-22 00:00:00+00:00
[2022-03-23 19:09:09,304] {processor.py:171} INFO - Processing /home/airflow/airflow/dags/first_dag.py took 0.346 seconds
[2022-03-23 19:09:46,540] {processor.py:163} INFO - Started process (PID=9409) to work on /home/airflow/airflow/dags/first_dag.py
[2022-03-23 19:09:46,542] {processor.py:642} INFO - Processing file /home/airflow/airflow/dags/first_dag.py for tasks to queue
[2022-03-23 19:09:46,542] {logging_mixin.py:109} INFO - [2022-03-23 19:09:46,542] {dagbag.py:500} INFO - Filling up the DagBag from /home/airflow/airflow/dags/first_dag.py
[2022-03-23 19:09:46,570] {processor.py:654} INFO - DAG(s) dict_keys(['DAGGYDAGGY']) retrieved from /home/airflow/airflow/dags/first_dag.py
[2022-03-23 19:09:46,581] {logging_mixin.py:109} INFO - [2022-03-23 19:09:46,581] {dag.py:2396} INFO - Sync 1 DAGs
[2022-03-23 19:09:46,598] {logging_mixin.py:109} INFO - [2022-03-23 19:09:46,598] {dag.py:2935} INFO - Setting next_dagrun for DAGGYDAGGY to 2022-03-22 00:00:00+00:00
[2022-03-23 19:09:46,617] {processor.py:171} INFO - Processing /home/airflow/airflow/dags/first_dag.py took 0.080 seconds
[2022-03-23 19:10:20,547] {processor.py:163} INFO - Started process (PID=9443) to work on /home/airflow/airflow/dags/first_dag.py
[2022-03-23 19:10:20,548] {processor.py:642} INFO - Processing file /home/airflow/airflow/dags/first_dag.py for tasks to queue
[2022-03-23 19:10:20,549] {logging_mixin.py:109} INFO - [2022-03-23 19:10:20,549] {dagbag.py:500} INFO - Filling up the DagBag from /home/airflow/airflow/dags/first_dag.py
[2022-03-23 19:10:20,572] {processor.py:654} INFO - DAG(s) dict_keys(['DAGGYDAGGY']) retrieved from /home/airflow/airflow/dags/first_dag.py
[2022-03-23 19:10:20,583] {logging_mixin.py:109} INFO - [2022-03-23 19:10:20,583] {dag.py:2396} INFO - Sync 1 DAGs
[2022-03-23 19:10:20,600] {logging_mixin.py:109} INFO - [2022-03-23 19:10:20,600] {dag.py:2935} INFO - Setting next_dagrun for DAGGYDAGGY to 2022-03-22 00:00:00+00:00
[2022-03-23 19:10:20,613] {processor.py:171} INFO - Processing /home/airflow/airflow/dags/first_dag.py took 0.069 seconds
[2022-03-23 19:10:55,338] {processor.py:163} INFO - Started process (PID=9534) to work on /home/airflow/airflow/dags/first_dag.py
[2022-03-23 19:10:55,339] {processor.py:642} INFO - Processing file /home/airflow/airflow/dags/first_dag.py for tasks to queue
[2022-03-23 19:10:55,340] {logging_mixin.py:109} INFO - [2022-03-23 19:10:55,340] {dagbag.py:500} INFO - Filling up the DagBag from /home/airflow/airflow/dags/first_dag.py
[2022-03-23 19:10:55,376] {processor.py:654} INFO - DAG(s) dict_keys(['DAGGYDAGGY']) retrieved from /home/airflow/airflow/dags/first_dag.py
[2022-03-23 19:10:55,392] {logging_mixin.py:109} INFO - [2022-03-23 19:10:55,392] {dag.py:2396} INFO - Sync 1 DAGs
[2022-03-23 19:10:55,415] {logging_mixin.py:109} INFO - [2022-03-23 19:10:55,415] {dag.py:2935} INFO - Setting next_dagrun for DAGGYDAGGY to 2022-03-22 00:00:00+00:00
[2022-03-23 19:10:55,439] {processor.py:171} INFO - Processing /home/airflow/airflow/dags/first_dag.py took 0.105 seconds
[2022-03-23 19:11:27,183] {processor.py:163} INFO - Started process (PID=9564) to work on /home/airflow/airflow/dags/first_dag.py
[2022-03-23 19:11:27,185] {processor.py:642} INFO - Processing file /home/airflow/airflow/dags/first_dag.py for tasks to queue
[2022-03-23 19:11:27,185] {logging_mixin.py:109} INFO - [2022-03-23 19:11:27,185] {dagbag.py:500} INFO - Filling up the DagBag from /home/airflow/airflow/dags/first_dag.py
[2022-03-23 19:11:27,206] {processor.py:654} INFO - DAG(s) dict_keys(['DAGGYDAGGY']) retrieved from /home/airflow/airflow/dags/first_dag.py
[2022-03-23 19:11:27,216] {logging_mixin.py:109} INFO - [2022-03-23 19:11:27,216] {dag.py:2396} INFO - Sync 1 DAGs
[2022-03-23 19:11:27,229] {logging_mixin.py:109} INFO - [2022-03-23 19:11:27,229] {dag.py:2935} INFO - Setting next_dagrun for DAGGYDAGGY to 2022-03-22 00:00:00+00:00
[2022-03-23 19:11:27,251] {processor.py:171} INFO - Processing /home/airflow/airflow/dags/first_dag.py took 0.072 seconds
[2022-03-23 19:11:59,845] {processor.py:163} INFO - Started process (PID=9619) to work on /home/airflow/airflow/dags/first_dag.py
[2022-03-23 19:11:59,846] {processor.py:642} INFO - Processing file /home/airflow/airflow/dags/first_dag.py for tasks to queue
[2022-03-23 19:11:59,847] {logging_mixin.py:109} INFO - [2022-03-23 19:11:59,847] {dagbag.py:500} INFO - Filling up the DagBag from /home/airflow/airflow/dags/first_dag.py
[2022-03-23 19:11:59,871] {processor.py:654} INFO - DAG(s) dict_keys(['DAGGYDAGGY']) retrieved from /home/airflow/airflow/dags/first_dag.py
[2022-03-23 19:11:59,881] {logging_mixin.py:109} INFO - [2022-03-23 19:11:59,881] {dag.py:2396} INFO - Sync 1 DAGs
[2022-03-23 19:11:59,894] {logging_mixin.py:109} INFO - [2022-03-23 19:11:59,894] {dag.py:2935} INFO - Setting next_dagrun for DAGGYDAGGY to 2022-03-22 00:00:00+00:00
[2022-03-23 19:11:59,932] {processor.py:171} INFO - Processing /home/airflow/airflow/dags/first_dag.py took 0.089 seconds
[2022-03-23 19:12:31,016] {processor.py:163} INFO - Started process (PID=9725) to work on /home/airflow/airflow/dags/first_dag.py
[2022-03-23 19:12:31,022] {processor.py:642} INFO - Processing file /home/airflow/airflow/dags/first_dag.py for tasks to queue
[2022-03-23 19:12:31,022] {logging_mixin.py:109} INFO - [2022-03-23 19:12:31,022] {dagbag.py:500} INFO - Filling up the DagBag from /home/airflow/airflow/dags/first_dag.py
[2022-03-23 19:12:31,045] {processor.py:654} INFO - DAG(s) dict_keys(['DAGGYDAGGY']) retrieved from /home/airflow/airflow/dags/first_dag.py
[2022-03-23 19:12:31,059] {logging_mixin.py:109} INFO - [2022-03-23 19:12:31,059] {dag.py:2396} INFO - Sync 1 DAGs
[2022-03-23 19:12:31,079] {logging_mixin.py:109} INFO - [2022-03-23 19:12:31,079] {dag.py:2935} INFO - Setting next_dagrun for DAGGYDAGGY to 2022-03-22 00:00:00+00:00
[2022-03-23 19:12:31,094] {processor.py:171} INFO - Processing /home/airflow/airflow/dags/first_dag.py took 0.082 seconds
[2022-03-23 19:13:02,785] {processor.py:163} INFO - Started process (PID=9877) to work on /home/airflow/airflow/dags/first_dag.py
[2022-03-23 19:13:02,786] {processor.py:642} INFO - Processing file /home/airflow/airflow/dags/first_dag.py for tasks to queue
[2022-03-23 19:13:02,787] {logging_mixin.py:109} INFO - [2022-03-23 19:13:02,787] {dagbag.py:500} INFO - Filling up the DagBag from /home/airflow/airflow/dags/first_dag.py
[2022-03-23 19:13:02,806] {processor.py:654} INFO - DAG(s) dict_keys(['DAGGYDAGGY']) retrieved from /home/airflow/airflow/dags/first_dag.py
[2022-03-23 19:13:02,815] {logging_mixin.py:109} INFO - [2022-03-23 19:13:02,814] {dag.py:2396} INFO - Sync 1 DAGs
[2022-03-23 19:13:02,827] {logging_mixin.py:109} INFO - [2022-03-23 19:13:02,827] {dag.py:2935} INFO - Setting next_dagrun for DAGGYDAGGY to 2022-03-22 00:00:00+00:00
[2022-03-23 19:13:02,846] {processor.py:171} INFO - Processing /home/airflow/airflow/dags/first_dag.py took 0.063 seconds
[2022-03-23 19:13:37,705] {processor.py:163} INFO - Started process (PID=10076) to work on /home/airflow/airflow/dags/first_dag.py
[2022-03-23 19:13:37,706] {processor.py:642} INFO - Processing file /home/airflow/airflow/dags/first_dag.py for tasks to queue
[2022-03-23 19:13:37,707] {logging_mixin.py:109} INFO - [2022-03-23 19:13:37,707] {dagbag.py:500} INFO - Filling up the DagBag from /home/airflow/airflow/dags/first_dag.py
[2022-03-23 19:13:37,726] {processor.py:654} INFO - DAG(s) dict_keys(['DAGGYDAGGY']) retrieved from /home/airflow/airflow/dags/first_dag.py
[2022-03-23 19:13:37,734] {logging_mixin.py:109} INFO - [2022-03-23 19:13:37,733] {dag.py:2396} INFO - Sync 1 DAGs
[2022-03-23 19:13:37,746] {logging_mixin.py:109} INFO - [2022-03-23 19:13:37,746] {dag.py:2935} INFO - Setting next_dagrun for DAGGYDAGGY to 2022-03-22 00:00:00+00:00
[2022-03-23 19:13:37,763] {processor.py:171} INFO - Processing /home/airflow/airflow/dags/first_dag.py took 0.060 seconds
