[2022-03-23 18:35:52,294] {processor.py:163} INFO - Started process (PID=5161) to work on /home/airflow/env/lib/python3.8/site-packages/airflow/example_dags/example_short_circuit_operator.py
[2022-03-23 18:35:52,295] {processor.py:642} INFO - Processing file /home/airflow/env/lib/python3.8/site-packages/airflow/example_dags/example_short_circuit_operator.py for tasks to queue
[2022-03-23 18:35:52,296] {logging_mixin.py:109} INFO - [2022-03-23 18:35:52,296] {dagbag.py:500} INFO - Filling up the DagBag from /home/airflow/env/lib/python3.8/site-packages/airflow/example_dags/example_short_circuit_operator.py
[2022-03-23 18:35:52,316] {processor.py:654} INFO - DAG(s) dict_keys(['example_short_circuit_operator']) retrieved from /home/airflow/env/lib/python3.8/site-packages/airflow/example_dags/example_short_circuit_operator.py
[2022-03-23 18:35:52,327] {logging_mixin.py:109} INFO - [2022-03-23 18:35:52,327] {dag.py:2396} INFO - Sync 1 DAGs
[2022-03-23 18:35:52,340] {logging_mixin.py:109} INFO - [2022-03-23 18:35:52,339] {dag.py:2935} INFO - Setting next_dagrun for example_short_circuit_operator to 2022-03-22T18:35:52.339613+00:00
[2022-03-23 18:35:52,357] {processor.py:171} INFO - Processing /home/airflow/env/lib/python3.8/site-packages/airflow/example_dags/example_short_circuit_operator.py took 0.065 seconds
[2022-03-23 18:36:26,096] {processor.py:163} INFO - Started process (PID=5193) to work on /home/airflow/env/lib/python3.8/site-packages/airflow/example_dags/example_short_circuit_operator.py
[2022-03-23 18:36:26,097] {processor.py:642} INFO - Processing file /home/airflow/env/lib/python3.8/site-packages/airflow/example_dags/example_short_circuit_operator.py for tasks to queue
[2022-03-23 18:36:26,097] {logging_mixin.py:109} INFO - [2022-03-23 18:36:26,097] {dagbag.py:500} INFO - Filling up the DagBag from /home/airflow/env/lib/python3.8/site-packages/airflow/example_dags/example_short_circuit_operator.py
[2022-03-23 18:36:26,116] {processor.py:654} INFO - DAG(s) dict_keys(['example_short_circuit_operator']) retrieved from /home/airflow/env/lib/python3.8/site-packages/airflow/example_dags/example_short_circuit_operator.py
[2022-03-23 18:36:26,125] {logging_mixin.py:109} INFO - [2022-03-23 18:36:26,125] {dag.py:2396} INFO - Sync 1 DAGs
[2022-03-23 18:36:26,135] {logging_mixin.py:109} INFO - [2022-03-23 18:36:26,135] {dag.py:2935} INFO - Setting next_dagrun for example_short_circuit_operator to 2022-03-22T18:36:26.135373+00:00
[2022-03-23 18:36:26,154] {processor.py:171} INFO - Processing /home/airflow/env/lib/python3.8/site-packages/airflow/example_dags/example_short_circuit_operator.py took 0.060 seconds
[2022-03-23 18:36:59,058] {processor.py:163} INFO - Started process (PID=5316) to work on /home/airflow/env/lib/python3.8/site-packages/airflow/example_dags/example_short_circuit_operator.py
[2022-03-23 18:36:59,060] {processor.py:642} INFO - Processing file /home/airflow/env/lib/python3.8/site-packages/airflow/example_dags/example_short_circuit_operator.py for tasks to queue
[2022-03-23 18:36:59,060] {logging_mixin.py:109} INFO - [2022-03-23 18:36:59,060] {dagbag.py:500} INFO - Filling up the DagBag from /home/airflow/env/lib/python3.8/site-packages/airflow/example_dags/example_short_circuit_operator.py
[2022-03-23 18:36:59,081] {processor.py:654} INFO - DAG(s) dict_keys(['example_short_circuit_operator']) retrieved from /home/airflow/env/lib/python3.8/site-packages/airflow/example_dags/example_short_circuit_operator.py
[2022-03-23 18:36:59,091] {logging_mixin.py:109} INFO - [2022-03-23 18:36:59,091] {dag.py:2396} INFO - Sync 1 DAGs
[2022-03-23 18:36:59,104] {logging_mixin.py:109} INFO - [2022-03-23 18:36:59,104] {dag.py:2935} INFO - Setting next_dagrun for example_short_circuit_operator to 2022-03-22T18:36:59.103916+00:00
[2022-03-23 18:36:59,126] {processor.py:171} INFO - Processing /home/airflow/env/lib/python3.8/site-packages/airflow/example_dags/example_short_circuit_operator.py took 0.072 seconds
[2022-03-23 18:37:34,695] {processor.py:163} INFO - Started process (PID=5383) to work on /home/airflow/env/lib/python3.8/site-packages/airflow/example_dags/example_short_circuit_operator.py
[2022-03-23 18:37:34,696] {processor.py:642} INFO - Processing file /home/airflow/env/lib/python3.8/site-packages/airflow/example_dags/example_short_circuit_operator.py for tasks to queue
[2022-03-23 18:37:34,697] {logging_mixin.py:109} INFO - [2022-03-23 18:37:34,697] {dagbag.py:500} INFO - Filling up the DagBag from /home/airflow/env/lib/python3.8/site-packages/airflow/example_dags/example_short_circuit_operator.py
[2022-03-23 18:37:34,714] {processor.py:654} INFO - DAG(s) dict_keys(['example_short_circuit_operator']) retrieved from /home/airflow/env/lib/python3.8/site-packages/airflow/example_dags/example_short_circuit_operator.py
[2022-03-23 18:37:34,724] {logging_mixin.py:109} INFO - [2022-03-23 18:37:34,724] {dag.py:2396} INFO - Sync 1 DAGs
[2022-03-23 18:37:34,734] {logging_mixin.py:109} INFO - [2022-03-23 18:37:34,734] {dag.py:2935} INFO - Setting next_dagrun for example_short_circuit_operator to 2022-03-22T18:37:34.734116+00:00
[2022-03-23 18:37:34,753] {processor.py:171} INFO - Processing /home/airflow/env/lib/python3.8/site-packages/airflow/example_dags/example_short_circuit_operator.py took 0.061 seconds
[2022-03-23 18:38:08,690] {processor.py:163} INFO - Started process (PID=5474) to work on /home/airflow/env/lib/python3.8/site-packages/airflow/example_dags/example_short_circuit_operator.py
[2022-03-23 18:38:08,691] {processor.py:642} INFO - Processing file /home/airflow/env/lib/python3.8/site-packages/airflow/example_dags/example_short_circuit_operator.py for tasks to queue
[2022-03-23 18:38:08,692] {logging_mixin.py:109} INFO - [2022-03-23 18:38:08,692] {dagbag.py:500} INFO - Filling up the DagBag from /home/airflow/env/lib/python3.8/site-packages/airflow/example_dags/example_short_circuit_operator.py
[2022-03-23 18:38:08,713] {processor.py:654} INFO - DAG(s) dict_keys(['example_short_circuit_operator']) retrieved from /home/airflow/env/lib/python3.8/site-packages/airflow/example_dags/example_short_circuit_operator.py
[2022-03-23 18:38:08,721] {logging_mixin.py:109} INFO - [2022-03-23 18:38:08,721] {dag.py:2396} INFO - Sync 1 DAGs
[2022-03-23 18:38:08,734] {logging_mixin.py:109} INFO - [2022-03-23 18:38:08,734] {dag.py:2935} INFO - Setting next_dagrun for example_short_circuit_operator to 2022-03-22T18:38:08.734129+00:00
[2022-03-23 18:38:08,748] {processor.py:171} INFO - Processing /home/airflow/env/lib/python3.8/site-packages/airflow/example_dags/example_short_circuit_operator.py took 0.062 seconds
[2022-03-23 18:38:44,800] {processor.py:163} INFO - Started process (PID=5507) to work on /home/airflow/env/lib/python3.8/site-packages/airflow/example_dags/example_short_circuit_operator.py
[2022-03-23 18:38:44,803] {processor.py:642} INFO - Processing file /home/airflow/env/lib/python3.8/site-packages/airflow/example_dags/example_short_circuit_operator.py for tasks to queue
[2022-03-23 18:38:44,804] {logging_mixin.py:109} INFO - [2022-03-23 18:38:44,804] {dagbag.py:500} INFO - Filling up the DagBag from /home/airflow/env/lib/python3.8/site-packages/airflow/example_dags/example_short_circuit_operator.py
[2022-03-23 18:38:44,834] {processor.py:654} INFO - DAG(s) dict_keys(['example_short_circuit_operator']) retrieved from /home/airflow/env/lib/python3.8/site-packages/airflow/example_dags/example_short_circuit_operator.py
[2022-03-23 18:38:44,843] {logging_mixin.py:109} INFO - [2022-03-23 18:38:44,843] {dag.py:2396} INFO - Sync 1 DAGs
[2022-03-23 18:38:44,861] {logging_mixin.py:109} INFO - [2022-03-23 18:38:44,861] {dag.py:2935} INFO - Setting next_dagrun for example_short_circuit_operator to 2022-03-22T18:38:44.860876+00:00
[2022-03-23 18:38:44,889] {processor.py:171} INFO - Processing /home/airflow/env/lib/python3.8/site-packages/airflow/example_dags/example_short_circuit_operator.py took 0.094 seconds
[2022-03-23 18:39:25,845] {processor.py:163} INFO - Started process (PID=5564) to work on /home/airflow/env/lib/python3.8/site-packages/airflow/example_dags/example_short_circuit_operator.py
[2022-03-23 18:39:25,851] {processor.py:642} INFO - Processing file /home/airflow/env/lib/python3.8/site-packages/airflow/example_dags/example_short_circuit_operator.py for tasks to queue
[2022-03-23 18:39:25,851] {logging_mixin.py:109} INFO - [2022-03-23 18:39:25,851] {dagbag.py:500} INFO - Filling up the DagBag from /home/airflow/env/lib/python3.8/site-packages/airflow/example_dags/example_short_circuit_operator.py
[2022-03-23 18:39:25,869] {processor.py:654} INFO - DAG(s) dict_keys(['example_short_circuit_operator']) retrieved from /home/airflow/env/lib/python3.8/site-packages/airflow/example_dags/example_short_circuit_operator.py
[2022-03-23 18:39:25,877] {logging_mixin.py:109} INFO - [2022-03-23 18:39:25,877] {dag.py:2396} INFO - Sync 1 DAGs
[2022-03-23 18:39:25,888] {logging_mixin.py:109} INFO - [2022-03-23 18:39:25,888] {dag.py:2935} INFO - Setting next_dagrun for example_short_circuit_operator to 2022-03-22T18:39:25.888589+00:00
[2022-03-23 18:39:25,903] {processor.py:171} INFO - Processing /home/airflow/env/lib/python3.8/site-packages/airflow/example_dags/example_short_circuit_operator.py took 0.061 seconds
[2022-03-23 18:40:02,432] {processor.py:163} INFO - Started process (PID=5717) to work on /home/airflow/env/lib/python3.8/site-packages/airflow/example_dags/example_short_circuit_operator.py
[2022-03-23 18:40:02,433] {processor.py:642} INFO - Processing file /home/airflow/env/lib/python3.8/site-packages/airflow/example_dags/example_short_circuit_operator.py for tasks to queue
[2022-03-23 18:40:02,434] {logging_mixin.py:109} INFO - [2022-03-23 18:40:02,434] {dagbag.py:500} INFO - Filling up the DagBag from /home/airflow/env/lib/python3.8/site-packages/airflow/example_dags/example_short_circuit_operator.py
[2022-03-23 18:40:02,461] {processor.py:654} INFO - DAG(s) dict_keys(['example_short_circuit_operator']) retrieved from /home/airflow/env/lib/python3.8/site-packages/airflow/example_dags/example_short_circuit_operator.py
[2022-03-23 18:40:02,469] {logging_mixin.py:109} INFO - [2022-03-23 18:40:02,469] {dag.py:2396} INFO - Sync 1 DAGs
[2022-03-23 18:40:02,480] {logging_mixin.py:109} INFO - [2022-03-23 18:40:02,480] {dag.py:2935} INFO - Setting next_dagrun for example_short_circuit_operator to 2022-03-22T18:40:02.480373+00:00
[2022-03-23 18:40:02,498] {processor.py:171} INFO - Processing /home/airflow/env/lib/python3.8/site-packages/airflow/example_dags/example_short_circuit_operator.py took 0.068 seconds
[2022-03-23 18:40:36,915] {processor.py:163} INFO - Started process (PID=5881) to work on /home/airflow/env/lib/python3.8/site-packages/airflow/example_dags/example_short_circuit_operator.py
[2022-03-23 18:40:36,922] {processor.py:642} INFO - Processing file /home/airflow/env/lib/python3.8/site-packages/airflow/example_dags/example_short_circuit_operator.py for tasks to queue
[2022-03-23 18:40:36,923] {logging_mixin.py:109} INFO - [2022-03-23 18:40:36,922] {dagbag.py:500} INFO - Filling up the DagBag from /home/airflow/env/lib/python3.8/site-packages/airflow/example_dags/example_short_circuit_operator.py
[2022-03-23 18:40:36,944] {processor.py:654} INFO - DAG(s) dict_keys(['example_short_circuit_operator']) retrieved from /home/airflow/env/lib/python3.8/site-packages/airflow/example_dags/example_short_circuit_operator.py
[2022-03-23 18:40:36,953] {logging_mixin.py:109} INFO - [2022-03-23 18:40:36,953] {dag.py:2396} INFO - Sync 1 DAGs
[2022-03-23 18:40:36,964] {logging_mixin.py:109} INFO - [2022-03-23 18:40:36,964] {dag.py:2935} INFO - Setting next_dagrun for example_short_circuit_operator to 2022-03-22T18:40:36.964205+00:00
[2022-03-23 18:40:36,978] {processor.py:171} INFO - Processing /home/airflow/env/lib/python3.8/site-packages/airflow/example_dags/example_short_circuit_operator.py took 0.066 seconds
[2022-03-23 18:41:11,312] {processor.py:163} INFO - Started process (PID=5983) to work on /home/airflow/env/lib/python3.8/site-packages/airflow/example_dags/example_short_circuit_operator.py
[2022-03-23 18:41:11,313] {processor.py:642} INFO - Processing file /home/airflow/env/lib/python3.8/site-packages/airflow/example_dags/example_short_circuit_operator.py for tasks to queue
[2022-03-23 18:41:11,313] {logging_mixin.py:109} INFO - [2022-03-23 18:41:11,313] {dagbag.py:500} INFO - Filling up the DagBag from /home/airflow/env/lib/python3.8/site-packages/airflow/example_dags/example_short_circuit_operator.py
[2022-03-23 18:41:11,333] {processor.py:654} INFO - DAG(s) dict_keys(['example_short_circuit_operator']) retrieved from /home/airflow/env/lib/python3.8/site-packages/airflow/example_dags/example_short_circuit_operator.py
[2022-03-23 18:41:11,344] {logging_mixin.py:109} INFO - [2022-03-23 18:41:11,344] {dag.py:2396} INFO - Sync 1 DAGs
[2022-03-23 18:41:11,357] {logging_mixin.py:109} INFO - [2022-03-23 18:41:11,356] {dag.py:2935} INFO - Setting next_dagrun for example_short_circuit_operator to 2022-03-22T18:41:11.356608+00:00
[2022-03-23 18:41:11,370] {processor.py:171} INFO - Processing /home/airflow/env/lib/python3.8/site-packages/airflow/example_dags/example_short_circuit_operator.py took 0.061 seconds
[2022-03-23 18:41:58,746] {processor.py:163} INFO - Started process (PID=6201) to work on /home/airflow/env/lib/python3.8/site-packages/airflow/example_dags/example_short_circuit_operator.py
[2022-03-23 18:41:58,747] {processor.py:642} INFO - Processing file /home/airflow/env/lib/python3.8/site-packages/airflow/example_dags/example_short_circuit_operator.py for tasks to queue
[2022-03-23 18:41:58,747] {logging_mixin.py:109} INFO - [2022-03-23 18:41:58,747] {dagbag.py:500} INFO - Filling up the DagBag from /home/airflow/env/lib/python3.8/site-packages/airflow/example_dags/example_short_circuit_operator.py
[2022-03-23 18:41:58,768] {processor.py:654} INFO - DAG(s) dict_keys(['example_short_circuit_operator']) retrieved from /home/airflow/env/lib/python3.8/site-packages/airflow/example_dags/example_short_circuit_operator.py
[2022-03-23 18:41:58,778] {logging_mixin.py:109} INFO - [2022-03-23 18:41:58,778] {dag.py:2396} INFO - Sync 1 DAGs
[2022-03-23 18:41:58,796] {logging_mixin.py:109} INFO - [2022-03-23 18:41:58,796] {dag.py:2935} INFO - Setting next_dagrun for example_short_circuit_operator to 2022-03-22T18:41:58.795798+00:00
[2022-03-23 18:41:58,815] {processor.py:171} INFO - Processing /home/airflow/env/lib/python3.8/site-packages/airflow/example_dags/example_short_circuit_operator.py took 0.075 seconds
[2022-03-23 18:42:30,988] {processor.py:163} INFO - Started process (PID=6353) to work on /home/airflow/env/lib/python3.8/site-packages/airflow/example_dags/example_short_circuit_operator.py
[2022-03-23 18:42:30,989] {processor.py:642} INFO - Processing file /home/airflow/env/lib/python3.8/site-packages/airflow/example_dags/example_short_circuit_operator.py for tasks to queue
[2022-03-23 18:42:30,990] {logging_mixin.py:109} INFO - [2022-03-23 18:42:30,990] {dagbag.py:500} INFO - Filling up the DagBag from /home/airflow/env/lib/python3.8/site-packages/airflow/example_dags/example_short_circuit_operator.py
[2022-03-23 18:42:31,012] {processor.py:654} INFO - DAG(s) dict_keys(['example_short_circuit_operator']) retrieved from /home/airflow/env/lib/python3.8/site-packages/airflow/example_dags/example_short_circuit_operator.py
[2022-03-23 18:42:31,021] {logging_mixin.py:109} INFO - [2022-03-23 18:42:31,021] {dag.py:2396} INFO - Sync 1 DAGs
[2022-03-23 18:42:31,033] {logging_mixin.py:109} INFO - [2022-03-23 18:42:31,033] {dag.py:2935} INFO - Setting next_dagrun for example_short_circuit_operator to 2022-03-22T18:42:31.033133+00:00
[2022-03-23 18:42:31,052] {processor.py:171} INFO - Processing /home/airflow/env/lib/python3.8/site-packages/airflow/example_dags/example_short_circuit_operator.py took 0.066 seconds
[2022-03-23 18:43:03,996] {processor.py:163} INFO - Started process (PID=6446) to work on /home/airflow/env/lib/python3.8/site-packages/airflow/example_dags/example_short_circuit_operator.py
[2022-03-23 18:43:03,997] {processor.py:642} INFO - Processing file /home/airflow/env/lib/python3.8/site-packages/airflow/example_dags/example_short_circuit_operator.py for tasks to queue
[2022-03-23 18:43:03,998] {logging_mixin.py:109} INFO - [2022-03-23 18:43:03,998] {dagbag.py:500} INFO - Filling up the DagBag from /home/airflow/env/lib/python3.8/site-packages/airflow/example_dags/example_short_circuit_operator.py
[2022-03-23 18:43:04,017] {processor.py:654} INFO - DAG(s) dict_keys(['example_short_circuit_operator']) retrieved from /home/airflow/env/lib/python3.8/site-packages/airflow/example_dags/example_short_circuit_operator.py
[2022-03-23 18:43:04,027] {logging_mixin.py:109} INFO - [2022-03-23 18:43:04,027] {dag.py:2396} INFO - Sync 1 DAGs
[2022-03-23 18:43:04,039] {logging_mixin.py:109} INFO - [2022-03-23 18:43:04,039] {dag.py:2935} INFO - Setting next_dagrun for example_short_circuit_operator to 2022-03-22T18:43:04.039169+00:00
[2022-03-23 18:43:04,056] {processor.py:171} INFO - Processing /home/airflow/env/lib/python3.8/site-packages/airflow/example_dags/example_short_circuit_operator.py took 0.063 seconds
[2022-03-23 18:43:40,258] {processor.py:163} INFO - Started process (PID=6482) to work on /home/airflow/env/lib/python3.8/site-packages/airflow/example_dags/example_short_circuit_operator.py
[2022-03-23 18:43:40,259] {processor.py:642} INFO - Processing file /home/airflow/env/lib/python3.8/site-packages/airflow/example_dags/example_short_circuit_operator.py for tasks to queue
[2022-03-23 18:43:40,260] {logging_mixin.py:109} INFO - [2022-03-23 18:43:40,260] {dagbag.py:500} INFO - Filling up the DagBag from /home/airflow/env/lib/python3.8/site-packages/airflow/example_dags/example_short_circuit_operator.py
[2022-03-23 18:43:40,283] {processor.py:654} INFO - DAG(s) dict_keys(['example_short_circuit_operator']) retrieved from /home/airflow/env/lib/python3.8/site-packages/airflow/example_dags/example_short_circuit_operator.py
[2022-03-23 18:43:40,293] {logging_mixin.py:109} INFO - [2022-03-23 18:43:40,293] {dag.py:2396} INFO - Sync 1 DAGs
[2022-03-23 18:43:40,306] {logging_mixin.py:109} INFO - [2022-03-23 18:43:40,306] {dag.py:2935} INFO - Setting next_dagrun for example_short_circuit_operator to 2022-03-22T18:43:40.305993+00:00
[2022-03-23 18:43:40,324] {processor.py:171} INFO - Processing /home/airflow/env/lib/python3.8/site-packages/airflow/example_dags/example_short_circuit_operator.py took 0.068 seconds
[2022-03-23 18:44:17,414] {processor.py:163} INFO - Started process (PID=6515) to work on /home/airflow/env/lib/python3.8/site-packages/airflow/example_dags/example_short_circuit_operator.py
[2022-03-23 18:44:17,415] {processor.py:642} INFO - Processing file /home/airflow/env/lib/python3.8/site-packages/airflow/example_dags/example_short_circuit_operator.py for tasks to queue
[2022-03-23 18:44:17,416] {logging_mixin.py:109} INFO - [2022-03-23 18:44:17,416] {dagbag.py:500} INFO - Filling up the DagBag from /home/airflow/env/lib/python3.8/site-packages/airflow/example_dags/example_short_circuit_operator.py
[2022-03-23 18:44:17,439] {processor.py:654} INFO - DAG(s) dict_keys(['example_short_circuit_operator']) retrieved from /home/airflow/env/lib/python3.8/site-packages/airflow/example_dags/example_short_circuit_operator.py
[2022-03-23 18:44:17,450] {logging_mixin.py:109} INFO - [2022-03-23 18:44:17,450] {dag.py:2396} INFO - Sync 1 DAGs
[2022-03-23 18:44:17,466] {logging_mixin.py:109} INFO - [2022-03-23 18:44:17,466] {dag.py:2935} INFO - Setting next_dagrun for example_short_circuit_operator to 2022-03-22T18:44:17.465715+00:00
[2022-03-23 18:44:17,486] {processor.py:171} INFO - Processing /home/airflow/env/lib/python3.8/site-packages/airflow/example_dags/example_short_circuit_operator.py took 0.075 seconds
[2022-03-23 18:44:53,629] {processor.py:163} INFO - Started process (PID=6549) to work on /home/airflow/env/lib/python3.8/site-packages/airflow/example_dags/example_short_circuit_operator.py
[2022-03-23 18:44:53,630] {processor.py:642} INFO - Processing file /home/airflow/env/lib/python3.8/site-packages/airflow/example_dags/example_short_circuit_operator.py for tasks to queue
[2022-03-23 18:44:53,630] {logging_mixin.py:109} INFO - [2022-03-23 18:44:53,630] {dagbag.py:500} INFO - Filling up the DagBag from /home/airflow/env/lib/python3.8/site-packages/airflow/example_dags/example_short_circuit_operator.py
[2022-03-23 18:44:53,649] {processor.py:654} INFO - DAG(s) dict_keys(['example_short_circuit_operator']) retrieved from /home/airflow/env/lib/python3.8/site-packages/airflow/example_dags/example_short_circuit_operator.py
[2022-03-23 18:44:53,659] {logging_mixin.py:109} INFO - [2022-03-23 18:44:53,659] {dag.py:2396} INFO - Sync 1 DAGs
[2022-03-23 18:44:53,671] {logging_mixin.py:109} INFO - [2022-03-23 18:44:53,671] {dag.py:2935} INFO - Setting next_dagrun for example_short_circuit_operator to 2022-03-22T18:44:53.671379+00:00
[2022-03-23 18:44:53,690] {processor.py:171} INFO - Processing /home/airflow/env/lib/python3.8/site-packages/airflow/example_dags/example_short_circuit_operator.py took 0.065 seconds
[2022-03-23 18:45:28,646] {processor.py:163} INFO - Started process (PID=6582) to work on /home/airflow/env/lib/python3.8/site-packages/airflow/example_dags/example_short_circuit_operator.py
[2022-03-23 18:45:28,647] {processor.py:642} INFO - Processing file /home/airflow/env/lib/python3.8/site-packages/airflow/example_dags/example_short_circuit_operator.py for tasks to queue
[2022-03-23 18:45:28,648] {logging_mixin.py:109} INFO - [2022-03-23 18:45:28,648] {dagbag.py:500} INFO - Filling up the DagBag from /home/airflow/env/lib/python3.8/site-packages/airflow/example_dags/example_short_circuit_operator.py
[2022-03-23 18:45:28,673] {processor.py:654} INFO - DAG(s) dict_keys(['example_short_circuit_operator']) retrieved from /home/airflow/env/lib/python3.8/site-packages/airflow/example_dags/example_short_circuit_operator.py
[2022-03-23 18:45:28,687] {logging_mixin.py:109} INFO - [2022-03-23 18:45:28,686] {dag.py:2396} INFO - Sync 1 DAGs
[2022-03-23 18:45:28,703] {logging_mixin.py:109} INFO - [2022-03-23 18:45:28,702] {dag.py:2935} INFO - Setting next_dagrun for example_short_circuit_operator to 2022-03-22T18:45:28.702671+00:00
[2022-03-23 18:45:28,725] {processor.py:171} INFO - Processing /home/airflow/env/lib/python3.8/site-packages/airflow/example_dags/example_short_circuit_operator.py took 0.082 seconds
[2022-03-23 18:46:03,876] {processor.py:163} INFO - Started process (PID=6668) to work on /home/airflow/env/lib/python3.8/site-packages/airflow/example_dags/example_short_circuit_operator.py
[2022-03-23 18:46:03,878] {processor.py:642} INFO - Processing file /home/airflow/env/lib/python3.8/site-packages/airflow/example_dags/example_short_circuit_operator.py for tasks to queue
[2022-03-23 18:46:03,879] {logging_mixin.py:109} INFO - [2022-03-23 18:46:03,879] {dagbag.py:500} INFO - Filling up the DagBag from /home/airflow/env/lib/python3.8/site-packages/airflow/example_dags/example_short_circuit_operator.py
[2022-03-23 18:46:03,911] {processor.py:654} INFO - DAG(s) dict_keys(['example_short_circuit_operator']) retrieved from /home/airflow/env/lib/python3.8/site-packages/airflow/example_dags/example_short_circuit_operator.py
[2022-03-23 18:46:03,926] {logging_mixin.py:109} INFO - [2022-03-23 18:46:03,926] {dag.py:2396} INFO - Sync 1 DAGs
[2022-03-23 18:46:03,939] {logging_mixin.py:109} INFO - [2022-03-23 18:46:03,938] {dag.py:2935} INFO - Setting next_dagrun for example_short_circuit_operator to 2022-03-22T18:46:03.938702+00:00
[2022-03-23 18:46:03,983] {processor.py:171} INFO - Processing /home/airflow/env/lib/python3.8/site-packages/airflow/example_dags/example_short_circuit_operator.py took 0.111 seconds
[2022-03-23 18:46:35,971] {processor.py:163} INFO - Started process (PID=6701) to work on /home/airflow/env/lib/python3.8/site-packages/airflow/example_dags/example_short_circuit_operator.py
[2022-03-23 18:46:35,972] {processor.py:642} INFO - Processing file /home/airflow/env/lib/python3.8/site-packages/airflow/example_dags/example_short_circuit_operator.py for tasks to queue
[2022-03-23 18:46:35,973] {logging_mixin.py:109} INFO - [2022-03-23 18:46:35,973] {dagbag.py:500} INFO - Filling up the DagBag from /home/airflow/env/lib/python3.8/site-packages/airflow/example_dags/example_short_circuit_operator.py
[2022-03-23 18:46:35,994] {processor.py:654} INFO - DAG(s) dict_keys(['example_short_circuit_operator']) retrieved from /home/airflow/env/lib/python3.8/site-packages/airflow/example_dags/example_short_circuit_operator.py
[2022-03-23 18:46:36,004] {logging_mixin.py:109} INFO - [2022-03-23 18:46:36,004] {dag.py:2396} INFO - Sync 1 DAGs
[2022-03-23 18:46:36,016] {logging_mixin.py:109} INFO - [2022-03-23 18:46:36,016] {dag.py:2935} INFO - Setting next_dagrun for example_short_circuit_operator to 2022-03-22T18:46:36.016142+00:00
[2022-03-23 18:46:36,029] {processor.py:171} INFO - Processing /home/airflow/env/lib/python3.8/site-packages/airflow/example_dags/example_short_circuit_operator.py took 0.060 seconds
[2022-03-23 18:47:12,240] {processor.py:163} INFO - Started process (PID=6735) to work on /home/airflow/env/lib/python3.8/site-packages/airflow/example_dags/example_short_circuit_operator.py
[2022-03-23 18:47:12,241] {processor.py:642} INFO - Processing file /home/airflow/env/lib/python3.8/site-packages/airflow/example_dags/example_short_circuit_operator.py for tasks to queue
[2022-03-23 18:47:12,242] {logging_mixin.py:109} INFO - [2022-03-23 18:47:12,242] {dagbag.py:500} INFO - Filling up the DagBag from /home/airflow/env/lib/python3.8/site-packages/airflow/example_dags/example_short_circuit_operator.py
[2022-03-23 18:47:12,268] {processor.py:654} INFO - DAG(s) dict_keys(['example_short_circuit_operator']) retrieved from /home/airflow/env/lib/python3.8/site-packages/airflow/example_dags/example_short_circuit_operator.py
[2022-03-23 18:47:12,277] {logging_mixin.py:109} INFO - [2022-03-23 18:47:12,277] {dag.py:2396} INFO - Sync 1 DAGs
[2022-03-23 18:47:12,291] {logging_mixin.py:109} INFO - [2022-03-23 18:47:12,291] {dag.py:2935} INFO - Setting next_dagrun for example_short_circuit_operator to 2022-03-22T18:47:12.291409+00:00
[2022-03-23 18:47:12,317] {processor.py:171} INFO - Processing /home/airflow/env/lib/python3.8/site-packages/airflow/example_dags/example_short_circuit_operator.py took 0.079 seconds
[2022-03-23 18:47:49,063] {processor.py:163} INFO - Started process (PID=6769) to work on /home/airflow/env/lib/python3.8/site-packages/airflow/example_dags/example_short_circuit_operator.py
[2022-03-23 18:47:49,065] {processor.py:642} INFO - Processing file /home/airflow/env/lib/python3.8/site-packages/airflow/example_dags/example_short_circuit_operator.py for tasks to queue
[2022-03-23 18:47:49,065] {logging_mixin.py:109} INFO - [2022-03-23 18:47:49,065] {dagbag.py:500} INFO - Filling up the DagBag from /home/airflow/env/lib/python3.8/site-packages/airflow/example_dags/example_short_circuit_operator.py
[2022-03-23 18:47:49,086] {processor.py:654} INFO - DAG(s) dict_keys(['example_short_circuit_operator']) retrieved from /home/airflow/env/lib/python3.8/site-packages/airflow/example_dags/example_short_circuit_operator.py
[2022-03-23 18:47:49,095] {logging_mixin.py:109} INFO - [2022-03-23 18:47:49,095] {dag.py:2396} INFO - Sync 1 DAGs
[2022-03-23 18:47:49,109] {logging_mixin.py:109} INFO - [2022-03-23 18:47:49,109] {dag.py:2935} INFO - Setting next_dagrun for example_short_circuit_operator to 2022-03-22T18:47:49.109247+00:00
[2022-03-23 18:47:49,127] {processor.py:171} INFO - Processing /home/airflow/env/lib/python3.8/site-packages/airflow/example_dags/example_short_circuit_operator.py took 0.068 seconds
[2022-03-23 18:48:28,102] {processor.py:163} INFO - Started process (PID=6806) to work on /home/airflow/env/lib/python3.8/site-packages/airflow/example_dags/example_short_circuit_operator.py
[2022-03-23 18:48:28,105] {processor.py:642} INFO - Processing file /home/airflow/env/lib/python3.8/site-packages/airflow/example_dags/example_short_circuit_operator.py for tasks to queue
[2022-03-23 18:48:28,106] {logging_mixin.py:109} INFO - [2022-03-23 18:48:28,106] {dagbag.py:500} INFO - Filling up the DagBag from /home/airflow/env/lib/python3.8/site-packages/airflow/example_dags/example_short_circuit_operator.py
[2022-03-23 18:48:28,126] {processor.py:654} INFO - DAG(s) dict_keys(['example_short_circuit_operator']) retrieved from /home/airflow/env/lib/python3.8/site-packages/airflow/example_dags/example_short_circuit_operator.py
[2022-03-23 18:48:28,135] {logging_mixin.py:109} INFO - [2022-03-23 18:48:28,134] {dag.py:2396} INFO - Sync 1 DAGs
[2022-03-23 18:48:28,147] {logging_mixin.py:109} INFO - [2022-03-23 18:48:28,147] {dag.py:2935} INFO - Setting next_dagrun for example_short_circuit_operator to 2022-03-22T18:48:28.147532+00:00
[2022-03-23 18:48:28,167] {processor.py:171} INFO - Processing /home/airflow/env/lib/python3.8/site-packages/airflow/example_dags/example_short_circuit_operator.py took 0.068 seconds
[2022-03-23 18:49:01,528] {processor.py:163} INFO - Started process (PID=6838) to work on /home/airflow/env/lib/python3.8/site-packages/airflow/example_dags/example_short_circuit_operator.py
[2022-03-23 18:49:01,529] {processor.py:642} INFO - Processing file /home/airflow/env/lib/python3.8/site-packages/airflow/example_dags/example_short_circuit_operator.py for tasks to queue
[2022-03-23 18:49:01,530] {logging_mixin.py:109} INFO - [2022-03-23 18:49:01,530] {dagbag.py:500} INFO - Filling up the DagBag from /home/airflow/env/lib/python3.8/site-packages/airflow/example_dags/example_short_circuit_operator.py
[2022-03-23 18:49:01,547] {processor.py:654} INFO - DAG(s) dict_keys(['example_short_circuit_operator']) retrieved from /home/airflow/env/lib/python3.8/site-packages/airflow/example_dags/example_short_circuit_operator.py
[2022-03-23 18:49:01,556] {logging_mixin.py:109} INFO - [2022-03-23 18:49:01,555] {dag.py:2396} INFO - Sync 1 DAGs
[2022-03-23 18:49:01,566] {logging_mixin.py:109} INFO - [2022-03-23 18:49:01,566] {dag.py:2935} INFO - Setting next_dagrun for example_short_circuit_operator to 2022-03-22T18:49:01.566117+00:00
[2022-03-23 18:49:01,579] {processor.py:171} INFO - Processing /home/airflow/env/lib/python3.8/site-packages/airflow/example_dags/example_short_circuit_operator.py took 0.054 seconds
[2022-03-23 18:49:35,294] {processor.py:163} INFO - Started process (PID=6992) to work on /home/airflow/env/lib/python3.8/site-packages/airflow/example_dags/example_short_circuit_operator.py
[2022-03-23 18:49:35,296] {processor.py:642} INFO - Processing file /home/airflow/env/lib/python3.8/site-packages/airflow/example_dags/example_short_circuit_operator.py for tasks to queue
[2022-03-23 18:49:35,296] {logging_mixin.py:109} INFO - [2022-03-23 18:49:35,296] {dagbag.py:500} INFO - Filling up the DagBag from /home/airflow/env/lib/python3.8/site-packages/airflow/example_dags/example_short_circuit_operator.py
[2022-03-23 18:49:35,318] {processor.py:654} INFO - DAG(s) dict_keys(['example_short_circuit_operator']) retrieved from /home/airflow/env/lib/python3.8/site-packages/airflow/example_dags/example_short_circuit_operator.py
[2022-03-23 18:49:35,328] {logging_mixin.py:109} INFO - [2022-03-23 18:49:35,328] {dag.py:2396} INFO - Sync 1 DAGs
[2022-03-23 18:49:35,342] {logging_mixin.py:109} INFO - [2022-03-23 18:49:35,342] {dag.py:2935} INFO - Setting next_dagrun for example_short_circuit_operator to 2022-03-22T18:49:35.342135+00:00
[2022-03-23 18:49:35,361] {processor.py:171} INFO - Processing /home/airflow/env/lib/python3.8/site-packages/airflow/example_dags/example_short_circuit_operator.py took 0.070 seconds
[2022-03-23 18:50:09,757] {processor.py:163} INFO - Started process (PID=7026) to work on /home/airflow/env/lib/python3.8/site-packages/airflow/example_dags/example_short_circuit_operator.py
[2022-03-23 18:50:09,759] {processor.py:642} INFO - Processing file /home/airflow/env/lib/python3.8/site-packages/airflow/example_dags/example_short_circuit_operator.py for tasks to queue
[2022-03-23 18:50:09,760] {logging_mixin.py:109} INFO - [2022-03-23 18:50:09,760] {dagbag.py:500} INFO - Filling up the DagBag from /home/airflow/env/lib/python3.8/site-packages/airflow/example_dags/example_short_circuit_operator.py
[2022-03-23 18:50:09,779] {processor.py:654} INFO - DAG(s) dict_keys(['example_short_circuit_operator']) retrieved from /home/airflow/env/lib/python3.8/site-packages/airflow/example_dags/example_short_circuit_operator.py
[2022-03-23 18:50:09,789] {logging_mixin.py:109} INFO - [2022-03-23 18:50:09,789] {dag.py:2396} INFO - Sync 1 DAGs
[2022-03-23 18:50:09,801] {logging_mixin.py:109} INFO - [2022-03-23 18:50:09,801] {dag.py:2935} INFO - Setting next_dagrun for example_short_circuit_operator to 2022-03-22T18:50:09.801210+00:00
[2022-03-23 18:50:09,818] {processor.py:171} INFO - Processing /home/airflow/env/lib/python3.8/site-packages/airflow/example_dags/example_short_circuit_operator.py took 0.063 seconds
[2022-03-23 18:50:41,729] {processor.py:163} INFO - Started process (PID=7112) to work on /home/airflow/env/lib/python3.8/site-packages/airflow/example_dags/example_short_circuit_operator.py
[2022-03-23 18:50:41,730] {processor.py:642} INFO - Processing file /home/airflow/env/lib/python3.8/site-packages/airflow/example_dags/example_short_circuit_operator.py for tasks to queue
[2022-03-23 18:50:41,731] {logging_mixin.py:109} INFO - [2022-03-23 18:50:41,731] {dagbag.py:500} INFO - Filling up the DagBag from /home/airflow/env/lib/python3.8/site-packages/airflow/example_dags/example_short_circuit_operator.py
[2022-03-23 18:50:41,754] {processor.py:654} INFO - DAG(s) dict_keys(['example_short_circuit_operator']) retrieved from /home/airflow/env/lib/python3.8/site-packages/airflow/example_dags/example_short_circuit_operator.py
[2022-03-23 18:50:41,768] {logging_mixin.py:109} INFO - [2022-03-23 18:50:41,768] {dag.py:2396} INFO - Sync 1 DAGs
[2022-03-23 18:50:41,786] {logging_mixin.py:109} INFO - [2022-03-23 18:50:41,786] {dag.py:2935} INFO - Setting next_dagrun for example_short_circuit_operator to 2022-03-22T18:50:41.786272+00:00
[2022-03-23 18:50:41,807] {processor.py:171} INFO - Processing /home/airflow/env/lib/python3.8/site-packages/airflow/example_dags/example_short_circuit_operator.py took 0.081 seconds
[2022-03-23 18:51:15,369] {processor.py:163} INFO - Started process (PID=7145) to work on /home/airflow/env/lib/python3.8/site-packages/airflow/example_dags/example_short_circuit_operator.py
[2022-03-23 18:51:15,370] {processor.py:642} INFO - Processing file /home/airflow/env/lib/python3.8/site-packages/airflow/example_dags/example_short_circuit_operator.py for tasks to queue
[2022-03-23 18:51:15,371] {logging_mixin.py:109} INFO - [2022-03-23 18:51:15,371] {dagbag.py:500} INFO - Filling up the DagBag from /home/airflow/env/lib/python3.8/site-packages/airflow/example_dags/example_short_circuit_operator.py
[2022-03-23 18:51:15,390] {processor.py:654} INFO - DAG(s) dict_keys(['example_short_circuit_operator']) retrieved from /home/airflow/env/lib/python3.8/site-packages/airflow/example_dags/example_short_circuit_operator.py
[2022-03-23 18:51:15,400] {logging_mixin.py:109} INFO - [2022-03-23 18:51:15,400] {dag.py:2396} INFO - Sync 1 DAGs
[2022-03-23 18:51:15,412] {logging_mixin.py:109} INFO - [2022-03-23 18:51:15,412] {dag.py:2935} INFO - Setting next_dagrun for example_short_circuit_operator to 2022-03-22T18:51:15.411844+00:00
[2022-03-23 18:51:15,425] {processor.py:171} INFO - Processing /home/airflow/env/lib/python3.8/site-packages/airflow/example_dags/example_short_circuit_operator.py took 0.060 seconds
[2022-03-23 18:51:48,918] {processor.py:163} INFO - Started process (PID=7177) to work on /home/airflow/env/lib/python3.8/site-packages/airflow/example_dags/example_short_circuit_operator.py
[2022-03-23 18:51:48,919] {processor.py:642} INFO - Processing file /home/airflow/env/lib/python3.8/site-packages/airflow/example_dags/example_short_circuit_operator.py for tasks to queue
[2022-03-23 18:51:48,920] {logging_mixin.py:109} INFO - [2022-03-23 18:51:48,920] {dagbag.py:500} INFO - Filling up the DagBag from /home/airflow/env/lib/python3.8/site-packages/airflow/example_dags/example_short_circuit_operator.py
[2022-03-23 18:51:48,937] {processor.py:654} INFO - DAG(s) dict_keys(['example_short_circuit_operator']) retrieved from /home/airflow/env/lib/python3.8/site-packages/airflow/example_dags/example_short_circuit_operator.py
[2022-03-23 18:51:48,947] {logging_mixin.py:109} INFO - [2022-03-23 18:51:48,947] {dag.py:2396} INFO - Sync 1 DAGs
[2022-03-23 18:51:48,958] {logging_mixin.py:109} INFO - [2022-03-23 18:51:48,958] {dag.py:2935} INFO - Setting next_dagrun for example_short_circuit_operator to 2022-03-22T18:51:48.958271+00:00
[2022-03-23 18:51:48,971] {processor.py:171} INFO - Processing /home/airflow/env/lib/python3.8/site-packages/airflow/example_dags/example_short_circuit_operator.py took 0.055 seconds
[2022-03-23 18:52:23,198] {processor.py:163} INFO - Started process (PID=7211) to work on /home/airflow/env/lib/python3.8/site-packages/airflow/example_dags/example_short_circuit_operator.py
[2022-03-23 18:52:23,199] {processor.py:642} INFO - Processing file /home/airflow/env/lib/python3.8/site-packages/airflow/example_dags/example_short_circuit_operator.py for tasks to queue
[2022-03-23 18:52:23,199] {logging_mixin.py:109} INFO - [2022-03-23 18:52:23,199] {dagbag.py:500} INFO - Filling up the DagBag from /home/airflow/env/lib/python3.8/site-packages/airflow/example_dags/example_short_circuit_operator.py
[2022-03-23 18:52:23,216] {processor.py:654} INFO - DAG(s) dict_keys(['example_short_circuit_operator']) retrieved from /home/airflow/env/lib/python3.8/site-packages/airflow/example_dags/example_short_circuit_operator.py
[2022-03-23 18:52:23,225] {logging_mixin.py:109} INFO - [2022-03-23 18:52:23,225] {dag.py:2396} INFO - Sync 1 DAGs
[2022-03-23 18:52:23,236] {logging_mixin.py:109} INFO - [2022-03-23 18:52:23,236] {dag.py:2935} INFO - Setting next_dagrun for example_short_circuit_operator to 2022-03-22T18:52:23.235821+00:00
[2022-03-23 18:52:23,253] {processor.py:171} INFO - Processing /home/airflow/env/lib/python3.8/site-packages/airflow/example_dags/example_short_circuit_operator.py took 0.058 seconds
[2022-03-23 18:52:57,400] {processor.py:163} INFO - Started process (PID=7245) to work on /home/airflow/env/lib/python3.8/site-packages/airflow/example_dags/example_short_circuit_operator.py
[2022-03-23 18:52:57,401] {processor.py:642} INFO - Processing file /home/airflow/env/lib/python3.8/site-packages/airflow/example_dags/example_short_circuit_operator.py for tasks to queue
[2022-03-23 18:52:57,402] {logging_mixin.py:109} INFO - [2022-03-23 18:52:57,402] {dagbag.py:500} INFO - Filling up the DagBag from /home/airflow/env/lib/python3.8/site-packages/airflow/example_dags/example_short_circuit_operator.py
[2022-03-23 18:52:57,426] {processor.py:654} INFO - DAG(s) dict_keys(['example_short_circuit_operator']) retrieved from /home/airflow/env/lib/python3.8/site-packages/airflow/example_dags/example_short_circuit_operator.py
[2022-03-23 18:52:57,436] {logging_mixin.py:109} INFO - [2022-03-23 18:52:57,436] {dag.py:2396} INFO - Sync 1 DAGs
[2022-03-23 18:52:57,456] {logging_mixin.py:109} INFO - [2022-03-23 18:52:57,456] {dag.py:2935} INFO - Setting next_dagrun for example_short_circuit_operator to 2022-03-22T18:52:57.455953+00:00
[2022-03-23 18:52:57,471] {processor.py:171} INFO - Processing /home/airflow/env/lib/python3.8/site-packages/airflow/example_dags/example_short_circuit_operator.py took 0.076 seconds
[2022-03-23 18:53:30,557] {processor.py:163} INFO - Started process (PID=7277) to work on /home/airflow/env/lib/python3.8/site-packages/airflow/example_dags/example_short_circuit_operator.py
[2022-03-23 18:53:30,558] {processor.py:642} INFO - Processing file /home/airflow/env/lib/python3.8/site-packages/airflow/example_dags/example_short_circuit_operator.py for tasks to queue
[2022-03-23 18:53:30,559] {logging_mixin.py:109} INFO - [2022-03-23 18:53:30,559] {dagbag.py:500} INFO - Filling up the DagBag from /home/airflow/env/lib/python3.8/site-packages/airflow/example_dags/example_short_circuit_operator.py
[2022-03-23 18:53:30,580] {processor.py:654} INFO - DAG(s) dict_keys(['example_short_circuit_operator']) retrieved from /home/airflow/env/lib/python3.8/site-packages/airflow/example_dags/example_short_circuit_operator.py
[2022-03-23 18:53:30,589] {logging_mixin.py:109} INFO - [2022-03-23 18:53:30,589] {dag.py:2396} INFO - Sync 1 DAGs
[2022-03-23 18:53:30,601] {logging_mixin.py:109} INFO - [2022-03-23 18:53:30,601] {dag.py:2935} INFO - Setting next_dagrun for example_short_circuit_operator to 2022-03-22T18:53:30.601127+00:00
[2022-03-23 18:53:30,618] {processor.py:171} INFO - Processing /home/airflow/env/lib/python3.8/site-packages/airflow/example_dags/example_short_circuit_operator.py took 0.064 seconds
[2022-03-23 18:54:04,584] {processor.py:163} INFO - Started process (PID=7310) to work on /home/airflow/env/lib/python3.8/site-packages/airflow/example_dags/example_short_circuit_operator.py
[2022-03-23 18:54:04,585] {processor.py:642} INFO - Processing file /home/airflow/env/lib/python3.8/site-packages/airflow/example_dags/example_short_circuit_operator.py for tasks to queue
[2022-03-23 18:54:04,586] {logging_mixin.py:109} INFO - [2022-03-23 18:54:04,586] {dagbag.py:500} INFO - Filling up the DagBag from /home/airflow/env/lib/python3.8/site-packages/airflow/example_dags/example_short_circuit_operator.py
[2022-03-23 18:54:04,603] {processor.py:654} INFO - DAG(s) dict_keys(['example_short_circuit_operator']) retrieved from /home/airflow/env/lib/python3.8/site-packages/airflow/example_dags/example_short_circuit_operator.py
[2022-03-23 18:54:04,612] {logging_mixin.py:109} INFO - [2022-03-23 18:54:04,611] {dag.py:2396} INFO - Sync 1 DAGs
[2022-03-23 18:54:04,622] {logging_mixin.py:109} INFO - [2022-03-23 18:54:04,622] {dag.py:2935} INFO - Setting next_dagrun for example_short_circuit_operator to 2022-03-22T18:54:04.622110+00:00
[2022-03-23 18:54:04,640] {processor.py:171} INFO - Processing /home/airflow/env/lib/python3.8/site-packages/airflow/example_dags/example_short_circuit_operator.py took 0.059 seconds
[2022-03-23 18:54:40,425] {processor.py:163} INFO - Started process (PID=7343) to work on /home/airflow/env/lib/python3.8/site-packages/airflow/example_dags/example_short_circuit_operator.py
[2022-03-23 18:54:40,426] {processor.py:642} INFO - Processing file /home/airflow/env/lib/python3.8/site-packages/airflow/example_dags/example_short_circuit_operator.py for tasks to queue
[2022-03-23 18:54:40,427] {logging_mixin.py:109} INFO - [2022-03-23 18:54:40,427] {dagbag.py:500} INFO - Filling up the DagBag from /home/airflow/env/lib/python3.8/site-packages/airflow/example_dags/example_short_circuit_operator.py
[2022-03-23 18:54:40,452] {processor.py:654} INFO - DAG(s) dict_keys(['example_short_circuit_operator']) retrieved from /home/airflow/env/lib/python3.8/site-packages/airflow/example_dags/example_short_circuit_operator.py
[2022-03-23 18:54:40,464] {logging_mixin.py:109} INFO - [2022-03-23 18:54:40,464] {dag.py:2396} INFO - Sync 1 DAGs
[2022-03-23 18:54:40,476] {logging_mixin.py:109} INFO - [2022-03-23 18:54:40,476] {dag.py:2935} INFO - Setting next_dagrun for example_short_circuit_operator to 2022-03-22T18:54:40.476344+00:00
[2022-03-23 18:54:40,495] {processor.py:171} INFO - Processing /home/airflow/env/lib/python3.8/site-packages/airflow/example_dags/example_short_circuit_operator.py took 0.072 seconds
[2022-03-23 18:55:13,611] {processor.py:163} INFO - Started process (PID=7377) to work on /home/airflow/env/lib/python3.8/site-packages/airflow/example_dags/example_short_circuit_operator.py
[2022-03-23 18:55:13,612] {processor.py:642} INFO - Processing file /home/airflow/env/lib/python3.8/site-packages/airflow/example_dags/example_short_circuit_operator.py for tasks to queue
[2022-03-23 18:55:13,613] {logging_mixin.py:109} INFO - [2022-03-23 18:55:13,612] {dagbag.py:500} INFO - Filling up the DagBag from /home/airflow/env/lib/python3.8/site-packages/airflow/example_dags/example_short_circuit_operator.py
[2022-03-23 18:55:13,633] {processor.py:654} INFO - DAG(s) dict_keys(['example_short_circuit_operator']) retrieved from /home/airflow/env/lib/python3.8/site-packages/airflow/example_dags/example_short_circuit_operator.py
[2022-03-23 18:55:13,647] {logging_mixin.py:109} INFO - [2022-03-23 18:55:13,646] {dag.py:2396} INFO - Sync 1 DAGs
[2022-03-23 18:55:13,661] {logging_mixin.py:109} INFO - [2022-03-23 18:55:13,661] {dag.py:2935} INFO - Setting next_dagrun for example_short_circuit_operator to 2022-03-22T18:55:13.660873+00:00
[2022-03-23 18:55:13,684] {processor.py:171} INFO - Processing /home/airflow/env/lib/python3.8/site-packages/airflow/example_dags/example_short_circuit_operator.py took 0.075 seconds
[2022-03-23 18:55:47,491] {processor.py:163} INFO - Started process (PID=7465) to work on /home/airflow/env/lib/python3.8/site-packages/airflow/example_dags/example_short_circuit_operator.py
[2022-03-23 18:55:47,493] {processor.py:642} INFO - Processing file /home/airflow/env/lib/python3.8/site-packages/airflow/example_dags/example_short_circuit_operator.py for tasks to queue
[2022-03-23 18:55:47,493] {logging_mixin.py:109} INFO - [2022-03-23 18:55:47,493] {dagbag.py:500} INFO - Filling up the DagBag from /home/airflow/env/lib/python3.8/site-packages/airflow/example_dags/example_short_circuit_operator.py
[2022-03-23 18:55:47,512] {processor.py:654} INFO - DAG(s) dict_keys(['example_short_circuit_operator']) retrieved from /home/airflow/env/lib/python3.8/site-packages/airflow/example_dags/example_short_circuit_operator.py
[2022-03-23 18:55:47,520] {logging_mixin.py:109} INFO - [2022-03-23 18:55:47,520] {dag.py:2396} INFO - Sync 1 DAGs
[2022-03-23 18:55:47,531] {logging_mixin.py:109} INFO - [2022-03-23 18:55:47,531] {dag.py:2935} INFO - Setting next_dagrun for example_short_circuit_operator to 2022-03-22T18:55:47.531294+00:00
[2022-03-23 18:55:47,549] {processor.py:171} INFO - Processing /home/airflow/env/lib/python3.8/site-packages/airflow/example_dags/example_short_circuit_operator.py took 0.061 seconds
[2022-03-23 18:56:21,157] {processor.py:163} INFO - Started process (PID=7498) to work on /home/airflow/env/lib/python3.8/site-packages/airflow/example_dags/example_short_circuit_operator.py
[2022-03-23 18:56:21,158] {processor.py:642} INFO - Processing file /home/airflow/env/lib/python3.8/site-packages/airflow/example_dags/example_short_circuit_operator.py for tasks to queue
[2022-03-23 18:56:21,159] {logging_mixin.py:109} INFO - [2022-03-23 18:56:21,159] {dagbag.py:500} INFO - Filling up the DagBag from /home/airflow/env/lib/python3.8/site-packages/airflow/example_dags/example_short_circuit_operator.py
[2022-03-23 18:56:21,177] {processor.py:654} INFO - DAG(s) dict_keys(['example_short_circuit_operator']) retrieved from /home/airflow/env/lib/python3.8/site-packages/airflow/example_dags/example_short_circuit_operator.py
[2022-03-23 18:56:21,187] {logging_mixin.py:109} INFO - [2022-03-23 18:56:21,187] {dag.py:2396} INFO - Sync 1 DAGs
[2022-03-23 18:56:21,200] {logging_mixin.py:109} INFO - [2022-03-23 18:56:21,200] {dag.py:2935} INFO - Setting next_dagrun for example_short_circuit_operator to 2022-03-22T18:56:21.200121+00:00
[2022-03-23 18:56:21,217] {processor.py:171} INFO - Processing /home/airflow/env/lib/python3.8/site-packages/airflow/example_dags/example_short_circuit_operator.py took 0.065 seconds
[2022-03-23 18:56:57,041] {processor.py:163} INFO - Started process (PID=7532) to work on /home/airflow/env/lib/python3.8/site-packages/airflow/example_dags/example_short_circuit_operator.py
[2022-03-23 18:56:57,042] {processor.py:642} INFO - Processing file /home/airflow/env/lib/python3.8/site-packages/airflow/example_dags/example_short_circuit_operator.py for tasks to queue
[2022-03-23 18:56:57,042] {logging_mixin.py:109} INFO - [2022-03-23 18:56:57,042] {dagbag.py:500} INFO - Filling up the DagBag from /home/airflow/env/lib/python3.8/site-packages/airflow/example_dags/example_short_circuit_operator.py
[2022-03-23 18:56:57,060] {processor.py:654} INFO - DAG(s) dict_keys(['example_short_circuit_operator']) retrieved from /home/airflow/env/lib/python3.8/site-packages/airflow/example_dags/example_short_circuit_operator.py
[2022-03-23 18:56:57,068] {logging_mixin.py:109} INFO - [2022-03-23 18:56:57,068] {dag.py:2396} INFO - Sync 1 DAGs
[2022-03-23 18:56:57,079] {logging_mixin.py:109} INFO - [2022-03-23 18:56:57,079] {dag.py:2935} INFO - Setting next_dagrun for example_short_circuit_operator to 2022-03-22T18:56:57.079671+00:00
[2022-03-23 18:56:57,096] {processor.py:171} INFO - Processing /home/airflow/env/lib/python3.8/site-packages/airflow/example_dags/example_short_circuit_operator.py took 0.072 seconds
[2022-03-23 18:57:33,956] {processor.py:163} INFO - Started process (PID=7567) to work on /home/airflow/env/lib/python3.8/site-packages/airflow/example_dags/example_short_circuit_operator.py
[2022-03-23 18:57:33,957] {processor.py:642} INFO - Processing file /home/airflow/env/lib/python3.8/site-packages/airflow/example_dags/example_short_circuit_operator.py for tasks to queue
[2022-03-23 18:57:33,958] {logging_mixin.py:109} INFO - [2022-03-23 18:57:33,958] {dagbag.py:500} INFO - Filling up the DagBag from /home/airflow/env/lib/python3.8/site-packages/airflow/example_dags/example_short_circuit_operator.py
[2022-03-23 18:57:33,975] {processor.py:654} INFO - DAG(s) dict_keys(['example_short_circuit_operator']) retrieved from /home/airflow/env/lib/python3.8/site-packages/airflow/example_dags/example_short_circuit_operator.py
[2022-03-23 18:57:33,983] {logging_mixin.py:109} INFO - [2022-03-23 18:57:33,983] {dag.py:2396} INFO - Sync 1 DAGs
[2022-03-23 18:57:33,993] {logging_mixin.py:109} INFO - [2022-03-23 18:57:33,993] {dag.py:2935} INFO - Setting next_dagrun for example_short_circuit_operator to 2022-03-22T18:57:33.993506+00:00
[2022-03-23 18:57:34,012] {processor.py:171} INFO - Processing /home/airflow/env/lib/python3.8/site-packages/airflow/example_dags/example_short_circuit_operator.py took 0.058 seconds
[2022-03-23 18:58:10,906] {processor.py:163} INFO - Started process (PID=7687) to work on /home/airflow/env/lib/python3.8/site-packages/airflow/example_dags/example_short_circuit_operator.py
[2022-03-23 18:58:10,914] {processor.py:642} INFO - Processing file /home/airflow/env/lib/python3.8/site-packages/airflow/example_dags/example_short_circuit_operator.py for tasks to queue
[2022-03-23 18:58:10,926] {logging_mixin.py:109} INFO - [2022-03-23 18:58:10,926] {dagbag.py:500} INFO - Filling up the DagBag from /home/airflow/env/lib/python3.8/site-packages/airflow/example_dags/example_short_circuit_operator.py
[2022-03-23 18:58:11,189] {processor.py:654} INFO - DAG(s) dict_keys(['example_short_circuit_operator']) retrieved from /home/airflow/env/lib/python3.8/site-packages/airflow/example_dags/example_short_circuit_operator.py
[2022-03-23 18:58:11,232] {logging_mixin.py:109} INFO - [2022-03-23 18:58:11,232] {dag.py:2396} INFO - Sync 1 DAGs
[2022-03-23 18:58:11,333] {logging_mixin.py:109} INFO - [2022-03-23 18:58:11,332] {dag.py:2935} INFO - Setting next_dagrun for example_short_circuit_operator to 2022-03-22T18:58:11.332715+00:00
[2022-03-23 18:58:11,387] {processor.py:171} INFO - Processing /home/airflow/env/lib/python3.8/site-packages/airflow/example_dags/example_short_circuit_operator.py took 0.500 seconds
[2022-03-23 18:59:10,709] {processor.py:163} INFO - Started process (PID=7878) to work on /home/airflow/env/lib/python3.8/site-packages/airflow/example_dags/example_short_circuit_operator.py
[2022-03-23 18:59:10,716] {processor.py:642} INFO - Processing file /home/airflow/env/lib/python3.8/site-packages/airflow/example_dags/example_short_circuit_operator.py for tasks to queue
[2022-03-23 18:59:10,716] {logging_mixin.py:109} INFO - [2022-03-23 18:59:10,716] {dagbag.py:500} INFO - Filling up the DagBag from /home/airflow/env/lib/python3.8/site-packages/airflow/example_dags/example_short_circuit_operator.py
[2022-03-23 18:59:10,737] {processor.py:654} INFO - DAG(s) dict_keys(['example_short_circuit_operator']) retrieved from /home/airflow/env/lib/python3.8/site-packages/airflow/example_dags/example_short_circuit_operator.py
[2022-03-23 18:59:10,748] {logging_mixin.py:109} INFO - [2022-03-23 18:59:10,748] {dag.py:2396} INFO - Sync 1 DAGs
[2022-03-23 18:59:10,760] {logging_mixin.py:109} INFO - [2022-03-23 18:59:10,760] {dag.py:2935} INFO - Setting next_dagrun for example_short_circuit_operator to 2022-03-22T18:59:10.760438+00:00
[2022-03-23 18:59:10,774] {processor.py:171} INFO - Processing /home/airflow/env/lib/python3.8/site-packages/airflow/example_dags/example_short_circuit_operator.py took 0.067 seconds
[2022-03-23 18:59:45,067] {processor.py:163} INFO - Started process (PID=7988) to work on /home/airflow/env/lib/python3.8/site-packages/airflow/example_dags/example_short_circuit_operator.py
[2022-03-23 18:59:45,068] {processor.py:642} INFO - Processing file /home/airflow/env/lib/python3.8/site-packages/airflow/example_dags/example_short_circuit_operator.py for tasks to queue
[2022-03-23 18:59:45,069] {logging_mixin.py:109} INFO - [2022-03-23 18:59:45,068] {dagbag.py:500} INFO - Filling up the DagBag from /home/airflow/env/lib/python3.8/site-packages/airflow/example_dags/example_short_circuit_operator.py
[2022-03-23 18:59:45,121] {processor.py:654} INFO - DAG(s) dict_keys(['example_short_circuit_operator']) retrieved from /home/airflow/env/lib/python3.8/site-packages/airflow/example_dags/example_short_circuit_operator.py
[2022-03-23 18:59:45,142] {logging_mixin.py:109} INFO - [2022-03-23 18:59:45,142] {dag.py:2396} INFO - Sync 1 DAGs
[2022-03-23 18:59:45,197] {logging_mixin.py:109} INFO - [2022-03-23 18:59:45,197] {dag.py:2935} INFO - Setting next_dagrun for example_short_circuit_operator to 2022-03-22T18:59:45.197064+00:00
[2022-03-23 18:59:45,225] {processor.py:171} INFO - Processing /home/airflow/env/lib/python3.8/site-packages/airflow/example_dags/example_short_circuit_operator.py took 0.165 seconds
[2022-03-23 19:00:29,408] {processor.py:163} INFO - Started process (PID=8237) to work on /home/airflow/env/lib/python3.8/site-packages/airflow/example_dags/example_short_circuit_operator.py
[2022-03-23 19:00:29,410] {processor.py:642} INFO - Processing file /home/airflow/env/lib/python3.8/site-packages/airflow/example_dags/example_short_circuit_operator.py for tasks to queue
[2022-03-23 19:00:29,411] {logging_mixin.py:109} INFO - [2022-03-23 19:00:29,411] {dagbag.py:500} INFO - Filling up the DagBag from /home/airflow/env/lib/python3.8/site-packages/airflow/example_dags/example_short_circuit_operator.py
[2022-03-23 19:00:29,437] {processor.py:654} INFO - DAG(s) dict_keys(['example_short_circuit_operator']) retrieved from /home/airflow/env/lib/python3.8/site-packages/airflow/example_dags/example_short_circuit_operator.py
[2022-03-23 19:00:29,452] {logging_mixin.py:109} INFO - [2022-03-23 19:00:29,452] {dag.py:2396} INFO - Sync 1 DAGs
[2022-03-23 19:00:29,470] {logging_mixin.py:109} INFO - [2022-03-23 19:00:29,469] {dag.py:2935} INFO - Setting next_dagrun for example_short_circuit_operator to 2022-03-22T19:00:29.469600+00:00
[2022-03-23 19:00:29,491] {processor.py:171} INFO - Processing /home/airflow/env/lib/python3.8/site-packages/airflow/example_dags/example_short_circuit_operator.py took 0.087 seconds
[2022-03-23 19:01:09,665] {processor.py:163} INFO - Started process (PID=8447) to work on /home/airflow/env/lib/python3.8/site-packages/airflow/example_dags/example_short_circuit_operator.py
[2022-03-23 19:01:09,666] {processor.py:642} INFO - Processing file /home/airflow/env/lib/python3.8/site-packages/airflow/example_dags/example_short_circuit_operator.py for tasks to queue
[2022-03-23 19:01:09,667] {logging_mixin.py:109} INFO - [2022-03-23 19:01:09,667] {dagbag.py:500} INFO - Filling up the DagBag from /home/airflow/env/lib/python3.8/site-packages/airflow/example_dags/example_short_circuit_operator.py
[2022-03-23 19:01:09,693] {processor.py:654} INFO - DAG(s) dict_keys(['example_short_circuit_operator']) retrieved from /home/airflow/env/lib/python3.8/site-packages/airflow/example_dags/example_short_circuit_operator.py
[2022-03-23 19:01:09,709] {logging_mixin.py:109} INFO - [2022-03-23 19:01:09,709] {dag.py:2396} INFO - Sync 1 DAGs
[2022-03-23 19:01:09,723] {logging_mixin.py:109} INFO - [2022-03-23 19:01:09,723] {dag.py:2935} INFO - Setting next_dagrun for example_short_circuit_operator to 2022-03-22T19:01:09.723307+00:00
[2022-03-23 19:01:09,750] {processor.py:171} INFO - Processing /home/airflow/env/lib/python3.8/site-packages/airflow/example_dags/example_short_circuit_operator.py took 0.089 seconds
[2022-03-23 19:01:45,083] {processor.py:163} INFO - Started process (PID=8482) to work on /home/airflow/env/lib/python3.8/site-packages/airflow/example_dags/example_short_circuit_operator.py
[2022-03-23 19:01:45,085] {processor.py:642} INFO - Processing file /home/airflow/env/lib/python3.8/site-packages/airflow/example_dags/example_short_circuit_operator.py for tasks to queue
[2022-03-23 19:01:45,086] {logging_mixin.py:109} INFO - [2022-03-23 19:01:45,086] {dagbag.py:500} INFO - Filling up the DagBag from /home/airflow/env/lib/python3.8/site-packages/airflow/example_dags/example_short_circuit_operator.py
[2022-03-23 19:01:45,113] {processor.py:654} INFO - DAG(s) dict_keys(['example_short_circuit_operator']) retrieved from /home/airflow/env/lib/python3.8/site-packages/airflow/example_dags/example_short_circuit_operator.py
[2022-03-23 19:01:45,127] {logging_mixin.py:109} INFO - [2022-03-23 19:01:45,127] {dag.py:2396} INFO - Sync 1 DAGs
[2022-03-23 19:01:45,158] {logging_mixin.py:109} INFO - [2022-03-23 19:01:45,158] {dag.py:2935} INFO - Setting next_dagrun for example_short_circuit_operator to 2022-03-22T19:01:45.158007+00:00
[2022-03-23 19:01:45,177] {processor.py:171} INFO - Processing /home/airflow/env/lib/python3.8/site-packages/airflow/example_dags/example_short_circuit_operator.py took 0.098 seconds
[2022-03-23 19:02:24,453] {processor.py:163} INFO - Started process (PID=8605) to work on /home/airflow/env/lib/python3.8/site-packages/airflow/example_dags/example_short_circuit_operator.py
[2022-03-23 19:02:24,471] {processor.py:642} INFO - Processing file /home/airflow/env/lib/python3.8/site-packages/airflow/example_dags/example_short_circuit_operator.py for tasks to queue
[2022-03-23 19:02:24,485] {logging_mixin.py:109} INFO - [2022-03-23 19:02:24,485] {dagbag.py:500} INFO - Filling up the DagBag from /home/airflow/env/lib/python3.8/site-packages/airflow/example_dags/example_short_circuit_operator.py
[2022-03-23 19:02:24,567] {processor.py:654} INFO - DAG(s) dict_keys(['example_short_circuit_operator']) retrieved from /home/airflow/env/lib/python3.8/site-packages/airflow/example_dags/example_short_circuit_operator.py
[2022-03-23 19:02:24,592] {logging_mixin.py:109} INFO - [2022-03-23 19:02:24,592] {dag.py:2396} INFO - Sync 1 DAGs
[2022-03-23 19:02:24,641] {logging_mixin.py:109} INFO - [2022-03-23 19:02:24,641] {dag.py:2935} INFO - Setting next_dagrun for example_short_circuit_operator to 2022-03-22T19:02:24.641545+00:00
[2022-03-23 19:02:24,674] {processor.py:171} INFO - Processing /home/airflow/env/lib/python3.8/site-packages/airflow/example_dags/example_short_circuit_operator.py took 0.224 seconds
[2022-03-23 19:03:00,797] {processor.py:163} INFO - Started process (PID=8731) to work on /home/airflow/env/lib/python3.8/site-packages/airflow/example_dags/example_short_circuit_operator.py
[2022-03-23 19:03:00,798] {processor.py:642} INFO - Processing file /home/airflow/env/lib/python3.8/site-packages/airflow/example_dags/example_short_circuit_operator.py for tasks to queue
[2022-03-23 19:03:00,799] {logging_mixin.py:109} INFO - [2022-03-23 19:03:00,799] {dagbag.py:500} INFO - Filling up the DagBag from /home/airflow/env/lib/python3.8/site-packages/airflow/example_dags/example_short_circuit_operator.py
[2022-03-23 19:03:00,818] {processor.py:654} INFO - DAG(s) dict_keys(['example_short_circuit_operator']) retrieved from /home/airflow/env/lib/python3.8/site-packages/airflow/example_dags/example_short_circuit_operator.py
[2022-03-23 19:03:00,828] {logging_mixin.py:109} INFO - [2022-03-23 19:03:00,828] {dag.py:2396} INFO - Sync 1 DAGs
[2022-03-23 19:03:00,841] {logging_mixin.py:109} INFO - [2022-03-23 19:03:00,841] {dag.py:2935} INFO - Setting next_dagrun for example_short_circuit_operator to 2022-03-22T19:03:00.840764+00:00
[2022-03-23 19:03:00,857] {processor.py:171} INFO - Processing /home/airflow/env/lib/python3.8/site-packages/airflow/example_dags/example_short_circuit_operator.py took 0.063 seconds
[2022-03-23 19:03:36,779] {processor.py:163} INFO - Started process (PID=8823) to work on /home/airflow/env/lib/python3.8/site-packages/airflow/example_dags/example_short_circuit_operator.py
[2022-03-23 19:03:36,780] {processor.py:642} INFO - Processing file /home/airflow/env/lib/python3.8/site-packages/airflow/example_dags/example_short_circuit_operator.py for tasks to queue
[2022-03-23 19:03:36,781] {logging_mixin.py:109} INFO - [2022-03-23 19:03:36,781] {dagbag.py:500} INFO - Filling up the DagBag from /home/airflow/env/lib/python3.8/site-packages/airflow/example_dags/example_short_circuit_operator.py
[2022-03-23 19:03:36,801] {processor.py:654} INFO - DAG(s) dict_keys(['example_short_circuit_operator']) retrieved from /home/airflow/env/lib/python3.8/site-packages/airflow/example_dags/example_short_circuit_operator.py
[2022-03-23 19:03:36,810] {logging_mixin.py:109} INFO - [2022-03-23 19:03:36,810] {dag.py:2396} INFO - Sync 1 DAGs
[2022-03-23 19:03:36,823] {logging_mixin.py:109} INFO - [2022-03-23 19:03:36,823] {dag.py:2935} INFO - Setting next_dagrun for example_short_circuit_operator to 2022-03-22T19:03:36.823364+00:00
[2022-03-23 19:03:36,840] {processor.py:171} INFO - Processing /home/airflow/env/lib/python3.8/site-packages/airflow/example_dags/example_short_circuit_operator.py took 0.064 seconds
[2022-03-23 19:04:20,410] {processor.py:163} INFO - Started process (PID=8986) to work on /home/airflow/env/lib/python3.8/site-packages/airflow/example_dags/example_short_circuit_operator.py
[2022-03-23 19:04:20,414] {processor.py:642} INFO - Processing file /home/airflow/env/lib/python3.8/site-packages/airflow/example_dags/example_short_circuit_operator.py for tasks to queue
[2022-03-23 19:04:20,414] {logging_mixin.py:109} INFO - [2022-03-23 19:04:20,414] {dagbag.py:500} INFO - Filling up the DagBag from /home/airflow/env/lib/python3.8/site-packages/airflow/example_dags/example_short_circuit_operator.py
[2022-03-23 19:04:20,452] {processor.py:654} INFO - DAG(s) dict_keys(['example_short_circuit_operator']) retrieved from /home/airflow/env/lib/python3.8/site-packages/airflow/example_dags/example_short_circuit_operator.py
[2022-03-23 19:04:20,474] {logging_mixin.py:109} INFO - [2022-03-23 19:04:20,474] {dag.py:2396} INFO - Sync 1 DAGs
[2022-03-23 19:04:20,492] {logging_mixin.py:109} INFO - [2022-03-23 19:04:20,492] {dag.py:2935} INFO - Setting next_dagrun for example_short_circuit_operator to 2022-03-22T19:04:20.492242+00:00
[2022-03-23 19:04:20,522] {processor.py:171} INFO - Processing /home/airflow/env/lib/python3.8/site-packages/airflow/example_dags/example_short_circuit_operator.py took 0.118 seconds
[2022-03-23 19:05:15,435] {processor.py:163} INFO - Started process (PID=9096) to work on /home/airflow/env/lib/python3.8/site-packages/airflow/example_dags/example_short_circuit_operator.py
[2022-03-23 19:05:15,442] {processor.py:642} INFO - Processing file /home/airflow/env/lib/python3.8/site-packages/airflow/example_dags/example_short_circuit_operator.py for tasks to queue
[2022-03-23 19:05:15,443] {logging_mixin.py:109} INFO - [2022-03-23 19:05:15,443] {dagbag.py:500} INFO - Filling up the DagBag from /home/airflow/env/lib/python3.8/site-packages/airflow/example_dags/example_short_circuit_operator.py
[2022-03-23 19:05:15,466] {processor.py:654} INFO - DAG(s) dict_keys(['example_short_circuit_operator']) retrieved from /home/airflow/env/lib/python3.8/site-packages/airflow/example_dags/example_short_circuit_operator.py
[2022-03-23 19:05:15,478] {logging_mixin.py:109} INFO - [2022-03-23 19:05:15,478] {dag.py:2396} INFO - Sync 1 DAGs
[2022-03-23 19:05:15,495] {logging_mixin.py:109} INFO - [2022-03-23 19:05:15,495] {dag.py:2935} INFO - Setting next_dagrun for example_short_circuit_operator to 2022-03-22T19:05:15.494886+00:00
[2022-03-23 19:05:15,510] {processor.py:171} INFO - Processing /home/airflow/env/lib/python3.8/site-packages/airflow/example_dags/example_short_circuit_operator.py took 0.079 seconds
[2022-03-23 19:05:53,155] {processor.py:163} INFO - Started process (PID=9183) to work on /home/airflow/env/lib/python3.8/site-packages/airflow/example_dags/example_short_circuit_operator.py
[2022-03-23 19:05:53,162] {processor.py:642} INFO - Processing file /home/airflow/env/lib/python3.8/site-packages/airflow/example_dags/example_short_circuit_operator.py for tasks to queue
[2022-03-23 19:05:53,162] {logging_mixin.py:109} INFO - [2022-03-23 19:05:53,162] {dagbag.py:500} INFO - Filling up the DagBag from /home/airflow/env/lib/python3.8/site-packages/airflow/example_dags/example_short_circuit_operator.py
[2022-03-23 19:05:53,188] {processor.py:654} INFO - DAG(s) dict_keys(['example_short_circuit_operator']) retrieved from /home/airflow/env/lib/python3.8/site-packages/airflow/example_dags/example_short_circuit_operator.py
[2022-03-23 19:05:53,202] {logging_mixin.py:109} INFO - [2022-03-23 19:05:53,202] {dag.py:2396} INFO - Sync 1 DAGs
[2022-03-23 19:05:53,219] {logging_mixin.py:109} INFO - [2022-03-23 19:05:53,219] {dag.py:2935} INFO - Setting next_dagrun for example_short_circuit_operator to 2022-03-22T19:05:53.218961+00:00
[2022-03-23 19:05:53,301] {processor.py:171} INFO - Processing /home/airflow/env/lib/python3.8/site-packages/airflow/example_dags/example_short_circuit_operator.py took 0.150 seconds
[2022-03-23 19:06:27,232] {processor.py:163} INFO - Started process (PID=9219) to work on /home/airflow/env/lib/python3.8/site-packages/airflow/example_dags/example_short_circuit_operator.py
[2022-03-23 19:06:27,233] {processor.py:642} INFO - Processing file /home/airflow/env/lib/python3.8/site-packages/airflow/example_dags/example_short_circuit_operator.py for tasks to queue
[2022-03-23 19:06:27,234] {logging_mixin.py:109} INFO - [2022-03-23 19:06:27,234] {dagbag.py:500} INFO - Filling up the DagBag from /home/airflow/env/lib/python3.8/site-packages/airflow/example_dags/example_short_circuit_operator.py
[2022-03-23 19:06:27,255] {processor.py:654} INFO - DAG(s) dict_keys(['example_short_circuit_operator']) retrieved from /home/airflow/env/lib/python3.8/site-packages/airflow/example_dags/example_short_circuit_operator.py
[2022-03-23 19:06:27,265] {logging_mixin.py:109} INFO - [2022-03-23 19:06:27,265] {dag.py:2396} INFO - Sync 1 DAGs
[2022-03-23 19:06:27,278] {logging_mixin.py:109} INFO - [2022-03-23 19:06:27,278] {dag.py:2935} INFO - Setting next_dagrun for example_short_circuit_operator to 2022-03-22T19:06:27.278132+00:00
[2022-03-23 19:06:27,297] {processor.py:171} INFO - Processing /home/airflow/env/lib/python3.8/site-packages/airflow/example_dags/example_short_circuit_operator.py took 0.069 seconds
[2022-03-23 19:07:03,730] {processor.py:163} INFO - Started process (PID=9254) to work on /home/airflow/env/lib/python3.8/site-packages/airflow/example_dags/example_short_circuit_operator.py
[2022-03-23 19:07:03,732] {processor.py:642} INFO - Processing file /home/airflow/env/lib/python3.8/site-packages/airflow/example_dags/example_short_circuit_operator.py for tasks to queue
[2022-03-23 19:07:03,733] {logging_mixin.py:109} INFO - [2022-03-23 19:07:03,732] {dagbag.py:500} INFO - Filling up the DagBag from /home/airflow/env/lib/python3.8/site-packages/airflow/example_dags/example_short_circuit_operator.py
[2022-03-23 19:07:03,758] {processor.py:654} INFO - DAG(s) dict_keys(['example_short_circuit_operator']) retrieved from /home/airflow/env/lib/python3.8/site-packages/airflow/example_dags/example_short_circuit_operator.py
[2022-03-23 19:07:03,771] {logging_mixin.py:109} INFO - [2022-03-23 19:07:03,771] {dag.py:2396} INFO - Sync 1 DAGs
[2022-03-23 19:07:03,788] {logging_mixin.py:109} INFO - [2022-03-23 19:07:03,788] {dag.py:2935} INFO - Setting next_dagrun for example_short_circuit_operator to 2022-03-22T19:07:03.787875+00:00
[2022-03-23 19:07:03,804] {processor.py:171} INFO - Processing /home/airflow/env/lib/python3.8/site-packages/airflow/example_dags/example_short_circuit_operator.py took 0.078 seconds
[2022-03-23 19:07:40,353] {processor.py:163} INFO - Started process (PID=9291) to work on /home/airflow/env/lib/python3.8/site-packages/airflow/example_dags/example_short_circuit_operator.py
[2022-03-23 19:07:40,354] {processor.py:642} INFO - Processing file /home/airflow/env/lib/python3.8/site-packages/airflow/example_dags/example_short_circuit_operator.py for tasks to queue
[2022-03-23 19:07:40,355] {logging_mixin.py:109} INFO - [2022-03-23 19:07:40,355] {dagbag.py:500} INFO - Filling up the DagBag from /home/airflow/env/lib/python3.8/site-packages/airflow/example_dags/example_short_circuit_operator.py
[2022-03-23 19:07:40,373] {processor.py:654} INFO - DAG(s) dict_keys(['example_short_circuit_operator']) retrieved from /home/airflow/env/lib/python3.8/site-packages/airflow/example_dags/example_short_circuit_operator.py
[2022-03-23 19:07:40,383] {logging_mixin.py:109} INFO - [2022-03-23 19:07:40,383] {dag.py:2396} INFO - Sync 1 DAGs
[2022-03-23 19:07:40,394] {logging_mixin.py:109} INFO - [2022-03-23 19:07:40,394] {dag.py:2935} INFO - Setting next_dagrun for example_short_circuit_operator to 2022-03-22T19:07:40.394086+00:00
[2022-03-23 19:07:40,414] {processor.py:171} INFO - Processing /home/airflow/env/lib/python3.8/site-packages/airflow/example_dags/example_short_circuit_operator.py took 0.066 seconds
[2022-03-23 19:08:16,201] {processor.py:163} INFO - Started process (PID=9326) to work on /home/airflow/env/lib/python3.8/site-packages/airflow/example_dags/example_short_circuit_operator.py
[2022-03-23 19:08:16,203] {processor.py:642} INFO - Processing file /home/airflow/env/lib/python3.8/site-packages/airflow/example_dags/example_short_circuit_operator.py for tasks to queue
[2022-03-23 19:08:16,203] {logging_mixin.py:109} INFO - [2022-03-23 19:08:16,203] {dagbag.py:500} INFO - Filling up the DagBag from /home/airflow/env/lib/python3.8/site-packages/airflow/example_dags/example_short_circuit_operator.py
[2022-03-23 19:08:16,221] {processor.py:654} INFO - DAG(s) dict_keys(['example_short_circuit_operator']) retrieved from /home/airflow/env/lib/python3.8/site-packages/airflow/example_dags/example_short_circuit_operator.py
[2022-03-23 19:08:16,230] {logging_mixin.py:109} INFO - [2022-03-23 19:08:16,230] {dag.py:2396} INFO - Sync 1 DAGs
[2022-03-23 19:08:16,243] {logging_mixin.py:109} INFO - [2022-03-23 19:08:16,243] {dag.py:2935} INFO - Setting next_dagrun for example_short_circuit_operator to 2022-03-22T19:08:16.243262+00:00
[2022-03-23 19:08:16,264] {processor.py:171} INFO - Processing /home/airflow/env/lib/python3.8/site-packages/airflow/example_dags/example_short_circuit_operator.py took 0.065 seconds
[2022-03-23 19:08:50,894] {processor.py:163} INFO - Started process (PID=9359) to work on /home/airflow/env/lib/python3.8/site-packages/airflow/example_dags/example_short_circuit_operator.py
[2022-03-23 19:08:50,895] {processor.py:642} INFO - Processing file /home/airflow/env/lib/python3.8/site-packages/airflow/example_dags/example_short_circuit_operator.py for tasks to queue
[2022-03-23 19:08:50,895] {logging_mixin.py:109} INFO - [2022-03-23 19:08:50,895] {dagbag.py:500} INFO - Filling up the DagBag from /home/airflow/env/lib/python3.8/site-packages/airflow/example_dags/example_short_circuit_operator.py
[2022-03-23 19:08:50,917] {processor.py:654} INFO - DAG(s) dict_keys(['example_short_circuit_operator']) retrieved from /home/airflow/env/lib/python3.8/site-packages/airflow/example_dags/example_short_circuit_operator.py
[2022-03-23 19:08:50,928] {logging_mixin.py:109} INFO - [2022-03-23 19:08:50,928] {dag.py:2396} INFO - Sync 1 DAGs
[2022-03-23 19:08:50,944] {logging_mixin.py:109} INFO - [2022-03-23 19:08:50,944] {dag.py:2935} INFO - Setting next_dagrun for example_short_circuit_operator to 2022-03-22T19:08:50.944040+00:00
[2022-03-23 19:08:50,965] {processor.py:171} INFO - Processing /home/airflow/env/lib/python3.8/site-packages/airflow/example_dags/example_short_circuit_operator.py took 0.074 seconds
[2022-03-23 19:09:36,315] {processor.py:163} INFO - Started process (PID=9399) to work on /home/airflow/env/lib/python3.8/site-packages/airflow/example_dags/example_short_circuit_operator.py
[2022-03-23 19:09:36,316] {processor.py:642} INFO - Processing file /home/airflow/env/lib/python3.8/site-packages/airflow/example_dags/example_short_circuit_operator.py for tasks to queue
[2022-03-23 19:09:36,317] {logging_mixin.py:109} INFO - [2022-03-23 19:09:36,317] {dagbag.py:500} INFO - Filling up the DagBag from /home/airflow/env/lib/python3.8/site-packages/airflow/example_dags/example_short_circuit_operator.py
[2022-03-23 19:09:36,347] {processor.py:654} INFO - DAG(s) dict_keys(['example_short_circuit_operator']) retrieved from /home/airflow/env/lib/python3.8/site-packages/airflow/example_dags/example_short_circuit_operator.py
[2022-03-23 19:09:36,362] {logging_mixin.py:109} INFO - [2022-03-23 19:09:36,362] {dag.py:2396} INFO - Sync 1 DAGs
[2022-03-23 19:09:36,377] {logging_mixin.py:109} INFO - [2022-03-23 19:09:36,377] {dag.py:2935} INFO - Setting next_dagrun for example_short_circuit_operator to 2022-03-22T19:09:36.377452+00:00
[2022-03-23 19:09:36,392] {processor.py:171} INFO - Processing /home/airflow/env/lib/python3.8/site-packages/airflow/example_dags/example_short_circuit_operator.py took 0.082 seconds
[2022-03-23 19:10:10,229] {processor.py:163} INFO - Started process (PID=9432) to work on /home/airflow/env/lib/python3.8/site-packages/airflow/example_dags/example_short_circuit_operator.py
[2022-03-23 19:10:10,231] {processor.py:642} INFO - Processing file /home/airflow/env/lib/python3.8/site-packages/airflow/example_dags/example_short_circuit_operator.py for tasks to queue
[2022-03-23 19:10:10,231] {logging_mixin.py:109} INFO - [2022-03-23 19:10:10,231] {dagbag.py:500} INFO - Filling up the DagBag from /home/airflow/env/lib/python3.8/site-packages/airflow/example_dags/example_short_circuit_operator.py
[2022-03-23 19:10:10,253] {processor.py:654} INFO - DAG(s) dict_keys(['example_short_circuit_operator']) retrieved from /home/airflow/env/lib/python3.8/site-packages/airflow/example_dags/example_short_circuit_operator.py
[2022-03-23 19:10:10,263] {logging_mixin.py:109} INFO - [2022-03-23 19:10:10,263] {dag.py:2396} INFO - Sync 1 DAGs
[2022-03-23 19:10:10,277] {logging_mixin.py:109} INFO - [2022-03-23 19:10:10,276] {dag.py:2935} INFO - Setting next_dagrun for example_short_circuit_operator to 2022-03-22T19:10:10.276638+00:00
[2022-03-23 19:10:10,294] {processor.py:171} INFO - Processing /home/airflow/env/lib/python3.8/site-packages/airflow/example_dags/example_short_circuit_operator.py took 0.068 seconds
[2022-03-23 19:10:47,936] {processor.py:163} INFO - Started process (PID=9527) to work on /home/airflow/env/lib/python3.8/site-packages/airflow/example_dags/example_short_circuit_operator.py
[2022-03-23 19:10:47,950] {processor.py:642} INFO - Processing file /home/airflow/env/lib/python3.8/site-packages/airflow/example_dags/example_short_circuit_operator.py for tasks to queue
[2022-03-23 19:10:47,953] {logging_mixin.py:109} INFO - [2022-03-23 19:10:47,953] {dagbag.py:500} INFO - Filling up the DagBag from /home/airflow/env/lib/python3.8/site-packages/airflow/example_dags/example_short_circuit_operator.py
[2022-03-23 19:10:48,121] {processor.py:654} INFO - DAG(s) dict_keys(['example_short_circuit_operator']) retrieved from /home/airflow/env/lib/python3.8/site-packages/airflow/example_dags/example_short_circuit_operator.py
[2022-03-23 19:10:48,195] {logging_mixin.py:109} INFO - [2022-03-23 19:10:48,195] {dag.py:2396} INFO - Sync 1 DAGs
[2022-03-23 19:10:48,260] {logging_mixin.py:109} INFO - [2022-03-23 19:10:48,260] {dag.py:2935} INFO - Setting next_dagrun for example_short_circuit_operator to 2022-03-22T19:10:48.260605+00:00
[2022-03-23 19:10:48,301] {processor.py:171} INFO - Processing /home/airflow/env/lib/python3.8/site-packages/airflow/example_dags/example_short_circuit_operator.py took 0.413 seconds
[2022-03-23 19:11:23,724] {processor.py:163} INFO - Started process (PID=9561) to work on /home/airflow/env/lib/python3.8/site-packages/airflow/example_dags/example_short_circuit_operator.py
[2022-03-23 19:11:23,725] {processor.py:642} INFO - Processing file /home/airflow/env/lib/python3.8/site-packages/airflow/example_dags/example_short_circuit_operator.py for tasks to queue
[2022-03-23 19:11:23,725] {logging_mixin.py:109} INFO - [2022-03-23 19:11:23,725] {dagbag.py:500} INFO - Filling up the DagBag from /home/airflow/env/lib/python3.8/site-packages/airflow/example_dags/example_short_circuit_operator.py
[2022-03-23 19:11:23,746] {processor.py:654} INFO - DAG(s) dict_keys(['example_short_circuit_operator']) retrieved from /home/airflow/env/lib/python3.8/site-packages/airflow/example_dags/example_short_circuit_operator.py
[2022-03-23 19:11:23,756] {logging_mixin.py:109} INFO - [2022-03-23 19:11:23,756] {dag.py:2396} INFO - Sync 1 DAGs
[2022-03-23 19:11:23,768] {logging_mixin.py:109} INFO - [2022-03-23 19:11:23,768] {dag.py:2935} INFO - Setting next_dagrun for example_short_circuit_operator to 2022-03-22T19:11:23.768580+00:00
[2022-03-23 19:11:23,786] {processor.py:171} INFO - Processing /home/airflow/env/lib/python3.8/site-packages/airflow/example_dags/example_short_circuit_operator.py took 0.065 seconds
[2022-03-23 19:11:57,448] {processor.py:163} INFO - Started process (PID=9606) to work on /home/airflow/env/lib/python3.8/site-packages/airflow/example_dags/example_short_circuit_operator.py
[2022-03-23 19:11:57,449] {processor.py:642} INFO - Processing file /home/airflow/env/lib/python3.8/site-packages/airflow/example_dags/example_short_circuit_operator.py for tasks to queue
[2022-03-23 19:11:57,450] {logging_mixin.py:109} INFO - [2022-03-23 19:11:57,450] {dagbag.py:500} INFO - Filling up the DagBag from /home/airflow/env/lib/python3.8/site-packages/airflow/example_dags/example_short_circuit_operator.py
[2022-03-23 19:11:57,469] {processor.py:654} INFO - DAG(s) dict_keys(['example_short_circuit_operator']) retrieved from /home/airflow/env/lib/python3.8/site-packages/airflow/example_dags/example_short_circuit_operator.py
[2022-03-23 19:11:57,478] {logging_mixin.py:109} INFO - [2022-03-23 19:11:57,478] {dag.py:2396} INFO - Sync 1 DAGs
[2022-03-23 19:11:57,490] {logging_mixin.py:109} INFO - [2022-03-23 19:11:57,489] {dag.py:2935} INFO - Setting next_dagrun for example_short_circuit_operator to 2022-03-22T19:11:57.489631+00:00
[2022-03-23 19:11:57,509] {processor.py:171} INFO - Processing /home/airflow/env/lib/python3.8/site-packages/airflow/example_dags/example_short_circuit_operator.py took 0.064 seconds
[2022-03-23 19:12:32,541] {processor.py:163} INFO - Started process (PID=9727) to work on /home/airflow/env/lib/python3.8/site-packages/airflow/example_dags/example_short_circuit_operator.py
[2022-03-23 19:12:32,543] {processor.py:642} INFO - Processing file /home/airflow/env/lib/python3.8/site-packages/airflow/example_dags/example_short_circuit_operator.py for tasks to queue
[2022-03-23 19:12:32,544] {logging_mixin.py:109} INFO - [2022-03-23 19:12:32,544] {dagbag.py:500} INFO - Filling up the DagBag from /home/airflow/env/lib/python3.8/site-packages/airflow/example_dags/example_short_circuit_operator.py
[2022-03-23 19:12:32,573] {processor.py:654} INFO - DAG(s) dict_keys(['example_short_circuit_operator']) retrieved from /home/airflow/env/lib/python3.8/site-packages/airflow/example_dags/example_short_circuit_operator.py
[2022-03-23 19:12:32,590] {logging_mixin.py:109} INFO - [2022-03-23 19:12:32,590] {dag.py:2396} INFO - Sync 1 DAGs
[2022-03-23 19:12:32,605] {logging_mixin.py:109} INFO - [2022-03-23 19:12:32,605] {dag.py:2935} INFO - Setting next_dagrun for example_short_circuit_operator to 2022-03-22T19:12:32.605227+00:00
[2022-03-23 19:12:32,623] {processor.py:171} INFO - Processing /home/airflow/env/lib/python3.8/site-packages/airflow/example_dags/example_short_circuit_operator.py took 0.086 seconds
[2022-03-23 19:13:09,118] {processor.py:163} INFO - Started process (PID=9926) to work on /home/airflow/env/lib/python3.8/site-packages/airflow/example_dags/example_short_circuit_operator.py
[2022-03-23 19:13:09,119] {processor.py:642} INFO - Processing file /home/airflow/env/lib/python3.8/site-packages/airflow/example_dags/example_short_circuit_operator.py for tasks to queue
[2022-03-23 19:13:09,120] {logging_mixin.py:109} INFO - [2022-03-23 19:13:09,120] {dagbag.py:500} INFO - Filling up the DagBag from /home/airflow/env/lib/python3.8/site-packages/airflow/example_dags/example_short_circuit_operator.py
[2022-03-23 19:13:09,137] {processor.py:654} INFO - DAG(s) dict_keys(['example_short_circuit_operator']) retrieved from /home/airflow/env/lib/python3.8/site-packages/airflow/example_dags/example_short_circuit_operator.py
[2022-03-23 19:13:09,146] {logging_mixin.py:109} INFO - [2022-03-23 19:13:09,146] {dag.py:2396} INFO - Sync 1 DAGs
[2022-03-23 19:13:09,158] {logging_mixin.py:109} INFO - [2022-03-23 19:13:09,158] {dag.py:2935} INFO - Setting next_dagrun for example_short_circuit_operator to 2022-03-22T19:13:09.158202+00:00
[2022-03-23 19:13:09,176] {processor.py:171} INFO - Processing /home/airflow/env/lib/python3.8/site-packages/airflow/example_dags/example_short_circuit_operator.py took 0.060 seconds
[2022-03-23 19:13:46,904] {processor.py:163} INFO - Started process (PID=10086) to work on /home/airflow/env/lib/python3.8/site-packages/airflow/example_dags/example_short_circuit_operator.py
[2022-03-23 19:13:46,905] {processor.py:642} INFO - Processing file /home/airflow/env/lib/python3.8/site-packages/airflow/example_dags/example_short_circuit_operator.py for tasks to queue
[2022-03-23 19:13:46,906] {logging_mixin.py:109} INFO - [2022-03-23 19:13:46,906] {dagbag.py:500} INFO - Filling up the DagBag from /home/airflow/env/lib/python3.8/site-packages/airflow/example_dags/example_short_circuit_operator.py
[2022-03-23 19:13:46,924] {processor.py:654} INFO - DAG(s) dict_keys(['example_short_circuit_operator']) retrieved from /home/airflow/env/lib/python3.8/site-packages/airflow/example_dags/example_short_circuit_operator.py
[2022-03-23 19:13:46,933] {logging_mixin.py:109} INFO - [2022-03-23 19:13:46,932] {dag.py:2396} INFO - Sync 1 DAGs
[2022-03-23 19:13:46,944] {logging_mixin.py:109} INFO - [2022-03-23 19:13:46,944] {dag.py:2935} INFO - Setting next_dagrun for example_short_circuit_operator to 2022-03-22T19:13:46.944313+00:00
[2022-03-23 19:13:46,961] {processor.py:171} INFO - Processing /home/airflow/env/lib/python3.8/site-packages/airflow/example_dags/example_short_circuit_operator.py took 0.060 seconds
