[2022-03-23 18:35:33,088] {processor.py:163} INFO - Started process (PID=5116) to work on /home/airflow/env/lib/python3.8/site-packages/airflow/example_dags/example_task_group_decorator.py
[2022-03-23 18:35:33,090] {processor.py:642} INFO - Processing file /home/airflow/env/lib/python3.8/site-packages/airflow/example_dags/example_task_group_decorator.py for tasks to queue
[2022-03-23 18:35:33,090] {logging_mixin.py:109} INFO - [2022-03-23 18:35:33,090] {dagbag.py:500} INFO - Filling up the DagBag from /home/airflow/env/lib/python3.8/site-packages/airflow/example_dags/example_task_group_decorator.py
[2022-03-23 18:35:33,124] {processor.py:654} INFO - DAG(s) dict_keys(['example_task_group_decorator']) retrieved from /home/airflow/env/lib/python3.8/site-packages/airflow/example_dags/example_task_group_decorator.py
[2022-03-23 18:35:33,374] {logging_mixin.py:109} INFO - [2022-03-23 18:35:33,374] {dag.py:2396} INFO - Sync 1 DAGs
[2022-03-23 18:35:33,387] {logging_mixin.py:109} INFO - [2022-03-23 18:35:33,387] {dag.py:2935} INFO - Setting next_dagrun for example_task_group_decorator to 2022-03-22T18:35:33.387079+00:00
[2022-03-23 18:35:33,411] {processor.py:171} INFO - Processing /home/airflow/env/lib/python3.8/site-packages/airflow/example_dags/example_task_group_decorator.py took 0.326 seconds
[2022-03-23 18:36:06,662] {processor.py:163} INFO - Started process (PID=5175) to work on /home/airflow/env/lib/python3.8/site-packages/airflow/example_dags/example_task_group_decorator.py
[2022-03-23 18:36:06,663] {processor.py:642} INFO - Processing file /home/airflow/env/lib/python3.8/site-packages/airflow/example_dags/example_task_group_decorator.py for tasks to queue
[2022-03-23 18:36:06,664] {logging_mixin.py:109} INFO - [2022-03-23 18:36:06,664] {dagbag.py:500} INFO - Filling up the DagBag from /home/airflow/env/lib/python3.8/site-packages/airflow/example_dags/example_task_group_decorator.py
[2022-03-23 18:36:06,706] {processor.py:654} INFO - DAG(s) dict_keys(['example_task_group_decorator']) retrieved from /home/airflow/env/lib/python3.8/site-packages/airflow/example_dags/example_task_group_decorator.py
[2022-03-23 18:36:06,922] {logging_mixin.py:109} INFO - [2022-03-23 18:36:06,922] {dag.py:2396} INFO - Sync 1 DAGs
[2022-03-23 18:36:06,932] {logging_mixin.py:109} INFO - [2022-03-23 18:36:06,932] {dag.py:2935} INFO - Setting next_dagrun for example_task_group_decorator to 2022-03-22T18:36:06.931769+00:00
[2022-03-23 18:36:06,955] {processor.py:171} INFO - Processing /home/airflow/env/lib/python3.8/site-packages/airflow/example_dags/example_task_group_decorator.py took 0.297 seconds
[2022-03-23 18:36:39,859] {processor.py:163} INFO - Started process (PID=5252) to work on /home/airflow/env/lib/python3.8/site-packages/airflow/example_dags/example_task_group_decorator.py
[2022-03-23 18:36:39,860] {processor.py:642} INFO - Processing file /home/airflow/env/lib/python3.8/site-packages/airflow/example_dags/example_task_group_decorator.py for tasks to queue
[2022-03-23 18:36:39,860] {logging_mixin.py:109} INFO - [2022-03-23 18:36:39,860] {dagbag.py:500} INFO - Filling up the DagBag from /home/airflow/env/lib/python3.8/site-packages/airflow/example_dags/example_task_group_decorator.py
[2022-03-23 18:36:39,892] {processor.py:654} INFO - DAG(s) dict_keys(['example_task_group_decorator']) retrieved from /home/airflow/env/lib/python3.8/site-packages/airflow/example_dags/example_task_group_decorator.py
[2022-03-23 18:36:40,143] {logging_mixin.py:109} INFO - [2022-03-23 18:36:40,143] {dag.py:2396} INFO - Sync 1 DAGs
[2022-03-23 18:36:40,159] {logging_mixin.py:109} INFO - [2022-03-23 18:36:40,159] {dag.py:2935} INFO - Setting next_dagrun for example_task_group_decorator to 2022-03-22T18:36:40.158684+00:00
[2022-03-23 18:36:40,187] {processor.py:171} INFO - Processing /home/airflow/env/lib/python3.8/site-packages/airflow/example_dags/example_task_group_decorator.py took 0.331 seconds
[2022-03-23 18:37:13,781] {processor.py:163} INFO - Started process (PID=5360) to work on /home/airflow/env/lib/python3.8/site-packages/airflow/example_dags/example_task_group_decorator.py
[2022-03-23 18:37:13,782] {processor.py:642} INFO - Processing file /home/airflow/env/lib/python3.8/site-packages/airflow/example_dags/example_task_group_decorator.py for tasks to queue
[2022-03-23 18:37:13,783] {logging_mixin.py:109} INFO - [2022-03-23 18:37:13,783] {dagbag.py:500} INFO - Filling up the DagBag from /home/airflow/env/lib/python3.8/site-packages/airflow/example_dags/example_task_group_decorator.py
[2022-03-23 18:37:13,820] {processor.py:654} INFO - DAG(s) dict_keys(['example_task_group_decorator']) retrieved from /home/airflow/env/lib/python3.8/site-packages/airflow/example_dags/example_task_group_decorator.py
[2022-03-23 18:37:14,066] {logging_mixin.py:109} INFO - [2022-03-23 18:37:14,066] {dag.py:2396} INFO - Sync 1 DAGs
[2022-03-23 18:37:14,080] {logging_mixin.py:109} INFO - [2022-03-23 18:37:14,080] {dag.py:2935} INFO - Setting next_dagrun for example_task_group_decorator to 2022-03-22T18:37:14.080423+00:00
[2022-03-23 18:37:14,097] {processor.py:171} INFO - Processing /home/airflow/env/lib/python3.8/site-packages/airflow/example_dags/example_task_group_decorator.py took 0.319 seconds
[2022-03-23 18:37:48,959] {processor.py:163} INFO - Started process (PID=5398) to work on /home/airflow/env/lib/python3.8/site-packages/airflow/example_dags/example_task_group_decorator.py
[2022-03-23 18:37:48,960] {processor.py:642} INFO - Processing file /home/airflow/env/lib/python3.8/site-packages/airflow/example_dags/example_task_group_decorator.py for tasks to queue
[2022-03-23 18:37:48,961] {logging_mixin.py:109} INFO - [2022-03-23 18:37:48,961] {dagbag.py:500} INFO - Filling up the DagBag from /home/airflow/env/lib/python3.8/site-packages/airflow/example_dags/example_task_group_decorator.py
[2022-03-23 18:37:48,990] {processor.py:654} INFO - DAG(s) dict_keys(['example_task_group_decorator']) retrieved from /home/airflow/env/lib/python3.8/site-packages/airflow/example_dags/example_task_group_decorator.py
[2022-03-23 18:37:49,197] {logging_mixin.py:109} INFO - [2022-03-23 18:37:49,197] {dag.py:2396} INFO - Sync 1 DAGs
[2022-03-23 18:37:49,210] {logging_mixin.py:109} INFO - [2022-03-23 18:37:49,209] {dag.py:2935} INFO - Setting next_dagrun for example_task_group_decorator to 2022-03-22T18:37:49.209738+00:00
[2022-03-23 18:37:49,240] {processor.py:171} INFO - Processing /home/airflow/env/lib/python3.8/site-packages/airflow/example_dags/example_task_group_decorator.py took 0.284 seconds
[2022-03-23 18:38:23,747] {processor.py:163} INFO - Started process (PID=5488) to work on /home/airflow/env/lib/python3.8/site-packages/airflow/example_dags/example_task_group_decorator.py
[2022-03-23 18:38:23,748] {processor.py:642} INFO - Processing file /home/airflow/env/lib/python3.8/site-packages/airflow/example_dags/example_task_group_decorator.py for tasks to queue
[2022-03-23 18:38:23,749] {logging_mixin.py:109} INFO - [2022-03-23 18:38:23,749] {dagbag.py:500} INFO - Filling up the DagBag from /home/airflow/env/lib/python3.8/site-packages/airflow/example_dags/example_task_group_decorator.py
[2022-03-23 18:38:23,788] {processor.py:654} INFO - DAG(s) dict_keys(['example_task_group_decorator']) retrieved from /home/airflow/env/lib/python3.8/site-packages/airflow/example_dags/example_task_group_decorator.py
[2022-03-23 18:38:24,155] {logging_mixin.py:109} INFO - [2022-03-23 18:38:24,155] {dag.py:2396} INFO - Sync 1 DAGs
[2022-03-23 18:38:24,171] {logging_mixin.py:109} INFO - [2022-03-23 18:38:24,170] {dag.py:2935} INFO - Setting next_dagrun for example_task_group_decorator to 2022-03-22T18:38:24.170589+00:00
[2022-03-23 18:38:24,192] {processor.py:171} INFO - Processing /home/airflow/env/lib/python3.8/site-packages/airflow/example_dags/example_task_group_decorator.py took 0.447 seconds
[2022-03-23 18:38:56,417] {processor.py:163} INFO - Started process (PID=5518) to work on /home/airflow/env/lib/python3.8/site-packages/airflow/example_dags/example_task_group_decorator.py
[2022-03-23 18:38:56,421] {processor.py:642} INFO - Processing file /home/airflow/env/lib/python3.8/site-packages/airflow/example_dags/example_task_group_decorator.py for tasks to queue
[2022-03-23 18:38:56,427] {logging_mixin.py:109} INFO - [2022-03-23 18:38:56,427] {dagbag.py:500} INFO - Filling up the DagBag from /home/airflow/env/lib/python3.8/site-packages/airflow/example_dags/example_task_group_decorator.py
[2022-03-23 18:38:56,513] {processor.py:654} INFO - DAG(s) dict_keys(['example_task_group_decorator']) retrieved from /home/airflow/env/lib/python3.8/site-packages/airflow/example_dags/example_task_group_decorator.py
[2022-03-23 18:38:56,935] {logging_mixin.py:109} INFO - [2022-03-23 18:38:56,935] {dag.py:2396} INFO - Sync 1 DAGs
[2022-03-23 18:38:56,953] {logging_mixin.py:109} INFO - [2022-03-23 18:38:56,953] {dag.py:2935} INFO - Setting next_dagrun for example_task_group_decorator to 2022-03-22T18:38:56.953064+00:00
[2022-03-23 18:38:56,991] {processor.py:171} INFO - Processing /home/airflow/env/lib/python3.8/site-packages/airflow/example_dags/example_task_group_decorator.py took 0.579 seconds
[2022-03-23 18:39:31,431] {processor.py:163} INFO - Started process (PID=5600) to work on /home/airflow/env/lib/python3.8/site-packages/airflow/example_dags/example_task_group_decorator.py
[2022-03-23 18:39:31,433] {processor.py:642} INFO - Processing file /home/airflow/env/lib/python3.8/site-packages/airflow/example_dags/example_task_group_decorator.py for tasks to queue
[2022-03-23 18:39:31,434] {logging_mixin.py:109} INFO - [2022-03-23 18:39:31,434] {dagbag.py:500} INFO - Filling up the DagBag from /home/airflow/env/lib/python3.8/site-packages/airflow/example_dags/example_task_group_decorator.py
[2022-03-23 18:39:31,504] {processor.py:654} INFO - DAG(s) dict_keys(['example_task_group_decorator']) retrieved from /home/airflow/env/lib/python3.8/site-packages/airflow/example_dags/example_task_group_decorator.py
[2022-03-23 18:39:32,018] {logging_mixin.py:109} INFO - [2022-03-23 18:39:32,018] {dag.py:2396} INFO - Sync 1 DAGs
[2022-03-23 18:39:32,038] {logging_mixin.py:109} INFO - [2022-03-23 18:39:32,038] {dag.py:2935} INFO - Setting next_dagrun for example_task_group_decorator to 2022-03-22T18:39:32.038161+00:00
[2022-03-23 18:39:32,058] {processor.py:171} INFO - Processing /home/airflow/env/lib/python3.8/site-packages/airflow/example_dags/example_task_group_decorator.py took 0.650 seconds
[2022-03-23 18:40:09,149] {processor.py:163} INFO - Started process (PID=5723) to work on /home/airflow/env/lib/python3.8/site-packages/airflow/example_dags/example_task_group_decorator.py
[2022-03-23 18:40:09,151] {processor.py:642} INFO - Processing file /home/airflow/env/lib/python3.8/site-packages/airflow/example_dags/example_task_group_decorator.py for tasks to queue
[2022-03-23 18:40:09,151] {logging_mixin.py:109} INFO - [2022-03-23 18:40:09,151] {dagbag.py:500} INFO - Filling up the DagBag from /home/airflow/env/lib/python3.8/site-packages/airflow/example_dags/example_task_group_decorator.py
[2022-03-23 18:40:09,186] {processor.py:654} INFO - DAG(s) dict_keys(['example_task_group_decorator']) retrieved from /home/airflow/env/lib/python3.8/site-packages/airflow/example_dags/example_task_group_decorator.py
[2022-03-23 18:40:09,399] {logging_mixin.py:109} INFO - [2022-03-23 18:40:09,399] {dag.py:2396} INFO - Sync 1 DAGs
[2022-03-23 18:40:09,410] {logging_mixin.py:109} INFO - [2022-03-23 18:40:09,410] {dag.py:2935} INFO - Setting next_dagrun for example_task_group_decorator to 2022-03-22T18:40:09.410132+00:00
[2022-03-23 18:40:09,430] {processor.py:171} INFO - Processing /home/airflow/env/lib/python3.8/site-packages/airflow/example_dags/example_task_group_decorator.py took 0.284 seconds
[2022-03-23 18:40:43,479] {processor.py:163} INFO - Started process (PID=5905) to work on /home/airflow/env/lib/python3.8/site-packages/airflow/example_dags/example_task_group_decorator.py
[2022-03-23 18:40:43,486] {processor.py:642} INFO - Processing file /home/airflow/env/lib/python3.8/site-packages/airflow/example_dags/example_task_group_decorator.py for tasks to queue
[2022-03-23 18:40:43,486] {logging_mixin.py:109} INFO - [2022-03-23 18:40:43,486] {dagbag.py:500} INFO - Filling up the DagBag from /home/airflow/env/lib/python3.8/site-packages/airflow/example_dags/example_task_group_decorator.py
[2022-03-23 18:40:43,563] {processor.py:654} INFO - DAG(s) dict_keys(['example_task_group_decorator']) retrieved from /home/airflow/env/lib/python3.8/site-packages/airflow/example_dags/example_task_group_decorator.py
[2022-03-23 18:40:43,968] {logging_mixin.py:109} INFO - [2022-03-23 18:40:43,968] {dag.py:2396} INFO - Sync 1 DAGs
[2022-03-23 18:40:43,991] {logging_mixin.py:109} INFO - [2022-03-23 18:40:43,991] {dag.py:2935} INFO - Setting next_dagrun for example_task_group_decorator to 2022-03-22T18:40:43.991578+00:00
[2022-03-23 18:40:44,018] {processor.py:171} INFO - Processing /home/airflow/env/lib/python3.8/site-packages/airflow/example_dags/example_task_group_decorator.py took 0.542 seconds
[2022-03-23 18:41:17,064] {processor.py:163} INFO - Started process (PID=6030) to work on /home/airflow/env/lib/python3.8/site-packages/airflow/example_dags/example_task_group_decorator.py
[2022-03-23 18:41:17,070] {processor.py:642} INFO - Processing file /home/airflow/env/lib/python3.8/site-packages/airflow/example_dags/example_task_group_decorator.py for tasks to queue
[2022-03-23 18:41:17,071] {logging_mixin.py:109} INFO - [2022-03-23 18:41:17,071] {dagbag.py:500} INFO - Filling up the DagBag from /home/airflow/env/lib/python3.8/site-packages/airflow/example_dags/example_task_group_decorator.py
[2022-03-23 18:41:17,139] {processor.py:654} INFO - DAG(s) dict_keys(['example_task_group_decorator']) retrieved from /home/airflow/env/lib/python3.8/site-packages/airflow/example_dags/example_task_group_decorator.py
[2022-03-23 18:41:17,538] {logging_mixin.py:109} INFO - [2022-03-23 18:41:17,538] {dag.py:2396} INFO - Sync 1 DAGs
[2022-03-23 18:41:17,563] {logging_mixin.py:109} INFO - [2022-03-23 18:41:17,563] {dag.py:2935} INFO - Setting next_dagrun for example_task_group_decorator to 2022-03-22T18:41:17.562936+00:00
[2022-03-23 18:41:17,593] {processor.py:171} INFO - Processing /home/airflow/env/lib/python3.8/site-packages/airflow/example_dags/example_task_group_decorator.py took 0.531 seconds
[2022-03-23 18:41:52,832] {processor.py:163} INFO - Started process (PID=6166) to work on /home/airflow/env/lib/python3.8/site-packages/airflow/example_dags/example_task_group_decorator.py
[2022-03-23 18:41:52,849] {processor.py:642} INFO - Processing file /home/airflow/env/lib/python3.8/site-packages/airflow/example_dags/example_task_group_decorator.py for tasks to queue
[2022-03-23 18:41:52,853] {logging_mixin.py:109} INFO - [2022-03-23 18:41:52,853] {dagbag.py:500} INFO - Filling up the DagBag from /home/airflow/env/lib/python3.8/site-packages/airflow/example_dags/example_task_group_decorator.py
[2022-03-23 18:41:53,019] {processor.py:654} INFO - DAG(s) dict_keys(['example_task_group_decorator']) retrieved from /home/airflow/env/lib/python3.8/site-packages/airflow/example_dags/example_task_group_decorator.py
[2022-03-23 18:41:53,713] {logging_mixin.py:109} INFO - [2022-03-23 18:41:53,713] {dag.py:2396} INFO - Sync 1 DAGs
[2022-03-23 18:41:53,726] {logging_mixin.py:109} INFO - [2022-03-23 18:41:53,726] {dag.py:2935} INFO - Setting next_dagrun for example_task_group_decorator to 2022-03-22T18:41:53.725784+00:00
[2022-03-23 18:41:53,748] {processor.py:171} INFO - Processing /home/airflow/env/lib/python3.8/site-packages/airflow/example_dags/example_task_group_decorator.py took 0.918 seconds
[2022-03-23 18:42:25,904] {processor.py:163} INFO - Started process (PID=6348) to work on /home/airflow/env/lib/python3.8/site-packages/airflow/example_dags/example_task_group_decorator.py
[2022-03-23 18:42:25,904] {processor.py:642} INFO - Processing file /home/airflow/env/lib/python3.8/site-packages/airflow/example_dags/example_task_group_decorator.py for tasks to queue
[2022-03-23 18:42:25,905] {logging_mixin.py:109} INFO - [2022-03-23 18:42:25,905] {dagbag.py:500} INFO - Filling up the DagBag from /home/airflow/env/lib/python3.8/site-packages/airflow/example_dags/example_task_group_decorator.py
[2022-03-23 18:42:25,934] {processor.py:654} INFO - DAG(s) dict_keys(['example_task_group_decorator']) retrieved from /home/airflow/env/lib/python3.8/site-packages/airflow/example_dags/example_task_group_decorator.py
[2022-03-23 18:42:26,161] {logging_mixin.py:109} INFO - [2022-03-23 18:42:26,161] {dag.py:2396} INFO - Sync 1 DAGs
[2022-03-23 18:42:26,174] {logging_mixin.py:109} INFO - [2022-03-23 18:42:26,174] {dag.py:2935} INFO - Setting next_dagrun for example_task_group_decorator to 2022-03-22T18:42:26.173917+00:00
[2022-03-23 18:42:26,191] {processor.py:171} INFO - Processing /home/airflow/env/lib/python3.8/site-packages/airflow/example_dags/example_task_group_decorator.py took 0.290 seconds
[2022-03-23 18:42:58,742] {processor.py:163} INFO - Started process (PID=6441) to work on /home/airflow/env/lib/python3.8/site-packages/airflow/example_dags/example_task_group_decorator.py
[2022-03-23 18:42:58,744] {processor.py:642} INFO - Processing file /home/airflow/env/lib/python3.8/site-packages/airflow/example_dags/example_task_group_decorator.py for tasks to queue
[2022-03-23 18:42:58,745] {logging_mixin.py:109} INFO - [2022-03-23 18:42:58,744] {dagbag.py:500} INFO - Filling up the DagBag from /home/airflow/env/lib/python3.8/site-packages/airflow/example_dags/example_task_group_decorator.py
[2022-03-23 18:42:58,772] {processor.py:654} INFO - DAG(s) dict_keys(['example_task_group_decorator']) retrieved from /home/airflow/env/lib/python3.8/site-packages/airflow/example_dags/example_task_group_decorator.py
[2022-03-23 18:42:58,974] {logging_mixin.py:109} INFO - [2022-03-23 18:42:58,974] {dag.py:2396} INFO - Sync 1 DAGs
[2022-03-23 18:42:58,984] {logging_mixin.py:109} INFO - [2022-03-23 18:42:58,984] {dag.py:2935} INFO - Setting next_dagrun for example_task_group_decorator to 2022-03-22T18:42:58.984485+00:00
[2022-03-23 18:42:59,003] {processor.py:171} INFO - Processing /home/airflow/env/lib/python3.8/site-packages/airflow/example_dags/example_task_group_decorator.py took 0.263 seconds
[2022-03-23 18:43:32,110] {processor.py:163} INFO - Started process (PID=6474) to work on /home/airflow/env/lib/python3.8/site-packages/airflow/example_dags/example_task_group_decorator.py
[2022-03-23 18:43:32,111] {processor.py:642} INFO - Processing file /home/airflow/env/lib/python3.8/site-packages/airflow/example_dags/example_task_group_decorator.py for tasks to queue
[2022-03-23 18:43:32,111] {logging_mixin.py:109} INFO - [2022-03-23 18:43:32,111] {dagbag.py:500} INFO - Filling up the DagBag from /home/airflow/env/lib/python3.8/site-packages/airflow/example_dags/example_task_group_decorator.py
[2022-03-23 18:43:32,150] {processor.py:654} INFO - DAG(s) dict_keys(['example_task_group_decorator']) retrieved from /home/airflow/env/lib/python3.8/site-packages/airflow/example_dags/example_task_group_decorator.py
[2022-03-23 18:43:32,457] {logging_mixin.py:109} INFO - [2022-03-23 18:43:32,457] {dag.py:2396} INFO - Sync 1 DAGs
[2022-03-23 18:43:32,470] {logging_mixin.py:109} INFO - [2022-03-23 18:43:32,470] {dag.py:2935} INFO - Setting next_dagrun for example_task_group_decorator to 2022-03-22T18:43:32.470147+00:00
[2022-03-23 18:43:32,495] {processor.py:171} INFO - Processing /home/airflow/env/lib/python3.8/site-packages/airflow/example_dags/example_task_group_decorator.py took 0.389 seconds
[2022-03-23 18:44:08,037] {processor.py:163} INFO - Started process (PID=6507) to work on /home/airflow/env/lib/python3.8/site-packages/airflow/example_dags/example_task_group_decorator.py
[2022-03-23 18:44:08,039] {processor.py:642} INFO - Processing file /home/airflow/env/lib/python3.8/site-packages/airflow/example_dags/example_task_group_decorator.py for tasks to queue
[2022-03-23 18:44:08,040] {logging_mixin.py:109} INFO - [2022-03-23 18:44:08,039] {dagbag.py:500} INFO - Filling up the DagBag from /home/airflow/env/lib/python3.8/site-packages/airflow/example_dags/example_task_group_decorator.py
[2022-03-23 18:44:08,073] {processor.py:654} INFO - DAG(s) dict_keys(['example_task_group_decorator']) retrieved from /home/airflow/env/lib/python3.8/site-packages/airflow/example_dags/example_task_group_decorator.py
[2022-03-23 18:44:08,287] {logging_mixin.py:109} INFO - [2022-03-23 18:44:08,287] {dag.py:2396} INFO - Sync 1 DAGs
[2022-03-23 18:44:08,300] {logging_mixin.py:109} INFO - [2022-03-23 18:44:08,300] {dag.py:2935} INFO - Setting next_dagrun for example_task_group_decorator to 2022-03-22T18:44:08.299874+00:00
[2022-03-23 18:44:08,319] {processor.py:171} INFO - Processing /home/airflow/env/lib/python3.8/site-packages/airflow/example_dags/example_task_group_decorator.py took 0.283 seconds
[2022-03-23 18:44:43,334] {processor.py:163} INFO - Started process (PID=6539) to work on /home/airflow/env/lib/python3.8/site-packages/airflow/example_dags/example_task_group_decorator.py
[2022-03-23 18:44:43,335] {processor.py:642} INFO - Processing file /home/airflow/env/lib/python3.8/site-packages/airflow/example_dags/example_task_group_decorator.py for tasks to queue
[2022-03-23 18:44:43,336] {logging_mixin.py:109} INFO - [2022-03-23 18:44:43,335] {dagbag.py:500} INFO - Filling up the DagBag from /home/airflow/env/lib/python3.8/site-packages/airflow/example_dags/example_task_group_decorator.py
[2022-03-23 18:44:43,381] {processor.py:654} INFO - DAG(s) dict_keys(['example_task_group_decorator']) retrieved from /home/airflow/env/lib/python3.8/site-packages/airflow/example_dags/example_task_group_decorator.py
[2022-03-23 18:44:43,647] {logging_mixin.py:109} INFO - [2022-03-23 18:44:43,647] {dag.py:2396} INFO - Sync 1 DAGs
[2022-03-23 18:44:43,664] {logging_mixin.py:109} INFO - [2022-03-23 18:44:43,664] {dag.py:2935} INFO - Setting next_dagrun for example_task_group_decorator to 2022-03-22T18:44:43.664336+00:00
[2022-03-23 18:44:43,685] {processor.py:171} INFO - Processing /home/airflow/env/lib/python3.8/site-packages/airflow/example_dags/example_task_group_decorator.py took 0.354 seconds
[2022-03-23 18:45:17,454] {processor.py:163} INFO - Started process (PID=6571) to work on /home/airflow/env/lib/python3.8/site-packages/airflow/example_dags/example_task_group_decorator.py
[2022-03-23 18:45:17,455] {processor.py:642} INFO - Processing file /home/airflow/env/lib/python3.8/site-packages/airflow/example_dags/example_task_group_decorator.py for tasks to queue
[2022-03-23 18:45:17,456] {logging_mixin.py:109} INFO - [2022-03-23 18:45:17,456] {dagbag.py:500} INFO - Filling up the DagBag from /home/airflow/env/lib/python3.8/site-packages/airflow/example_dags/example_task_group_decorator.py
[2022-03-23 18:45:17,489] {processor.py:654} INFO - DAG(s) dict_keys(['example_task_group_decorator']) retrieved from /home/airflow/env/lib/python3.8/site-packages/airflow/example_dags/example_task_group_decorator.py
[2022-03-23 18:45:17,710] {logging_mixin.py:109} INFO - [2022-03-23 18:45:17,710] {dag.py:2396} INFO - Sync 1 DAGs
[2022-03-23 18:45:17,720] {logging_mixin.py:109} INFO - [2022-03-23 18:45:17,719] {dag.py:2935} INFO - Setting next_dagrun for example_task_group_decorator to 2022-03-22T18:45:17.719771+00:00
[2022-03-23 18:45:17,738] {processor.py:171} INFO - Processing /home/airflow/env/lib/python3.8/site-packages/airflow/example_dags/example_task_group_decorator.py took 0.286 seconds
[2022-03-23 18:45:52,906] {processor.py:163} INFO - Started process (PID=6658) to work on /home/airflow/env/lib/python3.8/site-packages/airflow/example_dags/example_task_group_decorator.py
[2022-03-23 18:45:52,907] {processor.py:642} INFO - Processing file /home/airflow/env/lib/python3.8/site-packages/airflow/example_dags/example_task_group_decorator.py for tasks to queue
[2022-03-23 18:45:52,908] {logging_mixin.py:109} INFO - [2022-03-23 18:45:52,908] {dagbag.py:500} INFO - Filling up the DagBag from /home/airflow/env/lib/python3.8/site-packages/airflow/example_dags/example_task_group_decorator.py
[2022-03-23 18:45:52,939] {processor.py:654} INFO - DAG(s) dict_keys(['example_task_group_decorator']) retrieved from /home/airflow/env/lib/python3.8/site-packages/airflow/example_dags/example_task_group_decorator.py
[2022-03-23 18:45:53,147] {logging_mixin.py:109} INFO - [2022-03-23 18:45:53,147] {dag.py:2396} INFO - Sync 1 DAGs
[2022-03-23 18:45:53,159] {logging_mixin.py:109} INFO - [2022-03-23 18:45:53,159] {dag.py:2935} INFO - Setting next_dagrun for example_task_group_decorator to 2022-03-22T18:45:53.158923+00:00
[2022-03-23 18:45:53,194] {processor.py:171} INFO - Processing /home/airflow/env/lib/python3.8/site-packages/airflow/example_dags/example_task_group_decorator.py took 0.290 seconds
[2022-03-23 18:46:25,320] {processor.py:163} INFO - Started process (PID=6691) to work on /home/airflow/env/lib/python3.8/site-packages/airflow/example_dags/example_task_group_decorator.py
[2022-03-23 18:46:25,321] {processor.py:642} INFO - Processing file /home/airflow/env/lib/python3.8/site-packages/airflow/example_dags/example_task_group_decorator.py for tasks to queue
[2022-03-23 18:46:25,321] {logging_mixin.py:109} INFO - [2022-03-23 18:46:25,321] {dagbag.py:500} INFO - Filling up the DagBag from /home/airflow/env/lib/python3.8/site-packages/airflow/example_dags/example_task_group_decorator.py
[2022-03-23 18:46:25,357] {processor.py:654} INFO - DAG(s) dict_keys(['example_task_group_decorator']) retrieved from /home/airflow/env/lib/python3.8/site-packages/airflow/example_dags/example_task_group_decorator.py
[2022-03-23 18:46:25,599] {logging_mixin.py:109} INFO - [2022-03-23 18:46:25,599] {dag.py:2396} INFO - Sync 1 DAGs
[2022-03-23 18:46:25,610] {logging_mixin.py:109} INFO - [2022-03-23 18:46:25,610] {dag.py:2935} INFO - Setting next_dagrun for example_task_group_decorator to 2022-03-22T18:46:25.609957+00:00
[2022-03-23 18:46:25,629] {processor.py:171} INFO - Processing /home/airflow/env/lib/python3.8/site-packages/airflow/example_dags/example_task_group_decorator.py took 0.313 seconds
[2022-03-23 18:47:00,312] {processor.py:163} INFO - Started process (PID=6724) to work on /home/airflow/env/lib/python3.8/site-packages/airflow/example_dags/example_task_group_decorator.py
[2022-03-23 18:47:00,313] {processor.py:642} INFO - Processing file /home/airflow/env/lib/python3.8/site-packages/airflow/example_dags/example_task_group_decorator.py for tasks to queue
[2022-03-23 18:47:00,314] {logging_mixin.py:109} INFO - [2022-03-23 18:47:00,314] {dagbag.py:500} INFO - Filling up the DagBag from /home/airflow/env/lib/python3.8/site-packages/airflow/example_dags/example_task_group_decorator.py
[2022-03-23 18:47:00,353] {processor.py:654} INFO - DAG(s) dict_keys(['example_task_group_decorator']) retrieved from /home/airflow/env/lib/python3.8/site-packages/airflow/example_dags/example_task_group_decorator.py
[2022-03-23 18:47:00,596] {logging_mixin.py:109} INFO - [2022-03-23 18:47:00,596] {dag.py:2396} INFO - Sync 1 DAGs
[2022-03-23 18:47:00,609] {logging_mixin.py:109} INFO - [2022-03-23 18:47:00,609] {dag.py:2935} INFO - Setting next_dagrun for example_task_group_decorator to 2022-03-22T18:47:00.609077+00:00
[2022-03-23 18:47:00,628] {processor.py:171} INFO - Processing /home/airflow/env/lib/python3.8/site-packages/airflow/example_dags/example_task_group_decorator.py took 0.318 seconds
[2022-03-23 18:47:36,881] {processor.py:163} INFO - Started process (PID=6757) to work on /home/airflow/env/lib/python3.8/site-packages/airflow/example_dags/example_task_group_decorator.py
[2022-03-23 18:47:36,883] {processor.py:642} INFO - Processing file /home/airflow/env/lib/python3.8/site-packages/airflow/example_dags/example_task_group_decorator.py for tasks to queue
[2022-03-23 18:47:36,884] {logging_mixin.py:109} INFO - [2022-03-23 18:47:36,884] {dagbag.py:500} INFO - Filling up the DagBag from /home/airflow/env/lib/python3.8/site-packages/airflow/example_dags/example_task_group_decorator.py
[2022-03-23 18:47:36,954] {processor.py:654} INFO - DAG(s) dict_keys(['example_task_group_decorator']) retrieved from /home/airflow/env/lib/python3.8/site-packages/airflow/example_dags/example_task_group_decorator.py
[2022-03-23 18:47:37,295] {logging_mixin.py:109} INFO - [2022-03-23 18:47:37,295] {dag.py:2396} INFO - Sync 1 DAGs
[2022-03-23 18:47:37,313] {logging_mixin.py:109} INFO - [2022-03-23 18:47:37,313] {dag.py:2935} INFO - Setting next_dagrun for example_task_group_decorator to 2022-03-22T18:47:37.312602+00:00
[2022-03-23 18:47:37,335] {processor.py:171} INFO - Processing /home/airflow/env/lib/python3.8/site-packages/airflow/example_dags/example_task_group_decorator.py took 0.460 seconds
[2022-03-23 18:48:09,590] {processor.py:163} INFO - Started process (PID=6790) to work on /home/airflow/env/lib/python3.8/site-packages/airflow/example_dags/example_task_group_decorator.py
[2022-03-23 18:48:09,592] {processor.py:642} INFO - Processing file /home/airflow/env/lib/python3.8/site-packages/airflow/example_dags/example_task_group_decorator.py for tasks to queue
[2022-03-23 18:48:09,604] {logging_mixin.py:109} INFO - [2022-03-23 18:48:09,604] {dagbag.py:500} INFO - Filling up the DagBag from /home/airflow/env/lib/python3.8/site-packages/airflow/example_dags/example_task_group_decorator.py
[2022-03-23 18:48:09,814] {processor.py:654} INFO - DAG(s) dict_keys(['example_task_group_decorator']) retrieved from /home/airflow/env/lib/python3.8/site-packages/airflow/example_dags/example_task_group_decorator.py
[2022-03-23 18:48:10,738] {logging_mixin.py:109} INFO - [2022-03-23 18:48:10,738] {dag.py:2396} INFO - Sync 1 DAGs
[2022-03-23 18:48:10,791] {logging_mixin.py:109} INFO - [2022-03-23 18:48:10,791] {dag.py:2935} INFO - Setting next_dagrun for example_task_group_decorator to 2022-03-22T18:48:10.791218+00:00
[2022-03-23 18:48:10,859] {processor.py:171} INFO - Processing /home/airflow/env/lib/python3.8/site-packages/airflow/example_dags/example_task_group_decorator.py took 1.281 seconds
[2022-03-23 18:48:45,159] {processor.py:163} INFO - Started process (PID=6823) to work on /home/airflow/env/lib/python3.8/site-packages/airflow/example_dags/example_task_group_decorator.py
[2022-03-23 18:48:45,160] {processor.py:642} INFO - Processing file /home/airflow/env/lib/python3.8/site-packages/airflow/example_dags/example_task_group_decorator.py for tasks to queue
[2022-03-23 18:48:45,161] {logging_mixin.py:109} INFO - [2022-03-23 18:48:45,160] {dagbag.py:500} INFO - Filling up the DagBag from /home/airflow/env/lib/python3.8/site-packages/airflow/example_dags/example_task_group_decorator.py
[2022-03-23 18:48:45,192] {processor.py:654} INFO - DAG(s) dict_keys(['example_task_group_decorator']) retrieved from /home/airflow/env/lib/python3.8/site-packages/airflow/example_dags/example_task_group_decorator.py
[2022-03-23 18:48:45,432] {logging_mixin.py:109} INFO - [2022-03-23 18:48:45,432] {dag.py:2396} INFO - Sync 1 DAGs
[2022-03-23 18:48:45,444] {logging_mixin.py:109} INFO - [2022-03-23 18:48:45,444] {dag.py:2935} INFO - Setting next_dagrun for example_task_group_decorator to 2022-03-22T18:48:45.443757+00:00
[2022-03-23 18:48:45,468] {processor.py:171} INFO - Processing /home/airflow/env/lib/python3.8/site-packages/airflow/example_dags/example_task_group_decorator.py took 0.312 seconds
[2022-03-23 18:49:15,882] {processor.py:163} INFO - Started process (PID=6854) to work on /home/airflow/env/lib/python3.8/site-packages/airflow/example_dags/example_task_group_decorator.py
[2022-03-23 18:49:15,883] {processor.py:642} INFO - Processing file /home/airflow/env/lib/python3.8/site-packages/airflow/example_dags/example_task_group_decorator.py for tasks to queue
[2022-03-23 18:49:15,883] {logging_mixin.py:109} INFO - [2022-03-23 18:49:15,883] {dagbag.py:500} INFO - Filling up the DagBag from /home/airflow/env/lib/python3.8/site-packages/airflow/example_dags/example_task_group_decorator.py
[2022-03-23 18:49:15,917] {processor.py:654} INFO - DAG(s) dict_keys(['example_task_group_decorator']) retrieved from /home/airflow/env/lib/python3.8/site-packages/airflow/example_dags/example_task_group_decorator.py
[2022-03-23 18:49:16,204] {logging_mixin.py:109} INFO - [2022-03-23 18:49:16,204] {dag.py:2396} INFO - Sync 1 DAGs
[2022-03-23 18:49:16,217] {logging_mixin.py:109} INFO - [2022-03-23 18:49:16,217] {dag.py:2935} INFO - Setting next_dagrun for example_task_group_decorator to 2022-03-22T18:49:16.216867+00:00
[2022-03-23 18:49:16,236] {processor.py:171} INFO - Processing /home/airflow/env/lib/python3.8/site-packages/airflow/example_dags/example_task_group_decorator.py took 0.357 seconds
[2022-03-23 18:49:49,270] {processor.py:163} INFO - Started process (PID=7006) to work on /home/airflow/env/lib/python3.8/site-packages/airflow/example_dags/example_task_group_decorator.py
[2022-03-23 18:49:49,272] {processor.py:642} INFO - Processing file /home/airflow/env/lib/python3.8/site-packages/airflow/example_dags/example_task_group_decorator.py for tasks to queue
[2022-03-23 18:49:49,273] {logging_mixin.py:109} INFO - [2022-03-23 18:49:49,273] {dagbag.py:500} INFO - Filling up the DagBag from /home/airflow/env/lib/python3.8/site-packages/airflow/example_dags/example_task_group_decorator.py
[2022-03-23 18:49:49,305] {processor.py:654} INFO - DAG(s) dict_keys(['example_task_group_decorator']) retrieved from /home/airflow/env/lib/python3.8/site-packages/airflow/example_dags/example_task_group_decorator.py
[2022-03-23 18:49:49,526] {logging_mixin.py:109} INFO - [2022-03-23 18:49:49,526] {dag.py:2396} INFO - Sync 1 DAGs
[2022-03-23 18:49:49,537] {logging_mixin.py:109} INFO - [2022-03-23 18:49:49,537] {dag.py:2935} INFO - Setting next_dagrun for example_task_group_decorator to 2022-03-22T18:49:49.537321+00:00
[2022-03-23 18:49:49,564] {processor.py:171} INFO - Processing /home/airflow/env/lib/python3.8/site-packages/airflow/example_dags/example_task_group_decorator.py took 0.298 seconds
[2022-03-23 18:50:20,518] {processor.py:163} INFO - Started process (PID=7036) to work on /home/airflow/env/lib/python3.8/site-packages/airflow/example_dags/example_task_group_decorator.py
[2022-03-23 18:50:20,519] {processor.py:642} INFO - Processing file /home/airflow/env/lib/python3.8/site-packages/airflow/example_dags/example_task_group_decorator.py for tasks to queue
[2022-03-23 18:50:20,520] {logging_mixin.py:109} INFO - [2022-03-23 18:50:20,520] {dagbag.py:500} INFO - Filling up the DagBag from /home/airflow/env/lib/python3.8/site-packages/airflow/example_dags/example_task_group_decorator.py
[2022-03-23 18:50:20,557] {processor.py:654} INFO - DAG(s) dict_keys(['example_task_group_decorator']) retrieved from /home/airflow/env/lib/python3.8/site-packages/airflow/example_dags/example_task_group_decorator.py
[2022-03-23 18:50:20,777] {logging_mixin.py:109} INFO - [2022-03-23 18:50:20,777] {dag.py:2396} INFO - Sync 1 DAGs
[2022-03-23 18:50:20,789] {logging_mixin.py:109} INFO - [2022-03-23 18:50:20,789] {dag.py:2935} INFO - Setting next_dagrun for example_task_group_decorator to 2022-03-22T18:50:20.788723+00:00
[2022-03-23 18:50:20,809] {processor.py:171} INFO - Processing /home/airflow/env/lib/python3.8/site-packages/airflow/example_dags/example_task_group_decorator.py took 0.295 seconds
[2022-03-23 18:50:51,579] {processor.py:163} INFO - Started process (PID=7121) to work on /home/airflow/env/lib/python3.8/site-packages/airflow/example_dags/example_task_group_decorator.py
[2022-03-23 18:50:51,580] {processor.py:642} INFO - Processing file /home/airflow/env/lib/python3.8/site-packages/airflow/example_dags/example_task_group_decorator.py for tasks to queue
[2022-03-23 18:50:51,581] {logging_mixin.py:109} INFO - [2022-03-23 18:50:51,581] {dagbag.py:500} INFO - Filling up the DagBag from /home/airflow/env/lib/python3.8/site-packages/airflow/example_dags/example_task_group_decorator.py
[2022-03-23 18:50:51,610] {processor.py:654} INFO - DAG(s) dict_keys(['example_task_group_decorator']) retrieved from /home/airflow/env/lib/python3.8/site-packages/airflow/example_dags/example_task_group_decorator.py
[2022-03-23 18:50:51,809] {logging_mixin.py:109} INFO - [2022-03-23 18:50:51,809] {dag.py:2396} INFO - Sync 1 DAGs
[2022-03-23 18:50:51,819] {logging_mixin.py:109} INFO - [2022-03-23 18:50:51,819] {dag.py:2935} INFO - Setting next_dagrun for example_task_group_decorator to 2022-03-22T18:50:51.819219+00:00
[2022-03-23 18:50:51,843] {processor.py:171} INFO - Processing /home/airflow/env/lib/python3.8/site-packages/airflow/example_dags/example_task_group_decorator.py took 0.266 seconds
[2022-03-23 18:51:24,753] {processor.py:163} INFO - Started process (PID=7154) to work on /home/airflow/env/lib/python3.8/site-packages/airflow/example_dags/example_task_group_decorator.py
[2022-03-23 18:51:24,754] {processor.py:642} INFO - Processing file /home/airflow/env/lib/python3.8/site-packages/airflow/example_dags/example_task_group_decorator.py for tasks to queue
[2022-03-23 18:51:24,755] {logging_mixin.py:109} INFO - [2022-03-23 18:51:24,755] {dagbag.py:500} INFO - Filling up the DagBag from /home/airflow/env/lib/python3.8/site-packages/airflow/example_dags/example_task_group_decorator.py
[2022-03-23 18:51:24,801] {processor.py:654} INFO - DAG(s) dict_keys(['example_task_group_decorator']) retrieved from /home/airflow/env/lib/python3.8/site-packages/airflow/example_dags/example_task_group_decorator.py
[2022-03-23 18:51:25,064] {logging_mixin.py:109} INFO - [2022-03-23 18:51:25,064] {dag.py:2396} INFO - Sync 1 DAGs
[2022-03-23 18:51:25,075] {logging_mixin.py:109} INFO - [2022-03-23 18:51:25,075] {dag.py:2935} INFO - Setting next_dagrun for example_task_group_decorator to 2022-03-22T18:51:25.074796+00:00
[2022-03-23 18:51:25,093] {processor.py:171} INFO - Processing /home/airflow/env/lib/python3.8/site-packages/airflow/example_dags/example_task_group_decorator.py took 0.345 seconds
[2022-03-23 18:51:57,144] {processor.py:163} INFO - Started process (PID=7185) to work on /home/airflow/env/lib/python3.8/site-packages/airflow/example_dags/example_task_group_decorator.py
[2022-03-23 18:51:57,146] {processor.py:642} INFO - Processing file /home/airflow/env/lib/python3.8/site-packages/airflow/example_dags/example_task_group_decorator.py for tasks to queue
[2022-03-23 18:51:57,147] {logging_mixin.py:109} INFO - [2022-03-23 18:51:57,146] {dagbag.py:500} INFO - Filling up the DagBag from /home/airflow/env/lib/python3.8/site-packages/airflow/example_dags/example_task_group_decorator.py
[2022-03-23 18:51:57,192] {processor.py:654} INFO - DAG(s) dict_keys(['example_task_group_decorator']) retrieved from /home/airflow/env/lib/python3.8/site-packages/airflow/example_dags/example_task_group_decorator.py
[2022-03-23 18:51:57,457] {logging_mixin.py:109} INFO - [2022-03-23 18:51:57,457] {dag.py:2396} INFO - Sync 1 DAGs
[2022-03-23 18:51:57,466] {logging_mixin.py:109} INFO - [2022-03-23 18:51:57,466] {dag.py:2935} INFO - Setting next_dagrun for example_task_group_decorator to 2022-03-22T18:51:57.466164+00:00
[2022-03-23 18:51:57,487] {processor.py:171} INFO - Processing /home/airflow/env/lib/python3.8/site-packages/airflow/example_dags/example_task_group_decorator.py took 0.346 seconds
[2022-03-23 18:52:29,757] {processor.py:163} INFO - Started process (PID=7218) to work on /home/airflow/env/lib/python3.8/site-packages/airflow/example_dags/example_task_group_decorator.py
[2022-03-23 18:52:29,758] {processor.py:642} INFO - Processing file /home/airflow/env/lib/python3.8/site-packages/airflow/example_dags/example_task_group_decorator.py for tasks to queue
[2022-03-23 18:52:29,758] {logging_mixin.py:109} INFO - [2022-03-23 18:52:29,758] {dagbag.py:500} INFO - Filling up the DagBag from /home/airflow/env/lib/python3.8/site-packages/airflow/example_dags/example_task_group_decorator.py
[2022-03-23 18:52:29,791] {processor.py:654} INFO - DAG(s) dict_keys(['example_task_group_decorator']) retrieved from /home/airflow/env/lib/python3.8/site-packages/airflow/example_dags/example_task_group_decorator.py
[2022-03-23 18:52:30,042] {logging_mixin.py:109} INFO - [2022-03-23 18:52:30,042] {dag.py:2396} INFO - Sync 1 DAGs
[2022-03-23 18:52:30,056] {logging_mixin.py:109} INFO - [2022-03-23 18:52:30,056] {dag.py:2935} INFO - Setting next_dagrun for example_task_group_decorator to 2022-03-22T18:52:30.055977+00:00
[2022-03-23 18:52:30,076] {processor.py:171} INFO - Processing /home/airflow/env/lib/python3.8/site-packages/airflow/example_dags/example_task_group_decorator.py took 0.321 seconds
[2022-03-23 18:53:03,717] {processor.py:163} INFO - Started process (PID=7251) to work on /home/airflow/env/lib/python3.8/site-packages/airflow/example_dags/example_task_group_decorator.py
[2022-03-23 18:53:03,719] {processor.py:642} INFO - Processing file /home/airflow/env/lib/python3.8/site-packages/airflow/example_dags/example_task_group_decorator.py for tasks to queue
[2022-03-23 18:53:03,721] {logging_mixin.py:109} INFO - [2022-03-23 18:53:03,720] {dagbag.py:500} INFO - Filling up the DagBag from /home/airflow/env/lib/python3.8/site-packages/airflow/example_dags/example_task_group_decorator.py
[2022-03-23 18:53:03,760] {processor.py:654} INFO - DAG(s) dict_keys(['example_task_group_decorator']) retrieved from /home/airflow/env/lib/python3.8/site-packages/airflow/example_dags/example_task_group_decorator.py
[2022-03-23 18:53:04,008] {logging_mixin.py:109} INFO - [2022-03-23 18:53:04,008] {dag.py:2396} INFO - Sync 1 DAGs
[2022-03-23 18:53:04,019] {logging_mixin.py:109} INFO - [2022-03-23 18:53:04,019] {dag.py:2935} INFO - Setting next_dagrun for example_task_group_decorator to 2022-03-22T18:53:04.018633+00:00
[2022-03-23 18:53:04,044] {processor.py:171} INFO - Processing /home/airflow/env/lib/python3.8/site-packages/airflow/example_dags/example_task_group_decorator.py took 0.329 seconds
[2022-03-23 18:53:34,570] {processor.py:163} INFO - Started process (PID=7281) to work on /home/airflow/env/lib/python3.8/site-packages/airflow/example_dags/example_task_group_decorator.py
[2022-03-23 18:53:34,571] {processor.py:642} INFO - Processing file /home/airflow/env/lib/python3.8/site-packages/airflow/example_dags/example_task_group_decorator.py for tasks to queue
[2022-03-23 18:53:34,571] {logging_mixin.py:109} INFO - [2022-03-23 18:53:34,571] {dagbag.py:500} INFO - Filling up the DagBag from /home/airflow/env/lib/python3.8/site-packages/airflow/example_dags/example_task_group_decorator.py
[2022-03-23 18:53:34,603] {processor.py:654} INFO - DAG(s) dict_keys(['example_task_group_decorator']) retrieved from /home/airflow/env/lib/python3.8/site-packages/airflow/example_dags/example_task_group_decorator.py
[2022-03-23 18:53:34,825] {logging_mixin.py:109} INFO - [2022-03-23 18:53:34,825] {dag.py:2396} INFO - Sync 1 DAGs
[2022-03-23 18:53:34,837] {logging_mixin.py:109} INFO - [2022-03-23 18:53:34,837] {dag.py:2935} INFO - Setting next_dagrun for example_task_group_decorator to 2022-03-22T18:53:34.836826+00:00
[2022-03-23 18:53:34,856] {processor.py:171} INFO - Processing /home/airflow/env/lib/python3.8/site-packages/airflow/example_dags/example_task_group_decorator.py took 0.288 seconds
[2022-03-23 18:54:05,746] {processor.py:163} INFO - Started process (PID=7311) to work on /home/airflow/env/lib/python3.8/site-packages/airflow/example_dags/example_task_group_decorator.py
[2022-03-23 18:54:05,748] {processor.py:642} INFO - Processing file /home/airflow/env/lib/python3.8/site-packages/airflow/example_dags/example_task_group_decorator.py for tasks to queue
[2022-03-23 18:54:05,749] {logging_mixin.py:109} INFO - [2022-03-23 18:54:05,749] {dagbag.py:500} INFO - Filling up the DagBag from /home/airflow/env/lib/python3.8/site-packages/airflow/example_dags/example_task_group_decorator.py
[2022-03-23 18:54:05,783] {processor.py:654} INFO - DAG(s) dict_keys(['example_task_group_decorator']) retrieved from /home/airflow/env/lib/python3.8/site-packages/airflow/example_dags/example_task_group_decorator.py
[2022-03-23 18:54:05,993] {logging_mixin.py:109} INFO - [2022-03-23 18:54:05,993] {dag.py:2396} INFO - Sync 1 DAGs
[2022-03-23 18:54:06,004] {logging_mixin.py:109} INFO - [2022-03-23 18:54:06,003] {dag.py:2935} INFO - Setting next_dagrun for example_task_group_decorator to 2022-03-22T18:54:06.003576+00:00
[2022-03-23 18:54:06,022] {processor.py:171} INFO - Processing /home/airflow/env/lib/python3.8/site-packages/airflow/example_dags/example_task_group_decorator.py took 0.278 seconds
[2022-03-23 18:54:37,947] {processor.py:163} INFO - Started process (PID=7341) to work on /home/airflow/env/lib/python3.8/site-packages/airflow/example_dags/example_task_group_decorator.py
[2022-03-23 18:54:37,947] {processor.py:642} INFO - Processing file /home/airflow/env/lib/python3.8/site-packages/airflow/example_dags/example_task_group_decorator.py for tasks to queue
[2022-03-23 18:54:37,948] {logging_mixin.py:109} INFO - [2022-03-23 18:54:37,948] {dagbag.py:500} INFO - Filling up the DagBag from /home/airflow/env/lib/python3.8/site-packages/airflow/example_dags/example_task_group_decorator.py
[2022-03-23 18:54:37,976] {processor.py:654} INFO - DAG(s) dict_keys(['example_task_group_decorator']) retrieved from /home/airflow/env/lib/python3.8/site-packages/airflow/example_dags/example_task_group_decorator.py
[2022-03-23 18:54:38,204] {logging_mixin.py:109} INFO - [2022-03-23 18:54:38,203] {dag.py:2396} INFO - Sync 1 DAGs
[2022-03-23 18:54:38,213] {logging_mixin.py:109} INFO - [2022-03-23 18:54:38,213] {dag.py:2935} INFO - Setting next_dagrun for example_task_group_decorator to 2022-03-22T18:54:38.213052+00:00
[2022-03-23 18:54:38,233] {processor.py:171} INFO - Processing /home/airflow/env/lib/python3.8/site-packages/airflow/example_dags/example_task_group_decorator.py took 0.289 seconds
[2022-03-23 18:55:10,101] {processor.py:163} INFO - Started process (PID=7373) to work on /home/airflow/env/lib/python3.8/site-packages/airflow/example_dags/example_task_group_decorator.py
[2022-03-23 18:55:10,103] {processor.py:642} INFO - Processing file /home/airflow/env/lib/python3.8/site-packages/airflow/example_dags/example_task_group_decorator.py for tasks to queue
[2022-03-23 18:55:10,104] {logging_mixin.py:109} INFO - [2022-03-23 18:55:10,103] {dagbag.py:500} INFO - Filling up the DagBag from /home/airflow/env/lib/python3.8/site-packages/airflow/example_dags/example_task_group_decorator.py
[2022-03-23 18:55:10,171] {processor.py:654} INFO - DAG(s) dict_keys(['example_task_group_decorator']) retrieved from /home/airflow/env/lib/python3.8/site-packages/airflow/example_dags/example_task_group_decorator.py
[2022-03-23 18:55:10,515] {logging_mixin.py:109} INFO - [2022-03-23 18:55:10,514] {dag.py:2396} INFO - Sync 1 DAGs
[2022-03-23 18:55:10,528] {logging_mixin.py:109} INFO - [2022-03-23 18:55:10,528] {dag.py:2935} INFO - Setting next_dagrun for example_task_group_decorator to 2022-03-22T18:55:10.528087+00:00
[2022-03-23 18:55:10,545] {processor.py:171} INFO - Processing /home/airflow/env/lib/python3.8/site-packages/airflow/example_dags/example_task_group_decorator.py took 0.449 seconds
[2022-03-23 18:55:44,917] {processor.py:163} INFO - Started process (PID=7463) to work on /home/airflow/env/lib/python3.8/site-packages/airflow/example_dags/example_task_group_decorator.py
[2022-03-23 18:55:44,918] {processor.py:642} INFO - Processing file /home/airflow/env/lib/python3.8/site-packages/airflow/example_dags/example_task_group_decorator.py for tasks to queue
[2022-03-23 18:55:44,919] {logging_mixin.py:109} INFO - [2022-03-23 18:55:44,919] {dagbag.py:500} INFO - Filling up the DagBag from /home/airflow/env/lib/python3.8/site-packages/airflow/example_dags/example_task_group_decorator.py
[2022-03-23 18:55:44,949] {processor.py:654} INFO - DAG(s) dict_keys(['example_task_group_decorator']) retrieved from /home/airflow/env/lib/python3.8/site-packages/airflow/example_dags/example_task_group_decorator.py
[2022-03-23 18:55:45,181] {logging_mixin.py:109} INFO - [2022-03-23 18:55:45,181] {dag.py:2396} INFO - Sync 1 DAGs
[2022-03-23 18:55:45,193] {logging_mixin.py:109} INFO - [2022-03-23 18:55:45,193] {dag.py:2935} INFO - Setting next_dagrun for example_task_group_decorator to 2022-03-22T18:55:45.193407+00:00
[2022-03-23 18:55:45,214] {processor.py:171} INFO - Processing /home/airflow/env/lib/python3.8/site-packages/airflow/example_dags/example_task_group_decorator.py took 0.300 seconds
[2022-03-23 18:56:17,511] {processor.py:163} INFO - Started process (PID=7495) to work on /home/airflow/env/lib/python3.8/site-packages/airflow/example_dags/example_task_group_decorator.py
[2022-03-23 18:56:17,512] {processor.py:642} INFO - Processing file /home/airflow/env/lib/python3.8/site-packages/airflow/example_dags/example_task_group_decorator.py for tasks to queue
[2022-03-23 18:56:17,513] {logging_mixin.py:109} INFO - [2022-03-23 18:56:17,513] {dagbag.py:500} INFO - Filling up the DagBag from /home/airflow/env/lib/python3.8/site-packages/airflow/example_dags/example_task_group_decorator.py
[2022-03-23 18:56:17,542] {processor.py:654} INFO - DAG(s) dict_keys(['example_task_group_decorator']) retrieved from /home/airflow/env/lib/python3.8/site-packages/airflow/example_dags/example_task_group_decorator.py
[2022-03-23 18:56:17,739] {logging_mixin.py:109} INFO - [2022-03-23 18:56:17,739] {dag.py:2396} INFO - Sync 1 DAGs
[2022-03-23 18:56:17,749] {logging_mixin.py:109} INFO - [2022-03-23 18:56:17,748] {dag.py:2935} INFO - Setting next_dagrun for example_task_group_decorator to 2022-03-22T18:56:17.748746+00:00
[2022-03-23 18:56:17,769] {processor.py:171} INFO - Processing /home/airflow/env/lib/python3.8/site-packages/airflow/example_dags/example_task_group_decorator.py took 0.260 seconds
[2022-03-23 18:56:50,494] {processor.py:163} INFO - Started process (PID=7526) to work on /home/airflow/env/lib/python3.8/site-packages/airflow/example_dags/example_task_group_decorator.py
[2022-03-23 18:56:50,494] {processor.py:642} INFO - Processing file /home/airflow/env/lib/python3.8/site-packages/airflow/example_dags/example_task_group_decorator.py for tasks to queue
[2022-03-23 18:56:50,495] {logging_mixin.py:109} INFO - [2022-03-23 18:56:50,495] {dagbag.py:500} INFO - Filling up the DagBag from /home/airflow/env/lib/python3.8/site-packages/airflow/example_dags/example_task_group_decorator.py
[2022-03-23 18:56:50,527] {processor.py:654} INFO - DAG(s) dict_keys(['example_task_group_decorator']) retrieved from /home/airflow/env/lib/python3.8/site-packages/airflow/example_dags/example_task_group_decorator.py
[2022-03-23 18:56:50,746] {logging_mixin.py:109} INFO - [2022-03-23 18:56:50,746] {dag.py:2396} INFO - Sync 1 DAGs
[2022-03-23 18:56:50,757] {logging_mixin.py:109} INFO - [2022-03-23 18:56:50,757] {dag.py:2935} INFO - Setting next_dagrun for example_task_group_decorator to 2022-03-22T18:56:50.757180+00:00
[2022-03-23 18:56:50,785] {processor.py:171} INFO - Processing /home/airflow/env/lib/python3.8/site-packages/airflow/example_dags/example_task_group_decorator.py took 0.294 seconds
[2022-03-23 18:57:21,714] {processor.py:163} INFO - Started process (PID=7557) to work on /home/airflow/env/lib/python3.8/site-packages/airflow/example_dags/example_task_group_decorator.py
[2022-03-23 18:57:21,718] {processor.py:642} INFO - Processing file /home/airflow/env/lib/python3.8/site-packages/airflow/example_dags/example_task_group_decorator.py for tasks to queue
[2022-03-23 18:57:21,719] {logging_mixin.py:109} INFO - [2022-03-23 18:57:21,719] {dagbag.py:500} INFO - Filling up the DagBag from /home/airflow/env/lib/python3.8/site-packages/airflow/example_dags/example_task_group_decorator.py
[2022-03-23 18:57:21,819] {processor.py:654} INFO - DAG(s) dict_keys(['example_task_group_decorator']) retrieved from /home/airflow/env/lib/python3.8/site-packages/airflow/example_dags/example_task_group_decorator.py
[2022-03-23 18:57:22,373] {logging_mixin.py:109} INFO - [2022-03-23 18:57:22,373] {dag.py:2396} INFO - Sync 1 DAGs
[2022-03-23 18:57:22,415] {logging_mixin.py:109} INFO - [2022-03-23 18:57:22,415] {dag.py:2935} INFO - Setting next_dagrun for example_task_group_decorator to 2022-03-22T18:57:22.415563+00:00
[2022-03-23 18:57:22,457] {processor.py:171} INFO - Processing /home/airflow/env/lib/python3.8/site-packages/airflow/example_dags/example_task_group_decorator.py took 0.747 seconds
[2022-03-23 18:57:55,783] {processor.py:163} INFO - Started process (PID=7608) to work on /home/airflow/env/lib/python3.8/site-packages/airflow/example_dags/example_task_group_decorator.py
[2022-03-23 18:57:55,785] {processor.py:642} INFO - Processing file /home/airflow/env/lib/python3.8/site-packages/airflow/example_dags/example_task_group_decorator.py for tasks to queue
[2022-03-23 18:57:55,786] {logging_mixin.py:109} INFO - [2022-03-23 18:57:55,786] {dagbag.py:500} INFO - Filling up the DagBag from /home/airflow/env/lib/python3.8/site-packages/airflow/example_dags/example_task_group_decorator.py
[2022-03-23 18:57:55,818] {processor.py:654} INFO - DAG(s) dict_keys(['example_task_group_decorator']) retrieved from /home/airflow/env/lib/python3.8/site-packages/airflow/example_dags/example_task_group_decorator.py
[2022-03-23 18:57:56,048] {logging_mixin.py:109} INFO - [2022-03-23 18:57:56,048] {dag.py:2396} INFO - Sync 1 DAGs
[2022-03-23 18:57:56,059] {logging_mixin.py:109} INFO - [2022-03-23 18:57:56,059] {dag.py:2935} INFO - Setting next_dagrun for example_task_group_decorator to 2022-03-22T18:57:56.059144+00:00
[2022-03-23 18:57:56,082] {processor.py:171} INFO - Processing /home/airflow/env/lib/python3.8/site-packages/airflow/example_dags/example_task_group_decorator.py took 0.303 seconds
[2022-03-23 18:58:36,767] {processor.py:163} INFO - Started process (PID=7785) to work on /home/airflow/env/lib/python3.8/site-packages/airflow/example_dags/example_task_group_decorator.py
[2022-03-23 18:58:36,774] {processor.py:642} INFO - Processing file /home/airflow/env/lib/python3.8/site-packages/airflow/example_dags/example_task_group_decorator.py for tasks to queue
[2022-03-23 18:58:36,775] {logging_mixin.py:109} INFO - [2022-03-23 18:58:36,775] {dagbag.py:500} INFO - Filling up the DagBag from /home/airflow/env/lib/python3.8/site-packages/airflow/example_dags/example_task_group_decorator.py
[2022-03-23 18:58:36,971] {processor.py:654} INFO - DAG(s) dict_keys(['example_task_group_decorator']) retrieved from /home/airflow/env/lib/python3.8/site-packages/airflow/example_dags/example_task_group_decorator.py
[2022-03-23 18:58:37,943] {logging_mixin.py:109} INFO - [2022-03-23 18:58:37,943] {dag.py:2396} INFO - Sync 1 DAGs
[2022-03-23 18:58:38,024] {logging_mixin.py:109} INFO - [2022-03-23 18:58:38,024] {dag.py:2935} INFO - Setting next_dagrun for example_task_group_decorator to 2022-03-22T18:58:38.024421+00:00
[2022-03-23 18:58:38,094] {processor.py:171} INFO - Processing /home/airflow/env/lib/python3.8/site-packages/airflow/example_dags/example_task_group_decorator.py took 1.343 seconds
[2022-03-23 18:59:15,886] {processor.py:163} INFO - Started process (PID=7883) to work on /home/airflow/env/lib/python3.8/site-packages/airflow/example_dags/example_task_group_decorator.py
[2022-03-23 18:59:15,893] {processor.py:642} INFO - Processing file /home/airflow/env/lib/python3.8/site-packages/airflow/example_dags/example_task_group_decorator.py for tasks to queue
[2022-03-23 18:59:15,893] {logging_mixin.py:109} INFO - [2022-03-23 18:59:15,893] {dagbag.py:500} INFO - Filling up the DagBag from /home/airflow/env/lib/python3.8/site-packages/airflow/example_dags/example_task_group_decorator.py
[2022-03-23 18:59:15,923] {processor.py:654} INFO - DAG(s) dict_keys(['example_task_group_decorator']) retrieved from /home/airflow/env/lib/python3.8/site-packages/airflow/example_dags/example_task_group_decorator.py
[2022-03-23 18:59:16,135] {logging_mixin.py:109} INFO - [2022-03-23 18:59:16,134] {dag.py:2396} INFO - Sync 1 DAGs
[2022-03-23 18:59:16,145] {logging_mixin.py:109} INFO - [2022-03-23 18:59:16,145] {dag.py:2935} INFO - Setting next_dagrun for example_task_group_decorator to 2022-03-22T18:59:16.144904+00:00
[2022-03-23 18:59:16,168] {processor.py:171} INFO - Processing /home/airflow/env/lib/python3.8/site-packages/airflow/example_dags/example_task_group_decorator.py took 0.284 seconds
[2022-03-23 18:59:48,620] {processor.py:163} INFO - Started process (PID=8017) to work on /home/airflow/env/lib/python3.8/site-packages/airflow/example_dags/example_task_group_decorator.py
[2022-03-23 18:59:48,631] {processor.py:642} INFO - Processing file /home/airflow/env/lib/python3.8/site-packages/airflow/example_dags/example_task_group_decorator.py for tasks to queue
[2022-03-23 18:59:48,637] {logging_mixin.py:109} INFO - [2022-03-23 18:59:48,637] {dagbag.py:500} INFO - Filling up the DagBag from /home/airflow/env/lib/python3.8/site-packages/airflow/example_dags/example_task_group_decorator.py
[2022-03-23 18:59:48,784] {processor.py:654} INFO - DAG(s) dict_keys(['example_task_group_decorator']) retrieved from /home/airflow/env/lib/python3.8/site-packages/airflow/example_dags/example_task_group_decorator.py
[2022-03-23 18:59:49,385] {logging_mixin.py:109} INFO - [2022-03-23 18:59:49,385] {dag.py:2396} INFO - Sync 1 DAGs
[2022-03-23 18:59:49,421] {logging_mixin.py:109} INFO - [2022-03-23 18:59:49,420] {dag.py:2935} INFO - Setting next_dagrun for example_task_group_decorator to 2022-03-22T18:59:49.420658+00:00
[2022-03-23 18:59:49,480] {processor.py:171} INFO - Processing /home/airflow/env/lib/python3.8/site-packages/airflow/example_dags/example_task_group_decorator.py took 0.863 seconds
[2022-03-23 19:00:21,468] {processor.py:163} INFO - Started process (PID=8198) to work on /home/airflow/env/lib/python3.8/site-packages/airflow/example_dags/example_task_group_decorator.py
[2022-03-23 19:00:21,470] {processor.py:642} INFO - Processing file /home/airflow/env/lib/python3.8/site-packages/airflow/example_dags/example_task_group_decorator.py for tasks to queue
[2022-03-23 19:00:21,470] {logging_mixin.py:109} INFO - [2022-03-23 19:00:21,470] {dagbag.py:500} INFO - Filling up the DagBag from /home/airflow/env/lib/python3.8/site-packages/airflow/example_dags/example_task_group_decorator.py
[2022-03-23 19:00:21,516] {processor.py:654} INFO - DAG(s) dict_keys(['example_task_group_decorator']) retrieved from /home/airflow/env/lib/python3.8/site-packages/airflow/example_dags/example_task_group_decorator.py
[2022-03-23 19:00:21,747] {logging_mixin.py:109} INFO - [2022-03-23 19:00:21,747] {dag.py:2396} INFO - Sync 1 DAGs
[2022-03-23 19:00:21,759] {logging_mixin.py:109} INFO - [2022-03-23 19:00:21,759] {dag.py:2935} INFO - Setting next_dagrun for example_task_group_decorator to 2022-03-22T19:00:21.759082+00:00
[2022-03-23 19:00:21,779] {processor.py:171} INFO - Processing /home/airflow/env/lib/python3.8/site-packages/airflow/example_dags/example_task_group_decorator.py took 0.315 seconds
[2022-03-23 19:00:58,115] {processor.py:163} INFO - Started process (PID=8436) to work on /home/airflow/env/lib/python3.8/site-packages/airflow/example_dags/example_task_group_decorator.py
[2022-03-23 19:00:58,126] {processor.py:642} INFO - Processing file /home/airflow/env/lib/python3.8/site-packages/airflow/example_dags/example_task_group_decorator.py for tasks to queue
[2022-03-23 19:00:58,133] {logging_mixin.py:109} INFO - [2022-03-23 19:00:58,133] {dagbag.py:500} INFO - Filling up the DagBag from /home/airflow/env/lib/python3.8/site-packages/airflow/example_dags/example_task_group_decorator.py
[2022-03-23 19:00:58,349] {processor.py:654} INFO - DAG(s) dict_keys(['example_task_group_decorator']) retrieved from /home/airflow/env/lib/python3.8/site-packages/airflow/example_dags/example_task_group_decorator.py
[2022-03-23 19:00:58,927] {logging_mixin.py:109} INFO - [2022-03-23 19:00:58,927] {dag.py:2396} INFO - Sync 1 DAGs
[2022-03-23 19:00:58,940] {logging_mixin.py:109} INFO - [2022-03-23 19:00:58,939] {dag.py:2935} INFO - Setting next_dagrun for example_task_group_decorator to 2022-03-22T19:00:58.939370+00:00
[2022-03-23 19:00:58,964] {processor.py:171} INFO - Processing /home/airflow/env/lib/python3.8/site-packages/airflow/example_dags/example_task_group_decorator.py took 0.875 seconds
[2022-03-23 19:01:34,192] {processor.py:163} INFO - Started process (PID=8471) to work on /home/airflow/env/lib/python3.8/site-packages/airflow/example_dags/example_task_group_decorator.py
[2022-03-23 19:01:34,194] {processor.py:642} INFO - Processing file /home/airflow/env/lib/python3.8/site-packages/airflow/example_dags/example_task_group_decorator.py for tasks to queue
[2022-03-23 19:01:34,195] {logging_mixin.py:109} INFO - [2022-03-23 19:01:34,195] {dagbag.py:500} INFO - Filling up the DagBag from /home/airflow/env/lib/python3.8/site-packages/airflow/example_dags/example_task_group_decorator.py
[2022-03-23 19:01:34,231] {processor.py:654} INFO - DAG(s) dict_keys(['example_task_group_decorator']) retrieved from /home/airflow/env/lib/python3.8/site-packages/airflow/example_dags/example_task_group_decorator.py
[2022-03-23 19:01:34,552] {logging_mixin.py:109} INFO - [2022-03-23 19:01:34,552] {dag.py:2396} INFO - Sync 1 DAGs
[2022-03-23 19:01:34,566] {logging_mixin.py:109} INFO - [2022-03-23 19:01:34,566] {dag.py:2935} INFO - Setting next_dagrun for example_task_group_decorator to 2022-03-22T19:01:34.566356+00:00
[2022-03-23 19:01:34,586] {processor.py:171} INFO - Processing /home/airflow/env/lib/python3.8/site-packages/airflow/example_dags/example_task_group_decorator.py took 0.396 seconds
[2022-03-23 19:02:04,812] {processor.py:163} INFO - Started process (PID=8550) to work on /home/airflow/env/lib/python3.8/site-packages/airflow/example_dags/example_task_group_decorator.py
[2022-03-23 19:02:04,814] {processor.py:642} INFO - Processing file /home/airflow/env/lib/python3.8/site-packages/airflow/example_dags/example_task_group_decorator.py for tasks to queue
[2022-03-23 19:02:04,815] {logging_mixin.py:109} INFO - [2022-03-23 19:02:04,815] {dagbag.py:500} INFO - Filling up the DagBag from /home/airflow/env/lib/python3.8/site-packages/airflow/example_dags/example_task_group_decorator.py
[2022-03-23 19:02:04,865] {processor.py:654} INFO - DAG(s) dict_keys(['example_task_group_decorator']) retrieved from /home/airflow/env/lib/python3.8/site-packages/airflow/example_dags/example_task_group_decorator.py
[2022-03-23 19:02:05,142] {logging_mixin.py:109} INFO - [2022-03-23 19:02:05,142] {dag.py:2396} INFO - Sync 1 DAGs
[2022-03-23 19:02:05,153] {logging_mixin.py:109} INFO - [2022-03-23 19:02:05,153] {dag.py:2935} INFO - Setting next_dagrun for example_task_group_decorator to 2022-03-22T19:02:05.153180+00:00
[2022-03-23 19:02:05,186] {processor.py:171} INFO - Processing /home/airflow/env/lib/python3.8/site-packages/airflow/example_dags/example_task_group_decorator.py took 0.378 seconds
[2022-03-23 19:02:39,985] {processor.py:163} INFO - Started process (PID=8647) to work on /home/airflow/env/lib/python3.8/site-packages/airflow/example_dags/example_task_group_decorator.py
[2022-03-23 19:02:39,986] {processor.py:642} INFO - Processing file /home/airflow/env/lib/python3.8/site-packages/airflow/example_dags/example_task_group_decorator.py for tasks to queue
[2022-03-23 19:02:39,987] {logging_mixin.py:109} INFO - [2022-03-23 19:02:39,987] {dagbag.py:500} INFO - Filling up the DagBag from /home/airflow/env/lib/python3.8/site-packages/airflow/example_dags/example_task_group_decorator.py
[2022-03-23 19:02:40,018] {processor.py:654} INFO - DAG(s) dict_keys(['example_task_group_decorator']) retrieved from /home/airflow/env/lib/python3.8/site-packages/airflow/example_dags/example_task_group_decorator.py
[2022-03-23 19:02:40,217] {logging_mixin.py:109} INFO - [2022-03-23 19:02:40,217] {dag.py:2396} INFO - Sync 1 DAGs
[2022-03-23 19:02:40,226] {logging_mixin.py:109} INFO - [2022-03-23 19:02:40,226] {dag.py:2935} INFO - Setting next_dagrun for example_task_group_decorator to 2022-03-22T19:02:40.226518+00:00
[2022-03-23 19:02:40,246] {processor.py:171} INFO - Processing /home/airflow/env/lib/python3.8/site-packages/airflow/example_dags/example_task_group_decorator.py took 0.264 seconds
[2022-03-23 19:03:11,356] {processor.py:163} INFO - Started process (PID=8742) to work on /home/airflow/env/lib/python3.8/site-packages/airflow/example_dags/example_task_group_decorator.py
[2022-03-23 19:03:11,358] {processor.py:642} INFO - Processing file /home/airflow/env/lib/python3.8/site-packages/airflow/example_dags/example_task_group_decorator.py for tasks to queue
[2022-03-23 19:03:11,359] {logging_mixin.py:109} INFO - [2022-03-23 19:03:11,358] {dagbag.py:500} INFO - Filling up the DagBag from /home/airflow/env/lib/python3.8/site-packages/airflow/example_dags/example_task_group_decorator.py
[2022-03-23 19:03:11,401] {processor.py:654} INFO - DAG(s) dict_keys(['example_task_group_decorator']) retrieved from /home/airflow/env/lib/python3.8/site-packages/airflow/example_dags/example_task_group_decorator.py
[2022-03-23 19:03:11,645] {logging_mixin.py:109} INFO - [2022-03-23 19:03:11,645] {dag.py:2396} INFO - Sync 1 DAGs
[2022-03-23 19:03:11,655] {logging_mixin.py:109} INFO - [2022-03-23 19:03:11,655] {dag.py:2935} INFO - Setting next_dagrun for example_task_group_decorator to 2022-03-22T19:03:11.654903+00:00
[2022-03-23 19:03:11,673] {processor.py:171} INFO - Processing /home/airflow/env/lib/python3.8/site-packages/airflow/example_dags/example_task_group_decorator.py took 0.320 seconds
[2022-03-23 19:03:43,563] {processor.py:163} INFO - Started process (PID=8864) to work on /home/airflow/env/lib/python3.8/site-packages/airflow/example_dags/example_task_group_decorator.py
[2022-03-23 19:03:43,564] {processor.py:642} INFO - Processing file /home/airflow/env/lib/python3.8/site-packages/airflow/example_dags/example_task_group_decorator.py for tasks to queue
[2022-03-23 19:03:43,565] {logging_mixin.py:109} INFO - [2022-03-23 19:03:43,565] {dagbag.py:500} INFO - Filling up the DagBag from /home/airflow/env/lib/python3.8/site-packages/airflow/example_dags/example_task_group_decorator.py
[2022-03-23 19:03:43,609] {processor.py:654} INFO - DAG(s) dict_keys(['example_task_group_decorator']) retrieved from /home/airflow/env/lib/python3.8/site-packages/airflow/example_dags/example_task_group_decorator.py
[2022-03-23 19:03:43,881] {logging_mixin.py:109} INFO - [2022-03-23 19:03:43,881] {dag.py:2396} INFO - Sync 1 DAGs
[2022-03-23 19:03:43,891] {logging_mixin.py:109} INFO - [2022-03-23 19:03:43,891] {dag.py:2935} INFO - Setting next_dagrun for example_task_group_decorator to 2022-03-22T19:03:43.891384+00:00
[2022-03-23 19:03:43,909] {processor.py:171} INFO - Processing /home/airflow/env/lib/python3.8/site-packages/airflow/example_dags/example_task_group_decorator.py took 0.350 seconds
[2022-03-23 19:04:16,136] {processor.py:163} INFO - Started process (PID=8972) to work on /home/airflow/env/lib/python3.8/site-packages/airflow/example_dags/example_task_group_decorator.py
[2022-03-23 19:04:16,139] {processor.py:642} INFO - Processing file /home/airflow/env/lib/python3.8/site-packages/airflow/example_dags/example_task_group_decorator.py for tasks to queue
[2022-03-23 19:04:16,139] {logging_mixin.py:109} INFO - [2022-03-23 19:04:16,139] {dagbag.py:500} INFO - Filling up the DagBag from /home/airflow/env/lib/python3.8/site-packages/airflow/example_dags/example_task_group_decorator.py
[2022-03-23 19:04:16,182] {processor.py:654} INFO - DAG(s) dict_keys(['example_task_group_decorator']) retrieved from /home/airflow/env/lib/python3.8/site-packages/airflow/example_dags/example_task_group_decorator.py
[2022-03-23 19:04:16,403] {logging_mixin.py:109} INFO - [2022-03-23 19:04:16,403] {dag.py:2396} INFO - Sync 1 DAGs
[2022-03-23 19:04:16,415] {logging_mixin.py:109} INFO - [2022-03-23 19:04:16,415] {dag.py:2935} INFO - Setting next_dagrun for example_task_group_decorator to 2022-03-22T19:04:16.415559+00:00
[2022-03-23 19:04:16,445] {processor.py:171} INFO - Processing /home/airflow/env/lib/python3.8/site-packages/airflow/example_dags/example_task_group_decorator.py took 0.315 seconds
[2022-03-23 19:05:02,343] {processor.py:163} INFO - Started process (PID=9076) to work on /home/airflow/env/lib/python3.8/site-packages/airflow/example_dags/example_task_group_decorator.py
[2022-03-23 19:05:02,359] {processor.py:642} INFO - Processing file /home/airflow/env/lib/python3.8/site-packages/airflow/example_dags/example_task_group_decorator.py for tasks to queue
[2022-03-23 19:05:02,362] {logging_mixin.py:109} INFO - [2022-03-23 19:05:02,362] {dagbag.py:500} INFO - Filling up the DagBag from /home/airflow/env/lib/python3.8/site-packages/airflow/example_dags/example_task_group_decorator.py
[2022-03-23 19:05:02,512] {processor.py:654} INFO - DAG(s) dict_keys(['example_task_group_decorator']) retrieved from /home/airflow/env/lib/python3.8/site-packages/airflow/example_dags/example_task_group_decorator.py
[2022-03-23 19:05:03,429] {logging_mixin.py:109} INFO - [2022-03-23 19:05:03,429] {dag.py:2396} INFO - Sync 1 DAGs
[2022-03-23 19:05:03,453] {logging_mixin.py:109} INFO - [2022-03-23 19:05:03,452] {dag.py:2935} INFO - Setting next_dagrun for example_task_group_decorator to 2022-03-22T19:05:03.452647+00:00
[2022-03-23 19:05:03,631] {processor.py:171} INFO - Processing /home/airflow/env/lib/python3.8/site-packages/airflow/example_dags/example_task_group_decorator.py took 1.302 seconds
[2022-03-23 19:05:41,509] {processor.py:163} INFO - Started process (PID=9175) to work on /home/airflow/env/lib/python3.8/site-packages/airflow/example_dags/example_task_group_decorator.py
[2022-03-23 19:05:41,515] {processor.py:642} INFO - Processing file /home/airflow/env/lib/python3.8/site-packages/airflow/example_dags/example_task_group_decorator.py for tasks to queue
[2022-03-23 19:05:41,516] {logging_mixin.py:109} INFO - [2022-03-23 19:05:41,516] {dagbag.py:500} INFO - Filling up the DagBag from /home/airflow/env/lib/python3.8/site-packages/airflow/example_dags/example_task_group_decorator.py
[2022-03-23 19:05:41,548] {processor.py:654} INFO - DAG(s) dict_keys(['example_task_group_decorator']) retrieved from /home/airflow/env/lib/python3.8/site-packages/airflow/example_dags/example_task_group_decorator.py
[2022-03-23 19:05:41,761] {logging_mixin.py:109} INFO - [2022-03-23 19:05:41,761] {dag.py:2396} INFO - Sync 1 DAGs
[2022-03-23 19:05:41,770] {logging_mixin.py:109} INFO - [2022-03-23 19:05:41,770] {dag.py:2935} INFO - Setting next_dagrun for example_task_group_decorator to 2022-03-22T19:05:41.770504+00:00
[2022-03-23 19:05:41,805] {processor.py:171} INFO - Processing /home/airflow/env/lib/python3.8/site-packages/airflow/example_dags/example_task_group_decorator.py took 0.300 seconds
[2022-03-23 19:06:19,257] {processor.py:163} INFO - Started process (PID=9211) to work on /home/airflow/env/lib/python3.8/site-packages/airflow/example_dags/example_task_group_decorator.py
[2022-03-23 19:06:19,259] {processor.py:642} INFO - Processing file /home/airflow/env/lib/python3.8/site-packages/airflow/example_dags/example_task_group_decorator.py for tasks to queue
[2022-03-23 19:06:19,259] {logging_mixin.py:109} INFO - [2022-03-23 19:06:19,259] {dagbag.py:500} INFO - Filling up the DagBag from /home/airflow/env/lib/python3.8/site-packages/airflow/example_dags/example_task_group_decorator.py
[2022-03-23 19:06:19,297] {processor.py:654} INFO - DAG(s) dict_keys(['example_task_group_decorator']) retrieved from /home/airflow/env/lib/python3.8/site-packages/airflow/example_dags/example_task_group_decorator.py
[2022-03-23 19:06:19,592] {logging_mixin.py:109} INFO - [2022-03-23 19:06:19,592] {dag.py:2396} INFO - Sync 1 DAGs
[2022-03-23 19:06:19,629] {logging_mixin.py:109} INFO - [2022-03-23 19:06:19,628] {dag.py:2935} INFO - Setting next_dagrun for example_task_group_decorator to 2022-03-22T19:06:19.628646+00:00
[2022-03-23 19:06:19,672] {processor.py:171} INFO - Processing /home/airflow/env/lib/python3.8/site-packages/airflow/example_dags/example_task_group_decorator.py took 0.417 seconds
[2022-03-23 19:06:53,394] {processor.py:163} INFO - Started process (PID=9244) to work on /home/airflow/env/lib/python3.8/site-packages/airflow/example_dags/example_task_group_decorator.py
[2022-03-23 19:06:53,395] {processor.py:642} INFO - Processing file /home/airflow/env/lib/python3.8/site-packages/airflow/example_dags/example_task_group_decorator.py for tasks to queue
[2022-03-23 19:06:53,396] {logging_mixin.py:109} INFO - [2022-03-23 19:06:53,396] {dagbag.py:500} INFO - Filling up the DagBag from /home/airflow/env/lib/python3.8/site-packages/airflow/example_dags/example_task_group_decorator.py
[2022-03-23 19:06:53,431] {processor.py:654} INFO - DAG(s) dict_keys(['example_task_group_decorator']) retrieved from /home/airflow/env/lib/python3.8/site-packages/airflow/example_dags/example_task_group_decorator.py
[2022-03-23 19:06:53,650] {logging_mixin.py:109} INFO - [2022-03-23 19:06:53,649] {dag.py:2396} INFO - Sync 1 DAGs
[2022-03-23 19:06:53,660] {logging_mixin.py:109} INFO - [2022-03-23 19:06:53,660] {dag.py:2935} INFO - Setting next_dagrun for example_task_group_decorator to 2022-03-22T19:06:53.659869+00:00
[2022-03-23 19:06:53,680] {processor.py:171} INFO - Processing /home/airflow/env/lib/python3.8/site-packages/airflow/example_dags/example_task_group_decorator.py took 0.288 seconds
[2022-03-23 19:07:26,831] {processor.py:163} INFO - Started process (PID=9277) to work on /home/airflow/env/lib/python3.8/site-packages/airflow/example_dags/example_task_group_decorator.py
[2022-03-23 19:07:26,833] {processor.py:642} INFO - Processing file /home/airflow/env/lib/python3.8/site-packages/airflow/example_dags/example_task_group_decorator.py for tasks to queue
[2022-03-23 19:07:26,833] {logging_mixin.py:109} INFO - [2022-03-23 19:07:26,833] {dagbag.py:500} INFO - Filling up the DagBag from /home/airflow/env/lib/python3.8/site-packages/airflow/example_dags/example_task_group_decorator.py
[2022-03-23 19:07:26,867] {processor.py:654} INFO - DAG(s) dict_keys(['example_task_group_decorator']) retrieved from /home/airflow/env/lib/python3.8/site-packages/airflow/example_dags/example_task_group_decorator.py
[2022-03-23 19:07:27,104] {logging_mixin.py:109} INFO - [2022-03-23 19:07:27,104] {dag.py:2396} INFO - Sync 1 DAGs
[2022-03-23 19:07:27,114] {logging_mixin.py:109} INFO - [2022-03-23 19:07:27,114] {dag.py:2935} INFO - Setting next_dagrun for example_task_group_decorator to 2022-03-22T19:07:27.114224+00:00
[2022-03-23 19:07:27,137] {processor.py:171} INFO - Processing /home/airflow/env/lib/python3.8/site-packages/airflow/example_dags/example_task_group_decorator.py took 0.308 seconds
[2022-03-23 19:07:58,929] {processor.py:163} INFO - Started process (PID=9310) to work on /home/airflow/env/lib/python3.8/site-packages/airflow/example_dags/example_task_group_decorator.py
[2022-03-23 19:07:58,930] {processor.py:642} INFO - Processing file /home/airflow/env/lib/python3.8/site-packages/airflow/example_dags/example_task_group_decorator.py for tasks to queue
[2022-03-23 19:07:58,930] {logging_mixin.py:109} INFO - [2022-03-23 19:07:58,930] {dagbag.py:500} INFO - Filling up the DagBag from /home/airflow/env/lib/python3.8/site-packages/airflow/example_dags/example_task_group_decorator.py
[2022-03-23 19:07:58,964] {processor.py:654} INFO - DAG(s) dict_keys(['example_task_group_decorator']) retrieved from /home/airflow/env/lib/python3.8/site-packages/airflow/example_dags/example_task_group_decorator.py
[2022-03-23 19:07:59,195] {logging_mixin.py:109} INFO - [2022-03-23 19:07:59,195] {dag.py:2396} INFO - Sync 1 DAGs
[2022-03-23 19:07:59,208] {logging_mixin.py:109} INFO - [2022-03-23 19:07:59,208] {dag.py:2935} INFO - Setting next_dagrun for example_task_group_decorator to 2022-03-22T19:07:59.208511+00:00
[2022-03-23 19:07:59,228] {processor.py:171} INFO - Processing /home/airflow/env/lib/python3.8/site-packages/airflow/example_dags/example_task_group_decorator.py took 0.301 seconds
[2022-03-23 19:08:35,198] {processor.py:163} INFO - Started process (PID=9344) to work on /home/airflow/env/lib/python3.8/site-packages/airflow/example_dags/example_task_group_decorator.py
[2022-03-23 19:08:35,199] {processor.py:642} INFO - Processing file /home/airflow/env/lib/python3.8/site-packages/airflow/example_dags/example_task_group_decorator.py for tasks to queue
[2022-03-23 19:08:35,200] {logging_mixin.py:109} INFO - [2022-03-23 19:08:35,200] {dagbag.py:500} INFO - Filling up the DagBag from /home/airflow/env/lib/python3.8/site-packages/airflow/example_dags/example_task_group_decorator.py
[2022-03-23 19:08:35,241] {processor.py:654} INFO - DAG(s) dict_keys(['example_task_group_decorator']) retrieved from /home/airflow/env/lib/python3.8/site-packages/airflow/example_dags/example_task_group_decorator.py
[2022-03-23 19:08:35,457] {logging_mixin.py:109} INFO - [2022-03-23 19:08:35,457] {dag.py:2396} INFO - Sync 1 DAGs
[2022-03-23 19:08:35,467] {logging_mixin.py:109} INFO - [2022-03-23 19:08:35,467] {dag.py:2935} INFO - Setting next_dagrun for example_task_group_decorator to 2022-03-22T19:08:35.467282+00:00
[2022-03-23 19:08:35,489] {processor.py:171} INFO - Processing /home/airflow/env/lib/python3.8/site-packages/airflow/example_dags/example_task_group_decorator.py took 0.294 seconds
[2022-03-23 19:09:10,521] {processor.py:163} INFO - Started process (PID=9377) to work on /home/airflow/env/lib/python3.8/site-packages/airflow/example_dags/example_task_group_decorator.py
[2022-03-23 19:09:10,531] {processor.py:642} INFO - Processing file /home/airflow/env/lib/python3.8/site-packages/airflow/example_dags/example_task_group_decorator.py for tasks to queue
[2022-03-23 19:09:10,531] {logging_mixin.py:109} INFO - [2022-03-23 19:09:10,531] {dagbag.py:500} INFO - Filling up the DagBag from /home/airflow/env/lib/python3.8/site-packages/airflow/example_dags/example_task_group_decorator.py
[2022-03-23 19:09:10,707] {processor.py:654} INFO - DAG(s) dict_keys(['example_task_group_decorator']) retrieved from /home/airflow/env/lib/python3.8/site-packages/airflow/example_dags/example_task_group_decorator.py
[2022-03-23 19:09:11,526] {logging_mixin.py:109} INFO - [2022-03-23 19:09:11,526] {dag.py:2396} INFO - Sync 1 DAGs
[2022-03-23 19:09:11,592] {logging_mixin.py:109} INFO - [2022-03-23 19:09:11,592] {dag.py:2935} INFO - Setting next_dagrun for example_task_group_decorator to 2022-03-22T19:09:11.592264+00:00
[2022-03-23 19:09:11,679] {processor.py:171} INFO - Processing /home/airflow/env/lib/python3.8/site-packages/airflow/example_dags/example_task_group_decorator.py took 1.164 seconds
[2022-03-23 19:09:47,675] {processor.py:163} INFO - Started process (PID=9410) to work on /home/airflow/env/lib/python3.8/site-packages/airflow/example_dags/example_task_group_decorator.py
[2022-03-23 19:09:47,676] {processor.py:642} INFO - Processing file /home/airflow/env/lib/python3.8/site-packages/airflow/example_dags/example_task_group_decorator.py for tasks to queue
[2022-03-23 19:09:47,677] {logging_mixin.py:109} INFO - [2022-03-23 19:09:47,677] {dagbag.py:500} INFO - Filling up the DagBag from /home/airflow/env/lib/python3.8/site-packages/airflow/example_dags/example_task_group_decorator.py
[2022-03-23 19:09:47,711] {processor.py:654} INFO - DAG(s) dict_keys(['example_task_group_decorator']) retrieved from /home/airflow/env/lib/python3.8/site-packages/airflow/example_dags/example_task_group_decorator.py
[2022-03-23 19:09:47,950] {logging_mixin.py:109} INFO - [2022-03-23 19:09:47,950] {dag.py:2396} INFO - Sync 1 DAGs
[2022-03-23 19:09:47,960] {logging_mixin.py:109} INFO - [2022-03-23 19:09:47,960] {dag.py:2935} INFO - Setting next_dagrun for example_task_group_decorator to 2022-03-22T19:09:47.960077+00:00
[2022-03-23 19:09:47,983] {processor.py:171} INFO - Processing /home/airflow/env/lib/python3.8/site-packages/airflow/example_dags/example_task_group_decorator.py took 0.310 seconds
[2022-03-23 19:10:21,724] {processor.py:163} INFO - Started process (PID=9444) to work on /home/airflow/env/lib/python3.8/site-packages/airflow/example_dags/example_task_group_decorator.py
[2022-03-23 19:10:21,725] {processor.py:642} INFO - Processing file /home/airflow/env/lib/python3.8/site-packages/airflow/example_dags/example_task_group_decorator.py for tasks to queue
[2022-03-23 19:10:21,725] {logging_mixin.py:109} INFO - [2022-03-23 19:10:21,725] {dagbag.py:500} INFO - Filling up the DagBag from /home/airflow/env/lib/python3.8/site-packages/airflow/example_dags/example_task_group_decorator.py
[2022-03-23 19:10:21,758] {processor.py:654} INFO - DAG(s) dict_keys(['example_task_group_decorator']) retrieved from /home/airflow/env/lib/python3.8/site-packages/airflow/example_dags/example_task_group_decorator.py
[2022-03-23 19:10:21,983] {logging_mixin.py:109} INFO - [2022-03-23 19:10:21,982] {dag.py:2396} INFO - Sync 1 DAGs
[2022-03-23 19:10:21,993] {logging_mixin.py:109} INFO - [2022-03-23 19:10:21,993] {dag.py:2935} INFO - Setting next_dagrun for example_task_group_decorator to 2022-03-22T19:10:21.993457+00:00
[2022-03-23 19:10:22,018] {processor.py:171} INFO - Processing /home/airflow/env/lib/python3.8/site-packages/airflow/example_dags/example_task_group_decorator.py took 0.296 seconds
[2022-03-23 19:10:56,591] {processor.py:163} INFO - Started process (PID=9535) to work on /home/airflow/env/lib/python3.8/site-packages/airflow/example_dags/example_task_group_decorator.py
[2022-03-23 19:10:56,593] {processor.py:642} INFO - Processing file /home/airflow/env/lib/python3.8/site-packages/airflow/example_dags/example_task_group_decorator.py for tasks to queue
[2022-03-23 19:10:56,593] {logging_mixin.py:109} INFO - [2022-03-23 19:10:56,593] {dagbag.py:500} INFO - Filling up the DagBag from /home/airflow/env/lib/python3.8/site-packages/airflow/example_dags/example_task_group_decorator.py
[2022-03-23 19:10:56,644] {processor.py:654} INFO - DAG(s) dict_keys(['example_task_group_decorator']) retrieved from /home/airflow/env/lib/python3.8/site-packages/airflow/example_dags/example_task_group_decorator.py
[2022-03-23 19:10:57,813] {logging_mixin.py:109} INFO - [2022-03-23 19:10:57,813] {dag.py:2396} INFO - Sync 1 DAGs
[2022-03-23 19:10:57,898] {logging_mixin.py:109} INFO - [2022-03-23 19:10:57,898] {dag.py:2935} INFO - Setting next_dagrun for example_task_group_decorator to 2022-03-22T19:10:57.898158+00:00
[2022-03-23 19:10:57,965] {processor.py:171} INFO - Processing /home/airflow/env/lib/python3.8/site-packages/airflow/example_dags/example_task_group_decorator.py took 1.377 seconds
[2022-03-23 19:11:32,717] {processor.py:163} INFO - Started process (PID=9570) to work on /home/airflow/env/lib/python3.8/site-packages/airflow/example_dags/example_task_group_decorator.py
[2022-03-23 19:11:32,720] {processor.py:642} INFO - Processing file /home/airflow/env/lib/python3.8/site-packages/airflow/example_dags/example_task_group_decorator.py for tasks to queue
[2022-03-23 19:11:32,721] {logging_mixin.py:109} INFO - [2022-03-23 19:11:32,721] {dagbag.py:500} INFO - Filling up the DagBag from /home/airflow/env/lib/python3.8/site-packages/airflow/example_dags/example_task_group_decorator.py
[2022-03-23 19:11:32,759] {processor.py:654} INFO - DAG(s) dict_keys(['example_task_group_decorator']) retrieved from /home/airflow/env/lib/python3.8/site-packages/airflow/example_dags/example_task_group_decorator.py
[2022-03-23 19:11:33,026] {logging_mixin.py:109} INFO - [2022-03-23 19:11:33,025] {dag.py:2396} INFO - Sync 1 DAGs
[2022-03-23 19:11:33,040] {logging_mixin.py:109} INFO - [2022-03-23 19:11:33,040] {dag.py:2935} INFO - Setting next_dagrun for example_task_group_decorator to 2022-03-22T19:11:33.039960+00:00
[2022-03-23 19:11:33,061] {processor.py:171} INFO - Processing /home/airflow/env/lib/python3.8/site-packages/airflow/example_dags/example_task_group_decorator.py took 0.347 seconds
[2022-03-23 19:12:05,298] {processor.py:163} INFO - Started process (PID=9640) to work on /home/airflow/env/lib/python3.8/site-packages/airflow/example_dags/example_task_group_decorator.py
[2022-03-23 19:12:05,299] {processor.py:642} INFO - Processing file /home/airflow/env/lib/python3.8/site-packages/airflow/example_dags/example_task_group_decorator.py for tasks to queue
[2022-03-23 19:12:05,300] {logging_mixin.py:109} INFO - [2022-03-23 19:12:05,300] {dagbag.py:500} INFO - Filling up the DagBag from /home/airflow/env/lib/python3.8/site-packages/airflow/example_dags/example_task_group_decorator.py
[2022-03-23 19:12:05,329] {processor.py:654} INFO - DAG(s) dict_keys(['example_task_group_decorator']) retrieved from /home/airflow/env/lib/python3.8/site-packages/airflow/example_dags/example_task_group_decorator.py
[2022-03-23 19:12:05,569] {logging_mixin.py:109} INFO - [2022-03-23 19:12:05,568] {dag.py:2396} INFO - Sync 1 DAGs
[2022-03-23 19:12:05,591] {logging_mixin.py:109} INFO - [2022-03-23 19:12:05,590] {dag.py:2935} INFO - Setting next_dagrun for example_task_group_decorator to 2022-03-22T19:12:05.590467+00:00
[2022-03-23 19:12:05,615] {processor.py:171} INFO - Processing /home/airflow/env/lib/python3.8/site-packages/airflow/example_dags/example_task_group_decorator.py took 0.319 seconds
[2022-03-23 19:12:37,746] {processor.py:163} INFO - Started process (PID=9757) to work on /home/airflow/env/lib/python3.8/site-packages/airflow/example_dags/example_task_group_decorator.py
[2022-03-23 19:12:37,754] {processor.py:642} INFO - Processing file /home/airflow/env/lib/python3.8/site-packages/airflow/example_dags/example_task_group_decorator.py for tasks to queue
[2022-03-23 19:12:37,754] {logging_mixin.py:109} INFO - [2022-03-23 19:12:37,754] {dagbag.py:500} INFO - Filling up the DagBag from /home/airflow/env/lib/python3.8/site-packages/airflow/example_dags/example_task_group_decorator.py
[2022-03-23 19:12:37,860] {processor.py:654} INFO - DAG(s) dict_keys(['example_task_group_decorator']) retrieved from /home/airflow/env/lib/python3.8/site-packages/airflow/example_dags/example_task_group_decorator.py
[2022-03-23 19:12:38,623] {logging_mixin.py:109} INFO - [2022-03-23 19:12:38,623] {dag.py:2396} INFO - Sync 1 DAGs
[2022-03-23 19:12:38,661] {logging_mixin.py:109} INFO - [2022-03-23 19:12:38,661] {dag.py:2935} INFO - Setting next_dagrun for example_task_group_decorator to 2022-03-22T19:12:38.649094+00:00
[2022-03-23 19:12:38,894] {processor.py:171} INFO - Processing /home/airflow/env/lib/python3.8/site-packages/airflow/example_dags/example_task_group_decorator.py took 1.159 seconds
[2022-03-23 19:13:11,408] {processor.py:163} INFO - Started process (PID=9937) to work on /home/airflow/env/lib/python3.8/site-packages/airflow/example_dags/example_task_group_decorator.py
[2022-03-23 19:13:11,413] {processor.py:642} INFO - Processing file /home/airflow/env/lib/python3.8/site-packages/airflow/example_dags/example_task_group_decorator.py for tasks to queue
[2022-03-23 19:13:11,414] {logging_mixin.py:109} INFO - [2022-03-23 19:13:11,414] {dagbag.py:500} INFO - Filling up the DagBag from /home/airflow/env/lib/python3.8/site-packages/airflow/example_dags/example_task_group_decorator.py
[2022-03-23 19:13:11,455] {processor.py:654} INFO - DAG(s) dict_keys(['example_task_group_decorator']) retrieved from /home/airflow/env/lib/python3.8/site-packages/airflow/example_dags/example_task_group_decorator.py
[2022-03-23 19:13:11,674] {logging_mixin.py:109} INFO - [2022-03-23 19:13:11,673] {dag.py:2396} INFO - Sync 1 DAGs
[2022-03-23 19:13:11,744] {logging_mixin.py:109} INFO - [2022-03-23 19:13:11,744] {dag.py:2935} INFO - Setting next_dagrun for example_task_group_decorator to 2022-03-22T19:13:11.743899+00:00
[2022-03-23 19:13:11,763] {processor.py:171} INFO - Processing /home/airflow/env/lib/python3.8/site-packages/airflow/example_dags/example_task_group_decorator.py took 0.361 seconds
[2022-03-23 19:13:44,029] {processor.py:163} INFO - Started process (PID=10083) to work on /home/airflow/env/lib/python3.8/site-packages/airflow/example_dags/example_task_group_decorator.py
[2022-03-23 19:13:44,030] {processor.py:642} INFO - Processing file /home/airflow/env/lib/python3.8/site-packages/airflow/example_dags/example_task_group_decorator.py for tasks to queue
[2022-03-23 19:13:44,031] {logging_mixin.py:109} INFO - [2022-03-23 19:13:44,031] {dagbag.py:500} INFO - Filling up the DagBag from /home/airflow/env/lib/python3.8/site-packages/airflow/example_dags/example_task_group_decorator.py
[2022-03-23 19:13:44,062] {processor.py:654} INFO - DAG(s) dict_keys(['example_task_group_decorator']) retrieved from /home/airflow/env/lib/python3.8/site-packages/airflow/example_dags/example_task_group_decorator.py
[2022-03-23 19:13:44,264] {logging_mixin.py:109} INFO - [2022-03-23 19:13:44,264] {dag.py:2396} INFO - Sync 1 DAGs
[2022-03-23 19:13:44,345] {logging_mixin.py:109} INFO - [2022-03-23 19:13:44,345] {dag.py:2935} INFO - Setting next_dagrun for example_task_group_decorator to 2022-03-22T19:13:44.345357+00:00
[2022-03-23 19:13:44,368] {processor.py:171} INFO - Processing /home/airflow/env/lib/python3.8/site-packages/airflow/example_dags/example_task_group_decorator.py took 0.341 seconds
