[2022-03-23 18:35:42,005] {processor.py:163} INFO - Started process (PID=5151) to work on /home/airflow/env/lib/python3.8/site-packages/airflow/example_dags/example_time_delta_sensor_async.py
[2022-03-23 18:35:42,006] {processor.py:642} INFO - Processing file /home/airflow/env/lib/python3.8/site-packages/airflow/example_dags/example_time_delta_sensor_async.py for tasks to queue
[2022-03-23 18:35:42,007] {logging_mixin.py:109} INFO - [2022-03-23 18:35:42,006] {dagbag.py:500} INFO - Filling up the DagBag from /home/airflow/env/lib/python3.8/site-packages/airflow/example_dags/example_time_delta_sensor_async.py
[2022-03-23 18:35:42,028] {processor.py:654} INFO - DAG(s) dict_keys(['example_time_delta_sensor_async']) retrieved from /home/airflow/env/lib/python3.8/site-packages/airflow/example_dags/example_time_delta_sensor_async.py
[2022-03-23 18:35:42,038] {logging_mixin.py:109} INFO - [2022-03-23 18:35:42,037] {dag.py:2396} INFO - Sync 1 DAGs
[2022-03-23 18:35:42,050] {logging_mixin.py:109} INFO - [2022-03-23 18:35:42,050] {dag.py:2935} INFO - Setting next_dagrun for example_time_delta_sensor_async to None
[2022-03-23 18:35:42,068] {processor.py:171} INFO - Processing /home/airflow/env/lib/python3.8/site-packages/airflow/example_dags/example_time_delta_sensor_async.py took 0.067 seconds
[2022-03-23 18:36:14,699] {processor.py:163} INFO - Started process (PID=5183) to work on /home/airflow/env/lib/python3.8/site-packages/airflow/example_dags/example_time_delta_sensor_async.py
[2022-03-23 18:36:14,702] {processor.py:642} INFO - Processing file /home/airflow/env/lib/python3.8/site-packages/airflow/example_dags/example_time_delta_sensor_async.py for tasks to queue
[2022-03-23 18:36:14,702] {logging_mixin.py:109} INFO - [2022-03-23 18:36:14,702] {dagbag.py:500} INFO - Filling up the DagBag from /home/airflow/env/lib/python3.8/site-packages/airflow/example_dags/example_time_delta_sensor_async.py
[2022-03-23 18:36:14,721] {processor.py:654} INFO - DAG(s) dict_keys(['example_time_delta_sensor_async']) retrieved from /home/airflow/env/lib/python3.8/site-packages/airflow/example_dags/example_time_delta_sensor_async.py
[2022-03-23 18:36:14,730] {logging_mixin.py:109} INFO - [2022-03-23 18:36:14,729] {dag.py:2396} INFO - Sync 1 DAGs
[2022-03-23 18:36:14,744] {logging_mixin.py:109} INFO - [2022-03-23 18:36:14,744] {dag.py:2935} INFO - Setting next_dagrun for example_time_delta_sensor_async to None
[2022-03-23 18:36:14,762] {processor.py:171} INFO - Processing /home/airflow/env/lib/python3.8/site-packages/airflow/example_dags/example_time_delta_sensor_async.py took 0.071 seconds
[2022-03-23 18:36:47,922] {processor.py:163} INFO - Started process (PID=5276) to work on /home/airflow/env/lib/python3.8/site-packages/airflow/example_dags/example_time_delta_sensor_async.py
[2022-03-23 18:36:47,923] {processor.py:642} INFO - Processing file /home/airflow/env/lib/python3.8/site-packages/airflow/example_dags/example_time_delta_sensor_async.py for tasks to queue
[2022-03-23 18:36:47,924] {logging_mixin.py:109} INFO - [2022-03-23 18:36:47,924] {dagbag.py:500} INFO - Filling up the DagBag from /home/airflow/env/lib/python3.8/site-packages/airflow/example_dags/example_time_delta_sensor_async.py
[2022-03-23 18:36:47,942] {processor.py:654} INFO - DAG(s) dict_keys(['example_time_delta_sensor_async']) retrieved from /home/airflow/env/lib/python3.8/site-packages/airflow/example_dags/example_time_delta_sensor_async.py
[2022-03-23 18:36:47,952] {logging_mixin.py:109} INFO - [2022-03-23 18:36:47,952] {dag.py:2396} INFO - Sync 1 DAGs
[2022-03-23 18:36:47,963] {logging_mixin.py:109} INFO - [2022-03-23 18:36:47,963] {dag.py:2935} INFO - Setting next_dagrun for example_time_delta_sensor_async to None
[2022-03-23 18:36:47,980] {processor.py:171} INFO - Processing /home/airflow/env/lib/python3.8/site-packages/airflow/example_dags/example_time_delta_sensor_async.py took 0.060 seconds
[2022-03-23 18:37:23,112] {processor.py:163} INFO - Started process (PID=5370) to work on /home/airflow/env/lib/python3.8/site-packages/airflow/example_dags/example_time_delta_sensor_async.py
[2022-03-23 18:37:23,113] {processor.py:642} INFO - Processing file /home/airflow/env/lib/python3.8/site-packages/airflow/example_dags/example_time_delta_sensor_async.py for tasks to queue
[2022-03-23 18:37:23,114] {logging_mixin.py:109} INFO - [2022-03-23 18:37:23,114] {dagbag.py:500} INFO - Filling up the DagBag from /home/airflow/env/lib/python3.8/site-packages/airflow/example_dags/example_time_delta_sensor_async.py
[2022-03-23 18:37:23,132] {processor.py:654} INFO - DAG(s) dict_keys(['example_time_delta_sensor_async']) retrieved from /home/airflow/env/lib/python3.8/site-packages/airflow/example_dags/example_time_delta_sensor_async.py
[2022-03-23 18:37:23,151] {logging_mixin.py:109} INFO - [2022-03-23 18:37:23,151] {dag.py:2396} INFO - Sync 1 DAGs
[2022-03-23 18:37:23,185] {logging_mixin.py:109} INFO - [2022-03-23 18:37:23,185] {dag.py:2935} INFO - Setting next_dagrun for example_time_delta_sensor_async to None
[2022-03-23 18:37:23,202] {processor.py:171} INFO - Processing /home/airflow/env/lib/python3.8/site-packages/airflow/example_dags/example_time_delta_sensor_async.py took 0.092 seconds
[2022-03-23 18:37:58,164] {processor.py:163} INFO - Started process (PID=5464) to work on /home/airflow/env/lib/python3.8/site-packages/airflow/example_dags/example_time_delta_sensor_async.py
[2022-03-23 18:37:58,165] {processor.py:642} INFO - Processing file /home/airflow/env/lib/python3.8/site-packages/airflow/example_dags/example_time_delta_sensor_async.py for tasks to queue
[2022-03-23 18:37:58,166] {logging_mixin.py:109} INFO - [2022-03-23 18:37:58,166] {dagbag.py:500} INFO - Filling up the DagBag from /home/airflow/env/lib/python3.8/site-packages/airflow/example_dags/example_time_delta_sensor_async.py
[2022-03-23 18:37:58,181] {processor.py:654} INFO - DAG(s) dict_keys(['example_time_delta_sensor_async']) retrieved from /home/airflow/env/lib/python3.8/site-packages/airflow/example_dags/example_time_delta_sensor_async.py
[2022-03-23 18:37:58,189] {logging_mixin.py:109} INFO - [2022-03-23 18:37:58,189] {dag.py:2396} INFO - Sync 1 DAGs
[2022-03-23 18:37:58,199] {logging_mixin.py:109} INFO - [2022-03-23 18:37:58,199] {dag.py:2935} INFO - Setting next_dagrun for example_time_delta_sensor_async to None
[2022-03-23 18:37:58,216] {processor.py:171} INFO - Processing /home/airflow/env/lib/python3.8/site-packages/airflow/example_dags/example_time_delta_sensor_async.py took 0.055 seconds
[2022-03-23 18:38:32,305] {processor.py:163} INFO - Started process (PID=5496) to work on /home/airflow/env/lib/python3.8/site-packages/airflow/example_dags/example_time_delta_sensor_async.py
[2022-03-23 18:38:32,306] {processor.py:642} INFO - Processing file /home/airflow/env/lib/python3.8/site-packages/airflow/example_dags/example_time_delta_sensor_async.py for tasks to queue
[2022-03-23 18:38:32,307] {logging_mixin.py:109} INFO - [2022-03-23 18:38:32,307] {dagbag.py:500} INFO - Filling up the DagBag from /home/airflow/env/lib/python3.8/site-packages/airflow/example_dags/example_time_delta_sensor_async.py
[2022-03-23 18:38:32,326] {processor.py:654} INFO - DAG(s) dict_keys(['example_time_delta_sensor_async']) retrieved from /home/airflow/env/lib/python3.8/site-packages/airflow/example_dags/example_time_delta_sensor_async.py
[2022-03-23 18:38:32,336] {logging_mixin.py:109} INFO - [2022-03-23 18:38:32,336] {dag.py:2396} INFO - Sync 1 DAGs
[2022-03-23 18:38:32,348] {logging_mixin.py:109} INFO - [2022-03-23 18:38:32,348] {dag.py:2935} INFO - Setting next_dagrun for example_time_delta_sensor_async to None
[2022-03-23 18:38:32,370] {processor.py:171} INFO - Processing /home/airflow/env/lib/python3.8/site-packages/airflow/example_dags/example_time_delta_sensor_async.py took 0.067 seconds
[2022-03-23 18:39:09,703] {processor.py:163} INFO - Started process (PID=5528) to work on /home/airflow/env/lib/python3.8/site-packages/airflow/example_dags/example_time_delta_sensor_async.py
[2022-03-23 18:39:09,721] {processor.py:642} INFO - Processing file /home/airflow/env/lib/python3.8/site-packages/airflow/example_dags/example_time_delta_sensor_async.py for tasks to queue
[2022-03-23 18:39:09,723] {logging_mixin.py:109} INFO - [2022-03-23 18:39:09,723] {dagbag.py:500} INFO - Filling up the DagBag from /home/airflow/env/lib/python3.8/site-packages/airflow/example_dags/example_time_delta_sensor_async.py
[2022-03-23 18:39:09,872] {processor.py:654} INFO - DAG(s) dict_keys(['example_time_delta_sensor_async']) retrieved from /home/airflow/env/lib/python3.8/site-packages/airflow/example_dags/example_time_delta_sensor_async.py
[2022-03-23 18:39:09,918] {logging_mixin.py:109} INFO - [2022-03-23 18:39:09,918] {dag.py:2396} INFO - Sync 1 DAGs
[2022-03-23 18:39:09,964] {logging_mixin.py:109} INFO - [2022-03-23 18:39:09,964] {dag.py:2935} INFO - Setting next_dagrun for example_time_delta_sensor_async to None
[2022-03-23 18:39:09,995] {processor.py:171} INFO - Processing /home/airflow/env/lib/python3.8/site-packages/airflow/example_dags/example_time_delta_sensor_async.py took 0.310 seconds
[2022-03-23 18:39:48,983] {processor.py:163} INFO - Started process (PID=5705) to work on /home/airflow/env/lib/python3.8/site-packages/airflow/example_dags/example_time_delta_sensor_async.py
[2022-03-23 18:39:48,988] {processor.py:642} INFO - Processing file /home/airflow/env/lib/python3.8/site-packages/airflow/example_dags/example_time_delta_sensor_async.py for tasks to queue
[2022-03-23 18:39:48,988] {logging_mixin.py:109} INFO - [2022-03-23 18:39:48,988] {dagbag.py:500} INFO - Filling up the DagBag from /home/airflow/env/lib/python3.8/site-packages/airflow/example_dags/example_time_delta_sensor_async.py
[2022-03-23 18:39:49,005] {processor.py:654} INFO - DAG(s) dict_keys(['example_time_delta_sensor_async']) retrieved from /home/airflow/env/lib/python3.8/site-packages/airflow/example_dags/example_time_delta_sensor_async.py
[2022-03-23 18:39:49,015] {logging_mixin.py:109} INFO - [2022-03-23 18:39:49,015] {dag.py:2396} INFO - Sync 1 DAGs
[2022-03-23 18:39:49,026] {logging_mixin.py:109} INFO - [2022-03-23 18:39:49,026] {dag.py:2935} INFO - Setting next_dagrun for example_time_delta_sensor_async to None
[2022-03-23 18:39:49,052] {processor.py:171} INFO - Processing /home/airflow/env/lib/python3.8/site-packages/airflow/example_dags/example_time_delta_sensor_async.py took 0.072 seconds
[2022-03-23 18:40:25,116] {processor.py:163} INFO - Started process (PID=5792) to work on /home/airflow/env/lib/python3.8/site-packages/airflow/example_dags/example_time_delta_sensor_async.py
[2022-03-23 18:40:25,123] {processor.py:642} INFO - Processing file /home/airflow/env/lib/python3.8/site-packages/airflow/example_dags/example_time_delta_sensor_async.py for tasks to queue
[2022-03-23 18:40:25,125] {logging_mixin.py:109} INFO - [2022-03-23 18:40:25,125] {dagbag.py:500} INFO - Filling up the DagBag from /home/airflow/env/lib/python3.8/site-packages/airflow/example_dags/example_time_delta_sensor_async.py
[2022-03-23 18:40:25,158] {processor.py:654} INFO - DAG(s) dict_keys(['example_time_delta_sensor_async']) retrieved from /home/airflow/env/lib/python3.8/site-packages/airflow/example_dags/example_time_delta_sensor_async.py
[2022-03-23 18:40:25,174] {logging_mixin.py:109} INFO - [2022-03-23 18:40:25,174] {dag.py:2396} INFO - Sync 1 DAGs
[2022-03-23 18:40:25,197] {logging_mixin.py:109} INFO - [2022-03-23 18:40:25,197] {dag.py:2935} INFO - Setting next_dagrun for example_time_delta_sensor_async to None
[2022-03-23 18:40:25,218] {processor.py:171} INFO - Processing /home/airflow/env/lib/python3.8/site-packages/airflow/example_dags/example_time_delta_sensor_async.py took 0.104 seconds
[2022-03-23 18:40:59,872] {processor.py:163} INFO - Started process (PID=5959) to work on /home/airflow/env/lib/python3.8/site-packages/airflow/example_dags/example_time_delta_sensor_async.py
[2022-03-23 18:40:59,873] {processor.py:642} INFO - Processing file /home/airflow/env/lib/python3.8/site-packages/airflow/example_dags/example_time_delta_sensor_async.py for tasks to queue
[2022-03-23 18:40:59,874] {logging_mixin.py:109} INFO - [2022-03-23 18:40:59,874] {dagbag.py:500} INFO - Filling up the DagBag from /home/airflow/env/lib/python3.8/site-packages/airflow/example_dags/example_time_delta_sensor_async.py
[2022-03-23 18:40:59,890] {processor.py:654} INFO - DAG(s) dict_keys(['example_time_delta_sensor_async']) retrieved from /home/airflow/env/lib/python3.8/site-packages/airflow/example_dags/example_time_delta_sensor_async.py
[2022-03-23 18:40:59,898] {logging_mixin.py:109} INFO - [2022-03-23 18:40:59,898] {dag.py:2396} INFO - Sync 1 DAGs
[2022-03-23 18:40:59,908] {logging_mixin.py:109} INFO - [2022-03-23 18:40:59,908] {dag.py:2935} INFO - Setting next_dagrun for example_time_delta_sensor_async to None
[2022-03-23 18:40:59,924] {processor.py:171} INFO - Processing /home/airflow/env/lib/python3.8/site-packages/airflow/example_dags/example_time_delta_sensor_async.py took 0.054 seconds
[2022-03-23 18:41:33,600] {processor.py:163} INFO - Started process (PID=6091) to work on /home/airflow/env/lib/python3.8/site-packages/airflow/example_dags/example_time_delta_sensor_async.py
[2022-03-23 18:41:33,608] {processor.py:642} INFO - Processing file /home/airflow/env/lib/python3.8/site-packages/airflow/example_dags/example_time_delta_sensor_async.py for tasks to queue
[2022-03-23 18:41:33,614] {logging_mixin.py:109} INFO - [2022-03-23 18:41:33,613] {dagbag.py:500} INFO - Filling up the DagBag from /home/airflow/env/lib/python3.8/site-packages/airflow/example_dags/example_time_delta_sensor_async.py
[2022-03-23 18:41:33,650] {processor.py:654} INFO - DAG(s) dict_keys(['example_time_delta_sensor_async']) retrieved from /home/airflow/env/lib/python3.8/site-packages/airflow/example_dags/example_time_delta_sensor_async.py
[2022-03-23 18:41:33,665] {logging_mixin.py:109} INFO - [2022-03-23 18:41:33,664] {dag.py:2396} INFO - Sync 1 DAGs
[2022-03-23 18:41:33,693] {logging_mixin.py:109} INFO - [2022-03-23 18:41:33,693] {dag.py:2935} INFO - Setting next_dagrun for example_time_delta_sensor_async to None
[2022-03-23 18:41:33,714] {processor.py:171} INFO - Processing /home/airflow/env/lib/python3.8/site-packages/airflow/example_dags/example_time_delta_sensor_async.py took 0.122 seconds
[2022-03-23 18:42:14,304] {processor.py:163} INFO - Started process (PID=6262) to work on /home/airflow/env/lib/python3.8/site-packages/airflow/example_dags/example_time_delta_sensor_async.py
[2022-03-23 18:42:14,306] {processor.py:642} INFO - Processing file /home/airflow/env/lib/python3.8/site-packages/airflow/example_dags/example_time_delta_sensor_async.py for tasks to queue
[2022-03-23 18:42:14,306] {logging_mixin.py:109} INFO - [2022-03-23 18:42:14,306] {dagbag.py:500} INFO - Filling up the DagBag from /home/airflow/env/lib/python3.8/site-packages/airflow/example_dags/example_time_delta_sensor_async.py
[2022-03-23 18:42:14,329] {processor.py:654} INFO - DAG(s) dict_keys(['example_time_delta_sensor_async']) retrieved from /home/airflow/env/lib/python3.8/site-packages/airflow/example_dags/example_time_delta_sensor_async.py
[2022-03-23 18:42:14,339] {logging_mixin.py:109} INFO - [2022-03-23 18:42:14,339] {dag.py:2396} INFO - Sync 1 DAGs
[2022-03-23 18:42:14,354] {logging_mixin.py:109} INFO - [2022-03-23 18:42:14,354] {dag.py:2935} INFO - Setting next_dagrun for example_time_delta_sensor_async to None
[2022-03-23 18:42:14,371] {processor.py:171} INFO - Processing /home/airflow/env/lib/python3.8/site-packages/airflow/example_dags/example_time_delta_sensor_async.py took 0.070 seconds
[2022-03-23 18:42:47,136] {processor.py:163} INFO - Started process (PID=6429) to work on /home/airflow/env/lib/python3.8/site-packages/airflow/example_dags/example_time_delta_sensor_async.py
[2022-03-23 18:42:47,137] {processor.py:642} INFO - Processing file /home/airflow/env/lib/python3.8/site-packages/airflow/example_dags/example_time_delta_sensor_async.py for tasks to queue
[2022-03-23 18:42:47,137] {logging_mixin.py:109} INFO - [2022-03-23 18:42:47,137] {dagbag.py:500} INFO - Filling up the DagBag from /home/airflow/env/lib/python3.8/site-packages/airflow/example_dags/example_time_delta_sensor_async.py
[2022-03-23 18:42:47,153] {processor.py:654} INFO - DAG(s) dict_keys(['example_time_delta_sensor_async']) retrieved from /home/airflow/env/lib/python3.8/site-packages/airflow/example_dags/example_time_delta_sensor_async.py
[2022-03-23 18:42:47,161] {logging_mixin.py:109} INFO - [2022-03-23 18:42:47,161] {dag.py:2396} INFO - Sync 1 DAGs
[2022-03-23 18:42:47,171] {logging_mixin.py:109} INFO - [2022-03-23 18:42:47,171] {dag.py:2935} INFO - Setting next_dagrun for example_time_delta_sensor_async to None
[2022-03-23 18:42:47,194] {processor.py:171} INFO - Processing /home/airflow/env/lib/python3.8/site-packages/airflow/example_dags/example_time_delta_sensor_async.py took 0.060 seconds
[2022-03-23 18:43:20,200] {processor.py:163} INFO - Started process (PID=6463) to work on /home/airflow/env/lib/python3.8/site-packages/airflow/example_dags/example_time_delta_sensor_async.py
[2022-03-23 18:43:20,201] {processor.py:642} INFO - Processing file /home/airflow/env/lib/python3.8/site-packages/airflow/example_dags/example_time_delta_sensor_async.py for tasks to queue
[2022-03-23 18:43:20,202] {logging_mixin.py:109} INFO - [2022-03-23 18:43:20,202] {dagbag.py:500} INFO - Filling up the DagBag from /home/airflow/env/lib/python3.8/site-packages/airflow/example_dags/example_time_delta_sensor_async.py
[2022-03-23 18:43:20,219] {processor.py:654} INFO - DAG(s) dict_keys(['example_time_delta_sensor_async']) retrieved from /home/airflow/env/lib/python3.8/site-packages/airflow/example_dags/example_time_delta_sensor_async.py
[2022-03-23 18:43:20,227] {logging_mixin.py:109} INFO - [2022-03-23 18:43:20,227] {dag.py:2396} INFO - Sync 1 DAGs
[2022-03-23 18:43:20,238] {logging_mixin.py:109} INFO - [2022-03-23 18:43:20,238] {dag.py:2935} INFO - Setting next_dagrun for example_time_delta_sensor_async to None
[2022-03-23 18:43:20,261] {processor.py:171} INFO - Processing /home/airflow/env/lib/python3.8/site-packages/airflow/example_dags/example_time_delta_sensor_async.py took 0.064 seconds
[2022-03-23 18:43:55,755] {processor.py:163} INFO - Started process (PID=6497) to work on /home/airflow/env/lib/python3.8/site-packages/airflow/example_dags/example_time_delta_sensor_async.py
[2022-03-23 18:43:55,757] {processor.py:642} INFO - Processing file /home/airflow/env/lib/python3.8/site-packages/airflow/example_dags/example_time_delta_sensor_async.py for tasks to queue
[2022-03-23 18:43:55,757] {logging_mixin.py:109} INFO - [2022-03-23 18:43:55,757] {dagbag.py:500} INFO - Filling up the DagBag from /home/airflow/env/lib/python3.8/site-packages/airflow/example_dags/example_time_delta_sensor_async.py
[2022-03-23 18:43:55,780] {processor.py:654} INFO - DAG(s) dict_keys(['example_time_delta_sensor_async']) retrieved from /home/airflow/env/lib/python3.8/site-packages/airflow/example_dags/example_time_delta_sensor_async.py
[2022-03-23 18:43:55,789] {logging_mixin.py:109} INFO - [2022-03-23 18:43:55,789] {dag.py:2396} INFO - Sync 1 DAGs
[2022-03-23 18:43:55,803] {logging_mixin.py:109} INFO - [2022-03-23 18:43:55,802] {dag.py:2935} INFO - Setting next_dagrun for example_time_delta_sensor_async to None
[2022-03-23 18:43:55,819] {processor.py:171} INFO - Processing /home/airflow/env/lib/python3.8/site-packages/airflow/example_dags/example_time_delta_sensor_async.py took 0.067 seconds
[2022-03-23 18:44:31,935] {processor.py:163} INFO - Started process (PID=6529) to work on /home/airflow/env/lib/python3.8/site-packages/airflow/example_dags/example_time_delta_sensor_async.py
[2022-03-23 18:44:31,936] {processor.py:642} INFO - Processing file /home/airflow/env/lib/python3.8/site-packages/airflow/example_dags/example_time_delta_sensor_async.py for tasks to queue
[2022-03-23 18:44:31,937] {logging_mixin.py:109} INFO - [2022-03-23 18:44:31,937] {dagbag.py:500} INFO - Filling up the DagBag from /home/airflow/env/lib/python3.8/site-packages/airflow/example_dags/example_time_delta_sensor_async.py
[2022-03-23 18:44:31,955] {processor.py:654} INFO - DAG(s) dict_keys(['example_time_delta_sensor_async']) retrieved from /home/airflow/env/lib/python3.8/site-packages/airflow/example_dags/example_time_delta_sensor_async.py
[2022-03-23 18:44:31,964] {logging_mixin.py:109} INFO - [2022-03-23 18:44:31,964] {dag.py:2396} INFO - Sync 1 DAGs
[2022-03-23 18:44:31,976] {logging_mixin.py:109} INFO - [2022-03-23 18:44:31,976] {dag.py:2935} INFO - Setting next_dagrun for example_time_delta_sensor_async to None
[2022-03-23 18:44:31,994] {processor.py:171} INFO - Processing /home/airflow/env/lib/python3.8/site-packages/airflow/example_dags/example_time_delta_sensor_async.py took 0.062 seconds
[2022-03-23 18:45:06,825] {processor.py:163} INFO - Started process (PID=6562) to work on /home/airflow/env/lib/python3.8/site-packages/airflow/example_dags/example_time_delta_sensor_async.py
[2022-03-23 18:45:06,827] {processor.py:642} INFO - Processing file /home/airflow/env/lib/python3.8/site-packages/airflow/example_dags/example_time_delta_sensor_async.py for tasks to queue
[2022-03-23 18:45:06,828] {logging_mixin.py:109} INFO - [2022-03-23 18:45:06,828] {dagbag.py:500} INFO - Filling up the DagBag from /home/airflow/env/lib/python3.8/site-packages/airflow/example_dags/example_time_delta_sensor_async.py
[2022-03-23 18:45:06,862] {processor.py:654} INFO - DAG(s) dict_keys(['example_time_delta_sensor_async']) retrieved from /home/airflow/env/lib/python3.8/site-packages/airflow/example_dags/example_time_delta_sensor_async.py
[2022-03-23 18:45:06,880] {logging_mixin.py:109} INFO - [2022-03-23 18:45:06,880] {dag.py:2396} INFO - Sync 1 DAGs
[2022-03-23 18:45:06,904] {logging_mixin.py:109} INFO - [2022-03-23 18:45:06,904] {dag.py:2935} INFO - Setting next_dagrun for example_time_delta_sensor_async to None
[2022-03-23 18:45:06,940] {processor.py:171} INFO - Processing /home/airflow/env/lib/python3.8/site-packages/airflow/example_dags/example_time_delta_sensor_async.py took 0.119 seconds
[2022-03-23 18:45:38,450] {processor.py:163} INFO - Started process (PID=6645) to work on /home/airflow/env/lib/python3.8/site-packages/airflow/example_dags/example_time_delta_sensor_async.py
[2022-03-23 18:45:38,452] {processor.py:642} INFO - Processing file /home/airflow/env/lib/python3.8/site-packages/airflow/example_dags/example_time_delta_sensor_async.py for tasks to queue
[2022-03-23 18:45:38,453] {logging_mixin.py:109} INFO - [2022-03-23 18:45:38,453] {dagbag.py:500} INFO - Filling up the DagBag from /home/airflow/env/lib/python3.8/site-packages/airflow/example_dags/example_time_delta_sensor_async.py
[2022-03-23 18:45:38,478] {processor.py:654} INFO - DAG(s) dict_keys(['example_time_delta_sensor_async']) retrieved from /home/airflow/env/lib/python3.8/site-packages/airflow/example_dags/example_time_delta_sensor_async.py
[2022-03-23 18:45:38,489] {logging_mixin.py:109} INFO - [2022-03-23 18:45:38,489] {dag.py:2396} INFO - Sync 1 DAGs
[2022-03-23 18:45:38,503] {logging_mixin.py:109} INFO - [2022-03-23 18:45:38,503] {dag.py:2935} INFO - Setting next_dagrun for example_time_delta_sensor_async to None
[2022-03-23 18:45:38,521] {processor.py:171} INFO - Processing /home/airflow/env/lib/python3.8/site-packages/airflow/example_dags/example_time_delta_sensor_async.py took 0.074 seconds
[2022-03-23 18:46:10,690] {processor.py:163} INFO - Started process (PID=6676) to work on /home/airflow/env/lib/python3.8/site-packages/airflow/example_dags/example_time_delta_sensor_async.py
[2022-03-23 18:46:10,696] {processor.py:642} INFO - Processing file /home/airflow/env/lib/python3.8/site-packages/airflow/example_dags/example_time_delta_sensor_async.py for tasks to queue
[2022-03-23 18:46:10,697] {logging_mixin.py:109} INFO - [2022-03-23 18:46:10,697] {dagbag.py:500} INFO - Filling up the DagBag from /home/airflow/env/lib/python3.8/site-packages/airflow/example_dags/example_time_delta_sensor_async.py
[2022-03-23 18:46:10,724] {processor.py:654} INFO - DAG(s) dict_keys(['example_time_delta_sensor_async']) retrieved from /home/airflow/env/lib/python3.8/site-packages/airflow/example_dags/example_time_delta_sensor_async.py
[2022-03-23 18:46:10,737] {logging_mixin.py:109} INFO - [2022-03-23 18:46:10,737] {dag.py:2396} INFO - Sync 1 DAGs
[2022-03-23 18:46:10,792] {logging_mixin.py:109} INFO - [2022-03-23 18:46:10,791] {dag.py:2935} INFO - Setting next_dagrun for example_time_delta_sensor_async to None
[2022-03-23 18:46:10,818] {processor.py:171} INFO - Processing /home/airflow/env/lib/python3.8/site-packages/airflow/example_dags/example_time_delta_sensor_async.py took 0.132 seconds
[2022-03-23 18:46:43,450] {processor.py:163} INFO - Started process (PID=6709) to work on /home/airflow/env/lib/python3.8/site-packages/airflow/example_dags/example_time_delta_sensor_async.py
[2022-03-23 18:46:43,452] {processor.py:642} INFO - Processing file /home/airflow/env/lib/python3.8/site-packages/airflow/example_dags/example_time_delta_sensor_async.py for tasks to queue
[2022-03-23 18:46:43,453] {logging_mixin.py:109} INFO - [2022-03-23 18:46:43,453] {dagbag.py:500} INFO - Filling up the DagBag from /home/airflow/env/lib/python3.8/site-packages/airflow/example_dags/example_time_delta_sensor_async.py
[2022-03-23 18:46:43,480] {processor.py:654} INFO - DAG(s) dict_keys(['example_time_delta_sensor_async']) retrieved from /home/airflow/env/lib/python3.8/site-packages/airflow/example_dags/example_time_delta_sensor_async.py
[2022-03-23 18:46:43,494] {logging_mixin.py:109} INFO - [2022-03-23 18:46:43,494] {dag.py:2396} INFO - Sync 1 DAGs
[2022-03-23 18:46:43,514] {logging_mixin.py:109} INFO - [2022-03-23 18:46:43,514] {dag.py:2935} INFO - Setting next_dagrun for example_time_delta_sensor_async to None
[2022-03-23 18:46:43,536] {processor.py:171} INFO - Processing /home/airflow/env/lib/python3.8/site-packages/airflow/example_dags/example_time_delta_sensor_async.py took 0.090 seconds
[2022-03-23 18:47:16,146] {processor.py:163} INFO - Started process (PID=6739) to work on /home/airflow/env/lib/python3.8/site-packages/airflow/example_dags/example_time_delta_sensor_async.py
[2022-03-23 18:47:16,148] {processor.py:642} INFO - Processing file /home/airflow/env/lib/python3.8/site-packages/airflow/example_dags/example_time_delta_sensor_async.py for tasks to queue
[2022-03-23 18:47:16,150] {logging_mixin.py:109} INFO - [2022-03-23 18:47:16,149] {dagbag.py:500} INFO - Filling up the DagBag from /home/airflow/env/lib/python3.8/site-packages/airflow/example_dags/example_time_delta_sensor_async.py
[2022-03-23 18:47:16,181] {processor.py:654} INFO - DAG(s) dict_keys(['example_time_delta_sensor_async']) retrieved from /home/airflow/env/lib/python3.8/site-packages/airflow/example_dags/example_time_delta_sensor_async.py
[2022-03-23 18:47:16,197] {logging_mixin.py:109} INFO - [2022-03-23 18:47:16,197] {dag.py:2396} INFO - Sync 1 DAGs
[2022-03-23 18:47:16,222] {logging_mixin.py:109} INFO - [2022-03-23 18:47:16,222] {dag.py:2935} INFO - Setting next_dagrun for example_time_delta_sensor_async to None
[2022-03-23 18:47:16,245] {processor.py:171} INFO - Processing /home/airflow/env/lib/python3.8/site-packages/airflow/example_dags/example_time_delta_sensor_async.py took 0.102 seconds
[2022-03-23 18:47:51,531] {processor.py:163} INFO - Started process (PID=6771) to work on /home/airflow/env/lib/python3.8/site-packages/airflow/example_dags/example_time_delta_sensor_async.py
[2022-03-23 18:47:51,532] {processor.py:642} INFO - Processing file /home/airflow/env/lib/python3.8/site-packages/airflow/example_dags/example_time_delta_sensor_async.py for tasks to queue
[2022-03-23 18:47:51,532] {logging_mixin.py:109} INFO - [2022-03-23 18:47:51,532] {dagbag.py:500} INFO - Filling up the DagBag from /home/airflow/env/lib/python3.8/site-packages/airflow/example_dags/example_time_delta_sensor_async.py
[2022-03-23 18:47:51,550] {processor.py:654} INFO - DAG(s) dict_keys(['example_time_delta_sensor_async']) retrieved from /home/airflow/env/lib/python3.8/site-packages/airflow/example_dags/example_time_delta_sensor_async.py
[2022-03-23 18:47:51,560] {logging_mixin.py:109} INFO - [2022-03-23 18:47:51,559] {dag.py:2396} INFO - Sync 1 DAGs
[2022-03-23 18:47:51,573] {logging_mixin.py:109} INFO - [2022-03-23 18:47:51,573] {dag.py:2935} INFO - Setting next_dagrun for example_time_delta_sensor_async to None
[2022-03-23 18:47:51,589] {processor.py:171} INFO - Processing /home/airflow/env/lib/python3.8/site-packages/airflow/example_dags/example_time_delta_sensor_async.py took 0.061 seconds
[2022-03-23 18:48:25,850] {processor.py:163} INFO - Started process (PID=6803) to work on /home/airflow/env/lib/python3.8/site-packages/airflow/example_dags/example_time_delta_sensor_async.py
[2022-03-23 18:48:25,851] {processor.py:642} INFO - Processing file /home/airflow/env/lib/python3.8/site-packages/airflow/example_dags/example_time_delta_sensor_async.py for tasks to queue
[2022-03-23 18:48:25,852] {logging_mixin.py:109} INFO - [2022-03-23 18:48:25,852] {dagbag.py:500} INFO - Filling up the DagBag from /home/airflow/env/lib/python3.8/site-packages/airflow/example_dags/example_time_delta_sensor_async.py
[2022-03-23 18:48:25,868] {processor.py:654} INFO - DAG(s) dict_keys(['example_time_delta_sensor_async']) retrieved from /home/airflow/env/lib/python3.8/site-packages/airflow/example_dags/example_time_delta_sensor_async.py
[2022-03-23 18:48:25,878] {logging_mixin.py:109} INFO - [2022-03-23 18:48:25,878] {dag.py:2396} INFO - Sync 1 DAGs
[2022-03-23 18:48:25,890] {logging_mixin.py:109} INFO - [2022-03-23 18:48:25,890] {dag.py:2935} INFO - Setting next_dagrun for example_time_delta_sensor_async to None
[2022-03-23 18:48:25,908] {processor.py:171} INFO - Processing /home/airflow/env/lib/python3.8/site-packages/airflow/example_dags/example_time_delta_sensor_async.py took 0.060 seconds
[2022-03-23 18:48:59,251] {processor.py:163} INFO - Started process (PID=6836) to work on /home/airflow/env/lib/python3.8/site-packages/airflow/example_dags/example_time_delta_sensor_async.py
[2022-03-23 18:48:59,253] {processor.py:642} INFO - Processing file /home/airflow/env/lib/python3.8/site-packages/airflow/example_dags/example_time_delta_sensor_async.py for tasks to queue
[2022-03-23 18:48:59,253] {logging_mixin.py:109} INFO - [2022-03-23 18:48:59,253] {dagbag.py:500} INFO - Filling up the DagBag from /home/airflow/env/lib/python3.8/site-packages/airflow/example_dags/example_time_delta_sensor_async.py
[2022-03-23 18:48:59,277] {processor.py:654} INFO - DAG(s) dict_keys(['example_time_delta_sensor_async']) retrieved from /home/airflow/env/lib/python3.8/site-packages/airflow/example_dags/example_time_delta_sensor_async.py
[2022-03-23 18:48:59,288] {logging_mixin.py:109} INFO - [2022-03-23 18:48:59,288] {dag.py:2396} INFO - Sync 1 DAGs
[2022-03-23 18:48:59,304] {logging_mixin.py:109} INFO - [2022-03-23 18:48:59,304] {dag.py:2935} INFO - Setting next_dagrun for example_time_delta_sensor_async to None
[2022-03-23 18:48:59,324] {processor.py:171} INFO - Processing /home/airflow/env/lib/python3.8/site-packages/airflow/example_dags/example_time_delta_sensor_async.py took 0.077 seconds
[2022-03-23 18:49:33,580] {processor.py:163} INFO - Started process (PID=6990) to work on /home/airflow/env/lib/python3.8/site-packages/airflow/example_dags/example_time_delta_sensor_async.py
[2022-03-23 18:49:33,582] {processor.py:642} INFO - Processing file /home/airflow/env/lib/python3.8/site-packages/airflow/example_dags/example_time_delta_sensor_async.py for tasks to queue
[2022-03-23 18:49:33,582] {logging_mixin.py:109} INFO - [2022-03-23 18:49:33,582] {dagbag.py:500} INFO - Filling up the DagBag from /home/airflow/env/lib/python3.8/site-packages/airflow/example_dags/example_time_delta_sensor_async.py
[2022-03-23 18:49:33,599] {processor.py:654} INFO - DAG(s) dict_keys(['example_time_delta_sensor_async']) retrieved from /home/airflow/env/lib/python3.8/site-packages/airflow/example_dags/example_time_delta_sensor_async.py
[2022-03-23 18:49:33,608] {logging_mixin.py:109} INFO - [2022-03-23 18:49:33,608] {dag.py:2396} INFO - Sync 1 DAGs
[2022-03-23 18:49:33,619] {logging_mixin.py:109} INFO - [2022-03-23 18:49:33,619] {dag.py:2935} INFO - Setting next_dagrun for example_time_delta_sensor_async to None
[2022-03-23 18:49:33,635] {processor.py:171} INFO - Processing /home/airflow/env/lib/python3.8/site-packages/airflow/example_dags/example_time_delta_sensor_async.py took 0.058 seconds
[2022-03-23 18:50:05,028] {processor.py:163} INFO - Started process (PID=7021) to work on /home/airflow/env/lib/python3.8/site-packages/airflow/example_dags/example_time_delta_sensor_async.py
[2022-03-23 18:50:05,029] {processor.py:642} INFO - Processing file /home/airflow/env/lib/python3.8/site-packages/airflow/example_dags/example_time_delta_sensor_async.py for tasks to queue
[2022-03-23 18:50:05,030] {logging_mixin.py:109} INFO - [2022-03-23 18:50:05,030] {dagbag.py:500} INFO - Filling up the DagBag from /home/airflow/env/lib/python3.8/site-packages/airflow/example_dags/example_time_delta_sensor_async.py
[2022-03-23 18:50:05,046] {processor.py:654} INFO - DAG(s) dict_keys(['example_time_delta_sensor_async']) retrieved from /home/airflow/env/lib/python3.8/site-packages/airflow/example_dags/example_time_delta_sensor_async.py
[2022-03-23 18:50:05,054] {logging_mixin.py:109} INFO - [2022-03-23 18:50:05,054] {dag.py:2396} INFO - Sync 1 DAGs
[2022-03-23 18:50:05,064] {logging_mixin.py:109} INFO - [2022-03-23 18:50:05,064] {dag.py:2935} INFO - Setting next_dagrun for example_time_delta_sensor_async to None
[2022-03-23 18:50:05,081] {processor.py:171} INFO - Processing /home/airflow/env/lib/python3.8/site-packages/airflow/example_dags/example_time_delta_sensor_async.py took 0.055 seconds
[2022-03-23 18:50:37,726] {processor.py:163} INFO - Started process (PID=7107) to work on /home/airflow/env/lib/python3.8/site-packages/airflow/example_dags/example_time_delta_sensor_async.py
[2022-03-23 18:50:37,728] {processor.py:642} INFO - Processing file /home/airflow/env/lib/python3.8/site-packages/airflow/example_dags/example_time_delta_sensor_async.py for tasks to queue
[2022-03-23 18:50:37,728] {logging_mixin.py:109} INFO - [2022-03-23 18:50:37,728] {dagbag.py:500} INFO - Filling up the DagBag from /home/airflow/env/lib/python3.8/site-packages/airflow/example_dags/example_time_delta_sensor_async.py
[2022-03-23 18:50:37,745] {processor.py:654} INFO - DAG(s) dict_keys(['example_time_delta_sensor_async']) retrieved from /home/airflow/env/lib/python3.8/site-packages/airflow/example_dags/example_time_delta_sensor_async.py
[2022-03-23 18:50:37,753] {logging_mixin.py:109} INFO - [2022-03-23 18:50:37,753] {dag.py:2396} INFO - Sync 1 DAGs
[2022-03-23 18:50:37,765] {logging_mixin.py:109} INFO - [2022-03-23 18:50:37,765] {dag.py:2935} INFO - Setting next_dagrun for example_time_delta_sensor_async to None
[2022-03-23 18:50:37,784] {processor.py:171} INFO - Processing /home/airflow/env/lib/python3.8/site-packages/airflow/example_dags/example_time_delta_sensor_async.py took 0.061 seconds
[2022-03-23 18:51:10,579] {processor.py:163} INFO - Started process (PID=7140) to work on /home/airflow/env/lib/python3.8/site-packages/airflow/example_dags/example_time_delta_sensor_async.py
[2022-03-23 18:51:10,581] {processor.py:642} INFO - Processing file /home/airflow/env/lib/python3.8/site-packages/airflow/example_dags/example_time_delta_sensor_async.py for tasks to queue
[2022-03-23 18:51:10,581] {logging_mixin.py:109} INFO - [2022-03-23 18:51:10,581] {dagbag.py:500} INFO - Filling up the DagBag from /home/airflow/env/lib/python3.8/site-packages/airflow/example_dags/example_time_delta_sensor_async.py
[2022-03-23 18:51:10,599] {processor.py:654} INFO - DAG(s) dict_keys(['example_time_delta_sensor_async']) retrieved from /home/airflow/env/lib/python3.8/site-packages/airflow/example_dags/example_time_delta_sensor_async.py
[2022-03-23 18:51:10,608] {logging_mixin.py:109} INFO - [2022-03-23 18:51:10,608] {dag.py:2396} INFO - Sync 1 DAGs
[2022-03-23 18:51:10,619] {logging_mixin.py:109} INFO - [2022-03-23 18:51:10,619] {dag.py:2935} INFO - Setting next_dagrun for example_time_delta_sensor_async to None
[2022-03-23 18:51:10,636] {processor.py:171} INFO - Processing /home/airflow/env/lib/python3.8/site-packages/airflow/example_dags/example_time_delta_sensor_async.py took 0.059 seconds
[2022-03-23 18:51:44,216] {processor.py:163} INFO - Started process (PID=7173) to work on /home/airflow/env/lib/python3.8/site-packages/airflow/example_dags/example_time_delta_sensor_async.py
[2022-03-23 18:51:44,217] {processor.py:642} INFO - Processing file /home/airflow/env/lib/python3.8/site-packages/airflow/example_dags/example_time_delta_sensor_async.py for tasks to queue
[2022-03-23 18:51:44,218] {logging_mixin.py:109} INFO - [2022-03-23 18:51:44,218] {dagbag.py:500} INFO - Filling up the DagBag from /home/airflow/env/lib/python3.8/site-packages/airflow/example_dags/example_time_delta_sensor_async.py
[2022-03-23 18:51:44,242] {processor.py:654} INFO - DAG(s) dict_keys(['example_time_delta_sensor_async']) retrieved from /home/airflow/env/lib/python3.8/site-packages/airflow/example_dags/example_time_delta_sensor_async.py
[2022-03-23 18:51:44,252] {logging_mixin.py:109} INFO - [2022-03-23 18:51:44,252] {dag.py:2396} INFO - Sync 1 DAGs
[2022-03-23 18:51:44,273] {logging_mixin.py:109} INFO - [2022-03-23 18:51:44,273] {dag.py:2935} INFO - Setting next_dagrun for example_time_delta_sensor_async to None
[2022-03-23 18:51:44,312] {processor.py:171} INFO - Processing /home/airflow/env/lib/python3.8/site-packages/airflow/example_dags/example_time_delta_sensor_async.py took 0.099 seconds
[2022-03-23 18:52:18,043] {processor.py:163} INFO - Started process (PID=7206) to work on /home/airflow/env/lib/python3.8/site-packages/airflow/example_dags/example_time_delta_sensor_async.py
[2022-03-23 18:52:18,044] {processor.py:642} INFO - Processing file /home/airflow/env/lib/python3.8/site-packages/airflow/example_dags/example_time_delta_sensor_async.py for tasks to queue
[2022-03-23 18:52:18,045] {logging_mixin.py:109} INFO - [2022-03-23 18:52:18,045] {dagbag.py:500} INFO - Filling up the DagBag from /home/airflow/env/lib/python3.8/site-packages/airflow/example_dags/example_time_delta_sensor_async.py
[2022-03-23 18:52:18,068] {processor.py:654} INFO - DAG(s) dict_keys(['example_time_delta_sensor_async']) retrieved from /home/airflow/env/lib/python3.8/site-packages/airflow/example_dags/example_time_delta_sensor_async.py
[2022-03-23 18:52:18,075] {logging_mixin.py:109} INFO - [2022-03-23 18:52:18,075] {dag.py:2396} INFO - Sync 1 DAGs
[2022-03-23 18:52:18,085] {logging_mixin.py:109} INFO - [2022-03-23 18:52:18,085] {dag.py:2935} INFO - Setting next_dagrun for example_time_delta_sensor_async to None
[2022-03-23 18:52:18,103] {processor.py:171} INFO - Processing /home/airflow/env/lib/python3.8/site-packages/airflow/example_dags/example_time_delta_sensor_async.py took 0.062 seconds
[2022-03-23 18:52:51,470] {processor.py:163} INFO - Started process (PID=7239) to work on /home/airflow/env/lib/python3.8/site-packages/airflow/example_dags/example_time_delta_sensor_async.py
[2022-03-23 18:52:51,471] {processor.py:642} INFO - Processing file /home/airflow/env/lib/python3.8/site-packages/airflow/example_dags/example_time_delta_sensor_async.py for tasks to queue
[2022-03-23 18:52:51,472] {logging_mixin.py:109} INFO - [2022-03-23 18:52:51,472] {dagbag.py:500} INFO - Filling up the DagBag from /home/airflow/env/lib/python3.8/site-packages/airflow/example_dags/example_time_delta_sensor_async.py
[2022-03-23 18:52:51,491] {processor.py:654} INFO - DAG(s) dict_keys(['example_time_delta_sensor_async']) retrieved from /home/airflow/env/lib/python3.8/site-packages/airflow/example_dags/example_time_delta_sensor_async.py
[2022-03-23 18:52:51,500] {logging_mixin.py:109} INFO - [2022-03-23 18:52:51,500] {dag.py:2396} INFO - Sync 1 DAGs
[2022-03-23 18:52:51,511] {logging_mixin.py:109} INFO - [2022-03-23 18:52:51,511] {dag.py:2935} INFO - Setting next_dagrun for example_time_delta_sensor_async to None
[2022-03-23 18:52:51,524] {processor.py:171} INFO - Processing /home/airflow/env/lib/python3.8/site-packages/airflow/example_dags/example_time_delta_sensor_async.py took 0.056 seconds
[2022-03-23 18:53:23,180] {processor.py:163} INFO - Started process (PID=7270) to work on /home/airflow/env/lib/python3.8/site-packages/airflow/example_dags/example_time_delta_sensor_async.py
[2022-03-23 18:53:23,182] {processor.py:642} INFO - Processing file /home/airflow/env/lib/python3.8/site-packages/airflow/example_dags/example_time_delta_sensor_async.py for tasks to queue
[2022-03-23 18:53:23,182] {logging_mixin.py:109} INFO - [2022-03-23 18:53:23,182] {dagbag.py:500} INFO - Filling up the DagBag from /home/airflow/env/lib/python3.8/site-packages/airflow/example_dags/example_time_delta_sensor_async.py
[2022-03-23 18:53:23,205] {processor.py:654} INFO - DAG(s) dict_keys(['example_time_delta_sensor_async']) retrieved from /home/airflow/env/lib/python3.8/site-packages/airflow/example_dags/example_time_delta_sensor_async.py
[2022-03-23 18:53:23,217] {logging_mixin.py:109} INFO - [2022-03-23 18:53:23,217] {dag.py:2396} INFO - Sync 1 DAGs
[2022-03-23 18:53:23,233] {logging_mixin.py:109} INFO - [2022-03-23 18:53:23,233] {dag.py:2935} INFO - Setting next_dagrun for example_time_delta_sensor_async to None
[2022-03-23 18:53:23,249] {processor.py:171} INFO - Processing /home/airflow/env/lib/python3.8/site-packages/airflow/example_dags/example_time_delta_sensor_async.py took 0.072 seconds
[2022-03-23 18:53:56,358] {processor.py:163} INFO - Started process (PID=7302) to work on /home/airflow/env/lib/python3.8/site-packages/airflow/example_dags/example_time_delta_sensor_async.py
[2022-03-23 18:53:56,359] {processor.py:642} INFO - Processing file /home/airflow/env/lib/python3.8/site-packages/airflow/example_dags/example_time_delta_sensor_async.py for tasks to queue
[2022-03-23 18:53:56,359] {logging_mixin.py:109} INFO - [2022-03-23 18:53:56,359] {dagbag.py:500} INFO - Filling up the DagBag from /home/airflow/env/lib/python3.8/site-packages/airflow/example_dags/example_time_delta_sensor_async.py
[2022-03-23 18:53:56,377] {processor.py:654} INFO - DAG(s) dict_keys(['example_time_delta_sensor_async']) retrieved from /home/airflow/env/lib/python3.8/site-packages/airflow/example_dags/example_time_delta_sensor_async.py
[2022-03-23 18:53:56,387] {logging_mixin.py:109} INFO - [2022-03-23 18:53:56,387] {dag.py:2396} INFO - Sync 1 DAGs
[2022-03-23 18:53:56,398] {logging_mixin.py:109} INFO - [2022-03-23 18:53:56,398] {dag.py:2935} INFO - Setting next_dagrun for example_time_delta_sensor_async to None
[2022-03-23 18:53:56,414] {processor.py:171} INFO - Processing /home/airflow/env/lib/python3.8/site-packages/airflow/example_dags/example_time_delta_sensor_async.py took 0.059 seconds
[2022-03-23 18:54:29,320] {processor.py:163} INFO - Started process (PID=7333) to work on /home/airflow/env/lib/python3.8/site-packages/airflow/example_dags/example_time_delta_sensor_async.py
[2022-03-23 18:54:29,321] {processor.py:642} INFO - Processing file /home/airflow/env/lib/python3.8/site-packages/airflow/example_dags/example_time_delta_sensor_async.py for tasks to queue
[2022-03-23 18:54:29,322] {logging_mixin.py:109} INFO - [2022-03-23 18:54:29,322] {dagbag.py:500} INFO - Filling up the DagBag from /home/airflow/env/lib/python3.8/site-packages/airflow/example_dags/example_time_delta_sensor_async.py
[2022-03-23 18:54:29,344] {processor.py:654} INFO - DAG(s) dict_keys(['example_time_delta_sensor_async']) retrieved from /home/airflow/env/lib/python3.8/site-packages/airflow/example_dags/example_time_delta_sensor_async.py
[2022-03-23 18:54:29,357] {logging_mixin.py:109} INFO - [2022-03-23 18:54:29,357] {dag.py:2396} INFO - Sync 1 DAGs
[2022-03-23 18:54:29,368] {logging_mixin.py:109} INFO - [2022-03-23 18:54:29,367] {dag.py:2935} INFO - Setting next_dagrun for example_time_delta_sensor_async to None
[2022-03-23 18:54:29,387] {processor.py:171} INFO - Processing /home/airflow/env/lib/python3.8/site-packages/airflow/example_dags/example_time_delta_sensor_async.py took 0.070 seconds
[2022-03-23 18:55:00,751] {processor.py:163} INFO - Started process (PID=7364) to work on /home/airflow/env/lib/python3.8/site-packages/airflow/example_dags/example_time_delta_sensor_async.py
[2022-03-23 18:55:00,752] {processor.py:642} INFO - Processing file /home/airflow/env/lib/python3.8/site-packages/airflow/example_dags/example_time_delta_sensor_async.py for tasks to queue
[2022-03-23 18:55:00,752] {logging_mixin.py:109} INFO - [2022-03-23 18:55:00,752] {dagbag.py:500} INFO - Filling up the DagBag from /home/airflow/env/lib/python3.8/site-packages/airflow/example_dags/example_time_delta_sensor_async.py
[2022-03-23 18:55:00,770] {processor.py:654} INFO - DAG(s) dict_keys(['example_time_delta_sensor_async']) retrieved from /home/airflow/env/lib/python3.8/site-packages/airflow/example_dags/example_time_delta_sensor_async.py
[2022-03-23 18:55:00,781] {logging_mixin.py:109} INFO - [2022-03-23 18:55:00,781] {dag.py:2396} INFO - Sync 1 DAGs
[2022-03-23 18:55:00,793] {logging_mixin.py:109} INFO - [2022-03-23 18:55:00,793] {dag.py:2935} INFO - Setting next_dagrun for example_time_delta_sensor_async to None
[2022-03-23 18:55:00,812] {processor.py:171} INFO - Processing /home/airflow/env/lib/python3.8/site-packages/airflow/example_dags/example_time_delta_sensor_async.py took 0.063 seconds
[2022-03-23 18:55:32,350] {processor.py:163} INFO - Started process (PID=7423) to work on /home/airflow/env/lib/python3.8/site-packages/airflow/example_dags/example_time_delta_sensor_async.py
[2022-03-23 18:55:32,351] {processor.py:642} INFO - Processing file /home/airflow/env/lib/python3.8/site-packages/airflow/example_dags/example_time_delta_sensor_async.py for tasks to queue
[2022-03-23 18:55:32,352] {logging_mixin.py:109} INFO - [2022-03-23 18:55:32,352] {dagbag.py:500} INFO - Filling up the DagBag from /home/airflow/env/lib/python3.8/site-packages/airflow/example_dags/example_time_delta_sensor_async.py
[2022-03-23 18:55:32,375] {processor.py:654} INFO - DAG(s) dict_keys(['example_time_delta_sensor_async']) retrieved from /home/airflow/env/lib/python3.8/site-packages/airflow/example_dags/example_time_delta_sensor_async.py
[2022-03-23 18:55:32,388] {logging_mixin.py:109} INFO - [2022-03-23 18:55:32,387] {dag.py:2396} INFO - Sync 1 DAGs
[2022-03-23 18:55:32,403] {logging_mixin.py:109} INFO - [2022-03-23 18:55:32,403] {dag.py:2935} INFO - Setting next_dagrun for example_time_delta_sensor_async to None
[2022-03-23 18:55:32,428] {processor.py:171} INFO - Processing /home/airflow/env/lib/python3.8/site-packages/airflow/example_dags/example_time_delta_sensor_async.py took 0.082 seconds
[2022-03-23 18:56:05,709] {processor.py:163} INFO - Started process (PID=7483) to work on /home/airflow/env/lib/python3.8/site-packages/airflow/example_dags/example_time_delta_sensor_async.py
[2022-03-23 18:56:05,710] {processor.py:642} INFO - Processing file /home/airflow/env/lib/python3.8/site-packages/airflow/example_dags/example_time_delta_sensor_async.py for tasks to queue
[2022-03-23 18:56:05,710] {logging_mixin.py:109} INFO - [2022-03-23 18:56:05,710] {dagbag.py:500} INFO - Filling up the DagBag from /home/airflow/env/lib/python3.8/site-packages/airflow/example_dags/example_time_delta_sensor_async.py
[2022-03-23 18:56:05,727] {processor.py:654} INFO - DAG(s) dict_keys(['example_time_delta_sensor_async']) retrieved from /home/airflow/env/lib/python3.8/site-packages/airflow/example_dags/example_time_delta_sensor_async.py
[2022-03-23 18:56:05,734] {logging_mixin.py:109} INFO - [2022-03-23 18:56:05,734] {dag.py:2396} INFO - Sync 1 DAGs
[2022-03-23 18:56:05,745] {logging_mixin.py:109} INFO - [2022-03-23 18:56:05,745] {dag.py:2935} INFO - Setting next_dagrun for example_time_delta_sensor_async to None
[2022-03-23 18:56:05,763] {processor.py:171} INFO - Processing /home/airflow/env/lib/python3.8/site-packages/airflow/example_dags/example_time_delta_sensor_async.py took 0.058 seconds
[2022-03-23 18:56:39,295] {processor.py:163} INFO - Started process (PID=7515) to work on /home/airflow/env/lib/python3.8/site-packages/airflow/example_dags/example_time_delta_sensor_async.py
[2022-03-23 18:56:39,296] {processor.py:642} INFO - Processing file /home/airflow/env/lib/python3.8/site-packages/airflow/example_dags/example_time_delta_sensor_async.py for tasks to queue
[2022-03-23 18:56:39,297] {logging_mixin.py:109} INFO - [2022-03-23 18:56:39,297] {dagbag.py:500} INFO - Filling up the DagBag from /home/airflow/env/lib/python3.8/site-packages/airflow/example_dags/example_time_delta_sensor_async.py
[2022-03-23 18:56:39,318] {processor.py:654} INFO - DAG(s) dict_keys(['example_time_delta_sensor_async']) retrieved from /home/airflow/env/lib/python3.8/site-packages/airflow/example_dags/example_time_delta_sensor_async.py
[2022-03-23 18:56:39,328] {logging_mixin.py:109} INFO - [2022-03-23 18:56:39,328] {dag.py:2396} INFO - Sync 1 DAGs
[2022-03-23 18:56:39,340] {logging_mixin.py:109} INFO - [2022-03-23 18:56:39,340] {dag.py:2935} INFO - Setting next_dagrun for example_time_delta_sensor_async to None
[2022-03-23 18:56:39,360] {processor.py:171} INFO - Processing /home/airflow/env/lib/python3.8/site-packages/airflow/example_dags/example_time_delta_sensor_async.py took 0.068 seconds
[2022-03-23 18:57:11,337] {processor.py:163} INFO - Started process (PID=7547) to work on /home/airflow/env/lib/python3.8/site-packages/airflow/example_dags/example_time_delta_sensor_async.py
[2022-03-23 18:57:11,339] {processor.py:642} INFO - Processing file /home/airflow/env/lib/python3.8/site-packages/airflow/example_dags/example_time_delta_sensor_async.py for tasks to queue
[2022-03-23 18:57:11,340] {logging_mixin.py:109} INFO - [2022-03-23 18:57:11,340] {dagbag.py:500} INFO - Filling up the DagBag from /home/airflow/env/lib/python3.8/site-packages/airflow/example_dags/example_time_delta_sensor_async.py
[2022-03-23 18:57:11,360] {processor.py:654} INFO - DAG(s) dict_keys(['example_time_delta_sensor_async']) retrieved from /home/airflow/env/lib/python3.8/site-packages/airflow/example_dags/example_time_delta_sensor_async.py
[2022-03-23 18:57:11,370] {logging_mixin.py:109} INFO - [2022-03-23 18:57:11,370] {dag.py:2396} INFO - Sync 1 DAGs
[2022-03-23 18:57:11,383] {logging_mixin.py:109} INFO - [2022-03-23 18:57:11,383] {dag.py:2935} INFO - Setting next_dagrun for example_time_delta_sensor_async to None
[2022-03-23 18:57:11,400] {processor.py:171} INFO - Processing /home/airflow/env/lib/python3.8/site-packages/airflow/example_dags/example_time_delta_sensor_async.py took 0.065 seconds
[2022-03-23 18:57:46,156] {processor.py:163} INFO - Started process (PID=7580) to work on /home/airflow/env/lib/python3.8/site-packages/airflow/example_dags/example_time_delta_sensor_async.py
[2022-03-23 18:57:46,158] {processor.py:642} INFO - Processing file /home/airflow/env/lib/python3.8/site-packages/airflow/example_dags/example_time_delta_sensor_async.py for tasks to queue
[2022-03-23 18:57:46,159] {logging_mixin.py:109} INFO - [2022-03-23 18:57:46,159] {dagbag.py:500} INFO - Filling up the DagBag from /home/airflow/env/lib/python3.8/site-packages/airflow/example_dags/example_time_delta_sensor_async.py
[2022-03-23 18:57:46,183] {processor.py:654} INFO - DAG(s) dict_keys(['example_time_delta_sensor_async']) retrieved from /home/airflow/env/lib/python3.8/site-packages/airflow/example_dags/example_time_delta_sensor_async.py
[2022-03-23 18:57:46,194] {logging_mixin.py:109} INFO - [2022-03-23 18:57:46,194] {dag.py:2396} INFO - Sync 1 DAGs
[2022-03-23 18:57:46,207] {logging_mixin.py:109} INFO - [2022-03-23 18:57:46,207] {dag.py:2935} INFO - Setting next_dagrun for example_time_delta_sensor_async to None
[2022-03-23 18:57:46,229] {processor.py:171} INFO - Processing /home/airflow/env/lib/python3.8/site-packages/airflow/example_dags/example_time_delta_sensor_async.py took 0.075 seconds
[2022-03-23 18:58:25,915] {processor.py:163} INFO - Started process (PID=7744) to work on /home/airflow/env/lib/python3.8/site-packages/airflow/example_dags/example_time_delta_sensor_async.py
[2022-03-23 18:58:25,921] {processor.py:642} INFO - Processing file /home/airflow/env/lib/python3.8/site-packages/airflow/example_dags/example_time_delta_sensor_async.py for tasks to queue
[2022-03-23 18:58:25,922] {logging_mixin.py:109} INFO - [2022-03-23 18:58:25,922] {dagbag.py:500} INFO - Filling up the DagBag from /home/airflow/env/lib/python3.8/site-packages/airflow/example_dags/example_time_delta_sensor_async.py
[2022-03-23 18:58:26,074] {processor.py:654} INFO - DAG(s) dict_keys(['example_time_delta_sensor_async']) retrieved from /home/airflow/env/lib/python3.8/site-packages/airflow/example_dags/example_time_delta_sensor_async.py
[2022-03-23 18:58:26,166] {logging_mixin.py:109} INFO - [2022-03-23 18:58:26,166] {dag.py:2396} INFO - Sync 1 DAGs
[2022-03-23 18:58:26,215] {logging_mixin.py:109} INFO - [2022-03-23 18:58:26,215] {dag.py:2935} INFO - Setting next_dagrun for example_time_delta_sensor_async to None
[2022-03-23 18:58:26,245] {processor.py:171} INFO - Processing /home/airflow/env/lib/python3.8/site-packages/airflow/example_dags/example_time_delta_sensor_async.py took 0.385 seconds
[2022-03-23 18:59:08,067] {processor.py:163} INFO - Started process (PID=7875) to work on /home/airflow/env/lib/python3.8/site-packages/airflow/example_dags/example_time_delta_sensor_async.py
[2022-03-23 18:59:08,069] {processor.py:642} INFO - Processing file /home/airflow/env/lib/python3.8/site-packages/airflow/example_dags/example_time_delta_sensor_async.py for tasks to queue
[2022-03-23 18:59:08,069] {logging_mixin.py:109} INFO - [2022-03-23 18:59:08,069] {dagbag.py:500} INFO - Filling up the DagBag from /home/airflow/env/lib/python3.8/site-packages/airflow/example_dags/example_time_delta_sensor_async.py
[2022-03-23 18:59:08,087] {processor.py:654} INFO - DAG(s) dict_keys(['example_time_delta_sensor_async']) retrieved from /home/airflow/env/lib/python3.8/site-packages/airflow/example_dags/example_time_delta_sensor_async.py
[2022-03-23 18:59:08,096] {logging_mixin.py:109} INFO - [2022-03-23 18:59:08,096] {dag.py:2396} INFO - Sync 1 DAGs
[2022-03-23 18:59:08,110] {logging_mixin.py:109} INFO - [2022-03-23 18:59:08,110] {dag.py:2935} INFO - Setting next_dagrun for example_time_delta_sensor_async to None
[2022-03-23 18:59:08,122] {processor.py:171} INFO - Processing /home/airflow/env/lib/python3.8/site-packages/airflow/example_dags/example_time_delta_sensor_async.py took 0.058 seconds
[2022-03-23 18:59:42,205] {processor.py:163} INFO - Started process (PID=7970) to work on /home/airflow/env/lib/python3.8/site-packages/airflow/example_dags/example_time_delta_sensor_async.py
[2022-03-23 18:59:42,206] {processor.py:642} INFO - Processing file /home/airflow/env/lib/python3.8/site-packages/airflow/example_dags/example_time_delta_sensor_async.py for tasks to queue
[2022-03-23 18:59:42,207] {logging_mixin.py:109} INFO - [2022-03-23 18:59:42,207] {dagbag.py:500} INFO - Filling up the DagBag from /home/airflow/env/lib/python3.8/site-packages/airflow/example_dags/example_time_delta_sensor_async.py
[2022-03-23 18:59:42,224] {processor.py:654} INFO - DAG(s) dict_keys(['example_time_delta_sensor_async']) retrieved from /home/airflow/env/lib/python3.8/site-packages/airflow/example_dags/example_time_delta_sensor_async.py
[2022-03-23 18:59:42,236] {logging_mixin.py:109} INFO - [2022-03-23 18:59:42,236] {dag.py:2396} INFO - Sync 1 DAGs
[2022-03-23 18:59:42,249] {logging_mixin.py:109} INFO - [2022-03-23 18:59:42,249] {dag.py:2935} INFO - Setting next_dagrun for example_time_delta_sensor_async to None
[2022-03-23 18:59:42,265] {processor.py:171} INFO - Processing /home/airflow/env/lib/python3.8/site-packages/airflow/example_dags/example_time_delta_sensor_async.py took 0.063 seconds
[2022-03-23 19:00:26,617] {processor.py:163} INFO - Started process (PID=8218) to work on /home/airflow/env/lib/python3.8/site-packages/airflow/example_dags/example_time_delta_sensor_async.py
[2022-03-23 19:00:26,619] {processor.py:642} INFO - Processing file /home/airflow/env/lib/python3.8/site-packages/airflow/example_dags/example_time_delta_sensor_async.py for tasks to queue
[2022-03-23 19:00:26,620] {logging_mixin.py:109} INFO - [2022-03-23 19:00:26,620] {dagbag.py:500} INFO - Filling up the DagBag from /home/airflow/env/lib/python3.8/site-packages/airflow/example_dags/example_time_delta_sensor_async.py
[2022-03-23 19:00:26,649] {processor.py:654} INFO - DAG(s) dict_keys(['example_time_delta_sensor_async']) retrieved from /home/airflow/env/lib/python3.8/site-packages/airflow/example_dags/example_time_delta_sensor_async.py
[2022-03-23 19:00:26,666] {logging_mixin.py:109} INFO - [2022-03-23 19:00:26,665] {dag.py:2396} INFO - Sync 1 DAGs
[2022-03-23 19:00:26,681] {logging_mixin.py:109} INFO - [2022-03-23 19:00:26,681] {dag.py:2935} INFO - Setting next_dagrun for example_time_delta_sensor_async to None
[2022-03-23 19:00:26,700] {processor.py:171} INFO - Processing /home/airflow/env/lib/python3.8/site-packages/airflow/example_dags/example_time_delta_sensor_async.py took 0.085 seconds
[2022-03-23 19:01:03,799] {processor.py:163} INFO - Started process (PID=8441) to work on /home/airflow/env/lib/python3.8/site-packages/airflow/example_dags/example_time_delta_sensor_async.py
[2022-03-23 19:01:03,801] {processor.py:642} INFO - Processing file /home/airflow/env/lib/python3.8/site-packages/airflow/example_dags/example_time_delta_sensor_async.py for tasks to queue
[2022-03-23 19:01:03,801] {logging_mixin.py:109} INFO - [2022-03-23 19:01:03,801] {dagbag.py:500} INFO - Filling up the DagBag from /home/airflow/env/lib/python3.8/site-packages/airflow/example_dags/example_time_delta_sensor_async.py
[2022-03-23 19:01:03,825] {processor.py:654} INFO - DAG(s) dict_keys(['example_time_delta_sensor_async']) retrieved from /home/airflow/env/lib/python3.8/site-packages/airflow/example_dags/example_time_delta_sensor_async.py
[2022-03-23 19:01:03,838] {logging_mixin.py:109} INFO - [2022-03-23 19:01:03,837] {dag.py:2396} INFO - Sync 1 DAGs
[2022-03-23 19:01:03,857] {logging_mixin.py:109} INFO - [2022-03-23 19:01:03,857] {dag.py:2935} INFO - Setting next_dagrun for example_time_delta_sensor_async to None
[2022-03-23 19:01:03,883] {processor.py:171} INFO - Processing /home/airflow/env/lib/python3.8/site-packages/airflow/example_dags/example_time_delta_sensor_async.py took 0.091 seconds
[2022-03-23 19:01:39,714] {processor.py:163} INFO - Started process (PID=8476) to work on /home/airflow/env/lib/python3.8/site-packages/airflow/example_dags/example_time_delta_sensor_async.py
[2022-03-23 19:01:39,716] {processor.py:642} INFO - Processing file /home/airflow/env/lib/python3.8/site-packages/airflow/example_dags/example_time_delta_sensor_async.py for tasks to queue
[2022-03-23 19:01:39,717] {logging_mixin.py:109} INFO - [2022-03-23 19:01:39,716] {dagbag.py:500} INFO - Filling up the DagBag from /home/airflow/env/lib/python3.8/site-packages/airflow/example_dags/example_time_delta_sensor_async.py
[2022-03-23 19:01:39,749] {processor.py:654} INFO - DAG(s) dict_keys(['example_time_delta_sensor_async']) retrieved from /home/airflow/env/lib/python3.8/site-packages/airflow/example_dags/example_time_delta_sensor_async.py
[2022-03-23 19:01:39,762] {logging_mixin.py:109} INFO - [2022-03-23 19:01:39,762] {dag.py:2396} INFO - Sync 1 DAGs
[2022-03-23 19:01:39,783] {logging_mixin.py:109} INFO - [2022-03-23 19:01:39,783] {dag.py:2935} INFO - Setting next_dagrun for example_time_delta_sensor_async to None
[2022-03-23 19:01:39,804] {processor.py:171} INFO - Processing /home/airflow/env/lib/python3.8/site-packages/airflow/example_dags/example_time_delta_sensor_async.py took 0.093 seconds
[2022-03-23 19:02:14,035] {processor.py:163} INFO - Started process (PID=8559) to work on /home/airflow/env/lib/python3.8/site-packages/airflow/example_dags/example_time_delta_sensor_async.py
[2022-03-23 19:02:14,036] {processor.py:642} INFO - Processing file /home/airflow/env/lib/python3.8/site-packages/airflow/example_dags/example_time_delta_sensor_async.py for tasks to queue
[2022-03-23 19:02:14,037] {logging_mixin.py:109} INFO - [2022-03-23 19:02:14,037] {dagbag.py:500} INFO - Filling up the DagBag from /home/airflow/env/lib/python3.8/site-packages/airflow/example_dags/example_time_delta_sensor_async.py
[2022-03-23 19:02:14,054] {processor.py:654} INFO - DAG(s) dict_keys(['example_time_delta_sensor_async']) retrieved from /home/airflow/env/lib/python3.8/site-packages/airflow/example_dags/example_time_delta_sensor_async.py
[2022-03-23 19:02:14,062] {logging_mixin.py:109} INFO - [2022-03-23 19:02:14,062] {dag.py:2396} INFO - Sync 1 DAGs
[2022-03-23 19:02:14,072] {logging_mixin.py:109} INFO - [2022-03-23 19:02:14,072] {dag.py:2935} INFO - Setting next_dagrun for example_time_delta_sensor_async to None
[2022-03-23 19:02:14,091] {processor.py:171} INFO - Processing /home/airflow/env/lib/python3.8/site-packages/airflow/example_dags/example_time_delta_sensor_async.py took 0.059 seconds
[2022-03-23 19:02:53,983] {processor.py:163} INFO - Started process (PID=8700) to work on /home/airflow/env/lib/python3.8/site-packages/airflow/example_dags/example_time_delta_sensor_async.py
[2022-03-23 19:02:53,984] {processor.py:642} INFO - Processing file /home/airflow/env/lib/python3.8/site-packages/airflow/example_dags/example_time_delta_sensor_async.py for tasks to queue
[2022-03-23 19:02:53,985] {logging_mixin.py:109} INFO - [2022-03-23 19:02:53,985] {dagbag.py:500} INFO - Filling up the DagBag from /home/airflow/env/lib/python3.8/site-packages/airflow/example_dags/example_time_delta_sensor_async.py
[2022-03-23 19:02:54,001] {processor.py:654} INFO - DAG(s) dict_keys(['example_time_delta_sensor_async']) retrieved from /home/airflow/env/lib/python3.8/site-packages/airflow/example_dags/example_time_delta_sensor_async.py
[2022-03-23 19:02:54,010] {logging_mixin.py:109} INFO - [2022-03-23 19:02:54,009] {dag.py:2396} INFO - Sync 1 DAGs
[2022-03-23 19:02:54,020] {logging_mixin.py:109} INFO - [2022-03-23 19:02:54,020] {dag.py:2935} INFO - Setting next_dagrun for example_time_delta_sensor_async to None
[2022-03-23 19:02:54,038] {processor.py:171} INFO - Processing /home/airflow/env/lib/python3.8/site-packages/airflow/example_dags/example_time_delta_sensor_async.py took 0.057 seconds
[2022-03-23 19:03:31,015] {processor.py:163} INFO - Started process (PID=8798) to work on /home/airflow/env/lib/python3.8/site-packages/airflow/example_dags/example_time_delta_sensor_async.py
[2022-03-23 19:03:31,017] {processor.py:642} INFO - Processing file /home/airflow/env/lib/python3.8/site-packages/airflow/example_dags/example_time_delta_sensor_async.py for tasks to queue
[2022-03-23 19:03:31,017] {logging_mixin.py:109} INFO - [2022-03-23 19:03:31,017] {dagbag.py:500} INFO - Filling up the DagBag from /home/airflow/env/lib/python3.8/site-packages/airflow/example_dags/example_time_delta_sensor_async.py
[2022-03-23 19:03:31,036] {processor.py:654} INFO - DAG(s) dict_keys(['example_time_delta_sensor_async']) retrieved from /home/airflow/env/lib/python3.8/site-packages/airflow/example_dags/example_time_delta_sensor_async.py
[2022-03-23 19:03:31,044] {logging_mixin.py:109} INFO - [2022-03-23 19:03:31,044] {dag.py:2396} INFO - Sync 1 DAGs
[2022-03-23 19:03:31,054] {logging_mixin.py:109} INFO - [2022-03-23 19:03:31,054] {dag.py:2935} INFO - Setting next_dagrun for example_time_delta_sensor_async to None
[2022-03-23 19:03:31,073] {processor.py:171} INFO - Processing /home/airflow/env/lib/python3.8/site-packages/airflow/example_dags/example_time_delta_sensor_async.py took 0.061 seconds
[2022-03-23 19:04:10,011] {processor.py:163} INFO - Started process (PID=8949) to work on /home/airflow/env/lib/python3.8/site-packages/airflow/example_dags/example_time_delta_sensor_async.py
[2022-03-23 19:04:10,012] {processor.py:642} INFO - Processing file /home/airflow/env/lib/python3.8/site-packages/airflow/example_dags/example_time_delta_sensor_async.py for tasks to queue
[2022-03-23 19:04:10,012] {logging_mixin.py:109} INFO - [2022-03-23 19:04:10,012] {dagbag.py:500} INFO - Filling up the DagBag from /home/airflow/env/lib/python3.8/site-packages/airflow/example_dags/example_time_delta_sensor_async.py
[2022-03-23 19:04:10,028] {processor.py:654} INFO - DAG(s) dict_keys(['example_time_delta_sensor_async']) retrieved from /home/airflow/env/lib/python3.8/site-packages/airflow/example_dags/example_time_delta_sensor_async.py
[2022-03-23 19:04:10,036] {logging_mixin.py:109} INFO - [2022-03-23 19:04:10,035] {dag.py:2396} INFO - Sync 1 DAGs
[2022-03-23 19:04:10,045] {logging_mixin.py:109} INFO - [2022-03-23 19:04:10,045] {dag.py:2935} INFO - Setting next_dagrun for example_time_delta_sensor_async to None
[2022-03-23 19:04:10,065] {processor.py:171} INFO - Processing /home/airflow/env/lib/python3.8/site-packages/airflow/example_dags/example_time_delta_sensor_async.py took 0.057 seconds
[2022-03-23 19:04:51,074] {processor.py:163} INFO - Started process (PID=9068) to work on /home/airflow/env/lib/python3.8/site-packages/airflow/example_dags/example_time_delta_sensor_async.py
[2022-03-23 19:04:51,081] {processor.py:642} INFO - Processing file /home/airflow/env/lib/python3.8/site-packages/airflow/example_dags/example_time_delta_sensor_async.py for tasks to queue
[2022-03-23 19:04:51,098] {logging_mixin.py:109} INFO - [2022-03-23 19:04:51,098] {dagbag.py:500} INFO - Filling up the DagBag from /home/airflow/env/lib/python3.8/site-packages/airflow/example_dags/example_time_delta_sensor_async.py
[2022-03-23 19:04:51,167] {processor.py:654} INFO - DAG(s) dict_keys(['example_time_delta_sensor_async']) retrieved from /home/airflow/env/lib/python3.8/site-packages/airflow/example_dags/example_time_delta_sensor_async.py
[2022-03-23 19:04:51,205] {logging_mixin.py:109} INFO - [2022-03-23 19:04:51,192] {dag.py:2396} INFO - Sync 1 DAGs
[2022-03-23 19:04:51,242] {logging_mixin.py:109} INFO - [2022-03-23 19:04:51,242] {dag.py:2935} INFO - Setting next_dagrun for example_time_delta_sensor_async to None
[2022-03-23 19:04:51,287] {processor.py:171} INFO - Processing /home/airflow/env/lib/python3.8/site-packages/airflow/example_dags/example_time_delta_sensor_async.py took 0.232 seconds
[2022-03-23 19:05:36,105] {processor.py:163} INFO - Started process (PID=9157) to work on /home/airflow/env/lib/python3.8/site-packages/airflow/example_dags/example_time_delta_sensor_async.py
[2022-03-23 19:05:36,107] {processor.py:642} INFO - Processing file /home/airflow/env/lib/python3.8/site-packages/airflow/example_dags/example_time_delta_sensor_async.py for tasks to queue
[2022-03-23 19:05:36,108] {logging_mixin.py:109} INFO - [2022-03-23 19:05:36,108] {dagbag.py:500} INFO - Filling up the DagBag from /home/airflow/env/lib/python3.8/site-packages/airflow/example_dags/example_time_delta_sensor_async.py
[2022-03-23 19:05:36,127] {processor.py:654} INFO - DAG(s) dict_keys(['example_time_delta_sensor_async']) retrieved from /home/airflow/env/lib/python3.8/site-packages/airflow/example_dags/example_time_delta_sensor_async.py
[2022-03-23 19:05:36,140] {logging_mixin.py:109} INFO - [2022-03-23 19:05:36,139] {dag.py:2396} INFO - Sync 1 DAGs
[2022-03-23 19:05:36,161] {logging_mixin.py:109} INFO - [2022-03-23 19:05:36,161] {dag.py:2935} INFO - Setting next_dagrun for example_time_delta_sensor_async to None
[2022-03-23 19:05:36,177] {processor.py:171} INFO - Processing /home/airflow/env/lib/python3.8/site-packages/airflow/example_dags/example_time_delta_sensor_async.py took 0.076 seconds
[2022-03-23 19:06:13,230] {processor.py:163} INFO - Started process (PID=9206) to work on /home/airflow/env/lib/python3.8/site-packages/airflow/example_dags/example_time_delta_sensor_async.py
[2022-03-23 19:06:13,231] {processor.py:642} INFO - Processing file /home/airflow/env/lib/python3.8/site-packages/airflow/example_dags/example_time_delta_sensor_async.py for tasks to queue
[2022-03-23 19:06:13,232] {logging_mixin.py:109} INFO - [2022-03-23 19:06:13,232] {dagbag.py:500} INFO - Filling up the DagBag from /home/airflow/env/lib/python3.8/site-packages/airflow/example_dags/example_time_delta_sensor_async.py
[2022-03-23 19:06:13,248] {processor.py:654} INFO - DAG(s) dict_keys(['example_time_delta_sensor_async']) retrieved from /home/airflow/env/lib/python3.8/site-packages/airflow/example_dags/example_time_delta_sensor_async.py
[2022-03-23 19:06:13,259] {logging_mixin.py:109} INFO - [2022-03-23 19:06:13,259] {dag.py:2396} INFO - Sync 1 DAGs
[2022-03-23 19:06:13,270] {logging_mixin.py:109} INFO - [2022-03-23 19:06:13,270] {dag.py:2935} INFO - Setting next_dagrun for example_time_delta_sensor_async to None
[2022-03-23 19:06:13,287] {processor.py:171} INFO - Processing /home/airflow/env/lib/python3.8/site-packages/airflow/example_dags/example_time_delta_sensor_async.py took 0.059 seconds
[2022-03-23 19:06:46,964] {processor.py:163} INFO - Started process (PID=9238) to work on /home/airflow/env/lib/python3.8/site-packages/airflow/example_dags/example_time_delta_sensor_async.py
[2022-03-23 19:06:46,966] {processor.py:642} INFO - Processing file /home/airflow/env/lib/python3.8/site-packages/airflow/example_dags/example_time_delta_sensor_async.py for tasks to queue
[2022-03-23 19:06:46,966] {logging_mixin.py:109} INFO - [2022-03-23 19:06:46,966] {dagbag.py:500} INFO - Filling up the DagBag from /home/airflow/env/lib/python3.8/site-packages/airflow/example_dags/example_time_delta_sensor_async.py
[2022-03-23 19:06:46,994] {processor.py:654} INFO - DAG(s) dict_keys(['example_time_delta_sensor_async']) retrieved from /home/airflow/env/lib/python3.8/site-packages/airflow/example_dags/example_time_delta_sensor_async.py
[2022-03-23 19:06:47,004] {logging_mixin.py:109} INFO - [2022-03-23 19:06:47,004] {dag.py:2396} INFO - Sync 1 DAGs
[2022-03-23 19:06:47,019] {logging_mixin.py:109} INFO - [2022-03-23 19:06:47,019] {dag.py:2935} INFO - Setting next_dagrun for example_time_delta_sensor_async to None
[2022-03-23 19:06:47,038] {processor.py:171} INFO - Processing /home/airflow/env/lib/python3.8/site-packages/airflow/example_dags/example_time_delta_sensor_async.py took 0.078 seconds
[2022-03-23 19:07:21,628] {processor.py:163} INFO - Started process (PID=9272) to work on /home/airflow/env/lib/python3.8/site-packages/airflow/example_dags/example_time_delta_sensor_async.py
[2022-03-23 19:07:21,630] {processor.py:642} INFO - Processing file /home/airflow/env/lib/python3.8/site-packages/airflow/example_dags/example_time_delta_sensor_async.py for tasks to queue
[2022-03-23 19:07:21,630] {logging_mixin.py:109} INFO - [2022-03-23 19:07:21,630] {dagbag.py:500} INFO - Filling up the DagBag from /home/airflow/env/lib/python3.8/site-packages/airflow/example_dags/example_time_delta_sensor_async.py
[2022-03-23 19:07:21,650] {processor.py:654} INFO - DAG(s) dict_keys(['example_time_delta_sensor_async']) retrieved from /home/airflow/env/lib/python3.8/site-packages/airflow/example_dags/example_time_delta_sensor_async.py
[2022-03-23 19:07:21,658] {logging_mixin.py:109} INFO - [2022-03-23 19:07:21,658] {dag.py:2396} INFO - Sync 1 DAGs
[2022-03-23 19:07:21,670] {logging_mixin.py:109} INFO - [2022-03-23 19:07:21,670] {dag.py:2935} INFO - Setting next_dagrun for example_time_delta_sensor_async to None
[2022-03-23 19:07:21,687] {processor.py:171} INFO - Processing /home/airflow/env/lib/python3.8/site-packages/airflow/example_dags/example_time_delta_sensor_async.py took 0.062 seconds
[2022-03-23 19:07:54,939] {processor.py:163} INFO - Started process (PID=9306) to work on /home/airflow/env/lib/python3.8/site-packages/airflow/example_dags/example_time_delta_sensor_async.py
[2022-03-23 19:07:54,939] {processor.py:642} INFO - Processing file /home/airflow/env/lib/python3.8/site-packages/airflow/example_dags/example_time_delta_sensor_async.py for tasks to queue
[2022-03-23 19:07:54,940] {logging_mixin.py:109} INFO - [2022-03-23 19:07:54,940] {dagbag.py:500} INFO - Filling up the DagBag from /home/airflow/env/lib/python3.8/site-packages/airflow/example_dags/example_time_delta_sensor_async.py
[2022-03-23 19:07:54,957] {processor.py:654} INFO - DAG(s) dict_keys(['example_time_delta_sensor_async']) retrieved from /home/airflow/env/lib/python3.8/site-packages/airflow/example_dags/example_time_delta_sensor_async.py
[2022-03-23 19:07:54,966] {logging_mixin.py:109} INFO - [2022-03-23 19:07:54,966] {dag.py:2396} INFO - Sync 1 DAGs
[2022-03-23 19:07:54,977] {logging_mixin.py:109} INFO - [2022-03-23 19:07:54,977] {dag.py:2935} INFO - Setting next_dagrun for example_time_delta_sensor_async to None
[2022-03-23 19:07:54,995] {processor.py:171} INFO - Processing /home/airflow/env/lib/python3.8/site-packages/airflow/example_dags/example_time_delta_sensor_async.py took 0.059 seconds
[2022-03-23 19:08:28,383] {processor.py:163} INFO - Started process (PID=9338) to work on /home/airflow/env/lib/python3.8/site-packages/airflow/example_dags/example_time_delta_sensor_async.py
[2022-03-23 19:08:28,386] {processor.py:642} INFO - Processing file /home/airflow/env/lib/python3.8/site-packages/airflow/example_dags/example_time_delta_sensor_async.py for tasks to queue
[2022-03-23 19:08:28,387] {logging_mixin.py:109} INFO - [2022-03-23 19:08:28,387] {dagbag.py:500} INFO - Filling up the DagBag from /home/airflow/env/lib/python3.8/site-packages/airflow/example_dags/example_time_delta_sensor_async.py
[2022-03-23 19:08:28,406] {processor.py:654} INFO - DAG(s) dict_keys(['example_time_delta_sensor_async']) retrieved from /home/airflow/env/lib/python3.8/site-packages/airflow/example_dags/example_time_delta_sensor_async.py
[2022-03-23 19:08:28,415] {logging_mixin.py:109} INFO - [2022-03-23 19:08:28,415] {dag.py:2396} INFO - Sync 1 DAGs
[2022-03-23 19:08:28,427] {logging_mixin.py:109} INFO - [2022-03-23 19:08:28,427] {dag.py:2935} INFO - Setting next_dagrun for example_time_delta_sensor_async to None
[2022-03-23 19:08:28,440] {processor.py:171} INFO - Processing /home/airflow/env/lib/python3.8/site-packages/airflow/example_dags/example_time_delta_sensor_async.py took 0.060 seconds
[2022-03-23 19:09:01,828] {processor.py:163} INFO - Started process (PID=9372) to work on /home/airflow/env/lib/python3.8/site-packages/airflow/example_dags/example_time_delta_sensor_async.py
[2022-03-23 19:09:01,839] {processor.py:642} INFO - Processing file /home/airflow/env/lib/python3.8/site-packages/airflow/example_dags/example_time_delta_sensor_async.py for tasks to queue
[2022-03-23 19:09:01,843] {logging_mixin.py:109} INFO - [2022-03-23 19:09:01,843] {dagbag.py:500} INFO - Filling up the DagBag from /home/airflow/env/lib/python3.8/site-packages/airflow/example_dags/example_time_delta_sensor_async.py
[2022-03-23 19:09:01,931] {processor.py:654} INFO - DAG(s) dict_keys(['example_time_delta_sensor_async']) retrieved from /home/airflow/env/lib/python3.8/site-packages/airflow/example_dags/example_time_delta_sensor_async.py
[2022-03-23 19:09:01,984] {logging_mixin.py:109} INFO - [2022-03-23 19:09:01,984] {dag.py:2396} INFO - Sync 1 DAGs
[2022-03-23 19:09:02,081] {logging_mixin.py:109} INFO - [2022-03-23 19:09:02,080] {dag.py:2935} INFO - Setting next_dagrun for example_time_delta_sensor_async to None
[2022-03-23 19:09:02,135] {processor.py:171} INFO - Processing /home/airflow/env/lib/python3.8/site-packages/airflow/example_dags/example_time_delta_sensor_async.py took 0.323 seconds
[2022-03-23 19:09:39,030] {processor.py:163} INFO - Started process (PID=9402) to work on /home/airflow/env/lib/python3.8/site-packages/airflow/example_dags/example_time_delta_sensor_async.py
[2022-03-23 19:09:39,032] {processor.py:642} INFO - Processing file /home/airflow/env/lib/python3.8/site-packages/airflow/example_dags/example_time_delta_sensor_async.py for tasks to queue
[2022-03-23 19:09:39,032] {logging_mixin.py:109} INFO - [2022-03-23 19:09:39,032] {dagbag.py:500} INFO - Filling up the DagBag from /home/airflow/env/lib/python3.8/site-packages/airflow/example_dags/example_time_delta_sensor_async.py
[2022-03-23 19:09:39,054] {processor.py:654} INFO - DAG(s) dict_keys(['example_time_delta_sensor_async']) retrieved from /home/airflow/env/lib/python3.8/site-packages/airflow/example_dags/example_time_delta_sensor_async.py
[2022-03-23 19:09:39,066] {logging_mixin.py:109} INFO - [2022-03-23 19:09:39,066] {dag.py:2396} INFO - Sync 1 DAGs
[2022-03-23 19:09:39,081] {logging_mixin.py:109} INFO - [2022-03-23 19:09:39,081] {dag.py:2935} INFO - Setting next_dagrun for example_time_delta_sensor_async to None
[2022-03-23 19:09:39,101] {processor.py:171} INFO - Processing /home/airflow/env/lib/python3.8/site-packages/airflow/example_dags/example_time_delta_sensor_async.py took 0.074 seconds
[2022-03-23 19:10:12,645] {processor.py:163} INFO - Started process (PID=9434) to work on /home/airflow/env/lib/python3.8/site-packages/airflow/example_dags/example_time_delta_sensor_async.py
[2022-03-23 19:10:12,652] {processor.py:642} INFO - Processing file /home/airflow/env/lib/python3.8/site-packages/airflow/example_dags/example_time_delta_sensor_async.py for tasks to queue
[2022-03-23 19:10:12,652] {logging_mixin.py:109} INFO - [2022-03-23 19:10:12,652] {dagbag.py:500} INFO - Filling up the DagBag from /home/airflow/env/lib/python3.8/site-packages/airflow/example_dags/example_time_delta_sensor_async.py
[2022-03-23 19:10:12,676] {processor.py:654} INFO - DAG(s) dict_keys(['example_time_delta_sensor_async']) retrieved from /home/airflow/env/lib/python3.8/site-packages/airflow/example_dags/example_time_delta_sensor_async.py
[2022-03-23 19:10:12,685] {logging_mixin.py:109} INFO - [2022-03-23 19:10:12,685] {dag.py:2396} INFO - Sync 1 DAGs
[2022-03-23 19:10:12,702] {logging_mixin.py:109} INFO - [2022-03-23 19:10:12,702] {dag.py:2935} INFO - Setting next_dagrun for example_time_delta_sensor_async to None
[2022-03-23 19:10:12,718] {processor.py:171} INFO - Processing /home/airflow/env/lib/python3.8/site-packages/airflow/example_dags/example_time_delta_sensor_async.py took 0.075 seconds
[2022-03-23 19:10:45,004] {processor.py:163} INFO - Started process (PID=9524) to work on /home/airflow/env/lib/python3.8/site-packages/airflow/example_dags/example_time_delta_sensor_async.py
[2022-03-23 19:10:45,005] {processor.py:642} INFO - Processing file /home/airflow/env/lib/python3.8/site-packages/airflow/example_dags/example_time_delta_sensor_async.py for tasks to queue
[2022-03-23 19:10:45,006] {logging_mixin.py:109} INFO - [2022-03-23 19:10:45,006] {dagbag.py:500} INFO - Filling up the DagBag from /home/airflow/env/lib/python3.8/site-packages/airflow/example_dags/example_time_delta_sensor_async.py
[2022-03-23 19:10:45,022] {processor.py:654} INFO - DAG(s) dict_keys(['example_time_delta_sensor_async']) retrieved from /home/airflow/env/lib/python3.8/site-packages/airflow/example_dags/example_time_delta_sensor_async.py
[2022-03-23 19:10:45,031] {logging_mixin.py:109} INFO - [2022-03-23 19:10:45,031] {dag.py:2396} INFO - Sync 1 DAGs
[2022-03-23 19:10:45,042] {logging_mixin.py:109} INFO - [2022-03-23 19:10:45,042] {dag.py:2935} INFO - Setting next_dagrun for example_time_delta_sensor_async to None
[2022-03-23 19:10:45,059] {processor.py:171} INFO - Processing /home/airflow/env/lib/python3.8/site-packages/airflow/example_dags/example_time_delta_sensor_async.py took 0.058 seconds
[2022-03-23 19:11:20,869] {processor.py:163} INFO - Started process (PID=9558) to work on /home/airflow/env/lib/python3.8/site-packages/airflow/example_dags/example_time_delta_sensor_async.py
[2022-03-23 19:11:20,870] {processor.py:642} INFO - Processing file /home/airflow/env/lib/python3.8/site-packages/airflow/example_dags/example_time_delta_sensor_async.py for tasks to queue
[2022-03-23 19:11:20,870] {logging_mixin.py:109} INFO - [2022-03-23 19:11:20,870] {dagbag.py:500} INFO - Filling up the DagBag from /home/airflow/env/lib/python3.8/site-packages/airflow/example_dags/example_time_delta_sensor_async.py
[2022-03-23 19:11:20,891] {processor.py:654} INFO - DAG(s) dict_keys(['example_time_delta_sensor_async']) retrieved from /home/airflow/env/lib/python3.8/site-packages/airflow/example_dags/example_time_delta_sensor_async.py
[2022-03-23 19:11:20,902] {logging_mixin.py:109} INFO - [2022-03-23 19:11:20,902] {dag.py:2396} INFO - Sync 1 DAGs
[2022-03-23 19:11:20,917] {logging_mixin.py:109} INFO - [2022-03-23 19:11:20,917] {dag.py:2935} INFO - Setting next_dagrun for example_time_delta_sensor_async to None
[2022-03-23 19:11:20,930] {processor.py:171} INFO - Processing /home/airflow/env/lib/python3.8/site-packages/airflow/example_dags/example_time_delta_sensor_async.py took 0.064 seconds
[2022-03-23 19:11:54,258] {processor.py:163} INFO - Started process (PID=9591) to work on /home/airflow/env/lib/python3.8/site-packages/airflow/example_dags/example_time_delta_sensor_async.py
[2022-03-23 19:11:54,260] {processor.py:642} INFO - Processing file /home/airflow/env/lib/python3.8/site-packages/airflow/example_dags/example_time_delta_sensor_async.py for tasks to queue
[2022-03-23 19:11:54,260] {logging_mixin.py:109} INFO - [2022-03-23 19:11:54,260] {dagbag.py:500} INFO - Filling up the DagBag from /home/airflow/env/lib/python3.8/site-packages/airflow/example_dags/example_time_delta_sensor_async.py
[2022-03-23 19:11:54,278] {processor.py:654} INFO - DAG(s) dict_keys(['example_time_delta_sensor_async']) retrieved from /home/airflow/env/lib/python3.8/site-packages/airflow/example_dags/example_time_delta_sensor_async.py
[2022-03-23 19:11:54,286] {logging_mixin.py:109} INFO - [2022-03-23 19:11:54,286] {dag.py:2396} INFO - Sync 1 DAGs
[2022-03-23 19:11:54,299] {logging_mixin.py:109} INFO - [2022-03-23 19:11:54,299] {dag.py:2935} INFO - Setting next_dagrun for example_time_delta_sensor_async to None
[2022-03-23 19:11:54,322] {processor.py:171} INFO - Processing /home/airflow/env/lib/python3.8/site-packages/airflow/example_dags/example_time_delta_sensor_async.py took 0.066 seconds
[2022-03-23 19:12:28,534] {processor.py:163} INFO - Started process (PID=9723) to work on /home/airflow/env/lib/python3.8/site-packages/airflow/example_dags/example_time_delta_sensor_async.py
[2022-03-23 19:12:28,535] {processor.py:642} INFO - Processing file /home/airflow/env/lib/python3.8/site-packages/airflow/example_dags/example_time_delta_sensor_async.py for tasks to queue
[2022-03-23 19:12:28,536] {logging_mixin.py:109} INFO - [2022-03-23 19:12:28,536] {dagbag.py:500} INFO - Filling up the DagBag from /home/airflow/env/lib/python3.8/site-packages/airflow/example_dags/example_time_delta_sensor_async.py
[2022-03-23 19:12:28,555] {processor.py:654} INFO - DAG(s) dict_keys(['example_time_delta_sensor_async']) retrieved from /home/airflow/env/lib/python3.8/site-packages/airflow/example_dags/example_time_delta_sensor_async.py
[2022-03-23 19:12:28,569] {logging_mixin.py:109} INFO - [2022-03-23 19:12:28,569] {dag.py:2396} INFO - Sync 1 DAGs
[2022-03-23 19:12:28,584] {logging_mixin.py:109} INFO - [2022-03-23 19:12:28,584] {dag.py:2935} INFO - Setting next_dagrun for example_time_delta_sensor_async to None
[2022-03-23 19:12:28,601] {processor.py:171} INFO - Processing /home/airflow/env/lib/python3.8/site-packages/airflow/example_dags/example_time_delta_sensor_async.py took 0.069 seconds
[2022-03-23 19:13:06,270] {processor.py:163} INFO - Started process (PID=9902) to work on /home/airflow/env/lib/python3.8/site-packages/airflow/example_dags/example_time_delta_sensor_async.py
[2022-03-23 19:13:06,271] {processor.py:642} INFO - Processing file /home/airflow/env/lib/python3.8/site-packages/airflow/example_dags/example_time_delta_sensor_async.py for tasks to queue
[2022-03-23 19:13:06,272] {logging_mixin.py:109} INFO - [2022-03-23 19:13:06,272] {dagbag.py:500} INFO - Filling up the DagBag from /home/airflow/env/lib/python3.8/site-packages/airflow/example_dags/example_time_delta_sensor_async.py
[2022-03-23 19:13:06,288] {processor.py:654} INFO - DAG(s) dict_keys(['example_time_delta_sensor_async']) retrieved from /home/airflow/env/lib/python3.8/site-packages/airflow/example_dags/example_time_delta_sensor_async.py
[2022-03-23 19:13:06,296] {logging_mixin.py:109} INFO - [2022-03-23 19:13:06,295] {dag.py:2396} INFO - Sync 1 DAGs
[2022-03-23 19:13:06,306] {logging_mixin.py:109} INFO - [2022-03-23 19:13:06,306] {dag.py:2935} INFO - Setting next_dagrun for example_time_delta_sensor_async to None
[2022-03-23 19:13:06,323] {processor.py:171} INFO - Processing /home/airflow/env/lib/python3.8/site-packages/airflow/example_dags/example_time_delta_sensor_async.py took 0.056 seconds
[2022-03-23 19:13:40,618] {processor.py:163} INFO - Started process (PID=10080) to work on /home/airflow/env/lib/python3.8/site-packages/airflow/example_dags/example_time_delta_sensor_async.py
[2022-03-23 19:13:40,620] {processor.py:642} INFO - Processing file /home/airflow/env/lib/python3.8/site-packages/airflow/example_dags/example_time_delta_sensor_async.py for tasks to queue
[2022-03-23 19:13:40,622] {logging_mixin.py:109} INFO - [2022-03-23 19:13:40,621] {dagbag.py:500} INFO - Filling up the DagBag from /home/airflow/env/lib/python3.8/site-packages/airflow/example_dags/example_time_delta_sensor_async.py
[2022-03-23 19:13:40,645] {processor.py:654} INFO - DAG(s) dict_keys(['example_time_delta_sensor_async']) retrieved from /home/airflow/env/lib/python3.8/site-packages/airflow/example_dags/example_time_delta_sensor_async.py
[2022-03-23 19:13:40,657] {logging_mixin.py:109} INFO - [2022-03-23 19:13:40,657] {dag.py:2396} INFO - Sync 1 DAGs
[2022-03-23 19:13:40,672] {logging_mixin.py:109} INFO - [2022-03-23 19:13:40,672] {dag.py:2935} INFO - Setting next_dagrun for example_time_delta_sensor_async to None
[2022-03-23 19:13:40,691] {processor.py:171} INFO - Processing /home/airflow/env/lib/python3.8/site-packages/airflow/example_dags/example_time_delta_sensor_async.py took 0.076 seconds
