[2022-03-23 18:35:50,013] {processor.py:163} INFO - Started process (PID=5159) to work on /home/airflow/env/lib/python3.8/site-packages/airflow/example_dags/example_trigger_controller_dag.py
[2022-03-23 18:35:50,014] {processor.py:642} INFO - Processing file /home/airflow/env/lib/python3.8/site-packages/airflow/example_dags/example_trigger_controller_dag.py for tasks to queue
[2022-03-23 18:35:50,015] {logging_mixin.py:109} INFO - [2022-03-23 18:35:50,015] {dagbag.py:500} INFO - Filling up the DagBag from /home/airflow/env/lib/python3.8/site-packages/airflow/example_dags/example_trigger_controller_dag.py
[2022-03-23 18:35:50,030] {processor.py:654} INFO - DAG(s) dict_keys(['example_trigger_controller_dag']) retrieved from /home/airflow/env/lib/python3.8/site-packages/airflow/example_dags/example_trigger_controller_dag.py
[2022-03-23 18:35:50,038] {logging_mixin.py:109} INFO - [2022-03-23 18:35:50,038] {dag.py:2396} INFO - Sync 1 DAGs
[2022-03-23 18:35:50,049] {logging_mixin.py:109} INFO - [2022-03-23 18:35:50,049] {dag.py:2935} INFO - Setting next_dagrun for example_trigger_controller_dag to 2021-01-01T00:00:00+00:00
[2022-03-23 18:35:50,067] {processor.py:171} INFO - Processing /home/airflow/env/lib/python3.8/site-packages/airflow/example_dags/example_trigger_controller_dag.py took 0.056 seconds
[2022-03-23 18:36:24,578] {processor.py:163} INFO - Started process (PID=5191) to work on /home/airflow/env/lib/python3.8/site-packages/airflow/example_dags/example_trigger_controller_dag.py
[2022-03-23 18:36:24,579] {processor.py:642} INFO - Processing file /home/airflow/env/lib/python3.8/site-packages/airflow/example_dags/example_trigger_controller_dag.py for tasks to queue
[2022-03-23 18:36:24,580] {logging_mixin.py:109} INFO - [2022-03-23 18:36:24,580] {dagbag.py:500} INFO - Filling up the DagBag from /home/airflow/env/lib/python3.8/site-packages/airflow/example_dags/example_trigger_controller_dag.py
[2022-03-23 18:36:24,609] {processor.py:654} INFO - DAG(s) dict_keys(['example_trigger_controller_dag']) retrieved from /home/airflow/env/lib/python3.8/site-packages/airflow/example_dags/example_trigger_controller_dag.py
[2022-03-23 18:36:24,623] {logging_mixin.py:109} INFO - [2022-03-23 18:36:24,623] {dag.py:2396} INFO - Sync 1 DAGs
[2022-03-23 18:36:24,641] {logging_mixin.py:109} INFO - [2022-03-23 18:36:24,641] {dag.py:2935} INFO - Setting next_dagrun for example_trigger_controller_dag to 2021-01-01T00:00:00+00:00
[2022-03-23 18:36:24,663] {processor.py:171} INFO - Processing /home/airflow/env/lib/python3.8/site-packages/airflow/example_dags/example_trigger_controller_dag.py took 0.089 seconds
[2022-03-23 18:36:57,123] {processor.py:163} INFO - Started process (PID=5314) to work on /home/airflow/env/lib/python3.8/site-packages/airflow/example_dags/example_trigger_controller_dag.py
[2022-03-23 18:36:57,124] {processor.py:642} INFO - Processing file /home/airflow/env/lib/python3.8/site-packages/airflow/example_dags/example_trigger_controller_dag.py for tasks to queue
[2022-03-23 18:36:57,125] {logging_mixin.py:109} INFO - [2022-03-23 18:36:57,125] {dagbag.py:500} INFO - Filling up the DagBag from /home/airflow/env/lib/python3.8/site-packages/airflow/example_dags/example_trigger_controller_dag.py
[2022-03-23 18:36:57,146] {processor.py:654} INFO - DAG(s) dict_keys(['example_trigger_controller_dag']) retrieved from /home/airflow/env/lib/python3.8/site-packages/airflow/example_dags/example_trigger_controller_dag.py
[2022-03-23 18:36:57,155] {logging_mixin.py:109} INFO - [2022-03-23 18:36:57,155] {dag.py:2396} INFO - Sync 1 DAGs
[2022-03-23 18:36:57,175] {logging_mixin.py:109} INFO - [2022-03-23 18:36:57,175] {dag.py:2935} INFO - Setting next_dagrun for example_trigger_controller_dag to 2021-01-01T00:00:00+00:00
[2022-03-23 18:36:57,193] {processor.py:171} INFO - Processing /home/airflow/env/lib/python3.8/site-packages/airflow/example_dags/example_trigger_controller_dag.py took 0.074 seconds
[2022-03-23 18:37:32,219] {processor.py:163} INFO - Started process (PID=5380) to work on /home/airflow/env/lib/python3.8/site-packages/airflow/example_dags/example_trigger_controller_dag.py
[2022-03-23 18:37:32,221] {processor.py:642} INFO - Processing file /home/airflow/env/lib/python3.8/site-packages/airflow/example_dags/example_trigger_controller_dag.py for tasks to queue
[2022-03-23 18:37:32,222] {logging_mixin.py:109} INFO - [2022-03-23 18:37:32,222] {dagbag.py:500} INFO - Filling up the DagBag from /home/airflow/env/lib/python3.8/site-packages/airflow/example_dags/example_trigger_controller_dag.py
[2022-03-23 18:37:32,238] {processor.py:654} INFO - DAG(s) dict_keys(['example_trigger_controller_dag']) retrieved from /home/airflow/env/lib/python3.8/site-packages/airflow/example_dags/example_trigger_controller_dag.py
[2022-03-23 18:37:32,270] {logging_mixin.py:109} INFO - [2022-03-23 18:37:32,270] {dag.py:2396} INFO - Sync 1 DAGs
[2022-03-23 18:37:32,300] {logging_mixin.py:109} INFO - [2022-03-23 18:37:32,300] {dag.py:2935} INFO - Setting next_dagrun for example_trigger_controller_dag to 2021-01-01T00:00:00+00:00
[2022-03-23 18:37:32,316] {processor.py:171} INFO - Processing /home/airflow/env/lib/python3.8/site-packages/airflow/example_dags/example_trigger_controller_dag.py took 0.099 seconds
[2022-03-23 18:38:06,988] {processor.py:163} INFO - Started process (PID=5472) to work on /home/airflow/env/lib/python3.8/site-packages/airflow/example_dags/example_trigger_controller_dag.py
[2022-03-23 18:38:06,989] {processor.py:642} INFO - Processing file /home/airflow/env/lib/python3.8/site-packages/airflow/example_dags/example_trigger_controller_dag.py for tasks to queue
[2022-03-23 18:38:06,989] {logging_mixin.py:109} INFO - [2022-03-23 18:38:06,989] {dagbag.py:500} INFO - Filling up the DagBag from /home/airflow/env/lib/python3.8/site-packages/airflow/example_dags/example_trigger_controller_dag.py
[2022-03-23 18:38:07,006] {processor.py:654} INFO - DAG(s) dict_keys(['example_trigger_controller_dag']) retrieved from /home/airflow/env/lib/python3.8/site-packages/airflow/example_dags/example_trigger_controller_dag.py
[2022-03-23 18:38:07,014] {logging_mixin.py:109} INFO - [2022-03-23 18:38:07,014] {dag.py:2396} INFO - Sync 1 DAGs
[2022-03-23 18:38:07,026] {logging_mixin.py:109} INFO - [2022-03-23 18:38:07,025] {dag.py:2935} INFO - Setting next_dagrun for example_trigger_controller_dag to 2021-01-01T00:00:00+00:00
[2022-03-23 18:38:07,044] {processor.py:171} INFO - Processing /home/airflow/env/lib/python3.8/site-packages/airflow/example_dags/example_trigger_controller_dag.py took 0.059 seconds
[2022-03-23 18:38:41,960] {processor.py:163} INFO - Started process (PID=5504) to work on /home/airflow/env/lib/python3.8/site-packages/airflow/example_dags/example_trigger_controller_dag.py
[2022-03-23 18:38:41,969] {processor.py:642} INFO - Processing file /home/airflow/env/lib/python3.8/site-packages/airflow/example_dags/example_trigger_controller_dag.py for tasks to queue
[2022-03-23 18:38:41,971] {logging_mixin.py:109} INFO - [2022-03-23 18:38:41,970] {dagbag.py:500} INFO - Filling up the DagBag from /home/airflow/env/lib/python3.8/site-packages/airflow/example_dags/example_trigger_controller_dag.py
[2022-03-23 18:38:42,005] {processor.py:654} INFO - DAG(s) dict_keys(['example_trigger_controller_dag']) retrieved from /home/airflow/env/lib/python3.8/site-packages/airflow/example_dags/example_trigger_controller_dag.py
[2022-03-23 18:38:42,015] {logging_mixin.py:109} INFO - [2022-03-23 18:38:42,015] {dag.py:2396} INFO - Sync 1 DAGs
[2022-03-23 18:38:42,029] {logging_mixin.py:109} INFO - [2022-03-23 18:38:42,029] {dag.py:2935} INFO - Setting next_dagrun for example_trigger_controller_dag to 2021-01-01T00:00:00+00:00
[2022-03-23 18:38:42,046] {processor.py:171} INFO - Processing /home/airflow/env/lib/python3.8/site-packages/airflow/example_dags/example_trigger_controller_dag.py took 0.090 seconds
[2022-03-23 18:39:23,565] {processor.py:163} INFO - Started process (PID=5562) to work on /home/airflow/env/lib/python3.8/site-packages/airflow/example_dags/example_trigger_controller_dag.py
[2022-03-23 18:39:23,566] {processor.py:642} INFO - Processing file /home/airflow/env/lib/python3.8/site-packages/airflow/example_dags/example_trigger_controller_dag.py for tasks to queue
[2022-03-23 18:39:23,566] {logging_mixin.py:109} INFO - [2022-03-23 18:39:23,566] {dagbag.py:500} INFO - Filling up the DagBag from /home/airflow/env/lib/python3.8/site-packages/airflow/example_dags/example_trigger_controller_dag.py
[2022-03-23 18:39:23,582] {processor.py:654} INFO - DAG(s) dict_keys(['example_trigger_controller_dag']) retrieved from /home/airflow/env/lib/python3.8/site-packages/airflow/example_dags/example_trigger_controller_dag.py
[2022-03-23 18:39:23,591] {logging_mixin.py:109} INFO - [2022-03-23 18:39:23,591] {dag.py:2396} INFO - Sync 1 DAGs
[2022-03-23 18:39:23,602] {logging_mixin.py:109} INFO - [2022-03-23 18:39:23,602] {dag.py:2935} INFO - Setting next_dagrun for example_trigger_controller_dag to 2021-01-01T00:00:00+00:00
[2022-03-23 18:39:23,617] {processor.py:171} INFO - Processing /home/airflow/env/lib/python3.8/site-packages/airflow/example_dags/example_trigger_controller_dag.py took 0.055 seconds
[2022-03-23 18:40:00,576] {processor.py:163} INFO - Started process (PID=5715) to work on /home/airflow/env/lib/python3.8/site-packages/airflow/example_dags/example_trigger_controller_dag.py
[2022-03-23 18:40:00,578] {processor.py:642} INFO - Processing file /home/airflow/env/lib/python3.8/site-packages/airflow/example_dags/example_trigger_controller_dag.py for tasks to queue
[2022-03-23 18:40:00,579] {logging_mixin.py:109} INFO - [2022-03-23 18:40:00,578] {dagbag.py:500} INFO - Filling up the DagBag from /home/airflow/env/lib/python3.8/site-packages/airflow/example_dags/example_trigger_controller_dag.py
[2022-03-23 18:40:00,593] {processor.py:654} INFO - DAG(s) dict_keys(['example_trigger_controller_dag']) retrieved from /home/airflow/env/lib/python3.8/site-packages/airflow/example_dags/example_trigger_controller_dag.py
[2022-03-23 18:40:00,600] {logging_mixin.py:109} INFO - [2022-03-23 18:40:00,600] {dag.py:2396} INFO - Sync 1 DAGs
[2022-03-23 18:40:00,611] {logging_mixin.py:109} INFO - [2022-03-23 18:40:00,611] {dag.py:2935} INFO - Setting next_dagrun for example_trigger_controller_dag to 2021-01-01T00:00:00+00:00
[2022-03-23 18:40:00,628] {processor.py:171} INFO - Processing /home/airflow/env/lib/python3.8/site-packages/airflow/example_dags/example_trigger_controller_dag.py took 0.055 seconds
[2022-03-23 18:40:35,006] {processor.py:163} INFO - Started process (PID=5866) to work on /home/airflow/env/lib/python3.8/site-packages/airflow/example_dags/example_trigger_controller_dag.py
[2022-03-23 18:40:35,007] {processor.py:642} INFO - Processing file /home/airflow/env/lib/python3.8/site-packages/airflow/example_dags/example_trigger_controller_dag.py for tasks to queue
[2022-03-23 18:40:35,008] {logging_mixin.py:109} INFO - [2022-03-23 18:40:35,008] {dagbag.py:500} INFO - Filling up the DagBag from /home/airflow/env/lib/python3.8/site-packages/airflow/example_dags/example_trigger_controller_dag.py
[2022-03-23 18:40:35,023] {processor.py:654} INFO - DAG(s) dict_keys(['example_trigger_controller_dag']) retrieved from /home/airflow/env/lib/python3.8/site-packages/airflow/example_dags/example_trigger_controller_dag.py
[2022-03-23 18:40:35,031] {logging_mixin.py:109} INFO - [2022-03-23 18:40:35,031] {dag.py:2396} INFO - Sync 1 DAGs
[2022-03-23 18:40:35,043] {logging_mixin.py:109} INFO - [2022-03-23 18:40:35,043] {dag.py:2935} INFO - Setting next_dagrun for example_trigger_controller_dag to 2021-01-01T00:00:00+00:00
[2022-03-23 18:40:35,061] {processor.py:171} INFO - Processing /home/airflow/env/lib/python3.8/site-packages/airflow/example_dags/example_trigger_controller_dag.py took 0.058 seconds
[2022-03-23 18:41:09,034] {processor.py:163} INFO - Started process (PID=5980) to work on /home/airflow/env/lib/python3.8/site-packages/airflow/example_dags/example_trigger_controller_dag.py
[2022-03-23 18:41:09,035] {processor.py:642} INFO - Processing file /home/airflow/env/lib/python3.8/site-packages/airflow/example_dags/example_trigger_controller_dag.py for tasks to queue
[2022-03-23 18:41:09,036] {logging_mixin.py:109} INFO - [2022-03-23 18:41:09,036] {dagbag.py:500} INFO - Filling up the DagBag from /home/airflow/env/lib/python3.8/site-packages/airflow/example_dags/example_trigger_controller_dag.py
[2022-03-23 18:41:09,053] {processor.py:654} INFO - DAG(s) dict_keys(['example_trigger_controller_dag']) retrieved from /home/airflow/env/lib/python3.8/site-packages/airflow/example_dags/example_trigger_controller_dag.py
[2022-03-23 18:41:09,061] {logging_mixin.py:109} INFO - [2022-03-23 18:41:09,060] {dag.py:2396} INFO - Sync 1 DAGs
[2022-03-23 18:41:09,071] {logging_mixin.py:109} INFO - [2022-03-23 18:41:09,070] {dag.py:2935} INFO - Setting next_dagrun for example_trigger_controller_dag to 2021-01-01T00:00:00+00:00
[2022-03-23 18:41:09,087] {processor.py:171} INFO - Processing /home/airflow/env/lib/python3.8/site-packages/airflow/example_dags/example_trigger_controller_dag.py took 0.056 seconds
[2022-03-23 18:41:56,450] {processor.py:163} INFO - Started process (PID=6199) to work on /home/airflow/env/lib/python3.8/site-packages/airflow/example_dags/example_trigger_controller_dag.py
[2022-03-23 18:41:56,451] {processor.py:642} INFO - Processing file /home/airflow/env/lib/python3.8/site-packages/airflow/example_dags/example_trigger_controller_dag.py for tasks to queue
[2022-03-23 18:41:56,452] {logging_mixin.py:109} INFO - [2022-03-23 18:41:56,452] {dagbag.py:500} INFO - Filling up the DagBag from /home/airflow/env/lib/python3.8/site-packages/airflow/example_dags/example_trigger_controller_dag.py
[2022-03-23 18:41:56,469] {processor.py:654} INFO - DAG(s) dict_keys(['example_trigger_controller_dag']) retrieved from /home/airflow/env/lib/python3.8/site-packages/airflow/example_dags/example_trigger_controller_dag.py
[2022-03-23 18:41:56,479] {logging_mixin.py:109} INFO - [2022-03-23 18:41:56,479] {dag.py:2396} INFO - Sync 1 DAGs
[2022-03-23 18:41:56,501] {logging_mixin.py:109} INFO - [2022-03-23 18:41:56,501] {dag.py:2935} INFO - Setting next_dagrun for example_trigger_controller_dag to 2021-01-01T00:00:00+00:00
[2022-03-23 18:41:56,523] {processor.py:171} INFO - Processing /home/airflow/env/lib/python3.8/site-packages/airflow/example_dags/example_trigger_controller_dag.py took 0.076 seconds
[2022-03-23 18:42:28,697] {processor.py:163} INFO - Started process (PID=6351) to work on /home/airflow/env/lib/python3.8/site-packages/airflow/example_dags/example_trigger_controller_dag.py
[2022-03-23 18:42:28,698] {processor.py:642} INFO - Processing file /home/airflow/env/lib/python3.8/site-packages/airflow/example_dags/example_trigger_controller_dag.py for tasks to queue
[2022-03-23 18:42:28,698] {logging_mixin.py:109} INFO - [2022-03-23 18:42:28,698] {dagbag.py:500} INFO - Filling up the DagBag from /home/airflow/env/lib/python3.8/site-packages/airflow/example_dags/example_trigger_controller_dag.py
[2022-03-23 18:42:28,713] {processor.py:654} INFO - DAG(s) dict_keys(['example_trigger_controller_dag']) retrieved from /home/airflow/env/lib/python3.8/site-packages/airflow/example_dags/example_trigger_controller_dag.py
[2022-03-23 18:42:28,721] {logging_mixin.py:109} INFO - [2022-03-23 18:42:28,721] {dag.py:2396} INFO - Sync 1 DAGs
[2022-03-23 18:42:28,732] {logging_mixin.py:109} INFO - [2022-03-23 18:42:28,731] {dag.py:2935} INFO - Setting next_dagrun for example_trigger_controller_dag to 2021-01-01T00:00:00+00:00
[2022-03-23 18:42:28,749] {processor.py:171} INFO - Processing /home/airflow/env/lib/python3.8/site-packages/airflow/example_dags/example_trigger_controller_dag.py took 0.056 seconds
[2022-03-23 18:43:02,359] {processor.py:163} INFO - Started process (PID=6444) to work on /home/airflow/env/lib/python3.8/site-packages/airflow/example_dags/example_trigger_controller_dag.py
[2022-03-23 18:43:02,360] {processor.py:642} INFO - Processing file /home/airflow/env/lib/python3.8/site-packages/airflow/example_dags/example_trigger_controller_dag.py for tasks to queue
[2022-03-23 18:43:02,361] {logging_mixin.py:109} INFO - [2022-03-23 18:43:02,361] {dagbag.py:500} INFO - Filling up the DagBag from /home/airflow/env/lib/python3.8/site-packages/airflow/example_dags/example_trigger_controller_dag.py
[2022-03-23 18:43:02,377] {processor.py:654} INFO - DAG(s) dict_keys(['example_trigger_controller_dag']) retrieved from /home/airflow/env/lib/python3.8/site-packages/airflow/example_dags/example_trigger_controller_dag.py
[2022-03-23 18:43:02,385] {logging_mixin.py:109} INFO - [2022-03-23 18:43:02,385] {dag.py:2396} INFO - Sync 1 DAGs
[2022-03-23 18:43:02,397] {logging_mixin.py:109} INFO - [2022-03-23 18:43:02,397] {dag.py:2935} INFO - Setting next_dagrun for example_trigger_controller_dag to 2021-01-01T00:00:00+00:00
[2022-03-23 18:43:02,416] {processor.py:171} INFO - Processing /home/airflow/env/lib/python3.8/site-packages/airflow/example_dags/example_trigger_controller_dag.py took 0.060 seconds
[2022-03-23 18:43:35,338] {processor.py:163} INFO - Started process (PID=6477) to work on /home/airflow/env/lib/python3.8/site-packages/airflow/example_dags/example_trigger_controller_dag.py
[2022-03-23 18:43:35,339] {processor.py:642} INFO - Processing file /home/airflow/env/lib/python3.8/site-packages/airflow/example_dags/example_trigger_controller_dag.py for tasks to queue
[2022-03-23 18:43:35,339] {logging_mixin.py:109} INFO - [2022-03-23 18:43:35,339] {dagbag.py:500} INFO - Filling up the DagBag from /home/airflow/env/lib/python3.8/site-packages/airflow/example_dags/example_trigger_controller_dag.py
[2022-03-23 18:43:35,356] {processor.py:654} INFO - DAG(s) dict_keys(['example_trigger_controller_dag']) retrieved from /home/airflow/env/lib/python3.8/site-packages/airflow/example_dags/example_trigger_controller_dag.py
[2022-03-23 18:43:35,367] {logging_mixin.py:109} INFO - [2022-03-23 18:43:35,367] {dag.py:2396} INFO - Sync 1 DAGs
[2022-03-23 18:43:35,381] {logging_mixin.py:109} INFO - [2022-03-23 18:43:35,381] {dag.py:2935} INFO - Setting next_dagrun for example_trigger_controller_dag to 2021-01-01T00:00:00+00:00
[2022-03-23 18:43:35,400] {processor.py:171} INFO - Processing /home/airflow/env/lib/python3.8/site-packages/airflow/example_dags/example_trigger_controller_dag.py took 0.065 seconds
[2022-03-23 18:44:11,252] {processor.py:163} INFO - Started process (PID=6510) to work on /home/airflow/env/lib/python3.8/site-packages/airflow/example_dags/example_trigger_controller_dag.py
[2022-03-23 18:44:11,259] {processor.py:642} INFO - Processing file /home/airflow/env/lib/python3.8/site-packages/airflow/example_dags/example_trigger_controller_dag.py for tasks to queue
[2022-03-23 18:44:11,260] {logging_mixin.py:109} INFO - [2022-03-23 18:44:11,260] {dagbag.py:500} INFO - Filling up the DagBag from /home/airflow/env/lib/python3.8/site-packages/airflow/example_dags/example_trigger_controller_dag.py
[2022-03-23 18:44:11,282] {processor.py:654} INFO - DAG(s) dict_keys(['example_trigger_controller_dag']) retrieved from /home/airflow/env/lib/python3.8/site-packages/airflow/example_dags/example_trigger_controller_dag.py
[2022-03-23 18:44:11,294] {logging_mixin.py:109} INFO - [2022-03-23 18:44:11,294] {dag.py:2396} INFO - Sync 1 DAGs
[2022-03-23 18:44:11,313] {logging_mixin.py:109} INFO - [2022-03-23 18:44:11,313] {dag.py:2935} INFO - Setting next_dagrun for example_trigger_controller_dag to 2021-01-01T00:00:00+00:00
[2022-03-23 18:44:11,328] {processor.py:171} INFO - Processing /home/airflow/env/lib/python3.8/site-packages/airflow/example_dags/example_trigger_controller_dag.py took 0.081 seconds
[2022-03-23 18:44:46,161] {processor.py:163} INFO - Started process (PID=6542) to work on /home/airflow/env/lib/python3.8/site-packages/airflow/example_dags/example_trigger_controller_dag.py
[2022-03-23 18:44:46,162] {processor.py:642} INFO - Processing file /home/airflow/env/lib/python3.8/site-packages/airflow/example_dags/example_trigger_controller_dag.py for tasks to queue
[2022-03-23 18:44:46,163] {logging_mixin.py:109} INFO - [2022-03-23 18:44:46,163] {dagbag.py:500} INFO - Filling up the DagBag from /home/airflow/env/lib/python3.8/site-packages/airflow/example_dags/example_trigger_controller_dag.py
[2022-03-23 18:44:46,181] {processor.py:654} INFO - DAG(s) dict_keys(['example_trigger_controller_dag']) retrieved from /home/airflow/env/lib/python3.8/site-packages/airflow/example_dags/example_trigger_controller_dag.py
[2022-03-23 18:44:46,189] {logging_mixin.py:109} INFO - [2022-03-23 18:44:46,189] {dag.py:2396} INFO - Sync 1 DAGs
[2022-03-23 18:44:46,201] {logging_mixin.py:109} INFO - [2022-03-23 18:44:46,201] {dag.py:2935} INFO - Setting next_dagrun for example_trigger_controller_dag to 2021-01-01T00:00:00+00:00
[2022-03-23 18:44:46,219] {processor.py:171} INFO - Processing /home/airflow/env/lib/python3.8/site-packages/airflow/example_dags/example_trigger_controller_dag.py took 0.061 seconds
[2022-03-23 18:45:21,096] {processor.py:163} INFO - Started process (PID=6574) to work on /home/airflow/env/lib/python3.8/site-packages/airflow/example_dags/example_trigger_controller_dag.py
[2022-03-23 18:45:21,098] {processor.py:642} INFO - Processing file /home/airflow/env/lib/python3.8/site-packages/airflow/example_dags/example_trigger_controller_dag.py for tasks to queue
[2022-03-23 18:45:21,099] {logging_mixin.py:109} INFO - [2022-03-23 18:45:21,099] {dagbag.py:500} INFO - Filling up the DagBag from /home/airflow/env/lib/python3.8/site-packages/airflow/example_dags/example_trigger_controller_dag.py
[2022-03-23 18:45:21,126] {processor.py:654} INFO - DAG(s) dict_keys(['example_trigger_controller_dag']) retrieved from /home/airflow/env/lib/python3.8/site-packages/airflow/example_dags/example_trigger_controller_dag.py
[2022-03-23 18:45:21,138] {logging_mixin.py:109} INFO - [2022-03-23 18:45:21,137] {dag.py:2396} INFO - Sync 1 DAGs
[2022-03-23 18:45:21,156] {logging_mixin.py:109} INFO - [2022-03-23 18:45:21,156] {dag.py:2935} INFO - Setting next_dagrun for example_trigger_controller_dag to 2021-01-01T00:00:00+00:00
[2022-03-23 18:45:21,182] {processor.py:171} INFO - Processing /home/airflow/env/lib/python3.8/site-packages/airflow/example_dags/example_trigger_controller_dag.py took 0.090 seconds
[2022-03-23 18:45:56,330] {processor.py:163} INFO - Started process (PID=6661) to work on /home/airflow/env/lib/python3.8/site-packages/airflow/example_dags/example_trigger_controller_dag.py
[2022-03-23 18:45:56,332] {processor.py:642} INFO - Processing file /home/airflow/env/lib/python3.8/site-packages/airflow/example_dags/example_trigger_controller_dag.py for tasks to queue
[2022-03-23 18:45:56,332] {logging_mixin.py:109} INFO - [2022-03-23 18:45:56,332] {dagbag.py:500} INFO - Filling up the DagBag from /home/airflow/env/lib/python3.8/site-packages/airflow/example_dags/example_trigger_controller_dag.py
[2022-03-23 18:45:56,348] {processor.py:654} INFO - DAG(s) dict_keys(['example_trigger_controller_dag']) retrieved from /home/airflow/env/lib/python3.8/site-packages/airflow/example_dags/example_trigger_controller_dag.py
[2022-03-23 18:45:56,357] {logging_mixin.py:109} INFO - [2022-03-23 18:45:56,357] {dag.py:2396} INFO - Sync 1 DAGs
[2022-03-23 18:45:56,369] {logging_mixin.py:109} INFO - [2022-03-23 18:45:56,369] {dag.py:2935} INFO - Setting next_dagrun for example_trigger_controller_dag to 2021-01-01T00:00:00+00:00
[2022-03-23 18:45:56,399] {processor.py:171} INFO - Processing /home/airflow/env/lib/python3.8/site-packages/airflow/example_dags/example_trigger_controller_dag.py took 0.071 seconds
[2022-03-23 18:46:30,813] {processor.py:163} INFO - Started process (PID=6696) to work on /home/airflow/env/lib/python3.8/site-packages/airflow/example_dags/example_trigger_controller_dag.py
[2022-03-23 18:46:30,814] {processor.py:642} INFO - Processing file /home/airflow/env/lib/python3.8/site-packages/airflow/example_dags/example_trigger_controller_dag.py for tasks to queue
[2022-03-23 18:46:30,815] {logging_mixin.py:109} INFO - [2022-03-23 18:46:30,815] {dagbag.py:500} INFO - Filling up the DagBag from /home/airflow/env/lib/python3.8/site-packages/airflow/example_dags/example_trigger_controller_dag.py
[2022-03-23 18:46:30,833] {processor.py:654} INFO - DAG(s) dict_keys(['example_trigger_controller_dag']) retrieved from /home/airflow/env/lib/python3.8/site-packages/airflow/example_dags/example_trigger_controller_dag.py
[2022-03-23 18:46:30,842] {logging_mixin.py:109} INFO - [2022-03-23 18:46:30,842] {dag.py:2396} INFO - Sync 1 DAGs
[2022-03-23 18:46:30,852] {logging_mixin.py:109} INFO - [2022-03-23 18:46:30,852] {dag.py:2935} INFO - Setting next_dagrun for example_trigger_controller_dag to 2021-01-01T00:00:00+00:00
[2022-03-23 18:46:30,873] {processor.py:171} INFO - Processing /home/airflow/env/lib/python3.8/site-packages/airflow/example_dags/example_trigger_controller_dag.py took 0.063 seconds
[2022-03-23 18:47:07,391] {processor.py:163} INFO - Started process (PID=6731) to work on /home/airflow/env/lib/python3.8/site-packages/airflow/example_dags/example_trigger_controller_dag.py
[2022-03-23 18:47:07,392] {processor.py:642} INFO - Processing file /home/airflow/env/lib/python3.8/site-packages/airflow/example_dags/example_trigger_controller_dag.py for tasks to queue
[2022-03-23 18:47:07,393] {logging_mixin.py:109} INFO - [2022-03-23 18:47:07,393] {dagbag.py:500} INFO - Filling up the DagBag from /home/airflow/env/lib/python3.8/site-packages/airflow/example_dags/example_trigger_controller_dag.py
[2022-03-23 18:47:07,423] {processor.py:654} INFO - DAG(s) dict_keys(['example_trigger_controller_dag']) retrieved from /home/airflow/env/lib/python3.8/site-packages/airflow/example_dags/example_trigger_controller_dag.py
[2022-03-23 18:47:07,434] {logging_mixin.py:109} INFO - [2022-03-23 18:47:07,434] {dag.py:2396} INFO - Sync 1 DAGs
[2022-03-23 18:47:07,457] {logging_mixin.py:109} INFO - [2022-03-23 18:47:07,457] {dag.py:2935} INFO - Setting next_dagrun for example_trigger_controller_dag to 2021-01-01T00:00:00+00:00
[2022-03-23 18:47:07,480] {processor.py:171} INFO - Processing /home/airflow/env/lib/python3.8/site-packages/airflow/example_dags/example_trigger_controller_dag.py took 0.095 seconds
[2022-03-23 18:47:45,063] {processor.py:163} INFO - Started process (PID=6765) to work on /home/airflow/env/lib/python3.8/site-packages/airflow/example_dags/example_trigger_controller_dag.py
[2022-03-23 18:47:45,065] {processor.py:642} INFO - Processing file /home/airflow/env/lib/python3.8/site-packages/airflow/example_dags/example_trigger_controller_dag.py for tasks to queue
[2022-03-23 18:47:45,066] {logging_mixin.py:109} INFO - [2022-03-23 18:47:45,065] {dagbag.py:500} INFO - Filling up the DagBag from /home/airflow/env/lib/python3.8/site-packages/airflow/example_dags/example_trigger_controller_dag.py
[2022-03-23 18:47:45,086] {processor.py:654} INFO - DAG(s) dict_keys(['example_trigger_controller_dag']) retrieved from /home/airflow/env/lib/python3.8/site-packages/airflow/example_dags/example_trigger_controller_dag.py
[2022-03-23 18:47:45,109] {logging_mixin.py:109} INFO - [2022-03-23 18:47:45,109] {dag.py:2396} INFO - Sync 1 DAGs
[2022-03-23 18:47:45,119] {logging_mixin.py:109} INFO - [2022-03-23 18:47:45,119] {dag.py:2935} INFO - Setting next_dagrun for example_trigger_controller_dag to 2021-01-01T00:00:00+00:00
[2022-03-23 18:47:45,136] {processor.py:171} INFO - Processing /home/airflow/env/lib/python3.8/site-packages/airflow/example_dags/example_trigger_controller_dag.py took 0.077 seconds
[2022-03-23 18:48:22,839] {processor.py:163} INFO - Started process (PID=6800) to work on /home/airflow/env/lib/python3.8/site-packages/airflow/example_dags/example_trigger_controller_dag.py
[2022-03-23 18:48:22,841] {processor.py:642} INFO - Processing file /home/airflow/env/lib/python3.8/site-packages/airflow/example_dags/example_trigger_controller_dag.py for tasks to queue
[2022-03-23 18:48:22,841] {logging_mixin.py:109} INFO - [2022-03-23 18:48:22,841] {dagbag.py:500} INFO - Filling up the DagBag from /home/airflow/env/lib/python3.8/site-packages/airflow/example_dags/example_trigger_controller_dag.py
[2022-03-23 18:48:22,855] {processor.py:654} INFO - DAG(s) dict_keys(['example_trigger_controller_dag']) retrieved from /home/airflow/env/lib/python3.8/site-packages/airflow/example_dags/example_trigger_controller_dag.py
[2022-03-23 18:48:22,863] {logging_mixin.py:109} INFO - [2022-03-23 18:48:22,863] {dag.py:2396} INFO - Sync 1 DAGs
[2022-03-23 18:48:22,873] {logging_mixin.py:109} INFO - [2022-03-23 18:48:22,873] {dag.py:2935} INFO - Setting next_dagrun for example_trigger_controller_dag to 2021-01-01T00:00:00+00:00
[2022-03-23 18:48:22,891] {processor.py:171} INFO - Processing /home/airflow/env/lib/python3.8/site-packages/airflow/example_dags/example_trigger_controller_dag.py took 0.055 seconds
[2022-03-23 18:48:57,290] {processor.py:163} INFO - Started process (PID=6834) to work on /home/airflow/env/lib/python3.8/site-packages/airflow/example_dags/example_trigger_controller_dag.py
[2022-03-23 18:48:57,292] {processor.py:642} INFO - Processing file /home/airflow/env/lib/python3.8/site-packages/airflow/example_dags/example_trigger_controller_dag.py for tasks to queue
[2022-03-23 18:48:57,292] {logging_mixin.py:109} INFO - [2022-03-23 18:48:57,292] {dagbag.py:500} INFO - Filling up the DagBag from /home/airflow/env/lib/python3.8/site-packages/airflow/example_dags/example_trigger_controller_dag.py
[2022-03-23 18:48:57,309] {processor.py:654} INFO - DAG(s) dict_keys(['example_trigger_controller_dag']) retrieved from /home/airflow/env/lib/python3.8/site-packages/airflow/example_dags/example_trigger_controller_dag.py
[2022-03-23 18:48:57,318] {logging_mixin.py:109} INFO - [2022-03-23 18:48:57,318] {dag.py:2396} INFO - Sync 1 DAGs
[2022-03-23 18:48:57,330] {logging_mixin.py:109} INFO - [2022-03-23 18:48:57,330] {dag.py:2935} INFO - Setting next_dagrun for example_trigger_controller_dag to 2021-01-01T00:00:00+00:00
[2022-03-23 18:48:57,348] {processor.py:171} INFO - Processing /home/airflow/env/lib/python3.8/site-packages/airflow/example_dags/example_trigger_controller_dag.py took 0.060 seconds
[2022-03-23 18:49:32,443] {processor.py:163} INFO - Started process (PID=6959) to work on /home/airflow/env/lib/python3.8/site-packages/airflow/example_dags/example_trigger_controller_dag.py
[2022-03-23 18:49:32,446] {processor.py:642} INFO - Processing file /home/airflow/env/lib/python3.8/site-packages/airflow/example_dags/example_trigger_controller_dag.py for tasks to queue
[2022-03-23 18:49:32,451] {logging_mixin.py:109} INFO - [2022-03-23 18:49:32,451] {dagbag.py:500} INFO - Filling up the DagBag from /home/airflow/env/lib/python3.8/site-packages/airflow/example_dags/example_trigger_controller_dag.py
[2022-03-23 18:49:32,468] {processor.py:654} INFO - DAG(s) dict_keys(['example_trigger_controller_dag']) retrieved from /home/airflow/env/lib/python3.8/site-packages/airflow/example_dags/example_trigger_controller_dag.py
[2022-03-23 18:49:32,478] {logging_mixin.py:109} INFO - [2022-03-23 18:49:32,478] {dag.py:2396} INFO - Sync 1 DAGs
[2022-03-23 18:49:32,491] {logging_mixin.py:109} INFO - [2022-03-23 18:49:32,491] {dag.py:2935} INFO - Setting next_dagrun for example_trigger_controller_dag to 2021-01-01T00:00:00+00:00
[2022-03-23 18:49:32,513] {processor.py:171} INFO - Processing /home/airflow/env/lib/python3.8/site-packages/airflow/example_dags/example_trigger_controller_dag.py took 0.078 seconds
[2022-03-23 18:50:06,753] {processor.py:163} INFO - Started process (PID=7023) to work on /home/airflow/env/lib/python3.8/site-packages/airflow/example_dags/example_trigger_controller_dag.py
[2022-03-23 18:50:06,755] {processor.py:642} INFO - Processing file /home/airflow/env/lib/python3.8/site-packages/airflow/example_dags/example_trigger_controller_dag.py for tasks to queue
[2022-03-23 18:50:06,756] {logging_mixin.py:109} INFO - [2022-03-23 18:50:06,756] {dagbag.py:500} INFO - Filling up the DagBag from /home/airflow/env/lib/python3.8/site-packages/airflow/example_dags/example_trigger_controller_dag.py
[2022-03-23 18:50:06,773] {processor.py:654} INFO - DAG(s) dict_keys(['example_trigger_controller_dag']) retrieved from /home/airflow/env/lib/python3.8/site-packages/airflow/example_dags/example_trigger_controller_dag.py
[2022-03-23 18:50:06,786] {logging_mixin.py:109} INFO - [2022-03-23 18:50:06,786] {dag.py:2396} INFO - Sync 1 DAGs
[2022-03-23 18:50:06,801] {logging_mixin.py:109} INFO - [2022-03-23 18:50:06,800] {dag.py:2935} INFO - Setting next_dagrun for example_trigger_controller_dag to 2021-01-01T00:00:00+00:00
[2022-03-23 18:50:06,818] {processor.py:171} INFO - Processing /home/airflow/env/lib/python3.8/site-packages/airflow/example_dags/example_trigger_controller_dag.py took 0.067 seconds
[2022-03-23 18:50:40,282] {processor.py:163} INFO - Started process (PID=7110) to work on /home/airflow/env/lib/python3.8/site-packages/airflow/example_dags/example_trigger_controller_dag.py
[2022-03-23 18:50:40,283] {processor.py:642} INFO - Processing file /home/airflow/env/lib/python3.8/site-packages/airflow/example_dags/example_trigger_controller_dag.py for tasks to queue
[2022-03-23 18:50:40,284] {logging_mixin.py:109} INFO - [2022-03-23 18:50:40,284] {dagbag.py:500} INFO - Filling up the DagBag from /home/airflow/env/lib/python3.8/site-packages/airflow/example_dags/example_trigger_controller_dag.py
[2022-03-23 18:50:40,300] {processor.py:654} INFO - DAG(s) dict_keys(['example_trigger_controller_dag']) retrieved from /home/airflow/env/lib/python3.8/site-packages/airflow/example_dags/example_trigger_controller_dag.py
[2022-03-23 18:50:40,309] {logging_mixin.py:109} INFO - [2022-03-23 18:50:40,309] {dag.py:2396} INFO - Sync 1 DAGs
[2022-03-23 18:50:40,322] {logging_mixin.py:109} INFO - [2022-03-23 18:50:40,322] {dag.py:2935} INFO - Setting next_dagrun for example_trigger_controller_dag to 2021-01-01T00:00:00+00:00
[2022-03-23 18:50:40,340] {processor.py:171} INFO - Processing /home/airflow/env/lib/python3.8/site-packages/airflow/example_dags/example_trigger_controller_dag.py took 0.061 seconds
[2022-03-23 18:51:13,067] {processor.py:163} INFO - Started process (PID=7143) to work on /home/airflow/env/lib/python3.8/site-packages/airflow/example_dags/example_trigger_controller_dag.py
[2022-03-23 18:51:13,068] {processor.py:642} INFO - Processing file /home/airflow/env/lib/python3.8/site-packages/airflow/example_dags/example_trigger_controller_dag.py for tasks to queue
[2022-03-23 18:51:13,069] {logging_mixin.py:109} INFO - [2022-03-23 18:51:13,069] {dagbag.py:500} INFO - Filling up the DagBag from /home/airflow/env/lib/python3.8/site-packages/airflow/example_dags/example_trigger_controller_dag.py
[2022-03-23 18:51:13,086] {processor.py:654} INFO - DAG(s) dict_keys(['example_trigger_controller_dag']) retrieved from /home/airflow/env/lib/python3.8/site-packages/airflow/example_dags/example_trigger_controller_dag.py
[2022-03-23 18:51:13,095] {logging_mixin.py:109} INFO - [2022-03-23 18:51:13,095] {dag.py:2396} INFO - Sync 1 DAGs
[2022-03-23 18:51:13,106] {logging_mixin.py:109} INFO - [2022-03-23 18:51:13,106] {dag.py:2935} INFO - Setting next_dagrun for example_trigger_controller_dag to 2021-01-01T00:00:00+00:00
[2022-03-23 18:51:13,127] {processor.py:171} INFO - Processing /home/airflow/env/lib/python3.8/site-packages/airflow/example_dags/example_trigger_controller_dag.py took 0.062 seconds
[2022-03-23 18:51:46,620] {processor.py:163} INFO - Started process (PID=7175) to work on /home/airflow/env/lib/python3.8/site-packages/airflow/example_dags/example_trigger_controller_dag.py
[2022-03-23 18:51:46,621] {processor.py:642} INFO - Processing file /home/airflow/env/lib/python3.8/site-packages/airflow/example_dags/example_trigger_controller_dag.py for tasks to queue
[2022-03-23 18:51:46,622] {logging_mixin.py:109} INFO - [2022-03-23 18:51:46,622] {dagbag.py:500} INFO - Filling up the DagBag from /home/airflow/env/lib/python3.8/site-packages/airflow/example_dags/example_trigger_controller_dag.py
[2022-03-23 18:51:46,640] {processor.py:654} INFO - DAG(s) dict_keys(['example_trigger_controller_dag']) retrieved from /home/airflow/env/lib/python3.8/site-packages/airflow/example_dags/example_trigger_controller_dag.py
[2022-03-23 18:51:46,649] {logging_mixin.py:109} INFO - [2022-03-23 18:51:46,649] {dag.py:2396} INFO - Sync 1 DAGs
[2022-03-23 18:51:46,661] {logging_mixin.py:109} INFO - [2022-03-23 18:51:46,661] {dag.py:2935} INFO - Setting next_dagrun for example_trigger_controller_dag to 2021-01-01T00:00:00+00:00
[2022-03-23 18:51:46,674] {processor.py:171} INFO - Processing /home/airflow/env/lib/python3.8/site-packages/airflow/example_dags/example_trigger_controller_dag.py took 0.057 seconds
[2022-03-23 18:52:20,901] {processor.py:163} INFO - Started process (PID=7209) to work on /home/airflow/env/lib/python3.8/site-packages/airflow/example_dags/example_trigger_controller_dag.py
[2022-03-23 18:52:20,902] {processor.py:642} INFO - Processing file /home/airflow/env/lib/python3.8/site-packages/airflow/example_dags/example_trigger_controller_dag.py for tasks to queue
[2022-03-23 18:52:20,902] {logging_mixin.py:109} INFO - [2022-03-23 18:52:20,902] {dagbag.py:500} INFO - Filling up the DagBag from /home/airflow/env/lib/python3.8/site-packages/airflow/example_dags/example_trigger_controller_dag.py
[2022-03-23 18:52:20,918] {processor.py:654} INFO - DAG(s) dict_keys(['example_trigger_controller_dag']) retrieved from /home/airflow/env/lib/python3.8/site-packages/airflow/example_dags/example_trigger_controller_dag.py
[2022-03-23 18:52:20,926] {logging_mixin.py:109} INFO - [2022-03-23 18:52:20,926] {dag.py:2396} INFO - Sync 1 DAGs
[2022-03-23 18:52:20,936] {logging_mixin.py:109} INFO - [2022-03-23 18:52:20,936] {dag.py:2935} INFO - Setting next_dagrun for example_trigger_controller_dag to 2021-01-01T00:00:00+00:00
[2022-03-23 18:52:20,955] {processor.py:171} INFO - Processing /home/airflow/env/lib/python3.8/site-packages/airflow/example_dags/example_trigger_controller_dag.py took 0.056 seconds
[2022-03-23 18:52:54,539] {processor.py:163} INFO - Started process (PID=7242) to work on /home/airflow/env/lib/python3.8/site-packages/airflow/example_dags/example_trigger_controller_dag.py
[2022-03-23 18:52:54,540] {processor.py:642} INFO - Processing file /home/airflow/env/lib/python3.8/site-packages/airflow/example_dags/example_trigger_controller_dag.py for tasks to queue
[2022-03-23 18:52:54,541] {logging_mixin.py:109} INFO - [2022-03-23 18:52:54,541] {dagbag.py:500} INFO - Filling up the DagBag from /home/airflow/env/lib/python3.8/site-packages/airflow/example_dags/example_trigger_controller_dag.py
[2022-03-23 18:52:54,559] {processor.py:654} INFO - DAG(s) dict_keys(['example_trigger_controller_dag']) retrieved from /home/airflow/env/lib/python3.8/site-packages/airflow/example_dags/example_trigger_controller_dag.py
[2022-03-23 18:52:54,568] {logging_mixin.py:109} INFO - [2022-03-23 18:52:54,568] {dag.py:2396} INFO - Sync 1 DAGs
[2022-03-23 18:52:54,581] {logging_mixin.py:109} INFO - [2022-03-23 18:52:54,581] {dag.py:2935} INFO - Setting next_dagrun for example_trigger_controller_dag to 2021-01-01T00:00:00+00:00
[2022-03-23 18:52:54,599] {processor.py:171} INFO - Processing /home/airflow/env/lib/python3.8/site-packages/airflow/example_dags/example_trigger_controller_dag.py took 0.063 seconds
[2022-03-23 18:53:27,096] {processor.py:163} INFO - Started process (PID=7274) to work on /home/airflow/env/lib/python3.8/site-packages/airflow/example_dags/example_trigger_controller_dag.py
[2022-03-23 18:53:27,097] {processor.py:642} INFO - Processing file /home/airflow/env/lib/python3.8/site-packages/airflow/example_dags/example_trigger_controller_dag.py for tasks to queue
[2022-03-23 18:53:27,098] {logging_mixin.py:109} INFO - [2022-03-23 18:53:27,098] {dagbag.py:500} INFO - Filling up the DagBag from /home/airflow/env/lib/python3.8/site-packages/airflow/example_dags/example_trigger_controller_dag.py
[2022-03-23 18:53:27,115] {processor.py:654} INFO - DAG(s) dict_keys(['example_trigger_controller_dag']) retrieved from /home/airflow/env/lib/python3.8/site-packages/airflow/example_dags/example_trigger_controller_dag.py
[2022-03-23 18:53:27,123] {logging_mixin.py:109} INFO - [2022-03-23 18:53:27,123] {dag.py:2396} INFO - Sync 1 DAGs
[2022-03-23 18:53:27,135] {logging_mixin.py:109} INFO - [2022-03-23 18:53:27,135] {dag.py:2935} INFO - Setting next_dagrun for example_trigger_controller_dag to 2021-01-01T00:00:00+00:00
[2022-03-23 18:53:27,149] {processor.py:171} INFO - Processing /home/airflow/env/lib/python3.8/site-packages/airflow/example_dags/example_trigger_controller_dag.py took 0.056 seconds
[2022-03-23 18:54:01,724] {processor.py:163} INFO - Started process (PID=7307) to work on /home/airflow/env/lib/python3.8/site-packages/airflow/example_dags/example_trigger_controller_dag.py
[2022-03-23 18:54:01,725] {processor.py:642} INFO - Processing file /home/airflow/env/lib/python3.8/site-packages/airflow/example_dags/example_trigger_controller_dag.py for tasks to queue
[2022-03-23 18:54:01,726] {logging_mixin.py:109} INFO - [2022-03-23 18:54:01,725] {dagbag.py:500} INFO - Filling up the DagBag from /home/airflow/env/lib/python3.8/site-packages/airflow/example_dags/example_trigger_controller_dag.py
[2022-03-23 18:54:01,742] {processor.py:654} INFO - DAG(s) dict_keys(['example_trigger_controller_dag']) retrieved from /home/airflow/env/lib/python3.8/site-packages/airflow/example_dags/example_trigger_controller_dag.py
[2022-03-23 18:54:01,757] {logging_mixin.py:109} INFO - [2022-03-23 18:54:01,757] {dag.py:2396} INFO - Sync 1 DAGs
[2022-03-23 18:54:01,767] {logging_mixin.py:109} INFO - [2022-03-23 18:54:01,767] {dag.py:2935} INFO - Setting next_dagrun for example_trigger_controller_dag to 2021-01-01T00:00:00+00:00
[2022-03-23 18:54:01,784] {processor.py:171} INFO - Processing /home/airflow/env/lib/python3.8/site-packages/airflow/example_dags/example_trigger_controller_dag.py took 0.062 seconds
[2022-03-23 18:54:35,637] {processor.py:163} INFO - Started process (PID=7339) to work on /home/airflow/env/lib/python3.8/site-packages/airflow/example_dags/example_trigger_controller_dag.py
[2022-03-23 18:54:35,639] {processor.py:642} INFO - Processing file /home/airflow/env/lib/python3.8/site-packages/airflow/example_dags/example_trigger_controller_dag.py for tasks to queue
[2022-03-23 18:54:35,639] {logging_mixin.py:109} INFO - [2022-03-23 18:54:35,639] {dagbag.py:500} INFO - Filling up the DagBag from /home/airflow/env/lib/python3.8/site-packages/airflow/example_dags/example_trigger_controller_dag.py
[2022-03-23 18:54:35,656] {processor.py:654} INFO - DAG(s) dict_keys(['example_trigger_controller_dag']) retrieved from /home/airflow/env/lib/python3.8/site-packages/airflow/example_dags/example_trigger_controller_dag.py
[2022-03-23 18:54:35,664] {logging_mixin.py:109} INFO - [2022-03-23 18:54:35,664] {dag.py:2396} INFO - Sync 1 DAGs
[2022-03-23 18:54:35,674] {logging_mixin.py:109} INFO - [2022-03-23 18:54:35,674] {dag.py:2935} INFO - Setting next_dagrun for example_trigger_controller_dag to 2021-01-01T00:00:00+00:00
[2022-03-23 18:54:35,691] {processor.py:171} INFO - Processing /home/airflow/env/lib/python3.8/site-packages/airflow/example_dags/example_trigger_controller_dag.py took 0.056 seconds
[2022-03-23 18:55:07,812] {processor.py:163} INFO - Started process (PID=7371) to work on /home/airflow/env/lib/python3.8/site-packages/airflow/example_dags/example_trigger_controller_dag.py
[2022-03-23 18:55:07,814] {processor.py:642} INFO - Processing file /home/airflow/env/lib/python3.8/site-packages/airflow/example_dags/example_trigger_controller_dag.py for tasks to queue
[2022-03-23 18:55:07,814] {logging_mixin.py:109} INFO - [2022-03-23 18:55:07,814] {dagbag.py:500} INFO - Filling up the DagBag from /home/airflow/env/lib/python3.8/site-packages/airflow/example_dags/example_trigger_controller_dag.py
[2022-03-23 18:55:07,831] {processor.py:654} INFO - DAG(s) dict_keys(['example_trigger_controller_dag']) retrieved from /home/airflow/env/lib/python3.8/site-packages/airflow/example_dags/example_trigger_controller_dag.py
[2022-03-23 18:55:07,839] {logging_mixin.py:109} INFO - [2022-03-23 18:55:07,839] {dag.py:2396} INFO - Sync 1 DAGs
[2022-03-23 18:55:07,849] {logging_mixin.py:109} INFO - [2022-03-23 18:55:07,849] {dag.py:2935} INFO - Setting next_dagrun for example_trigger_controller_dag to 2021-01-01T00:00:00+00:00
[2022-03-23 18:55:07,868] {processor.py:171} INFO - Processing /home/airflow/env/lib/python3.8/site-packages/airflow/example_dags/example_trigger_controller_dag.py took 0.060 seconds
[2022-03-23 18:55:42,702] {processor.py:163} INFO - Started process (PID=7461) to work on /home/airflow/env/lib/python3.8/site-packages/airflow/example_dags/example_trigger_controller_dag.py
[2022-03-23 18:55:42,709] {processor.py:642} INFO - Processing file /home/airflow/env/lib/python3.8/site-packages/airflow/example_dags/example_trigger_controller_dag.py for tasks to queue
[2022-03-23 18:55:42,710] {logging_mixin.py:109} INFO - [2022-03-23 18:55:42,709] {dagbag.py:500} INFO - Filling up the DagBag from /home/airflow/env/lib/python3.8/site-packages/airflow/example_dags/example_trigger_controller_dag.py
[2022-03-23 18:55:42,729] {processor.py:654} INFO - DAG(s) dict_keys(['example_trigger_controller_dag']) retrieved from /home/airflow/env/lib/python3.8/site-packages/airflow/example_dags/example_trigger_controller_dag.py
[2022-03-23 18:55:42,740] {logging_mixin.py:109} INFO - [2022-03-23 18:55:42,740] {dag.py:2396} INFO - Sync 1 DAGs
[2022-03-23 18:55:42,753] {logging_mixin.py:109} INFO - [2022-03-23 18:55:42,753] {dag.py:2935} INFO - Setting next_dagrun for example_trigger_controller_dag to 2021-01-01T00:00:00+00:00
[2022-03-23 18:55:42,767] {processor.py:171} INFO - Processing /home/airflow/env/lib/python3.8/site-packages/airflow/example_dags/example_trigger_controller_dag.py took 0.069 seconds
[2022-03-23 18:56:16,364] {processor.py:163} INFO - Started process (PID=7494) to work on /home/airflow/env/lib/python3.8/site-packages/airflow/example_dags/example_trigger_controller_dag.py
[2022-03-23 18:56:16,365] {processor.py:642} INFO - Processing file /home/airflow/env/lib/python3.8/site-packages/airflow/example_dags/example_trigger_controller_dag.py for tasks to queue
[2022-03-23 18:56:16,366] {logging_mixin.py:109} INFO - [2022-03-23 18:56:16,366] {dagbag.py:500} INFO - Filling up the DagBag from /home/airflow/env/lib/python3.8/site-packages/airflow/example_dags/example_trigger_controller_dag.py
[2022-03-23 18:56:16,384] {processor.py:654} INFO - DAG(s) dict_keys(['example_trigger_controller_dag']) retrieved from /home/airflow/env/lib/python3.8/site-packages/airflow/example_dags/example_trigger_controller_dag.py
[2022-03-23 18:56:16,393] {logging_mixin.py:109} INFO - [2022-03-23 18:56:16,393] {dag.py:2396} INFO - Sync 1 DAGs
[2022-03-23 18:56:16,405] {logging_mixin.py:109} INFO - [2022-03-23 18:56:16,405] {dag.py:2935} INFO - Setting next_dagrun for example_trigger_controller_dag to 2021-01-01T00:00:00+00:00
[2022-03-23 18:56:16,424] {processor.py:171} INFO - Processing /home/airflow/env/lib/python3.8/site-packages/airflow/example_dags/example_trigger_controller_dag.py took 0.062 seconds
[2022-03-23 18:56:53,003] {processor.py:163} INFO - Started process (PID=7528) to work on /home/airflow/env/lib/python3.8/site-packages/airflow/example_dags/example_trigger_controller_dag.py
[2022-03-23 18:56:53,004] {processor.py:642} INFO - Processing file /home/airflow/env/lib/python3.8/site-packages/airflow/example_dags/example_trigger_controller_dag.py for tasks to queue
[2022-03-23 18:56:53,004] {logging_mixin.py:109} INFO - [2022-03-23 18:56:53,004] {dagbag.py:500} INFO - Filling up the DagBag from /home/airflow/env/lib/python3.8/site-packages/airflow/example_dags/example_trigger_controller_dag.py
[2022-03-23 18:56:53,021] {processor.py:654} INFO - DAG(s) dict_keys(['example_trigger_controller_dag']) retrieved from /home/airflow/env/lib/python3.8/site-packages/airflow/example_dags/example_trigger_controller_dag.py
[2022-03-23 18:56:53,028] {logging_mixin.py:109} INFO - [2022-03-23 18:56:53,028] {dag.py:2396} INFO - Sync 1 DAGs
[2022-03-23 18:56:53,039] {logging_mixin.py:109} INFO - [2022-03-23 18:56:53,039] {dag.py:2935} INFO - Setting next_dagrun for example_trigger_controller_dag to 2021-01-01T00:00:00+00:00
[2022-03-23 18:56:53,056] {processor.py:171} INFO - Processing /home/airflow/env/lib/python3.8/site-packages/airflow/example_dags/example_trigger_controller_dag.py took 0.056 seconds
[2022-03-23 18:57:29,829] {processor.py:163} INFO - Started process (PID=7563) to work on /home/airflow/env/lib/python3.8/site-packages/airflow/example_dags/example_trigger_controller_dag.py
[2022-03-23 18:57:29,830] {processor.py:642} INFO - Processing file /home/airflow/env/lib/python3.8/site-packages/airflow/example_dags/example_trigger_controller_dag.py for tasks to queue
[2022-03-23 18:57:29,831] {logging_mixin.py:109} INFO - [2022-03-23 18:57:29,831] {dagbag.py:500} INFO - Filling up the DagBag from /home/airflow/env/lib/python3.8/site-packages/airflow/example_dags/example_trigger_controller_dag.py
[2022-03-23 18:57:29,846] {processor.py:654} INFO - DAG(s) dict_keys(['example_trigger_controller_dag']) retrieved from /home/airflow/env/lib/python3.8/site-packages/airflow/example_dags/example_trigger_controller_dag.py
[2022-03-23 18:57:29,853] {logging_mixin.py:109} INFO - [2022-03-23 18:57:29,853] {dag.py:2396} INFO - Sync 1 DAGs
[2022-03-23 18:57:29,863] {logging_mixin.py:109} INFO - [2022-03-23 18:57:29,863] {dag.py:2935} INFO - Setting next_dagrun for example_trigger_controller_dag to 2021-01-01T00:00:00+00:00
[2022-03-23 18:57:29,881] {processor.py:171} INFO - Processing /home/airflow/env/lib/python3.8/site-packages/airflow/example_dags/example_trigger_controller_dag.py took 0.054 seconds
[2022-03-23 18:58:03,747] {processor.py:163} INFO - Started process (PID=7664) to work on /home/airflow/env/lib/python3.8/site-packages/airflow/example_dags/example_trigger_controller_dag.py
[2022-03-23 18:58:03,754] {processor.py:642} INFO - Processing file /home/airflow/env/lib/python3.8/site-packages/airflow/example_dags/example_trigger_controller_dag.py for tasks to queue
[2022-03-23 18:58:03,757] {logging_mixin.py:109} INFO - [2022-03-23 18:58:03,757] {dagbag.py:500} INFO - Filling up the DagBag from /home/airflow/env/lib/python3.8/site-packages/airflow/example_dags/example_trigger_controller_dag.py
[2022-03-23 18:58:03,799] {processor.py:654} INFO - DAG(s) dict_keys(['example_trigger_controller_dag']) retrieved from /home/airflow/env/lib/python3.8/site-packages/airflow/example_dags/example_trigger_controller_dag.py
[2022-03-23 18:58:03,845] {logging_mixin.py:109} INFO - [2022-03-23 18:58:03,845] {dag.py:2396} INFO - Sync 1 DAGs
[2022-03-23 18:58:03,902] {logging_mixin.py:109} INFO - [2022-03-23 18:58:03,889] {dag.py:2935} INFO - Setting next_dagrun for example_trigger_controller_dag to 2021-01-01T00:00:00+00:00
[2022-03-23 18:58:03,933] {processor.py:171} INFO - Processing /home/airflow/env/lib/python3.8/site-packages/airflow/example_dags/example_trigger_controller_dag.py took 0.192 seconds
[2022-03-23 18:58:49,100] {processor.py:163} INFO - Started process (PID=7823) to work on /home/airflow/env/lib/python3.8/site-packages/airflow/example_dags/example_trigger_controller_dag.py
[2022-03-23 18:58:49,362] {processor.py:642} INFO - Processing file /home/airflow/env/lib/python3.8/site-packages/airflow/example_dags/example_trigger_controller_dag.py for tasks to queue
[2022-03-23 18:58:49,363] {logging_mixin.py:109} INFO - [2022-03-23 18:58:49,363] {dagbag.py:500} INFO - Filling up the DagBag from /home/airflow/env/lib/python3.8/site-packages/airflow/example_dags/example_trigger_controller_dag.py
[2022-03-23 18:58:49,419] {processor.py:654} INFO - DAG(s) dict_keys(['example_trigger_controller_dag']) retrieved from /home/airflow/env/lib/python3.8/site-packages/airflow/example_dags/example_trigger_controller_dag.py
[2022-03-23 18:58:49,436] {logging_mixin.py:109} INFO - [2022-03-23 18:58:49,436] {dag.py:2396} INFO - Sync 1 DAGs
[2022-03-23 18:58:49,470] {logging_mixin.py:109} INFO - [2022-03-23 18:58:49,470] {dag.py:2935} INFO - Setting next_dagrun for example_trigger_controller_dag to 2021-01-01T00:00:00+00:00
[2022-03-23 18:58:51,380] {processor.py:171} INFO - Processing /home/airflow/env/lib/python3.8/site-packages/airflow/example_dags/example_trigger_controller_dag.py took 2.282 seconds
[2022-03-23 18:59:29,495] {processor.py:163} INFO - Started process (PID=7955) to work on /home/airflow/env/lib/python3.8/site-packages/airflow/example_dags/example_trigger_controller_dag.py
[2022-03-23 18:59:29,501] {processor.py:642} INFO - Processing file /home/airflow/env/lib/python3.8/site-packages/airflow/example_dags/example_trigger_controller_dag.py for tasks to queue
[2022-03-23 18:59:29,502] {logging_mixin.py:109} INFO - [2022-03-23 18:59:29,502] {dagbag.py:500} INFO - Filling up the DagBag from /home/airflow/env/lib/python3.8/site-packages/airflow/example_dags/example_trigger_controller_dag.py
[2022-03-23 18:59:29,518] {processor.py:654} INFO - DAG(s) dict_keys(['example_trigger_controller_dag']) retrieved from /home/airflow/env/lib/python3.8/site-packages/airflow/example_dags/example_trigger_controller_dag.py
[2022-03-23 18:59:29,526] {logging_mixin.py:109} INFO - [2022-03-23 18:59:29,526] {dag.py:2396} INFO - Sync 1 DAGs
[2022-03-23 18:59:29,537] {logging_mixin.py:109} INFO - [2022-03-23 18:59:29,537] {dag.py:2935} INFO - Setting next_dagrun for example_trigger_controller_dag to 2021-01-01T00:00:00+00:00
[2022-03-23 18:59:29,550] {processor.py:171} INFO - Processing /home/airflow/env/lib/python3.8/site-packages/airflow/example_dags/example_trigger_controller_dag.py took 0.057 seconds
[2022-03-23 19:00:15,041] {processor.py:163} INFO - Started process (PID=8147) to work on /home/airflow/env/lib/python3.8/site-packages/airflow/example_dags/example_trigger_controller_dag.py
[2022-03-23 19:00:15,042] {processor.py:642} INFO - Processing file /home/airflow/env/lib/python3.8/site-packages/airflow/example_dags/example_trigger_controller_dag.py for tasks to queue
[2022-03-23 19:00:15,043] {logging_mixin.py:109} INFO - [2022-03-23 19:00:15,043] {dagbag.py:500} INFO - Filling up the DagBag from /home/airflow/env/lib/python3.8/site-packages/airflow/example_dags/example_trigger_controller_dag.py
[2022-03-23 19:00:15,060] {processor.py:654} INFO - DAG(s) dict_keys(['example_trigger_controller_dag']) retrieved from /home/airflow/env/lib/python3.8/site-packages/airflow/example_dags/example_trigger_controller_dag.py
[2022-03-23 19:00:15,068] {logging_mixin.py:109} INFO - [2022-03-23 19:00:15,068] {dag.py:2396} INFO - Sync 1 DAGs
[2022-03-23 19:00:15,079] {logging_mixin.py:109} INFO - [2022-03-23 19:00:15,079] {dag.py:2935} INFO - Setting next_dagrun for example_trigger_controller_dag to 2021-01-01T00:00:00+00:00
[2022-03-23 19:00:15,098] {processor.py:171} INFO - Processing /home/airflow/env/lib/python3.8/site-packages/airflow/example_dags/example_trigger_controller_dag.py took 0.059 seconds
[2022-03-23 19:00:51,539] {processor.py:163} INFO - Started process (PID=8430) to work on /home/airflow/env/lib/python3.8/site-packages/airflow/example_dags/example_trigger_controller_dag.py
[2022-03-23 19:00:51,543] {processor.py:642} INFO - Processing file /home/airflow/env/lib/python3.8/site-packages/airflow/example_dags/example_trigger_controller_dag.py for tasks to queue
[2022-03-23 19:00:51,549] {logging_mixin.py:109} INFO - [2022-03-23 19:00:51,549] {dagbag.py:500} INFO - Filling up the DagBag from /home/airflow/env/lib/python3.8/site-packages/airflow/example_dags/example_trigger_controller_dag.py
[2022-03-23 19:00:51,596] {processor.py:654} INFO - DAG(s) dict_keys(['example_trigger_controller_dag']) retrieved from /home/airflow/env/lib/python3.8/site-packages/airflow/example_dags/example_trigger_controller_dag.py
[2022-03-23 19:00:51,621] {logging_mixin.py:109} INFO - [2022-03-23 19:00:51,620] {dag.py:2396} INFO - Sync 1 DAGs
[2022-03-23 19:00:51,648] {logging_mixin.py:109} INFO - [2022-03-23 19:00:51,648] {dag.py:2935} INFO - Setting next_dagrun for example_trigger_controller_dag to 2021-01-01T00:00:00+00:00
[2022-03-23 19:00:51,689] {processor.py:171} INFO - Processing /home/airflow/env/lib/python3.8/site-packages/airflow/example_dags/example_trigger_controller_dag.py took 0.154 seconds
[2022-03-23 19:01:29,278] {processor.py:163} INFO - Started process (PID=8466) to work on /home/airflow/env/lib/python3.8/site-packages/airflow/example_dags/example_trigger_controller_dag.py
[2022-03-23 19:01:29,279] {processor.py:642} INFO - Processing file /home/airflow/env/lib/python3.8/site-packages/airflow/example_dags/example_trigger_controller_dag.py for tasks to queue
[2022-03-23 19:01:29,279] {logging_mixin.py:109} INFO - [2022-03-23 19:01:29,279] {dagbag.py:500} INFO - Filling up the DagBag from /home/airflow/env/lib/python3.8/site-packages/airflow/example_dags/example_trigger_controller_dag.py
[2022-03-23 19:01:29,297] {processor.py:654} INFO - DAG(s) dict_keys(['example_trigger_controller_dag']) retrieved from /home/airflow/env/lib/python3.8/site-packages/airflow/example_dags/example_trigger_controller_dag.py
[2022-03-23 19:01:29,307] {logging_mixin.py:109} INFO - [2022-03-23 19:01:29,307] {dag.py:2396} INFO - Sync 1 DAGs
[2022-03-23 19:01:29,317] {logging_mixin.py:109} INFO - [2022-03-23 19:01:29,317] {dag.py:2935} INFO - Setting next_dagrun for example_trigger_controller_dag to 2021-01-01T00:00:00+00:00
[2022-03-23 19:01:29,336] {processor.py:171} INFO - Processing /home/airflow/env/lib/python3.8/site-packages/airflow/example_dags/example_trigger_controller_dag.py took 0.061 seconds
[2022-03-23 19:02:03,242] {processor.py:163} INFO - Started process (PID=8548) to work on /home/airflow/env/lib/python3.8/site-packages/airflow/example_dags/example_trigger_controller_dag.py
[2022-03-23 19:02:03,244] {processor.py:642} INFO - Processing file /home/airflow/env/lib/python3.8/site-packages/airflow/example_dags/example_trigger_controller_dag.py for tasks to queue
[2022-03-23 19:02:03,245] {logging_mixin.py:109} INFO - [2022-03-23 19:02:03,245] {dagbag.py:500} INFO - Filling up the DagBag from /home/airflow/env/lib/python3.8/site-packages/airflow/example_dags/example_trigger_controller_dag.py
[2022-03-23 19:02:03,269] {processor.py:654} INFO - DAG(s) dict_keys(['example_trigger_controller_dag']) retrieved from /home/airflow/env/lib/python3.8/site-packages/airflow/example_dags/example_trigger_controller_dag.py
[2022-03-23 19:02:03,282] {logging_mixin.py:109} INFO - [2022-03-23 19:02:03,282] {dag.py:2396} INFO - Sync 1 DAGs
[2022-03-23 19:02:03,297] {logging_mixin.py:109} INFO - [2022-03-23 19:02:03,297] {dag.py:2935} INFO - Setting next_dagrun for example_trigger_controller_dag to 2021-01-01T00:00:00+00:00
[2022-03-23 19:02:03,316] {processor.py:171} INFO - Processing /home/airflow/env/lib/python3.8/site-packages/airflow/example_dags/example_trigger_controller_dag.py took 0.078 seconds
[2022-03-23 19:02:41,360] {processor.py:163} INFO - Started process (PID=8651) to work on /home/airflow/env/lib/python3.8/site-packages/airflow/example_dags/example_trigger_controller_dag.py
[2022-03-23 19:02:41,361] {processor.py:642} INFO - Processing file /home/airflow/env/lib/python3.8/site-packages/airflow/example_dags/example_trigger_controller_dag.py for tasks to queue
[2022-03-23 19:02:41,362] {logging_mixin.py:109} INFO - [2022-03-23 19:02:41,362] {dagbag.py:500} INFO - Filling up the DagBag from /home/airflow/env/lib/python3.8/site-packages/airflow/example_dags/example_trigger_controller_dag.py
[2022-03-23 19:02:41,377] {processor.py:654} INFO - DAG(s) dict_keys(['example_trigger_controller_dag']) retrieved from /home/airflow/env/lib/python3.8/site-packages/airflow/example_dags/example_trigger_controller_dag.py
[2022-03-23 19:02:41,385] {logging_mixin.py:109} INFO - [2022-03-23 19:02:41,385] {dag.py:2396} INFO - Sync 1 DAGs
[2022-03-23 19:02:41,396] {logging_mixin.py:109} INFO - [2022-03-23 19:02:41,396] {dag.py:2935} INFO - Setting next_dagrun for example_trigger_controller_dag to 2021-01-01T00:00:00+00:00
[2022-03-23 19:02:41,413] {processor.py:171} INFO - Processing /home/airflow/env/lib/python3.8/site-packages/airflow/example_dags/example_trigger_controller_dag.py took 0.056 seconds
[2022-03-23 19:03:16,446] {processor.py:163} INFO - Started process (PID=8746) to work on /home/airflow/env/lib/python3.8/site-packages/airflow/example_dags/example_trigger_controller_dag.py
[2022-03-23 19:03:16,447] {processor.py:642} INFO - Processing file /home/airflow/env/lib/python3.8/site-packages/airflow/example_dags/example_trigger_controller_dag.py for tasks to queue
[2022-03-23 19:03:16,448] {logging_mixin.py:109} INFO - [2022-03-23 19:03:16,448] {dagbag.py:500} INFO - Filling up the DagBag from /home/airflow/env/lib/python3.8/site-packages/airflow/example_dags/example_trigger_controller_dag.py
[2022-03-23 19:03:16,464] {processor.py:654} INFO - DAG(s) dict_keys(['example_trigger_controller_dag']) retrieved from /home/airflow/env/lib/python3.8/site-packages/airflow/example_dags/example_trigger_controller_dag.py
[2022-03-23 19:03:16,471] {logging_mixin.py:109} INFO - [2022-03-23 19:03:16,471] {dag.py:2396} INFO - Sync 1 DAGs
[2022-03-23 19:03:16,482] {logging_mixin.py:109} INFO - [2022-03-23 19:03:16,482] {dag.py:2935} INFO - Setting next_dagrun for example_trigger_controller_dag to 2021-01-01T00:00:00+00:00
[2022-03-23 19:03:16,498] {processor.py:171} INFO - Processing /home/airflow/env/lib/python3.8/site-packages/airflow/example_dags/example_trigger_controller_dag.py took 0.055 seconds
[2022-03-23 19:03:52,409] {processor.py:163} INFO - Started process (PID=8879) to work on /home/airflow/env/lib/python3.8/site-packages/airflow/example_dags/example_trigger_controller_dag.py
[2022-03-23 19:03:52,411] {processor.py:642} INFO - Processing file /home/airflow/env/lib/python3.8/site-packages/airflow/example_dags/example_trigger_controller_dag.py for tasks to queue
[2022-03-23 19:03:52,412] {logging_mixin.py:109} INFO - [2022-03-23 19:03:52,412] {dagbag.py:500} INFO - Filling up the DagBag from /home/airflow/env/lib/python3.8/site-packages/airflow/example_dags/example_trigger_controller_dag.py
[2022-03-23 19:03:52,429] {processor.py:654} INFO - DAG(s) dict_keys(['example_trigger_controller_dag']) retrieved from /home/airflow/env/lib/python3.8/site-packages/airflow/example_dags/example_trigger_controller_dag.py
[2022-03-23 19:03:52,437] {logging_mixin.py:109} INFO - [2022-03-23 19:03:52,437] {dag.py:2396} INFO - Sync 1 DAGs
[2022-03-23 19:03:52,448] {logging_mixin.py:109} INFO - [2022-03-23 19:03:52,448] {dag.py:2935} INFO - Setting next_dagrun for example_trigger_controller_dag to 2021-01-01T00:00:00+00:00
[2022-03-23 19:03:52,467] {processor.py:171} INFO - Processing /home/airflow/env/lib/python3.8/site-packages/airflow/example_dags/example_trigger_controller_dag.py took 0.062 seconds
[2022-03-23 19:04:29,730] {processor.py:163} INFO - Started process (PID=9029) to work on /home/airflow/env/lib/python3.8/site-packages/airflow/example_dags/example_trigger_controller_dag.py
[2022-03-23 19:04:29,734] {processor.py:642} INFO - Processing file /home/airflow/env/lib/python3.8/site-packages/airflow/example_dags/example_trigger_controller_dag.py for tasks to queue
[2022-03-23 19:04:29,734] {logging_mixin.py:109} INFO - [2022-03-23 19:04:29,734] {dagbag.py:500} INFO - Filling up the DagBag from /home/airflow/env/lib/python3.8/site-packages/airflow/example_dags/example_trigger_controller_dag.py
[2022-03-23 19:04:29,851] {processor.py:654} INFO - DAG(s) dict_keys(['example_trigger_controller_dag']) retrieved from /home/airflow/env/lib/python3.8/site-packages/airflow/example_dags/example_trigger_controller_dag.py
[2022-03-23 19:04:29,942] {logging_mixin.py:109} INFO - [2022-03-23 19:04:29,942] {dag.py:2396} INFO - Sync 1 DAGs
[2022-03-23 19:04:30,032] {logging_mixin.py:109} INFO - [2022-03-23 19:04:30,032] {dag.py:2935} INFO - Setting next_dagrun for example_trigger_controller_dag to 2021-01-01T00:00:00+00:00
[2022-03-23 19:04:30,102] {processor.py:171} INFO - Processing /home/airflow/env/lib/python3.8/site-packages/airflow/example_dags/example_trigger_controller_dag.py took 0.412 seconds
[2022-03-23 19:05:14,293] {processor.py:163} INFO - Started process (PID=9095) to work on /home/airflow/env/lib/python3.8/site-packages/airflow/example_dags/example_trigger_controller_dag.py
[2022-03-23 19:05:14,301] {processor.py:642} INFO - Processing file /home/airflow/env/lib/python3.8/site-packages/airflow/example_dags/example_trigger_controller_dag.py for tasks to queue
[2022-03-23 19:05:14,301] {logging_mixin.py:109} INFO - [2022-03-23 19:05:14,301] {dagbag.py:500} INFO - Filling up the DagBag from /home/airflow/env/lib/python3.8/site-packages/airflow/example_dags/example_trigger_controller_dag.py
[2022-03-23 19:05:14,322] {processor.py:654} INFO - DAG(s) dict_keys(['example_trigger_controller_dag']) retrieved from /home/airflow/env/lib/python3.8/site-packages/airflow/example_dags/example_trigger_controller_dag.py
[2022-03-23 19:05:14,330] {logging_mixin.py:109} INFO - [2022-03-23 19:05:14,330] {dag.py:2396} INFO - Sync 1 DAGs
[2022-03-23 19:05:14,343] {logging_mixin.py:109} INFO - [2022-03-23 19:05:14,343] {dag.py:2935} INFO - Setting next_dagrun for example_trigger_controller_dag to 2021-01-01T00:00:00+00:00
[2022-03-23 19:05:14,356] {processor.py:171} INFO - Processing /home/airflow/env/lib/python3.8/site-packages/airflow/example_dags/example_trigger_controller_dag.py took 0.065 seconds
[2022-03-23 19:05:52,013] {processor.py:163} INFO - Started process (PID=9182) to work on /home/airflow/env/lib/python3.8/site-packages/airflow/example_dags/example_trigger_controller_dag.py
[2022-03-23 19:05:52,015] {processor.py:642} INFO - Processing file /home/airflow/env/lib/python3.8/site-packages/airflow/example_dags/example_trigger_controller_dag.py for tasks to queue
[2022-03-23 19:05:52,015] {logging_mixin.py:109} INFO - [2022-03-23 19:05:52,015] {dagbag.py:500} INFO - Filling up the DagBag from /home/airflow/env/lib/python3.8/site-packages/airflow/example_dags/example_trigger_controller_dag.py
[2022-03-23 19:05:52,031] {processor.py:654} INFO - DAG(s) dict_keys(['example_trigger_controller_dag']) retrieved from /home/airflow/env/lib/python3.8/site-packages/airflow/example_dags/example_trigger_controller_dag.py
[2022-03-23 19:05:52,039] {logging_mixin.py:109} INFO - [2022-03-23 19:05:52,039] {dag.py:2396} INFO - Sync 1 DAGs
[2022-03-23 19:05:52,050] {logging_mixin.py:109} INFO - [2022-03-23 19:05:52,050] {dag.py:2935} INFO - Setting next_dagrun for example_trigger_controller_dag to 2021-01-01T00:00:00+00:00
[2022-03-23 19:05:52,090] {processor.py:171} INFO - Processing /home/airflow/env/lib/python3.8/site-packages/airflow/example_dags/example_trigger_controller_dag.py took 0.079 seconds
[2022-03-23 19:06:26,185] {processor.py:163} INFO - Started process (PID=9218) to work on /home/airflow/env/lib/python3.8/site-packages/airflow/example_dags/example_trigger_controller_dag.py
[2022-03-23 19:06:26,187] {processor.py:642} INFO - Processing file /home/airflow/env/lib/python3.8/site-packages/airflow/example_dags/example_trigger_controller_dag.py for tasks to queue
[2022-03-23 19:06:26,187] {logging_mixin.py:109} INFO - [2022-03-23 19:06:26,187] {dagbag.py:500} INFO - Filling up the DagBag from /home/airflow/env/lib/python3.8/site-packages/airflow/example_dags/example_trigger_controller_dag.py
[2022-03-23 19:06:26,214] {processor.py:654} INFO - DAG(s) dict_keys(['example_trigger_controller_dag']) retrieved from /home/airflow/env/lib/python3.8/site-packages/airflow/example_dags/example_trigger_controller_dag.py
[2022-03-23 19:06:26,225] {logging_mixin.py:109} INFO - [2022-03-23 19:06:26,225] {dag.py:2396} INFO - Sync 1 DAGs
[2022-03-23 19:06:26,243] {logging_mixin.py:109} INFO - [2022-03-23 19:06:26,242] {dag.py:2935} INFO - Setting next_dagrun for example_trigger_controller_dag to 2021-01-01T00:00:00+00:00
[2022-03-23 19:06:26,266] {processor.py:171} INFO - Processing /home/airflow/env/lib/python3.8/site-packages/airflow/example_dags/example_trigger_controller_dag.py took 0.085 seconds
[2022-03-23 19:07:00,923] {processor.py:163} INFO - Started process (PID=9251) to work on /home/airflow/env/lib/python3.8/site-packages/airflow/example_dags/example_trigger_controller_dag.py
[2022-03-23 19:07:00,924] {processor.py:642} INFO - Processing file /home/airflow/env/lib/python3.8/site-packages/airflow/example_dags/example_trigger_controller_dag.py for tasks to queue
[2022-03-23 19:07:00,924] {logging_mixin.py:109} INFO - [2022-03-23 19:07:00,924] {dagbag.py:500} INFO - Filling up the DagBag from /home/airflow/env/lib/python3.8/site-packages/airflow/example_dags/example_trigger_controller_dag.py
[2022-03-23 19:07:00,940] {processor.py:654} INFO - DAG(s) dict_keys(['example_trigger_controller_dag']) retrieved from /home/airflow/env/lib/python3.8/site-packages/airflow/example_dags/example_trigger_controller_dag.py
[2022-03-23 19:07:00,948] {logging_mixin.py:109} INFO - [2022-03-23 19:07:00,948] {dag.py:2396} INFO - Sync 1 DAGs
[2022-03-23 19:07:00,960] {logging_mixin.py:109} INFO - [2022-03-23 19:07:00,959] {dag.py:2935} INFO - Setting next_dagrun for example_trigger_controller_dag to 2021-01-01T00:00:00+00:00
[2022-03-23 19:07:00,979] {processor.py:171} INFO - Processing /home/airflow/env/lib/python3.8/site-packages/airflow/example_dags/example_trigger_controller_dag.py took 0.059 seconds
[2022-03-23 19:07:36,336] {processor.py:163} INFO - Started process (PID=9286) to work on /home/airflow/env/lib/python3.8/site-packages/airflow/example_dags/example_trigger_controller_dag.py
[2022-03-23 19:07:36,338] {processor.py:642} INFO - Processing file /home/airflow/env/lib/python3.8/site-packages/airflow/example_dags/example_trigger_controller_dag.py for tasks to queue
[2022-03-23 19:07:36,338] {logging_mixin.py:109} INFO - [2022-03-23 19:07:36,338] {dagbag.py:500} INFO - Filling up the DagBag from /home/airflow/env/lib/python3.8/site-packages/airflow/example_dags/example_trigger_controller_dag.py
[2022-03-23 19:07:36,357] {processor.py:654} INFO - DAG(s) dict_keys(['example_trigger_controller_dag']) retrieved from /home/airflow/env/lib/python3.8/site-packages/airflow/example_dags/example_trigger_controller_dag.py
[2022-03-23 19:07:36,366] {logging_mixin.py:109} INFO - [2022-03-23 19:07:36,366] {dag.py:2396} INFO - Sync 1 DAGs
[2022-03-23 19:07:36,377] {logging_mixin.py:109} INFO - [2022-03-23 19:07:36,377] {dag.py:2935} INFO - Setting next_dagrun for example_trigger_controller_dag to 2021-01-01T00:00:00+00:00
[2022-03-23 19:07:36,396] {processor.py:171} INFO - Processing /home/airflow/env/lib/python3.8/site-packages/airflow/example_dags/example_trigger_controller_dag.py took 0.062 seconds
[2022-03-23 19:08:12,162] {processor.py:163} INFO - Started process (PID=9322) to work on /home/airflow/env/lib/python3.8/site-packages/airflow/example_dags/example_trigger_controller_dag.py
[2022-03-23 19:08:12,163] {processor.py:642} INFO - Processing file /home/airflow/env/lib/python3.8/site-packages/airflow/example_dags/example_trigger_controller_dag.py for tasks to queue
[2022-03-23 19:08:12,164] {logging_mixin.py:109} INFO - [2022-03-23 19:08:12,163] {dagbag.py:500} INFO - Filling up the DagBag from /home/airflow/env/lib/python3.8/site-packages/airflow/example_dags/example_trigger_controller_dag.py
[2022-03-23 19:08:12,180] {processor.py:654} INFO - DAG(s) dict_keys(['example_trigger_controller_dag']) retrieved from /home/airflow/env/lib/python3.8/site-packages/airflow/example_dags/example_trigger_controller_dag.py
[2022-03-23 19:08:12,188] {logging_mixin.py:109} INFO - [2022-03-23 19:08:12,188] {dag.py:2396} INFO - Sync 1 DAGs
[2022-03-23 19:08:12,200] {logging_mixin.py:109} INFO - [2022-03-23 19:08:12,199] {dag.py:2935} INFO - Setting next_dagrun for example_trigger_controller_dag to 2021-01-01T00:00:00+00:00
[2022-03-23 19:08:12,217] {processor.py:171} INFO - Processing /home/airflow/env/lib/python3.8/site-packages/airflow/example_dags/example_trigger_controller_dag.py took 0.057 seconds
[2022-03-23 19:08:47,478] {processor.py:163} INFO - Started process (PID=9356) to work on /home/airflow/env/lib/python3.8/site-packages/airflow/example_dags/example_trigger_controller_dag.py
[2022-03-23 19:08:47,485] {processor.py:642} INFO - Processing file /home/airflow/env/lib/python3.8/site-packages/airflow/example_dags/example_trigger_controller_dag.py for tasks to queue
[2022-03-23 19:08:47,485] {logging_mixin.py:109} INFO - [2022-03-23 19:08:47,485] {dagbag.py:500} INFO - Filling up the DagBag from /home/airflow/env/lib/python3.8/site-packages/airflow/example_dags/example_trigger_controller_dag.py
[2022-03-23 19:08:47,500] {processor.py:654} INFO - DAG(s) dict_keys(['example_trigger_controller_dag']) retrieved from /home/airflow/env/lib/python3.8/site-packages/airflow/example_dags/example_trigger_controller_dag.py
[2022-03-23 19:08:47,508] {logging_mixin.py:109} INFO - [2022-03-23 19:08:47,508] {dag.py:2396} INFO - Sync 1 DAGs
[2022-03-23 19:08:47,519] {logging_mixin.py:109} INFO - [2022-03-23 19:08:47,519] {dag.py:2935} INFO - Setting next_dagrun for example_trigger_controller_dag to 2021-01-01T00:00:00+00:00
[2022-03-23 19:08:47,532] {processor.py:171} INFO - Processing /home/airflow/env/lib/python3.8/site-packages/airflow/example_dags/example_trigger_controller_dag.py took 0.057 seconds
[2022-03-23 19:09:26,770] {processor.py:163} INFO - Started process (PID=9390) to work on /home/airflow/env/lib/python3.8/site-packages/airflow/example_dags/example_trigger_controller_dag.py
[2022-03-23 19:09:26,771] {processor.py:642} INFO - Processing file /home/airflow/env/lib/python3.8/site-packages/airflow/example_dags/example_trigger_controller_dag.py for tasks to queue
[2022-03-23 19:09:26,771] {logging_mixin.py:109} INFO - [2022-03-23 19:09:26,771] {dagbag.py:500} INFO - Filling up the DagBag from /home/airflow/env/lib/python3.8/site-packages/airflow/example_dags/example_trigger_controller_dag.py
[2022-03-23 19:09:26,787] {processor.py:654} INFO - DAG(s) dict_keys(['example_trigger_controller_dag']) retrieved from /home/airflow/env/lib/python3.8/site-packages/airflow/example_dags/example_trigger_controller_dag.py
[2022-03-23 19:09:26,795] {logging_mixin.py:109} INFO - [2022-03-23 19:09:26,795] {dag.py:2396} INFO - Sync 1 DAGs
[2022-03-23 19:09:26,806] {logging_mixin.py:109} INFO - [2022-03-23 19:09:26,806] {dag.py:2935} INFO - Setting next_dagrun for example_trigger_controller_dag to 2021-01-01T00:00:00+00:00
[2022-03-23 19:09:26,830] {processor.py:171} INFO - Processing /home/airflow/env/lib/python3.8/site-packages/airflow/example_dags/example_trigger_controller_dag.py took 0.063 seconds
[2022-03-23 19:10:00,870] {processor.py:163} INFO - Started process (PID=9423) to work on /home/airflow/env/lib/python3.8/site-packages/airflow/example_dags/example_trigger_controller_dag.py
[2022-03-23 19:10:00,871] {processor.py:642} INFO - Processing file /home/airflow/env/lib/python3.8/site-packages/airflow/example_dags/example_trigger_controller_dag.py for tasks to queue
[2022-03-23 19:10:00,872] {logging_mixin.py:109} INFO - [2022-03-23 19:10:00,872] {dagbag.py:500} INFO - Filling up the DagBag from /home/airflow/env/lib/python3.8/site-packages/airflow/example_dags/example_trigger_controller_dag.py
[2022-03-23 19:10:00,893] {processor.py:654} INFO - DAG(s) dict_keys(['example_trigger_controller_dag']) retrieved from /home/airflow/env/lib/python3.8/site-packages/airflow/example_dags/example_trigger_controller_dag.py
[2022-03-23 19:10:00,904] {logging_mixin.py:109} INFO - [2022-03-23 19:10:00,904] {dag.py:2396} INFO - Sync 1 DAGs
[2022-03-23 19:10:00,919] {logging_mixin.py:109} INFO - [2022-03-23 19:10:00,919] {dag.py:2935} INFO - Setting next_dagrun for example_trigger_controller_dag to 2021-01-01T00:00:00+00:00
[2022-03-23 19:10:00,934] {processor.py:171} INFO - Processing /home/airflow/env/lib/python3.8/site-packages/airflow/example_dags/example_trigger_controller_dag.py took 0.066 seconds
[2022-03-23 19:10:37,535] {processor.py:163} INFO - Started process (PID=9515) to work on /home/airflow/env/lib/python3.8/site-packages/airflow/example_dags/example_trigger_controller_dag.py
[2022-03-23 19:10:37,536] {processor.py:642} INFO - Processing file /home/airflow/env/lib/python3.8/site-packages/airflow/example_dags/example_trigger_controller_dag.py for tasks to queue
[2022-03-23 19:10:37,537] {logging_mixin.py:109} INFO - [2022-03-23 19:10:37,537] {dagbag.py:500} INFO - Filling up the DagBag from /home/airflow/env/lib/python3.8/site-packages/airflow/example_dags/example_trigger_controller_dag.py
[2022-03-23 19:10:37,558] {processor.py:654} INFO - DAG(s) dict_keys(['example_trigger_controller_dag']) retrieved from /home/airflow/env/lib/python3.8/site-packages/airflow/example_dags/example_trigger_controller_dag.py
[2022-03-23 19:10:37,571] {logging_mixin.py:109} INFO - [2022-03-23 19:10:37,571] {dag.py:2396} INFO - Sync 1 DAGs
[2022-03-23 19:10:37,584] {logging_mixin.py:109} INFO - [2022-03-23 19:10:37,584] {dag.py:2935} INFO - Setting next_dagrun for example_trigger_controller_dag to 2021-01-01T00:00:00+00:00
[2022-03-23 19:10:37,602] {processor.py:171} INFO - Processing /home/airflow/env/lib/python3.8/site-packages/airflow/example_dags/example_trigger_controller_dag.py took 0.071 seconds
[2022-03-23 19:11:13,021] {processor.py:163} INFO - Started process (PID=9550) to work on /home/airflow/env/lib/python3.8/site-packages/airflow/example_dags/example_trigger_controller_dag.py
[2022-03-23 19:11:13,022] {processor.py:642} INFO - Processing file /home/airflow/env/lib/python3.8/site-packages/airflow/example_dags/example_trigger_controller_dag.py for tasks to queue
[2022-03-23 19:11:13,022] {logging_mixin.py:109} INFO - [2022-03-23 19:11:13,022] {dagbag.py:500} INFO - Filling up the DagBag from /home/airflow/env/lib/python3.8/site-packages/airflow/example_dags/example_trigger_controller_dag.py
[2022-03-23 19:11:13,041] {processor.py:654} INFO - DAG(s) dict_keys(['example_trigger_controller_dag']) retrieved from /home/airflow/env/lib/python3.8/site-packages/airflow/example_dags/example_trigger_controller_dag.py
[2022-03-23 19:11:13,051] {logging_mixin.py:109} INFO - [2022-03-23 19:11:13,051] {dag.py:2396} INFO - Sync 1 DAGs
[2022-03-23 19:11:13,063] {logging_mixin.py:109} INFO - [2022-03-23 19:11:13,063] {dag.py:2935} INFO - Setting next_dagrun for example_trigger_controller_dag to 2021-01-01T00:00:00+00:00
[2022-03-23 19:11:13,082] {processor.py:171} INFO - Processing /home/airflow/env/lib/python3.8/site-packages/airflow/example_dags/example_trigger_controller_dag.py took 0.065 seconds
[2022-03-23 19:11:46,728] {processor.py:163} INFO - Started process (PID=9583) to work on /home/airflow/env/lib/python3.8/site-packages/airflow/example_dags/example_trigger_controller_dag.py
[2022-03-23 19:11:46,729] {processor.py:642} INFO - Processing file /home/airflow/env/lib/python3.8/site-packages/airflow/example_dags/example_trigger_controller_dag.py for tasks to queue
[2022-03-23 19:11:46,730] {logging_mixin.py:109} INFO - [2022-03-23 19:11:46,730] {dagbag.py:500} INFO - Filling up the DagBag from /home/airflow/env/lib/python3.8/site-packages/airflow/example_dags/example_trigger_controller_dag.py
[2022-03-23 19:11:46,751] {processor.py:654} INFO - DAG(s) dict_keys(['example_trigger_controller_dag']) retrieved from /home/airflow/env/lib/python3.8/site-packages/airflow/example_dags/example_trigger_controller_dag.py
[2022-03-23 19:11:46,763] {logging_mixin.py:109} INFO - [2022-03-23 19:11:46,763] {dag.py:2396} INFO - Sync 1 DAGs
[2022-03-23 19:11:46,779] {logging_mixin.py:109} INFO - [2022-03-23 19:11:46,779] {dag.py:2935} INFO - Setting next_dagrun for example_trigger_controller_dag to 2021-01-01T00:00:00+00:00
[2022-03-23 19:11:46,799] {processor.py:171} INFO - Processing /home/airflow/env/lib/python3.8/site-packages/airflow/example_dags/example_trigger_controller_dag.py took 0.073 seconds
[2022-03-23 19:12:23,352] {processor.py:163} INFO - Started process (PID=9706) to work on /home/airflow/env/lib/python3.8/site-packages/airflow/example_dags/example_trigger_controller_dag.py
[2022-03-23 19:12:23,354] {processor.py:642} INFO - Processing file /home/airflow/env/lib/python3.8/site-packages/airflow/example_dags/example_trigger_controller_dag.py for tasks to queue
[2022-03-23 19:12:23,355] {logging_mixin.py:109} INFO - [2022-03-23 19:12:23,355] {dagbag.py:500} INFO - Filling up the DagBag from /home/airflow/env/lib/python3.8/site-packages/airflow/example_dags/example_trigger_controller_dag.py
[2022-03-23 19:12:23,370] {processor.py:654} INFO - DAG(s) dict_keys(['example_trigger_controller_dag']) retrieved from /home/airflow/env/lib/python3.8/site-packages/airflow/example_dags/example_trigger_controller_dag.py
[2022-03-23 19:12:23,378] {logging_mixin.py:109} INFO - [2022-03-23 19:12:23,378] {dag.py:2396} INFO - Sync 1 DAGs
[2022-03-23 19:12:23,390] {logging_mixin.py:109} INFO - [2022-03-23 19:12:23,390] {dag.py:2935} INFO - Setting next_dagrun for example_trigger_controller_dag to 2021-01-01T00:00:00+00:00
[2022-03-23 19:12:23,410] {processor.py:171} INFO - Processing /home/airflow/env/lib/python3.8/site-packages/airflow/example_dags/example_trigger_controller_dag.py took 0.060 seconds
[2022-03-23 19:12:59,951] {processor.py:163} INFO - Started process (PID=9860) to work on /home/airflow/env/lib/python3.8/site-packages/airflow/example_dags/example_trigger_controller_dag.py
[2022-03-23 19:12:59,956] {processor.py:642} INFO - Processing file /home/airflow/env/lib/python3.8/site-packages/airflow/example_dags/example_trigger_controller_dag.py for tasks to queue
[2022-03-23 19:12:59,958] {logging_mixin.py:109} INFO - [2022-03-23 19:12:59,958] {dagbag.py:500} INFO - Filling up the DagBag from /home/airflow/env/lib/python3.8/site-packages/airflow/example_dags/example_trigger_controller_dag.py
[2022-03-23 19:12:59,999] {processor.py:654} INFO - DAG(s) dict_keys(['example_trigger_controller_dag']) retrieved from /home/airflow/env/lib/python3.8/site-packages/airflow/example_dags/example_trigger_controller_dag.py
[2022-03-23 19:13:00,019] {logging_mixin.py:109} INFO - [2022-03-23 19:13:00,019] {dag.py:2396} INFO - Sync 1 DAGs
[2022-03-23 19:13:00,035] {logging_mixin.py:109} INFO - [2022-03-23 19:13:00,035] {dag.py:2935} INFO - Setting next_dagrun for example_trigger_controller_dag to 2021-01-01T00:00:00+00:00
[2022-03-23 19:13:00,052] {processor.py:171} INFO - Processing /home/airflow/env/lib/python3.8/site-packages/airflow/example_dags/example_trigger_controller_dag.py took 0.103 seconds
[2022-03-23 19:13:35,439] {processor.py:163} INFO - Started process (PID=10068) to work on /home/airflow/env/lib/python3.8/site-packages/airflow/example_dags/example_trigger_controller_dag.py
[2022-03-23 19:13:35,441] {processor.py:642} INFO - Processing file /home/airflow/env/lib/python3.8/site-packages/airflow/example_dags/example_trigger_controller_dag.py for tasks to queue
[2022-03-23 19:13:35,442] {logging_mixin.py:109} INFO - [2022-03-23 19:13:35,442] {dagbag.py:500} INFO - Filling up the DagBag from /home/airflow/env/lib/python3.8/site-packages/airflow/example_dags/example_trigger_controller_dag.py
[2022-03-23 19:13:35,463] {processor.py:654} INFO - DAG(s) dict_keys(['example_trigger_controller_dag']) retrieved from /home/airflow/env/lib/python3.8/site-packages/airflow/example_dags/example_trigger_controller_dag.py
[2022-03-23 19:13:35,474] {logging_mixin.py:109} INFO - [2022-03-23 19:13:35,474] {dag.py:2396} INFO - Sync 1 DAGs
[2022-03-23 19:13:35,490] {logging_mixin.py:109} INFO - [2022-03-23 19:13:35,490] {dag.py:2935} INFO - Setting next_dagrun for example_trigger_controller_dag to 2021-01-01T00:00:00+00:00
[2022-03-23 19:13:35,508] {processor.py:171} INFO - Processing /home/airflow/env/lib/python3.8/site-packages/airflow/example_dags/example_trigger_controller_dag.py took 0.073 seconds
