[2022-03-23 18:35:29,641] {processor.py:163} INFO - Started process (PID=5100) to work on /home/airflow/env/lib/python3.8/site-packages/airflow/example_dags/example_trigger_target_dag.py
[2022-03-23 18:35:29,642] {processor.py:642} INFO - Processing file /home/airflow/env/lib/python3.8/site-packages/airflow/example_dags/example_trigger_target_dag.py for tasks to queue
[2022-03-23 18:35:29,642] {logging_mixin.py:109} INFO - [2022-03-23 18:35:29,642] {dagbag.py:500} INFO - Filling up the DagBag from /home/airflow/env/lib/python3.8/site-packages/airflow/example_dags/example_trigger_target_dag.py
[2022-03-23 18:35:29,670] {processor.py:654} INFO - DAG(s) dict_keys(['example_trigger_target_dag']) retrieved from /home/airflow/env/lib/python3.8/site-packages/airflow/example_dags/example_trigger_target_dag.py
[2022-03-23 18:35:29,684] {logging_mixin.py:109} INFO - [2022-03-23 18:35:29,683] {dag.py:2396} INFO - Sync 1 DAGs
[2022-03-23 18:35:29,699] {logging_mixin.py:109} INFO - [2022-03-23 18:35:29,698] {dag.py:2935} INFO - Setting next_dagrun for example_trigger_target_dag to None
[2022-03-23 18:35:29,716] {processor.py:171} INFO - Processing /home/airflow/env/lib/python3.8/site-packages/airflow/example_dags/example_trigger_target_dag.py took 0.078 seconds
[2022-03-23 18:36:03,764] {processor.py:163} INFO - Started process (PID=5172) to work on /home/airflow/env/lib/python3.8/site-packages/airflow/example_dags/example_trigger_target_dag.py
[2022-03-23 18:36:03,766] {processor.py:642} INFO - Processing file /home/airflow/env/lib/python3.8/site-packages/airflow/example_dags/example_trigger_target_dag.py for tasks to queue
[2022-03-23 18:36:03,767] {logging_mixin.py:109} INFO - [2022-03-23 18:36:03,767] {dagbag.py:500} INFO - Filling up the DagBag from /home/airflow/env/lib/python3.8/site-packages/airflow/example_dags/example_trigger_target_dag.py
[2022-03-23 18:36:03,789] {processor.py:654} INFO - DAG(s) dict_keys(['example_trigger_target_dag']) retrieved from /home/airflow/env/lib/python3.8/site-packages/airflow/example_dags/example_trigger_target_dag.py
[2022-03-23 18:36:03,797] {logging_mixin.py:109} INFO - [2022-03-23 18:36:03,796] {dag.py:2396} INFO - Sync 1 DAGs
[2022-03-23 18:36:03,808] {logging_mixin.py:109} INFO - [2022-03-23 18:36:03,808] {dag.py:2935} INFO - Setting next_dagrun for example_trigger_target_dag to None
[2022-03-23 18:36:03,824] {processor.py:171} INFO - Processing /home/airflow/env/lib/python3.8/site-packages/airflow/example_dags/example_trigger_target_dag.py took 0.063 seconds
[2022-03-23 18:36:36,427] {processor.py:163} INFO - Started process (PID=5234) to work on /home/airflow/env/lib/python3.8/site-packages/airflow/example_dags/example_trigger_target_dag.py
[2022-03-23 18:36:36,428] {processor.py:642} INFO - Processing file /home/airflow/env/lib/python3.8/site-packages/airflow/example_dags/example_trigger_target_dag.py for tasks to queue
[2022-03-23 18:36:36,428] {logging_mixin.py:109} INFO - [2022-03-23 18:36:36,428] {dagbag.py:500} INFO - Filling up the DagBag from /home/airflow/env/lib/python3.8/site-packages/airflow/example_dags/example_trigger_target_dag.py
[2022-03-23 18:36:36,448] {processor.py:654} INFO - DAG(s) dict_keys(['example_trigger_target_dag']) retrieved from /home/airflow/env/lib/python3.8/site-packages/airflow/example_dags/example_trigger_target_dag.py
[2022-03-23 18:36:36,456] {logging_mixin.py:109} INFO - [2022-03-23 18:36:36,456] {dag.py:2396} INFO - Sync 1 DAGs
[2022-03-23 18:36:36,468] {logging_mixin.py:109} INFO - [2022-03-23 18:36:36,468] {dag.py:2935} INFO - Setting next_dagrun for example_trigger_target_dag to None
[2022-03-23 18:36:36,486] {processor.py:171} INFO - Processing /home/airflow/env/lib/python3.8/site-packages/airflow/example_dags/example_trigger_target_dag.py took 0.061 seconds
[2022-03-23 18:37:10,895] {processor.py:163} INFO - Started process (PID=5357) to work on /home/airflow/env/lib/python3.8/site-packages/airflow/example_dags/example_trigger_target_dag.py
[2022-03-23 18:37:10,896] {processor.py:642} INFO - Processing file /home/airflow/env/lib/python3.8/site-packages/airflow/example_dags/example_trigger_target_dag.py for tasks to queue
[2022-03-23 18:37:10,897] {logging_mixin.py:109} INFO - [2022-03-23 18:37:10,897] {dagbag.py:500} INFO - Filling up the DagBag from /home/airflow/env/lib/python3.8/site-packages/airflow/example_dags/example_trigger_target_dag.py
[2022-03-23 18:37:10,917] {processor.py:654} INFO - DAG(s) dict_keys(['example_trigger_target_dag']) retrieved from /home/airflow/env/lib/python3.8/site-packages/airflow/example_dags/example_trigger_target_dag.py
[2022-03-23 18:37:10,926] {logging_mixin.py:109} INFO - [2022-03-23 18:37:10,926] {dag.py:2396} INFO - Sync 1 DAGs
[2022-03-23 18:37:10,936] {logging_mixin.py:109} INFO - [2022-03-23 18:37:10,936] {dag.py:2935} INFO - Setting next_dagrun for example_trigger_target_dag to None
[2022-03-23 18:37:10,956] {processor.py:171} INFO - Processing /home/airflow/env/lib/python3.8/site-packages/airflow/example_dags/example_trigger_target_dag.py took 0.064 seconds
[2022-03-23 18:37:43,797] {processor.py:163} INFO - Started process (PID=5393) to work on /home/airflow/env/lib/python3.8/site-packages/airflow/example_dags/example_trigger_target_dag.py
[2022-03-23 18:37:43,799] {processor.py:642} INFO - Processing file /home/airflow/env/lib/python3.8/site-packages/airflow/example_dags/example_trigger_target_dag.py for tasks to queue
[2022-03-23 18:37:43,799] {logging_mixin.py:109} INFO - [2022-03-23 18:37:43,799] {dagbag.py:500} INFO - Filling up the DagBag from /home/airflow/env/lib/python3.8/site-packages/airflow/example_dags/example_trigger_target_dag.py
[2022-03-23 18:37:43,820] {processor.py:654} INFO - DAG(s) dict_keys(['example_trigger_target_dag']) retrieved from /home/airflow/env/lib/python3.8/site-packages/airflow/example_dags/example_trigger_target_dag.py
[2022-03-23 18:37:43,827] {logging_mixin.py:109} INFO - [2022-03-23 18:37:43,827] {dag.py:2396} INFO - Sync 1 DAGs
[2022-03-23 18:37:43,838] {logging_mixin.py:109} INFO - [2022-03-23 18:37:43,837] {dag.py:2935} INFO - Setting next_dagrun for example_trigger_target_dag to None
[2022-03-23 18:37:43,860] {processor.py:171} INFO - Processing /home/airflow/env/lib/python3.8/site-packages/airflow/example_dags/example_trigger_target_dag.py took 0.065 seconds
[2022-03-23 18:38:18,399] {processor.py:163} INFO - Started process (PID=5483) to work on /home/airflow/env/lib/python3.8/site-packages/airflow/example_dags/example_trigger_target_dag.py
[2022-03-23 18:38:18,401] {processor.py:642} INFO - Processing file /home/airflow/env/lib/python3.8/site-packages/airflow/example_dags/example_trigger_target_dag.py for tasks to queue
[2022-03-23 18:38:18,403] {logging_mixin.py:109} INFO - [2022-03-23 18:38:18,403] {dagbag.py:500} INFO - Filling up the DagBag from /home/airflow/env/lib/python3.8/site-packages/airflow/example_dags/example_trigger_target_dag.py
[2022-03-23 18:38:18,431] {processor.py:654} INFO - DAG(s) dict_keys(['example_trigger_target_dag']) retrieved from /home/airflow/env/lib/python3.8/site-packages/airflow/example_dags/example_trigger_target_dag.py
[2022-03-23 18:38:18,443] {logging_mixin.py:109} INFO - [2022-03-23 18:38:18,443] {dag.py:2396} INFO - Sync 1 DAGs
[2022-03-23 18:38:18,460] {logging_mixin.py:109} INFO - [2022-03-23 18:38:18,460] {dag.py:2935} INFO - Setting next_dagrun for example_trigger_target_dag to None
[2022-03-23 18:38:18,472] {processor.py:171} INFO - Processing /home/airflow/env/lib/python3.8/site-packages/airflow/example_dags/example_trigger_target_dag.py took 0.077 seconds
[2022-03-23 18:38:49,967] {processor.py:163} INFO - Started process (PID=5512) to work on /home/airflow/env/lib/python3.8/site-packages/airflow/example_dags/example_trigger_target_dag.py
[2022-03-23 18:38:49,969] {processor.py:642} INFO - Processing file /home/airflow/env/lib/python3.8/site-packages/airflow/example_dags/example_trigger_target_dag.py for tasks to queue
[2022-03-23 18:38:49,969] {logging_mixin.py:109} INFO - [2022-03-23 18:38:49,969] {dagbag.py:500} INFO - Filling up the DagBag from /home/airflow/env/lib/python3.8/site-packages/airflow/example_dags/example_trigger_target_dag.py
[2022-03-23 18:38:49,989] {processor.py:654} INFO - DAG(s) dict_keys(['example_trigger_target_dag']) retrieved from /home/airflow/env/lib/python3.8/site-packages/airflow/example_dags/example_trigger_target_dag.py
[2022-03-23 18:38:49,996] {logging_mixin.py:109} INFO - [2022-03-23 18:38:49,996] {dag.py:2396} INFO - Sync 1 DAGs
[2022-03-23 18:38:50,009] {logging_mixin.py:109} INFO - [2022-03-23 18:38:50,009] {dag.py:2935} INFO - Setting next_dagrun for example_trigger_target_dag to None
[2022-03-23 18:38:50,022] {processor.py:171} INFO - Processing /home/airflow/env/lib/python3.8/site-packages/airflow/example_dags/example_trigger_target_dag.py took 0.058 seconds
[2022-03-23 18:39:28,758] {processor.py:163} INFO - Started process (PID=5582) to work on /home/airflow/env/lib/python3.8/site-packages/airflow/example_dags/example_trigger_target_dag.py
[2022-03-23 18:39:28,764] {processor.py:642} INFO - Processing file /home/airflow/env/lib/python3.8/site-packages/airflow/example_dags/example_trigger_target_dag.py for tasks to queue
[2022-03-23 18:39:28,765] {logging_mixin.py:109} INFO - [2022-03-23 18:39:28,765] {dagbag.py:500} INFO - Filling up the DagBag from /home/airflow/env/lib/python3.8/site-packages/airflow/example_dags/example_trigger_target_dag.py
[2022-03-23 18:39:28,799] {processor.py:654} INFO - DAG(s) dict_keys(['example_trigger_target_dag']) retrieved from /home/airflow/env/lib/python3.8/site-packages/airflow/example_dags/example_trigger_target_dag.py
[2022-03-23 18:39:28,808] {logging_mixin.py:109} INFO - [2022-03-23 18:39:28,808] {dag.py:2396} INFO - Sync 1 DAGs
[2022-03-23 18:39:28,819] {logging_mixin.py:109} INFO - [2022-03-23 18:39:28,818] {dag.py:2935} INFO - Setting next_dagrun for example_trigger_target_dag to None
[2022-03-23 18:39:28,832] {processor.py:171} INFO - Processing /home/airflow/env/lib/python3.8/site-packages/airflow/example_dags/example_trigger_target_dag.py took 0.077 seconds
[2022-03-23 18:40:05,727] {processor.py:163} INFO - Started process (PID=5720) to work on /home/airflow/env/lib/python3.8/site-packages/airflow/example_dags/example_trigger_target_dag.py
[2022-03-23 18:40:05,728] {processor.py:642} INFO - Processing file /home/airflow/env/lib/python3.8/site-packages/airflow/example_dags/example_trigger_target_dag.py for tasks to queue
[2022-03-23 18:40:05,729] {logging_mixin.py:109} INFO - [2022-03-23 18:40:05,729] {dagbag.py:500} INFO - Filling up the DagBag from /home/airflow/env/lib/python3.8/site-packages/airflow/example_dags/example_trigger_target_dag.py
[2022-03-23 18:40:05,754] {processor.py:654} INFO - DAG(s) dict_keys(['example_trigger_target_dag']) retrieved from /home/airflow/env/lib/python3.8/site-packages/airflow/example_dags/example_trigger_target_dag.py
[2022-03-23 18:40:05,763] {logging_mixin.py:109} INFO - [2022-03-23 18:40:05,763] {dag.py:2396} INFO - Sync 1 DAGs
[2022-03-23 18:40:05,777] {logging_mixin.py:109} INFO - [2022-03-23 18:40:05,777] {dag.py:2935} INFO - Setting next_dagrun for example_trigger_target_dag to None
[2022-03-23 18:40:05,790] {processor.py:171} INFO - Processing /home/airflow/env/lib/python3.8/site-packages/airflow/example_dags/example_trigger_target_dag.py took 0.065 seconds
[2022-03-23 18:40:40,338] {processor.py:163} INFO - Started process (PID=5887) to work on /home/airflow/env/lib/python3.8/site-packages/airflow/example_dags/example_trigger_target_dag.py
[2022-03-23 18:40:40,348] {processor.py:642} INFO - Processing file /home/airflow/env/lib/python3.8/site-packages/airflow/example_dags/example_trigger_target_dag.py for tasks to queue
[2022-03-23 18:40:40,348] {logging_mixin.py:109} INFO - [2022-03-23 18:40:40,348] {dagbag.py:500} INFO - Filling up the DagBag from /home/airflow/env/lib/python3.8/site-packages/airflow/example_dags/example_trigger_target_dag.py
[2022-03-23 18:40:40,385] {processor.py:654} INFO - DAG(s) dict_keys(['example_trigger_target_dag']) retrieved from /home/airflow/env/lib/python3.8/site-packages/airflow/example_dags/example_trigger_target_dag.py
[2022-03-23 18:40:40,402] {logging_mixin.py:109} INFO - [2022-03-23 18:40:40,402] {dag.py:2396} INFO - Sync 1 DAGs
[2022-03-23 18:40:40,424] {logging_mixin.py:109} INFO - [2022-03-23 18:40:40,424] {dag.py:2935} INFO - Setting next_dagrun for example_trigger_target_dag to None
[2022-03-23 18:40:40,447] {processor.py:171} INFO - Processing /home/airflow/env/lib/python3.8/site-packages/airflow/example_dags/example_trigger_target_dag.py took 0.115 seconds
[2022-03-23 18:41:14,271] {processor.py:163} INFO - Started process (PID=6010) to work on /home/airflow/env/lib/python3.8/site-packages/airflow/example_dags/example_trigger_target_dag.py
[2022-03-23 18:41:14,272] {processor.py:642} INFO - Processing file /home/airflow/env/lib/python3.8/site-packages/airflow/example_dags/example_trigger_target_dag.py for tasks to queue
[2022-03-23 18:41:14,273] {logging_mixin.py:109} INFO - [2022-03-23 18:41:14,273] {dagbag.py:500} INFO - Filling up the DagBag from /home/airflow/env/lib/python3.8/site-packages/airflow/example_dags/example_trigger_target_dag.py
[2022-03-23 18:41:14,317] {processor.py:654} INFO - DAG(s) dict_keys(['example_trigger_target_dag']) retrieved from /home/airflow/env/lib/python3.8/site-packages/airflow/example_dags/example_trigger_target_dag.py
[2022-03-23 18:41:14,333] {logging_mixin.py:109} INFO - [2022-03-23 18:41:14,333] {dag.py:2396} INFO - Sync 1 DAGs
[2022-03-23 18:41:14,359] {logging_mixin.py:109} INFO - [2022-03-23 18:41:14,359] {dag.py:2935} INFO - Setting next_dagrun for example_trigger_target_dag to None
[2022-03-23 18:41:14,382] {processor.py:171} INFO - Processing /home/airflow/env/lib/python3.8/site-packages/airflow/example_dags/example_trigger_target_dag.py took 0.119 seconds
[2022-03-23 18:41:48,668] {processor.py:163} INFO - Started process (PID=6163) to work on /home/airflow/env/lib/python3.8/site-packages/airflow/example_dags/example_trigger_target_dag.py
[2022-03-23 18:41:48,690] {processor.py:642} INFO - Processing file /home/airflow/env/lib/python3.8/site-packages/airflow/example_dags/example_trigger_target_dag.py for tasks to queue
[2022-03-23 18:41:48,692] {logging_mixin.py:109} INFO - [2022-03-23 18:41:48,692] {dagbag.py:500} INFO - Filling up the DagBag from /home/airflow/env/lib/python3.8/site-packages/airflow/example_dags/example_trigger_target_dag.py
[2022-03-23 18:41:48,838] {processor.py:654} INFO - DAG(s) dict_keys(['example_trigger_target_dag']) retrieved from /home/airflow/env/lib/python3.8/site-packages/airflow/example_dags/example_trigger_target_dag.py
[2022-03-23 18:41:48,941] {logging_mixin.py:109} INFO - [2022-03-23 18:41:48,941] {dag.py:2396} INFO - Sync 1 DAGs
[2022-03-23 18:41:49,075] {logging_mixin.py:109} INFO - [2022-03-23 18:41:49,074] {dag.py:2935} INFO - Setting next_dagrun for example_trigger_target_dag to None
[2022-03-23 18:41:49,110] {processor.py:171} INFO - Processing /home/airflow/env/lib/python3.8/site-packages/airflow/example_dags/example_trigger_target_dag.py took 0.459 seconds
[2022-03-23 18:42:19,442] {processor.py:163} INFO - Started process (PID=6297) to work on /home/airflow/env/lib/python3.8/site-packages/airflow/example_dags/example_trigger_target_dag.py
[2022-03-23 18:42:19,443] {processor.py:642} INFO - Processing file /home/airflow/env/lib/python3.8/site-packages/airflow/example_dags/example_trigger_target_dag.py for tasks to queue
[2022-03-23 18:42:19,444] {logging_mixin.py:109} INFO - [2022-03-23 18:42:19,444] {dagbag.py:500} INFO - Filling up the DagBag from /home/airflow/env/lib/python3.8/site-packages/airflow/example_dags/example_trigger_target_dag.py
[2022-03-23 18:42:19,477] {processor.py:654} INFO - DAG(s) dict_keys(['example_trigger_target_dag']) retrieved from /home/airflow/env/lib/python3.8/site-packages/airflow/example_dags/example_trigger_target_dag.py
[2022-03-23 18:42:19,486] {logging_mixin.py:109} INFO - [2022-03-23 18:42:19,486] {dag.py:2396} INFO - Sync 1 DAGs
[2022-03-23 18:42:19,499] {logging_mixin.py:109} INFO - [2022-03-23 18:42:19,499] {dag.py:2935} INFO - Setting next_dagrun for example_trigger_target_dag to None
[2022-03-23 18:42:19,517] {processor.py:171} INFO - Processing /home/airflow/env/lib/python3.8/site-packages/airflow/example_dags/example_trigger_target_dag.py took 0.079 seconds
[2022-03-23 18:42:49,914] {processor.py:163} INFO - Started process (PID=6432) to work on /home/airflow/env/lib/python3.8/site-packages/airflow/example_dags/example_trigger_target_dag.py
[2022-03-23 18:42:49,916] {processor.py:642} INFO - Processing file /home/airflow/env/lib/python3.8/site-packages/airflow/example_dags/example_trigger_target_dag.py for tasks to queue
[2022-03-23 18:42:49,917] {logging_mixin.py:109} INFO - [2022-03-23 18:42:49,917] {dagbag.py:500} INFO - Filling up the DagBag from /home/airflow/env/lib/python3.8/site-packages/airflow/example_dags/example_trigger_target_dag.py
[2022-03-23 18:42:49,941] {processor.py:654} INFO - DAG(s) dict_keys(['example_trigger_target_dag']) retrieved from /home/airflow/env/lib/python3.8/site-packages/airflow/example_dags/example_trigger_target_dag.py
[2022-03-23 18:42:49,951] {logging_mixin.py:109} INFO - [2022-03-23 18:42:49,951] {dag.py:2396} INFO - Sync 1 DAGs
[2022-03-23 18:42:49,964] {logging_mixin.py:109} INFO - [2022-03-23 18:42:49,964] {dag.py:2935} INFO - Setting next_dagrun for example_trigger_target_dag to None
[2022-03-23 18:42:49,993] {processor.py:171} INFO - Processing /home/airflow/env/lib/python3.8/site-packages/airflow/example_dags/example_trigger_target_dag.py took 0.082 seconds
[2022-03-23 18:43:22,680] {processor.py:163} INFO - Started process (PID=6465) to work on /home/airflow/env/lib/python3.8/site-packages/airflow/example_dags/example_trigger_target_dag.py
[2022-03-23 18:43:22,682] {processor.py:642} INFO - Processing file /home/airflow/env/lib/python3.8/site-packages/airflow/example_dags/example_trigger_target_dag.py for tasks to queue
[2022-03-23 18:43:22,683] {logging_mixin.py:109} INFO - [2022-03-23 18:43:22,682] {dagbag.py:500} INFO - Filling up the DagBag from /home/airflow/env/lib/python3.8/site-packages/airflow/example_dags/example_trigger_target_dag.py
[2022-03-23 18:43:22,705] {processor.py:654} INFO - DAG(s) dict_keys(['example_trigger_target_dag']) retrieved from /home/airflow/env/lib/python3.8/site-packages/airflow/example_dags/example_trigger_target_dag.py
[2022-03-23 18:43:22,714] {logging_mixin.py:109} INFO - [2022-03-23 18:43:22,714] {dag.py:2396} INFO - Sync 1 DAGs
[2022-03-23 18:43:22,726] {logging_mixin.py:109} INFO - [2022-03-23 18:43:22,726] {dag.py:2935} INFO - Setting next_dagrun for example_trigger_target_dag to None
[2022-03-23 18:43:22,746] {processor.py:171} INFO - Processing /home/airflow/env/lib/python3.8/site-packages/airflow/example_dags/example_trigger_target_dag.py took 0.070 seconds
[2022-03-23 18:43:53,928] {processor.py:163} INFO - Started process (PID=6495) to work on /home/airflow/env/lib/python3.8/site-packages/airflow/example_dags/example_trigger_target_dag.py
[2022-03-23 18:43:53,930] {processor.py:642} INFO - Processing file /home/airflow/env/lib/python3.8/site-packages/airflow/example_dags/example_trigger_target_dag.py for tasks to queue
[2022-03-23 18:43:53,931] {logging_mixin.py:109} INFO - [2022-03-23 18:43:53,931] {dagbag.py:500} INFO - Filling up the DagBag from /home/airflow/env/lib/python3.8/site-packages/airflow/example_dags/example_trigger_target_dag.py
[2022-03-23 18:43:53,953] {processor.py:654} INFO - DAG(s) dict_keys(['example_trigger_target_dag']) retrieved from /home/airflow/env/lib/python3.8/site-packages/airflow/example_dags/example_trigger_target_dag.py
[2022-03-23 18:43:53,963] {logging_mixin.py:109} INFO - [2022-03-23 18:43:53,963] {dag.py:2396} INFO - Sync 1 DAGs
[2022-03-23 18:43:53,974] {logging_mixin.py:109} INFO - [2022-03-23 18:43:53,974] {dag.py:2935} INFO - Setting next_dagrun for example_trigger_target_dag to None
[2022-03-23 18:43:53,995] {processor.py:171} INFO - Processing /home/airflow/env/lib/python3.8/site-packages/airflow/example_dags/example_trigger_target_dag.py took 0.071 seconds
[2022-03-23 18:44:24,582] {processor.py:163} INFO - Started process (PID=6522) to work on /home/airflow/env/lib/python3.8/site-packages/airflow/example_dags/example_trigger_target_dag.py
[2022-03-23 18:44:24,583] {processor.py:642} INFO - Processing file /home/airflow/env/lib/python3.8/site-packages/airflow/example_dags/example_trigger_target_dag.py for tasks to queue
[2022-03-23 18:44:24,584] {logging_mixin.py:109} INFO - [2022-03-23 18:44:24,584] {dagbag.py:500} INFO - Filling up the DagBag from /home/airflow/env/lib/python3.8/site-packages/airflow/example_dags/example_trigger_target_dag.py
[2022-03-23 18:44:24,610] {processor.py:654} INFO - DAG(s) dict_keys(['example_trigger_target_dag']) retrieved from /home/airflow/env/lib/python3.8/site-packages/airflow/example_dags/example_trigger_target_dag.py
[2022-03-23 18:44:24,620] {logging_mixin.py:109} INFO - [2022-03-23 18:44:24,620] {dag.py:2396} INFO - Sync 1 DAGs
[2022-03-23 18:44:24,644] {logging_mixin.py:109} INFO - [2022-03-23 18:44:24,644] {dag.py:2935} INFO - Setting next_dagrun for example_trigger_target_dag to None
[2022-03-23 18:44:24,663] {processor.py:171} INFO - Processing /home/airflow/env/lib/python3.8/site-packages/airflow/example_dags/example_trigger_target_dag.py took 0.084 seconds
[2022-03-23 18:44:56,481] {processor.py:163} INFO - Started process (PID=6552) to work on /home/airflow/env/lib/python3.8/site-packages/airflow/example_dags/example_trigger_target_dag.py
[2022-03-23 18:44:56,483] {processor.py:642} INFO - Processing file /home/airflow/env/lib/python3.8/site-packages/airflow/example_dags/example_trigger_target_dag.py for tasks to queue
[2022-03-23 18:44:56,483] {logging_mixin.py:109} INFO - [2022-03-23 18:44:56,483] {dagbag.py:500} INFO - Filling up the DagBag from /home/airflow/env/lib/python3.8/site-packages/airflow/example_dags/example_trigger_target_dag.py
[2022-03-23 18:44:56,505] {processor.py:654} INFO - DAG(s) dict_keys(['example_trigger_target_dag']) retrieved from /home/airflow/env/lib/python3.8/site-packages/airflow/example_dags/example_trigger_target_dag.py
[2022-03-23 18:44:56,514] {logging_mixin.py:109} INFO - [2022-03-23 18:44:56,514] {dag.py:2396} INFO - Sync 1 DAGs
[2022-03-23 18:44:56,525] {logging_mixin.py:109} INFO - [2022-03-23 18:44:56,525] {dag.py:2935} INFO - Setting next_dagrun for example_trigger_target_dag to None
[2022-03-23 18:44:56,545] {processor.py:171} INFO - Processing /home/airflow/env/lib/python3.8/site-packages/airflow/example_dags/example_trigger_target_dag.py took 0.067 seconds
[2022-03-23 18:45:27,626] {processor.py:163} INFO - Started process (PID=6580) to work on /home/airflow/env/lib/python3.8/site-packages/airflow/example_dags/example_trigger_target_dag.py
[2022-03-23 18:45:27,627] {processor.py:642} INFO - Processing file /home/airflow/env/lib/python3.8/site-packages/airflow/example_dags/example_trigger_target_dag.py for tasks to queue
[2022-03-23 18:45:27,628] {logging_mixin.py:109} INFO - [2022-03-23 18:45:27,628] {dagbag.py:500} INFO - Filling up the DagBag from /home/airflow/env/lib/python3.8/site-packages/airflow/example_dags/example_trigger_target_dag.py
[2022-03-23 18:45:27,662] {processor.py:654} INFO - DAG(s) dict_keys(['example_trigger_target_dag']) retrieved from /home/airflow/env/lib/python3.8/site-packages/airflow/example_dags/example_trigger_target_dag.py
[2022-03-23 18:45:27,673] {logging_mixin.py:109} INFO - [2022-03-23 18:45:27,673] {dag.py:2396} INFO - Sync 1 DAGs
[2022-03-23 18:45:27,689] {logging_mixin.py:109} INFO - [2022-03-23 18:45:27,689] {dag.py:2935} INFO - Setting next_dagrun for example_trigger_target_dag to None
[2022-03-23 18:45:27,708] {processor.py:171} INFO - Processing /home/airflow/env/lib/python3.8/site-packages/airflow/example_dags/example_trigger_target_dag.py took 0.086 seconds
[2022-03-23 18:46:01,592] {processor.py:163} INFO - Started process (PID=6666) to work on /home/airflow/env/lib/python3.8/site-packages/airflow/example_dags/example_trigger_target_dag.py
[2022-03-23 18:46:01,593] {processor.py:642} INFO - Processing file /home/airflow/env/lib/python3.8/site-packages/airflow/example_dags/example_trigger_target_dag.py for tasks to queue
[2022-03-23 18:46:01,594] {logging_mixin.py:109} INFO - [2022-03-23 18:46:01,593] {dagbag.py:500} INFO - Filling up the DagBag from /home/airflow/env/lib/python3.8/site-packages/airflow/example_dags/example_trigger_target_dag.py
[2022-03-23 18:46:01,615] {processor.py:654} INFO - DAG(s) dict_keys(['example_trigger_target_dag']) retrieved from /home/airflow/env/lib/python3.8/site-packages/airflow/example_dags/example_trigger_target_dag.py
[2022-03-23 18:46:01,623] {logging_mixin.py:109} INFO - [2022-03-23 18:46:01,623] {dag.py:2396} INFO - Sync 1 DAGs
[2022-03-23 18:46:01,634] {logging_mixin.py:109} INFO - [2022-03-23 18:46:01,634] {dag.py:2935} INFO - Setting next_dagrun for example_trigger_target_dag to None
[2022-03-23 18:46:01,674] {processor.py:171} INFO - Processing /home/airflow/env/lib/python3.8/site-packages/airflow/example_dags/example_trigger_target_dag.py took 0.086 seconds
[2022-03-23 18:46:31,973] {processor.py:163} INFO - Started process (PID=6697) to work on /home/airflow/env/lib/python3.8/site-packages/airflow/example_dags/example_trigger_target_dag.py
[2022-03-23 18:46:31,974] {processor.py:642} INFO - Processing file /home/airflow/env/lib/python3.8/site-packages/airflow/example_dags/example_trigger_target_dag.py for tasks to queue
[2022-03-23 18:46:31,975] {logging_mixin.py:109} INFO - [2022-03-23 18:46:31,975] {dagbag.py:500} INFO - Filling up the DagBag from /home/airflow/env/lib/python3.8/site-packages/airflow/example_dags/example_trigger_target_dag.py
[2022-03-23 18:46:31,997] {processor.py:654} INFO - DAG(s) dict_keys(['example_trigger_target_dag']) retrieved from /home/airflow/env/lib/python3.8/site-packages/airflow/example_dags/example_trigger_target_dag.py
[2022-03-23 18:46:32,008] {logging_mixin.py:109} INFO - [2022-03-23 18:46:32,008] {dag.py:2396} INFO - Sync 1 DAGs
[2022-03-23 18:46:32,018] {logging_mixin.py:109} INFO - [2022-03-23 18:46:32,018] {dag.py:2935} INFO - Setting next_dagrun for example_trigger_target_dag to None
[2022-03-23 18:46:32,038] {processor.py:171} INFO - Processing /home/airflow/env/lib/python3.8/site-packages/airflow/example_dags/example_trigger_target_dag.py took 0.068 seconds
[2022-03-23 18:47:04,535] {processor.py:163} INFO - Started process (PID=6728) to work on /home/airflow/env/lib/python3.8/site-packages/airflow/example_dags/example_trigger_target_dag.py
[2022-03-23 18:47:04,537] {processor.py:642} INFO - Processing file /home/airflow/env/lib/python3.8/site-packages/airflow/example_dags/example_trigger_target_dag.py for tasks to queue
[2022-03-23 18:47:04,542] {logging_mixin.py:109} INFO - [2022-03-23 18:47:04,542] {dagbag.py:500} INFO - Filling up the DagBag from /home/airflow/env/lib/python3.8/site-packages/airflow/example_dags/example_trigger_target_dag.py
[2022-03-23 18:47:04,566] {processor.py:654} INFO - DAG(s) dict_keys(['example_trigger_target_dag']) retrieved from /home/airflow/env/lib/python3.8/site-packages/airflow/example_dags/example_trigger_target_dag.py
[2022-03-23 18:47:04,577] {logging_mixin.py:109} INFO - [2022-03-23 18:47:04,577] {dag.py:2396} INFO - Sync 1 DAGs
[2022-03-23 18:47:04,588] {logging_mixin.py:109} INFO - [2022-03-23 18:47:04,588] {dag.py:2935} INFO - Setting next_dagrun for example_trigger_target_dag to None
[2022-03-23 18:47:04,608] {processor.py:171} INFO - Processing /home/airflow/env/lib/python3.8/site-packages/airflow/example_dags/example_trigger_target_dag.py took 0.075 seconds
[2022-03-23 18:47:35,574] {processor.py:163} INFO - Started process (PID=6756) to work on /home/airflow/env/lib/python3.8/site-packages/airflow/example_dags/example_trigger_target_dag.py
[2022-03-23 18:47:35,576] {processor.py:642} INFO - Processing file /home/airflow/env/lib/python3.8/site-packages/airflow/example_dags/example_trigger_target_dag.py for tasks to queue
[2022-03-23 18:47:35,577] {logging_mixin.py:109} INFO - [2022-03-23 18:47:35,576] {dagbag.py:500} INFO - Filling up the DagBag from /home/airflow/env/lib/python3.8/site-packages/airflow/example_dags/example_trigger_target_dag.py
[2022-03-23 18:47:35,615] {processor.py:654} INFO - DAG(s) dict_keys(['example_trigger_target_dag']) retrieved from /home/airflow/env/lib/python3.8/site-packages/airflow/example_dags/example_trigger_target_dag.py
[2022-03-23 18:47:35,637] {logging_mixin.py:109} INFO - [2022-03-23 18:47:35,637] {dag.py:2396} INFO - Sync 1 DAGs
[2022-03-23 18:47:35,661] {logging_mixin.py:109} INFO - [2022-03-23 18:47:35,661] {dag.py:2935} INFO - Setting next_dagrun for example_trigger_target_dag to None
[2022-03-23 18:47:35,684] {processor.py:171} INFO - Processing /home/airflow/env/lib/python3.8/site-packages/airflow/example_dags/example_trigger_target_dag.py took 0.115 seconds
[2022-03-23 18:48:08,160] {processor.py:163} INFO - Started process (PID=6788) to work on /home/airflow/env/lib/python3.8/site-packages/airflow/example_dags/example_trigger_target_dag.py
[2022-03-23 18:48:08,166] {processor.py:642} INFO - Processing file /home/airflow/env/lib/python3.8/site-packages/airflow/example_dags/example_trigger_target_dag.py for tasks to queue
[2022-03-23 18:48:08,167] {logging_mixin.py:109} INFO - [2022-03-23 18:48:08,167] {dagbag.py:500} INFO - Filling up the DagBag from /home/airflow/env/lib/python3.8/site-packages/airflow/example_dags/example_trigger_target_dag.py
[2022-03-23 18:48:08,259] {processor.py:654} INFO - DAG(s) dict_keys(['example_trigger_target_dag']) retrieved from /home/airflow/env/lib/python3.8/site-packages/airflow/example_dags/example_trigger_target_dag.py
[2022-03-23 18:48:08,283] {logging_mixin.py:109} INFO - [2022-03-23 18:48:08,283] {dag.py:2396} INFO - Sync 1 DAGs
[2022-03-23 18:48:08,327] {logging_mixin.py:109} INFO - [2022-03-23 18:48:08,326] {dag.py:2935} INFO - Setting next_dagrun for example_trigger_target_dag to None
[2022-03-23 18:48:08,350] {processor.py:171} INFO - Processing /home/airflow/env/lib/python3.8/site-packages/airflow/example_dags/example_trigger_target_dag.py took 0.192 seconds
[2022-03-23 18:48:39,847] {processor.py:163} INFO - Started process (PID=6818) to work on /home/airflow/env/lib/python3.8/site-packages/airflow/example_dags/example_trigger_target_dag.py
[2022-03-23 18:48:39,848] {processor.py:642} INFO - Processing file /home/airflow/env/lib/python3.8/site-packages/airflow/example_dags/example_trigger_target_dag.py for tasks to queue
[2022-03-23 18:48:39,853] {logging_mixin.py:109} INFO - [2022-03-23 18:48:39,853] {dagbag.py:500} INFO - Filling up the DagBag from /home/airflow/env/lib/python3.8/site-packages/airflow/example_dags/example_trigger_target_dag.py
[2022-03-23 18:48:39,883] {processor.py:654} INFO - DAG(s) dict_keys(['example_trigger_target_dag']) retrieved from /home/airflow/env/lib/python3.8/site-packages/airflow/example_dags/example_trigger_target_dag.py
[2022-03-23 18:48:39,894] {logging_mixin.py:109} INFO - [2022-03-23 18:48:39,894] {dag.py:2396} INFO - Sync 1 DAGs
[2022-03-23 18:48:39,908] {logging_mixin.py:109} INFO - [2022-03-23 18:48:39,908] {dag.py:2935} INFO - Setting next_dagrun for example_trigger_target_dag to None
[2022-03-23 18:48:39,921] {processor.py:171} INFO - Processing /home/airflow/env/lib/python3.8/site-packages/airflow/example_dags/example_trigger_target_dag.py took 0.077 seconds
[2022-03-23 18:49:12,559] {processor.py:163} INFO - Started process (PID=6849) to work on /home/airflow/env/lib/python3.8/site-packages/airflow/example_dags/example_trigger_target_dag.py
[2022-03-23 18:49:12,561] {processor.py:642} INFO - Processing file /home/airflow/env/lib/python3.8/site-packages/airflow/example_dags/example_trigger_target_dag.py for tasks to queue
[2022-03-23 18:49:12,562] {logging_mixin.py:109} INFO - [2022-03-23 18:49:12,562] {dagbag.py:500} INFO - Filling up the DagBag from /home/airflow/env/lib/python3.8/site-packages/airflow/example_dags/example_trigger_target_dag.py
[2022-03-23 18:49:12,582] {processor.py:654} INFO - DAG(s) dict_keys(['example_trigger_target_dag']) retrieved from /home/airflow/env/lib/python3.8/site-packages/airflow/example_dags/example_trigger_target_dag.py
[2022-03-23 18:49:12,590] {logging_mixin.py:109} INFO - [2022-03-23 18:49:12,590] {dag.py:2396} INFO - Sync 1 DAGs
[2022-03-23 18:49:12,600] {logging_mixin.py:109} INFO - [2022-03-23 18:49:12,600] {dag.py:2935} INFO - Setting next_dagrun for example_trigger_target_dag to None
[2022-03-23 18:49:12,619] {processor.py:171} INFO - Processing /home/airflow/env/lib/python3.8/site-packages/airflow/example_dags/example_trigger_target_dag.py took 0.062 seconds
[2022-03-23 18:49:44,654] {processor.py:163} INFO - Started process (PID=7002) to work on /home/airflow/env/lib/python3.8/site-packages/airflow/example_dags/example_trigger_target_dag.py
[2022-03-23 18:49:44,655] {processor.py:642} INFO - Processing file /home/airflow/env/lib/python3.8/site-packages/airflow/example_dags/example_trigger_target_dag.py for tasks to queue
[2022-03-23 18:49:44,656] {logging_mixin.py:109} INFO - [2022-03-23 18:49:44,656] {dagbag.py:500} INFO - Filling up the DagBag from /home/airflow/env/lib/python3.8/site-packages/airflow/example_dags/example_trigger_target_dag.py
[2022-03-23 18:49:44,675] {processor.py:654} INFO - DAG(s) dict_keys(['example_trigger_target_dag']) retrieved from /home/airflow/env/lib/python3.8/site-packages/airflow/example_dags/example_trigger_target_dag.py
[2022-03-23 18:49:44,683] {logging_mixin.py:109} INFO - [2022-03-23 18:49:44,683] {dag.py:2396} INFO - Sync 1 DAGs
[2022-03-23 18:49:44,693] {logging_mixin.py:109} INFO - [2022-03-23 18:49:44,693] {dag.py:2935} INFO - Setting next_dagrun for example_trigger_target_dag to None
[2022-03-23 18:49:44,710] {processor.py:171} INFO - Processing /home/airflow/env/lib/python3.8/site-packages/airflow/example_dags/example_trigger_target_dag.py took 0.058 seconds
[2022-03-23 18:50:18,240] {processor.py:163} INFO - Started process (PID=7034) to work on /home/airflow/env/lib/python3.8/site-packages/airflow/example_dags/example_trigger_target_dag.py
[2022-03-23 18:50:18,242] {processor.py:642} INFO - Processing file /home/airflow/env/lib/python3.8/site-packages/airflow/example_dags/example_trigger_target_dag.py for tasks to queue
[2022-03-23 18:50:18,242] {logging_mixin.py:109} INFO - [2022-03-23 18:50:18,242] {dagbag.py:500} INFO - Filling up the DagBag from /home/airflow/env/lib/python3.8/site-packages/airflow/example_dags/example_trigger_target_dag.py
[2022-03-23 18:50:18,269] {processor.py:654} INFO - DAG(s) dict_keys(['example_trigger_target_dag']) retrieved from /home/airflow/env/lib/python3.8/site-packages/airflow/example_dags/example_trigger_target_dag.py
[2022-03-23 18:50:18,281] {logging_mixin.py:109} INFO - [2022-03-23 18:50:18,281] {dag.py:2396} INFO - Sync 1 DAGs
[2022-03-23 18:50:18,296] {logging_mixin.py:109} INFO - [2022-03-23 18:50:18,296] {dag.py:2935} INFO - Setting next_dagrun for example_trigger_target_dag to None
[2022-03-23 18:50:18,314] {processor.py:171} INFO - Processing /home/airflow/env/lib/python3.8/site-packages/airflow/example_dags/example_trigger_target_dag.py took 0.077 seconds
[2022-03-23 18:50:50,437] {processor.py:163} INFO - Started process (PID=7120) to work on /home/airflow/env/lib/python3.8/site-packages/airflow/example_dags/example_trigger_target_dag.py
[2022-03-23 18:50:50,438] {processor.py:642} INFO - Processing file /home/airflow/env/lib/python3.8/site-packages/airflow/example_dags/example_trigger_target_dag.py for tasks to queue
[2022-03-23 18:50:50,439] {logging_mixin.py:109} INFO - [2022-03-23 18:50:50,439] {dagbag.py:500} INFO - Filling up the DagBag from /home/airflow/env/lib/python3.8/site-packages/airflow/example_dags/example_trigger_target_dag.py
[2022-03-23 18:50:50,458] {processor.py:654} INFO - DAG(s) dict_keys(['example_trigger_target_dag']) retrieved from /home/airflow/env/lib/python3.8/site-packages/airflow/example_dags/example_trigger_target_dag.py
[2022-03-23 18:50:50,466] {logging_mixin.py:109} INFO - [2022-03-23 18:50:50,465] {dag.py:2396} INFO - Sync 1 DAGs
[2022-03-23 18:50:50,476] {logging_mixin.py:109} INFO - [2022-03-23 18:50:50,476] {dag.py:2935} INFO - Setting next_dagrun for example_trigger_target_dag to None
[2022-03-23 18:50:50,491] {processor.py:171} INFO - Processing /home/airflow/env/lib/python3.8/site-packages/airflow/example_dags/example_trigger_target_dag.py took 0.056 seconds
[2022-03-23 18:51:23,013] {processor.py:163} INFO - Started process (PID=7152) to work on /home/airflow/env/lib/python3.8/site-packages/airflow/example_dags/example_trigger_target_dag.py
[2022-03-23 18:51:23,014] {processor.py:642} INFO - Processing file /home/airflow/env/lib/python3.8/site-packages/airflow/example_dags/example_trigger_target_dag.py for tasks to queue
[2022-03-23 18:51:23,014] {logging_mixin.py:109} INFO - [2022-03-23 18:51:23,014] {dagbag.py:500} INFO - Filling up the DagBag from /home/airflow/env/lib/python3.8/site-packages/airflow/example_dags/example_trigger_target_dag.py
[2022-03-23 18:51:23,034] {processor.py:654} INFO - DAG(s) dict_keys(['example_trigger_target_dag']) retrieved from /home/airflow/env/lib/python3.8/site-packages/airflow/example_dags/example_trigger_target_dag.py
[2022-03-23 18:51:23,042] {logging_mixin.py:109} INFO - [2022-03-23 18:51:23,042] {dag.py:2396} INFO - Sync 1 DAGs
[2022-03-23 18:51:23,052] {logging_mixin.py:109} INFO - [2022-03-23 18:51:23,052] {dag.py:2935} INFO - Setting next_dagrun for example_trigger_target_dag to None
[2022-03-23 18:51:23,071] {processor.py:171} INFO - Processing /home/airflow/env/lib/python3.8/site-packages/airflow/example_dags/example_trigger_target_dag.py took 0.061 seconds
[2022-03-23 18:51:54,279] {processor.py:163} INFO - Started process (PID=7182) to work on /home/airflow/env/lib/python3.8/site-packages/airflow/example_dags/example_trigger_target_dag.py
[2022-03-23 18:51:54,280] {processor.py:642} INFO - Processing file /home/airflow/env/lib/python3.8/site-packages/airflow/example_dags/example_trigger_target_dag.py for tasks to queue
[2022-03-23 18:51:54,280] {logging_mixin.py:109} INFO - [2022-03-23 18:51:54,280] {dagbag.py:500} INFO - Filling up the DagBag from /home/airflow/env/lib/python3.8/site-packages/airflow/example_dags/example_trigger_target_dag.py
[2022-03-23 18:51:54,303] {processor.py:654} INFO - DAG(s) dict_keys(['example_trigger_target_dag']) retrieved from /home/airflow/env/lib/python3.8/site-packages/airflow/example_dags/example_trigger_target_dag.py
[2022-03-23 18:51:54,311] {logging_mixin.py:109} INFO - [2022-03-23 18:51:54,311] {dag.py:2396} INFO - Sync 1 DAGs
[2022-03-23 18:51:54,322] {logging_mixin.py:109} INFO - [2022-03-23 18:51:54,322] {dag.py:2935} INFO - Setting next_dagrun for example_trigger_target_dag to None
[2022-03-23 18:51:54,344] {processor.py:171} INFO - Processing /home/airflow/env/lib/python3.8/site-packages/airflow/example_dags/example_trigger_target_dag.py took 0.069 seconds
[2022-03-23 18:52:26,318] {processor.py:163} INFO - Started process (PID=7215) to work on /home/airflow/env/lib/python3.8/site-packages/airflow/example_dags/example_trigger_target_dag.py
[2022-03-23 18:52:26,319] {processor.py:642} INFO - Processing file /home/airflow/env/lib/python3.8/site-packages/airflow/example_dags/example_trigger_target_dag.py for tasks to queue
[2022-03-23 18:52:26,319] {logging_mixin.py:109} INFO - [2022-03-23 18:52:26,319] {dagbag.py:500} INFO - Filling up the DagBag from /home/airflow/env/lib/python3.8/site-packages/airflow/example_dags/example_trigger_target_dag.py
[2022-03-23 18:52:26,339] {processor.py:654} INFO - DAG(s) dict_keys(['example_trigger_target_dag']) retrieved from /home/airflow/env/lib/python3.8/site-packages/airflow/example_dags/example_trigger_target_dag.py
[2022-03-23 18:52:26,347] {logging_mixin.py:109} INFO - [2022-03-23 18:52:26,346] {dag.py:2396} INFO - Sync 1 DAGs
[2022-03-23 18:52:26,357] {logging_mixin.py:109} INFO - [2022-03-23 18:52:26,357] {dag.py:2935} INFO - Setting next_dagrun for example_trigger_target_dag to None
[2022-03-23 18:52:26,372] {processor.py:171} INFO - Processing /home/airflow/env/lib/python3.8/site-packages/airflow/example_dags/example_trigger_target_dag.py took 0.057 seconds
[2022-03-23 18:52:59,696] {processor.py:163} INFO - Started process (PID=7247) to work on /home/airflow/env/lib/python3.8/site-packages/airflow/example_dags/example_trigger_target_dag.py
[2022-03-23 18:52:59,697] {processor.py:642} INFO - Processing file /home/airflow/env/lib/python3.8/site-packages/airflow/example_dags/example_trigger_target_dag.py for tasks to queue
[2022-03-23 18:52:59,698] {logging_mixin.py:109} INFO - [2022-03-23 18:52:59,698] {dagbag.py:500} INFO - Filling up the DagBag from /home/airflow/env/lib/python3.8/site-packages/airflow/example_dags/example_trigger_target_dag.py
[2022-03-23 18:52:59,721] {processor.py:654} INFO - DAG(s) dict_keys(['example_trigger_target_dag']) retrieved from /home/airflow/env/lib/python3.8/site-packages/airflow/example_dags/example_trigger_target_dag.py
[2022-03-23 18:52:59,729] {logging_mixin.py:109} INFO - [2022-03-23 18:52:59,728] {dag.py:2396} INFO - Sync 1 DAGs
[2022-03-23 18:52:59,741] {logging_mixin.py:109} INFO - [2022-03-23 18:52:59,741] {dag.py:2935} INFO - Setting next_dagrun for example_trigger_target_dag to None
[2022-03-23 18:52:59,758] {processor.py:171} INFO - Processing /home/airflow/env/lib/python3.8/site-packages/airflow/example_dags/example_trigger_target_dag.py took 0.065 seconds
[2022-03-23 18:53:31,700] {processor.py:163} INFO - Started process (PID=7278) to work on /home/airflow/env/lib/python3.8/site-packages/airflow/example_dags/example_trigger_target_dag.py
[2022-03-23 18:53:31,701] {processor.py:642} INFO - Processing file /home/airflow/env/lib/python3.8/site-packages/airflow/example_dags/example_trigger_target_dag.py for tasks to queue
[2022-03-23 18:53:31,702] {logging_mixin.py:109} INFO - [2022-03-23 18:53:31,702] {dagbag.py:500} INFO - Filling up the DagBag from /home/airflow/env/lib/python3.8/site-packages/airflow/example_dags/example_trigger_target_dag.py
[2022-03-23 18:53:31,725] {processor.py:654} INFO - DAG(s) dict_keys(['example_trigger_target_dag']) retrieved from /home/airflow/env/lib/python3.8/site-packages/airflow/example_dags/example_trigger_target_dag.py
[2022-03-23 18:53:31,734] {logging_mixin.py:109} INFO - [2022-03-23 18:53:31,733] {dag.py:2396} INFO - Sync 1 DAGs
[2022-03-23 18:53:31,744] {logging_mixin.py:109} INFO - [2022-03-23 18:53:31,744] {dag.py:2935} INFO - Setting next_dagrun for example_trigger_target_dag to None
[2022-03-23 18:53:31,762] {processor.py:171} INFO - Processing /home/airflow/env/lib/python3.8/site-packages/airflow/example_dags/example_trigger_target_dag.py took 0.065 seconds
[2022-03-23 18:54:02,863] {processor.py:163} INFO - Started process (PID=7308) to work on /home/airflow/env/lib/python3.8/site-packages/airflow/example_dags/example_trigger_target_dag.py
[2022-03-23 18:54:02,865] {processor.py:642} INFO - Processing file /home/airflow/env/lib/python3.8/site-packages/airflow/example_dags/example_trigger_target_dag.py for tasks to queue
[2022-03-23 18:54:02,865] {logging_mixin.py:109} INFO - [2022-03-23 18:54:02,865] {dagbag.py:500} INFO - Filling up the DagBag from /home/airflow/env/lib/python3.8/site-packages/airflow/example_dags/example_trigger_target_dag.py
[2022-03-23 18:54:02,885] {processor.py:654} INFO - DAG(s) dict_keys(['example_trigger_target_dag']) retrieved from /home/airflow/env/lib/python3.8/site-packages/airflow/example_dags/example_trigger_target_dag.py
[2022-03-23 18:54:02,894] {logging_mixin.py:109} INFO - [2022-03-23 18:54:02,894] {dag.py:2396} INFO - Sync 1 DAGs
[2022-03-23 18:54:02,908] {logging_mixin.py:109} INFO - [2022-03-23 18:54:02,908] {dag.py:2935} INFO - Setting next_dagrun for example_trigger_target_dag to None
[2022-03-23 18:54:02,926] {processor.py:171} INFO - Processing /home/airflow/env/lib/python3.8/site-packages/airflow/example_dags/example_trigger_target_dag.py took 0.066 seconds
[2022-03-23 18:54:36,813] {processor.py:163} INFO - Started process (PID=7340) to work on /home/airflow/env/lib/python3.8/site-packages/airflow/example_dags/example_trigger_target_dag.py
[2022-03-23 18:54:36,814] {processor.py:642} INFO - Processing file /home/airflow/env/lib/python3.8/site-packages/airflow/example_dags/example_trigger_target_dag.py for tasks to queue
[2022-03-23 18:54:36,815] {logging_mixin.py:109} INFO - [2022-03-23 18:54:36,815] {dagbag.py:500} INFO - Filling up the DagBag from /home/airflow/env/lib/python3.8/site-packages/airflow/example_dags/example_trigger_target_dag.py
[2022-03-23 18:54:36,838] {processor.py:654} INFO - DAG(s) dict_keys(['example_trigger_target_dag']) retrieved from /home/airflow/env/lib/python3.8/site-packages/airflow/example_dags/example_trigger_target_dag.py
[2022-03-23 18:54:36,847] {logging_mixin.py:109} INFO - [2022-03-23 18:54:36,846] {dag.py:2396} INFO - Sync 1 DAGs
[2022-03-23 18:54:36,858] {logging_mixin.py:109} INFO - [2022-03-23 18:54:36,858] {dag.py:2935} INFO - Setting next_dagrun for example_trigger_target_dag to None
[2022-03-23 18:54:36,877] {processor.py:171} INFO - Processing /home/airflow/env/lib/python3.8/site-packages/airflow/example_dags/example_trigger_target_dag.py took 0.067 seconds
[2022-03-23 18:55:08,958] {processor.py:163} INFO - Started process (PID=7372) to work on /home/airflow/env/lib/python3.8/site-packages/airflow/example_dags/example_trigger_target_dag.py
[2022-03-23 18:55:08,960] {processor.py:642} INFO - Processing file /home/airflow/env/lib/python3.8/site-packages/airflow/example_dags/example_trigger_target_dag.py for tasks to queue
[2022-03-23 18:55:08,960] {logging_mixin.py:109} INFO - [2022-03-23 18:55:08,960] {dagbag.py:500} INFO - Filling up the DagBag from /home/airflow/env/lib/python3.8/site-packages/airflow/example_dags/example_trigger_target_dag.py
[2022-03-23 18:55:08,979] {processor.py:654} INFO - DAG(s) dict_keys(['example_trigger_target_dag']) retrieved from /home/airflow/env/lib/python3.8/site-packages/airflow/example_dags/example_trigger_target_dag.py
[2022-03-23 18:55:08,987] {logging_mixin.py:109} INFO - [2022-03-23 18:55:08,987] {dag.py:2396} INFO - Sync 1 DAGs
[2022-03-23 18:55:08,998] {logging_mixin.py:109} INFO - [2022-03-23 18:55:08,998] {dag.py:2935} INFO - Setting next_dagrun for example_trigger_target_dag to None
[2022-03-23 18:55:09,017] {processor.py:171} INFO - Processing /home/airflow/env/lib/python3.8/site-packages/airflow/example_dags/example_trigger_target_dag.py took 0.061 seconds
[2022-03-23 18:55:39,847] {processor.py:163} INFO - Started process (PID=7458) to work on /home/airflow/env/lib/python3.8/site-packages/airflow/example_dags/example_trigger_target_dag.py
[2022-03-23 18:55:39,848] {processor.py:642} INFO - Processing file /home/airflow/env/lib/python3.8/site-packages/airflow/example_dags/example_trigger_target_dag.py for tasks to queue
[2022-03-23 18:55:39,849] {logging_mixin.py:109} INFO - [2022-03-23 18:55:39,849] {dagbag.py:500} INFO - Filling up the DagBag from /home/airflow/env/lib/python3.8/site-packages/airflow/example_dags/example_trigger_target_dag.py
[2022-03-23 18:55:39,874] {processor.py:654} INFO - DAG(s) dict_keys(['example_trigger_target_dag']) retrieved from /home/airflow/env/lib/python3.8/site-packages/airflow/example_dags/example_trigger_target_dag.py
[2022-03-23 18:55:39,886] {logging_mixin.py:109} INFO - [2022-03-23 18:55:39,886] {dag.py:2396} INFO - Sync 1 DAGs
[2022-03-23 18:55:39,900] {logging_mixin.py:109} INFO - [2022-03-23 18:55:39,900] {dag.py:2935} INFO - Setting next_dagrun for example_trigger_target_dag to None
[2022-03-23 18:55:39,918] {processor.py:171} INFO - Processing /home/airflow/env/lib/python3.8/site-packages/airflow/example_dags/example_trigger_target_dag.py took 0.074 seconds
[2022-03-23 18:56:11,980] {processor.py:163} INFO - Started process (PID=7489) to work on /home/airflow/env/lib/python3.8/site-packages/airflow/example_dags/example_trigger_target_dag.py
[2022-03-23 18:56:11,982] {processor.py:642} INFO - Processing file /home/airflow/env/lib/python3.8/site-packages/airflow/example_dags/example_trigger_target_dag.py for tasks to queue
[2022-03-23 18:56:11,982] {logging_mixin.py:109} INFO - [2022-03-23 18:56:11,982] {dagbag.py:500} INFO - Filling up the DagBag from /home/airflow/env/lib/python3.8/site-packages/airflow/example_dags/example_trigger_target_dag.py
[2022-03-23 18:56:12,003] {processor.py:654} INFO - DAG(s) dict_keys(['example_trigger_target_dag']) retrieved from /home/airflow/env/lib/python3.8/site-packages/airflow/example_dags/example_trigger_target_dag.py
[2022-03-23 18:56:12,012] {logging_mixin.py:109} INFO - [2022-03-23 18:56:12,012] {dag.py:2396} INFO - Sync 1 DAGs
[2022-03-23 18:56:12,027] {logging_mixin.py:109} INFO - [2022-03-23 18:56:12,027] {dag.py:2935} INFO - Setting next_dagrun for example_trigger_target_dag to None
[2022-03-23 18:56:12,045] {processor.py:171} INFO - Processing /home/airflow/env/lib/python3.8/site-packages/airflow/example_dags/example_trigger_target_dag.py took 0.067 seconds
[2022-03-23 18:56:45,333] {processor.py:163} INFO - Started process (PID=7521) to work on /home/airflow/env/lib/python3.8/site-packages/airflow/example_dags/example_trigger_target_dag.py
[2022-03-23 18:56:45,334] {processor.py:642} INFO - Processing file /home/airflow/env/lib/python3.8/site-packages/airflow/example_dags/example_trigger_target_dag.py for tasks to queue
[2022-03-23 18:56:45,335] {logging_mixin.py:109} INFO - [2022-03-23 18:56:45,335] {dagbag.py:500} INFO - Filling up the DagBag from /home/airflow/env/lib/python3.8/site-packages/airflow/example_dags/example_trigger_target_dag.py
[2022-03-23 18:56:45,356] {processor.py:654} INFO - DAG(s) dict_keys(['example_trigger_target_dag']) retrieved from /home/airflow/env/lib/python3.8/site-packages/airflow/example_dags/example_trigger_target_dag.py
[2022-03-23 18:56:45,365] {logging_mixin.py:109} INFO - [2022-03-23 18:56:45,365] {dag.py:2396} INFO - Sync 1 DAGs
[2022-03-23 18:56:45,375] {logging_mixin.py:109} INFO - [2022-03-23 18:56:45,375] {dag.py:2935} INFO - Setting next_dagrun for example_trigger_target_dag to None
[2022-03-23 18:56:45,393] {processor.py:171} INFO - Processing /home/airflow/env/lib/python3.8/site-packages/airflow/example_dags/example_trigger_target_dag.py took 0.063 seconds
[2022-03-23 18:57:16,514] {processor.py:163} INFO - Started process (PID=7552) to work on /home/airflow/env/lib/python3.8/site-packages/airflow/example_dags/example_trigger_target_dag.py
[2022-03-23 18:57:16,515] {processor.py:642} INFO - Processing file /home/airflow/env/lib/python3.8/site-packages/airflow/example_dags/example_trigger_target_dag.py for tasks to queue
[2022-03-23 18:57:16,516] {logging_mixin.py:109} INFO - [2022-03-23 18:57:16,516] {dagbag.py:500} INFO - Filling up the DagBag from /home/airflow/env/lib/python3.8/site-packages/airflow/example_dags/example_trigger_target_dag.py
[2022-03-23 18:57:16,534] {processor.py:654} INFO - DAG(s) dict_keys(['example_trigger_target_dag']) retrieved from /home/airflow/env/lib/python3.8/site-packages/airflow/example_dags/example_trigger_target_dag.py
[2022-03-23 18:57:16,541] {logging_mixin.py:109} INFO - [2022-03-23 18:57:16,541] {dag.py:2396} INFO - Sync 1 DAGs
[2022-03-23 18:57:16,552] {logging_mixin.py:109} INFO - [2022-03-23 18:57:16,552] {dag.py:2935} INFO - Setting next_dagrun for example_trigger_target_dag to None
[2022-03-23 18:57:16,570] {processor.py:171} INFO - Processing /home/airflow/env/lib/python3.8/site-packages/airflow/example_dags/example_trigger_target_dag.py took 0.059 seconds
[2022-03-23 18:57:50,642] {processor.py:163} INFO - Started process (PID=7584) to work on /home/airflow/env/lib/python3.8/site-packages/airflow/example_dags/example_trigger_target_dag.py
[2022-03-23 18:57:50,650] {processor.py:642} INFO - Processing file /home/airflow/env/lib/python3.8/site-packages/airflow/example_dags/example_trigger_target_dag.py for tasks to queue
[2022-03-23 18:57:50,651] {logging_mixin.py:109} INFO - [2022-03-23 18:57:50,651] {dagbag.py:500} INFO - Filling up the DagBag from /home/airflow/env/lib/python3.8/site-packages/airflow/example_dags/example_trigger_target_dag.py
[2022-03-23 18:57:50,706] {processor.py:654} INFO - DAG(s) dict_keys(['example_trigger_target_dag']) retrieved from /home/airflow/env/lib/python3.8/site-packages/airflow/example_dags/example_trigger_target_dag.py
[2022-03-23 18:57:50,732] {logging_mixin.py:109} INFO - [2022-03-23 18:57:50,732] {dag.py:2396} INFO - Sync 1 DAGs
[2022-03-23 18:57:50,767] {logging_mixin.py:109} INFO - [2022-03-23 18:57:50,767] {dag.py:2935} INFO - Setting next_dagrun for example_trigger_target_dag to None
[2022-03-23 18:57:50,805] {processor.py:171} INFO - Processing /home/airflow/env/lib/python3.8/site-packages/airflow/example_dags/example_trigger_target_dag.py took 0.166 seconds
[2022-03-23 18:58:23,154] {processor.py:163} INFO - Started process (PID=7739) to work on /home/airflow/env/lib/python3.8/site-packages/airflow/example_dags/example_trigger_target_dag.py
[2022-03-23 18:58:23,158] {processor.py:642} INFO - Processing file /home/airflow/env/lib/python3.8/site-packages/airflow/example_dags/example_trigger_target_dag.py for tasks to queue
[2022-03-23 18:58:23,159] {logging_mixin.py:109} INFO - [2022-03-23 18:58:23,159] {dagbag.py:500} INFO - Filling up the DagBag from /home/airflow/env/lib/python3.8/site-packages/airflow/example_dags/example_trigger_target_dag.py
[2022-03-23 18:58:23,272] {processor.py:654} INFO - DAG(s) dict_keys(['example_trigger_target_dag']) retrieved from /home/airflow/env/lib/python3.8/site-packages/airflow/example_dags/example_trigger_target_dag.py
[2022-03-23 18:58:23,323] {logging_mixin.py:109} INFO - [2022-03-23 18:58:23,323] {dag.py:2396} INFO - Sync 1 DAGs
[2022-03-23 18:58:23,401] {logging_mixin.py:109} INFO - [2022-03-23 18:58:23,401] {dag.py:2935} INFO - Setting next_dagrun for example_trigger_target_dag to None
[2022-03-23 18:58:23,438] {processor.py:171} INFO - Processing /home/airflow/env/lib/python3.8/site-packages/airflow/example_dags/example_trigger_target_dag.py took 0.292 seconds
[2022-03-23 18:58:58,557] {processor.py:163} INFO - Started process (PID=7842) to work on /home/airflow/env/lib/python3.8/site-packages/airflow/example_dags/example_trigger_target_dag.py
[2022-03-23 18:58:58,565] {processor.py:642} INFO - Processing file /home/airflow/env/lib/python3.8/site-packages/airflow/example_dags/example_trigger_target_dag.py for tasks to queue
[2022-03-23 18:58:58,566] {logging_mixin.py:109} INFO - [2022-03-23 18:58:58,566] {dagbag.py:500} INFO - Filling up the DagBag from /home/airflow/env/lib/python3.8/site-packages/airflow/example_dags/example_trigger_target_dag.py
[2022-03-23 18:58:58,631] {processor.py:654} INFO - DAG(s) dict_keys(['example_trigger_target_dag']) retrieved from /home/airflow/env/lib/python3.8/site-packages/airflow/example_dags/example_trigger_target_dag.py
[2022-03-23 18:58:58,669] {logging_mixin.py:109} INFO - [2022-03-23 18:58:58,669] {dag.py:2396} INFO - Sync 1 DAGs
[2022-03-23 18:58:58,706] {logging_mixin.py:109} INFO - [2022-03-23 18:58:58,706] {dag.py:2935} INFO - Setting next_dagrun for example_trigger_target_dag to None
[2022-03-23 18:58:58,774] {processor.py:171} INFO - Processing /home/airflow/env/lib/python3.8/site-packages/airflow/example_dags/example_trigger_target_dag.py took 0.230 seconds
[2022-03-23 18:59:33,174] {processor.py:163} INFO - Started process (PID=7959) to work on /home/airflow/env/lib/python3.8/site-packages/airflow/example_dags/example_trigger_target_dag.py
[2022-03-23 18:59:33,175] {processor.py:642} INFO - Processing file /home/airflow/env/lib/python3.8/site-packages/airflow/example_dags/example_trigger_target_dag.py for tasks to queue
[2022-03-23 18:59:33,176] {logging_mixin.py:109} INFO - [2022-03-23 18:59:33,176] {dagbag.py:500} INFO - Filling up the DagBag from /home/airflow/env/lib/python3.8/site-packages/airflow/example_dags/example_trigger_target_dag.py
[2022-03-23 18:59:33,198] {processor.py:654} INFO - DAG(s) dict_keys(['example_trigger_target_dag']) retrieved from /home/airflow/env/lib/python3.8/site-packages/airflow/example_dags/example_trigger_target_dag.py
[2022-03-23 18:59:33,208] {logging_mixin.py:109} INFO - [2022-03-23 18:59:33,208] {dag.py:2396} INFO - Sync 1 DAGs
[2022-03-23 18:59:33,220] {logging_mixin.py:109} INFO - [2022-03-23 18:59:33,220] {dag.py:2935} INFO - Setting next_dagrun for example_trigger_target_dag to None
[2022-03-23 18:59:33,237] {processor.py:171} INFO - Processing /home/airflow/env/lib/python3.8/site-packages/airflow/example_dags/example_trigger_target_dag.py took 0.066 seconds
[2022-03-23 19:00:07,034] {processor.py:163} INFO - Started process (PID=8126) to work on /home/airflow/env/lib/python3.8/site-packages/airflow/example_dags/example_trigger_target_dag.py
[2022-03-23 19:00:07,038] {processor.py:642} INFO - Processing file /home/airflow/env/lib/python3.8/site-packages/airflow/example_dags/example_trigger_target_dag.py for tasks to queue
[2022-03-23 19:00:07,038] {logging_mixin.py:109} INFO - [2022-03-23 19:00:07,038] {dagbag.py:500} INFO - Filling up the DagBag from /home/airflow/env/lib/python3.8/site-packages/airflow/example_dags/example_trigger_target_dag.py
[2022-03-23 19:00:07,148] {processor.py:654} INFO - DAG(s) dict_keys(['example_trigger_target_dag']) retrieved from /home/airflow/env/lib/python3.8/site-packages/airflow/example_dags/example_trigger_target_dag.py
[2022-03-23 19:00:07,222] {logging_mixin.py:109} INFO - [2022-03-23 19:00:07,222] {dag.py:2396} INFO - Sync 1 DAGs
[2022-03-23 19:00:07,319] {logging_mixin.py:109} INFO - [2022-03-23 19:00:07,319] {dag.py:2935} INFO - Setting next_dagrun for example_trigger_target_dag to None
[2022-03-23 19:00:07,353] {processor.py:171} INFO - Processing /home/airflow/env/lib/python3.8/site-packages/airflow/example_dags/example_trigger_target_dag.py took 0.344 seconds
[2022-03-23 19:00:43,369] {processor.py:163} INFO - Started process (PID=8392) to work on /home/airflow/env/lib/python3.8/site-packages/airflow/example_dags/example_trigger_target_dag.py
[2022-03-23 19:00:43,370] {processor.py:642} INFO - Processing file /home/airflow/env/lib/python3.8/site-packages/airflow/example_dags/example_trigger_target_dag.py for tasks to queue
[2022-03-23 19:00:43,370] {logging_mixin.py:109} INFO - [2022-03-23 19:00:43,370] {dagbag.py:500} INFO - Filling up the DagBag from /home/airflow/env/lib/python3.8/site-packages/airflow/example_dags/example_trigger_target_dag.py
[2022-03-23 19:00:43,401] {processor.py:654} INFO - DAG(s) dict_keys(['example_trigger_target_dag']) retrieved from /home/airflow/env/lib/python3.8/site-packages/airflow/example_dags/example_trigger_target_dag.py
[2022-03-23 19:00:43,411] {logging_mixin.py:109} INFO - [2022-03-23 19:00:43,411] {dag.py:2396} INFO - Sync 1 DAGs
[2022-03-23 19:00:43,421] {logging_mixin.py:109} INFO - [2022-03-23 19:00:43,421] {dag.py:2935} INFO - Setting next_dagrun for example_trigger_target_dag to None
[2022-03-23 19:00:43,438] {processor.py:171} INFO - Processing /home/airflow/env/lib/python3.8/site-packages/airflow/example_dags/example_trigger_target_dag.py took 0.072 seconds
[2022-03-23 19:01:20,191] {processor.py:163} INFO - Started process (PID=8457) to work on /home/airflow/env/lib/python3.8/site-packages/airflow/example_dags/example_trigger_target_dag.py
[2022-03-23 19:01:20,193] {processor.py:642} INFO - Processing file /home/airflow/env/lib/python3.8/site-packages/airflow/example_dags/example_trigger_target_dag.py for tasks to queue
[2022-03-23 19:01:20,193] {logging_mixin.py:109} INFO - [2022-03-23 19:01:20,193] {dagbag.py:500} INFO - Filling up the DagBag from /home/airflow/env/lib/python3.8/site-packages/airflow/example_dags/example_trigger_target_dag.py
[2022-03-23 19:01:20,230] {processor.py:654} INFO - DAG(s) dict_keys(['example_trigger_target_dag']) retrieved from /home/airflow/env/lib/python3.8/site-packages/airflow/example_dags/example_trigger_target_dag.py
[2022-03-23 19:01:20,240] {logging_mixin.py:109} INFO - [2022-03-23 19:01:20,239] {dag.py:2396} INFO - Sync 1 DAGs
[2022-03-23 19:01:20,254] {logging_mixin.py:109} INFO - [2022-03-23 19:01:20,254] {dag.py:2935} INFO - Setting next_dagrun for example_trigger_target_dag to None
[2022-03-23 19:01:20,283] {processor.py:171} INFO - Processing /home/airflow/env/lib/python3.8/site-packages/airflow/example_dags/example_trigger_target_dag.py took 0.094 seconds
[2022-03-23 19:01:50,794] {processor.py:163} INFO - Started process (PID=8513) to work on /home/airflow/env/lib/python3.8/site-packages/airflow/example_dags/example_trigger_target_dag.py
[2022-03-23 19:01:50,796] {processor.py:642} INFO - Processing file /home/airflow/env/lib/python3.8/site-packages/airflow/example_dags/example_trigger_target_dag.py for tasks to queue
[2022-03-23 19:01:50,796] {logging_mixin.py:109} INFO - [2022-03-23 19:01:50,796] {dagbag.py:500} INFO - Filling up the DagBag from /home/airflow/env/lib/python3.8/site-packages/airflow/example_dags/example_trigger_target_dag.py
[2022-03-23 19:01:50,818] {processor.py:654} INFO - DAG(s) dict_keys(['example_trigger_target_dag']) retrieved from /home/airflow/env/lib/python3.8/site-packages/airflow/example_dags/example_trigger_target_dag.py
[2022-03-23 19:01:50,827] {logging_mixin.py:109} INFO - [2022-03-23 19:01:50,827] {dag.py:2396} INFO - Sync 1 DAGs
[2022-03-23 19:01:50,844] {logging_mixin.py:109} INFO - [2022-03-23 19:01:50,844] {dag.py:2935} INFO - Setting next_dagrun for example_trigger_target_dag to None
[2022-03-23 19:01:50,858] {processor.py:171} INFO - Processing /home/airflow/env/lib/python3.8/site-packages/airflow/example_dags/example_trigger_target_dag.py took 0.066 seconds
[2022-03-23 19:02:25,808] {processor.py:163} INFO - Started process (PID=8609) to work on /home/airflow/env/lib/python3.8/site-packages/airflow/example_dags/example_trigger_target_dag.py
[2022-03-23 19:02:25,809] {processor.py:642} INFO - Processing file /home/airflow/env/lib/python3.8/site-packages/airflow/example_dags/example_trigger_target_dag.py for tasks to queue
[2022-03-23 19:02:25,809] {logging_mixin.py:109} INFO - [2022-03-23 19:02:25,809] {dagbag.py:500} INFO - Filling up the DagBag from /home/airflow/env/lib/python3.8/site-packages/airflow/example_dags/example_trigger_target_dag.py
[2022-03-23 19:02:25,831] {processor.py:654} INFO - DAG(s) dict_keys(['example_trigger_target_dag']) retrieved from /home/airflow/env/lib/python3.8/site-packages/airflow/example_dags/example_trigger_target_dag.py
[2022-03-23 19:02:25,839] {logging_mixin.py:109} INFO - [2022-03-23 19:02:25,838] {dag.py:2396} INFO - Sync 1 DAGs
[2022-03-23 19:02:25,850] {logging_mixin.py:109} INFO - [2022-03-23 19:02:25,850] {dag.py:2935} INFO - Setting next_dagrun for example_trigger_target_dag to None
[2022-03-23 19:02:25,867] {processor.py:171} INFO - Processing /home/airflow/env/lib/python3.8/site-packages/airflow/example_dags/example_trigger_target_dag.py took 0.062 seconds
[2022-03-23 19:03:01,042] {processor.py:163} INFO - Started process (PID=8732) to work on /home/airflow/env/lib/python3.8/site-packages/airflow/example_dags/example_trigger_target_dag.py
[2022-03-23 19:03:01,044] {processor.py:642} INFO - Processing file /home/airflow/env/lib/python3.8/site-packages/airflow/example_dags/example_trigger_target_dag.py for tasks to queue
[2022-03-23 19:03:01,044] {logging_mixin.py:109} INFO - [2022-03-23 19:03:01,044] {dagbag.py:500} INFO - Filling up the DagBag from /home/airflow/env/lib/python3.8/site-packages/airflow/example_dags/example_trigger_target_dag.py
[2022-03-23 19:03:01,066] {processor.py:654} INFO - DAG(s) dict_keys(['example_trigger_target_dag']) retrieved from /home/airflow/env/lib/python3.8/site-packages/airflow/example_dags/example_trigger_target_dag.py
[2022-03-23 19:03:01,073] {logging_mixin.py:109} INFO - [2022-03-23 19:03:01,073] {dag.py:2396} INFO - Sync 1 DAGs
[2022-03-23 19:03:01,084] {logging_mixin.py:109} INFO - [2022-03-23 19:03:01,084] {dag.py:2935} INFO - Setting next_dagrun for example_trigger_target_dag to None
[2022-03-23 19:03:01,101] {processor.py:171} INFO - Processing /home/airflow/env/lib/python3.8/site-packages/airflow/example_dags/example_trigger_target_dag.py took 0.061 seconds
[2022-03-23 19:03:32,157] {processor.py:163} INFO - Started process (PID=8800) to work on /home/airflow/env/lib/python3.8/site-packages/airflow/example_dags/example_trigger_target_dag.py
[2022-03-23 19:03:32,158] {processor.py:642} INFO - Processing file /home/airflow/env/lib/python3.8/site-packages/airflow/example_dags/example_trigger_target_dag.py for tasks to queue
[2022-03-23 19:03:32,159] {logging_mixin.py:109} INFO - [2022-03-23 19:03:32,159] {dagbag.py:500} INFO - Filling up the DagBag from /home/airflow/env/lib/python3.8/site-packages/airflow/example_dags/example_trigger_target_dag.py
[2022-03-23 19:03:32,186] {processor.py:654} INFO - DAG(s) dict_keys(['example_trigger_target_dag']) retrieved from /home/airflow/env/lib/python3.8/site-packages/airflow/example_dags/example_trigger_target_dag.py
[2022-03-23 19:03:32,194] {logging_mixin.py:109} INFO - [2022-03-23 19:03:32,194] {dag.py:2396} INFO - Sync 1 DAGs
[2022-03-23 19:03:32,206] {logging_mixin.py:109} INFO - [2022-03-23 19:03:32,206] {dag.py:2935} INFO - Setting next_dagrun for example_trigger_target_dag to None
[2022-03-23 19:03:32,220] {processor.py:171} INFO - Processing /home/airflow/env/lib/python3.8/site-packages/airflow/example_dags/example_trigger_target_dag.py took 0.065 seconds
[2022-03-23 19:04:06,682] {processor.py:163} INFO - Started process (PID=8934) to work on /home/airflow/env/lib/python3.8/site-packages/airflow/example_dags/example_trigger_target_dag.py
[2022-03-23 19:04:06,690] {processor.py:642} INFO - Processing file /home/airflow/env/lib/python3.8/site-packages/airflow/example_dags/example_trigger_target_dag.py for tasks to queue
[2022-03-23 19:04:06,701] {logging_mixin.py:109} INFO - [2022-03-23 19:04:06,701] {dagbag.py:500} INFO - Filling up the DagBag from /home/airflow/env/lib/python3.8/site-packages/airflow/example_dags/example_trigger_target_dag.py
[2022-03-23 19:04:06,823] {processor.py:654} INFO - DAG(s) dict_keys(['example_trigger_target_dag']) retrieved from /home/airflow/env/lib/python3.8/site-packages/airflow/example_dags/example_trigger_target_dag.py
[2022-03-23 19:04:06,835] {logging_mixin.py:109} INFO - [2022-03-23 19:04:06,835] {dag.py:2396} INFO - Sync 1 DAGs
[2022-03-23 19:04:06,867] {logging_mixin.py:109} INFO - [2022-03-23 19:04:06,867] {dag.py:2935} INFO - Setting next_dagrun for example_trigger_target_dag to None
[2022-03-23 19:04:06,888] {processor.py:171} INFO - Processing /home/airflow/env/lib/python3.8/site-packages/airflow/example_dags/example_trigger_target_dag.py took 0.224 seconds
[2022-03-23 19:04:45,638] {processor.py:163} INFO - Started process (PID=9053) to work on /home/airflow/env/lib/python3.8/site-packages/airflow/example_dags/example_trigger_target_dag.py
[2022-03-23 19:04:45,775] {processor.py:642} INFO - Processing file /home/airflow/env/lib/python3.8/site-packages/airflow/example_dags/example_trigger_target_dag.py for tasks to queue
[2022-03-23 19:04:45,775] {logging_mixin.py:109} INFO - [2022-03-23 19:04:45,775] {dagbag.py:500} INFO - Filling up the DagBag from /home/airflow/env/lib/python3.8/site-packages/airflow/example_dags/example_trigger_target_dag.py
[2022-03-23 19:04:45,832] {processor.py:654} INFO - DAG(s) dict_keys(['example_trigger_target_dag']) retrieved from /home/airflow/env/lib/python3.8/site-packages/airflow/example_dags/example_trigger_target_dag.py
[2022-03-23 19:04:45,852] {logging_mixin.py:109} INFO - [2022-03-23 19:04:45,852] {dag.py:2396} INFO - Sync 1 DAGs
[2022-03-23 19:04:45,884] {logging_mixin.py:109} INFO - [2022-03-23 19:04:45,884] {dag.py:2935} INFO - Setting next_dagrun for example_trigger_target_dag to None
[2022-03-23 19:04:45,959] {processor.py:171} INFO - Processing /home/airflow/env/lib/python3.8/site-packages/airflow/example_dags/example_trigger_target_dag.py took 0.332 seconds
[2022-03-23 19:05:20,637] {processor.py:163} INFO - Started process (PID=9101) to work on /home/airflow/env/lib/python3.8/site-packages/airflow/example_dags/example_trigger_target_dag.py
[2022-03-23 19:05:20,639] {processor.py:642} INFO - Processing file /home/airflow/env/lib/python3.8/site-packages/airflow/example_dags/example_trigger_target_dag.py for tasks to queue
[2022-03-23 19:05:20,640] {logging_mixin.py:109} INFO - [2022-03-23 19:05:20,640] {dagbag.py:500} INFO - Filling up the DagBag from /home/airflow/env/lib/python3.8/site-packages/airflow/example_dags/example_trigger_target_dag.py
[2022-03-23 19:05:20,671] {processor.py:654} INFO - DAG(s) dict_keys(['example_trigger_target_dag']) retrieved from /home/airflow/env/lib/python3.8/site-packages/airflow/example_dags/example_trigger_target_dag.py
[2022-03-23 19:05:20,685] {logging_mixin.py:109} INFO - [2022-03-23 19:05:20,685] {dag.py:2396} INFO - Sync 1 DAGs
[2022-03-23 19:05:20,702] {logging_mixin.py:109} INFO - [2022-03-23 19:05:20,702] {dag.py:2935} INFO - Setting next_dagrun for example_trigger_target_dag to None
[2022-03-23 19:05:20,721] {processor.py:171} INFO - Processing /home/airflow/env/lib/python3.8/site-packages/airflow/example_dags/example_trigger_target_dag.py took 0.087 seconds
[2022-03-23 19:05:56,944] {processor.py:163} INFO - Started process (PID=9187) to work on /home/airflow/env/lib/python3.8/site-packages/airflow/example_dags/example_trigger_target_dag.py
[2022-03-23 19:05:56,945] {processor.py:642} INFO - Processing file /home/airflow/env/lib/python3.8/site-packages/airflow/example_dags/example_trigger_target_dag.py for tasks to queue
[2022-03-23 19:05:56,945] {logging_mixin.py:109} INFO - [2022-03-23 19:05:56,945] {dagbag.py:500} INFO - Filling up the DagBag from /home/airflow/env/lib/python3.8/site-packages/airflow/example_dags/example_trigger_target_dag.py
[2022-03-23 19:05:56,965] {processor.py:654} INFO - DAG(s) dict_keys(['example_trigger_target_dag']) retrieved from /home/airflow/env/lib/python3.8/site-packages/airflow/example_dags/example_trigger_target_dag.py
[2022-03-23 19:05:56,972] {logging_mixin.py:109} INFO - [2022-03-23 19:05:56,972] {dag.py:2396} INFO - Sync 1 DAGs
[2022-03-23 19:05:56,984] {logging_mixin.py:109} INFO - [2022-03-23 19:05:56,984] {dag.py:2935} INFO - Setting next_dagrun for example_trigger_target_dag to None
[2022-03-23 19:05:56,996] {processor.py:171} INFO - Processing /home/airflow/env/lib/python3.8/site-packages/airflow/example_dags/example_trigger_target_dag.py took 0.056 seconds
[2022-03-23 19:06:31,366] {processor.py:163} INFO - Started process (PID=9223) to work on /home/airflow/env/lib/python3.8/site-packages/airflow/example_dags/example_trigger_target_dag.py
[2022-03-23 19:06:31,368] {processor.py:642} INFO - Processing file /home/airflow/env/lib/python3.8/site-packages/airflow/example_dags/example_trigger_target_dag.py for tasks to queue
[2022-03-23 19:06:31,368] {logging_mixin.py:109} INFO - [2022-03-23 19:06:31,368] {dagbag.py:500} INFO - Filling up the DagBag from /home/airflow/env/lib/python3.8/site-packages/airflow/example_dags/example_trigger_target_dag.py
[2022-03-23 19:06:31,389] {processor.py:654} INFO - DAG(s) dict_keys(['example_trigger_target_dag']) retrieved from /home/airflow/env/lib/python3.8/site-packages/airflow/example_dags/example_trigger_target_dag.py
[2022-03-23 19:06:31,398] {logging_mixin.py:109} INFO - [2022-03-23 19:06:31,398] {dag.py:2396} INFO - Sync 1 DAGs
[2022-03-23 19:06:31,410] {logging_mixin.py:109} INFO - [2022-03-23 19:06:31,410] {dag.py:2935} INFO - Setting next_dagrun for example_trigger_target_dag to None
[2022-03-23 19:06:31,426] {processor.py:171} INFO - Processing /home/airflow/env/lib/python3.8/site-packages/airflow/example_dags/example_trigger_target_dag.py took 0.063 seconds
[2022-03-23 19:07:06,009] {processor.py:163} INFO - Started process (PID=9256) to work on /home/airflow/env/lib/python3.8/site-packages/airflow/example_dags/example_trigger_target_dag.py
[2022-03-23 19:07:06,010] {processor.py:642} INFO - Processing file /home/airflow/env/lib/python3.8/site-packages/airflow/example_dags/example_trigger_target_dag.py for tasks to queue
[2022-03-23 19:07:06,011] {logging_mixin.py:109} INFO - [2022-03-23 19:07:06,010] {dagbag.py:500} INFO - Filling up the DagBag from /home/airflow/env/lib/python3.8/site-packages/airflow/example_dags/example_trigger_target_dag.py
[2022-03-23 19:07:06,037] {processor.py:654} INFO - DAG(s) dict_keys(['example_trigger_target_dag']) retrieved from /home/airflow/env/lib/python3.8/site-packages/airflow/example_dags/example_trigger_target_dag.py
[2022-03-23 19:07:06,046] {logging_mixin.py:109} INFO - [2022-03-23 19:07:06,045] {dag.py:2396} INFO - Sync 1 DAGs
[2022-03-23 19:07:06,056] {logging_mixin.py:109} INFO - [2022-03-23 19:07:06,056] {dag.py:2935} INFO - Setting next_dagrun for example_trigger_target_dag to None
[2022-03-23 19:07:06,074] {processor.py:171} INFO - Processing /home/airflow/env/lib/python3.8/site-packages/airflow/example_dags/example_trigger_target_dag.py took 0.067 seconds
[2022-03-23 19:07:38,051] {processor.py:163} INFO - Started process (PID=9288) to work on /home/airflow/env/lib/python3.8/site-packages/airflow/example_dags/example_trigger_target_dag.py
[2022-03-23 19:07:38,052] {processor.py:642} INFO - Processing file /home/airflow/env/lib/python3.8/site-packages/airflow/example_dags/example_trigger_target_dag.py for tasks to queue
[2022-03-23 19:07:38,052] {logging_mixin.py:109} INFO - [2022-03-23 19:07:38,052] {dagbag.py:500} INFO - Filling up the DagBag from /home/airflow/env/lib/python3.8/site-packages/airflow/example_dags/example_trigger_target_dag.py
[2022-03-23 19:07:38,072] {processor.py:654} INFO - DAG(s) dict_keys(['example_trigger_target_dag']) retrieved from /home/airflow/env/lib/python3.8/site-packages/airflow/example_dags/example_trigger_target_dag.py
[2022-03-23 19:07:38,080] {logging_mixin.py:109} INFO - [2022-03-23 19:07:38,080] {dag.py:2396} INFO - Sync 1 DAGs
[2022-03-23 19:07:38,091] {logging_mixin.py:109} INFO - [2022-03-23 19:07:38,091] {dag.py:2935} INFO - Setting next_dagrun for example_trigger_target_dag to None
[2022-03-23 19:07:38,108] {processor.py:171} INFO - Processing /home/airflow/env/lib/python3.8/site-packages/airflow/example_dags/example_trigger_target_dag.py took 0.059 seconds
[2022-03-23 19:08:09,479] {processor.py:163} INFO - Started process (PID=9319) to work on /home/airflow/env/lib/python3.8/site-packages/airflow/example_dags/example_trigger_target_dag.py
[2022-03-23 19:08:09,480] {processor.py:642} INFO - Processing file /home/airflow/env/lib/python3.8/site-packages/airflow/example_dags/example_trigger_target_dag.py for tasks to queue
[2022-03-23 19:08:09,481] {logging_mixin.py:109} INFO - [2022-03-23 19:08:09,481] {dagbag.py:500} INFO - Filling up the DagBag from /home/airflow/env/lib/python3.8/site-packages/airflow/example_dags/example_trigger_target_dag.py
[2022-03-23 19:08:09,501] {processor.py:654} INFO - DAG(s) dict_keys(['example_trigger_target_dag']) retrieved from /home/airflow/env/lib/python3.8/site-packages/airflow/example_dags/example_trigger_target_dag.py
[2022-03-23 19:08:09,509] {logging_mixin.py:109} INFO - [2022-03-23 19:08:09,509] {dag.py:2396} INFO - Sync 1 DAGs
[2022-03-23 19:08:09,520] {logging_mixin.py:109} INFO - [2022-03-23 19:08:09,520] {dag.py:2935} INFO - Setting next_dagrun for example_trigger_target_dag to None
[2022-03-23 19:08:09,537] {processor.py:171} INFO - Processing /home/airflow/env/lib/python3.8/site-packages/airflow/example_dags/example_trigger_target_dag.py took 0.062 seconds
[2022-03-23 19:08:43,434] {processor.py:163} INFO - Started process (PID=9352) to work on /home/airflow/env/lib/python3.8/site-packages/airflow/example_dags/example_trigger_target_dag.py
[2022-03-23 19:08:43,436] {processor.py:642} INFO - Processing file /home/airflow/env/lib/python3.8/site-packages/airflow/example_dags/example_trigger_target_dag.py for tasks to queue
[2022-03-23 19:08:43,436] {logging_mixin.py:109} INFO - [2022-03-23 19:08:43,436] {dagbag.py:500} INFO - Filling up the DagBag from /home/airflow/env/lib/python3.8/site-packages/airflow/example_dags/example_trigger_target_dag.py
[2022-03-23 19:08:43,461] {processor.py:654} INFO - DAG(s) dict_keys(['example_trigger_target_dag']) retrieved from /home/airflow/env/lib/python3.8/site-packages/airflow/example_dags/example_trigger_target_dag.py
[2022-03-23 19:08:43,471] {logging_mixin.py:109} INFO - [2022-03-23 19:08:43,471] {dag.py:2396} INFO - Sync 1 DAGs
[2022-03-23 19:08:43,484] {logging_mixin.py:109} INFO - [2022-03-23 19:08:43,484] {dag.py:2935} INFO - Setting next_dagrun for example_trigger_target_dag to None
[2022-03-23 19:08:43,503] {processor.py:171} INFO - Processing /home/airflow/env/lib/python3.8/site-packages/airflow/example_dags/example_trigger_target_dag.py took 0.072 seconds
[2022-03-23 19:09:19,397] {processor.py:163} INFO - Started process (PID=9384) to work on /home/airflow/env/lib/python3.8/site-packages/airflow/example_dags/example_trigger_target_dag.py
[2022-03-23 19:09:19,398] {processor.py:642} INFO - Processing file /home/airflow/env/lib/python3.8/site-packages/airflow/example_dags/example_trigger_target_dag.py for tasks to queue
[2022-03-23 19:09:19,399] {logging_mixin.py:109} INFO - [2022-03-23 19:09:19,399] {dagbag.py:500} INFO - Filling up the DagBag from /home/airflow/env/lib/python3.8/site-packages/airflow/example_dags/example_trigger_target_dag.py
[2022-03-23 19:09:19,419] {processor.py:654} INFO - DAG(s) dict_keys(['example_trigger_target_dag']) retrieved from /home/airflow/env/lib/python3.8/site-packages/airflow/example_dags/example_trigger_target_dag.py
[2022-03-23 19:09:19,428] {logging_mixin.py:109} INFO - [2022-03-23 19:09:19,427] {dag.py:2396} INFO - Sync 1 DAGs
[2022-03-23 19:09:19,439] {logging_mixin.py:109} INFO - [2022-03-23 19:09:19,439] {dag.py:2935} INFO - Setting next_dagrun for example_trigger_target_dag to None
[2022-03-23 19:09:19,457] {processor.py:171} INFO - Processing /home/airflow/env/lib/python3.8/site-packages/airflow/example_dags/example_trigger_target_dag.py took 0.062 seconds
[2022-03-23 19:09:54,071] {processor.py:163} INFO - Started process (PID=9416) to work on /home/airflow/env/lib/python3.8/site-packages/airflow/example_dags/example_trigger_target_dag.py
[2022-03-23 19:09:54,073] {processor.py:642} INFO - Processing file /home/airflow/env/lib/python3.8/site-packages/airflow/example_dags/example_trigger_target_dag.py for tasks to queue
[2022-03-23 19:09:54,073] {logging_mixin.py:109} INFO - [2022-03-23 19:09:54,073] {dagbag.py:500} INFO - Filling up the DagBag from /home/airflow/env/lib/python3.8/site-packages/airflow/example_dags/example_trigger_target_dag.py
[2022-03-23 19:09:54,095] {processor.py:654} INFO - DAG(s) dict_keys(['example_trigger_target_dag']) retrieved from /home/airflow/env/lib/python3.8/site-packages/airflow/example_dags/example_trigger_target_dag.py
[2022-03-23 19:09:54,104] {logging_mixin.py:109} INFO - [2022-03-23 19:09:54,104] {dag.py:2396} INFO - Sync 1 DAGs
[2022-03-23 19:09:54,116] {logging_mixin.py:109} INFO - [2022-03-23 19:09:54,116] {dag.py:2935} INFO - Setting next_dagrun for example_trigger_target_dag to None
[2022-03-23 19:09:54,140] {processor.py:171} INFO - Processing /home/airflow/env/lib/python3.8/site-packages/airflow/example_dags/example_trigger_target_dag.py took 0.072 seconds
[2022-03-23 19:10:25,722] {processor.py:163} INFO - Started process (PID=9448) to work on /home/airflow/env/lib/python3.8/site-packages/airflow/example_dags/example_trigger_target_dag.py
[2022-03-23 19:10:25,723] {processor.py:642} INFO - Processing file /home/airflow/env/lib/python3.8/site-packages/airflow/example_dags/example_trigger_target_dag.py for tasks to queue
[2022-03-23 19:10:25,724] {logging_mixin.py:109} INFO - [2022-03-23 19:10:25,724] {dagbag.py:500} INFO - Filling up the DagBag from /home/airflow/env/lib/python3.8/site-packages/airflow/example_dags/example_trigger_target_dag.py
[2022-03-23 19:10:25,745] {processor.py:654} INFO - DAG(s) dict_keys(['example_trigger_target_dag']) retrieved from /home/airflow/env/lib/python3.8/site-packages/airflow/example_dags/example_trigger_target_dag.py
[2022-03-23 19:10:25,754] {logging_mixin.py:109} INFO - [2022-03-23 19:10:25,754] {dag.py:2396} INFO - Sync 1 DAGs
[2022-03-23 19:10:25,764] {logging_mixin.py:109} INFO - [2022-03-23 19:10:25,764] {dag.py:2935} INFO - Setting next_dagrun for example_trigger_target_dag to None
[2022-03-23 19:10:25,783] {processor.py:171} INFO - Processing /home/airflow/env/lib/python3.8/site-packages/airflow/example_dags/example_trigger_target_dag.py took 0.064 seconds
[2022-03-23 19:11:02,427] {processor.py:163} INFO - Started process (PID=9539) to work on /home/airflow/env/lib/python3.8/site-packages/airflow/example_dags/example_trigger_target_dag.py
[2022-03-23 19:11:02,429] {processor.py:642} INFO - Processing file /home/airflow/env/lib/python3.8/site-packages/airflow/example_dags/example_trigger_target_dag.py for tasks to queue
[2022-03-23 19:11:02,429] {logging_mixin.py:109} INFO - [2022-03-23 19:11:02,429] {dagbag.py:500} INFO - Filling up the DagBag from /home/airflow/env/lib/python3.8/site-packages/airflow/example_dags/example_trigger_target_dag.py
[2022-03-23 19:11:02,453] {processor.py:654} INFO - DAG(s) dict_keys(['example_trigger_target_dag']) retrieved from /home/airflow/env/lib/python3.8/site-packages/airflow/example_dags/example_trigger_target_dag.py
[2022-03-23 19:11:02,462] {logging_mixin.py:109} INFO - [2022-03-23 19:11:02,462] {dag.py:2396} INFO - Sync 1 DAGs
[2022-03-23 19:11:02,474] {logging_mixin.py:109} INFO - [2022-03-23 19:11:02,474] {dag.py:2935} INFO - Setting next_dagrun for example_trigger_target_dag to None
[2022-03-23 19:11:02,491] {processor.py:171} INFO - Processing /home/airflow/env/lib/python3.8/site-packages/airflow/example_dags/example_trigger_target_dag.py took 0.067 seconds
[2022-03-23 19:11:36,393] {processor.py:163} INFO - Started process (PID=9573) to work on /home/airflow/env/lib/python3.8/site-packages/airflow/example_dags/example_trigger_target_dag.py
[2022-03-23 19:11:36,394] {processor.py:642} INFO - Processing file /home/airflow/env/lib/python3.8/site-packages/airflow/example_dags/example_trigger_target_dag.py for tasks to queue
[2022-03-23 19:11:36,395] {logging_mixin.py:109} INFO - [2022-03-23 19:11:36,395] {dagbag.py:500} INFO - Filling up the DagBag from /home/airflow/env/lib/python3.8/site-packages/airflow/example_dags/example_trigger_target_dag.py
[2022-03-23 19:11:36,417] {processor.py:654} INFO - DAG(s) dict_keys(['example_trigger_target_dag']) retrieved from /home/airflow/env/lib/python3.8/site-packages/airflow/example_dags/example_trigger_target_dag.py
[2022-03-23 19:11:36,427] {logging_mixin.py:109} INFO - [2022-03-23 19:11:36,426] {dag.py:2396} INFO - Sync 1 DAGs
[2022-03-23 19:11:36,439] {logging_mixin.py:109} INFO - [2022-03-23 19:11:36,438] {dag.py:2935} INFO - Setting next_dagrun for example_trigger_target_dag to None
[2022-03-23 19:11:36,454] {processor.py:171} INFO - Processing /home/airflow/env/lib/python3.8/site-packages/airflow/example_dags/example_trigger_target_dag.py took 0.064 seconds
[2022-03-23 19:12:10,199] {processor.py:163} INFO - Started process (PID=9657) to work on /home/airflow/env/lib/python3.8/site-packages/airflow/example_dags/example_trigger_target_dag.py
[2022-03-23 19:12:10,200] {processor.py:642} INFO - Processing file /home/airflow/env/lib/python3.8/site-packages/airflow/example_dags/example_trigger_target_dag.py for tasks to queue
[2022-03-23 19:12:10,200] {logging_mixin.py:109} INFO - [2022-03-23 19:12:10,200] {dagbag.py:500} INFO - Filling up the DagBag from /home/airflow/env/lib/python3.8/site-packages/airflow/example_dags/example_trigger_target_dag.py
[2022-03-23 19:12:10,220] {processor.py:654} INFO - DAG(s) dict_keys(['example_trigger_target_dag']) retrieved from /home/airflow/env/lib/python3.8/site-packages/airflow/example_dags/example_trigger_target_dag.py
[2022-03-23 19:12:10,228] {logging_mixin.py:109} INFO - [2022-03-23 19:12:10,228] {dag.py:2396} INFO - Sync 1 DAGs
[2022-03-23 19:12:10,239] {logging_mixin.py:109} INFO - [2022-03-23 19:12:10,239] {dag.py:2935} INFO - Setting next_dagrun for example_trigger_target_dag to None
[2022-03-23 19:12:10,258] {processor.py:171} INFO - Processing /home/airflow/env/lib/python3.8/site-packages/airflow/example_dags/example_trigger_target_dag.py took 0.062 seconds
[2022-03-23 19:12:43,112] {processor.py:163} INFO - Started process (PID=9769) to work on /home/airflow/env/lib/python3.8/site-packages/airflow/example_dags/example_trigger_target_dag.py
[2022-03-23 19:12:43,114] {processor.py:642} INFO - Processing file /home/airflow/env/lib/python3.8/site-packages/airflow/example_dags/example_trigger_target_dag.py for tasks to queue
[2022-03-23 19:12:43,114] {logging_mixin.py:109} INFO - [2022-03-23 19:12:43,114] {dagbag.py:500} INFO - Filling up the DagBag from /home/airflow/env/lib/python3.8/site-packages/airflow/example_dags/example_trigger_target_dag.py
[2022-03-23 19:12:43,135] {processor.py:654} INFO - DAG(s) dict_keys(['example_trigger_target_dag']) retrieved from /home/airflow/env/lib/python3.8/site-packages/airflow/example_dags/example_trigger_target_dag.py
[2022-03-23 19:12:43,144] {logging_mixin.py:109} INFO - [2022-03-23 19:12:43,144] {dag.py:2396} INFO - Sync 1 DAGs
[2022-03-23 19:12:43,154] {logging_mixin.py:109} INFO - [2022-03-23 19:12:43,154] {dag.py:2935} INFO - Setting next_dagrun for example_trigger_target_dag to None
[2022-03-23 19:12:43,175] {processor.py:171} INFO - Processing /home/airflow/env/lib/python3.8/site-packages/airflow/example_dags/example_trigger_target_dag.py took 0.065 seconds
[2022-03-23 19:13:15,497] {processor.py:163} INFO - Started process (PID=9962) to work on /home/airflow/env/lib/python3.8/site-packages/airflow/example_dags/example_trigger_target_dag.py
[2022-03-23 19:13:15,501] {processor.py:642} INFO - Processing file /home/airflow/env/lib/python3.8/site-packages/airflow/example_dags/example_trigger_target_dag.py for tasks to queue
[2022-03-23 19:13:15,508] {logging_mixin.py:109} INFO - [2022-03-23 19:13:15,507] {dagbag.py:500} INFO - Filling up the DagBag from /home/airflow/env/lib/python3.8/site-packages/airflow/example_dags/example_trigger_target_dag.py
[2022-03-23 19:13:15,605] {processor.py:654} INFO - DAG(s) dict_keys(['example_trigger_target_dag']) retrieved from /home/airflow/env/lib/python3.8/site-packages/airflow/example_dags/example_trigger_target_dag.py
[2022-03-23 19:13:15,639] {logging_mixin.py:109} INFO - [2022-03-23 19:13:15,639] {dag.py:2396} INFO - Sync 1 DAGs
[2022-03-23 19:13:15,678] {logging_mixin.py:109} INFO - [2022-03-23 19:13:15,678] {dag.py:2935} INFO - Setting next_dagrun for example_trigger_target_dag to None
[2022-03-23 19:13:15,706] {processor.py:171} INFO - Processing /home/airflow/env/lib/python3.8/site-packages/airflow/example_dags/example_trigger_target_dag.py took 0.219 seconds
[2022-03-23 19:13:48,059] {processor.py:163} INFO - Started process (PID=10087) to work on /home/airflow/env/lib/python3.8/site-packages/airflow/example_dags/example_trigger_target_dag.py
[2022-03-23 19:13:48,061] {processor.py:642} INFO - Processing file /home/airflow/env/lib/python3.8/site-packages/airflow/example_dags/example_trigger_target_dag.py for tasks to queue
[2022-03-23 19:13:48,062] {logging_mixin.py:109} INFO - [2022-03-23 19:13:48,062] {dagbag.py:500} INFO - Filling up the DagBag from /home/airflow/env/lib/python3.8/site-packages/airflow/example_dags/example_trigger_target_dag.py
[2022-03-23 19:13:48,091] {processor.py:654} INFO - DAG(s) dict_keys(['example_trigger_target_dag']) retrieved from /home/airflow/env/lib/python3.8/site-packages/airflow/example_dags/example_trigger_target_dag.py
[2022-03-23 19:13:48,102] {logging_mixin.py:109} INFO - [2022-03-23 19:13:48,102] {dag.py:2396} INFO - Sync 1 DAGs
[2022-03-23 19:13:48,118] {logging_mixin.py:109} INFO - [2022-03-23 19:13:48,118] {dag.py:2935} INFO - Setting next_dagrun for example_trigger_target_dag to None
[2022-03-23 19:13:48,139] {processor.py:171} INFO - Processing /home/airflow/env/lib/python3.8/site-packages/airflow/example_dags/example_trigger_target_dag.py took 0.084 seconds
