[2022-03-23 18:36:01,483] {processor.py:163} INFO - Started process (PID=5170) to work on /home/airflow/env/lib/python3.8/site-packages/airflow/example_dags/example_branch_day_of_week_operator.py
[2022-03-23 18:36:01,485] {processor.py:642} INFO - Processing file /home/airflow/env/lib/python3.8/site-packages/airflow/example_dags/example_branch_day_of_week_operator.py for tasks to queue
[2022-03-23 18:36:01,485] {logging_mixin.py:109} INFO - [2022-03-23 18:36:01,485] {dagbag.py:500} INFO - Filling up the DagBag from /home/airflow/env/lib/python3.8/site-packages/airflow/example_dags/example_branch_day_of_week_operator.py
[2022-03-23 18:36:01,504] {processor.py:654} INFO - DAG(s) dict_keys(['example_weekday_branch_operator']) retrieved from /home/airflow/env/lib/python3.8/site-packages/airflow/example_dags/example_branch_day_of_week_operator.py
[2022-03-23 18:36:01,512] {logging_mixin.py:109} INFO - [2022-03-23 18:36:01,512] {dag.py:2396} INFO - Sync 1 DAGs
[2022-03-23 18:36:01,526] {logging_mixin.py:109} INFO - [2022-03-23 18:36:01,526] {dag.py:2935} INFO - Setting next_dagrun for example_weekday_branch_operator to 2022-03-22 00:00:00+00:00
[2022-03-23 18:36:01,543] {processor.py:171} INFO - Processing /home/airflow/env/lib/python3.8/site-packages/airflow/example_dags/example_branch_day_of_week_operator.py took 0.066 seconds
[2022-03-23 18:36:34,704] {processor.py:163} INFO - Started process (PID=5202) to work on /home/airflow/env/lib/python3.8/site-packages/airflow/example_dags/example_branch_day_of_week_operator.py
[2022-03-23 18:36:34,705] {processor.py:642} INFO - Processing file /home/airflow/env/lib/python3.8/site-packages/airflow/example_dags/example_branch_day_of_week_operator.py for tasks to queue
[2022-03-23 18:36:34,706] {logging_mixin.py:109} INFO - [2022-03-23 18:36:34,706] {dagbag.py:500} INFO - Filling up the DagBag from /home/airflow/env/lib/python3.8/site-packages/airflow/example_dags/example_branch_day_of_week_operator.py
[2022-03-23 18:36:34,751] {processor.py:654} INFO - DAG(s) dict_keys(['example_weekday_branch_operator']) retrieved from /home/airflow/env/lib/python3.8/site-packages/airflow/example_dags/example_branch_day_of_week_operator.py
[2022-03-23 18:36:34,855] {logging_mixin.py:109} INFO - [2022-03-23 18:36:34,855] {dag.py:2396} INFO - Sync 1 DAGs
[2022-03-23 18:36:34,896] {logging_mixin.py:109} INFO - [2022-03-23 18:36:34,896] {dag.py:2935} INFO - Setting next_dagrun for example_weekday_branch_operator to 2022-03-22 00:00:00+00:00
[2022-03-23 18:36:34,922] {processor.py:171} INFO - Processing /home/airflow/env/lib/python3.8/site-packages/airflow/example_dags/example_branch_day_of_week_operator.py took 0.220 seconds
[2022-03-23 18:37:09,753] {processor.py:163} INFO - Started process (PID=5356) to work on /home/airflow/env/lib/python3.8/site-packages/airflow/example_dags/example_branch_day_of_week_operator.py
[2022-03-23 18:37:09,755] {processor.py:642} INFO - Processing file /home/airflow/env/lib/python3.8/site-packages/airflow/example_dags/example_branch_day_of_week_operator.py for tasks to queue
[2022-03-23 18:37:09,755] {logging_mixin.py:109} INFO - [2022-03-23 18:37:09,755] {dagbag.py:500} INFO - Filling up the DagBag from /home/airflow/env/lib/python3.8/site-packages/airflow/example_dags/example_branch_day_of_week_operator.py
[2022-03-23 18:37:09,775] {processor.py:654} INFO - DAG(s) dict_keys(['example_weekday_branch_operator']) retrieved from /home/airflow/env/lib/python3.8/site-packages/airflow/example_dags/example_branch_day_of_week_operator.py
[2022-03-23 18:37:09,784] {logging_mixin.py:109} INFO - [2022-03-23 18:37:09,784] {dag.py:2396} INFO - Sync 1 DAGs
[2022-03-23 18:37:09,796] {logging_mixin.py:109} INFO - [2022-03-23 18:37:09,796] {dag.py:2935} INFO - Setting next_dagrun for example_weekday_branch_operator to 2022-03-22 00:00:00+00:00
[2022-03-23 18:37:09,813] {processor.py:171} INFO - Processing /home/airflow/env/lib/python3.8/site-packages/airflow/example_dags/example_branch_day_of_week_operator.py took 0.063 seconds
[2022-03-23 18:37:47,797] {processor.py:163} INFO - Started process (PID=5397) to work on /home/airflow/env/lib/python3.8/site-packages/airflow/example_dags/example_branch_day_of_week_operator.py
[2022-03-23 18:37:47,799] {processor.py:642} INFO - Processing file /home/airflow/env/lib/python3.8/site-packages/airflow/example_dags/example_branch_day_of_week_operator.py for tasks to queue
[2022-03-23 18:37:47,799] {logging_mixin.py:109} INFO - [2022-03-23 18:37:47,799] {dagbag.py:500} INFO - Filling up the DagBag from /home/airflow/env/lib/python3.8/site-packages/airflow/example_dags/example_branch_day_of_week_operator.py
[2022-03-23 18:37:47,817] {processor.py:654} INFO - DAG(s) dict_keys(['example_weekday_branch_operator']) retrieved from /home/airflow/env/lib/python3.8/site-packages/airflow/example_dags/example_branch_day_of_week_operator.py
[2022-03-23 18:37:47,827] {logging_mixin.py:109} INFO - [2022-03-23 18:37:47,827] {dag.py:2396} INFO - Sync 1 DAGs
[2022-03-23 18:37:47,839] {logging_mixin.py:109} INFO - [2022-03-23 18:37:47,839] {dag.py:2935} INFO - Setting next_dagrun for example_weekday_branch_operator to 2022-03-22 00:00:00+00:00
[2022-03-23 18:37:47,858] {processor.py:171} INFO - Processing /home/airflow/env/lib/python3.8/site-packages/airflow/example_dags/example_branch_day_of_week_operator.py took 0.063 seconds
[2022-03-23 18:38:22,495] {processor.py:163} INFO - Started process (PID=5487) to work on /home/airflow/env/lib/python3.8/site-packages/airflow/example_dags/example_branch_day_of_week_operator.py
[2022-03-23 18:38:22,496] {processor.py:642} INFO - Processing file /home/airflow/env/lib/python3.8/site-packages/airflow/example_dags/example_branch_day_of_week_operator.py for tasks to queue
[2022-03-23 18:38:22,497] {logging_mixin.py:109} INFO - [2022-03-23 18:38:22,497] {dagbag.py:500} INFO - Filling up the DagBag from /home/airflow/env/lib/python3.8/site-packages/airflow/example_dags/example_branch_day_of_week_operator.py
[2022-03-23 18:38:22,532] {processor.py:654} INFO - DAG(s) dict_keys(['example_weekday_branch_operator']) retrieved from /home/airflow/env/lib/python3.8/site-packages/airflow/example_dags/example_branch_day_of_week_operator.py
[2022-03-23 18:38:22,546] {logging_mixin.py:109} INFO - [2022-03-23 18:38:22,546] {dag.py:2396} INFO - Sync 1 DAGs
[2022-03-23 18:38:22,572] {logging_mixin.py:109} INFO - [2022-03-23 18:38:22,572] {dag.py:2935} INFO - Setting next_dagrun for example_weekday_branch_operator to 2022-03-22 00:00:00+00:00
[2022-03-23 18:38:22,594] {processor.py:171} INFO - Processing /home/airflow/env/lib/python3.8/site-packages/airflow/example_dags/example_branch_day_of_week_operator.py took 0.105 seconds
[2022-03-23 18:38:59,763] {processor.py:163} INFO - Started process (PID=5520) to work on /home/airflow/env/lib/python3.8/site-packages/airflow/example_dags/example_branch_day_of_week_operator.py
[2022-03-23 18:38:59,774] {processor.py:642} INFO - Processing file /home/airflow/env/lib/python3.8/site-packages/airflow/example_dags/example_branch_day_of_week_operator.py for tasks to queue
[2022-03-23 18:38:59,782] {logging_mixin.py:109} INFO - [2022-03-23 18:38:59,782] {dagbag.py:500} INFO - Filling up the DagBag from /home/airflow/env/lib/python3.8/site-packages/airflow/example_dags/example_branch_day_of_week_operator.py
[2022-03-23 18:38:59,908] {processor.py:654} INFO - DAG(s) dict_keys(['example_weekday_branch_operator']) retrieved from /home/airflow/env/lib/python3.8/site-packages/airflow/example_dags/example_branch_day_of_week_operator.py
[2022-03-23 18:38:59,951] {logging_mixin.py:109} INFO - [2022-03-23 18:38:59,951] {dag.py:2396} INFO - Sync 1 DAGs
[2022-03-23 18:38:59,996] {logging_mixin.py:109} INFO - [2022-03-23 18:38:59,996] {dag.py:2935} INFO - Setting next_dagrun for example_weekday_branch_operator to 2022-03-22 00:00:00+00:00
[2022-03-23 18:39:00,027] {processor.py:171} INFO - Processing /home/airflow/env/lib/python3.8/site-packages/airflow/example_dags/example_branch_day_of_week_operator.py took 0.278 seconds
[2022-03-23 18:39:50,149] {processor.py:163} INFO - Started process (PID=5706) to work on /home/airflow/env/lib/python3.8/site-packages/airflow/example_dags/example_branch_day_of_week_operator.py
[2022-03-23 18:39:50,155] {processor.py:642} INFO - Processing file /home/airflow/env/lib/python3.8/site-packages/airflow/example_dags/example_branch_day_of_week_operator.py for tasks to queue
[2022-03-23 18:39:50,155] {logging_mixin.py:109} INFO - [2022-03-23 18:39:50,155] {dagbag.py:500} INFO - Filling up the DagBag from /home/airflow/env/lib/python3.8/site-packages/airflow/example_dags/example_branch_day_of_week_operator.py
[2022-03-23 18:39:50,175] {processor.py:654} INFO - DAG(s) dict_keys(['example_weekday_branch_operator']) retrieved from /home/airflow/env/lib/python3.8/site-packages/airflow/example_dags/example_branch_day_of_week_operator.py
[2022-03-23 18:39:50,184] {logging_mixin.py:109} INFO - [2022-03-23 18:39:50,184] {dag.py:2396} INFO - Sync 1 DAGs
[2022-03-23 18:39:50,198] {logging_mixin.py:109} INFO - [2022-03-23 18:39:50,198] {dag.py:2935} INFO - Setting next_dagrun for example_weekday_branch_operator to 2022-03-22 00:00:00+00:00
[2022-03-23 18:39:50,210] {processor.py:171} INFO - Processing /home/airflow/env/lib/python3.8/site-packages/airflow/example_dags/example_branch_day_of_week_operator.py took 0.065 seconds
[2022-03-23 18:40:29,615] {processor.py:163} INFO - Started process (PID=5813) to work on /home/airflow/env/lib/python3.8/site-packages/airflow/example_dags/example_branch_day_of_week_operator.py
[2022-03-23 18:40:29,616] {processor.py:642} INFO - Processing file /home/airflow/env/lib/python3.8/site-packages/airflow/example_dags/example_branch_day_of_week_operator.py for tasks to queue
[2022-03-23 18:40:29,617] {logging_mixin.py:109} INFO - [2022-03-23 18:40:29,617] {dagbag.py:500} INFO - Filling up the DagBag from /home/airflow/env/lib/python3.8/site-packages/airflow/example_dags/example_branch_day_of_week_operator.py
[2022-03-23 18:40:29,643] {processor.py:654} INFO - DAG(s) dict_keys(['example_weekday_branch_operator']) retrieved from /home/airflow/env/lib/python3.8/site-packages/airflow/example_dags/example_branch_day_of_week_operator.py
[2022-03-23 18:40:29,654] {logging_mixin.py:109} INFO - [2022-03-23 18:40:29,654] {dag.py:2396} INFO - Sync 1 DAGs
[2022-03-23 18:40:29,668] {logging_mixin.py:109} INFO - [2022-03-23 18:40:29,668] {dag.py:2935} INFO - Setting next_dagrun for example_weekday_branch_operator to 2022-03-22 00:00:00+00:00
[2022-03-23 18:40:29,686] {processor.py:171} INFO - Processing /home/airflow/env/lib/python3.8/site-packages/airflow/example_dags/example_branch_day_of_week_operator.py took 0.075 seconds
[2022-03-23 18:41:04,440] {processor.py:163} INFO - Started process (PID=5976) to work on /home/airflow/env/lib/python3.8/site-packages/airflow/example_dags/example_branch_day_of_week_operator.py
[2022-03-23 18:41:04,442] {processor.py:642} INFO - Processing file /home/airflow/env/lib/python3.8/site-packages/airflow/example_dags/example_branch_day_of_week_operator.py for tasks to queue
[2022-03-23 18:41:04,442] {logging_mixin.py:109} INFO - [2022-03-23 18:41:04,442] {dagbag.py:500} INFO - Filling up the DagBag from /home/airflow/env/lib/python3.8/site-packages/airflow/example_dags/example_branch_day_of_week_operator.py
[2022-03-23 18:41:04,461] {processor.py:654} INFO - DAG(s) dict_keys(['example_weekday_branch_operator']) retrieved from /home/airflow/env/lib/python3.8/site-packages/airflow/example_dags/example_branch_day_of_week_operator.py
[2022-03-23 18:41:04,468] {logging_mixin.py:109} INFO - [2022-03-23 18:41:04,468] {dag.py:2396} INFO - Sync 1 DAGs
[2022-03-23 18:41:04,482] {logging_mixin.py:109} INFO - [2022-03-23 18:41:04,482] {dag.py:2935} INFO - Setting next_dagrun for example_weekday_branch_operator to 2022-03-22 00:00:00+00:00
[2022-03-23 18:41:04,502] {processor.py:171} INFO - Processing /home/airflow/env/lib/python3.8/site-packages/airflow/example_dags/example_branch_day_of_week_operator.py took 0.064 seconds
[2022-03-23 18:41:47,060] {processor.py:163} INFO - Started process (PID=6162) to work on /home/airflow/env/lib/python3.8/site-packages/airflow/example_dags/example_branch_day_of_week_operator.py
[2022-03-23 18:41:47,078] {processor.py:642} INFO - Processing file /home/airflow/env/lib/python3.8/site-packages/airflow/example_dags/example_branch_day_of_week_operator.py for tasks to queue
[2022-03-23 18:41:47,078] {logging_mixin.py:109} INFO - [2022-03-23 18:41:47,078] {dagbag.py:500} INFO - Filling up the DagBag from /home/airflow/env/lib/python3.8/site-packages/airflow/example_dags/example_branch_day_of_week_operator.py
[2022-03-23 18:41:47,194] {processor.py:654} INFO - DAG(s) dict_keys(['example_weekday_branch_operator']) retrieved from /home/airflow/env/lib/python3.8/site-packages/airflow/example_dags/example_branch_day_of_week_operator.py
[2022-03-23 18:41:47,236] {logging_mixin.py:109} INFO - [2022-03-23 18:41:47,236] {dag.py:2396} INFO - Sync 1 DAGs
[2022-03-23 18:41:47,335] {logging_mixin.py:109} INFO - [2022-03-23 18:41:47,335] {dag.py:2935} INFO - Setting next_dagrun for example_weekday_branch_operator to 2022-03-22 00:00:00+00:00
[2022-03-23 18:41:47,375] {processor.py:171} INFO - Processing /home/airflow/env/lib/python3.8/site-packages/airflow/example_dags/example_branch_day_of_week_operator.py took 0.330 seconds
[2022-03-23 18:42:22,378] {processor.py:163} INFO - Started process (PID=6315) to work on /home/airflow/env/lib/python3.8/site-packages/airflow/example_dags/example_branch_day_of_week_operator.py
[2022-03-23 18:42:22,379] {processor.py:642} INFO - Processing file /home/airflow/env/lib/python3.8/site-packages/airflow/example_dags/example_branch_day_of_week_operator.py for tasks to queue
[2022-03-23 18:42:22,380] {logging_mixin.py:109} INFO - [2022-03-23 18:42:22,380] {dagbag.py:500} INFO - Filling up the DagBag from /home/airflow/env/lib/python3.8/site-packages/airflow/example_dags/example_branch_day_of_week_operator.py
[2022-03-23 18:42:22,402] {processor.py:654} INFO - DAG(s) dict_keys(['example_weekday_branch_operator']) retrieved from /home/airflow/env/lib/python3.8/site-packages/airflow/example_dags/example_branch_day_of_week_operator.py
[2022-03-23 18:42:22,411] {logging_mixin.py:109} INFO - [2022-03-23 18:42:22,411] {dag.py:2396} INFO - Sync 1 DAGs
[2022-03-23 18:42:22,425] {logging_mixin.py:109} INFO - [2022-03-23 18:42:22,425] {dag.py:2935} INFO - Setting next_dagrun for example_weekday_branch_operator to 2022-03-22 00:00:00+00:00
[2022-03-23 18:42:22,444] {processor.py:171} INFO - Processing /home/airflow/env/lib/python3.8/site-packages/airflow/example_dags/example_branch_day_of_week_operator.py took 0.069 seconds
[2022-03-23 18:42:56,054] {processor.py:163} INFO - Started process (PID=6437) to work on /home/airflow/env/lib/python3.8/site-packages/airflow/example_dags/example_branch_day_of_week_operator.py
[2022-03-23 18:42:56,055] {processor.py:642} INFO - Processing file /home/airflow/env/lib/python3.8/site-packages/airflow/example_dags/example_branch_day_of_week_operator.py for tasks to queue
[2022-03-23 18:42:56,055] {logging_mixin.py:109} INFO - [2022-03-23 18:42:56,055] {dagbag.py:500} INFO - Filling up the DagBag from /home/airflow/env/lib/python3.8/site-packages/airflow/example_dags/example_branch_day_of_week_operator.py
[2022-03-23 18:42:56,074] {processor.py:654} INFO - DAG(s) dict_keys(['example_weekday_branch_operator']) retrieved from /home/airflow/env/lib/python3.8/site-packages/airflow/example_dags/example_branch_day_of_week_operator.py
[2022-03-23 18:42:56,082] {logging_mixin.py:109} INFO - [2022-03-23 18:42:56,082] {dag.py:2396} INFO - Sync 1 DAGs
[2022-03-23 18:42:56,095] {logging_mixin.py:109} INFO - [2022-03-23 18:42:56,095] {dag.py:2935} INFO - Setting next_dagrun for example_weekday_branch_operator to 2022-03-22 00:00:00+00:00
[2022-03-23 18:42:56,114] {processor.py:171} INFO - Processing /home/airflow/env/lib/python3.8/site-packages/airflow/example_dags/example_branch_day_of_week_operator.py took 0.063 seconds
[2022-03-23 18:43:28,657] {processor.py:163} INFO - Started process (PID=6471) to work on /home/airflow/env/lib/python3.8/site-packages/airflow/example_dags/example_branch_day_of_week_operator.py
[2022-03-23 18:43:28,658] {processor.py:642} INFO - Processing file /home/airflow/env/lib/python3.8/site-packages/airflow/example_dags/example_branch_day_of_week_operator.py for tasks to queue
[2022-03-23 18:43:28,658] {logging_mixin.py:109} INFO - [2022-03-23 18:43:28,658] {dagbag.py:500} INFO - Filling up the DagBag from /home/airflow/env/lib/python3.8/site-packages/airflow/example_dags/example_branch_day_of_week_operator.py
[2022-03-23 18:43:28,677] {processor.py:654} INFO - DAG(s) dict_keys(['example_weekday_branch_operator']) retrieved from /home/airflow/env/lib/python3.8/site-packages/airflow/example_dags/example_branch_day_of_week_operator.py
[2022-03-23 18:43:28,686] {logging_mixin.py:109} INFO - [2022-03-23 18:43:28,686] {dag.py:2396} INFO - Sync 1 DAGs
[2022-03-23 18:43:28,701] {logging_mixin.py:109} INFO - [2022-03-23 18:43:28,700] {dag.py:2935} INFO - Setting next_dagrun for example_weekday_branch_operator to 2022-03-22 00:00:00+00:00
[2022-03-23 18:43:28,724] {processor.py:171} INFO - Processing /home/airflow/env/lib/python3.8/site-packages/airflow/example_dags/example_branch_day_of_week_operator.py took 0.070 seconds
[2022-03-23 18:44:04,791] {processor.py:163} INFO - Started process (PID=6504) to work on /home/airflow/env/lib/python3.8/site-packages/airflow/example_dags/example_branch_day_of_week_operator.py
[2022-03-23 18:44:04,793] {processor.py:642} INFO - Processing file /home/airflow/env/lib/python3.8/site-packages/airflow/example_dags/example_branch_day_of_week_operator.py for tasks to queue
[2022-03-23 18:44:04,794] {logging_mixin.py:109} INFO - [2022-03-23 18:44:04,794] {dagbag.py:500} INFO - Filling up the DagBag from /home/airflow/env/lib/python3.8/site-packages/airflow/example_dags/example_branch_day_of_week_operator.py
[2022-03-23 18:44:04,817] {processor.py:654} INFO - DAG(s) dict_keys(['example_weekday_branch_operator']) retrieved from /home/airflow/env/lib/python3.8/site-packages/airflow/example_dags/example_branch_day_of_week_operator.py
[2022-03-23 18:44:04,830] {logging_mixin.py:109} INFO - [2022-03-23 18:44:04,830] {dag.py:2396} INFO - Sync 1 DAGs
[2022-03-23 18:44:04,849] {logging_mixin.py:109} INFO - [2022-03-23 18:44:04,849] {dag.py:2935} INFO - Setting next_dagrun for example_weekday_branch_operator to 2022-03-22 00:00:00+00:00
[2022-03-23 18:44:04,868] {processor.py:171} INFO - Processing /home/airflow/env/lib/python3.8/site-packages/airflow/example_dags/example_branch_day_of_week_operator.py took 0.083 seconds
[2022-03-23 18:44:40,988] {processor.py:163} INFO - Started process (PID=6537) to work on /home/airflow/env/lib/python3.8/site-packages/airflow/example_dags/example_branch_day_of_week_operator.py
[2022-03-23 18:44:40,995] {processor.py:642} INFO - Processing file /home/airflow/env/lib/python3.8/site-packages/airflow/example_dags/example_branch_day_of_week_operator.py for tasks to queue
[2022-03-23 18:44:40,995] {logging_mixin.py:109} INFO - [2022-03-23 18:44:40,995] {dagbag.py:500} INFO - Filling up the DagBag from /home/airflow/env/lib/python3.8/site-packages/airflow/example_dags/example_branch_day_of_week_operator.py
[2022-03-23 18:44:41,018] {processor.py:654} INFO - DAG(s) dict_keys(['example_weekday_branch_operator']) retrieved from /home/airflow/env/lib/python3.8/site-packages/airflow/example_dags/example_branch_day_of_week_operator.py
[2022-03-23 18:44:41,029] {logging_mixin.py:109} INFO - [2022-03-23 18:44:41,029] {dag.py:2396} INFO - Sync 1 DAGs
[2022-03-23 18:44:41,045] {logging_mixin.py:109} INFO - [2022-03-23 18:44:41,045] {dag.py:2935} INFO - Setting next_dagrun for example_weekday_branch_operator to 2022-03-22 00:00:00+00:00
[2022-03-23 18:44:41,062] {processor.py:171} INFO - Processing /home/airflow/env/lib/python3.8/site-packages/airflow/example_dags/example_branch_day_of_week_operator.py took 0.076 seconds
[2022-03-23 18:45:15,968] {processor.py:163} INFO - Started process (PID=6569) to work on /home/airflow/env/lib/python3.8/site-packages/airflow/example_dags/example_branch_day_of_week_operator.py
[2022-03-23 18:45:15,969] {processor.py:642} INFO - Processing file /home/airflow/env/lib/python3.8/site-packages/airflow/example_dags/example_branch_day_of_week_operator.py for tasks to queue
[2022-03-23 18:45:15,970] {logging_mixin.py:109} INFO - [2022-03-23 18:45:15,970] {dagbag.py:500} INFO - Filling up the DagBag from /home/airflow/env/lib/python3.8/site-packages/airflow/example_dags/example_branch_day_of_week_operator.py
[2022-03-23 18:45:15,987] {processor.py:654} INFO - DAG(s) dict_keys(['example_weekday_branch_operator']) retrieved from /home/airflow/env/lib/python3.8/site-packages/airflow/example_dags/example_branch_day_of_week_operator.py
[2022-03-23 18:45:15,996] {logging_mixin.py:109} INFO - [2022-03-23 18:45:15,996] {dag.py:2396} INFO - Sync 1 DAGs
[2022-03-23 18:45:16,015] {logging_mixin.py:109} INFO - [2022-03-23 18:45:16,015] {dag.py:2935} INFO - Setting next_dagrun for example_weekday_branch_operator to 2022-03-22 00:00:00+00:00
[2022-03-23 18:45:16,033] {processor.py:171} INFO - Processing /home/airflow/env/lib/python3.8/site-packages/airflow/example_dags/example_branch_day_of_week_operator.py took 0.068 seconds
[2022-03-23 18:45:51,156] {processor.py:163} INFO - Started process (PID=6656) to work on /home/airflow/env/lib/python3.8/site-packages/airflow/example_dags/example_branch_day_of_week_operator.py
[2022-03-23 18:45:51,158] {processor.py:642} INFO - Processing file /home/airflow/env/lib/python3.8/site-packages/airflow/example_dags/example_branch_day_of_week_operator.py for tasks to queue
[2022-03-23 18:45:51,158] {logging_mixin.py:109} INFO - [2022-03-23 18:45:51,158] {dagbag.py:500} INFO - Filling up the DagBag from /home/airflow/env/lib/python3.8/site-packages/airflow/example_dags/example_branch_day_of_week_operator.py
[2022-03-23 18:45:51,186] {processor.py:654} INFO - DAG(s) dict_keys(['example_weekday_branch_operator']) retrieved from /home/airflow/env/lib/python3.8/site-packages/airflow/example_dags/example_branch_day_of_week_operator.py
[2022-03-23 18:45:51,195] {logging_mixin.py:109} INFO - [2022-03-23 18:45:51,194] {dag.py:2396} INFO - Sync 1 DAGs
[2022-03-23 18:45:51,208] {logging_mixin.py:109} INFO - [2022-03-23 18:45:51,208] {dag.py:2935} INFO - Setting next_dagrun for example_weekday_branch_operator to 2022-03-22 00:00:00+00:00
[2022-03-23 18:45:51,237] {processor.py:171} INFO - Processing /home/airflow/env/lib/python3.8/site-packages/airflow/example_dags/example_branch_day_of_week_operator.py took 0.083 seconds
[2022-03-23 18:46:24,337] {processor.py:163} INFO - Started process (PID=6690) to work on /home/airflow/env/lib/python3.8/site-packages/airflow/example_dags/example_branch_day_of_week_operator.py
[2022-03-23 18:46:24,338] {processor.py:642} INFO - Processing file /home/airflow/env/lib/python3.8/site-packages/airflow/example_dags/example_branch_day_of_week_operator.py for tasks to queue
[2022-03-23 18:46:24,339] {logging_mixin.py:109} INFO - [2022-03-23 18:46:24,339] {dagbag.py:500} INFO - Filling up the DagBag from /home/airflow/env/lib/python3.8/site-packages/airflow/example_dags/example_branch_day_of_week_operator.py
[2022-03-23 18:46:24,359] {processor.py:654} INFO - DAG(s) dict_keys(['example_weekday_branch_operator']) retrieved from /home/airflow/env/lib/python3.8/site-packages/airflow/example_dags/example_branch_day_of_week_operator.py
[2022-03-23 18:46:24,369] {logging_mixin.py:109} INFO - [2022-03-23 18:46:24,369] {dag.py:2396} INFO - Sync 1 DAGs
[2022-03-23 18:46:24,382] {logging_mixin.py:109} INFO - [2022-03-23 18:46:24,382] {dag.py:2935} INFO - Setting next_dagrun for example_weekday_branch_operator to 2022-03-22 00:00:00+00:00
[2022-03-23 18:46:24,402] {processor.py:171} INFO - Processing /home/airflow/env/lib/python3.8/site-packages/airflow/example_dags/example_branch_day_of_week_operator.py took 0.068 seconds
[2022-03-23 18:46:59,170] {processor.py:163} INFO - Started process (PID=6723) to work on /home/airflow/env/lib/python3.8/site-packages/airflow/example_dags/example_branch_day_of_week_operator.py
[2022-03-23 18:46:59,171] {processor.py:642} INFO - Processing file /home/airflow/env/lib/python3.8/site-packages/airflow/example_dags/example_branch_day_of_week_operator.py for tasks to queue
[2022-03-23 18:46:59,171] {logging_mixin.py:109} INFO - [2022-03-23 18:46:59,171] {dagbag.py:500} INFO - Filling up the DagBag from /home/airflow/env/lib/python3.8/site-packages/airflow/example_dags/example_branch_day_of_week_operator.py
[2022-03-23 18:46:59,190] {processor.py:654} INFO - DAG(s) dict_keys(['example_weekday_branch_operator']) retrieved from /home/airflow/env/lib/python3.8/site-packages/airflow/example_dags/example_branch_day_of_week_operator.py
[2022-03-23 18:46:59,198] {logging_mixin.py:109} INFO - [2022-03-23 18:46:59,198] {dag.py:2396} INFO - Sync 1 DAGs
[2022-03-23 18:46:59,211] {logging_mixin.py:109} INFO - [2022-03-23 18:46:59,211] {dag.py:2935} INFO - Setting next_dagrun for example_weekday_branch_operator to 2022-03-22 00:00:00+00:00
[2022-03-23 18:46:59,230] {processor.py:171} INFO - Processing /home/airflow/env/lib/python3.8/site-packages/airflow/example_dags/example_branch_day_of_week_operator.py took 0.062 seconds
[2022-03-23 18:47:34,324] {processor.py:163} INFO - Started process (PID=6755) to work on /home/airflow/env/lib/python3.8/site-packages/airflow/example_dags/example_branch_day_of_week_operator.py
[2022-03-23 18:47:34,326] {processor.py:642} INFO - Processing file /home/airflow/env/lib/python3.8/site-packages/airflow/example_dags/example_branch_day_of_week_operator.py for tasks to queue
[2022-03-23 18:47:34,327] {logging_mixin.py:109} INFO - [2022-03-23 18:47:34,327] {dagbag.py:500} INFO - Filling up the DagBag from /home/airflow/env/lib/python3.8/site-packages/airflow/example_dags/example_branch_day_of_week_operator.py
[2022-03-23 18:47:34,365] {processor.py:654} INFO - DAG(s) dict_keys(['example_weekday_branch_operator']) retrieved from /home/airflow/env/lib/python3.8/site-packages/airflow/example_dags/example_branch_day_of_week_operator.py
[2022-03-23 18:47:34,383] {logging_mixin.py:109} INFO - [2022-03-23 18:47:34,383] {dag.py:2396} INFO - Sync 1 DAGs
[2022-03-23 18:47:34,410] {logging_mixin.py:109} INFO - [2022-03-23 18:47:34,410] {dag.py:2935} INFO - Setting next_dagrun for example_weekday_branch_operator to 2022-03-22 00:00:00+00:00
[2022-03-23 18:47:34,432] {processor.py:171} INFO - Processing /home/airflow/env/lib/python3.8/site-packages/airflow/example_dags/example_branch_day_of_week_operator.py took 0.114 seconds
[2022-03-23 18:48:14,779] {processor.py:163} INFO - Started process (PID=6793) to work on /home/airflow/env/lib/python3.8/site-packages/airflow/example_dags/example_branch_day_of_week_operator.py
[2022-03-23 18:48:14,800] {processor.py:642} INFO - Processing file /home/airflow/env/lib/python3.8/site-packages/airflow/example_dags/example_branch_day_of_week_operator.py for tasks to queue
[2022-03-23 18:48:14,800] {logging_mixin.py:109} INFO - [2022-03-23 18:48:14,800] {dagbag.py:500} INFO - Filling up the DagBag from /home/airflow/env/lib/python3.8/site-packages/airflow/example_dags/example_branch_day_of_week_operator.py
[2022-03-23 18:48:14,898] {processor.py:654} INFO - DAG(s) dict_keys(['example_weekday_branch_operator']) retrieved from /home/airflow/env/lib/python3.8/site-packages/airflow/example_dags/example_branch_day_of_week_operator.py
[2022-03-23 18:48:14,938] {logging_mixin.py:109} INFO - [2022-03-23 18:48:14,938] {dag.py:2396} INFO - Sync 1 DAGs
[2022-03-23 18:48:15,038] {logging_mixin.py:109} INFO - [2022-03-23 18:48:15,038] {dag.py:2935} INFO - Setting next_dagrun for example_weekday_branch_operator to 2022-03-22 00:00:00+00:00
[2022-03-23 18:48:15,067] {processor.py:171} INFO - Processing /home/airflow/env/lib/python3.8/site-packages/airflow/example_dags/example_branch_day_of_week_operator.py took 0.343 seconds
[2022-03-23 18:48:48,898] {processor.py:163} INFO - Started process (PID=6826) to work on /home/airflow/env/lib/python3.8/site-packages/airflow/example_dags/example_branch_day_of_week_operator.py
[2022-03-23 18:48:48,899] {processor.py:642} INFO - Processing file /home/airflow/env/lib/python3.8/site-packages/airflow/example_dags/example_branch_day_of_week_operator.py for tasks to queue
[2022-03-23 18:48:48,899] {logging_mixin.py:109} INFO - [2022-03-23 18:48:48,899] {dagbag.py:500} INFO - Filling up the DagBag from /home/airflow/env/lib/python3.8/site-packages/airflow/example_dags/example_branch_day_of_week_operator.py
[2022-03-23 18:48:48,917] {processor.py:654} INFO - DAG(s) dict_keys(['example_weekday_branch_operator']) retrieved from /home/airflow/env/lib/python3.8/site-packages/airflow/example_dags/example_branch_day_of_week_operator.py
[2022-03-23 18:48:48,925] {logging_mixin.py:109} INFO - [2022-03-23 18:48:48,925] {dag.py:2396} INFO - Sync 1 DAGs
[2022-03-23 18:48:48,937] {logging_mixin.py:109} INFO - [2022-03-23 18:48:48,937] {dag.py:2935} INFO - Setting next_dagrun for example_weekday_branch_operator to 2022-03-22 00:00:00+00:00
[2022-03-23 18:48:48,960] {processor.py:171} INFO - Processing /home/airflow/env/lib/python3.8/site-packages/airflow/example_dags/example_branch_day_of_week_operator.py took 0.065 seconds
[2022-03-23 18:49:23,915] {processor.py:163} INFO - Started process (PID=6921) to work on /home/airflow/env/lib/python3.8/site-packages/airflow/example_dags/example_branch_day_of_week_operator.py
[2022-03-23 18:49:23,916] {processor.py:642} INFO - Processing file /home/airflow/env/lib/python3.8/site-packages/airflow/example_dags/example_branch_day_of_week_operator.py for tasks to queue
[2022-03-23 18:49:23,916] {logging_mixin.py:109} INFO - [2022-03-23 18:49:23,916] {dagbag.py:500} INFO - Filling up the DagBag from /home/airflow/env/lib/python3.8/site-packages/airflow/example_dags/example_branch_day_of_week_operator.py
[2022-03-23 18:49:23,936] {processor.py:654} INFO - DAG(s) dict_keys(['example_weekday_branch_operator']) retrieved from /home/airflow/env/lib/python3.8/site-packages/airflow/example_dags/example_branch_day_of_week_operator.py
[2022-03-23 18:49:23,951] {logging_mixin.py:109} INFO - [2022-03-23 18:49:23,951] {dag.py:2396} INFO - Sync 1 DAGs
[2022-03-23 18:49:23,964] {logging_mixin.py:109} INFO - [2022-03-23 18:49:23,964] {dag.py:2935} INFO - Setting next_dagrun for example_weekday_branch_operator to 2022-03-22 00:00:00+00:00
[2022-03-23 18:49:23,978] {processor.py:171} INFO - Processing /home/airflow/env/lib/python3.8/site-packages/airflow/example_dags/example_branch_day_of_week_operator.py took 0.066 seconds
[2022-03-23 18:49:59,877] {processor.py:163} INFO - Started process (PID=7016) to work on /home/airflow/env/lib/python3.8/site-packages/airflow/example_dags/example_branch_day_of_week_operator.py
[2022-03-23 18:49:59,879] {processor.py:642} INFO - Processing file /home/airflow/env/lib/python3.8/site-packages/airflow/example_dags/example_branch_day_of_week_operator.py for tasks to queue
[2022-03-23 18:49:59,879] {logging_mixin.py:109} INFO - [2022-03-23 18:49:59,879] {dagbag.py:500} INFO - Filling up the DagBag from /home/airflow/env/lib/python3.8/site-packages/airflow/example_dags/example_branch_day_of_week_operator.py
[2022-03-23 18:49:59,905] {processor.py:654} INFO - DAG(s) dict_keys(['example_weekday_branch_operator']) retrieved from /home/airflow/env/lib/python3.8/site-packages/airflow/example_dags/example_branch_day_of_week_operator.py
[2022-03-23 18:49:59,920] {logging_mixin.py:109} INFO - [2022-03-23 18:49:59,920] {dag.py:2396} INFO - Sync 1 DAGs
[2022-03-23 18:49:59,937] {logging_mixin.py:109} INFO - [2022-03-23 18:49:59,937] {dag.py:2935} INFO - Setting next_dagrun for example_weekday_branch_operator to 2022-03-22 00:00:00+00:00
[2022-03-23 18:49:59,952] {processor.py:171} INFO - Processing /home/airflow/env/lib/python3.8/site-packages/airflow/example_dags/example_branch_day_of_week_operator.py took 0.079 seconds
[2022-03-23 18:50:32,568] {processor.py:163} INFO - Started process (PID=7075) to work on /home/airflow/env/lib/python3.8/site-packages/airflow/example_dags/example_branch_day_of_week_operator.py
[2022-03-23 18:50:32,570] {processor.py:642} INFO - Processing file /home/airflow/env/lib/python3.8/site-packages/airflow/example_dags/example_branch_day_of_week_operator.py for tasks to queue
[2022-03-23 18:50:32,570] {logging_mixin.py:109} INFO - [2022-03-23 18:50:32,570] {dagbag.py:500} INFO - Filling up the DagBag from /home/airflow/env/lib/python3.8/site-packages/airflow/example_dags/example_branch_day_of_week_operator.py
[2022-03-23 18:50:32,587] {processor.py:654} INFO - DAG(s) dict_keys(['example_weekday_branch_operator']) retrieved from /home/airflow/env/lib/python3.8/site-packages/airflow/example_dags/example_branch_day_of_week_operator.py
[2022-03-23 18:50:32,595] {logging_mixin.py:109} INFO - [2022-03-23 18:50:32,595] {dag.py:2396} INFO - Sync 1 DAGs
[2022-03-23 18:50:32,606] {logging_mixin.py:109} INFO - [2022-03-23 18:50:32,606] {dag.py:2935} INFO - Setting next_dagrun for example_weekday_branch_operator to 2022-03-22 00:00:00+00:00
[2022-03-23 18:50:32,619] {processor.py:171} INFO - Processing /home/airflow/env/lib/python3.8/site-packages/airflow/example_dags/example_branch_day_of_week_operator.py took 0.053 seconds
[2022-03-23 18:51:07,318] {processor.py:163} INFO - Started process (PID=7135) to work on /home/airflow/env/lib/python3.8/site-packages/airflow/example_dags/example_branch_day_of_week_operator.py
[2022-03-23 18:51:07,319] {processor.py:642} INFO - Processing file /home/airflow/env/lib/python3.8/site-packages/airflow/example_dags/example_branch_day_of_week_operator.py for tasks to queue
[2022-03-23 18:51:07,320] {logging_mixin.py:109} INFO - [2022-03-23 18:51:07,320] {dagbag.py:500} INFO - Filling up the DagBag from /home/airflow/env/lib/python3.8/site-packages/airflow/example_dags/example_branch_day_of_week_operator.py
[2022-03-23 18:51:07,339] {processor.py:654} INFO - DAG(s) dict_keys(['example_weekday_branch_operator']) retrieved from /home/airflow/env/lib/python3.8/site-packages/airflow/example_dags/example_branch_day_of_week_operator.py
[2022-03-23 18:51:07,348] {logging_mixin.py:109} INFO - [2022-03-23 18:51:07,348] {dag.py:2396} INFO - Sync 1 DAGs
[2022-03-23 18:51:07,363] {logging_mixin.py:109} INFO - [2022-03-23 18:51:07,363] {dag.py:2935} INFO - Setting next_dagrun for example_weekday_branch_operator to 2022-03-22 00:00:00+00:00
[2022-03-23 18:51:07,390] {processor.py:171} INFO - Processing /home/airflow/env/lib/python3.8/site-packages/airflow/example_dags/example_branch_day_of_week_operator.py took 0.075 seconds
[2022-03-23 18:51:39,056] {processor.py:163} INFO - Started process (PID=7168) to work on /home/airflow/env/lib/python3.8/site-packages/airflow/example_dags/example_branch_day_of_week_operator.py
[2022-03-23 18:51:39,057] {processor.py:642} INFO - Processing file /home/airflow/env/lib/python3.8/site-packages/airflow/example_dags/example_branch_day_of_week_operator.py for tasks to queue
[2022-03-23 18:51:39,058] {logging_mixin.py:109} INFO - [2022-03-23 18:51:39,058] {dagbag.py:500} INFO - Filling up the DagBag from /home/airflow/env/lib/python3.8/site-packages/airflow/example_dags/example_branch_day_of_week_operator.py
[2022-03-23 18:51:39,076] {processor.py:654} INFO - DAG(s) dict_keys(['example_weekday_branch_operator']) retrieved from /home/airflow/env/lib/python3.8/site-packages/airflow/example_dags/example_branch_day_of_week_operator.py
[2022-03-23 18:51:39,084] {logging_mixin.py:109} INFO - [2022-03-23 18:51:39,084] {dag.py:2396} INFO - Sync 1 DAGs
[2022-03-23 18:51:39,097] {logging_mixin.py:109} INFO - [2022-03-23 18:51:39,096] {dag.py:2935} INFO - Setting next_dagrun for example_weekday_branch_operator to 2022-03-22 00:00:00+00:00
[2022-03-23 18:51:39,109] {processor.py:171} INFO - Processing /home/airflow/env/lib/python3.8/site-packages/airflow/example_dags/example_branch_day_of_week_operator.py took 0.055 seconds
[2022-03-23 18:52:14,601] {processor.py:163} INFO - Started process (PID=7202) to work on /home/airflow/env/lib/python3.8/site-packages/airflow/example_dags/example_branch_day_of_week_operator.py
[2022-03-23 18:52:14,602] {processor.py:642} INFO - Processing file /home/airflow/env/lib/python3.8/site-packages/airflow/example_dags/example_branch_day_of_week_operator.py for tasks to queue
[2022-03-23 18:52:14,603] {logging_mixin.py:109} INFO - [2022-03-23 18:52:14,603] {dagbag.py:500} INFO - Filling up the DagBag from /home/airflow/env/lib/python3.8/site-packages/airflow/example_dags/example_branch_day_of_week_operator.py
[2022-03-23 18:52:14,618] {processor.py:654} INFO - DAG(s) dict_keys(['example_weekday_branch_operator']) retrieved from /home/airflow/env/lib/python3.8/site-packages/airflow/example_dags/example_branch_day_of_week_operator.py
[2022-03-23 18:52:14,627] {logging_mixin.py:109} INFO - [2022-03-23 18:52:14,627] {dag.py:2396} INFO - Sync 1 DAGs
[2022-03-23 18:52:14,639] {logging_mixin.py:109} INFO - [2022-03-23 18:52:14,639] {dag.py:2935} INFO - Setting next_dagrun for example_weekday_branch_operator to 2022-03-22 00:00:00+00:00
[2022-03-23 18:52:14,656] {processor.py:171} INFO - Processing /home/airflow/env/lib/python3.8/site-packages/airflow/example_dags/example_branch_day_of_week_operator.py took 0.058 seconds
[2022-03-23 18:52:50,332] {processor.py:163} INFO - Started process (PID=7238) to work on /home/airflow/env/lib/python3.8/site-packages/airflow/example_dags/example_branch_day_of_week_operator.py
[2022-03-23 18:52:50,333] {processor.py:642} INFO - Processing file /home/airflow/env/lib/python3.8/site-packages/airflow/example_dags/example_branch_day_of_week_operator.py for tasks to queue
[2022-03-23 18:52:50,333] {logging_mixin.py:109} INFO - [2022-03-23 18:52:50,333] {dagbag.py:500} INFO - Filling up the DagBag from /home/airflow/env/lib/python3.8/site-packages/airflow/example_dags/example_branch_day_of_week_operator.py
[2022-03-23 18:52:50,359] {processor.py:654} INFO - DAG(s) dict_keys(['example_weekday_branch_operator']) retrieved from /home/airflow/env/lib/python3.8/site-packages/airflow/example_dags/example_branch_day_of_week_operator.py
[2022-03-23 18:52:50,369] {logging_mixin.py:109} INFO - [2022-03-23 18:52:50,368] {dag.py:2396} INFO - Sync 1 DAGs
[2022-03-23 18:52:50,381] {logging_mixin.py:109} INFO - [2022-03-23 18:52:50,381] {dag.py:2935} INFO - Setting next_dagrun for example_weekday_branch_operator to 2022-03-22 00:00:00+00:00
[2022-03-23 18:52:50,399] {processor.py:171} INFO - Processing /home/airflow/env/lib/python3.8/site-packages/airflow/example_dags/example_branch_day_of_week_operator.py took 0.070 seconds
[2022-03-23 18:53:24,351] {processor.py:163} INFO - Started process (PID=7271) to work on /home/airflow/env/lib/python3.8/site-packages/airflow/example_dags/example_branch_day_of_week_operator.py
[2022-03-23 18:53:24,353] {processor.py:642} INFO - Processing file /home/airflow/env/lib/python3.8/site-packages/airflow/example_dags/example_branch_day_of_week_operator.py for tasks to queue
[2022-03-23 18:53:24,354] {logging_mixin.py:109} INFO - [2022-03-23 18:53:24,353] {dagbag.py:500} INFO - Filling up the DagBag from /home/airflow/env/lib/python3.8/site-packages/airflow/example_dags/example_branch_day_of_week_operator.py
[2022-03-23 18:53:24,376] {processor.py:654} INFO - DAG(s) dict_keys(['example_weekday_branch_operator']) retrieved from /home/airflow/env/lib/python3.8/site-packages/airflow/example_dags/example_branch_day_of_week_operator.py
[2022-03-23 18:53:24,384] {logging_mixin.py:109} INFO - [2022-03-23 18:53:24,384] {dag.py:2396} INFO - Sync 1 DAGs
[2022-03-23 18:53:24,398] {logging_mixin.py:109} INFO - [2022-03-23 18:53:24,398] {dag.py:2935} INFO - Setting next_dagrun for example_weekday_branch_operator to 2022-03-22 00:00:00+00:00
[2022-03-23 18:53:24,415] {processor.py:171} INFO - Processing /home/airflow/env/lib/python3.8/site-packages/airflow/example_dags/example_branch_day_of_week_operator.py took 0.067 seconds
[2022-03-23 18:53:57,464] {processor.py:163} INFO - Started process (PID=7303) to work on /home/airflow/env/lib/python3.8/site-packages/airflow/example_dags/example_branch_day_of_week_operator.py
[2022-03-23 18:53:57,465] {processor.py:642} INFO - Processing file /home/airflow/env/lib/python3.8/site-packages/airflow/example_dags/example_branch_day_of_week_operator.py for tasks to queue
[2022-03-23 18:53:57,465] {logging_mixin.py:109} INFO - [2022-03-23 18:53:57,465] {dagbag.py:500} INFO - Filling up the DagBag from /home/airflow/env/lib/python3.8/site-packages/airflow/example_dags/example_branch_day_of_week_operator.py
[2022-03-23 18:53:57,482] {processor.py:654} INFO - DAG(s) dict_keys(['example_weekday_branch_operator']) retrieved from /home/airflow/env/lib/python3.8/site-packages/airflow/example_dags/example_branch_day_of_week_operator.py
[2022-03-23 18:53:57,493] {logging_mixin.py:109} INFO - [2022-03-23 18:53:57,493] {dag.py:2396} INFO - Sync 1 DAGs
[2022-03-23 18:53:57,504] {logging_mixin.py:109} INFO - [2022-03-23 18:53:57,504] {dag.py:2935} INFO - Setting next_dagrun for example_weekday_branch_operator to 2022-03-22 00:00:00+00:00
[2022-03-23 18:53:57,529] {processor.py:171} INFO - Processing /home/airflow/env/lib/python3.8/site-packages/airflow/example_dags/example_branch_day_of_week_operator.py took 0.068 seconds
[2022-03-23 18:54:31,637] {processor.py:163} INFO - Started process (PID=7335) to work on /home/airflow/env/lib/python3.8/site-packages/airflow/example_dags/example_branch_day_of_week_operator.py
[2022-03-23 18:54:31,638] {processor.py:642} INFO - Processing file /home/airflow/env/lib/python3.8/site-packages/airflow/example_dags/example_branch_day_of_week_operator.py for tasks to queue
[2022-03-23 18:54:31,639] {logging_mixin.py:109} INFO - [2022-03-23 18:54:31,639] {dagbag.py:500} INFO - Filling up the DagBag from /home/airflow/env/lib/python3.8/site-packages/airflow/example_dags/example_branch_day_of_week_operator.py
[2022-03-23 18:54:31,656] {processor.py:654} INFO - DAG(s) dict_keys(['example_weekday_branch_operator']) retrieved from /home/airflow/env/lib/python3.8/site-packages/airflow/example_dags/example_branch_day_of_week_operator.py
[2022-03-23 18:54:31,665] {logging_mixin.py:109} INFO - [2022-03-23 18:54:31,665] {dag.py:2396} INFO - Sync 1 DAGs
[2022-03-23 18:54:31,678] {logging_mixin.py:109} INFO - [2022-03-23 18:54:31,678] {dag.py:2935} INFO - Setting next_dagrun for example_weekday_branch_operator to 2022-03-22 00:00:00+00:00
[2022-03-23 18:54:31,695] {processor.py:171} INFO - Processing /home/airflow/env/lib/python3.8/site-packages/airflow/example_dags/example_branch_day_of_week_operator.py took 0.061 seconds
[2022-03-23 18:55:03,781] {processor.py:163} INFO - Started process (PID=7367) to work on /home/airflow/env/lib/python3.8/site-packages/airflow/example_dags/example_branch_day_of_week_operator.py
[2022-03-23 18:55:03,782] {processor.py:642} INFO - Processing file /home/airflow/env/lib/python3.8/site-packages/airflow/example_dags/example_branch_day_of_week_operator.py for tasks to queue
[2022-03-23 18:55:03,782] {logging_mixin.py:109} INFO - [2022-03-23 18:55:03,782] {dagbag.py:500} INFO - Filling up the DagBag from /home/airflow/env/lib/python3.8/site-packages/airflow/example_dags/example_branch_day_of_week_operator.py
[2022-03-23 18:55:03,802] {processor.py:654} INFO - DAG(s) dict_keys(['example_weekday_branch_operator']) retrieved from /home/airflow/env/lib/python3.8/site-packages/airflow/example_dags/example_branch_day_of_week_operator.py
[2022-03-23 18:55:03,814] {logging_mixin.py:109} INFO - [2022-03-23 18:55:03,814] {dag.py:2396} INFO - Sync 1 DAGs
[2022-03-23 18:55:03,832] {logging_mixin.py:109} INFO - [2022-03-23 18:55:03,832] {dag.py:2935} INFO - Setting next_dagrun for example_weekday_branch_operator to 2022-03-22 00:00:00+00:00
[2022-03-23 18:55:03,845] {processor.py:171} INFO - Processing /home/airflow/env/lib/python3.8/site-packages/airflow/example_dags/example_branch_day_of_week_operator.py took 0.067 seconds
[2022-03-23 18:55:38,702] {processor.py:163} INFO - Started process (PID=7456) to work on /home/airflow/env/lib/python3.8/site-packages/airflow/example_dags/example_branch_day_of_week_operator.py
[2022-03-23 18:55:38,704] {processor.py:642} INFO - Processing file /home/airflow/env/lib/python3.8/site-packages/airflow/example_dags/example_branch_day_of_week_operator.py for tasks to queue
[2022-03-23 18:55:38,704] {logging_mixin.py:109} INFO - [2022-03-23 18:55:38,704] {dagbag.py:500} INFO - Filling up the DagBag from /home/airflow/env/lib/python3.8/site-packages/airflow/example_dags/example_branch_day_of_week_operator.py
[2022-03-23 18:55:38,722] {processor.py:654} INFO - DAG(s) dict_keys(['example_weekday_branch_operator']) retrieved from /home/airflow/env/lib/python3.8/site-packages/airflow/example_dags/example_branch_day_of_week_operator.py
[2022-03-23 18:55:38,730] {logging_mixin.py:109} INFO - [2022-03-23 18:55:38,730] {dag.py:2396} INFO - Sync 1 DAGs
[2022-03-23 18:55:38,742] {logging_mixin.py:109} INFO - [2022-03-23 18:55:38,742] {dag.py:2935} INFO - Setting next_dagrun for example_weekday_branch_operator to 2022-03-22 00:00:00+00:00
[2022-03-23 18:55:38,761] {processor.py:171} INFO - Processing /home/airflow/env/lib/python3.8/site-packages/airflow/example_dags/example_branch_day_of_week_operator.py took 0.060 seconds
[2022-03-23 18:56:13,707] {processor.py:163} INFO - Started process (PID=7491) to work on /home/airflow/env/lib/python3.8/site-packages/airflow/example_dags/example_branch_day_of_week_operator.py
[2022-03-23 18:56:13,708] {processor.py:642} INFO - Processing file /home/airflow/env/lib/python3.8/site-packages/airflow/example_dags/example_branch_day_of_week_operator.py for tasks to queue
[2022-03-23 18:56:13,709] {logging_mixin.py:109} INFO - [2022-03-23 18:56:13,709] {dagbag.py:500} INFO - Filling up the DagBag from /home/airflow/env/lib/python3.8/site-packages/airflow/example_dags/example_branch_day_of_week_operator.py
[2022-03-23 18:56:13,728] {processor.py:654} INFO - DAG(s) dict_keys(['example_weekday_branch_operator']) retrieved from /home/airflow/env/lib/python3.8/site-packages/airflow/example_dags/example_branch_day_of_week_operator.py
[2022-03-23 18:56:13,737] {logging_mixin.py:109} INFO - [2022-03-23 18:56:13,737] {dag.py:2396} INFO - Sync 1 DAGs
[2022-03-23 18:56:13,752] {logging_mixin.py:109} INFO - [2022-03-23 18:56:13,752] {dag.py:2935} INFO - Setting next_dagrun for example_weekday_branch_operator to 2022-03-22 00:00:00+00:00
[2022-03-23 18:56:13,770] {processor.py:171} INFO - Processing /home/airflow/env/lib/python3.8/site-packages/airflow/example_dags/example_branch_day_of_week_operator.py took 0.065 seconds
[2022-03-23 18:56:50,216] {processor.py:163} INFO - Started process (PID=7525) to work on /home/airflow/env/lib/python3.8/site-packages/airflow/example_dags/example_branch_day_of_week_operator.py
[2022-03-23 18:56:50,217] {processor.py:642} INFO - Processing file /home/airflow/env/lib/python3.8/site-packages/airflow/example_dags/example_branch_day_of_week_operator.py for tasks to queue
[2022-03-23 18:56:50,217] {logging_mixin.py:109} INFO - [2022-03-23 18:56:50,217] {dagbag.py:500} INFO - Filling up the DagBag from /home/airflow/env/lib/python3.8/site-packages/airflow/example_dags/example_branch_day_of_week_operator.py
[2022-03-23 18:56:50,237] {processor.py:654} INFO - DAG(s) dict_keys(['example_weekday_branch_operator']) retrieved from /home/airflow/env/lib/python3.8/site-packages/airflow/example_dags/example_branch_day_of_week_operator.py
[2022-03-23 18:56:50,245] {logging_mixin.py:109} INFO - [2022-03-23 18:56:50,245] {dag.py:2396} INFO - Sync 1 DAGs
[2022-03-23 18:56:50,258] {logging_mixin.py:109} INFO - [2022-03-23 18:56:50,258] {dag.py:2935} INFO - Setting next_dagrun for example_weekday_branch_operator to 2022-03-22 00:00:00+00:00
[2022-03-23 18:56:50,278] {processor.py:171} INFO - Processing /home/airflow/env/lib/python3.8/site-packages/airflow/example_dags/example_branch_day_of_week_operator.py took 0.065 seconds
[2022-03-23 18:57:24,903] {processor.py:163} INFO - Started process (PID=7559) to work on /home/airflow/env/lib/python3.8/site-packages/airflow/example_dags/example_branch_day_of_week_operator.py
[2022-03-23 18:57:24,908] {processor.py:642} INFO - Processing file /home/airflow/env/lib/python3.8/site-packages/airflow/example_dags/example_branch_day_of_week_operator.py for tasks to queue
[2022-03-23 18:57:24,916] {logging_mixin.py:109} INFO - [2022-03-23 18:57:24,916] {dagbag.py:500} INFO - Filling up the DagBag from /home/airflow/env/lib/python3.8/site-packages/airflow/example_dags/example_branch_day_of_week_operator.py
[2022-03-23 18:57:24,994] {processor.py:654} INFO - DAG(s) dict_keys(['example_weekday_branch_operator']) retrieved from /home/airflow/env/lib/python3.8/site-packages/airflow/example_dags/example_branch_day_of_week_operator.py
[2022-03-23 18:57:25,016] {logging_mixin.py:109} INFO - [2022-03-23 18:57:25,016] {dag.py:2396} INFO - Sync 1 DAGs
[2022-03-23 18:57:25,073] {logging_mixin.py:109} INFO - [2022-03-23 18:57:25,073] {dag.py:2935} INFO - Setting next_dagrun for example_weekday_branch_operator to 2022-03-22 00:00:00+00:00
[2022-03-23 18:57:25,140] {processor.py:171} INFO - Processing /home/airflow/env/lib/python3.8/site-packages/airflow/example_dags/example_branch_day_of_week_operator.py took 0.248 seconds
[2022-03-23 18:57:59,748] {processor.py:163} INFO - Started process (PID=7624) to work on /home/airflow/env/lib/python3.8/site-packages/airflow/example_dags/example_branch_day_of_week_operator.py
[2022-03-23 18:57:59,754] {processor.py:642} INFO - Processing file /home/airflow/env/lib/python3.8/site-packages/airflow/example_dags/example_branch_day_of_week_operator.py for tasks to queue
[2022-03-23 18:57:59,754] {logging_mixin.py:109} INFO - [2022-03-23 18:57:59,754] {dagbag.py:500} INFO - Filling up the DagBag from /home/airflow/env/lib/python3.8/site-packages/airflow/example_dags/example_branch_day_of_week_operator.py
[2022-03-23 18:57:59,793] {processor.py:654} INFO - DAG(s) dict_keys(['example_weekday_branch_operator']) retrieved from /home/airflow/env/lib/python3.8/site-packages/airflow/example_dags/example_branch_day_of_week_operator.py
[2022-03-23 18:57:59,810] {logging_mixin.py:109} INFO - [2022-03-23 18:57:59,810] {dag.py:2396} INFO - Sync 1 DAGs
[2022-03-23 18:57:59,835] {logging_mixin.py:109} INFO - [2022-03-23 18:57:59,835] {dag.py:2935} INFO - Setting next_dagrun for example_weekday_branch_operator to 2022-03-22 00:00:00+00:00
[2022-03-23 18:57:59,862] {processor.py:171} INFO - Processing /home/airflow/env/lib/python3.8/site-packages/airflow/example_dags/example_branch_day_of_week_operator.py took 0.117 seconds
[2022-03-23 18:58:56,393] {processor.py:163} INFO - Started process (PID=7840) to work on /home/airflow/env/lib/python3.8/site-packages/airflow/example_dags/example_branch_day_of_week_operator.py
[2022-03-23 18:58:56,398] {processor.py:642} INFO - Processing file /home/airflow/env/lib/python3.8/site-packages/airflow/example_dags/example_branch_day_of_week_operator.py for tasks to queue
[2022-03-23 18:58:56,399] {logging_mixin.py:109} INFO - [2022-03-23 18:58:56,399] {dagbag.py:500} INFO - Filling up the DagBag from /home/airflow/env/lib/python3.8/site-packages/airflow/example_dags/example_branch_day_of_week_operator.py
[2022-03-23 18:58:56,485] {processor.py:654} INFO - DAG(s) dict_keys(['example_weekday_branch_operator']) retrieved from /home/airflow/env/lib/python3.8/site-packages/airflow/example_dags/example_branch_day_of_week_operator.py
[2022-03-23 18:58:56,548] {logging_mixin.py:109} INFO - [2022-03-23 18:58:56,548] {dag.py:2396} INFO - Sync 1 DAGs
[2022-03-23 18:58:56,626] {logging_mixin.py:109} INFO - [2022-03-23 18:58:56,626] {dag.py:2935} INFO - Setting next_dagrun for example_weekday_branch_operator to 2022-03-22 00:00:00+00:00
[2022-03-23 18:58:56,783] {processor.py:171} INFO - Processing /home/airflow/env/lib/python3.8/site-packages/airflow/example_dags/example_branch_day_of_week_operator.py took 0.417 seconds
[2022-03-23 18:59:35,938] {processor.py:163} INFO - Started process (PID=7962) to work on /home/airflow/env/lib/python3.8/site-packages/airflow/example_dags/example_branch_day_of_week_operator.py
[2022-03-23 18:59:35,944] {processor.py:642} INFO - Processing file /home/airflow/env/lib/python3.8/site-packages/airflow/example_dags/example_branch_day_of_week_operator.py for tasks to queue
[2022-03-23 18:59:35,945] {logging_mixin.py:109} INFO - [2022-03-23 18:59:35,945] {dagbag.py:500} INFO - Filling up the DagBag from /home/airflow/env/lib/python3.8/site-packages/airflow/example_dags/example_branch_day_of_week_operator.py
[2022-03-23 18:59:35,991] {processor.py:654} INFO - DAG(s) dict_keys(['example_weekday_branch_operator']) retrieved from /home/airflow/env/lib/python3.8/site-packages/airflow/example_dags/example_branch_day_of_week_operator.py
[2022-03-23 18:59:36,023] {logging_mixin.py:109} INFO - [2022-03-23 18:59:36,023] {dag.py:2396} INFO - Sync 1 DAGs
[2022-03-23 18:59:36,074] {logging_mixin.py:109} INFO - [2022-03-23 18:59:36,074] {dag.py:2935} INFO - Setting next_dagrun for example_weekday_branch_operator to 2022-03-22 00:00:00+00:00
[2022-03-23 18:59:36,117] {processor.py:171} INFO - Processing /home/airflow/env/lib/python3.8/site-packages/airflow/example_dags/example_branch_day_of_week_operator.py took 0.182 seconds
[2022-03-23 19:00:31,742] {processor.py:163} INFO - Started process (PID=8281) to work on /home/airflow/env/lib/python3.8/site-packages/airflow/example_dags/example_branch_day_of_week_operator.py
[2022-03-23 19:00:31,743] {processor.py:642} INFO - Processing file /home/airflow/env/lib/python3.8/site-packages/airflow/example_dags/example_branch_day_of_week_operator.py for tasks to queue
[2022-03-23 19:00:31,744] {logging_mixin.py:109} INFO - [2022-03-23 19:00:31,744] {dagbag.py:500} INFO - Filling up the DagBag from /home/airflow/env/lib/python3.8/site-packages/airflow/example_dags/example_branch_day_of_week_operator.py
[2022-03-23 19:00:31,762] {processor.py:654} INFO - DAG(s) dict_keys(['example_weekday_branch_operator']) retrieved from /home/airflow/env/lib/python3.8/site-packages/airflow/example_dags/example_branch_day_of_week_operator.py
[2022-03-23 19:00:31,769] {logging_mixin.py:109} INFO - [2022-03-23 19:00:31,769] {dag.py:2396} INFO - Sync 1 DAGs
[2022-03-23 19:00:31,781] {logging_mixin.py:109} INFO - [2022-03-23 19:00:31,781] {dag.py:2935} INFO - Setting next_dagrun for example_weekday_branch_operator to 2022-03-22 00:00:00+00:00
[2022-03-23 19:00:31,799] {processor.py:171} INFO - Processing /home/airflow/env/lib/python3.8/site-packages/airflow/example_dags/example_branch_day_of_week_operator.py took 0.060 seconds
[2022-03-23 19:01:11,150] {processor.py:163} INFO - Started process (PID=8449) to work on /home/airflow/env/lib/python3.8/site-packages/airflow/example_dags/example_branch_day_of_week_operator.py
[2022-03-23 19:01:11,153] {processor.py:642} INFO - Processing file /home/airflow/env/lib/python3.8/site-packages/airflow/example_dags/example_branch_day_of_week_operator.py for tasks to queue
[2022-03-23 19:01:11,154] {logging_mixin.py:109} INFO - [2022-03-23 19:01:11,154] {dagbag.py:500} INFO - Filling up the DagBag from /home/airflow/env/lib/python3.8/site-packages/airflow/example_dags/example_branch_day_of_week_operator.py
[2022-03-23 19:01:11,178] {processor.py:654} INFO - DAG(s) dict_keys(['example_weekday_branch_operator']) retrieved from /home/airflow/env/lib/python3.8/site-packages/airflow/example_dags/example_branch_day_of_week_operator.py
[2022-03-23 19:01:11,190] {logging_mixin.py:109} INFO - [2022-03-23 19:01:11,190] {dag.py:2396} INFO - Sync 1 DAGs
[2022-03-23 19:01:11,207] {logging_mixin.py:109} INFO - [2022-03-23 19:01:11,207] {dag.py:2935} INFO - Setting next_dagrun for example_weekday_branch_operator to 2022-03-22 00:00:00+00:00
[2022-03-23 19:01:11,227] {processor.py:171} INFO - Processing /home/airflow/env/lib/python3.8/site-packages/airflow/example_dags/example_branch_day_of_week_operator.py took 0.079 seconds
[2022-03-23 19:01:49,643] {processor.py:163} INFO - Started process (PID=8509) to work on /home/airflow/env/lib/python3.8/site-packages/airflow/example_dags/example_branch_day_of_week_operator.py
[2022-03-23 19:01:49,645] {processor.py:642} INFO - Processing file /home/airflow/env/lib/python3.8/site-packages/airflow/example_dags/example_branch_day_of_week_operator.py for tasks to queue
[2022-03-23 19:01:49,645] {logging_mixin.py:109} INFO - [2022-03-23 19:01:49,645] {dagbag.py:500} INFO - Filling up the DagBag from /home/airflow/env/lib/python3.8/site-packages/airflow/example_dags/example_branch_day_of_week_operator.py
[2022-03-23 19:01:49,663] {processor.py:654} INFO - DAG(s) dict_keys(['example_weekday_branch_operator']) retrieved from /home/airflow/env/lib/python3.8/site-packages/airflow/example_dags/example_branch_day_of_week_operator.py
[2022-03-23 19:01:49,671] {logging_mixin.py:109} INFO - [2022-03-23 19:01:49,671] {dag.py:2396} INFO - Sync 1 DAGs
[2022-03-23 19:01:49,684] {logging_mixin.py:109} INFO - [2022-03-23 19:01:49,684] {dag.py:2935} INFO - Setting next_dagrun for example_weekday_branch_operator to 2022-03-22 00:00:00+00:00
[2022-03-23 19:01:49,697] {processor.py:171} INFO - Processing /home/airflow/env/lib/python3.8/site-packages/airflow/example_dags/example_branch_day_of_week_operator.py took 0.057 seconds
[2022-03-23 19:02:32,093] {processor.py:163} INFO - Started process (PID=8618) to work on /home/airflow/env/lib/python3.8/site-packages/airflow/example_dags/example_branch_day_of_week_operator.py
[2022-03-23 19:02:32,095] {processor.py:642} INFO - Processing file /home/airflow/env/lib/python3.8/site-packages/airflow/example_dags/example_branch_day_of_week_operator.py for tasks to queue
[2022-03-23 19:02:32,095] {logging_mixin.py:109} INFO - [2022-03-23 19:02:32,095] {dagbag.py:500} INFO - Filling up the DagBag from /home/airflow/env/lib/python3.8/site-packages/airflow/example_dags/example_branch_day_of_week_operator.py
[2022-03-23 19:02:32,114] {processor.py:654} INFO - DAG(s) dict_keys(['example_weekday_branch_operator']) retrieved from /home/airflow/env/lib/python3.8/site-packages/airflow/example_dags/example_branch_day_of_week_operator.py
[2022-03-23 19:02:32,124] {logging_mixin.py:109} INFO - [2022-03-23 19:02:32,124] {dag.py:2396} INFO - Sync 1 DAGs
[2022-03-23 19:02:32,136] {logging_mixin.py:109} INFO - [2022-03-23 19:02:32,136] {dag.py:2935} INFO - Setting next_dagrun for example_weekday_branch_operator to 2022-03-22 00:00:00+00:00
[2022-03-23 19:02:32,154] {processor.py:171} INFO - Processing /home/airflow/env/lib/python3.8/site-packages/airflow/example_dags/example_branch_day_of_week_operator.py took 0.063 seconds
[2022-03-23 19:03:10,320] {processor.py:163} INFO - Started process (PID=8741) to work on /home/airflow/env/lib/python3.8/site-packages/airflow/example_dags/example_branch_day_of_week_operator.py
[2022-03-23 19:03:10,321] {processor.py:642} INFO - Processing file /home/airflow/env/lib/python3.8/site-packages/airflow/example_dags/example_branch_day_of_week_operator.py for tasks to queue
[2022-03-23 19:03:10,321] {logging_mixin.py:109} INFO - [2022-03-23 19:03:10,321] {dagbag.py:500} INFO - Filling up the DagBag from /home/airflow/env/lib/python3.8/site-packages/airflow/example_dags/example_branch_day_of_week_operator.py
[2022-03-23 19:03:10,339] {processor.py:654} INFO - DAG(s) dict_keys(['example_weekday_branch_operator']) retrieved from /home/airflow/env/lib/python3.8/site-packages/airflow/example_dags/example_branch_day_of_week_operator.py
[2022-03-23 19:03:10,347] {logging_mixin.py:109} INFO - [2022-03-23 19:03:10,347] {dag.py:2396} INFO - Sync 1 DAGs
[2022-03-23 19:03:10,358] {logging_mixin.py:109} INFO - [2022-03-23 19:03:10,358] {dag.py:2935} INFO - Setting next_dagrun for example_weekday_branch_operator to 2022-03-22 00:00:00+00:00
[2022-03-23 19:03:10,376] {processor.py:171} INFO - Processing /home/airflow/env/lib/python3.8/site-packages/airflow/example_dags/example_branch_day_of_week_operator.py took 0.058 seconds
[2022-03-23 19:03:49,085] {processor.py:163} INFO - Started process (PID=8875) to work on /home/airflow/env/lib/python3.8/site-packages/airflow/example_dags/example_branch_day_of_week_operator.py
[2022-03-23 19:03:49,088] {processor.py:642} INFO - Processing file /home/airflow/env/lib/python3.8/site-packages/airflow/example_dags/example_branch_day_of_week_operator.py for tasks to queue
[2022-03-23 19:03:49,089] {logging_mixin.py:109} INFO - [2022-03-23 19:03:49,089] {dagbag.py:500} INFO - Filling up the DagBag from /home/airflow/env/lib/python3.8/site-packages/airflow/example_dags/example_branch_day_of_week_operator.py
[2022-03-23 19:03:49,201] {processor.py:654} INFO - DAG(s) dict_keys(['example_weekday_branch_operator']) retrieved from /home/airflow/env/lib/python3.8/site-packages/airflow/example_dags/example_branch_day_of_week_operator.py
[2022-03-23 19:03:49,247] {logging_mixin.py:109} INFO - [2022-03-23 19:03:49,247] {dag.py:2396} INFO - Sync 1 DAGs
[2022-03-23 19:03:49,294] {logging_mixin.py:109} INFO - [2022-03-23 19:03:49,294] {dag.py:2935} INFO - Setting next_dagrun for example_weekday_branch_operator to 2022-03-22 00:00:00+00:00
[2022-03-23 19:03:49,317] {processor.py:171} INFO - Processing /home/airflow/env/lib/python3.8/site-packages/airflow/example_dags/example_branch_day_of_week_operator.py took 0.263 seconds
[2022-03-23 19:04:33,664] {processor.py:163} INFO - Started process (PID=9035) to work on /home/airflow/env/lib/python3.8/site-packages/airflow/example_dags/example_branch_day_of_week_operator.py
[2022-03-23 19:04:33,670] {processor.py:642} INFO - Processing file /home/airflow/env/lib/python3.8/site-packages/airflow/example_dags/example_branch_day_of_week_operator.py for tasks to queue
[2022-03-23 19:04:33,670] {logging_mixin.py:109} INFO - [2022-03-23 19:04:33,670] {dagbag.py:500} INFO - Filling up the DagBag from /home/airflow/env/lib/python3.8/site-packages/airflow/example_dags/example_branch_day_of_week_operator.py
[2022-03-23 19:04:33,712] {processor.py:654} INFO - DAG(s) dict_keys(['example_weekday_branch_operator']) retrieved from /home/airflow/env/lib/python3.8/site-packages/airflow/example_dags/example_branch_day_of_week_operator.py
[2022-03-23 19:04:33,729] {logging_mixin.py:109} INFO - [2022-03-23 19:04:33,725] {dag.py:2396} INFO - Sync 1 DAGs
[2022-03-23 19:04:33,755] {logging_mixin.py:109} INFO - [2022-03-23 19:04:33,754] {dag.py:2935} INFO - Setting next_dagrun for example_weekday_branch_operator to 2022-03-22 00:00:00+00:00
[2022-03-23 19:04:33,778] {processor.py:171} INFO - Processing /home/airflow/env/lib/python3.8/site-packages/airflow/example_dags/example_branch_day_of_week_operator.py took 0.118 seconds
[2022-03-23 19:05:31,901] {processor.py:163} INFO - Started process (PID=9139) to work on /home/airflow/env/lib/python3.8/site-packages/airflow/example_dags/example_branch_day_of_week_operator.py
[2022-03-23 19:05:31,902] {processor.py:642} INFO - Processing file /home/airflow/env/lib/python3.8/site-packages/airflow/example_dags/example_branch_day_of_week_operator.py for tasks to queue
[2022-03-23 19:05:31,903] {logging_mixin.py:109} INFO - [2022-03-23 19:05:31,903] {dagbag.py:500} INFO - Filling up the DagBag from /home/airflow/env/lib/python3.8/site-packages/airflow/example_dags/example_branch_day_of_week_operator.py
[2022-03-23 19:05:31,923] {processor.py:654} INFO - DAG(s) dict_keys(['example_weekday_branch_operator']) retrieved from /home/airflow/env/lib/python3.8/site-packages/airflow/example_dags/example_branch_day_of_week_operator.py
[2022-03-23 19:05:31,932] {logging_mixin.py:109} INFO - [2022-03-23 19:05:31,932] {dag.py:2396} INFO - Sync 1 DAGs
[2022-03-23 19:05:31,946] {logging_mixin.py:109} INFO - [2022-03-23 19:05:31,946] {dag.py:2935} INFO - Setting next_dagrun for example_weekday_branch_operator to 2022-03-22 00:00:00+00:00
[2022-03-23 19:05:31,993] {processor.py:171} INFO - Processing /home/airflow/env/lib/python3.8/site-packages/airflow/example_dags/example_branch_day_of_week_operator.py took 0.095 seconds
[2022-03-23 19:06:10,566] {processor.py:163} INFO - Started process (PID=9203) to work on /home/airflow/env/lib/python3.8/site-packages/airflow/example_dags/example_branch_day_of_week_operator.py
[2022-03-23 19:06:10,567] {processor.py:642} INFO - Processing file /home/airflow/env/lib/python3.8/site-packages/airflow/example_dags/example_branch_day_of_week_operator.py for tasks to queue
[2022-03-23 19:06:10,567] {logging_mixin.py:109} INFO - [2022-03-23 19:06:10,567] {dagbag.py:500} INFO - Filling up the DagBag from /home/airflow/env/lib/python3.8/site-packages/airflow/example_dags/example_branch_day_of_week_operator.py
[2022-03-23 19:06:10,588] {processor.py:654} INFO - DAG(s) dict_keys(['example_weekday_branch_operator']) retrieved from /home/airflow/env/lib/python3.8/site-packages/airflow/example_dags/example_branch_day_of_week_operator.py
[2022-03-23 19:06:10,598] {logging_mixin.py:109} INFO - [2022-03-23 19:06:10,598] {dag.py:2396} INFO - Sync 1 DAGs
[2022-03-23 19:06:10,612] {logging_mixin.py:109} INFO - [2022-03-23 19:06:10,612] {dag.py:2935} INFO - Setting next_dagrun for example_weekday_branch_operator to 2022-03-22 00:00:00+00:00
[2022-03-23 19:06:10,625] {processor.py:171} INFO - Processing /home/airflow/env/lib/python3.8/site-packages/airflow/example_dags/example_branch_day_of_week_operator.py took 0.062 seconds
[2022-03-23 19:06:48,107] {processor.py:163} INFO - Started process (PID=9239) to work on /home/airflow/env/lib/python3.8/site-packages/airflow/example_dags/example_branch_day_of_week_operator.py
[2022-03-23 19:06:48,108] {processor.py:642} INFO - Processing file /home/airflow/env/lib/python3.8/site-packages/airflow/example_dags/example_branch_day_of_week_operator.py for tasks to queue
[2022-03-23 19:06:48,108] {logging_mixin.py:109} INFO - [2022-03-23 19:06:48,108] {dagbag.py:500} INFO - Filling up the DagBag from /home/airflow/env/lib/python3.8/site-packages/airflow/example_dags/example_branch_day_of_week_operator.py
[2022-03-23 19:06:48,130] {processor.py:654} INFO - DAG(s) dict_keys(['example_weekday_branch_operator']) retrieved from /home/airflow/env/lib/python3.8/site-packages/airflow/example_dags/example_branch_day_of_week_operator.py
[2022-03-23 19:06:48,138] {logging_mixin.py:109} INFO - [2022-03-23 19:06:48,138] {dag.py:2396} INFO - Sync 1 DAGs
[2022-03-23 19:06:48,151] {logging_mixin.py:109} INFO - [2022-03-23 19:06:48,151] {dag.py:2935} INFO - Setting next_dagrun for example_weekday_branch_operator to 2022-03-22 00:00:00+00:00
[2022-03-23 19:06:48,168] {processor.py:171} INFO - Processing /home/airflow/env/lib/python3.8/site-packages/airflow/example_dags/example_branch_day_of_week_operator.py took 0.065 seconds
[2022-03-23 19:07:25,692] {processor.py:163} INFO - Started process (PID=9276) to work on /home/airflow/env/lib/python3.8/site-packages/airflow/example_dags/example_branch_day_of_week_operator.py
[2022-03-23 19:07:25,694] {processor.py:642} INFO - Processing file /home/airflow/env/lib/python3.8/site-packages/airflow/example_dags/example_branch_day_of_week_operator.py for tasks to queue
[2022-03-23 19:07:25,695] {logging_mixin.py:109} INFO - [2022-03-23 19:07:25,694] {dagbag.py:500} INFO - Filling up the DagBag from /home/airflow/env/lib/python3.8/site-packages/airflow/example_dags/example_branch_day_of_week_operator.py
[2022-03-23 19:07:25,712] {processor.py:654} INFO - DAG(s) dict_keys(['example_weekday_branch_operator']) retrieved from /home/airflow/env/lib/python3.8/site-packages/airflow/example_dags/example_branch_day_of_week_operator.py
[2022-03-23 19:07:25,721] {logging_mixin.py:109} INFO - [2022-03-23 19:07:25,721] {dag.py:2396} INFO - Sync 1 DAGs
[2022-03-23 19:07:25,732] {logging_mixin.py:109} INFO - [2022-03-23 19:07:25,732] {dag.py:2935} INFO - Setting next_dagrun for example_weekday_branch_operator to 2022-03-22 00:00:00+00:00
[2022-03-23 19:07:25,781] {processor.py:171} INFO - Processing /home/airflow/env/lib/python3.8/site-packages/airflow/example_dags/example_branch_day_of_week_operator.py took 0.092 seconds
[2022-03-23 19:08:02,690] {processor.py:163} INFO - Started process (PID=9313) to work on /home/airflow/env/lib/python3.8/site-packages/airflow/example_dags/example_branch_day_of_week_operator.py
[2022-03-23 19:08:02,692] {processor.py:642} INFO - Processing file /home/airflow/env/lib/python3.8/site-packages/airflow/example_dags/example_branch_day_of_week_operator.py for tasks to queue
[2022-03-23 19:08:02,692] {logging_mixin.py:109} INFO - [2022-03-23 19:08:02,692] {dagbag.py:500} INFO - Filling up the DagBag from /home/airflow/env/lib/python3.8/site-packages/airflow/example_dags/example_branch_day_of_week_operator.py
[2022-03-23 19:08:02,718] {processor.py:654} INFO - DAG(s) dict_keys(['example_weekday_branch_operator']) retrieved from /home/airflow/env/lib/python3.8/site-packages/airflow/example_dags/example_branch_day_of_week_operator.py
[2022-03-23 19:08:02,730] {logging_mixin.py:109} INFO - [2022-03-23 19:08:02,730] {dag.py:2396} INFO - Sync 1 DAGs
[2022-03-23 19:08:02,747] {logging_mixin.py:109} INFO - [2022-03-23 19:08:02,747] {dag.py:2935} INFO - Setting next_dagrun for example_weekday_branch_operator to 2022-03-22 00:00:00+00:00
[2022-03-23 19:08:02,767] {processor.py:171} INFO - Processing /home/airflow/env/lib/python3.8/site-packages/airflow/example_dags/example_branch_day_of_week_operator.py took 0.080 seconds
[2022-03-23 19:08:38,084] {processor.py:163} INFO - Started process (PID=9347) to work on /home/airflow/env/lib/python3.8/site-packages/airflow/example_dags/example_branch_day_of_week_operator.py
[2022-03-23 19:08:38,085] {processor.py:642} INFO - Processing file /home/airflow/env/lib/python3.8/site-packages/airflow/example_dags/example_branch_day_of_week_operator.py for tasks to queue
[2022-03-23 19:08:38,085] {logging_mixin.py:109} INFO - [2022-03-23 19:08:38,085] {dagbag.py:500} INFO - Filling up the DagBag from /home/airflow/env/lib/python3.8/site-packages/airflow/example_dags/example_branch_day_of_week_operator.py
[2022-03-23 19:08:38,103] {processor.py:654} INFO - DAG(s) dict_keys(['example_weekday_branch_operator']) retrieved from /home/airflow/env/lib/python3.8/site-packages/airflow/example_dags/example_branch_day_of_week_operator.py
[2022-03-23 19:08:38,111] {logging_mixin.py:109} INFO - [2022-03-23 19:08:38,111] {dag.py:2396} INFO - Sync 1 DAGs
[2022-03-23 19:08:38,123] {logging_mixin.py:109} INFO - [2022-03-23 19:08:38,122] {dag.py:2935} INFO - Setting next_dagrun for example_weekday_branch_operator to 2022-03-22 00:00:00+00:00
[2022-03-23 19:08:38,142] {processor.py:171} INFO - Processing /home/airflow/env/lib/python3.8/site-packages/airflow/example_dags/example_branch_day_of_week_operator.py took 0.061 seconds
[2022-03-23 19:09:17,465] {processor.py:163} INFO - Started process (PID=9382) to work on /home/airflow/env/lib/python3.8/site-packages/airflow/example_dags/example_branch_day_of_week_operator.py
[2022-03-23 19:09:17,468] {processor.py:642} INFO - Processing file /home/airflow/env/lib/python3.8/site-packages/airflow/example_dags/example_branch_day_of_week_operator.py for tasks to queue
[2022-03-23 19:09:17,468] {logging_mixin.py:109} INFO - [2022-03-23 19:09:17,468] {dagbag.py:500} INFO - Filling up the DagBag from /home/airflow/env/lib/python3.8/site-packages/airflow/example_dags/example_branch_day_of_week_operator.py
[2022-03-23 19:09:17,500] {processor.py:654} INFO - DAG(s) dict_keys(['example_weekday_branch_operator']) retrieved from /home/airflow/env/lib/python3.8/site-packages/airflow/example_dags/example_branch_day_of_week_operator.py
[2022-03-23 19:09:17,516] {logging_mixin.py:109} INFO - [2022-03-23 19:09:17,516] {dag.py:2396} INFO - Sync 1 DAGs
[2022-03-23 19:09:17,546] {logging_mixin.py:109} INFO - [2022-03-23 19:09:17,546] {dag.py:2935} INFO - Setting next_dagrun for example_weekday_branch_operator to 2022-03-22 00:00:00+00:00
[2022-03-23 19:09:17,572] {processor.py:171} INFO - Processing /home/airflow/env/lib/python3.8/site-packages/airflow/example_dags/example_branch_day_of_week_operator.py took 0.115 seconds
[2022-03-23 19:09:57,164] {processor.py:163} INFO - Started process (PID=9419) to work on /home/airflow/env/lib/python3.8/site-packages/airflow/example_dags/example_branch_day_of_week_operator.py
[2022-03-23 19:09:57,171] {processor.py:642} INFO - Processing file /home/airflow/env/lib/python3.8/site-packages/airflow/example_dags/example_branch_day_of_week_operator.py for tasks to queue
[2022-03-23 19:09:57,172] {logging_mixin.py:109} INFO - [2022-03-23 19:09:57,172] {dagbag.py:500} INFO - Filling up the DagBag from /home/airflow/env/lib/python3.8/site-packages/airflow/example_dags/example_branch_day_of_week_operator.py
[2022-03-23 19:09:57,194] {processor.py:654} INFO - DAG(s) dict_keys(['example_weekday_branch_operator']) retrieved from /home/airflow/env/lib/python3.8/site-packages/airflow/example_dags/example_branch_day_of_week_operator.py
[2022-03-23 19:09:57,201] {logging_mixin.py:109} INFO - [2022-03-23 19:09:57,201] {dag.py:2396} INFO - Sync 1 DAGs
[2022-03-23 19:09:57,214] {logging_mixin.py:109} INFO - [2022-03-23 19:09:57,214] {dag.py:2935} INFO - Setting next_dagrun for example_weekday_branch_operator to 2022-03-22 00:00:00+00:00
[2022-03-23 19:09:57,228] {processor.py:171} INFO - Processing /home/airflow/env/lib/python3.8/site-packages/airflow/example_dags/example_branch_day_of_week_operator.py took 0.066 seconds
[2022-03-23 19:10:33,535] {processor.py:163} INFO - Started process (PID=9484) to work on /home/airflow/env/lib/python3.8/site-packages/airflow/example_dags/example_branch_day_of_week_operator.py
[2022-03-23 19:10:33,536] {processor.py:642} INFO - Processing file /home/airflow/env/lib/python3.8/site-packages/airflow/example_dags/example_branch_day_of_week_operator.py for tasks to queue
[2022-03-23 19:10:33,537] {logging_mixin.py:109} INFO - [2022-03-23 19:10:33,537] {dagbag.py:500} INFO - Filling up the DagBag from /home/airflow/env/lib/python3.8/site-packages/airflow/example_dags/example_branch_day_of_week_operator.py
[2022-03-23 19:10:33,556] {processor.py:654} INFO - DAG(s) dict_keys(['example_weekday_branch_operator']) retrieved from /home/airflow/env/lib/python3.8/site-packages/airflow/example_dags/example_branch_day_of_week_operator.py
[2022-03-23 19:10:33,565] {logging_mixin.py:109} INFO - [2022-03-23 19:10:33,565] {dag.py:2396} INFO - Sync 1 DAGs
[2022-03-23 19:10:33,578] {logging_mixin.py:109} INFO - [2022-03-23 19:10:33,578] {dag.py:2935} INFO - Setting next_dagrun for example_weekday_branch_operator to 2022-03-22 00:00:00+00:00
[2022-03-23 19:10:33,596] {processor.py:171} INFO - Processing /home/airflow/env/lib/python3.8/site-packages/airflow/example_dags/example_branch_day_of_week_operator.py took 0.065 seconds
[2022-03-23 19:11:13,398] {processor.py:163} INFO - Started process (PID=9551) to work on /home/airflow/env/lib/python3.8/site-packages/airflow/example_dags/example_branch_day_of_week_operator.py
[2022-03-23 19:11:13,399] {processor.py:642} INFO - Processing file /home/airflow/env/lib/python3.8/site-packages/airflow/example_dags/example_branch_day_of_week_operator.py for tasks to queue
[2022-03-23 19:11:13,400] {logging_mixin.py:109} INFO - [2022-03-23 19:11:13,400] {dagbag.py:500} INFO - Filling up the DagBag from /home/airflow/env/lib/python3.8/site-packages/airflow/example_dags/example_branch_day_of_week_operator.py
[2022-03-23 19:11:13,420] {processor.py:654} INFO - DAG(s) dict_keys(['example_weekday_branch_operator']) retrieved from /home/airflow/env/lib/python3.8/site-packages/airflow/example_dags/example_branch_day_of_week_operator.py
[2022-03-23 19:11:13,429] {logging_mixin.py:109} INFO - [2022-03-23 19:11:13,429] {dag.py:2396} INFO - Sync 1 DAGs
[2022-03-23 19:11:13,442] {logging_mixin.py:109} INFO - [2022-03-23 19:11:13,442] {dag.py:2935} INFO - Setting next_dagrun for example_weekday_branch_operator to 2022-03-22 00:00:00+00:00
[2022-03-23 19:11:13,459] {processor.py:171} INFO - Processing /home/airflow/env/lib/python3.8/site-packages/airflow/example_dags/example_branch_day_of_week_operator.py took 0.065 seconds
[2022-03-23 19:11:47,872] {processor.py:163} INFO - Started process (PID=9584) to work on /home/airflow/env/lib/python3.8/site-packages/airflow/example_dags/example_branch_day_of_week_operator.py
[2022-03-23 19:11:47,874] {processor.py:642} INFO - Processing file /home/airflow/env/lib/python3.8/site-packages/airflow/example_dags/example_branch_day_of_week_operator.py for tasks to queue
[2022-03-23 19:11:47,875] {logging_mixin.py:109} INFO - [2022-03-23 19:11:47,875] {dagbag.py:500} INFO - Filling up the DagBag from /home/airflow/env/lib/python3.8/site-packages/airflow/example_dags/example_branch_day_of_week_operator.py
[2022-03-23 19:11:47,899] {processor.py:654} INFO - DAG(s) dict_keys(['example_weekday_branch_operator']) retrieved from /home/airflow/env/lib/python3.8/site-packages/airflow/example_dags/example_branch_day_of_week_operator.py
[2022-03-23 19:11:47,910] {logging_mixin.py:109} INFO - [2022-03-23 19:11:47,910] {dag.py:2396} INFO - Sync 1 DAGs
[2022-03-23 19:11:47,926] {logging_mixin.py:109} INFO - [2022-03-23 19:11:47,926] {dag.py:2935} INFO - Setting next_dagrun for example_weekday_branch_operator to 2022-03-22 00:00:00+00:00
[2022-03-23 19:11:47,944] {processor.py:171} INFO - Processing /home/airflow/env/lib/python3.8/site-packages/airflow/example_dags/example_branch_day_of_week_operator.py took 0.076 seconds
[2022-03-23 19:12:24,496] {processor.py:163} INFO - Started process (PID=9719) to work on /home/airflow/env/lib/python3.8/site-packages/airflow/example_dags/example_branch_day_of_week_operator.py
[2022-03-23 19:12:24,497] {processor.py:642} INFO - Processing file /home/airflow/env/lib/python3.8/site-packages/airflow/example_dags/example_branch_day_of_week_operator.py for tasks to queue
[2022-03-23 19:12:24,498] {logging_mixin.py:109} INFO - [2022-03-23 19:12:24,498] {dagbag.py:500} INFO - Filling up the DagBag from /home/airflow/env/lib/python3.8/site-packages/airflow/example_dags/example_branch_day_of_week_operator.py
[2022-03-23 19:12:24,516] {processor.py:654} INFO - DAG(s) dict_keys(['example_weekday_branch_operator']) retrieved from /home/airflow/env/lib/python3.8/site-packages/airflow/example_dags/example_branch_day_of_week_operator.py
[2022-03-23 19:12:24,525] {logging_mixin.py:109} INFO - [2022-03-23 19:12:24,525] {dag.py:2396} INFO - Sync 1 DAGs
[2022-03-23 19:12:24,537] {logging_mixin.py:109} INFO - [2022-03-23 19:12:24,537] {dag.py:2935} INFO - Setting next_dagrun for example_weekday_branch_operator to 2022-03-22 00:00:00+00:00
[2022-03-23 19:12:24,561] {processor.py:171} INFO - Processing /home/airflow/env/lib/python3.8/site-packages/airflow/example_dags/example_branch_day_of_week_operator.py took 0.067 seconds
[2022-03-23 19:13:02,348] {processor.py:163} INFO - Started process (PID=9876) to work on /home/airflow/env/lib/python3.8/site-packages/airflow/example_dags/example_branch_day_of_week_operator.py
[2022-03-23 19:13:02,349] {processor.py:642} INFO - Processing file /home/airflow/env/lib/python3.8/site-packages/airflow/example_dags/example_branch_day_of_week_operator.py for tasks to queue
[2022-03-23 19:13:02,350] {logging_mixin.py:109} INFO - [2022-03-23 19:13:02,350] {dagbag.py:500} INFO - Filling up the DagBag from /home/airflow/env/lib/python3.8/site-packages/airflow/example_dags/example_branch_day_of_week_operator.py
[2022-03-23 19:13:02,371] {processor.py:654} INFO - DAG(s) dict_keys(['example_weekday_branch_operator']) retrieved from /home/airflow/env/lib/python3.8/site-packages/airflow/example_dags/example_branch_day_of_week_operator.py
[2022-03-23 19:13:02,381] {logging_mixin.py:109} INFO - [2022-03-23 19:13:02,381] {dag.py:2396} INFO - Sync 1 DAGs
[2022-03-23 19:13:02,395] {logging_mixin.py:109} INFO - [2022-03-23 19:13:02,395] {dag.py:2935} INFO - Setting next_dagrun for example_weekday_branch_operator to 2022-03-22 00:00:00+00:00
[2022-03-23 19:13:02,414] {processor.py:171} INFO - Processing /home/airflow/env/lib/python3.8/site-packages/airflow/example_dags/example_branch_day_of_week_operator.py took 0.068 seconds
[2022-03-23 19:13:41,759] {processor.py:163} INFO - Started process (PID=10081) to work on /home/airflow/env/lib/python3.8/site-packages/airflow/example_dags/example_branch_day_of_week_operator.py
[2022-03-23 19:13:41,760] {processor.py:642} INFO - Processing file /home/airflow/env/lib/python3.8/site-packages/airflow/example_dags/example_branch_day_of_week_operator.py for tasks to queue
[2022-03-23 19:13:41,761] {logging_mixin.py:109} INFO - [2022-03-23 19:13:41,761] {dagbag.py:500} INFO - Filling up the DagBag from /home/airflow/env/lib/python3.8/site-packages/airflow/example_dags/example_branch_day_of_week_operator.py
[2022-03-23 19:13:41,783] {processor.py:654} INFO - DAG(s) dict_keys(['example_weekday_branch_operator']) retrieved from /home/airflow/env/lib/python3.8/site-packages/airflow/example_dags/example_branch_day_of_week_operator.py
[2022-03-23 19:13:41,795] {logging_mixin.py:109} INFO - [2022-03-23 19:13:41,795] {dag.py:2396} INFO - Sync 1 DAGs
[2022-03-23 19:13:41,811] {logging_mixin.py:109} INFO - [2022-03-23 19:13:41,811] {dag.py:2935} INFO - Setting next_dagrun for example_weekday_branch_operator to 2022-03-22 00:00:00+00:00
[2022-03-23 19:13:41,830] {processor.py:171} INFO - Processing /home/airflow/env/lib/python3.8/site-packages/airflow/example_dags/example_branch_day_of_week_operator.py took 0.074 seconds
