[2022-03-23 18:35:37,014] {processor.py:163} INFO - Started process (PID=5146) to work on /home/airflow/env/lib/python3.8/site-packages/airflow/example_dags/example_latest_only.py
[2022-03-23 18:35:37,015] {processor.py:642} INFO - Processing file /home/airflow/env/lib/python3.8/site-packages/airflow/example_dags/example_latest_only.py for tasks to queue
[2022-03-23 18:35:37,016] {logging_mixin.py:109} INFO - [2022-03-23 18:35:37,016] {dagbag.py:500} INFO - Filling up the DagBag from /home/airflow/env/lib/python3.8/site-packages/airflow/example_dags/example_latest_only.py
[2022-03-23 18:35:37,032] {processor.py:654} INFO - DAG(s) dict_keys(['latest_only']) retrieved from /home/airflow/env/lib/python3.8/site-packages/airflow/example_dags/example_latest_only.py
[2022-03-23 18:35:37,041] {logging_mixin.py:109} INFO - [2022-03-23 18:35:37,041] {dag.py:2396} INFO - Sync 1 DAGs
[2022-03-23 18:35:37,052] {logging_mixin.py:109} INFO - [2022-03-23 18:35:37,052] {dag.py:2935} INFO - Setting next_dagrun for latest_only to 2022-03-23T14:35:37.051957+00:00
[2022-03-23 18:35:37,069] {processor.py:171} INFO - Processing /home/airflow/env/lib/python3.8/site-packages/airflow/example_dags/example_latest_only.py took 0.056 seconds
[2022-03-23 18:36:09,522] {processor.py:163} INFO - Started process (PID=5178) to work on /home/airflow/env/lib/python3.8/site-packages/airflow/example_dags/example_latest_only.py
[2022-03-23 18:36:09,523] {processor.py:642} INFO - Processing file /home/airflow/env/lib/python3.8/site-packages/airflow/example_dags/example_latest_only.py for tasks to queue
[2022-03-23 18:36:09,527] {logging_mixin.py:109} INFO - [2022-03-23 18:36:09,527] {dagbag.py:500} INFO - Filling up the DagBag from /home/airflow/env/lib/python3.8/site-packages/airflow/example_dags/example_latest_only.py
[2022-03-23 18:36:09,545] {processor.py:654} INFO - DAG(s) dict_keys(['latest_only']) retrieved from /home/airflow/env/lib/python3.8/site-packages/airflow/example_dags/example_latest_only.py
[2022-03-23 18:36:09,554] {logging_mixin.py:109} INFO - [2022-03-23 18:36:09,554] {dag.py:2396} INFO - Sync 1 DAGs
[2022-03-23 18:36:09,566] {logging_mixin.py:109} INFO - [2022-03-23 18:36:09,566] {dag.py:2935} INFO - Setting next_dagrun for latest_only to 2022-03-23T14:36:09.566239+00:00
[2022-03-23 18:36:09,584] {processor.py:171} INFO - Processing /home/airflow/env/lib/python3.8/site-packages/airflow/example_dags/example_latest_only.py took 0.066 seconds
[2022-03-23 18:36:42,948] {processor.py:163} INFO - Started process (PID=5270) to work on /home/airflow/env/lib/python3.8/site-packages/airflow/example_dags/example_latest_only.py
[2022-03-23 18:36:42,949] {processor.py:642} INFO - Processing file /home/airflow/env/lib/python3.8/site-packages/airflow/example_dags/example_latest_only.py for tasks to queue
[2022-03-23 18:36:42,949] {logging_mixin.py:109} INFO - [2022-03-23 18:36:42,949] {dagbag.py:500} INFO - Filling up the DagBag from /home/airflow/env/lib/python3.8/site-packages/airflow/example_dags/example_latest_only.py
[2022-03-23 18:36:42,969] {processor.py:654} INFO - DAG(s) dict_keys(['latest_only']) retrieved from /home/airflow/env/lib/python3.8/site-packages/airflow/example_dags/example_latest_only.py
[2022-03-23 18:36:42,979] {logging_mixin.py:109} INFO - [2022-03-23 18:36:42,979] {dag.py:2396} INFO - Sync 1 DAGs
[2022-03-23 18:36:42,993] {logging_mixin.py:109} INFO - [2022-03-23 18:36:42,993] {dag.py:2935} INFO - Setting next_dagrun for latest_only to 2022-03-23T14:36:42.992798+00:00
[2022-03-23 18:36:43,017] {processor.py:171} INFO - Processing /home/airflow/env/lib/python3.8/site-packages/airflow/example_dags/example_latest_only.py took 0.072 seconds
[2022-03-23 18:37:17,935] {processor.py:163} INFO - Started process (PID=5365) to work on /home/airflow/env/lib/python3.8/site-packages/airflow/example_dags/example_latest_only.py
[2022-03-23 18:37:17,936] {processor.py:642} INFO - Processing file /home/airflow/env/lib/python3.8/site-packages/airflow/example_dags/example_latest_only.py for tasks to queue
[2022-03-23 18:37:17,937] {logging_mixin.py:109} INFO - [2022-03-23 18:37:17,937] {dagbag.py:500} INFO - Filling up the DagBag from /home/airflow/env/lib/python3.8/site-packages/airflow/example_dags/example_latest_only.py
[2022-03-23 18:37:17,953] {processor.py:654} INFO - DAG(s) dict_keys(['latest_only']) retrieved from /home/airflow/env/lib/python3.8/site-packages/airflow/example_dags/example_latest_only.py
[2022-03-23 18:37:17,962] {logging_mixin.py:109} INFO - [2022-03-23 18:37:17,962] {dag.py:2396} INFO - Sync 1 DAGs
[2022-03-23 18:37:17,975] {logging_mixin.py:109} INFO - [2022-03-23 18:37:17,975] {dag.py:2935} INFO - Setting next_dagrun for latest_only to 2022-03-23T14:37:17.975297+00:00
[2022-03-23 18:37:17,993] {processor.py:171} INFO - Processing /home/airflow/env/lib/python3.8/site-packages/airflow/example_dags/example_latest_only.py took 0.061 seconds
[2022-03-23 18:37:52,900] {processor.py:163} INFO - Started process (PID=5401) to work on /home/airflow/env/lib/python3.8/site-packages/airflow/example_dags/example_latest_only.py
[2022-03-23 18:37:52,906] {processor.py:642} INFO - Processing file /home/airflow/env/lib/python3.8/site-packages/airflow/example_dags/example_latest_only.py for tasks to queue
[2022-03-23 18:37:52,906] {logging_mixin.py:109} INFO - [2022-03-23 18:37:52,906] {dagbag.py:500} INFO - Filling up the DagBag from /home/airflow/env/lib/python3.8/site-packages/airflow/example_dags/example_latest_only.py
[2022-03-23 18:37:52,926] {processor.py:654} INFO - DAG(s) dict_keys(['latest_only']) retrieved from /home/airflow/env/lib/python3.8/site-packages/airflow/example_dags/example_latest_only.py
[2022-03-23 18:37:52,935] {logging_mixin.py:109} INFO - [2022-03-23 18:37:52,935] {dag.py:2396} INFO - Sync 1 DAGs
[2022-03-23 18:37:52,948] {logging_mixin.py:109} INFO - [2022-03-23 18:37:52,948] {dag.py:2935} INFO - Setting next_dagrun for latest_only to 2022-03-23T14:37:52.948002+00:00
[2022-03-23 18:37:52,997] {processor.py:171} INFO - Processing /home/airflow/env/lib/python3.8/site-packages/airflow/example_dags/example_latest_only.py took 0.100 seconds
[2022-03-23 18:38:27,936] {processor.py:163} INFO - Started process (PID=5491) to work on /home/airflow/env/lib/python3.8/site-packages/airflow/example_dags/example_latest_only.py
[2022-03-23 18:38:27,938] {processor.py:642} INFO - Processing file /home/airflow/env/lib/python3.8/site-packages/airflow/example_dags/example_latest_only.py for tasks to queue
[2022-03-23 18:38:27,939] {logging_mixin.py:109} INFO - [2022-03-23 18:38:27,938] {dagbag.py:500} INFO - Filling up the DagBag from /home/airflow/env/lib/python3.8/site-packages/airflow/example_dags/example_latest_only.py
[2022-03-23 18:38:27,959] {processor.py:654} INFO - DAG(s) dict_keys(['latest_only']) retrieved from /home/airflow/env/lib/python3.8/site-packages/airflow/example_dags/example_latest_only.py
[2022-03-23 18:38:27,968] {logging_mixin.py:109} INFO - [2022-03-23 18:38:27,968] {dag.py:2396} INFO - Sync 1 DAGs
[2022-03-23 18:38:27,985] {logging_mixin.py:109} INFO - [2022-03-23 18:38:27,984] {dag.py:2935} INFO - Setting next_dagrun for latest_only to 2022-03-23T14:38:27.984545+00:00
[2022-03-23 18:38:28,005] {processor.py:171} INFO - Processing /home/airflow/env/lib/python3.8/site-packages/airflow/example_dags/example_latest_only.py took 0.072 seconds
[2022-03-23 18:39:04,053] {processor.py:163} INFO - Started process (PID=5523) to work on /home/airflow/env/lib/python3.8/site-packages/airflow/example_dags/example_latest_only.py
[2022-03-23 18:39:04,055] {processor.py:642} INFO - Processing file /home/airflow/env/lib/python3.8/site-packages/airflow/example_dags/example_latest_only.py for tasks to queue
[2022-03-23 18:39:04,055] {logging_mixin.py:109} INFO - [2022-03-23 18:39:04,055] {dagbag.py:500} INFO - Filling up the DagBag from /home/airflow/env/lib/python3.8/site-packages/airflow/example_dags/example_latest_only.py
[2022-03-23 18:39:04,089] {processor.py:654} INFO - DAG(s) dict_keys(['latest_only']) retrieved from /home/airflow/env/lib/python3.8/site-packages/airflow/example_dags/example_latest_only.py
[2022-03-23 18:39:04,104] {logging_mixin.py:109} INFO - [2022-03-23 18:39:04,104] {dag.py:2396} INFO - Sync 1 DAGs
[2022-03-23 18:39:04,121] {logging_mixin.py:109} INFO - [2022-03-23 18:39:04,121] {dag.py:2935} INFO - Setting next_dagrun for latest_only to 2022-03-23T14:39:04.121511+00:00
[2022-03-23 18:39:04,152] {processor.py:171} INFO - Processing /home/airflow/env/lib/python3.8/site-packages/airflow/example_dags/example_latest_only.py took 0.108 seconds
[2022-03-23 18:39:42,898] {processor.py:163} INFO - Started process (PID=5669) to work on /home/airflow/env/lib/python3.8/site-packages/airflow/example_dags/example_latest_only.py
[2022-03-23 18:39:42,921] {processor.py:642} INFO - Processing file /home/airflow/env/lib/python3.8/site-packages/airflow/example_dags/example_latest_only.py for tasks to queue
[2022-03-23 18:39:42,922] {logging_mixin.py:109} INFO - [2022-03-23 18:39:42,922] {dagbag.py:500} INFO - Filling up the DagBag from /home/airflow/env/lib/python3.8/site-packages/airflow/example_dags/example_latest_only.py
[2022-03-23 18:39:42,948] {processor.py:654} INFO - DAG(s) dict_keys(['latest_only']) retrieved from /home/airflow/env/lib/python3.8/site-packages/airflow/example_dags/example_latest_only.py
[2022-03-23 18:39:42,961] {logging_mixin.py:109} INFO - [2022-03-23 18:39:42,961] {dag.py:2396} INFO - Sync 1 DAGs
[2022-03-23 18:39:42,977] {logging_mixin.py:109} INFO - [2022-03-23 18:39:42,977] {dag.py:2935} INFO - Setting next_dagrun for latest_only to 2022-03-23T14:39:42.976969+00:00
[2022-03-23 18:39:43,834] {processor.py:171} INFO - Processing /home/airflow/env/lib/python3.8/site-packages/airflow/example_dags/example_latest_only.py took 0.939 seconds
[2022-03-23 18:40:18,707] {processor.py:163} INFO - Started process (PID=5766) to work on /home/airflow/env/lib/python3.8/site-packages/airflow/example_dags/example_latest_only.py
[2022-03-23 18:40:18,709] {processor.py:642} INFO - Processing file /home/airflow/env/lib/python3.8/site-packages/airflow/example_dags/example_latest_only.py for tasks to queue
[2022-03-23 18:40:18,709] {logging_mixin.py:109} INFO - [2022-03-23 18:40:18,709] {dagbag.py:500} INFO - Filling up the DagBag from /home/airflow/env/lib/python3.8/site-packages/airflow/example_dags/example_latest_only.py
[2022-03-23 18:40:18,725] {processor.py:654} INFO - DAG(s) dict_keys(['latest_only']) retrieved from /home/airflow/env/lib/python3.8/site-packages/airflow/example_dags/example_latest_only.py
[2022-03-23 18:40:18,733] {logging_mixin.py:109} INFO - [2022-03-23 18:40:18,733] {dag.py:2396} INFO - Sync 1 DAGs
[2022-03-23 18:40:18,746] {logging_mixin.py:109} INFO - [2022-03-23 18:40:18,746] {dag.py:2935} INFO - Setting next_dagrun for latest_only to 2022-03-23T14:40:18.746488+00:00
[2022-03-23 18:40:18,764] {processor.py:171} INFO - Processing /home/airflow/env/lib/python3.8/site-packages/airflow/example_dags/example_latest_only.py took 0.060 seconds
[2022-03-23 18:40:50,132] {processor.py:163} INFO - Started process (PID=5926) to work on /home/airflow/env/lib/python3.8/site-packages/airflow/example_dags/example_latest_only.py
[2022-03-23 18:40:50,133] {processor.py:642} INFO - Processing file /home/airflow/env/lib/python3.8/site-packages/airflow/example_dags/example_latest_only.py for tasks to queue
[2022-03-23 18:40:50,134] {logging_mixin.py:109} INFO - [2022-03-23 18:40:50,133] {dagbag.py:500} INFO - Filling up the DagBag from /home/airflow/env/lib/python3.8/site-packages/airflow/example_dags/example_latest_only.py
[2022-03-23 18:40:50,152] {processor.py:654} INFO - DAG(s) dict_keys(['latest_only']) retrieved from /home/airflow/env/lib/python3.8/site-packages/airflow/example_dags/example_latest_only.py
[2022-03-23 18:40:50,161] {logging_mixin.py:109} INFO - [2022-03-23 18:40:50,161] {dag.py:2396} INFO - Sync 1 DAGs
[2022-03-23 18:40:50,173] {logging_mixin.py:109} INFO - [2022-03-23 18:40:50,172] {dag.py:2935} INFO - Setting next_dagrun for latest_only to 2022-03-23T14:40:50.172638+00:00
[2022-03-23 18:40:50,191] {processor.py:171} INFO - Processing /home/airflow/env/lib/python3.8/site-packages/airflow/example_dags/example_latest_only.py took 0.062 seconds
[2022-03-23 18:41:22,732] {processor.py:163} INFO - Started process (PID=6047) to work on /home/airflow/env/lib/python3.8/site-packages/airflow/example_dags/example_latest_only.py
[2022-03-23 18:41:22,734] {processor.py:642} INFO - Processing file /home/airflow/env/lib/python3.8/site-packages/airflow/example_dags/example_latest_only.py for tasks to queue
[2022-03-23 18:41:22,734] {logging_mixin.py:109} INFO - [2022-03-23 18:41:22,734] {dagbag.py:500} INFO - Filling up the DagBag from /home/airflow/env/lib/python3.8/site-packages/airflow/example_dags/example_latest_only.py
[2022-03-23 18:41:22,755] {processor.py:654} INFO - DAG(s) dict_keys(['latest_only']) retrieved from /home/airflow/env/lib/python3.8/site-packages/airflow/example_dags/example_latest_only.py
[2022-03-23 18:41:22,764] {logging_mixin.py:109} INFO - [2022-03-23 18:41:22,764] {dag.py:2396} INFO - Sync 1 DAGs
[2022-03-23 18:41:22,777] {logging_mixin.py:109} INFO - [2022-03-23 18:41:22,777] {dag.py:2935} INFO - Setting next_dagrun for latest_only to 2022-03-23T14:41:22.776968+00:00
[2022-03-23 18:41:22,794] {processor.py:171} INFO - Processing /home/airflow/env/lib/python3.8/site-packages/airflow/example_dags/example_latest_only.py took 0.064 seconds
[2022-03-23 18:42:04,092] {processor.py:163} INFO - Started process (PID=6236) to work on /home/airflow/env/lib/python3.8/site-packages/airflow/example_dags/example_latest_only.py
[2022-03-23 18:42:04,093] {processor.py:642} INFO - Processing file /home/airflow/env/lib/python3.8/site-packages/airflow/example_dags/example_latest_only.py for tasks to queue
[2022-03-23 18:42:04,094] {logging_mixin.py:109} INFO - [2022-03-23 18:42:04,093] {dagbag.py:500} INFO - Filling up the DagBag from /home/airflow/env/lib/python3.8/site-packages/airflow/example_dags/example_latest_only.py
[2022-03-23 18:42:04,115] {processor.py:654} INFO - DAG(s) dict_keys(['latest_only']) retrieved from /home/airflow/env/lib/python3.8/site-packages/airflow/example_dags/example_latest_only.py
[2022-03-23 18:42:04,127] {logging_mixin.py:109} INFO - [2022-03-23 18:42:04,127] {dag.py:2396} INFO - Sync 1 DAGs
[2022-03-23 18:42:04,148] {logging_mixin.py:109} INFO - [2022-03-23 18:42:04,147] {dag.py:2935} INFO - Setting next_dagrun for latest_only to 2022-03-23T14:42:04.147528+00:00
[2022-03-23 18:42:04,172] {processor.py:171} INFO - Processing /home/airflow/env/lib/python3.8/site-packages/airflow/example_dags/example_latest_only.py took 0.082 seconds
[2022-03-23 18:42:35,915] {processor.py:163} INFO - Started process (PID=6388) to work on /home/airflow/env/lib/python3.8/site-packages/airflow/example_dags/example_latest_only.py
[2022-03-23 18:42:35,916] {processor.py:642} INFO - Processing file /home/airflow/env/lib/python3.8/site-packages/airflow/example_dags/example_latest_only.py for tasks to queue
[2022-03-23 18:42:35,916] {logging_mixin.py:109} INFO - [2022-03-23 18:42:35,916] {dagbag.py:500} INFO - Filling up the DagBag from /home/airflow/env/lib/python3.8/site-packages/airflow/example_dags/example_latest_only.py
[2022-03-23 18:42:35,934] {processor.py:654} INFO - DAG(s) dict_keys(['latest_only']) retrieved from /home/airflow/env/lib/python3.8/site-packages/airflow/example_dags/example_latest_only.py
[2022-03-23 18:42:35,942] {logging_mixin.py:109} INFO - [2022-03-23 18:42:35,942] {dag.py:2396} INFO - Sync 1 DAGs
[2022-03-23 18:42:35,955] {logging_mixin.py:109} INFO - [2022-03-23 18:42:35,955] {dag.py:2935} INFO - Setting next_dagrun for latest_only to 2022-03-23T14:42:35.954986+00:00
[2022-03-23 18:42:35,969] {processor.py:171} INFO - Processing /home/airflow/env/lib/python3.8/site-packages/airflow/example_dags/example_latest_only.py took 0.057 seconds
[2022-03-23 18:43:09,173] {processor.py:163} INFO - Started process (PID=6451) to work on /home/airflow/env/lib/python3.8/site-packages/airflow/example_dags/example_latest_only.py
[2022-03-23 18:43:09,174] {processor.py:642} INFO - Processing file /home/airflow/env/lib/python3.8/site-packages/airflow/example_dags/example_latest_only.py for tasks to queue
[2022-03-23 18:43:09,175] {logging_mixin.py:109} INFO - [2022-03-23 18:43:09,175] {dagbag.py:500} INFO - Filling up the DagBag from /home/airflow/env/lib/python3.8/site-packages/airflow/example_dags/example_latest_only.py
[2022-03-23 18:43:09,195] {processor.py:654} INFO - DAG(s) dict_keys(['latest_only']) retrieved from /home/airflow/env/lib/python3.8/site-packages/airflow/example_dags/example_latest_only.py
[2022-03-23 18:43:09,206] {logging_mixin.py:109} INFO - [2022-03-23 18:43:09,206] {dag.py:2396} INFO - Sync 1 DAGs
[2022-03-23 18:43:09,219] {logging_mixin.py:109} INFO - [2022-03-23 18:43:09,219] {dag.py:2935} INFO - Setting next_dagrun for latest_only to 2022-03-23T14:43:09.219481+00:00
[2022-03-23 18:43:09,237] {processor.py:171} INFO - Processing /home/airflow/env/lib/python3.8/site-packages/airflow/example_dags/example_latest_only.py took 0.067 seconds
[2022-03-23 18:43:41,401] {processor.py:163} INFO - Started process (PID=6483) to work on /home/airflow/env/lib/python3.8/site-packages/airflow/example_dags/example_latest_only.py
[2022-03-23 18:43:41,403] {processor.py:642} INFO - Processing file /home/airflow/env/lib/python3.8/site-packages/airflow/example_dags/example_latest_only.py for tasks to queue
[2022-03-23 18:43:41,404] {logging_mixin.py:109} INFO - [2022-03-23 18:43:41,404] {dagbag.py:500} INFO - Filling up the DagBag from /home/airflow/env/lib/python3.8/site-packages/airflow/example_dags/example_latest_only.py
[2022-03-23 18:43:41,429] {processor.py:654} INFO - DAG(s) dict_keys(['latest_only']) retrieved from /home/airflow/env/lib/python3.8/site-packages/airflow/example_dags/example_latest_only.py
[2022-03-23 18:43:41,441] {logging_mixin.py:109} INFO - [2022-03-23 18:43:41,441] {dag.py:2396} INFO - Sync 1 DAGs
[2022-03-23 18:43:41,456] {logging_mixin.py:109} INFO - [2022-03-23 18:43:41,456] {dag.py:2935} INFO - Setting next_dagrun for latest_only to 2022-03-23T14:43:41.456494+00:00
[2022-03-23 18:43:41,475] {processor.py:171} INFO - Processing /home/airflow/env/lib/python3.8/site-packages/airflow/example_dags/example_latest_only.py took 0.079 seconds
[2022-03-23 18:44:15,110] {processor.py:163} INFO - Started process (PID=6513) to work on /home/airflow/env/lib/python3.8/site-packages/airflow/example_dags/example_latest_only.py
[2022-03-23 18:44:15,111] {processor.py:642} INFO - Processing file /home/airflow/env/lib/python3.8/site-packages/airflow/example_dags/example_latest_only.py for tasks to queue
[2022-03-23 18:44:15,112] {logging_mixin.py:109} INFO - [2022-03-23 18:44:15,112] {dagbag.py:500} INFO - Filling up the DagBag from /home/airflow/env/lib/python3.8/site-packages/airflow/example_dags/example_latest_only.py
[2022-03-23 18:44:15,135] {processor.py:654} INFO - DAG(s) dict_keys(['latest_only']) retrieved from /home/airflow/env/lib/python3.8/site-packages/airflow/example_dags/example_latest_only.py
[2022-03-23 18:44:15,145] {logging_mixin.py:109} INFO - [2022-03-23 18:44:15,144] {dag.py:2396} INFO - Sync 1 DAGs
[2022-03-23 18:44:15,158] {logging_mixin.py:109} INFO - [2022-03-23 18:44:15,158] {dag.py:2935} INFO - Setting next_dagrun for latest_only to 2022-03-23T14:44:15.158390+00:00
[2022-03-23 18:44:15,177] {processor.py:171} INFO - Processing /home/airflow/env/lib/python3.8/site-packages/airflow/example_dags/example_latest_only.py took 0.070 seconds
[2022-03-23 18:44:49,908] {processor.py:163} INFO - Started process (PID=6545) to work on /home/airflow/env/lib/python3.8/site-packages/airflow/example_dags/example_latest_only.py
[2022-03-23 18:44:49,916] {processor.py:642} INFO - Processing file /home/airflow/env/lib/python3.8/site-packages/airflow/example_dags/example_latest_only.py for tasks to queue
[2022-03-23 18:44:49,917] {logging_mixin.py:109} INFO - [2022-03-23 18:44:49,917] {dagbag.py:500} INFO - Filling up the DagBag from /home/airflow/env/lib/python3.8/site-packages/airflow/example_dags/example_latest_only.py
[2022-03-23 18:44:49,948] {processor.py:654} INFO - DAG(s) dict_keys(['latest_only']) retrieved from /home/airflow/env/lib/python3.8/site-packages/airflow/example_dags/example_latest_only.py
[2022-03-23 18:44:49,959] {logging_mixin.py:109} INFO - [2022-03-23 18:44:49,959] {dag.py:2396} INFO - Sync 1 DAGs
[2022-03-23 18:44:49,974] {logging_mixin.py:109} INFO - [2022-03-23 18:44:49,974] {dag.py:2935} INFO - Setting next_dagrun for latest_only to 2022-03-23T14:44:49.973762+00:00
[2022-03-23 18:44:49,998] {processor.py:171} INFO - Processing /home/airflow/env/lib/python3.8/site-packages/airflow/example_dags/example_latest_only.py took 0.092 seconds
[2022-03-23 18:45:24,090] {processor.py:163} INFO - Started process (PID=6577) to work on /home/airflow/env/lib/python3.8/site-packages/airflow/example_dags/example_latest_only.py
[2022-03-23 18:45:24,091] {processor.py:642} INFO - Processing file /home/airflow/env/lib/python3.8/site-packages/airflow/example_dags/example_latest_only.py for tasks to queue
[2022-03-23 18:45:24,092] {logging_mixin.py:109} INFO - [2022-03-23 18:45:24,092] {dagbag.py:500} INFO - Filling up the DagBag from /home/airflow/env/lib/python3.8/site-packages/airflow/example_dags/example_latest_only.py
[2022-03-23 18:45:24,112] {processor.py:654} INFO - DAG(s) dict_keys(['latest_only']) retrieved from /home/airflow/env/lib/python3.8/site-packages/airflow/example_dags/example_latest_only.py
[2022-03-23 18:45:24,125] {logging_mixin.py:109} INFO - [2022-03-23 18:45:24,125] {dag.py:2396} INFO - Sync 1 DAGs
[2022-03-23 18:45:24,137] {logging_mixin.py:109} INFO - [2022-03-23 18:45:24,137] {dag.py:2935} INFO - Setting next_dagrun for latest_only to 2022-03-23T14:45:24.137026+00:00
[2022-03-23 18:45:24,156] {processor.py:171} INFO - Processing /home/airflow/env/lib/python3.8/site-packages/airflow/example_dags/example_latest_only.py took 0.069 seconds
[2022-03-23 18:45:58,912] {processor.py:163} INFO - Started process (PID=6663) to work on /home/airflow/env/lib/python3.8/site-packages/airflow/example_dags/example_latest_only.py
[2022-03-23 18:45:58,914] {processor.py:642} INFO - Processing file /home/airflow/env/lib/python3.8/site-packages/airflow/example_dags/example_latest_only.py for tasks to queue
[2022-03-23 18:45:58,914] {logging_mixin.py:109} INFO - [2022-03-23 18:45:58,914] {dagbag.py:500} INFO - Filling up the DagBag from /home/airflow/env/lib/python3.8/site-packages/airflow/example_dags/example_latest_only.py
[2022-03-23 18:45:58,932] {processor.py:654} INFO - DAG(s) dict_keys(['latest_only']) retrieved from /home/airflow/env/lib/python3.8/site-packages/airflow/example_dags/example_latest_only.py
[2022-03-23 18:45:58,941] {logging_mixin.py:109} INFO - [2022-03-23 18:45:58,941] {dag.py:2396} INFO - Sync 1 DAGs
[2022-03-23 18:45:58,952] {logging_mixin.py:109} INFO - [2022-03-23 18:45:58,952] {dag.py:2935} INFO - Setting next_dagrun for latest_only to 2022-03-23T14:45:58.952226+00:00
[2022-03-23 18:45:58,984] {processor.py:171} INFO - Processing /home/airflow/env/lib/python3.8/site-packages/airflow/example_dags/example_latest_only.py took 0.073 seconds
[2022-03-23 18:46:30,553] {processor.py:163} INFO - Started process (PID=6695) to work on /home/airflow/env/lib/python3.8/site-packages/airflow/example_dags/example_latest_only.py
[2022-03-23 18:46:30,554] {processor.py:642} INFO - Processing file /home/airflow/env/lib/python3.8/site-packages/airflow/example_dags/example_latest_only.py for tasks to queue
[2022-03-23 18:46:30,555] {logging_mixin.py:109} INFO - [2022-03-23 18:46:30,555] {dagbag.py:500} INFO - Filling up the DagBag from /home/airflow/env/lib/python3.8/site-packages/airflow/example_dags/example_latest_only.py
[2022-03-23 18:46:30,573] {processor.py:654} INFO - DAG(s) dict_keys(['latest_only']) retrieved from /home/airflow/env/lib/python3.8/site-packages/airflow/example_dags/example_latest_only.py
[2022-03-23 18:46:30,581] {logging_mixin.py:109} INFO - [2022-03-23 18:46:30,581] {dag.py:2396} INFO - Sync 1 DAGs
[2022-03-23 18:46:30,594] {logging_mixin.py:109} INFO - [2022-03-23 18:46:30,594] {dag.py:2935} INFO - Setting next_dagrun for latest_only to 2022-03-23T14:46:30.594404+00:00
[2022-03-23 18:46:30,608] {processor.py:171} INFO - Processing /home/airflow/env/lib/python3.8/site-packages/airflow/example_dags/example_latest_only.py took 0.057 seconds
[2022-03-23 18:47:05,672] {processor.py:163} INFO - Started process (PID=6729) to work on /home/airflow/env/lib/python3.8/site-packages/airflow/example_dags/example_latest_only.py
[2022-03-23 18:47:05,673] {processor.py:642} INFO - Processing file /home/airflow/env/lib/python3.8/site-packages/airflow/example_dags/example_latest_only.py for tasks to queue
[2022-03-23 18:47:05,673] {logging_mixin.py:109} INFO - [2022-03-23 18:47:05,673] {dagbag.py:500} INFO - Filling up the DagBag from /home/airflow/env/lib/python3.8/site-packages/airflow/example_dags/example_latest_only.py
[2022-03-23 18:47:05,692] {processor.py:654} INFO - DAG(s) dict_keys(['latest_only']) retrieved from /home/airflow/env/lib/python3.8/site-packages/airflow/example_dags/example_latest_only.py
[2022-03-23 18:47:05,700] {logging_mixin.py:109} INFO - [2022-03-23 18:47:05,700] {dag.py:2396} INFO - Sync 1 DAGs
[2022-03-23 18:47:05,713] {logging_mixin.py:109} INFO - [2022-03-23 18:47:05,713] {dag.py:2935} INFO - Setting next_dagrun for latest_only to 2022-03-23T14:47:05.712634+00:00
[2022-03-23 18:47:05,731] {processor.py:171} INFO - Processing /home/airflow/env/lib/python3.8/site-packages/airflow/example_dags/example_latest_only.py took 0.063 seconds
[2022-03-23 18:47:41,064] {processor.py:163} INFO - Started process (PID=6761) to work on /home/airflow/env/lib/python3.8/site-packages/airflow/example_dags/example_latest_only.py
[2022-03-23 18:47:41,065] {processor.py:642} INFO - Processing file /home/airflow/env/lib/python3.8/site-packages/airflow/example_dags/example_latest_only.py for tasks to queue
[2022-03-23 18:47:41,066] {logging_mixin.py:109} INFO - [2022-03-23 18:47:41,066] {dagbag.py:500} INFO - Filling up the DagBag from /home/airflow/env/lib/python3.8/site-packages/airflow/example_dags/example_latest_only.py
[2022-03-23 18:47:41,084] {processor.py:654} INFO - DAG(s) dict_keys(['latest_only']) retrieved from /home/airflow/env/lib/python3.8/site-packages/airflow/example_dags/example_latest_only.py
[2022-03-23 18:47:41,095] {logging_mixin.py:109} INFO - [2022-03-23 18:47:41,095] {dag.py:2396} INFO - Sync 1 DAGs
[2022-03-23 18:47:41,115] {logging_mixin.py:109} INFO - [2022-03-23 18:47:41,115] {dag.py:2935} INFO - Setting next_dagrun for latest_only to 2022-03-23T14:47:41.115188+00:00
[2022-03-23 18:47:41,134] {processor.py:171} INFO - Processing /home/airflow/env/lib/python3.8/site-packages/airflow/example_dags/example_latest_only.py took 0.073 seconds
[2022-03-23 18:48:17,664] {processor.py:163} INFO - Started process (PID=6795) to work on /home/airflow/env/lib/python3.8/site-packages/airflow/example_dags/example_latest_only.py
[2022-03-23 18:48:17,666] {processor.py:642} INFO - Processing file /home/airflow/env/lib/python3.8/site-packages/airflow/example_dags/example_latest_only.py for tasks to queue
[2022-03-23 18:48:17,667] {logging_mixin.py:109} INFO - [2022-03-23 18:48:17,666] {dagbag.py:500} INFO - Filling up the DagBag from /home/airflow/env/lib/python3.8/site-packages/airflow/example_dags/example_latest_only.py
[2022-03-23 18:48:17,689] {processor.py:654} INFO - DAG(s) dict_keys(['latest_only']) retrieved from /home/airflow/env/lib/python3.8/site-packages/airflow/example_dags/example_latest_only.py
[2022-03-23 18:48:17,699] {logging_mixin.py:109} INFO - [2022-03-23 18:48:17,699] {dag.py:2396} INFO - Sync 1 DAGs
[2022-03-23 18:48:17,711] {logging_mixin.py:109} INFO - [2022-03-23 18:48:17,711] {dag.py:2935} INFO - Setting next_dagrun for latest_only to 2022-03-23T14:48:17.711430+00:00
[2022-03-23 18:48:17,731] {processor.py:171} INFO - Processing /home/airflow/env/lib/python3.8/site-packages/airflow/example_dags/example_latest_only.py took 0.071 seconds
[2022-03-23 18:48:51,409] {processor.py:163} INFO - Started process (PID=6828) to work on /home/airflow/env/lib/python3.8/site-packages/airflow/example_dags/example_latest_only.py
[2022-03-23 18:48:51,411] {processor.py:642} INFO - Processing file /home/airflow/env/lib/python3.8/site-packages/airflow/example_dags/example_latest_only.py for tasks to queue
[2022-03-23 18:48:51,412] {logging_mixin.py:109} INFO - [2022-03-23 18:48:51,411] {dagbag.py:500} INFO - Filling up the DagBag from /home/airflow/env/lib/python3.8/site-packages/airflow/example_dags/example_latest_only.py
[2022-03-23 18:48:51,429] {processor.py:654} INFO - DAG(s) dict_keys(['latest_only']) retrieved from /home/airflow/env/lib/python3.8/site-packages/airflow/example_dags/example_latest_only.py
[2022-03-23 18:48:51,438] {logging_mixin.py:109} INFO - [2022-03-23 18:48:51,438] {dag.py:2396} INFO - Sync 1 DAGs
[2022-03-23 18:48:51,450] {logging_mixin.py:109} INFO - [2022-03-23 18:48:51,450] {dag.py:2935} INFO - Setting next_dagrun for latest_only to 2022-03-23T14:48:51.450398+00:00
[2022-03-23 18:48:51,468] {processor.py:171} INFO - Processing /home/airflow/env/lib/python3.8/site-packages/airflow/example_dags/example_latest_only.py took 0.061 seconds
[2022-03-23 18:49:25,335] {processor.py:163} INFO - Started process (PID=6923) to work on /home/airflow/env/lib/python3.8/site-packages/airflow/example_dags/example_latest_only.py
[2022-03-23 18:49:25,337] {processor.py:642} INFO - Processing file /home/airflow/env/lib/python3.8/site-packages/airflow/example_dags/example_latest_only.py for tasks to queue
[2022-03-23 18:49:25,339] {logging_mixin.py:109} INFO - [2022-03-23 18:49:25,338] {dagbag.py:500} INFO - Filling up the DagBag from /home/airflow/env/lib/python3.8/site-packages/airflow/example_dags/example_latest_only.py
[2022-03-23 18:49:25,394] {processor.py:654} INFO - DAG(s) dict_keys(['latest_only']) retrieved from /home/airflow/env/lib/python3.8/site-packages/airflow/example_dags/example_latest_only.py
[2022-03-23 18:49:25,417] {logging_mixin.py:109} INFO - [2022-03-23 18:49:25,417] {dag.py:2396} INFO - Sync 1 DAGs
[2022-03-23 18:49:25,429] {logging_mixin.py:109} INFO - [2022-03-23 18:49:25,429] {dag.py:2935} INFO - Setting next_dagrun for latest_only to 2022-03-23T14:49:25.428785+00:00
[2022-03-23 18:49:25,449] {processor.py:171} INFO - Processing /home/airflow/env/lib/python3.8/site-packages/airflow/example_dags/example_latest_only.py took 0.117 seconds
[2022-03-23 18:49:57,582] {processor.py:163} INFO - Started process (PID=7014) to work on /home/airflow/env/lib/python3.8/site-packages/airflow/example_dags/example_latest_only.py
[2022-03-23 18:49:57,583] {processor.py:642} INFO - Processing file /home/airflow/env/lib/python3.8/site-packages/airflow/example_dags/example_latest_only.py for tasks to queue
[2022-03-23 18:49:57,583] {logging_mixin.py:109} INFO - [2022-03-23 18:49:57,583] {dagbag.py:500} INFO - Filling up the DagBag from /home/airflow/env/lib/python3.8/site-packages/airflow/example_dags/example_latest_only.py
[2022-03-23 18:49:57,598] {processor.py:654} INFO - DAG(s) dict_keys(['latest_only']) retrieved from /home/airflow/env/lib/python3.8/site-packages/airflow/example_dags/example_latest_only.py
[2022-03-23 18:49:57,606] {logging_mixin.py:109} INFO - [2022-03-23 18:49:57,606] {dag.py:2396} INFO - Sync 1 DAGs
[2022-03-23 18:49:57,620] {logging_mixin.py:109} INFO - [2022-03-23 18:49:57,620] {dag.py:2935} INFO - Setting next_dagrun for latest_only to 2022-03-23T14:49:57.619656+00:00
[2022-03-23 18:49:57,640] {processor.py:171} INFO - Processing /home/airflow/env/lib/python3.8/site-packages/airflow/example_dags/example_latest_only.py took 0.061 seconds
[2022-03-23 18:50:30,183] {processor.py:163} INFO - Started process (PID=7050) to work on /home/airflow/env/lib/python3.8/site-packages/airflow/example_dags/example_latest_only.py
[2022-03-23 18:50:30,190] {processor.py:642} INFO - Processing file /home/airflow/env/lib/python3.8/site-packages/airflow/example_dags/example_latest_only.py for tasks to queue
[2022-03-23 18:50:30,190] {logging_mixin.py:109} INFO - [2022-03-23 18:50:30,190] {dagbag.py:500} INFO - Filling up the DagBag from /home/airflow/env/lib/python3.8/site-packages/airflow/example_dags/example_latest_only.py
[2022-03-23 18:50:30,220] {processor.py:654} INFO - DAG(s) dict_keys(['latest_only']) retrieved from /home/airflow/env/lib/python3.8/site-packages/airflow/example_dags/example_latest_only.py
[2022-03-23 18:50:30,236] {logging_mixin.py:109} INFO - [2022-03-23 18:50:30,236] {dag.py:2396} INFO - Sync 1 DAGs
[2022-03-23 18:50:30,259] {logging_mixin.py:109} INFO - [2022-03-23 18:50:30,259] {dag.py:2935} INFO - Setting next_dagrun for latest_only to 2022-03-23T14:50:30.259173+00:00
[2022-03-23 18:50:30,283] {processor.py:171} INFO - Processing /home/airflow/env/lib/python3.8/site-packages/airflow/example_dags/example_latest_only.py took 0.106 seconds
[2022-03-23 18:51:03,893] {processor.py:163} INFO - Started process (PID=7132) to work on /home/airflow/env/lib/python3.8/site-packages/airflow/example_dags/example_latest_only.py
[2022-03-23 18:51:03,894] {processor.py:642} INFO - Processing file /home/airflow/env/lib/python3.8/site-packages/airflow/example_dags/example_latest_only.py for tasks to queue
[2022-03-23 18:51:03,895] {logging_mixin.py:109} INFO - [2022-03-23 18:51:03,895] {dagbag.py:500} INFO - Filling up the DagBag from /home/airflow/env/lib/python3.8/site-packages/airflow/example_dags/example_latest_only.py
[2022-03-23 18:51:03,913] {processor.py:654} INFO - DAG(s) dict_keys(['latest_only']) retrieved from /home/airflow/env/lib/python3.8/site-packages/airflow/example_dags/example_latest_only.py
[2022-03-23 18:51:03,924] {logging_mixin.py:109} INFO - [2022-03-23 18:51:03,924] {dag.py:2396} INFO - Sync 1 DAGs
[2022-03-23 18:51:03,938] {logging_mixin.py:109} INFO - [2022-03-23 18:51:03,938] {dag.py:2935} INFO - Setting next_dagrun for latest_only to 2022-03-23T14:51:03.938105+00:00
[2022-03-23 18:51:03,955] {processor.py:171} INFO - Processing /home/airflow/env/lib/python3.8/site-packages/airflow/example_dags/example_latest_only.py took 0.065 seconds
[2022-03-23 18:51:35,055] {processor.py:163} INFO - Started process (PID=7164) to work on /home/airflow/env/lib/python3.8/site-packages/airflow/example_dags/example_latest_only.py
[2022-03-23 18:51:35,056] {processor.py:642} INFO - Processing file /home/airflow/env/lib/python3.8/site-packages/airflow/example_dags/example_latest_only.py for tasks to queue
[2022-03-23 18:51:35,057] {logging_mixin.py:109} INFO - [2022-03-23 18:51:35,057] {dagbag.py:500} INFO - Filling up the DagBag from /home/airflow/env/lib/python3.8/site-packages/airflow/example_dags/example_latest_only.py
[2022-03-23 18:51:35,073] {processor.py:654} INFO - DAG(s) dict_keys(['latest_only']) retrieved from /home/airflow/env/lib/python3.8/site-packages/airflow/example_dags/example_latest_only.py
[2022-03-23 18:51:35,082] {logging_mixin.py:109} INFO - [2022-03-23 18:51:35,082] {dag.py:2396} INFO - Sync 1 DAGs
[2022-03-23 18:51:35,092] {logging_mixin.py:109} INFO - [2022-03-23 18:51:35,092] {dag.py:2935} INFO - Setting next_dagrun for latest_only to 2022-03-23T14:51:35.092150+00:00
[2022-03-23 18:51:35,109] {processor.py:171} INFO - Processing /home/airflow/env/lib/python3.8/site-packages/airflow/example_dags/example_latest_only.py took 0.056 seconds
[2022-03-23 18:52:08,621] {processor.py:163} INFO - Started process (PID=7196) to work on /home/airflow/env/lib/python3.8/site-packages/airflow/example_dags/example_latest_only.py
[2022-03-23 18:52:08,622] {processor.py:642} INFO - Processing file /home/airflow/env/lib/python3.8/site-packages/airflow/example_dags/example_latest_only.py for tasks to queue
[2022-03-23 18:52:08,623] {logging_mixin.py:109} INFO - [2022-03-23 18:52:08,623] {dagbag.py:500} INFO - Filling up the DagBag from /home/airflow/env/lib/python3.8/site-packages/airflow/example_dags/example_latest_only.py
[2022-03-23 18:52:08,651] {processor.py:654} INFO - DAG(s) dict_keys(['latest_only']) retrieved from /home/airflow/env/lib/python3.8/site-packages/airflow/example_dags/example_latest_only.py
[2022-03-23 18:52:08,658] {logging_mixin.py:109} INFO - [2022-03-23 18:52:08,658] {dag.py:2396} INFO - Sync 1 DAGs
[2022-03-23 18:52:08,669] {logging_mixin.py:109} INFO - [2022-03-23 18:52:08,669] {dag.py:2935} INFO - Setting next_dagrun for latest_only to 2022-03-23T14:52:08.669323+00:00
[2022-03-23 18:52:08,686] {processor.py:171} INFO - Processing /home/airflow/env/lib/python3.8/site-packages/airflow/example_dags/example_latest_only.py took 0.067 seconds
[2022-03-23 18:52:40,201] {processor.py:163} INFO - Started process (PID=7228) to work on /home/airflow/env/lib/python3.8/site-packages/airflow/example_dags/example_latest_only.py
[2022-03-23 18:52:40,202] {processor.py:642} INFO - Processing file /home/airflow/env/lib/python3.8/site-packages/airflow/example_dags/example_latest_only.py for tasks to queue
[2022-03-23 18:52:40,203] {logging_mixin.py:109} INFO - [2022-03-23 18:52:40,203] {dagbag.py:500} INFO - Filling up the DagBag from /home/airflow/env/lib/python3.8/site-packages/airflow/example_dags/example_latest_only.py
[2022-03-23 18:52:40,229] {processor.py:654} INFO - DAG(s) dict_keys(['latest_only']) retrieved from /home/airflow/env/lib/python3.8/site-packages/airflow/example_dags/example_latest_only.py
[2022-03-23 18:52:40,242] {logging_mixin.py:109} INFO - [2022-03-23 18:52:40,241] {dag.py:2396} INFO - Sync 1 DAGs
[2022-03-23 18:52:40,269] {logging_mixin.py:109} INFO - [2022-03-23 18:52:40,269] {dag.py:2935} INFO - Setting next_dagrun for latest_only to 2022-03-23T14:52:40.268979+00:00
[2022-03-23 18:52:40,296] {processor.py:171} INFO - Processing /home/airflow/env/lib/python3.8/site-packages/airflow/example_dags/example_latest_only.py took 0.098 seconds
[2022-03-23 18:53:11,368] {processor.py:163} INFO - Started process (PID=7258) to work on /home/airflow/env/lib/python3.8/site-packages/airflow/example_dags/example_latest_only.py
[2022-03-23 18:53:11,369] {processor.py:642} INFO - Processing file /home/airflow/env/lib/python3.8/site-packages/airflow/example_dags/example_latest_only.py for tasks to queue
[2022-03-23 18:53:11,369] {logging_mixin.py:109} INFO - [2022-03-23 18:53:11,369] {dagbag.py:500} INFO - Filling up the DagBag from /home/airflow/env/lib/python3.8/site-packages/airflow/example_dags/example_latest_only.py
[2022-03-23 18:53:11,385] {processor.py:654} INFO - DAG(s) dict_keys(['latest_only']) retrieved from /home/airflow/env/lib/python3.8/site-packages/airflow/example_dags/example_latest_only.py
[2022-03-23 18:53:11,394] {logging_mixin.py:109} INFO - [2022-03-23 18:53:11,394] {dag.py:2396} INFO - Sync 1 DAGs
[2022-03-23 18:53:11,405] {logging_mixin.py:109} INFO - [2022-03-23 18:53:11,405] {dag.py:2935} INFO - Setting next_dagrun for latest_only to 2022-03-23T14:53:11.404781+00:00
[2022-03-23 18:53:11,421] {processor.py:171} INFO - Processing /home/airflow/env/lib/python3.8/site-packages/airflow/example_dags/example_latest_only.py took 0.056 seconds
[2022-03-23 18:53:43,464] {processor.py:163} INFO - Started process (PID=7289) to work on /home/airflow/env/lib/python3.8/site-packages/airflow/example_dags/example_latest_only.py
[2022-03-23 18:53:43,466] {processor.py:642} INFO - Processing file /home/airflow/env/lib/python3.8/site-packages/airflow/example_dags/example_latest_only.py for tasks to queue
[2022-03-23 18:53:43,466] {logging_mixin.py:109} INFO - [2022-03-23 18:53:43,466] {dagbag.py:500} INFO - Filling up the DagBag from /home/airflow/env/lib/python3.8/site-packages/airflow/example_dags/example_latest_only.py
[2022-03-23 18:53:43,481] {processor.py:654} INFO - DAG(s) dict_keys(['latest_only']) retrieved from /home/airflow/env/lib/python3.8/site-packages/airflow/example_dags/example_latest_only.py
[2022-03-23 18:53:43,490] {logging_mixin.py:109} INFO - [2022-03-23 18:53:43,489] {dag.py:2396} INFO - Sync 1 DAGs
[2022-03-23 18:53:43,500] {logging_mixin.py:109} INFO - [2022-03-23 18:53:43,500] {dag.py:2935} INFO - Setting next_dagrun for latest_only to 2022-03-23T14:53:43.500462+00:00
[2022-03-23 18:53:43,519] {processor.py:171} INFO - Processing /home/airflow/env/lib/python3.8/site-packages/airflow/example_dags/example_latest_only.py took 0.057 seconds
[2022-03-23 18:54:16,162] {processor.py:163} INFO - Started process (PID=7321) to work on /home/airflow/env/lib/python3.8/site-packages/airflow/example_dags/example_latest_only.py
[2022-03-23 18:54:16,163] {processor.py:642} INFO - Processing file /home/airflow/env/lib/python3.8/site-packages/airflow/example_dags/example_latest_only.py for tasks to queue
[2022-03-23 18:54:16,163] {logging_mixin.py:109} INFO - [2022-03-23 18:54:16,163] {dagbag.py:500} INFO - Filling up the DagBag from /home/airflow/env/lib/python3.8/site-packages/airflow/example_dags/example_latest_only.py
[2022-03-23 18:54:16,183] {processor.py:654} INFO - DAG(s) dict_keys(['latest_only']) retrieved from /home/airflow/env/lib/python3.8/site-packages/airflow/example_dags/example_latest_only.py
[2022-03-23 18:54:16,191] {logging_mixin.py:109} INFO - [2022-03-23 18:54:16,191] {dag.py:2396} INFO - Sync 1 DAGs
[2022-03-23 18:54:16,211] {logging_mixin.py:109} INFO - [2022-03-23 18:54:16,210] {dag.py:2935} INFO - Setting next_dagrun for latest_only to 2022-03-23T14:54:16.210681+00:00
[2022-03-23 18:54:16,230] {processor.py:171} INFO - Processing /home/airflow/env/lib/python3.8/site-packages/airflow/example_dags/example_latest_only.py took 0.071 seconds
[2022-03-23 18:54:48,283] {processor.py:163} INFO - Started process (PID=7352) to work on /home/airflow/env/lib/python3.8/site-packages/airflow/example_dags/example_latest_only.py
[2022-03-23 18:54:48,284] {processor.py:642} INFO - Processing file /home/airflow/env/lib/python3.8/site-packages/airflow/example_dags/example_latest_only.py for tasks to queue
[2022-03-23 18:54:48,284] {logging_mixin.py:109} INFO - [2022-03-23 18:54:48,284] {dagbag.py:500} INFO - Filling up the DagBag from /home/airflow/env/lib/python3.8/site-packages/airflow/example_dags/example_latest_only.py
[2022-03-23 18:54:48,303] {processor.py:654} INFO - DAG(s) dict_keys(['latest_only']) retrieved from /home/airflow/env/lib/python3.8/site-packages/airflow/example_dags/example_latest_only.py
[2022-03-23 18:54:48,312] {logging_mixin.py:109} INFO - [2022-03-23 18:54:48,312] {dag.py:2396} INFO - Sync 1 DAGs
[2022-03-23 18:54:48,324] {logging_mixin.py:109} INFO - [2022-03-23 18:54:48,324] {dag.py:2935} INFO - Setting next_dagrun for latest_only to 2022-03-23T14:54:48.323985+00:00
[2022-03-23 18:54:48,345] {processor.py:171} INFO - Processing /home/airflow/env/lib/python3.8/site-packages/airflow/example_dags/example_latest_only.py took 0.065 seconds
[2022-03-23 18:55:22,014] {processor.py:163} INFO - Started process (PID=7386) to work on /home/airflow/env/lib/python3.8/site-packages/airflow/example_dags/example_latest_only.py
[2022-03-23 18:55:22,015] {processor.py:642} INFO - Processing file /home/airflow/env/lib/python3.8/site-packages/airflow/example_dags/example_latest_only.py for tasks to queue
[2022-03-23 18:55:22,016] {logging_mixin.py:109} INFO - [2022-03-23 18:55:22,016] {dagbag.py:500} INFO - Filling up the DagBag from /home/airflow/env/lib/python3.8/site-packages/airflow/example_dags/example_latest_only.py
[2022-03-23 18:55:22,032] {processor.py:654} INFO - DAG(s) dict_keys(['latest_only']) retrieved from /home/airflow/env/lib/python3.8/site-packages/airflow/example_dags/example_latest_only.py
[2022-03-23 18:55:22,040] {logging_mixin.py:109} INFO - [2022-03-23 18:55:22,040] {dag.py:2396} INFO - Sync 1 DAGs
[2022-03-23 18:55:22,051] {logging_mixin.py:109} INFO - [2022-03-23 18:55:22,051] {dag.py:2935} INFO - Setting next_dagrun for latest_only to 2022-03-23T14:55:22.051193+00:00
[2022-03-23 18:55:22,069] {processor.py:171} INFO - Processing /home/airflow/env/lib/python3.8/site-packages/airflow/example_dags/example_latest_only.py took 0.057 seconds
[2022-03-23 18:55:54,192] {processor.py:163} INFO - Started process (PID=7472) to work on /home/airflow/env/lib/python3.8/site-packages/airflow/example_dags/example_latest_only.py
[2022-03-23 18:55:54,194] {processor.py:642} INFO - Processing file /home/airflow/env/lib/python3.8/site-packages/airflow/example_dags/example_latest_only.py for tasks to queue
[2022-03-23 18:55:54,195] {logging_mixin.py:109} INFO - [2022-03-23 18:55:54,195] {dagbag.py:500} INFO - Filling up the DagBag from /home/airflow/env/lib/python3.8/site-packages/airflow/example_dags/example_latest_only.py
[2022-03-23 18:55:54,219] {processor.py:654} INFO - DAG(s) dict_keys(['latest_only']) retrieved from /home/airflow/env/lib/python3.8/site-packages/airflow/example_dags/example_latest_only.py
[2022-03-23 18:55:54,229] {logging_mixin.py:109} INFO - [2022-03-23 18:55:54,229] {dag.py:2396} INFO - Sync 1 DAGs
[2022-03-23 18:55:54,245] {logging_mixin.py:109} INFO - [2022-03-23 18:55:54,245] {dag.py:2935} INFO - Setting next_dagrun for latest_only to 2022-03-23T14:55:54.245107+00:00
[2022-03-23 18:55:54,264] {processor.py:171} INFO - Processing /home/airflow/env/lib/python3.8/site-packages/airflow/example_dags/example_latest_only.py took 0.075 seconds
[2022-03-23 18:56:27,655] {processor.py:163} INFO - Started process (PID=7504) to work on /home/airflow/env/lib/python3.8/site-packages/airflow/example_dags/example_latest_only.py
[2022-03-23 18:56:27,657] {processor.py:642} INFO - Processing file /home/airflow/env/lib/python3.8/site-packages/airflow/example_dags/example_latest_only.py for tasks to queue
[2022-03-23 18:56:27,658] {logging_mixin.py:109} INFO - [2022-03-23 18:56:27,657] {dagbag.py:500} INFO - Filling up the DagBag from /home/airflow/env/lib/python3.8/site-packages/airflow/example_dags/example_latest_only.py
[2022-03-23 18:56:27,684] {processor.py:654} INFO - DAG(s) dict_keys(['latest_only']) retrieved from /home/airflow/env/lib/python3.8/site-packages/airflow/example_dags/example_latest_only.py
[2022-03-23 18:56:27,694] {logging_mixin.py:109} INFO - [2022-03-23 18:56:27,694] {dag.py:2396} INFO - Sync 1 DAGs
[2022-03-23 18:56:27,711] {logging_mixin.py:109} INFO - [2022-03-23 18:56:27,711] {dag.py:2935} INFO - Setting next_dagrun for latest_only to 2022-03-23T14:56:27.710686+00:00
[2022-03-23 18:56:27,735] {processor.py:171} INFO - Processing /home/airflow/env/lib/python3.8/site-packages/airflow/example_dags/example_latest_only.py took 0.083 seconds
[2022-03-23 18:56:59,311] {processor.py:163} INFO - Started process (PID=7534) to work on /home/airflow/env/lib/python3.8/site-packages/airflow/example_dags/example_latest_only.py
[2022-03-23 18:56:59,312] {processor.py:642} INFO - Processing file /home/airflow/env/lib/python3.8/site-packages/airflow/example_dags/example_latest_only.py for tasks to queue
[2022-03-23 18:56:59,313] {logging_mixin.py:109} INFO - [2022-03-23 18:56:59,313] {dagbag.py:500} INFO - Filling up the DagBag from /home/airflow/env/lib/python3.8/site-packages/airflow/example_dags/example_latest_only.py
[2022-03-23 18:56:59,329] {processor.py:654} INFO - DAG(s) dict_keys(['latest_only']) retrieved from /home/airflow/env/lib/python3.8/site-packages/airflow/example_dags/example_latest_only.py
[2022-03-23 18:56:59,337] {logging_mixin.py:109} INFO - [2022-03-23 18:56:59,337] {dag.py:2396} INFO - Sync 1 DAGs
[2022-03-23 18:56:59,348] {logging_mixin.py:109} INFO - [2022-03-23 18:56:59,348] {dag.py:2935} INFO - Setting next_dagrun for latest_only to 2022-03-23T14:56:59.348241+00:00
[2022-03-23 18:56:59,365] {processor.py:171} INFO - Processing /home/airflow/env/lib/python3.8/site-packages/airflow/example_dags/example_latest_only.py took 0.057 seconds
[2022-03-23 18:57:32,223] {processor.py:163} INFO - Started process (PID=7565) to work on /home/airflow/env/lib/python3.8/site-packages/airflow/example_dags/example_latest_only.py
[2022-03-23 18:57:32,224] {processor.py:642} INFO - Processing file /home/airflow/env/lib/python3.8/site-packages/airflow/example_dags/example_latest_only.py for tasks to queue
[2022-03-23 18:57:32,224] {logging_mixin.py:109} INFO - [2022-03-23 18:57:32,224] {dagbag.py:500} INFO - Filling up the DagBag from /home/airflow/env/lib/python3.8/site-packages/airflow/example_dags/example_latest_only.py
[2022-03-23 18:57:32,240] {processor.py:654} INFO - DAG(s) dict_keys(['latest_only']) retrieved from /home/airflow/env/lib/python3.8/site-packages/airflow/example_dags/example_latest_only.py
[2022-03-23 18:57:32,248] {logging_mixin.py:109} INFO - [2022-03-23 18:57:32,248] {dag.py:2396} INFO - Sync 1 DAGs
[2022-03-23 18:57:32,258] {logging_mixin.py:109} INFO - [2022-03-23 18:57:32,258] {dag.py:2935} INFO - Setting next_dagrun for latest_only to 2022-03-23T14:57:32.258302+00:00
[2022-03-23 18:57:32,278] {processor.py:171} INFO - Processing /home/airflow/env/lib/python3.8/site-packages/airflow/example_dags/example_latest_only.py took 0.057 seconds
[2022-03-23 18:58:05,154] {processor.py:163} INFO - Started process (PID=7665) to work on /home/airflow/env/lib/python3.8/site-packages/airflow/example_dags/example_latest_only.py
[2022-03-23 18:58:05,178] {processor.py:642} INFO - Processing file /home/airflow/env/lib/python3.8/site-packages/airflow/example_dags/example_latest_only.py for tasks to queue
[2022-03-23 18:58:05,181] {logging_mixin.py:109} INFO - [2022-03-23 18:58:05,181] {dagbag.py:500} INFO - Filling up the DagBag from /home/airflow/env/lib/python3.8/site-packages/airflow/example_dags/example_latest_only.py
[2022-03-23 18:58:05,302] {processor.py:654} INFO - DAG(s) dict_keys(['latest_only']) retrieved from /home/airflow/env/lib/python3.8/site-packages/airflow/example_dags/example_latest_only.py
[2022-03-23 18:58:05,345] {logging_mixin.py:109} INFO - [2022-03-23 18:58:05,345] {dag.py:2396} INFO - Sync 1 DAGs
[2022-03-23 18:58:05,404] {logging_mixin.py:109} INFO - [2022-03-23 18:58:05,404] {dag.py:2935} INFO - Setting next_dagrun for latest_only to 2022-03-23T14:58:05.401034+00:00
[2022-03-23 18:58:05,436] {processor.py:171} INFO - Processing /home/airflow/env/lib/python3.8/site-packages/airflow/example_dags/example_latest_only.py took 0.287 seconds
[2022-03-23 18:59:01,410] {processor.py:163} INFO - Started process (PID=7856) to work on /home/airflow/env/lib/python3.8/site-packages/airflow/example_dags/example_latest_only.py
[2022-03-23 18:59:01,414] {processor.py:642} INFO - Processing file /home/airflow/env/lib/python3.8/site-packages/airflow/example_dags/example_latest_only.py for tasks to queue
[2022-03-23 18:59:01,414] {logging_mixin.py:109} INFO - [2022-03-23 18:59:01,414] {dagbag.py:500} INFO - Filling up the DagBag from /home/airflow/env/lib/python3.8/site-packages/airflow/example_dags/example_latest_only.py
[2022-03-23 18:59:01,480] {processor.py:654} INFO - DAG(s) dict_keys(['latest_only']) retrieved from /home/airflow/env/lib/python3.8/site-packages/airflow/example_dags/example_latest_only.py
[2022-03-23 18:59:01,528] {logging_mixin.py:109} INFO - [2022-03-23 18:59:01,527] {dag.py:2396} INFO - Sync 1 DAGs
[2022-03-23 18:59:01,654] {logging_mixin.py:109} INFO - [2022-03-23 18:59:01,654] {dag.py:2935} INFO - Setting next_dagrun for latest_only to 2022-03-23T14:59:01.654592+00:00
[2022-03-23 18:59:01,711] {processor.py:171} INFO - Processing /home/airflow/env/lib/python3.8/site-packages/airflow/example_dags/example_latest_only.py took 0.309 seconds
[2022-03-23 18:59:34,659] {processor.py:163} INFO - Started process (PID=7961) to work on /home/airflow/env/lib/python3.8/site-packages/airflow/example_dags/example_latest_only.py
[2022-03-23 18:59:34,661] {processor.py:642} INFO - Processing file /home/airflow/env/lib/python3.8/site-packages/airflow/example_dags/example_latest_only.py for tasks to queue
[2022-03-23 18:59:34,661] {logging_mixin.py:109} INFO - [2022-03-23 18:59:34,661] {dagbag.py:500} INFO - Filling up the DagBag from /home/airflow/env/lib/python3.8/site-packages/airflow/example_dags/example_latest_only.py
[2022-03-23 18:59:34,684] {processor.py:654} INFO - DAG(s) dict_keys(['latest_only']) retrieved from /home/airflow/env/lib/python3.8/site-packages/airflow/example_dags/example_latest_only.py
[2022-03-23 18:59:34,697] {logging_mixin.py:109} INFO - [2022-03-23 18:59:34,697] {dag.py:2396} INFO - Sync 1 DAGs
[2022-03-23 18:59:34,732] {logging_mixin.py:109} INFO - [2022-03-23 18:59:34,731] {dag.py:2935} INFO - Setting next_dagrun for latest_only to 2022-03-23T14:59:34.731476+00:00
[2022-03-23 18:59:34,753] {processor.py:171} INFO - Processing /home/airflow/env/lib/python3.8/site-packages/airflow/example_dags/example_latest_only.py took 0.097 seconds
[2022-03-23 19:00:09,843] {processor.py:163} INFO - Started process (PID=8128) to work on /home/airflow/env/lib/python3.8/site-packages/airflow/example_dags/example_latest_only.py
[2022-03-23 19:00:09,849] {processor.py:642} INFO - Processing file /home/airflow/env/lib/python3.8/site-packages/airflow/example_dags/example_latest_only.py for tasks to queue
[2022-03-23 19:00:09,857] {logging_mixin.py:109} INFO - [2022-03-23 19:00:09,857] {dagbag.py:500} INFO - Filling up the DagBag from /home/airflow/env/lib/python3.8/site-packages/airflow/example_dags/example_latest_only.py
[2022-03-23 19:00:09,951] {processor.py:654} INFO - DAG(s) dict_keys(['latest_only']) retrieved from /home/airflow/env/lib/python3.8/site-packages/airflow/example_dags/example_latest_only.py
[2022-03-23 19:00:09,999] {logging_mixin.py:109} INFO - [2022-03-23 19:00:09,999] {dag.py:2396} INFO - Sync 1 DAGs
[2022-03-23 19:00:10,065] {logging_mixin.py:109} INFO - [2022-03-23 19:00:10,065] {dag.py:2935} INFO - Setting next_dagrun for latest_only to 2022-03-23T15:00:10.065353+00:00
[2022-03-23 19:00:10,107] {processor.py:171} INFO - Processing /home/airflow/env/lib/python3.8/site-packages/airflow/example_dags/example_latest_only.py took 0.287 seconds
[2022-03-23 19:00:44,971] {processor.py:163} INFO - Started process (PID=8394) to work on /home/airflow/env/lib/python3.8/site-packages/airflow/example_dags/example_latest_only.py
[2022-03-23 19:00:44,972] {processor.py:642} INFO - Processing file /home/airflow/env/lib/python3.8/site-packages/airflow/example_dags/example_latest_only.py for tasks to queue
[2022-03-23 19:00:44,973] {logging_mixin.py:109} INFO - [2022-03-23 19:00:44,973] {dagbag.py:500} INFO - Filling up the DagBag from /home/airflow/env/lib/python3.8/site-packages/airflow/example_dags/example_latest_only.py
[2022-03-23 19:00:45,000] {processor.py:654} INFO - DAG(s) dict_keys(['latest_only']) retrieved from /home/airflow/env/lib/python3.8/site-packages/airflow/example_dags/example_latest_only.py
[2022-03-23 19:00:45,016] {logging_mixin.py:109} INFO - [2022-03-23 19:00:45,016] {dag.py:2396} INFO - Sync 1 DAGs
[2022-03-23 19:00:45,036] {logging_mixin.py:109} INFO - [2022-03-23 19:00:45,035] {dag.py:2935} INFO - Setting next_dagrun for latest_only to 2022-03-23T15:00:45.035498+00:00
[2022-03-23 19:00:45,059] {processor.py:171} INFO - Processing /home/airflow/env/lib/python3.8/site-packages/airflow/example_dags/example_latest_only.py took 0.092 seconds
[2022-03-23 19:01:21,791] {processor.py:163} INFO - Started process (PID=8459) to work on /home/airflow/env/lib/python3.8/site-packages/airflow/example_dags/example_latest_only.py
[2022-03-23 19:01:21,792] {processor.py:642} INFO - Processing file /home/airflow/env/lib/python3.8/site-packages/airflow/example_dags/example_latest_only.py for tasks to queue
[2022-03-23 19:01:21,793] {logging_mixin.py:109} INFO - [2022-03-23 19:01:21,793] {dagbag.py:500} INFO - Filling up the DagBag from /home/airflow/env/lib/python3.8/site-packages/airflow/example_dags/example_latest_only.py
[2022-03-23 19:01:21,813] {processor.py:654} INFO - DAG(s) dict_keys(['latest_only']) retrieved from /home/airflow/env/lib/python3.8/site-packages/airflow/example_dags/example_latest_only.py
[2022-03-23 19:01:21,828] {logging_mixin.py:109} INFO - [2022-03-23 19:01:21,828] {dag.py:2396} INFO - Sync 1 DAGs
[2022-03-23 19:01:21,841] {logging_mixin.py:109} INFO - [2022-03-23 19:01:21,841] {dag.py:2935} INFO - Setting next_dagrun for latest_only to 2022-03-23T15:01:21.841529+00:00
[2022-03-23 19:01:21,859] {processor.py:171} INFO - Processing /home/airflow/env/lib/python3.8/site-packages/airflow/example_dags/example_latest_only.py took 0.071 seconds
[2022-03-23 19:01:56,645] {processor.py:163} INFO - Started process (PID=8542) to work on /home/airflow/env/lib/python3.8/site-packages/airflow/example_dags/example_latest_only.py
[2022-03-23 19:01:56,646] {processor.py:642} INFO - Processing file /home/airflow/env/lib/python3.8/site-packages/airflow/example_dags/example_latest_only.py for tasks to queue
[2022-03-23 19:01:56,646] {logging_mixin.py:109} INFO - [2022-03-23 19:01:56,646] {dagbag.py:500} INFO - Filling up the DagBag from /home/airflow/env/lib/python3.8/site-packages/airflow/example_dags/example_latest_only.py
[2022-03-23 19:01:56,667] {processor.py:654} INFO - DAG(s) dict_keys(['latest_only']) retrieved from /home/airflow/env/lib/python3.8/site-packages/airflow/example_dags/example_latest_only.py
[2022-03-23 19:01:56,676] {logging_mixin.py:109} INFO - [2022-03-23 19:01:56,676] {dag.py:2396} INFO - Sync 1 DAGs
[2022-03-23 19:01:56,688] {logging_mixin.py:109} INFO - [2022-03-23 19:01:56,688] {dag.py:2935} INFO - Setting next_dagrun for latest_only to 2022-03-23T15:01:56.688236+00:00
[2022-03-23 19:01:56,706] {processor.py:171} INFO - Processing /home/airflow/env/lib/python3.8/site-packages/airflow/example_dags/example_latest_only.py took 0.064 seconds
[2022-03-23 19:02:34,374] {processor.py:163} INFO - Started process (PID=8620) to work on /home/airflow/env/lib/python3.8/site-packages/airflow/example_dags/example_latest_only.py
[2022-03-23 19:02:34,375] {processor.py:642} INFO - Processing file /home/airflow/env/lib/python3.8/site-packages/airflow/example_dags/example_latest_only.py for tasks to queue
[2022-03-23 19:02:34,376] {logging_mixin.py:109} INFO - [2022-03-23 19:02:34,375] {dagbag.py:500} INFO - Filling up the DagBag from /home/airflow/env/lib/python3.8/site-packages/airflow/example_dags/example_latest_only.py
[2022-03-23 19:02:34,393] {processor.py:654} INFO - DAG(s) dict_keys(['latest_only']) retrieved from /home/airflow/env/lib/python3.8/site-packages/airflow/example_dags/example_latest_only.py
[2022-03-23 19:02:34,403] {logging_mixin.py:109} INFO - [2022-03-23 19:02:34,402] {dag.py:2396} INFO - Sync 1 DAGs
[2022-03-23 19:02:34,413] {logging_mixin.py:109} INFO - [2022-03-23 19:02:34,413] {dag.py:2935} INFO - Setting next_dagrun for latest_only to 2022-03-23T15:02:34.413681+00:00
[2022-03-23 19:02:34,434] {processor.py:171} INFO - Processing /home/airflow/env/lib/python3.8/site-packages/airflow/example_dags/example_latest_only.py took 0.062 seconds
[2022-03-23 19:03:06,838] {processor.py:163} INFO - Started process (PID=8738) to work on /home/airflow/env/lib/python3.8/site-packages/airflow/example_dags/example_latest_only.py
[2022-03-23 19:03:06,839] {processor.py:642} INFO - Processing file /home/airflow/env/lib/python3.8/site-packages/airflow/example_dags/example_latest_only.py for tasks to queue
[2022-03-23 19:03:06,840] {logging_mixin.py:109} INFO - [2022-03-23 19:03:06,840] {dagbag.py:500} INFO - Filling up the DagBag from /home/airflow/env/lib/python3.8/site-packages/airflow/example_dags/example_latest_only.py
[2022-03-23 19:03:06,857] {processor.py:654} INFO - DAG(s) dict_keys(['latest_only']) retrieved from /home/airflow/env/lib/python3.8/site-packages/airflow/example_dags/example_latest_only.py
[2022-03-23 19:03:06,865] {logging_mixin.py:109} INFO - [2022-03-23 19:03:06,865] {dag.py:2396} INFO - Sync 1 DAGs
[2022-03-23 19:03:06,875] {logging_mixin.py:109} INFO - [2022-03-23 19:03:06,875] {dag.py:2935} INFO - Setting next_dagrun for latest_only to 2022-03-23T15:03:06.875672+00:00
[2022-03-23 19:03:06,891] {processor.py:171} INFO - Processing /home/airflow/env/lib/python3.8/site-packages/airflow/example_dags/example_latest_only.py took 0.056 seconds
[2022-03-23 19:03:39,559] {processor.py:163} INFO - Started process (PID=8838) to work on /home/airflow/env/lib/python3.8/site-packages/airflow/example_dags/example_latest_only.py
[2022-03-23 19:03:39,565] {processor.py:642} INFO - Processing file /home/airflow/env/lib/python3.8/site-packages/airflow/example_dags/example_latest_only.py for tasks to queue
[2022-03-23 19:03:39,566] {logging_mixin.py:109} INFO - [2022-03-23 19:03:39,566] {dagbag.py:500} INFO - Filling up the DagBag from /home/airflow/env/lib/python3.8/site-packages/airflow/example_dags/example_latest_only.py
[2022-03-23 19:03:39,583] {processor.py:654} INFO - DAG(s) dict_keys(['latest_only']) retrieved from /home/airflow/env/lib/python3.8/site-packages/airflow/example_dags/example_latest_only.py
[2022-03-23 19:03:39,592] {logging_mixin.py:109} INFO - [2022-03-23 19:03:39,592] {dag.py:2396} INFO - Sync 1 DAGs
[2022-03-23 19:03:39,603] {logging_mixin.py:109} INFO - [2022-03-23 19:03:39,603] {dag.py:2935} INFO - Setting next_dagrun for latest_only to 2022-03-23T15:03:39.602721+00:00
[2022-03-23 19:03:39,616] {processor.py:171} INFO - Processing /home/airflow/env/lib/python3.8/site-packages/airflow/example_dags/example_latest_only.py took 0.060 seconds
[2022-03-23 19:04:17,589] {processor.py:163} INFO - Started process (PID=8973) to work on /home/airflow/env/lib/python3.8/site-packages/airflow/example_dags/example_latest_only.py
[2022-03-23 19:04:17,591] {processor.py:642} INFO - Processing file /home/airflow/env/lib/python3.8/site-packages/airflow/example_dags/example_latest_only.py for tasks to queue
[2022-03-23 19:04:17,592] {logging_mixin.py:109} INFO - [2022-03-23 19:04:17,591] {dagbag.py:500} INFO - Filling up the DagBag from /home/airflow/env/lib/python3.8/site-packages/airflow/example_dags/example_latest_only.py
[2022-03-23 19:04:17,608] {processor.py:654} INFO - DAG(s) dict_keys(['latest_only']) retrieved from /home/airflow/env/lib/python3.8/site-packages/airflow/example_dags/example_latest_only.py
[2022-03-23 19:04:17,616] {logging_mixin.py:109} INFO - [2022-03-23 19:04:17,616] {dag.py:2396} INFO - Sync 1 DAGs
[2022-03-23 19:04:17,627] {logging_mixin.py:109} INFO - [2022-03-23 19:04:17,627] {dag.py:2935} INFO - Setting next_dagrun for latest_only to 2022-03-23T15:04:17.626793+00:00
[2022-03-23 19:04:17,645] {processor.py:171} INFO - Processing /home/airflow/env/lib/python3.8/site-packages/airflow/example_dags/example_latest_only.py took 0.059 seconds
[2022-03-23 19:05:04,930] {processor.py:163} INFO - Started process (PID=9077) to work on /home/airflow/env/lib/python3.8/site-packages/airflow/example_dags/example_latest_only.py
[2022-03-23 19:05:04,935] {processor.py:642} INFO - Processing file /home/airflow/env/lib/python3.8/site-packages/airflow/example_dags/example_latest_only.py for tasks to queue
[2022-03-23 19:05:04,936] {logging_mixin.py:109} INFO - [2022-03-23 19:05:04,936] {dagbag.py:500} INFO - Filling up the DagBag from /home/airflow/env/lib/python3.8/site-packages/airflow/example_dags/example_latest_only.py
[2022-03-23 19:05:05,054] {processor.py:654} INFO - DAG(s) dict_keys(['latest_only']) retrieved from /home/airflow/env/lib/python3.8/site-packages/airflow/example_dags/example_latest_only.py
[2022-03-23 19:05:05,081] {logging_mixin.py:109} INFO - [2022-03-23 19:05:05,081] {dag.py:2396} INFO - Sync 1 DAGs
[2022-03-23 19:05:05,147] {logging_mixin.py:109} INFO - [2022-03-23 19:05:05,147] {dag.py:2935} INFO - Setting next_dagrun for latest_only to 2022-03-23T15:05:05.147245+00:00
[2022-03-23 19:05:05,255] {processor.py:171} INFO - Processing /home/airflow/env/lib/python3.8/site-packages/airflow/example_dags/example_latest_only.py took 0.336 seconds
[2022-03-23 19:05:42,945] {processor.py:163} INFO - Started process (PID=9176) to work on /home/airflow/env/lib/python3.8/site-packages/airflow/example_dags/example_latest_only.py
[2022-03-23 19:05:42,980] {processor.py:642} INFO - Processing file /home/airflow/env/lib/python3.8/site-packages/airflow/example_dags/example_latest_only.py for tasks to queue
[2022-03-23 19:05:42,981] {logging_mixin.py:109} INFO - [2022-03-23 19:05:42,981] {dagbag.py:500} INFO - Filling up the DagBag from /home/airflow/env/lib/python3.8/site-packages/airflow/example_dags/example_latest_only.py
[2022-03-23 19:05:43,001] {processor.py:654} INFO - DAG(s) dict_keys(['latest_only']) retrieved from /home/airflow/env/lib/python3.8/site-packages/airflow/example_dags/example_latest_only.py
[2022-03-23 19:05:43,009] {logging_mixin.py:109} INFO - [2022-03-23 19:05:43,009] {dag.py:2396} INFO - Sync 1 DAGs
[2022-03-23 19:05:43,023] {logging_mixin.py:109} INFO - [2022-03-23 19:05:43,023] {dag.py:2935} INFO - Setting next_dagrun for latest_only to 2022-03-23T15:05:43.023379+00:00
[2022-03-23 19:05:43,132] {processor.py:171} INFO - Processing /home/airflow/env/lib/python3.8/site-packages/airflow/example_dags/example_latest_only.py took 0.189 seconds
[2022-03-23 19:06:19,847] {processor.py:163} INFO - Started process (PID=9212) to work on /home/airflow/env/lib/python3.8/site-packages/airflow/example_dags/example_latest_only.py
[2022-03-23 19:06:19,848] {processor.py:642} INFO - Processing file /home/airflow/env/lib/python3.8/site-packages/airflow/example_dags/example_latest_only.py for tasks to queue
[2022-03-23 19:06:19,849] {logging_mixin.py:109} INFO - [2022-03-23 19:06:19,848] {dagbag.py:500} INFO - Filling up the DagBag from /home/airflow/env/lib/python3.8/site-packages/airflow/example_dags/example_latest_only.py
[2022-03-23 19:06:19,866] {processor.py:654} INFO - DAG(s) dict_keys(['latest_only']) retrieved from /home/airflow/env/lib/python3.8/site-packages/airflow/example_dags/example_latest_only.py
[2022-03-23 19:06:19,877] {logging_mixin.py:109} INFO - [2022-03-23 19:06:19,877] {dag.py:2396} INFO - Sync 1 DAGs
[2022-03-23 19:06:19,897] {logging_mixin.py:109} INFO - [2022-03-23 19:06:19,896] {dag.py:2935} INFO - Setting next_dagrun for latest_only to 2022-03-23T15:06:19.896462+00:00
[2022-03-23 19:06:19,921] {processor.py:171} INFO - Processing /home/airflow/env/lib/python3.8/site-packages/airflow/example_dags/example_latest_only.py took 0.077 seconds
[2022-03-23 19:06:54,728] {processor.py:163} INFO - Started process (PID=9245) to work on /home/airflow/env/lib/python3.8/site-packages/airflow/example_dags/example_latest_only.py
[2022-03-23 19:06:54,730] {processor.py:642} INFO - Processing file /home/airflow/env/lib/python3.8/site-packages/airflow/example_dags/example_latest_only.py for tasks to queue
[2022-03-23 19:06:54,730] {logging_mixin.py:109} INFO - [2022-03-23 19:06:54,730] {dagbag.py:500} INFO - Filling up the DagBag from /home/airflow/env/lib/python3.8/site-packages/airflow/example_dags/example_latest_only.py
[2022-03-23 19:06:54,753] {processor.py:654} INFO - DAG(s) dict_keys(['latest_only']) retrieved from /home/airflow/env/lib/python3.8/site-packages/airflow/example_dags/example_latest_only.py
[2022-03-23 19:06:54,763] {logging_mixin.py:109} INFO - [2022-03-23 19:06:54,763] {dag.py:2396} INFO - Sync 1 DAGs
[2022-03-23 19:06:54,774] {logging_mixin.py:109} INFO - [2022-03-23 19:06:54,774] {dag.py:2935} INFO - Setting next_dagrun for latest_only to 2022-03-23T15:06:54.774065+00:00
[2022-03-23 19:06:54,791] {processor.py:171} INFO - Processing /home/airflow/env/lib/python3.8/site-packages/airflow/example_dags/example_latest_only.py took 0.065 seconds
[2022-03-23 19:07:27,410] {processor.py:163} INFO - Started process (PID=9278) to work on /home/airflow/env/lib/python3.8/site-packages/airflow/example_dags/example_latest_only.py
[2022-03-23 19:07:27,411] {processor.py:642} INFO - Processing file /home/airflow/env/lib/python3.8/site-packages/airflow/example_dags/example_latest_only.py for tasks to queue
[2022-03-23 19:07:27,412] {logging_mixin.py:109} INFO - [2022-03-23 19:07:27,412] {dagbag.py:500} INFO - Filling up the DagBag from /home/airflow/env/lib/python3.8/site-packages/airflow/example_dags/example_latest_only.py
[2022-03-23 19:07:27,433] {processor.py:654} INFO - DAG(s) dict_keys(['latest_only']) retrieved from /home/airflow/env/lib/python3.8/site-packages/airflow/example_dags/example_latest_only.py
[2022-03-23 19:07:27,443] {logging_mixin.py:109} INFO - [2022-03-23 19:07:27,443] {dag.py:2396} INFO - Sync 1 DAGs
[2022-03-23 19:07:27,458] {logging_mixin.py:109} INFO - [2022-03-23 19:07:27,458] {dag.py:2935} INFO - Setting next_dagrun for latest_only to 2022-03-23T15:07:27.458328+00:00
[2022-03-23 19:07:27,476] {processor.py:171} INFO - Processing /home/airflow/env/lib/python3.8/site-packages/airflow/example_dags/example_latest_only.py took 0.068 seconds
[2022-03-23 19:08:00,390] {processor.py:163} INFO - Started process (PID=9311) to work on /home/airflow/env/lib/python3.8/site-packages/airflow/example_dags/example_latest_only.py
[2022-03-23 19:08:00,391] {processor.py:642} INFO - Processing file /home/airflow/env/lib/python3.8/site-packages/airflow/example_dags/example_latest_only.py for tasks to queue
[2022-03-23 19:08:00,392] {logging_mixin.py:109} INFO - [2022-03-23 19:08:00,391] {dagbag.py:500} INFO - Filling up the DagBag from /home/airflow/env/lib/python3.8/site-packages/airflow/example_dags/example_latest_only.py
[2022-03-23 19:08:00,409] {processor.py:654} INFO - DAG(s) dict_keys(['latest_only']) retrieved from /home/airflow/env/lib/python3.8/site-packages/airflow/example_dags/example_latest_only.py
[2022-03-23 19:08:00,417] {logging_mixin.py:109} INFO - [2022-03-23 19:08:00,417] {dag.py:2396} INFO - Sync 1 DAGs
[2022-03-23 19:08:00,430] {logging_mixin.py:109} INFO - [2022-03-23 19:08:00,430] {dag.py:2935} INFO - Setting next_dagrun for latest_only to 2022-03-23T15:08:00.429970+00:00
[2022-03-23 19:08:00,448] {processor.py:171} INFO - Processing /home/airflow/env/lib/python3.8/site-packages/airflow/example_dags/example_latest_only.py took 0.060 seconds
[2022-03-23 19:08:35,781] {processor.py:163} INFO - Started process (PID=9345) to work on /home/airflow/env/lib/python3.8/site-packages/airflow/example_dags/example_latest_only.py
[2022-03-23 19:08:35,782] {processor.py:642} INFO - Processing file /home/airflow/env/lib/python3.8/site-packages/airflow/example_dags/example_latest_only.py for tasks to queue
[2022-03-23 19:08:35,783] {logging_mixin.py:109} INFO - [2022-03-23 19:08:35,783] {dagbag.py:500} INFO - Filling up the DagBag from /home/airflow/env/lib/python3.8/site-packages/airflow/example_dags/example_latest_only.py
[2022-03-23 19:08:35,802] {processor.py:654} INFO - DAG(s) dict_keys(['latest_only']) retrieved from /home/airflow/env/lib/python3.8/site-packages/airflow/example_dags/example_latest_only.py
[2022-03-23 19:08:35,811] {logging_mixin.py:109} INFO - [2022-03-23 19:08:35,811] {dag.py:2396} INFO - Sync 1 DAGs
[2022-03-23 19:08:35,824] {logging_mixin.py:109} INFO - [2022-03-23 19:08:35,823] {dag.py:2935} INFO - Setting next_dagrun for latest_only to 2022-03-23T15:08:35.823206+00:00
[2022-03-23 19:08:35,844] {processor.py:171} INFO - Processing /home/airflow/env/lib/python3.8/site-packages/airflow/example_dags/example_latest_only.py took 0.066 seconds
[2022-03-23 19:09:12,863] {processor.py:163} INFO - Started process (PID=9378) to work on /home/airflow/env/lib/python3.8/site-packages/airflow/example_dags/example_latest_only.py
[2022-03-23 19:09:12,870] {processor.py:642} INFO - Processing file /home/airflow/env/lib/python3.8/site-packages/airflow/example_dags/example_latest_only.py for tasks to queue
[2022-03-23 19:09:12,871] {logging_mixin.py:109} INFO - [2022-03-23 19:09:12,871] {dagbag.py:500} INFO - Filling up the DagBag from /home/airflow/env/lib/python3.8/site-packages/airflow/example_dags/example_latest_only.py
[2022-03-23 19:09:12,920] {processor.py:654} INFO - DAG(s) dict_keys(['latest_only']) retrieved from /home/airflow/env/lib/python3.8/site-packages/airflow/example_dags/example_latest_only.py
[2022-03-23 19:09:12,939] {logging_mixin.py:109} INFO - [2022-03-23 19:09:12,939] {dag.py:2396} INFO - Sync 1 DAGs
[2022-03-23 19:09:13,010] {logging_mixin.py:109} INFO - [2022-03-23 19:09:13,010] {dag.py:2935} INFO - Setting next_dagrun for latest_only to 2022-03-23T15:09:12.999799+00:00
[2022-03-23 19:09:13,034] {processor.py:171} INFO - Processing /home/airflow/env/lib/python3.8/site-packages/airflow/example_dags/example_latest_only.py took 0.183 seconds
[2022-03-23 19:09:49,114] {processor.py:163} INFO - Started process (PID=9411) to work on /home/airflow/env/lib/python3.8/site-packages/airflow/example_dags/example_latest_only.py
[2022-03-23 19:09:49,116] {processor.py:642} INFO - Processing file /home/airflow/env/lib/python3.8/site-packages/airflow/example_dags/example_latest_only.py for tasks to queue
[2022-03-23 19:09:49,118] {logging_mixin.py:109} INFO - [2022-03-23 19:09:49,117] {dagbag.py:500} INFO - Filling up the DagBag from /home/airflow/env/lib/python3.8/site-packages/airflow/example_dags/example_latest_only.py
[2022-03-23 19:09:49,136] {processor.py:654} INFO - DAG(s) dict_keys(['latest_only']) retrieved from /home/airflow/env/lib/python3.8/site-packages/airflow/example_dags/example_latest_only.py
[2022-03-23 19:09:49,144] {logging_mixin.py:109} INFO - [2022-03-23 19:09:49,144] {dag.py:2396} INFO - Sync 1 DAGs
[2022-03-23 19:09:49,157] {logging_mixin.py:109} INFO - [2022-03-23 19:09:49,157] {dag.py:2935} INFO - Setting next_dagrun for latest_only to 2022-03-23T15:09:49.157334+00:00
[2022-03-23 19:09:49,175] {processor.py:171} INFO - Processing /home/airflow/env/lib/python3.8/site-packages/airflow/example_dags/example_latest_only.py took 0.064 seconds
[2022-03-23 19:10:23,080] {processor.py:163} INFO - Started process (PID=9445) to work on /home/airflow/env/lib/python3.8/site-packages/airflow/example_dags/example_latest_only.py
[2022-03-23 19:10:23,082] {processor.py:642} INFO - Processing file /home/airflow/env/lib/python3.8/site-packages/airflow/example_dags/example_latest_only.py for tasks to queue
[2022-03-23 19:10:23,083] {logging_mixin.py:109} INFO - [2022-03-23 19:10:23,082] {dagbag.py:500} INFO - Filling up the DagBag from /home/airflow/env/lib/python3.8/site-packages/airflow/example_dags/example_latest_only.py
[2022-03-23 19:10:23,108] {processor.py:654} INFO - DAG(s) dict_keys(['latest_only']) retrieved from /home/airflow/env/lib/python3.8/site-packages/airflow/example_dags/example_latest_only.py
[2022-03-23 19:10:23,121] {logging_mixin.py:109} INFO - [2022-03-23 19:10:23,121] {dag.py:2396} INFO - Sync 1 DAGs
[2022-03-23 19:10:23,139] {logging_mixin.py:109} INFO - [2022-03-23 19:10:23,138] {dag.py:2935} INFO - Setting next_dagrun for latest_only to 2022-03-23T15:10:23.138558+00:00
[2022-03-23 19:10:23,152] {processor.py:171} INFO - Processing /home/airflow/env/lib/python3.8/site-packages/airflow/example_dags/example_latest_only.py took 0.076 seconds
[2022-03-23 19:10:59,130] {processor.py:163} INFO - Started process (PID=9536) to work on /home/airflow/env/lib/python3.8/site-packages/airflow/example_dags/example_latest_only.py
[2022-03-23 19:10:59,131] {processor.py:642} INFO - Processing file /home/airflow/env/lib/python3.8/site-packages/airflow/example_dags/example_latest_only.py for tasks to queue
[2022-03-23 19:10:59,131] {logging_mixin.py:109} INFO - [2022-03-23 19:10:59,131] {dagbag.py:500} INFO - Filling up the DagBag from /home/airflow/env/lib/python3.8/site-packages/airflow/example_dags/example_latest_only.py
[2022-03-23 19:10:59,254] {processor.py:654} INFO - DAG(s) dict_keys(['latest_only']) retrieved from /home/airflow/env/lib/python3.8/site-packages/airflow/example_dags/example_latest_only.py
[2022-03-23 19:10:59,291] {logging_mixin.py:109} INFO - [2022-03-23 19:10:59,291] {dag.py:2396} INFO - Sync 1 DAGs
[2022-03-23 19:10:59,371] {logging_mixin.py:109} INFO - [2022-03-23 19:10:59,371] {dag.py:2935} INFO - Setting next_dagrun for latest_only to 2022-03-23T15:10:59.371407+00:00
[2022-03-23 19:10:59,406] {processor.py:171} INFO - Processing /home/airflow/env/lib/python3.8/site-packages/airflow/example_dags/example_latest_only.py took 0.330 seconds
[2022-03-23 19:11:34,048] {processor.py:163} INFO - Started process (PID=9571) to work on /home/airflow/env/lib/python3.8/site-packages/airflow/example_dags/example_latest_only.py
[2022-03-23 19:11:34,049] {processor.py:642} INFO - Processing file /home/airflow/env/lib/python3.8/site-packages/airflow/example_dags/example_latest_only.py for tasks to queue
[2022-03-23 19:11:34,050] {logging_mixin.py:109} INFO - [2022-03-23 19:11:34,050] {dagbag.py:500} INFO - Filling up the DagBag from /home/airflow/env/lib/python3.8/site-packages/airflow/example_dags/example_latest_only.py
[2022-03-23 19:11:34,067] {processor.py:654} INFO - DAG(s) dict_keys(['latest_only']) retrieved from /home/airflow/env/lib/python3.8/site-packages/airflow/example_dags/example_latest_only.py
[2022-03-23 19:11:34,076] {logging_mixin.py:109} INFO - [2022-03-23 19:11:34,076] {dag.py:2396} INFO - Sync 1 DAGs
[2022-03-23 19:11:34,087] {logging_mixin.py:109} INFO - [2022-03-23 19:11:34,087] {dag.py:2935} INFO - Setting next_dagrun for latest_only to 2022-03-23T15:11:34.087449+00:00
[2022-03-23 19:11:34,109] {processor.py:171} INFO - Processing /home/airflow/env/lib/python3.8/site-packages/airflow/example_dags/example_latest_only.py took 0.063 seconds
[2022-03-23 19:12:06,776] {processor.py:163} INFO - Started process (PID=9641) to work on /home/airflow/env/lib/python3.8/site-packages/airflow/example_dags/example_latest_only.py
[2022-03-23 19:12:06,777] {processor.py:642} INFO - Processing file /home/airflow/env/lib/python3.8/site-packages/airflow/example_dags/example_latest_only.py for tasks to queue
[2022-03-23 19:12:06,777] {logging_mixin.py:109} INFO - [2022-03-23 19:12:06,777] {dagbag.py:500} INFO - Filling up the DagBag from /home/airflow/env/lib/python3.8/site-packages/airflow/example_dags/example_latest_only.py
[2022-03-23 19:12:06,792] {processor.py:654} INFO - DAG(s) dict_keys(['latest_only']) retrieved from /home/airflow/env/lib/python3.8/site-packages/airflow/example_dags/example_latest_only.py
[2022-03-23 19:12:06,800] {logging_mixin.py:109} INFO - [2022-03-23 19:12:06,800] {dag.py:2396} INFO - Sync 1 DAGs
[2022-03-23 19:12:06,811] {logging_mixin.py:109} INFO - [2022-03-23 19:12:06,811] {dag.py:2935} INFO - Setting next_dagrun for latest_only to 2022-03-23T15:12:06.811084+00:00
[2022-03-23 19:12:06,826] {processor.py:171} INFO - Processing /home/airflow/env/lib/python3.8/site-packages/airflow/example_dags/example_latest_only.py took 0.053 seconds
[2022-03-23 19:12:45,397] {processor.py:163} INFO - Started process (PID=9781) to work on /home/airflow/env/lib/python3.8/site-packages/airflow/example_dags/example_latest_only.py
[2022-03-23 19:12:45,404] {processor.py:642} INFO - Processing file /home/airflow/env/lib/python3.8/site-packages/airflow/example_dags/example_latest_only.py for tasks to queue
[2022-03-23 19:12:45,405] {logging_mixin.py:109} INFO - [2022-03-23 19:12:45,405] {dagbag.py:500} INFO - Filling up the DagBag from /home/airflow/env/lib/python3.8/site-packages/airflow/example_dags/example_latest_only.py
[2022-03-23 19:12:45,431] {processor.py:654} INFO - DAG(s) dict_keys(['latest_only']) retrieved from /home/airflow/env/lib/python3.8/site-packages/airflow/example_dags/example_latest_only.py
[2022-03-23 19:12:45,445] {logging_mixin.py:109} INFO - [2022-03-23 19:12:45,445] {dag.py:2396} INFO - Sync 1 DAGs
[2022-03-23 19:12:45,461] {logging_mixin.py:109} INFO - [2022-03-23 19:12:45,461] {dag.py:2935} INFO - Setting next_dagrun for latest_only to 2022-03-23T15:12:45.461442+00:00
[2022-03-23 19:12:45,476] {processor.py:171} INFO - Processing /home/airflow/env/lib/python3.8/site-packages/airflow/example_dags/example_latest_only.py took 0.085 seconds
[2022-03-23 19:13:21,107] {processor.py:163} INFO - Started process (PID=10001) to work on /home/airflow/env/lib/python3.8/site-packages/airflow/example_dags/example_latest_only.py
[2022-03-23 19:13:21,109] {processor.py:642} INFO - Processing file /home/airflow/env/lib/python3.8/site-packages/airflow/example_dags/example_latest_only.py for tasks to queue
[2022-03-23 19:13:21,110] {logging_mixin.py:109} INFO - [2022-03-23 19:13:21,110] {dagbag.py:500} INFO - Filling up the DagBag from /home/airflow/env/lib/python3.8/site-packages/airflow/example_dags/example_latest_only.py
[2022-03-23 19:13:21,151] {processor.py:654} INFO - DAG(s) dict_keys(['latest_only']) retrieved from /home/airflow/env/lib/python3.8/site-packages/airflow/example_dags/example_latest_only.py
[2022-03-23 19:13:21,163] {logging_mixin.py:109} INFO - [2022-03-23 19:13:21,162] {dag.py:2396} INFO - Sync 1 DAGs
[2022-03-23 19:13:21,182] {logging_mixin.py:109} INFO - [2022-03-23 19:13:21,182] {dag.py:2935} INFO - Setting next_dagrun for latest_only to 2022-03-23T15:13:21.182245+00:00
[2022-03-23 19:13:21,206] {processor.py:171} INFO - Processing /home/airflow/env/lib/python3.8/site-packages/airflow/example_dags/example_latest_only.py took 0.105 seconds
[2022-03-23 19:13:56,596] {processor.py:163} INFO - Started process (PID=10103) to work on /home/airflow/env/lib/python3.8/site-packages/airflow/example_dags/example_latest_only.py
[2022-03-23 19:13:56,606] {processor.py:642} INFO - Processing file /home/airflow/env/lib/python3.8/site-packages/airflow/example_dags/example_latest_only.py for tasks to queue
[2022-03-23 19:13:56,606] {logging_mixin.py:109} INFO - [2022-03-23 19:13:56,606] {dagbag.py:500} INFO - Filling up the DagBag from /home/airflow/env/lib/python3.8/site-packages/airflow/example_dags/example_latest_only.py
[2022-03-23 19:13:56,701] {processor.py:654} INFO - DAG(s) dict_keys(['latest_only']) retrieved from /home/airflow/env/lib/python3.8/site-packages/airflow/example_dags/example_latest_only.py
[2022-03-23 19:13:56,744] {logging_mixin.py:109} INFO - [2022-03-23 19:13:56,744] {dag.py:2396} INFO - Sync 1 DAGs
[2022-03-23 19:13:56,776] {logging_mixin.py:109} INFO - [2022-03-23 19:13:56,776] {dag.py:2935} INFO - Setting next_dagrun for latest_only to 2022-03-23T15:13:56.776409+00:00
[2022-03-23 19:13:56,809] {processor.py:171} INFO - Processing /home/airflow/env/lib/python3.8/site-packages/airflow/example_dags/example_latest_only.py took 0.215 seconds
