[2022-03-23 18:35:55,170] {processor.py:163} INFO - Started process (PID=5164) to work on /home/airflow/env/lib/python3.8/site-packages/airflow/example_dags/example_bash_operator.py
[2022-03-23 18:35:55,171] {processor.py:642} INFO - Processing file /home/airflow/env/lib/python3.8/site-packages/airflow/example_dags/example_bash_operator.py for tasks to queue
[2022-03-23 18:35:55,172] {logging_mixin.py:109} INFO - [2022-03-23 18:35:55,172] {dagbag.py:500} INFO - Filling up the DagBag from /home/airflow/env/lib/python3.8/site-packages/airflow/example_dags/example_bash_operator.py
[2022-03-23 18:35:55,191] {processor.py:654} INFO - DAG(s) dict_keys(['example_bash_operator']) retrieved from /home/airflow/env/lib/python3.8/site-packages/airflow/example_dags/example_bash_operator.py
[2022-03-23 18:35:55,199] {logging_mixin.py:109} INFO - [2022-03-23 18:35:55,199] {dag.py:2396} INFO - Sync 1 DAGs
[2022-03-23 18:35:55,211] {logging_mixin.py:109} INFO - [2022-03-23 18:35:55,211] {dag.py:2935} INFO - Setting next_dagrun for example_bash_operator to 2022-03-22 00:00:00+00:00
[2022-03-23 18:35:55,229] {processor.py:171} INFO - Processing /home/airflow/env/lib/python3.8/site-packages/airflow/example_dags/example_bash_operator.py took 0.061 seconds
[2022-03-23 18:36:28,777] {processor.py:163} INFO - Started process (PID=5196) to work on /home/airflow/env/lib/python3.8/site-packages/airflow/example_dags/example_bash_operator.py
[2022-03-23 18:36:28,778] {processor.py:642} INFO - Processing file /home/airflow/env/lib/python3.8/site-packages/airflow/example_dags/example_bash_operator.py for tasks to queue
[2022-03-23 18:36:28,779] {logging_mixin.py:109} INFO - [2022-03-23 18:36:28,779] {dagbag.py:500} INFO - Filling up the DagBag from /home/airflow/env/lib/python3.8/site-packages/airflow/example_dags/example_bash_operator.py
[2022-03-23 18:36:28,799] {processor.py:654} INFO - DAG(s) dict_keys(['example_bash_operator']) retrieved from /home/airflow/env/lib/python3.8/site-packages/airflow/example_dags/example_bash_operator.py
[2022-03-23 18:36:28,808] {logging_mixin.py:109} INFO - [2022-03-23 18:36:28,808] {dag.py:2396} INFO - Sync 1 DAGs
[2022-03-23 18:36:28,821] {logging_mixin.py:109} INFO - [2022-03-23 18:36:28,821] {dag.py:2935} INFO - Setting next_dagrun for example_bash_operator to 2022-03-22 00:00:00+00:00
[2022-03-23 18:36:28,840] {processor.py:171} INFO - Processing /home/airflow/env/lib/python3.8/site-packages/airflow/example_dags/example_bash_operator.py took 0.065 seconds
[2022-03-23 18:37:02,290] {processor.py:163} INFO - Started process (PID=5349) to work on /home/airflow/env/lib/python3.8/site-packages/airflow/example_dags/example_bash_operator.py
[2022-03-23 18:37:02,291] {processor.py:642} INFO - Processing file /home/airflow/env/lib/python3.8/site-packages/airflow/example_dags/example_bash_operator.py for tasks to queue
[2022-03-23 18:37:02,292] {logging_mixin.py:109} INFO - [2022-03-23 18:37:02,292] {dagbag.py:500} INFO - Filling up the DagBag from /home/airflow/env/lib/python3.8/site-packages/airflow/example_dags/example_bash_operator.py
[2022-03-23 18:37:02,319] {processor.py:654} INFO - DAG(s) dict_keys(['example_bash_operator']) retrieved from /home/airflow/env/lib/python3.8/site-packages/airflow/example_dags/example_bash_operator.py
[2022-03-23 18:37:02,331] {logging_mixin.py:109} INFO - [2022-03-23 18:37:02,330] {dag.py:2396} INFO - Sync 1 DAGs
[2022-03-23 18:37:02,346] {logging_mixin.py:109} INFO - [2022-03-23 18:37:02,346] {dag.py:2935} INFO - Setting next_dagrun for example_bash_operator to 2022-03-22 00:00:00+00:00
[2022-03-23 18:37:02,364] {processor.py:171} INFO - Processing /home/airflow/env/lib/python3.8/site-packages/airflow/example_dags/example_bash_operator.py took 0.078 seconds
[2022-03-23 18:37:37,456] {processor.py:163} INFO - Started process (PID=5386) to work on /home/airflow/env/lib/python3.8/site-packages/airflow/example_dags/example_bash_operator.py
[2022-03-23 18:37:37,457] {processor.py:642} INFO - Processing file /home/airflow/env/lib/python3.8/site-packages/airflow/example_dags/example_bash_operator.py for tasks to queue
[2022-03-23 18:37:37,458] {logging_mixin.py:109} INFO - [2022-03-23 18:37:37,458] {dagbag.py:500} INFO - Filling up the DagBag from /home/airflow/env/lib/python3.8/site-packages/airflow/example_dags/example_bash_operator.py
[2022-03-23 18:37:37,478] {processor.py:654} INFO - DAG(s) dict_keys(['example_bash_operator']) retrieved from /home/airflow/env/lib/python3.8/site-packages/airflow/example_dags/example_bash_operator.py
[2022-03-23 18:37:37,487] {logging_mixin.py:109} INFO - [2022-03-23 18:37:37,486] {dag.py:2396} INFO - Sync 1 DAGs
[2022-03-23 18:37:37,498] {logging_mixin.py:109} INFO - [2022-03-23 18:37:37,498] {dag.py:2935} INFO - Setting next_dagrun for example_bash_operator to 2022-03-22 00:00:00+00:00
[2022-03-23 18:37:37,518] {processor.py:171} INFO - Processing /home/airflow/env/lib/python3.8/site-packages/airflow/example_dags/example_bash_operator.py took 0.064 seconds
[2022-03-23 18:38:12,160] {processor.py:163} INFO - Started process (PID=5477) to work on /home/airflow/env/lib/python3.8/site-packages/airflow/example_dags/example_bash_operator.py
[2022-03-23 18:38:12,162] {processor.py:642} INFO - Processing file /home/airflow/env/lib/python3.8/site-packages/airflow/example_dags/example_bash_operator.py for tasks to queue
[2022-03-23 18:38:12,164] {logging_mixin.py:109} INFO - [2022-03-23 18:38:12,163] {dagbag.py:500} INFO - Filling up the DagBag from /home/airflow/env/lib/python3.8/site-packages/airflow/example_dags/example_bash_operator.py
[2022-03-23 18:38:12,196] {processor.py:654} INFO - DAG(s) dict_keys(['example_bash_operator']) retrieved from /home/airflow/env/lib/python3.8/site-packages/airflow/example_dags/example_bash_operator.py
[2022-03-23 18:38:12,209] {logging_mixin.py:109} INFO - [2022-03-23 18:38:12,208] {dag.py:2396} INFO - Sync 1 DAGs
[2022-03-23 18:38:12,232] {logging_mixin.py:109} INFO - [2022-03-23 18:38:12,232] {dag.py:2935} INFO - Setting next_dagrun for example_bash_operator to 2022-03-22 00:00:00+00:00
[2022-03-23 18:38:12,244] {processor.py:171} INFO - Processing /home/airflow/env/lib/python3.8/site-packages/airflow/example_dags/example_bash_operator.py took 0.087 seconds
[2022-03-23 18:38:47,561] {processor.py:163} INFO - Started process (PID=5510) to work on /home/airflow/env/lib/python3.8/site-packages/airflow/example_dags/example_bash_operator.py
[2022-03-23 18:38:47,562] {processor.py:642} INFO - Processing file /home/airflow/env/lib/python3.8/site-packages/airflow/example_dags/example_bash_operator.py for tasks to queue
[2022-03-23 18:38:47,563] {logging_mixin.py:109} INFO - [2022-03-23 18:38:47,563] {dagbag.py:500} INFO - Filling up the DagBag from /home/airflow/env/lib/python3.8/site-packages/airflow/example_dags/example_bash_operator.py
[2022-03-23 18:38:47,589] {processor.py:654} INFO - DAG(s) dict_keys(['example_bash_operator']) retrieved from /home/airflow/env/lib/python3.8/site-packages/airflow/example_dags/example_bash_operator.py
[2022-03-23 18:38:47,600] {logging_mixin.py:109} INFO - [2022-03-23 18:38:47,600] {dag.py:2396} INFO - Sync 1 DAGs
[2022-03-23 18:38:47,615] {logging_mixin.py:109} INFO - [2022-03-23 18:38:47,615] {dag.py:2935} INFO - Setting next_dagrun for example_bash_operator to 2022-03-22 00:00:00+00:00
[2022-03-23 18:38:47,636] {processor.py:171} INFO - Processing /home/airflow/env/lib/python3.8/site-packages/airflow/example_dags/example_bash_operator.py took 0.078 seconds
[2022-03-23 18:39:32,748] {processor.py:163} INFO - Started process (PID=5601) to work on /home/airflow/env/lib/python3.8/site-packages/airflow/example_dags/example_bash_operator.py
[2022-03-23 18:39:32,754] {processor.py:642} INFO - Processing file /home/airflow/env/lib/python3.8/site-packages/airflow/example_dags/example_bash_operator.py for tasks to queue
[2022-03-23 18:39:32,755] {logging_mixin.py:109} INFO - [2022-03-23 18:39:32,755] {dagbag.py:500} INFO - Filling up the DagBag from /home/airflow/env/lib/python3.8/site-packages/airflow/example_dags/example_bash_operator.py
[2022-03-23 18:39:32,779] {processor.py:654} INFO - DAG(s) dict_keys(['example_bash_operator']) retrieved from /home/airflow/env/lib/python3.8/site-packages/airflow/example_dags/example_bash_operator.py
[2022-03-23 18:39:32,789] {logging_mixin.py:109} INFO - [2022-03-23 18:39:32,789] {dag.py:2396} INFO - Sync 1 DAGs
[2022-03-23 18:39:32,803] {logging_mixin.py:109} INFO - [2022-03-23 18:39:32,803] {dag.py:2935} INFO - Setting next_dagrun for example_bash_operator to 2022-03-22 00:00:00+00:00
[2022-03-23 18:39:32,816] {processor.py:171} INFO - Processing /home/airflow/env/lib/python3.8/site-packages/airflow/example_dags/example_bash_operator.py took 0.070 seconds
[2022-03-23 18:40:09,729] {processor.py:163} INFO - Started process (PID=5724) to work on /home/airflow/env/lib/python3.8/site-packages/airflow/example_dags/example_bash_operator.py
[2022-03-23 18:40:09,731] {processor.py:642} INFO - Processing file /home/airflow/env/lib/python3.8/site-packages/airflow/example_dags/example_bash_operator.py for tasks to queue
[2022-03-23 18:40:09,732] {logging_mixin.py:109} INFO - [2022-03-23 18:40:09,732] {dagbag.py:500} INFO - Filling up the DagBag from /home/airflow/env/lib/python3.8/site-packages/airflow/example_dags/example_bash_operator.py
[2022-03-23 18:40:09,760] {processor.py:654} INFO - DAG(s) dict_keys(['example_bash_operator']) retrieved from /home/airflow/env/lib/python3.8/site-packages/airflow/example_dags/example_bash_operator.py
[2022-03-23 18:40:09,775] {logging_mixin.py:109} INFO - [2022-03-23 18:40:09,775] {dag.py:2396} INFO - Sync 1 DAGs
[2022-03-23 18:40:09,794] {logging_mixin.py:109} INFO - [2022-03-23 18:40:09,794] {dag.py:2935} INFO - Setting next_dagrun for example_bash_operator to 2022-03-22 00:00:00+00:00
[2022-03-23 18:40:09,818] {processor.py:171} INFO - Processing /home/airflow/env/lib/python3.8/site-packages/airflow/example_dags/example_bash_operator.py took 0.092 seconds
[2022-03-23 18:40:45,162] {processor.py:163} INFO - Started process (PID=5906) to work on /home/airflow/env/lib/python3.8/site-packages/airflow/example_dags/example_bash_operator.py
[2022-03-23 18:40:45,163] {processor.py:642} INFO - Processing file /home/airflow/env/lib/python3.8/site-packages/airflow/example_dags/example_bash_operator.py for tasks to queue
[2022-03-23 18:40:45,164] {logging_mixin.py:109} INFO - [2022-03-23 18:40:45,164] {dagbag.py:500} INFO - Filling up the DagBag from /home/airflow/env/lib/python3.8/site-packages/airflow/example_dags/example_bash_operator.py
[2022-03-23 18:40:45,213] {processor.py:654} INFO - DAG(s) dict_keys(['example_bash_operator']) retrieved from /home/airflow/env/lib/python3.8/site-packages/airflow/example_dags/example_bash_operator.py
[2022-03-23 18:40:45,236] {logging_mixin.py:109} INFO - [2022-03-23 18:40:45,236] {dag.py:2396} INFO - Sync 1 DAGs
[2022-03-23 18:40:45,263] {logging_mixin.py:109} INFO - [2022-03-23 18:40:45,263] {dag.py:2935} INFO - Setting next_dagrun for example_bash_operator to 2022-03-22 00:00:00+00:00
[2022-03-23 18:40:45,287] {processor.py:171} INFO - Processing /home/airflow/env/lib/python3.8/site-packages/airflow/example_dags/example_bash_operator.py took 0.136 seconds
[2022-03-23 18:41:20,926] {processor.py:163} INFO - Started process (PID=6042) to work on /home/airflow/env/lib/python3.8/site-packages/airflow/example_dags/example_bash_operator.py
[2022-03-23 18:41:20,932] {processor.py:642} INFO - Processing file /home/airflow/env/lib/python3.8/site-packages/airflow/example_dags/example_bash_operator.py for tasks to queue
[2022-03-23 18:41:20,932] {logging_mixin.py:109} INFO - [2022-03-23 18:41:20,932] {dagbag.py:500} INFO - Filling up the DagBag from /home/airflow/env/lib/python3.8/site-packages/airflow/example_dags/example_bash_operator.py
[2022-03-23 18:41:20,953] {processor.py:654} INFO - DAG(s) dict_keys(['example_bash_operator']) retrieved from /home/airflow/env/lib/python3.8/site-packages/airflow/example_dags/example_bash_operator.py
[2022-03-23 18:41:20,962] {logging_mixin.py:109} INFO - [2022-03-23 18:41:20,962] {dag.py:2396} INFO - Sync 1 DAGs
[2022-03-23 18:41:20,975] {logging_mixin.py:109} INFO - [2022-03-23 18:41:20,975] {dag.py:2935} INFO - Setting next_dagrun for example_bash_operator to 2022-03-22 00:00:00+00:00
[2022-03-23 18:41:20,988] {processor.py:171} INFO - Processing /home/airflow/env/lib/python3.8/site-packages/airflow/example_dags/example_bash_operator.py took 0.064 seconds
[2022-03-23 18:42:05,603] {processor.py:163} INFO - Started process (PID=6239) to work on /home/airflow/env/lib/python3.8/site-packages/airflow/example_dags/example_bash_operator.py
[2022-03-23 18:42:05,604] {processor.py:642} INFO - Processing file /home/airflow/env/lib/python3.8/site-packages/airflow/example_dags/example_bash_operator.py for tasks to queue
[2022-03-23 18:42:05,604] {logging_mixin.py:109} INFO - [2022-03-23 18:42:05,604] {dagbag.py:500} INFO - Filling up the DagBag from /home/airflow/env/lib/python3.8/site-packages/airflow/example_dags/example_bash_operator.py
[2022-03-23 18:42:05,624] {processor.py:654} INFO - DAG(s) dict_keys(['example_bash_operator']) retrieved from /home/airflow/env/lib/python3.8/site-packages/airflow/example_dags/example_bash_operator.py
[2022-03-23 18:42:05,633] {logging_mixin.py:109} INFO - [2022-03-23 18:42:05,633] {dag.py:2396} INFO - Sync 1 DAGs
[2022-03-23 18:42:05,644] {logging_mixin.py:109} INFO - [2022-03-23 18:42:05,644] {dag.py:2935} INFO - Setting next_dagrun for example_bash_operator to 2022-03-22 00:00:00+00:00
[2022-03-23 18:42:05,660] {processor.py:171} INFO - Processing /home/airflow/env/lib/python3.8/site-packages/airflow/example_dags/example_bash_operator.py took 0.060 seconds
[2022-03-23 18:42:39,127] {processor.py:163} INFO - Started process (PID=6421) to work on /home/airflow/env/lib/python3.8/site-packages/airflow/example_dags/example_bash_operator.py
[2022-03-23 18:42:39,128] {processor.py:642} INFO - Processing file /home/airflow/env/lib/python3.8/site-packages/airflow/example_dags/example_bash_operator.py for tasks to queue
[2022-03-23 18:42:39,129] {logging_mixin.py:109} INFO - [2022-03-23 18:42:39,129] {dagbag.py:500} INFO - Filling up the DagBag from /home/airflow/env/lib/python3.8/site-packages/airflow/example_dags/example_bash_operator.py
[2022-03-23 18:42:39,152] {processor.py:654} INFO - DAG(s) dict_keys(['example_bash_operator']) retrieved from /home/airflow/env/lib/python3.8/site-packages/airflow/example_dags/example_bash_operator.py
[2022-03-23 18:42:39,162] {logging_mixin.py:109} INFO - [2022-03-23 18:42:39,162] {dag.py:2396} INFO - Sync 1 DAGs
[2022-03-23 18:42:39,176] {logging_mixin.py:109} INFO - [2022-03-23 18:42:39,176] {dag.py:2935} INFO - Setting next_dagrun for example_bash_operator to 2022-03-22 00:00:00+00:00
[2022-03-23 18:42:39,193] {processor.py:171} INFO - Processing /home/airflow/env/lib/python3.8/site-packages/airflow/example_dags/example_bash_operator.py took 0.069 seconds
[2022-03-23 18:43:12,612] {processor.py:163} INFO - Started process (PID=6454) to work on /home/airflow/env/lib/python3.8/site-packages/airflow/example_dags/example_bash_operator.py
[2022-03-23 18:43:12,614] {processor.py:642} INFO - Processing file /home/airflow/env/lib/python3.8/site-packages/airflow/example_dags/example_bash_operator.py for tasks to queue
[2022-03-23 18:43:12,615] {logging_mixin.py:109} INFO - [2022-03-23 18:43:12,615] {dagbag.py:500} INFO - Filling up the DagBag from /home/airflow/env/lib/python3.8/site-packages/airflow/example_dags/example_bash_operator.py
[2022-03-23 18:43:12,653] {processor.py:654} INFO - DAG(s) dict_keys(['example_bash_operator']) retrieved from /home/airflow/env/lib/python3.8/site-packages/airflow/example_dags/example_bash_operator.py
[2022-03-23 18:43:12,662] {logging_mixin.py:109} INFO - [2022-03-23 18:43:12,662] {dag.py:2396} INFO - Sync 1 DAGs
[2022-03-23 18:43:12,674] {logging_mixin.py:109} INFO - [2022-03-23 18:43:12,674] {dag.py:2935} INFO - Setting next_dagrun for example_bash_operator to 2022-03-22 00:00:00+00:00
[2022-03-23 18:43:12,693] {processor.py:171} INFO - Processing /home/airflow/env/lib/python3.8/site-packages/airflow/example_dags/example_bash_operator.py took 0.087 seconds
[2022-03-23 18:43:46,564] {processor.py:163} INFO - Started process (PID=6488) to work on /home/airflow/env/lib/python3.8/site-packages/airflow/example_dags/example_bash_operator.py
[2022-03-23 18:43:46,566] {processor.py:642} INFO - Processing file /home/airflow/env/lib/python3.8/site-packages/airflow/example_dags/example_bash_operator.py for tasks to queue
[2022-03-23 18:43:46,566] {logging_mixin.py:109} INFO - [2022-03-23 18:43:46,566] {dagbag.py:500} INFO - Filling up the DagBag from /home/airflow/env/lib/python3.8/site-packages/airflow/example_dags/example_bash_operator.py
[2022-03-23 18:43:46,588] {processor.py:654} INFO - DAG(s) dict_keys(['example_bash_operator']) retrieved from /home/airflow/env/lib/python3.8/site-packages/airflow/example_dags/example_bash_operator.py
[2022-03-23 18:43:46,598] {logging_mixin.py:109} INFO - [2022-03-23 18:43:46,598] {dag.py:2396} INFO - Sync 1 DAGs
[2022-03-23 18:43:46,612] {logging_mixin.py:109} INFO - [2022-03-23 18:43:46,612] {dag.py:2935} INFO - Setting next_dagrun for example_bash_operator to 2022-03-22 00:00:00+00:00
[2022-03-23 18:43:46,626] {processor.py:171} INFO - Processing /home/airflow/env/lib/python3.8/site-packages/airflow/example_dags/example_bash_operator.py took 0.065 seconds
[2022-03-23 18:44:22,075] {processor.py:163} INFO - Started process (PID=6520) to work on /home/airflow/env/lib/python3.8/site-packages/airflow/example_dags/example_bash_operator.py
[2022-03-23 18:44:22,077] {processor.py:642} INFO - Processing file /home/airflow/env/lib/python3.8/site-packages/airflow/example_dags/example_bash_operator.py for tasks to queue
[2022-03-23 18:44:22,077] {logging_mixin.py:109} INFO - [2022-03-23 18:44:22,077] {dagbag.py:500} INFO - Filling up the DagBag from /home/airflow/env/lib/python3.8/site-packages/airflow/example_dags/example_bash_operator.py
[2022-03-23 18:44:22,110] {processor.py:654} INFO - DAG(s) dict_keys(['example_bash_operator']) retrieved from /home/airflow/env/lib/python3.8/site-packages/airflow/example_dags/example_bash_operator.py
[2022-03-23 18:44:22,125] {logging_mixin.py:109} INFO - [2022-03-23 18:44:22,125] {dag.py:2396} INFO - Sync 1 DAGs
[2022-03-23 18:44:22,147] {logging_mixin.py:109} INFO - [2022-03-23 18:44:22,147] {dag.py:2935} INFO - Setting next_dagrun for example_bash_operator to 2022-03-22 00:00:00+00:00
[2022-03-23 18:44:22,168] {processor.py:171} INFO - Processing /home/airflow/env/lib/python3.8/site-packages/airflow/example_dags/example_bash_operator.py took 0.097 seconds
[2022-03-23 18:44:58,788] {processor.py:163} INFO - Started process (PID=6554) to work on /home/airflow/env/lib/python3.8/site-packages/airflow/example_dags/example_bash_operator.py
[2022-03-23 18:44:58,789] {processor.py:642} INFO - Processing file /home/airflow/env/lib/python3.8/site-packages/airflow/example_dags/example_bash_operator.py for tasks to queue
[2022-03-23 18:44:58,790] {logging_mixin.py:109} INFO - [2022-03-23 18:44:58,789] {dagbag.py:500} INFO - Filling up the DagBag from /home/airflow/env/lib/python3.8/site-packages/airflow/example_dags/example_bash_operator.py
[2022-03-23 18:44:58,811] {processor.py:654} INFO - DAG(s) dict_keys(['example_bash_operator']) retrieved from /home/airflow/env/lib/python3.8/site-packages/airflow/example_dags/example_bash_operator.py
[2022-03-23 18:44:58,821] {logging_mixin.py:109} INFO - [2022-03-23 18:44:58,821] {dag.py:2396} INFO - Sync 1 DAGs
[2022-03-23 18:44:58,834] {logging_mixin.py:109} INFO - [2022-03-23 18:44:58,834] {dag.py:2935} INFO - Setting next_dagrun for example_bash_operator to 2022-03-22 00:00:00+00:00
[2022-03-23 18:44:58,847] {processor.py:171} INFO - Processing /home/airflow/env/lib/python3.8/site-packages/airflow/example_dags/example_bash_operator.py took 0.062 seconds
[2022-03-23 18:45:34,450] {processor.py:163} INFO - Started process (PID=6614) to work on /home/airflow/env/lib/python3.8/site-packages/airflow/example_dags/example_bash_operator.py
[2022-03-23 18:45:34,451] {processor.py:642} INFO - Processing file /home/airflow/env/lib/python3.8/site-packages/airflow/example_dags/example_bash_operator.py for tasks to queue
[2022-03-23 18:45:34,452] {logging_mixin.py:109} INFO - [2022-03-23 18:45:34,452] {dagbag.py:500} INFO - Filling up the DagBag from /home/airflow/env/lib/python3.8/site-packages/airflow/example_dags/example_bash_operator.py
[2022-03-23 18:45:34,473] {processor.py:654} INFO - DAG(s) dict_keys(['example_bash_operator']) retrieved from /home/airflow/env/lib/python3.8/site-packages/airflow/example_dags/example_bash_operator.py
[2022-03-23 18:45:34,484] {logging_mixin.py:109} INFO - [2022-03-23 18:45:34,484] {dag.py:2396} INFO - Sync 1 DAGs
[2022-03-23 18:45:34,500] {logging_mixin.py:109} INFO - [2022-03-23 18:45:34,500] {dag.py:2935} INFO - Setting next_dagrun for example_bash_operator to 2022-03-22 00:00:00+00:00
[2022-03-23 18:45:34,523] {processor.py:171} INFO - Processing /home/airflow/env/lib/python3.8/site-packages/airflow/example_dags/example_bash_operator.py took 0.077 seconds
[2022-03-23 18:46:08,056] {processor.py:163} INFO - Started process (PID=6673) to work on /home/airflow/env/lib/python3.8/site-packages/airflow/example_dags/example_bash_operator.py
[2022-03-23 18:46:08,058] {processor.py:642} INFO - Processing file /home/airflow/env/lib/python3.8/site-packages/airflow/example_dags/example_bash_operator.py for tasks to queue
[2022-03-23 18:46:08,058] {logging_mixin.py:109} INFO - [2022-03-23 18:46:08,058] {dagbag.py:500} INFO - Filling up the DagBag from /home/airflow/env/lib/python3.8/site-packages/airflow/example_dags/example_bash_operator.py
[2022-03-23 18:46:08,085] {processor.py:654} INFO - DAG(s) dict_keys(['example_bash_operator']) retrieved from /home/airflow/env/lib/python3.8/site-packages/airflow/example_dags/example_bash_operator.py
[2022-03-23 18:46:08,093] {logging_mixin.py:109} INFO - [2022-03-23 18:46:08,093] {dag.py:2396} INFO - Sync 1 DAGs
[2022-03-23 18:46:08,108] {logging_mixin.py:109} INFO - [2022-03-23 18:46:08,108] {dag.py:2935} INFO - Setting next_dagrun for example_bash_operator to 2022-03-22 00:00:00+00:00
[2022-03-23 18:46:08,127] {processor.py:171} INFO - Processing /home/airflow/env/lib/python3.8/site-packages/airflow/example_dags/example_bash_operator.py took 0.073 seconds
[2022-03-23 18:46:41,139] {processor.py:163} INFO - Started process (PID=6707) to work on /home/airflow/env/lib/python3.8/site-packages/airflow/example_dags/example_bash_operator.py
[2022-03-23 18:46:41,140] {processor.py:642} INFO - Processing file /home/airflow/env/lib/python3.8/site-packages/airflow/example_dags/example_bash_operator.py for tasks to queue
[2022-03-23 18:46:41,141] {logging_mixin.py:109} INFO - [2022-03-23 18:46:41,141] {dagbag.py:500} INFO - Filling up the DagBag from /home/airflow/env/lib/python3.8/site-packages/airflow/example_dags/example_bash_operator.py
[2022-03-23 18:46:41,165] {processor.py:654} INFO - DAG(s) dict_keys(['example_bash_operator']) retrieved from /home/airflow/env/lib/python3.8/site-packages/airflow/example_dags/example_bash_operator.py
[2022-03-23 18:46:41,174] {logging_mixin.py:109} INFO - [2022-03-23 18:46:41,174] {dag.py:2396} INFO - Sync 1 DAGs
[2022-03-23 18:46:41,189] {logging_mixin.py:109} INFO - [2022-03-23 18:46:41,189] {dag.py:2935} INFO - Setting next_dagrun for example_bash_operator to 2022-03-22 00:00:00+00:00
[2022-03-23 18:46:41,207] {processor.py:171} INFO - Processing /home/airflow/env/lib/python3.8/site-packages/airflow/example_dags/example_bash_operator.py took 0.071 seconds
[2022-03-23 18:47:17,835] {processor.py:163} INFO - Started process (PID=6741) to work on /home/airflow/env/lib/python3.8/site-packages/airflow/example_dags/example_bash_operator.py
[2022-03-23 18:47:17,837] {processor.py:642} INFO - Processing file /home/airflow/env/lib/python3.8/site-packages/airflow/example_dags/example_bash_operator.py for tasks to queue
[2022-03-23 18:47:17,838] {logging_mixin.py:109} INFO - [2022-03-23 18:47:17,838] {dagbag.py:500} INFO - Filling up the DagBag from /home/airflow/env/lib/python3.8/site-packages/airflow/example_dags/example_bash_operator.py
[2022-03-23 18:47:17,875] {processor.py:654} INFO - DAG(s) dict_keys(['example_bash_operator']) retrieved from /home/airflow/env/lib/python3.8/site-packages/airflow/example_dags/example_bash_operator.py
[2022-03-23 18:47:17,895] {logging_mixin.py:109} INFO - [2022-03-23 18:47:17,895] {dag.py:2396} INFO - Sync 1 DAGs
[2022-03-23 18:47:17,914] {logging_mixin.py:109} INFO - [2022-03-23 18:47:17,914] {dag.py:2935} INFO - Setting next_dagrun for example_bash_operator to 2022-03-22 00:00:00+00:00
[2022-03-23 18:47:17,935] {processor.py:171} INFO - Processing /home/airflow/env/lib/python3.8/site-packages/airflow/example_dags/example_bash_operator.py took 0.104 seconds
[2022-03-23 18:47:52,971] {processor.py:163} INFO - Started process (PID=6773) to work on /home/airflow/env/lib/python3.8/site-packages/airflow/example_dags/example_bash_operator.py
[2022-03-23 18:47:52,973] {processor.py:642} INFO - Processing file /home/airflow/env/lib/python3.8/site-packages/airflow/example_dags/example_bash_operator.py for tasks to queue
[2022-03-23 18:47:52,973] {logging_mixin.py:109} INFO - [2022-03-23 18:47:52,973] {dagbag.py:500} INFO - Filling up the DagBag from /home/airflow/env/lib/python3.8/site-packages/airflow/example_dags/example_bash_operator.py
[2022-03-23 18:47:53,000] {processor.py:654} INFO - DAG(s) dict_keys(['example_bash_operator']) retrieved from /home/airflow/env/lib/python3.8/site-packages/airflow/example_dags/example_bash_operator.py
[2022-03-23 18:47:53,013] {logging_mixin.py:109} INFO - [2022-03-23 18:47:53,013] {dag.py:2396} INFO - Sync 1 DAGs
[2022-03-23 18:47:53,032] {logging_mixin.py:109} INFO - [2022-03-23 18:47:53,032] {dag.py:2935} INFO - Setting next_dagrun for example_bash_operator to 2022-03-22 00:00:00+00:00
[2022-03-23 18:47:53,050] {processor.py:171} INFO - Processing /home/airflow/env/lib/python3.8/site-packages/airflow/example_dags/example_bash_operator.py took 0.081 seconds
[2022-03-23 18:48:31,647] {processor.py:163} INFO - Started process (PID=6809) to work on /home/airflow/env/lib/python3.8/site-packages/airflow/example_dags/example_bash_operator.py
[2022-03-23 18:48:31,649] {processor.py:642} INFO - Processing file /home/airflow/env/lib/python3.8/site-packages/airflow/example_dags/example_bash_operator.py for tasks to queue
[2022-03-23 18:48:31,649] {logging_mixin.py:109} INFO - [2022-03-23 18:48:31,649] {dagbag.py:500} INFO - Filling up the DagBag from /home/airflow/env/lib/python3.8/site-packages/airflow/example_dags/example_bash_operator.py
[2022-03-23 18:48:31,671] {processor.py:654} INFO - DAG(s) dict_keys(['example_bash_operator']) retrieved from /home/airflow/env/lib/python3.8/site-packages/airflow/example_dags/example_bash_operator.py
[2022-03-23 18:48:31,680] {logging_mixin.py:109} INFO - [2022-03-23 18:48:31,680] {dag.py:2396} INFO - Sync 1 DAGs
[2022-03-23 18:48:31,694] {logging_mixin.py:109} INFO - [2022-03-23 18:48:31,694] {dag.py:2935} INFO - Setting next_dagrun for example_bash_operator to 2022-03-22 00:00:00+00:00
[2022-03-23 18:48:31,711] {processor.py:171} INFO - Processing /home/airflow/env/lib/python3.8/site-packages/airflow/example_dags/example_bash_operator.py took 0.066 seconds
[2022-03-23 18:49:06,905] {processor.py:163} INFO - Started process (PID=6843) to work on /home/airflow/env/lib/python3.8/site-packages/airflow/example_dags/example_bash_operator.py
[2022-03-23 18:49:06,907] {processor.py:642} INFO - Processing file /home/airflow/env/lib/python3.8/site-packages/airflow/example_dags/example_bash_operator.py for tasks to queue
[2022-03-23 18:49:06,908] {logging_mixin.py:109} INFO - [2022-03-23 18:49:06,908] {dagbag.py:500} INFO - Filling up the DagBag from /home/airflow/env/lib/python3.8/site-packages/airflow/example_dags/example_bash_operator.py
[2022-03-23 18:49:06,948] {processor.py:654} INFO - DAG(s) dict_keys(['example_bash_operator']) retrieved from /home/airflow/env/lib/python3.8/site-packages/airflow/example_dags/example_bash_operator.py
[2022-03-23 18:49:06,971] {logging_mixin.py:109} INFO - [2022-03-23 18:49:06,970] {dag.py:2396} INFO - Sync 1 DAGs
[2022-03-23 18:49:06,997] {logging_mixin.py:109} INFO - [2022-03-23 18:49:06,997] {dag.py:2935} INFO - Setting next_dagrun for example_bash_operator to 2022-03-22 00:00:00+00:00
[2022-03-23 18:49:07,021] {processor.py:171} INFO - Processing /home/airflow/env/lib/python3.8/site-packages/airflow/example_dags/example_bash_operator.py took 0.120 seconds
[2022-03-23 18:49:40,659] {processor.py:163} INFO - Started process (PID=6998) to work on /home/airflow/env/lib/python3.8/site-packages/airflow/example_dags/example_bash_operator.py
[2022-03-23 18:49:40,660] {processor.py:642} INFO - Processing file /home/airflow/env/lib/python3.8/site-packages/airflow/example_dags/example_bash_operator.py for tasks to queue
[2022-03-23 18:49:40,661] {logging_mixin.py:109} INFO - [2022-03-23 18:49:40,661] {dagbag.py:500} INFO - Filling up the DagBag from /home/airflow/env/lib/python3.8/site-packages/airflow/example_dags/example_bash_operator.py
[2022-03-23 18:49:40,685] {processor.py:654} INFO - DAG(s) dict_keys(['example_bash_operator']) retrieved from /home/airflow/env/lib/python3.8/site-packages/airflow/example_dags/example_bash_operator.py
[2022-03-23 18:49:40,694] {logging_mixin.py:109} INFO - [2022-03-23 18:49:40,694] {dag.py:2396} INFO - Sync 1 DAGs
[2022-03-23 18:49:40,707] {logging_mixin.py:109} INFO - [2022-03-23 18:49:40,707] {dag.py:2935} INFO - Setting next_dagrun for example_bash_operator to 2022-03-22 00:00:00+00:00
[2022-03-23 18:49:40,725] {processor.py:171} INFO - Processing /home/airflow/env/lib/python3.8/site-packages/airflow/example_dags/example_bash_operator.py took 0.070 seconds
[2022-03-23 18:50:14,396] {processor.py:163} INFO - Started process (PID=7030) to work on /home/airflow/env/lib/python3.8/site-packages/airflow/example_dags/example_bash_operator.py
[2022-03-23 18:50:14,398] {processor.py:642} INFO - Processing file /home/airflow/env/lib/python3.8/site-packages/airflow/example_dags/example_bash_operator.py for tasks to queue
[2022-03-23 18:50:14,399] {logging_mixin.py:109} INFO - [2022-03-23 18:50:14,399] {dagbag.py:500} INFO - Filling up the DagBag from /home/airflow/env/lib/python3.8/site-packages/airflow/example_dags/example_bash_operator.py
[2022-03-23 18:50:14,420] {processor.py:654} INFO - DAG(s) dict_keys(['example_bash_operator']) retrieved from /home/airflow/env/lib/python3.8/site-packages/airflow/example_dags/example_bash_operator.py
[2022-03-23 18:50:14,429] {logging_mixin.py:109} INFO - [2022-03-23 18:50:14,429] {dag.py:2396} INFO - Sync 1 DAGs
[2022-03-23 18:50:14,441] {logging_mixin.py:109} INFO - [2022-03-23 18:50:14,441] {dag.py:2935} INFO - Setting next_dagrun for example_bash_operator to 2022-03-22 00:00:00+00:00
[2022-03-23 18:50:14,459] {processor.py:171} INFO - Processing /home/airflow/env/lib/python3.8/site-packages/airflow/example_dags/example_bash_operator.py took 0.066 seconds
[2022-03-23 18:50:46,520] {processor.py:163} INFO - Started process (PID=7116) to work on /home/airflow/env/lib/python3.8/site-packages/airflow/example_dags/example_bash_operator.py
[2022-03-23 18:50:46,522] {processor.py:642} INFO - Processing file /home/airflow/env/lib/python3.8/site-packages/airflow/example_dags/example_bash_operator.py for tasks to queue
[2022-03-23 18:50:46,522] {logging_mixin.py:109} INFO - [2022-03-23 18:50:46,522] {dagbag.py:500} INFO - Filling up the DagBag from /home/airflow/env/lib/python3.8/site-packages/airflow/example_dags/example_bash_operator.py
[2022-03-23 18:50:46,543] {processor.py:654} INFO - DAG(s) dict_keys(['example_bash_operator']) retrieved from /home/airflow/env/lib/python3.8/site-packages/airflow/example_dags/example_bash_operator.py
[2022-03-23 18:50:46,553] {logging_mixin.py:109} INFO - [2022-03-23 18:50:46,553] {dag.py:2396} INFO - Sync 1 DAGs
[2022-03-23 18:50:46,565] {logging_mixin.py:109} INFO - [2022-03-23 18:50:46,565] {dag.py:2935} INFO - Setting next_dagrun for example_bash_operator to 2022-03-22 00:00:00+00:00
[2022-03-23 18:50:46,583] {processor.py:171} INFO - Processing /home/airflow/env/lib/python3.8/site-packages/airflow/example_dags/example_bash_operator.py took 0.065 seconds
[2022-03-23 18:51:19,599] {processor.py:163} INFO - Started process (PID=7149) to work on /home/airflow/env/lib/python3.8/site-packages/airflow/example_dags/example_bash_operator.py
[2022-03-23 18:51:19,600] {processor.py:642} INFO - Processing file /home/airflow/env/lib/python3.8/site-packages/airflow/example_dags/example_bash_operator.py for tasks to queue
[2022-03-23 18:51:19,601] {logging_mixin.py:109} INFO - [2022-03-23 18:51:19,601] {dagbag.py:500} INFO - Filling up the DagBag from /home/airflow/env/lib/python3.8/site-packages/airflow/example_dags/example_bash_operator.py
[2022-03-23 18:51:19,632] {processor.py:654} INFO - DAG(s) dict_keys(['example_bash_operator']) retrieved from /home/airflow/env/lib/python3.8/site-packages/airflow/example_dags/example_bash_operator.py
[2022-03-23 18:51:19,642] {logging_mixin.py:109} INFO - [2022-03-23 18:51:19,642] {dag.py:2396} INFO - Sync 1 DAGs
[2022-03-23 18:51:19,654] {logging_mixin.py:109} INFO - [2022-03-23 18:51:19,654] {dag.py:2935} INFO - Setting next_dagrun for example_bash_operator to 2022-03-22 00:00:00+00:00
[2022-03-23 18:51:19,672] {processor.py:171} INFO - Processing /home/airflow/env/lib/python3.8/site-packages/airflow/example_dags/example_bash_operator.py took 0.077 seconds
[2022-03-23 18:51:54,842] {processor.py:163} INFO - Started process (PID=7183) to work on /home/airflow/env/lib/python3.8/site-packages/airflow/example_dags/example_bash_operator.py
[2022-03-23 18:51:54,844] {processor.py:642} INFO - Processing file /home/airflow/env/lib/python3.8/site-packages/airflow/example_dags/example_bash_operator.py for tasks to queue
[2022-03-23 18:51:54,844] {logging_mixin.py:109} INFO - [2022-03-23 18:51:54,844] {dagbag.py:500} INFO - Filling up the DagBag from /home/airflow/env/lib/python3.8/site-packages/airflow/example_dags/example_bash_operator.py
[2022-03-23 18:51:54,864] {processor.py:654} INFO - DAG(s) dict_keys(['example_bash_operator']) retrieved from /home/airflow/env/lib/python3.8/site-packages/airflow/example_dags/example_bash_operator.py
[2022-03-23 18:51:54,873] {logging_mixin.py:109} INFO - [2022-03-23 18:51:54,872] {dag.py:2396} INFO - Sync 1 DAGs
[2022-03-23 18:51:54,886] {logging_mixin.py:109} INFO - [2022-03-23 18:51:54,886] {dag.py:2935} INFO - Setting next_dagrun for example_bash_operator to 2022-03-22 00:00:00+00:00
[2022-03-23 18:51:54,904] {processor.py:171} INFO - Processing /home/airflow/env/lib/python3.8/site-packages/airflow/example_dags/example_bash_operator.py took 0.064 seconds
[2022-03-23 18:52:27,463] {processor.py:163} INFO - Started process (PID=7216) to work on /home/airflow/env/lib/python3.8/site-packages/airflow/example_dags/example_bash_operator.py
[2022-03-23 18:52:27,464] {processor.py:642} INFO - Processing file /home/airflow/env/lib/python3.8/site-packages/airflow/example_dags/example_bash_operator.py for tasks to queue
[2022-03-23 18:52:27,464] {logging_mixin.py:109} INFO - [2022-03-23 18:52:27,464] {dagbag.py:500} INFO - Filling up the DagBag from /home/airflow/env/lib/python3.8/site-packages/airflow/example_dags/example_bash_operator.py
[2022-03-23 18:52:27,484] {processor.py:654} INFO - DAG(s) dict_keys(['example_bash_operator']) retrieved from /home/airflow/env/lib/python3.8/site-packages/airflow/example_dags/example_bash_operator.py
[2022-03-23 18:52:27,493] {logging_mixin.py:109} INFO - [2022-03-23 18:52:27,493] {dag.py:2396} INFO - Sync 1 DAGs
[2022-03-23 18:52:27,505] {logging_mixin.py:109} INFO - [2022-03-23 18:52:27,505] {dag.py:2935} INFO - Setting next_dagrun for example_bash_operator to 2022-03-22 00:00:00+00:00
[2022-03-23 18:52:27,521] {processor.py:171} INFO - Processing /home/airflow/env/lib/python3.8/site-packages/airflow/example_dags/example_bash_operator.py took 0.061 seconds
[2022-03-23 18:53:01,984] {processor.py:163} INFO - Started process (PID=7249) to work on /home/airflow/env/lib/python3.8/site-packages/airflow/example_dags/example_bash_operator.py
[2022-03-23 18:53:01,985] {processor.py:642} INFO - Processing file /home/airflow/env/lib/python3.8/site-packages/airflow/example_dags/example_bash_operator.py for tasks to queue
[2022-03-23 18:53:01,986] {logging_mixin.py:109} INFO - [2022-03-23 18:53:01,986] {dagbag.py:500} INFO - Filling up the DagBag from /home/airflow/env/lib/python3.8/site-packages/airflow/example_dags/example_bash_operator.py
[2022-03-23 18:53:02,013] {processor.py:654} INFO - DAG(s) dict_keys(['example_bash_operator']) retrieved from /home/airflow/env/lib/python3.8/site-packages/airflow/example_dags/example_bash_operator.py
[2022-03-23 18:53:02,024] {logging_mixin.py:109} INFO - [2022-03-23 18:53:02,024] {dag.py:2396} INFO - Sync 1 DAGs
[2022-03-23 18:53:02,038] {logging_mixin.py:109} INFO - [2022-03-23 18:53:02,038] {dag.py:2935} INFO - Setting next_dagrun for example_bash_operator to 2022-03-22 00:00:00+00:00
[2022-03-23 18:53:02,055] {processor.py:171} INFO - Processing /home/airflow/env/lib/python3.8/site-packages/airflow/example_dags/example_bash_operator.py took 0.074 seconds
[2022-03-23 18:53:35,914] {processor.py:163} INFO - Started process (PID=7282) to work on /home/airflow/env/lib/python3.8/site-packages/airflow/example_dags/example_bash_operator.py
[2022-03-23 18:53:35,915] {processor.py:642} INFO - Processing file /home/airflow/env/lib/python3.8/site-packages/airflow/example_dags/example_bash_operator.py for tasks to queue
[2022-03-23 18:53:35,916] {logging_mixin.py:109} INFO - [2022-03-23 18:53:35,916] {dagbag.py:500} INFO - Filling up the DagBag from /home/airflow/env/lib/python3.8/site-packages/airflow/example_dags/example_bash_operator.py
[2022-03-23 18:53:35,939] {processor.py:654} INFO - DAG(s) dict_keys(['example_bash_operator']) retrieved from /home/airflow/env/lib/python3.8/site-packages/airflow/example_dags/example_bash_operator.py
[2022-03-23 18:53:35,949] {logging_mixin.py:109} INFO - [2022-03-23 18:53:35,949] {dag.py:2396} INFO - Sync 1 DAGs
[2022-03-23 18:53:35,964] {logging_mixin.py:109} INFO - [2022-03-23 18:53:35,964] {dag.py:2935} INFO - Setting next_dagrun for example_bash_operator to 2022-03-22 00:00:00+00:00
[2022-03-23 18:53:35,984] {processor.py:171} INFO - Processing /home/airflow/env/lib/python3.8/site-packages/airflow/example_dags/example_bash_operator.py took 0.072 seconds
[2022-03-23 18:54:10,908] {processor.py:163} INFO - Started process (PID=7316) to work on /home/airflow/env/lib/python3.8/site-packages/airflow/example_dags/example_bash_operator.py
[2022-03-23 18:54:10,910] {processor.py:642} INFO - Processing file /home/airflow/env/lib/python3.8/site-packages/airflow/example_dags/example_bash_operator.py for tasks to queue
[2022-03-23 18:54:10,911] {logging_mixin.py:109} INFO - [2022-03-23 18:54:10,911] {dagbag.py:500} INFO - Filling up the DagBag from /home/airflow/env/lib/python3.8/site-packages/airflow/example_dags/example_bash_operator.py
[2022-03-23 18:54:10,934] {processor.py:654} INFO - DAG(s) dict_keys(['example_bash_operator']) retrieved from /home/airflow/env/lib/python3.8/site-packages/airflow/example_dags/example_bash_operator.py
[2022-03-23 18:54:10,943] {logging_mixin.py:109} INFO - [2022-03-23 18:54:10,943] {dag.py:2396} INFO - Sync 1 DAGs
[2022-03-23 18:54:10,955] {logging_mixin.py:109} INFO - [2022-03-23 18:54:10,955] {dag.py:2935} INFO - Setting next_dagrun for example_bash_operator to 2022-03-22 00:00:00+00:00
[2022-03-23 18:54:10,974] {processor.py:171} INFO - Processing /home/airflow/env/lib/python3.8/site-packages/airflow/example_dags/example_bash_operator.py took 0.071 seconds
[2022-03-23 18:54:45,984] {processor.py:163} INFO - Started process (PID=7350) to work on /home/airflow/env/lib/python3.8/site-packages/airflow/example_dags/example_bash_operator.py
[2022-03-23 18:54:45,986] {processor.py:642} INFO - Processing file /home/airflow/env/lib/python3.8/site-packages/airflow/example_dags/example_bash_operator.py for tasks to queue
[2022-03-23 18:54:45,986] {logging_mixin.py:109} INFO - [2022-03-23 18:54:45,986] {dagbag.py:500} INFO - Filling up the DagBag from /home/airflow/env/lib/python3.8/site-packages/airflow/example_dags/example_bash_operator.py
[2022-03-23 18:54:46,010] {processor.py:654} INFO - DAG(s) dict_keys(['example_bash_operator']) retrieved from /home/airflow/env/lib/python3.8/site-packages/airflow/example_dags/example_bash_operator.py
[2022-03-23 18:54:46,020] {logging_mixin.py:109} INFO - [2022-03-23 18:54:46,020] {dag.py:2396} INFO - Sync 1 DAGs
[2022-03-23 18:54:46,033] {logging_mixin.py:109} INFO - [2022-03-23 18:54:46,033] {dag.py:2935} INFO - Setting next_dagrun for example_bash_operator to 2022-03-22 00:00:00+00:00
[2022-03-23 18:54:46,051] {processor.py:171} INFO - Processing /home/airflow/env/lib/python3.8/site-packages/airflow/example_dags/example_bash_operator.py took 0.069 seconds
[2022-03-23 18:55:20,496] {processor.py:163} INFO - Started process (PID=7384) to work on /home/airflow/env/lib/python3.8/site-packages/airflow/example_dags/example_bash_operator.py
[2022-03-23 18:55:20,497] {processor.py:642} INFO - Processing file /home/airflow/env/lib/python3.8/site-packages/airflow/example_dags/example_bash_operator.py for tasks to queue
[2022-03-23 18:55:20,497] {logging_mixin.py:109} INFO - [2022-03-23 18:55:20,497] {dagbag.py:500} INFO - Filling up the DagBag from /home/airflow/env/lib/python3.8/site-packages/airflow/example_dags/example_bash_operator.py
[2022-03-23 18:55:20,520] {processor.py:654} INFO - DAG(s) dict_keys(['example_bash_operator']) retrieved from /home/airflow/env/lib/python3.8/site-packages/airflow/example_dags/example_bash_operator.py
[2022-03-23 18:55:20,529] {logging_mixin.py:109} INFO - [2022-03-23 18:55:20,529] {dag.py:2396} INFO - Sync 1 DAGs
[2022-03-23 18:55:20,540] {logging_mixin.py:109} INFO - [2022-03-23 18:55:20,540] {dag.py:2935} INFO - Setting next_dagrun for example_bash_operator to 2022-03-22 00:00:00+00:00
[2022-03-23 18:55:20,559] {processor.py:171} INFO - Processing /home/airflow/env/lib/python3.8/site-packages/airflow/example_dags/example_bash_operator.py took 0.066 seconds
[2022-03-23 18:55:53,033] {processor.py:163} INFO - Started process (PID=7471) to work on /home/airflow/env/lib/python3.8/site-packages/airflow/example_dags/example_bash_operator.py
[2022-03-23 18:55:53,034] {processor.py:642} INFO - Processing file /home/airflow/env/lib/python3.8/site-packages/airflow/example_dags/example_bash_operator.py for tasks to queue
[2022-03-23 18:55:53,035] {logging_mixin.py:109} INFO - [2022-03-23 18:55:53,035] {dagbag.py:500} INFO - Filling up the DagBag from /home/airflow/env/lib/python3.8/site-packages/airflow/example_dags/example_bash_operator.py
[2022-03-23 18:55:53,054] {processor.py:654} INFO - DAG(s) dict_keys(['example_bash_operator']) retrieved from /home/airflow/env/lib/python3.8/site-packages/airflow/example_dags/example_bash_operator.py
[2022-03-23 18:55:53,063] {logging_mixin.py:109} INFO - [2022-03-23 18:55:53,063] {dag.py:2396} INFO - Sync 1 DAGs
[2022-03-23 18:55:53,075] {logging_mixin.py:109} INFO - [2022-03-23 18:55:53,075] {dag.py:2935} INFO - Setting next_dagrun for example_bash_operator to 2022-03-22 00:00:00+00:00
[2022-03-23 18:55:53,090] {processor.py:171} INFO - Processing /home/airflow/env/lib/python3.8/site-packages/airflow/example_dags/example_bash_operator.py took 0.060 seconds
[2022-03-23 18:56:26,378] {processor.py:163} INFO - Started process (PID=7503) to work on /home/airflow/env/lib/python3.8/site-packages/airflow/example_dags/example_bash_operator.py
[2022-03-23 18:56:26,380] {processor.py:642} INFO - Processing file /home/airflow/env/lib/python3.8/site-packages/airflow/example_dags/example_bash_operator.py for tasks to queue
[2022-03-23 18:56:26,382] {logging_mixin.py:109} INFO - [2022-03-23 18:56:26,381] {dagbag.py:500} INFO - Filling up the DagBag from /home/airflow/env/lib/python3.8/site-packages/airflow/example_dags/example_bash_operator.py
[2022-03-23 18:56:26,427] {processor.py:654} INFO - DAG(s) dict_keys(['example_bash_operator']) retrieved from /home/airflow/env/lib/python3.8/site-packages/airflow/example_dags/example_bash_operator.py
[2022-03-23 18:56:26,446] {logging_mixin.py:109} INFO - [2022-03-23 18:56:26,446] {dag.py:2396} INFO - Sync 1 DAGs
[2022-03-23 18:56:26,469] {logging_mixin.py:109} INFO - [2022-03-23 18:56:26,469] {dag.py:2935} INFO - Setting next_dagrun for example_bash_operator to 2022-03-22 00:00:00+00:00
[2022-03-23 18:56:26,491] {processor.py:171} INFO - Processing /home/airflow/env/lib/python3.8/site-packages/airflow/example_dags/example_bash_operator.py took 0.118 seconds
[2022-03-23 18:57:01,026] {processor.py:163} INFO - Started process (PID=7537) to work on /home/airflow/env/lib/python3.8/site-packages/airflow/example_dags/example_bash_operator.py
[2022-03-23 18:57:01,027] {processor.py:642} INFO - Processing file /home/airflow/env/lib/python3.8/site-packages/airflow/example_dags/example_bash_operator.py for tasks to queue
[2022-03-23 18:57:01,028] {logging_mixin.py:109} INFO - [2022-03-23 18:57:01,028] {dagbag.py:500} INFO - Filling up the DagBag from /home/airflow/env/lib/python3.8/site-packages/airflow/example_dags/example_bash_operator.py
[2022-03-23 18:57:01,050] {processor.py:654} INFO - DAG(s) dict_keys(['example_bash_operator']) retrieved from /home/airflow/env/lib/python3.8/site-packages/airflow/example_dags/example_bash_operator.py
[2022-03-23 18:57:01,058] {logging_mixin.py:109} INFO - [2022-03-23 18:57:01,058] {dag.py:2396} INFO - Sync 1 DAGs
[2022-03-23 18:57:01,072] {logging_mixin.py:109} INFO - [2022-03-23 18:57:01,072] {dag.py:2935} INFO - Setting next_dagrun for example_bash_operator to 2022-03-22 00:00:00+00:00
[2022-03-23 18:57:01,089] {processor.py:171} INFO - Processing /home/airflow/env/lib/python3.8/site-packages/airflow/example_dags/example_bash_operator.py took 0.066 seconds
[2022-03-23 18:57:37,401] {processor.py:163} INFO - Started process (PID=7571) to work on /home/airflow/env/lib/python3.8/site-packages/airflow/example_dags/example_bash_operator.py
[2022-03-23 18:57:37,402] {processor.py:642} INFO - Processing file /home/airflow/env/lib/python3.8/site-packages/airflow/example_dags/example_bash_operator.py for tasks to queue
[2022-03-23 18:57:37,402] {logging_mixin.py:109} INFO - [2022-03-23 18:57:37,402] {dagbag.py:500} INFO - Filling up the DagBag from /home/airflow/env/lib/python3.8/site-packages/airflow/example_dags/example_bash_operator.py
[2022-03-23 18:57:37,422] {processor.py:654} INFO - DAG(s) dict_keys(['example_bash_operator']) retrieved from /home/airflow/env/lib/python3.8/site-packages/airflow/example_dags/example_bash_operator.py
[2022-03-23 18:57:37,434] {logging_mixin.py:109} INFO - [2022-03-23 18:57:37,434] {dag.py:2396} INFO - Sync 1 DAGs
[2022-03-23 18:57:37,446] {logging_mixin.py:109} INFO - [2022-03-23 18:57:37,446] {dag.py:2935} INFO - Setting next_dagrun for example_bash_operator to 2022-03-22 00:00:00+00:00
[2022-03-23 18:57:37,466] {processor.py:171} INFO - Processing /home/airflow/env/lib/python3.8/site-packages/airflow/example_dags/example_bash_operator.py took 0.068 seconds
[2022-03-23 18:58:20,355] {processor.py:163} INFO - Started process (PID=7725) to work on /home/airflow/env/lib/python3.8/site-packages/airflow/example_dags/example_bash_operator.py
[2022-03-23 18:58:20,361] {processor.py:642} INFO - Processing file /home/airflow/env/lib/python3.8/site-packages/airflow/example_dags/example_bash_operator.py for tasks to queue
[2022-03-23 18:58:20,362] {logging_mixin.py:109} INFO - [2022-03-23 18:58:20,362] {dagbag.py:500} INFO - Filling up the DagBag from /home/airflow/env/lib/python3.8/site-packages/airflow/example_dags/example_bash_operator.py
[2022-03-23 18:58:20,503] {processor.py:654} INFO - DAG(s) dict_keys(['example_bash_operator']) retrieved from /home/airflow/env/lib/python3.8/site-packages/airflow/example_dags/example_bash_operator.py
[2022-03-23 18:58:20,534] {logging_mixin.py:109} INFO - [2022-03-23 18:58:20,534] {dag.py:2396} INFO - Sync 1 DAGs
[2022-03-23 18:58:20,585] {logging_mixin.py:109} INFO - [2022-03-23 18:58:20,585] {dag.py:2935} INFO - Setting next_dagrun for example_bash_operator to 2022-03-22 00:00:00+00:00
[2022-03-23 18:58:20,620] {processor.py:171} INFO - Processing /home/airflow/env/lib/python3.8/site-packages/airflow/example_dags/example_bash_operator.py took 0.289 seconds
[2022-03-23 18:59:13,569] {processor.py:163} INFO - Started process (PID=7881) to work on /home/airflow/env/lib/python3.8/site-packages/airflow/example_dags/example_bash_operator.py
[2022-03-23 18:59:13,575] {processor.py:642} INFO - Processing file /home/airflow/env/lib/python3.8/site-packages/airflow/example_dags/example_bash_operator.py for tasks to queue
[2022-03-23 18:59:13,576] {logging_mixin.py:109} INFO - [2022-03-23 18:59:13,576] {dagbag.py:500} INFO - Filling up the DagBag from /home/airflow/env/lib/python3.8/site-packages/airflow/example_dags/example_bash_operator.py
[2022-03-23 18:59:13,609] {processor.py:654} INFO - DAG(s) dict_keys(['example_bash_operator']) retrieved from /home/airflow/env/lib/python3.8/site-packages/airflow/example_dags/example_bash_operator.py
[2022-03-23 18:59:13,625] {logging_mixin.py:109} INFO - [2022-03-23 18:59:13,625] {dag.py:2396} INFO - Sync 1 DAGs
[2022-03-23 18:59:13,644] {logging_mixin.py:109} INFO - [2022-03-23 18:59:13,643] {dag.py:2935} INFO - Setting next_dagrun for example_bash_operator to 2022-03-22 00:00:00+00:00
[2022-03-23 18:59:13,663] {processor.py:171} INFO - Processing /home/airflow/env/lib/python3.8/site-packages/airflow/example_dags/example_bash_operator.py took 0.096 seconds
[2022-03-23 18:59:52,830] {processor.py:163} INFO - Started process (PID=8035) to work on /home/airflow/env/lib/python3.8/site-packages/airflow/example_dags/example_bash_operator.py
[2022-03-23 18:59:52,833] {processor.py:642} INFO - Processing file /home/airflow/env/lib/python3.8/site-packages/airflow/example_dags/example_bash_operator.py for tasks to queue
[2022-03-23 18:59:52,834] {logging_mixin.py:109} INFO - [2022-03-23 18:59:52,834] {dagbag.py:500} INFO - Filling up the DagBag from /home/airflow/env/lib/python3.8/site-packages/airflow/example_dags/example_bash_operator.py
[2022-03-23 18:59:52,875] {processor.py:654} INFO - DAG(s) dict_keys(['example_bash_operator']) retrieved from /home/airflow/env/lib/python3.8/site-packages/airflow/example_dags/example_bash_operator.py
[2022-03-23 18:59:52,893] {logging_mixin.py:109} INFO - [2022-03-23 18:59:52,892] {dag.py:2396} INFO - Sync 1 DAGs
[2022-03-23 18:59:52,924] {logging_mixin.py:109} INFO - [2022-03-23 18:59:52,924] {dag.py:2935} INFO - Setting next_dagrun for example_bash_operator to 2022-03-22 00:00:00+00:00
[2022-03-23 18:59:52,941] {processor.py:171} INFO - Processing /home/airflow/env/lib/python3.8/site-packages/airflow/example_dags/example_bash_operator.py took 0.118 seconds
[2022-03-23 19:00:41,002] {processor.py:163} INFO - Started process (PID=8360) to work on /home/airflow/env/lib/python3.8/site-packages/airflow/example_dags/example_bash_operator.py
[2022-03-23 19:00:41,003] {processor.py:642} INFO - Processing file /home/airflow/env/lib/python3.8/site-packages/airflow/example_dags/example_bash_operator.py for tasks to queue
[2022-03-23 19:00:41,004] {logging_mixin.py:109} INFO - [2022-03-23 19:00:41,004] {dagbag.py:500} INFO - Filling up the DagBag from /home/airflow/env/lib/python3.8/site-packages/airflow/example_dags/example_bash_operator.py
[2022-03-23 19:00:41,089] {processor.py:654} INFO - DAG(s) dict_keys(['example_bash_operator']) retrieved from /home/airflow/env/lib/python3.8/site-packages/airflow/example_dags/example_bash_operator.py
[2022-03-23 19:00:41,098] {logging_mixin.py:109} INFO - [2022-03-23 19:00:41,098] {dag.py:2396} INFO - Sync 1 DAGs
[2022-03-23 19:00:41,110] {logging_mixin.py:109} INFO - [2022-03-23 19:00:41,110] {dag.py:2935} INFO - Setting next_dagrun for example_bash_operator to 2022-03-22 00:00:00+00:00
[2022-03-23 19:00:41,128] {processor.py:171} INFO - Processing /home/airflow/env/lib/python3.8/site-packages/airflow/example_dags/example_bash_operator.py took 0.128 seconds
[2022-03-23 19:01:18,942] {processor.py:163} INFO - Started process (PID=8456) to work on /home/airflow/env/lib/python3.8/site-packages/airflow/example_dags/example_bash_operator.py
[2022-03-23 19:01:18,944] {processor.py:642} INFO - Processing file /home/airflow/env/lib/python3.8/site-packages/airflow/example_dags/example_bash_operator.py for tasks to queue
[2022-03-23 19:01:18,945] {logging_mixin.py:109} INFO - [2022-03-23 19:01:18,945] {dagbag.py:500} INFO - Filling up the DagBag from /home/airflow/env/lib/python3.8/site-packages/airflow/example_dags/example_bash_operator.py
[2022-03-23 19:01:18,971] {processor.py:654} INFO - DAG(s) dict_keys(['example_bash_operator']) retrieved from /home/airflow/env/lib/python3.8/site-packages/airflow/example_dags/example_bash_operator.py
[2022-03-23 19:01:18,982] {logging_mixin.py:109} INFO - [2022-03-23 19:01:18,982] {dag.py:2396} INFO - Sync 1 DAGs
[2022-03-23 19:01:19,004] {logging_mixin.py:109} INFO - [2022-03-23 19:01:19,004] {dag.py:2935} INFO - Setting next_dagrun for example_bash_operator to 2022-03-22 00:00:00+00:00
[2022-03-23 19:01:19,050] {processor.py:171} INFO - Processing /home/airflow/env/lib/python3.8/site-packages/airflow/example_dags/example_bash_operator.py took 0.111 seconds
[2022-03-23 19:01:54,379] {processor.py:163} INFO - Started process (PID=8532) to work on /home/airflow/env/lib/python3.8/site-packages/airflow/example_dags/example_bash_operator.py
[2022-03-23 19:01:54,382] {processor.py:642} INFO - Processing file /home/airflow/env/lib/python3.8/site-packages/airflow/example_dags/example_bash_operator.py for tasks to queue
[2022-03-23 19:01:54,382] {logging_mixin.py:109} INFO - [2022-03-23 19:01:54,382] {dagbag.py:500} INFO - Filling up the DagBag from /home/airflow/env/lib/python3.8/site-packages/airflow/example_dags/example_bash_operator.py
[2022-03-23 19:01:54,408] {processor.py:654} INFO - DAG(s) dict_keys(['example_bash_operator']) retrieved from /home/airflow/env/lib/python3.8/site-packages/airflow/example_dags/example_bash_operator.py
[2022-03-23 19:01:54,418] {logging_mixin.py:109} INFO - [2022-03-23 19:01:54,418] {dag.py:2396} INFO - Sync 1 DAGs
[2022-03-23 19:01:54,432] {logging_mixin.py:109} INFO - [2022-03-23 19:01:54,431] {dag.py:2935} INFO - Setting next_dagrun for example_bash_operator to 2022-03-22 00:00:00+00:00
[2022-03-23 19:01:54,451] {processor.py:171} INFO - Processing /home/airflow/env/lib/python3.8/site-packages/airflow/example_dags/example_bash_operator.py took 0.078 seconds
[2022-03-23 19:02:30,961] {processor.py:163} INFO - Started process (PID=8617) to work on /home/airflow/env/lib/python3.8/site-packages/airflow/example_dags/example_bash_operator.py
[2022-03-23 19:02:30,963] {processor.py:642} INFO - Processing file /home/airflow/env/lib/python3.8/site-packages/airflow/example_dags/example_bash_operator.py for tasks to queue
[2022-03-23 19:02:30,963] {logging_mixin.py:109} INFO - [2022-03-23 19:02:30,963] {dagbag.py:500} INFO - Filling up the DagBag from /home/airflow/env/lib/python3.8/site-packages/airflow/example_dags/example_bash_operator.py
[2022-03-23 19:02:30,988] {processor.py:654} INFO - DAG(s) dict_keys(['example_bash_operator']) retrieved from /home/airflow/env/lib/python3.8/site-packages/airflow/example_dags/example_bash_operator.py
[2022-03-23 19:02:30,998] {logging_mixin.py:109} INFO - [2022-03-23 19:02:30,998] {dag.py:2396} INFO - Sync 1 DAGs
[2022-03-23 19:02:31,010] {logging_mixin.py:109} INFO - [2022-03-23 19:02:31,010] {dag.py:2935} INFO - Setting next_dagrun for example_bash_operator to 2022-03-22 00:00:00+00:00
[2022-03-23 19:02:31,028] {processor.py:171} INFO - Processing /home/airflow/env/lib/python3.8/site-packages/airflow/example_dags/example_bash_operator.py took 0.070 seconds
[2022-03-23 19:03:09,180] {processor.py:163} INFO - Started process (PID=8740) to work on /home/airflow/env/lib/python3.8/site-packages/airflow/example_dags/example_bash_operator.py
[2022-03-23 19:03:09,182] {processor.py:642} INFO - Processing file /home/airflow/env/lib/python3.8/site-packages/airflow/example_dags/example_bash_operator.py for tasks to queue
[2022-03-23 19:03:09,182] {logging_mixin.py:109} INFO - [2022-03-23 19:03:09,182] {dagbag.py:500} INFO - Filling up the DagBag from /home/airflow/env/lib/python3.8/site-packages/airflow/example_dags/example_bash_operator.py
[2022-03-23 19:03:09,201] {processor.py:654} INFO - DAG(s) dict_keys(['example_bash_operator']) retrieved from /home/airflow/env/lib/python3.8/site-packages/airflow/example_dags/example_bash_operator.py
[2022-03-23 19:03:09,210] {logging_mixin.py:109} INFO - [2022-03-23 19:03:09,210] {dag.py:2396} INFO - Sync 1 DAGs
[2022-03-23 19:03:09,221] {logging_mixin.py:109} INFO - [2022-03-23 19:03:09,221] {dag.py:2935} INFO - Setting next_dagrun for example_bash_operator to 2022-03-22 00:00:00+00:00
[2022-03-23 19:03:09,241] {processor.py:171} INFO - Processing /home/airflow/env/lib/python3.8/site-packages/airflow/example_dags/example_bash_operator.py took 0.063 seconds
[2022-03-23 19:03:48,327] {processor.py:163} INFO - Started process (PID=8874) to work on /home/airflow/env/lib/python3.8/site-packages/airflow/example_dags/example_bash_operator.py
[2022-03-23 19:03:48,330] {processor.py:642} INFO - Processing file /home/airflow/env/lib/python3.8/site-packages/airflow/example_dags/example_bash_operator.py for tasks to queue
[2022-03-23 19:03:48,331] {logging_mixin.py:109} INFO - [2022-03-23 19:03:48,331] {dagbag.py:500} INFO - Filling up the DagBag from /home/airflow/env/lib/python3.8/site-packages/airflow/example_dags/example_bash_operator.py
[2022-03-23 19:03:48,378] {processor.py:654} INFO - DAG(s) dict_keys(['example_bash_operator']) retrieved from /home/airflow/env/lib/python3.8/site-packages/airflow/example_dags/example_bash_operator.py
[2022-03-23 19:03:48,400] {logging_mixin.py:109} INFO - [2022-03-23 19:03:48,400] {dag.py:2396} INFO - Sync 1 DAGs
[2022-03-23 19:03:48,423] {logging_mixin.py:109} INFO - [2022-03-23 19:03:48,423] {dag.py:2935} INFO - Setting next_dagrun for example_bash_operator to 2022-03-22 00:00:00+00:00
[2022-03-23 19:03:48,489] {processor.py:171} INFO - Processing /home/airflow/env/lib/python3.8/site-packages/airflow/example_dags/example_bash_operator.py took 0.169 seconds
[2022-03-23 19:04:31,414] {processor.py:163} INFO - Started process (PID=9033) to work on /home/airflow/env/lib/python3.8/site-packages/airflow/example_dags/example_bash_operator.py
[2022-03-23 19:04:31,416] {processor.py:642} INFO - Processing file /home/airflow/env/lib/python3.8/site-packages/airflow/example_dags/example_bash_operator.py for tasks to queue
[2022-03-23 19:04:31,418] {logging_mixin.py:109} INFO - [2022-03-23 19:04:31,417] {dagbag.py:500} INFO - Filling up the DagBag from /home/airflow/env/lib/python3.8/site-packages/airflow/example_dags/example_bash_operator.py
[2022-03-23 19:04:31,564] {processor.py:654} INFO - DAG(s) dict_keys(['example_bash_operator']) retrieved from /home/airflow/env/lib/python3.8/site-packages/airflow/example_dags/example_bash_operator.py
[2022-03-23 19:04:31,602] {logging_mixin.py:109} INFO - [2022-03-23 19:04:31,602] {dag.py:2396} INFO - Sync 1 DAGs
[2022-03-23 19:04:31,639] {logging_mixin.py:109} INFO - [2022-03-23 19:04:31,639] {dag.py:2935} INFO - Setting next_dagrun for example_bash_operator to 2022-03-22 00:00:00+00:00
[2022-03-23 19:04:31,678] {processor.py:171} INFO - Processing /home/airflow/env/lib/python3.8/site-packages/airflow/example_dags/example_bash_operator.py took 0.276 seconds
[2022-03-23 19:05:26,665] {processor.py:163} INFO - Started process (PID=9107) to work on /home/airflow/env/lib/python3.8/site-packages/airflow/example_dags/example_bash_operator.py
[2022-03-23 19:05:26,668] {processor.py:642} INFO - Processing file /home/airflow/env/lib/python3.8/site-packages/airflow/example_dags/example_bash_operator.py for tasks to queue
[2022-03-23 19:05:26,668] {logging_mixin.py:109} INFO - [2022-03-23 19:05:26,668] {dagbag.py:500} INFO - Filling up the DagBag from /home/airflow/env/lib/python3.8/site-packages/airflow/example_dags/example_bash_operator.py
[2022-03-23 19:05:26,688] {processor.py:654} INFO - DAG(s) dict_keys(['example_bash_operator']) retrieved from /home/airflow/env/lib/python3.8/site-packages/airflow/example_dags/example_bash_operator.py
[2022-03-23 19:05:26,697] {logging_mixin.py:109} INFO - [2022-03-23 19:05:26,697] {dag.py:2396} INFO - Sync 1 DAGs
[2022-03-23 19:05:26,709] {logging_mixin.py:109} INFO - [2022-03-23 19:05:26,708] {dag.py:2935} INFO - Setting next_dagrun for example_bash_operator to 2022-03-22 00:00:00+00:00
[2022-03-23 19:05:26,737] {processor.py:171} INFO - Processing /home/airflow/env/lib/python3.8/site-packages/airflow/example_dags/example_bash_operator.py took 0.075 seconds
[2022-03-23 19:06:05,405] {processor.py:163} INFO - Started process (PID=9198) to work on /home/airflow/env/lib/python3.8/site-packages/airflow/example_dags/example_bash_operator.py
[2022-03-23 19:06:05,406] {processor.py:642} INFO - Processing file /home/airflow/env/lib/python3.8/site-packages/airflow/example_dags/example_bash_operator.py for tasks to queue
[2022-03-23 19:06:05,407] {logging_mixin.py:109} INFO - [2022-03-23 19:06:05,407] {dagbag.py:500} INFO - Filling up the DagBag from /home/airflow/env/lib/python3.8/site-packages/airflow/example_dags/example_bash_operator.py
[2022-03-23 19:06:05,429] {processor.py:654} INFO - DAG(s) dict_keys(['example_bash_operator']) retrieved from /home/airflow/env/lib/python3.8/site-packages/airflow/example_dags/example_bash_operator.py
[2022-03-23 19:06:05,440] {logging_mixin.py:109} INFO - [2022-03-23 19:06:05,439] {dag.py:2396} INFO - Sync 1 DAGs
[2022-03-23 19:06:05,454] {logging_mixin.py:109} INFO - [2022-03-23 19:06:05,454] {dag.py:2935} INFO - Setting next_dagrun for example_bash_operator to 2022-03-22 00:00:00+00:00
[2022-03-23 19:06:05,472] {processor.py:171} INFO - Processing /home/airflow/env/lib/python3.8/site-packages/airflow/example_dags/example_bash_operator.py took 0.070 seconds
[2022-03-23 19:06:40,136] {processor.py:163} INFO - Started process (PID=9231) to work on /home/airflow/env/lib/python3.8/site-packages/airflow/example_dags/example_bash_operator.py
[2022-03-23 19:06:40,138] {processor.py:642} INFO - Processing file /home/airflow/env/lib/python3.8/site-packages/airflow/example_dags/example_bash_operator.py for tasks to queue
[2022-03-23 19:06:40,139] {logging_mixin.py:109} INFO - [2022-03-23 19:06:40,139] {dagbag.py:500} INFO - Filling up the DagBag from /home/airflow/env/lib/python3.8/site-packages/airflow/example_dags/example_bash_operator.py
[2022-03-23 19:06:40,166] {processor.py:654} INFO - DAG(s) dict_keys(['example_bash_operator']) retrieved from /home/airflow/env/lib/python3.8/site-packages/airflow/example_dags/example_bash_operator.py
[2022-03-23 19:06:40,179] {logging_mixin.py:109} INFO - [2022-03-23 19:06:40,179] {dag.py:2396} INFO - Sync 1 DAGs
[2022-03-23 19:06:40,196] {logging_mixin.py:109} INFO - [2022-03-23 19:06:40,196] {dag.py:2935} INFO - Setting next_dagrun for example_bash_operator to 2022-03-22 00:00:00+00:00
[2022-03-23 19:06:40,214] {processor.py:171} INFO - Processing /home/airflow/env/lib/python3.8/site-packages/airflow/example_dags/example_bash_operator.py took 0.080 seconds
[2022-03-23 19:07:13,806] {processor.py:163} INFO - Started process (PID=9264) to work on /home/airflow/env/lib/python3.8/site-packages/airflow/example_dags/example_bash_operator.py
[2022-03-23 19:07:13,808] {processor.py:642} INFO - Processing file /home/airflow/env/lib/python3.8/site-packages/airflow/example_dags/example_bash_operator.py for tasks to queue
[2022-03-23 19:07:13,809] {logging_mixin.py:109} INFO - [2022-03-23 19:07:13,808] {dagbag.py:500} INFO - Filling up the DagBag from /home/airflow/env/lib/python3.8/site-packages/airflow/example_dags/example_bash_operator.py
[2022-03-23 19:07:13,831] {processor.py:654} INFO - DAG(s) dict_keys(['example_bash_operator']) retrieved from /home/airflow/env/lib/python3.8/site-packages/airflow/example_dags/example_bash_operator.py
[2022-03-23 19:07:13,841] {logging_mixin.py:109} INFO - [2022-03-23 19:07:13,841] {dag.py:2396} INFO - Sync 1 DAGs
[2022-03-23 19:07:13,853] {logging_mixin.py:109} INFO - [2022-03-23 19:07:13,853] {dag.py:2935} INFO - Setting next_dagrun for example_bash_operator to 2022-03-22 00:00:00+00:00
[2022-03-23 19:07:13,870] {processor.py:171} INFO - Processing /home/airflow/env/lib/python3.8/site-packages/airflow/example_dags/example_bash_operator.py took 0.067 seconds
[2022-03-23 19:07:48,592] {processor.py:163} INFO - Started process (PID=9300) to work on /home/airflow/env/lib/python3.8/site-packages/airflow/example_dags/example_bash_operator.py
[2022-03-23 19:07:48,594] {processor.py:642} INFO - Processing file /home/airflow/env/lib/python3.8/site-packages/airflow/example_dags/example_bash_operator.py for tasks to queue
[2022-03-23 19:07:48,594] {logging_mixin.py:109} INFO - [2022-03-23 19:07:48,594] {dagbag.py:500} INFO - Filling up the DagBag from /home/airflow/env/lib/python3.8/site-packages/airflow/example_dags/example_bash_operator.py
[2022-03-23 19:07:48,619] {processor.py:654} INFO - DAG(s) dict_keys(['example_bash_operator']) retrieved from /home/airflow/env/lib/python3.8/site-packages/airflow/example_dags/example_bash_operator.py
[2022-03-23 19:07:48,629] {logging_mixin.py:109} INFO - [2022-03-23 19:07:48,629] {dag.py:2396} INFO - Sync 1 DAGs
[2022-03-23 19:07:48,644] {logging_mixin.py:109} INFO - [2022-03-23 19:07:48,644] {dag.py:2935} INFO - Setting next_dagrun for example_bash_operator to 2022-03-22 00:00:00+00:00
[2022-03-23 19:07:48,662] {processor.py:171} INFO - Processing /home/airflow/env/lib/python3.8/site-packages/airflow/example_dags/example_bash_operator.py took 0.074 seconds
[2022-03-23 19:08:24,800] {processor.py:163} INFO - Started process (PID=9334) to work on /home/airflow/env/lib/python3.8/site-packages/airflow/example_dags/example_bash_operator.py
[2022-03-23 19:08:24,801] {processor.py:642} INFO - Processing file /home/airflow/env/lib/python3.8/site-packages/airflow/example_dags/example_bash_operator.py for tasks to queue
[2022-03-23 19:08:24,802] {logging_mixin.py:109} INFO - [2022-03-23 19:08:24,802] {dagbag.py:500} INFO - Filling up the DagBag from /home/airflow/env/lib/python3.8/site-packages/airflow/example_dags/example_bash_operator.py
[2022-03-23 19:08:24,828] {processor.py:654} INFO - DAG(s) dict_keys(['example_bash_operator']) retrieved from /home/airflow/env/lib/python3.8/site-packages/airflow/example_dags/example_bash_operator.py
[2022-03-23 19:08:24,838] {logging_mixin.py:109} INFO - [2022-03-23 19:08:24,838] {dag.py:2396} INFO - Sync 1 DAGs
[2022-03-23 19:08:24,852] {logging_mixin.py:109} INFO - [2022-03-23 19:08:24,852] {dag.py:2935} INFO - Setting next_dagrun for example_bash_operator to 2022-03-22 00:00:00+00:00
[2022-03-23 19:08:24,869] {processor.py:171} INFO - Processing /home/airflow/env/lib/python3.8/site-packages/airflow/example_dags/example_bash_operator.py took 0.073 seconds
[2022-03-23 19:08:58,581] {processor.py:163} INFO - Started process (PID=9367) to work on /home/airflow/env/lib/python3.8/site-packages/airflow/example_dags/example_bash_operator.py
[2022-03-23 19:08:58,582] {processor.py:642} INFO - Processing file /home/airflow/env/lib/python3.8/site-packages/airflow/example_dags/example_bash_operator.py for tasks to queue
[2022-03-23 19:08:58,583] {logging_mixin.py:109} INFO - [2022-03-23 19:08:58,583] {dagbag.py:500} INFO - Filling up the DagBag from /home/airflow/env/lib/python3.8/site-packages/airflow/example_dags/example_bash_operator.py
[2022-03-23 19:08:58,604] {processor.py:654} INFO - DAG(s) dict_keys(['example_bash_operator']) retrieved from /home/airflow/env/lib/python3.8/site-packages/airflow/example_dags/example_bash_operator.py
[2022-03-23 19:08:58,616] {logging_mixin.py:109} INFO - [2022-03-23 19:08:58,615] {dag.py:2396} INFO - Sync 1 DAGs
[2022-03-23 19:08:58,631] {logging_mixin.py:109} INFO - [2022-03-23 19:08:58,631] {dag.py:2935} INFO - Setting next_dagrun for example_bash_operator to 2022-03-22 00:00:00+00:00
[2022-03-23 19:08:58,648] {processor.py:171} INFO - Processing /home/airflow/env/lib/python3.8/site-packages/airflow/example_dags/example_bash_operator.py took 0.070 seconds
[2022-03-23 19:09:42,714] {processor.py:163} INFO - Started process (PID=9405) to work on /home/airflow/env/lib/python3.8/site-packages/airflow/example_dags/example_bash_operator.py
[2022-03-23 19:09:42,715] {processor.py:642} INFO - Processing file /home/airflow/env/lib/python3.8/site-packages/airflow/example_dags/example_bash_operator.py for tasks to queue
[2022-03-23 19:09:42,716] {logging_mixin.py:109} INFO - [2022-03-23 19:09:42,716] {dagbag.py:500} INFO - Filling up the DagBag from /home/airflow/env/lib/python3.8/site-packages/airflow/example_dags/example_bash_operator.py
[2022-03-23 19:09:42,748] {processor.py:654} INFO - DAG(s) dict_keys(['example_bash_operator']) retrieved from /home/airflow/env/lib/python3.8/site-packages/airflow/example_dags/example_bash_operator.py
[2022-03-23 19:09:42,764] {logging_mixin.py:109} INFO - [2022-03-23 19:09:42,763] {dag.py:2396} INFO - Sync 1 DAGs
[2022-03-23 19:09:42,783] {logging_mixin.py:109} INFO - [2022-03-23 19:09:42,782] {dag.py:2935} INFO - Setting next_dagrun for example_bash_operator to 2022-03-22 00:00:00+00:00
[2022-03-23 19:09:42,803] {processor.py:171} INFO - Processing /home/airflow/env/lib/python3.8/site-packages/airflow/example_dags/example_bash_operator.py took 0.093 seconds
[2022-03-23 19:10:16,549] {processor.py:163} INFO - Started process (PID=9439) to work on /home/airflow/env/lib/python3.8/site-packages/airflow/example_dags/example_bash_operator.py
[2022-03-23 19:10:16,550] {processor.py:642} INFO - Processing file /home/airflow/env/lib/python3.8/site-packages/airflow/example_dags/example_bash_operator.py for tasks to queue
[2022-03-23 19:10:16,550] {logging_mixin.py:109} INFO - [2022-03-23 19:10:16,550] {dagbag.py:500} INFO - Filling up the DagBag from /home/airflow/env/lib/python3.8/site-packages/airflow/example_dags/example_bash_operator.py
[2022-03-23 19:10:16,572] {processor.py:654} INFO - DAG(s) dict_keys(['example_bash_operator']) retrieved from /home/airflow/env/lib/python3.8/site-packages/airflow/example_dags/example_bash_operator.py
[2022-03-23 19:10:16,583] {logging_mixin.py:109} INFO - [2022-03-23 19:10:16,583] {dag.py:2396} INFO - Sync 1 DAGs
[2022-03-23 19:10:16,613] {logging_mixin.py:109} INFO - [2022-03-23 19:10:16,613] {dag.py:2935} INFO - Setting next_dagrun for example_bash_operator to 2022-03-22 00:00:00+00:00
[2022-03-23 19:10:16,632] {processor.py:171} INFO - Processing /home/airflow/env/lib/python3.8/site-packages/airflow/example_dags/example_bash_operator.py took 0.087 seconds
[2022-03-23 19:10:51,706] {processor.py:163} INFO - Started process (PID=9530) to work on /home/airflow/env/lib/python3.8/site-packages/airflow/example_dags/example_bash_operator.py
[2022-03-23 19:10:51,708] {processor.py:642} INFO - Processing file /home/airflow/env/lib/python3.8/site-packages/airflow/example_dags/example_bash_operator.py for tasks to queue
[2022-03-23 19:10:51,708] {logging_mixin.py:109} INFO - [2022-03-23 19:10:51,708] {dagbag.py:500} INFO - Filling up the DagBag from /home/airflow/env/lib/python3.8/site-packages/airflow/example_dags/example_bash_operator.py
[2022-03-23 19:10:51,733] {processor.py:654} INFO - DAG(s) dict_keys(['example_bash_operator']) retrieved from /home/airflow/env/lib/python3.8/site-packages/airflow/example_dags/example_bash_operator.py
[2022-03-23 19:10:51,743] {logging_mixin.py:109} INFO - [2022-03-23 19:10:51,742] {dag.py:2396} INFO - Sync 1 DAGs
[2022-03-23 19:10:51,756] {logging_mixin.py:109} INFO - [2022-03-23 19:10:51,756] {dag.py:2935} INFO - Setting next_dagrun for example_bash_operator to 2022-03-22 00:00:00+00:00
[2022-03-23 19:10:51,774] {processor.py:171} INFO - Processing /home/airflow/env/lib/python3.8/site-packages/airflow/example_dags/example_bash_operator.py took 0.071 seconds
[2022-03-23 19:11:28,325] {processor.py:163} INFO - Started process (PID=9565) to work on /home/airflow/env/lib/python3.8/site-packages/airflow/example_dags/example_bash_operator.py
[2022-03-23 19:11:28,326] {processor.py:642} INFO - Processing file /home/airflow/env/lib/python3.8/site-packages/airflow/example_dags/example_bash_operator.py for tasks to queue
[2022-03-23 19:11:28,326] {logging_mixin.py:109} INFO - [2022-03-23 19:11:28,326] {dagbag.py:500} INFO - Filling up the DagBag from /home/airflow/env/lib/python3.8/site-packages/airflow/example_dags/example_bash_operator.py
[2022-03-23 19:11:28,350] {processor.py:654} INFO - DAG(s) dict_keys(['example_bash_operator']) retrieved from /home/airflow/env/lib/python3.8/site-packages/airflow/example_dags/example_bash_operator.py
[2022-03-23 19:11:28,360] {logging_mixin.py:109} INFO - [2022-03-23 19:11:28,360] {dag.py:2396} INFO - Sync 1 DAGs
[2022-03-23 19:11:28,373] {logging_mixin.py:109} INFO - [2022-03-23 19:11:28,373] {dag.py:2935} INFO - Setting next_dagrun for example_bash_operator to 2022-03-22 00:00:00+00:00
[2022-03-23 19:11:28,392] {processor.py:171} INFO - Processing /home/airflow/env/lib/python3.8/site-packages/airflow/example_dags/example_bash_operator.py took 0.069 seconds
[2022-03-23 19:12:01,880] {processor.py:163} INFO - Started process (PID=9625) to work on /home/airflow/env/lib/python3.8/site-packages/airflow/example_dags/example_bash_operator.py
[2022-03-23 19:12:01,882] {processor.py:642} INFO - Processing file /home/airflow/env/lib/python3.8/site-packages/airflow/example_dags/example_bash_operator.py for tasks to queue
[2022-03-23 19:12:01,883] {logging_mixin.py:109} INFO - [2022-03-23 19:12:01,883] {dagbag.py:500} INFO - Filling up the DagBag from /home/airflow/env/lib/python3.8/site-packages/airflow/example_dags/example_bash_operator.py
[2022-03-23 19:12:01,903] {processor.py:654} INFO - DAG(s) dict_keys(['example_bash_operator']) retrieved from /home/airflow/env/lib/python3.8/site-packages/airflow/example_dags/example_bash_operator.py
[2022-03-23 19:12:01,912] {logging_mixin.py:109} INFO - [2022-03-23 19:12:01,912] {dag.py:2396} INFO - Sync 1 DAGs
[2022-03-23 19:12:01,925] {logging_mixin.py:109} INFO - [2022-03-23 19:12:01,925] {dag.py:2935} INFO - Setting next_dagrun for example_bash_operator to 2022-03-22 00:00:00+00:00
[2022-03-23 19:12:01,943] {processor.py:171} INFO - Processing /home/airflow/env/lib/python3.8/site-packages/airflow/example_dags/example_bash_operator.py took 0.065 seconds
[2022-03-23 19:12:40,051] {processor.py:163} INFO - Started process (PID=9767) to work on /home/airflow/env/lib/python3.8/site-packages/airflow/example_dags/example_bash_operator.py
[2022-03-23 19:12:40,070] {processor.py:642} INFO - Processing file /home/airflow/env/lib/python3.8/site-packages/airflow/example_dags/example_bash_operator.py for tasks to queue
[2022-03-23 19:12:40,073] {logging_mixin.py:109} INFO - [2022-03-23 19:12:40,073] {dagbag.py:500} INFO - Filling up the DagBag from /home/airflow/env/lib/python3.8/site-packages/airflow/example_dags/example_bash_operator.py
[2022-03-23 19:12:40,200] {processor.py:654} INFO - DAG(s) dict_keys(['example_bash_operator']) retrieved from /home/airflow/env/lib/python3.8/site-packages/airflow/example_dags/example_bash_operator.py
[2022-03-23 19:12:40,328] {logging_mixin.py:109} INFO - [2022-03-23 19:12:40,328] {dag.py:2396} INFO - Sync 1 DAGs
[2022-03-23 19:12:40,450] {logging_mixin.py:109} INFO - [2022-03-23 19:12:40,450] {dag.py:2935} INFO - Setting next_dagrun for example_bash_operator to 2022-03-22 00:00:00+00:00
[2022-03-23 19:12:40,491] {processor.py:171} INFO - Processing /home/airflow/env/lib/python3.8/site-packages/airflow/example_dags/example_bash_operator.py took 0.463 seconds
[2022-03-23 19:13:17,663] {processor.py:163} INFO - Started process (PID=9970) to work on /home/airflow/env/lib/python3.8/site-packages/airflow/example_dags/example_bash_operator.py
[2022-03-23 19:13:17,666] {processor.py:642} INFO - Processing file /home/airflow/env/lib/python3.8/site-packages/airflow/example_dags/example_bash_operator.py for tasks to queue
[2022-03-23 19:13:17,666] {logging_mixin.py:109} INFO - [2022-03-23 19:13:17,666] {dagbag.py:500} INFO - Filling up the DagBag from /home/airflow/env/lib/python3.8/site-packages/airflow/example_dags/example_bash_operator.py
[2022-03-23 19:13:17,771] {processor.py:654} INFO - DAG(s) dict_keys(['example_bash_operator']) retrieved from /home/airflow/env/lib/python3.8/site-packages/airflow/example_dags/example_bash_operator.py
[2022-03-23 19:13:17,808] {logging_mixin.py:109} INFO - [2022-03-23 19:13:17,808] {dag.py:2396} INFO - Sync 1 DAGs
[2022-03-23 19:13:17,846] {logging_mixin.py:109} INFO - [2022-03-23 19:13:17,846] {dag.py:2935} INFO - Setting next_dagrun for example_bash_operator to 2022-03-22 00:00:00+00:00
[2022-03-23 19:13:17,865] {processor.py:171} INFO - Processing /home/airflow/env/lib/python3.8/site-packages/airflow/example_dags/example_bash_operator.py took 0.226 seconds
[2022-03-23 19:13:52,456] {processor.py:163} INFO - Started process (PID=10097) to work on /home/airflow/env/lib/python3.8/site-packages/airflow/example_dags/example_bash_operator.py
[2022-03-23 19:13:52,475] {processor.py:642} INFO - Processing file /home/airflow/env/lib/python3.8/site-packages/airflow/example_dags/example_bash_operator.py for tasks to queue
[2022-03-23 19:13:52,491] {logging_mixin.py:109} INFO - [2022-03-23 19:13:52,491] {dagbag.py:500} INFO - Filling up the DagBag from /home/airflow/env/lib/python3.8/site-packages/airflow/example_dags/example_bash_operator.py
[2022-03-23 19:13:52,693] {processor.py:654} INFO - DAG(s) dict_keys(['example_bash_operator']) retrieved from /home/airflow/env/lib/python3.8/site-packages/airflow/example_dags/example_bash_operator.py
[2022-03-23 19:13:52,743] {logging_mixin.py:109} INFO - [2022-03-23 19:13:52,743] {dag.py:2396} INFO - Sync 1 DAGs
[2022-03-23 19:13:52,786] {logging_mixin.py:109} INFO - [2022-03-23 19:13:52,786] {dag.py:2935} INFO - Setting next_dagrun for example_bash_operator to 2022-03-22 00:00:00+00:00
[2022-03-23 19:13:52,857] {processor.py:171} INFO - Processing /home/airflow/env/lib/python3.8/site-packages/airflow/example_dags/example_bash_operator.py took 0.429 seconds
