[2022-03-23 18:35:44,859] {processor.py:163} INFO - Started process (PID=5154) to work on /home/airflow/env/lib/python3.8/site-packages/airflow/example_dags/example_sla_dag.py
[2022-03-23 18:35:44,860] {processor.py:642} INFO - Processing file /home/airflow/env/lib/python3.8/site-packages/airflow/example_dags/example_sla_dag.py for tasks to queue
[2022-03-23 18:35:44,861] {logging_mixin.py:109} INFO - [2022-03-23 18:35:44,860] {dagbag.py:500} INFO - Filling up the DagBag from /home/airflow/env/lib/python3.8/site-packages/airflow/example_dags/example_sla_dag.py
[2022-03-23 18:35:44,881] {processor.py:654} INFO - DAG(s) dict_keys(['example_sla_dag']) retrieved from /home/airflow/env/lib/python3.8/site-packages/airflow/example_dags/example_sla_dag.py
[2022-03-23 18:35:44,888] {logging_mixin.py:109} INFO - [2022-03-23 18:35:44,888] {dag.py:2396} INFO - Sync 1 DAGs
[2022-03-23 18:35:44,903] {logging_mixin.py:109} INFO - [2022-03-23 18:35:44,903] {dag.py:2935} INFO - Setting next_dagrun for example_sla_dag to 2022-03-23T18:32:00+00:00
[2022-03-23 18:35:44,922] {processor.py:171} INFO - Processing /home/airflow/env/lib/python3.8/site-packages/airflow/example_dags/example_sla_dag.py took 0.065 seconds
[2022-03-23 18:36:18,436] {processor.py:163} INFO - Started process (PID=5186) to work on /home/airflow/env/lib/python3.8/site-packages/airflow/example_dags/example_sla_dag.py
[2022-03-23 18:36:18,437] {processor.py:642} INFO - Processing file /home/airflow/env/lib/python3.8/site-packages/airflow/example_dags/example_sla_dag.py for tasks to queue
[2022-03-23 18:36:18,438] {logging_mixin.py:109} INFO - [2022-03-23 18:36:18,438] {dagbag.py:500} INFO - Filling up the DagBag from /home/airflow/env/lib/python3.8/site-packages/airflow/example_dags/example_sla_dag.py
[2022-03-23 18:36:18,474] {processor.py:654} INFO - DAG(s) dict_keys(['example_sla_dag']) retrieved from /home/airflow/env/lib/python3.8/site-packages/airflow/example_dags/example_sla_dag.py
[2022-03-23 18:36:18,486] {logging_mixin.py:109} INFO - [2022-03-23 18:36:18,486] {dag.py:2396} INFO - Sync 1 DAGs
[2022-03-23 18:36:18,508] {logging_mixin.py:109} INFO - [2022-03-23 18:36:18,508] {dag.py:2935} INFO - Setting next_dagrun for example_sla_dag to 2022-03-23T18:34:00+00:00
[2022-03-23 18:36:18,525] {processor.py:171} INFO - Processing /home/airflow/env/lib/python3.8/site-packages/airflow/example_dags/example_sla_dag.py took 0.092 seconds
[2022-03-23 18:36:50,791] {processor.py:163} INFO - Started process (PID=5279) to work on /home/airflow/env/lib/python3.8/site-packages/airflow/example_dags/example_sla_dag.py
[2022-03-23 18:36:50,792] {processor.py:642} INFO - Processing file /home/airflow/env/lib/python3.8/site-packages/airflow/example_dags/example_sla_dag.py for tasks to queue
[2022-03-23 18:36:50,793] {logging_mixin.py:109} INFO - [2022-03-23 18:36:50,793] {dagbag.py:500} INFO - Filling up the DagBag from /home/airflow/env/lib/python3.8/site-packages/airflow/example_dags/example_sla_dag.py
[2022-03-23 18:36:50,817] {processor.py:654} INFO - DAG(s) dict_keys(['example_sla_dag']) retrieved from /home/airflow/env/lib/python3.8/site-packages/airflow/example_dags/example_sla_dag.py
[2022-03-23 18:36:50,825] {logging_mixin.py:109} INFO - [2022-03-23 18:36:50,825] {dag.py:2396} INFO - Sync 1 DAGs
[2022-03-23 18:36:50,843] {logging_mixin.py:109} INFO - [2022-03-23 18:36:50,843] {dag.py:2935} INFO - Setting next_dagrun for example_sla_dag to 2022-03-23T18:34:00+00:00
[2022-03-23 18:36:50,861] {processor.py:171} INFO - Processing /home/airflow/env/lib/python3.8/site-packages/airflow/example_dags/example_sla_dag.py took 0.072 seconds
[2022-03-23 18:37:26,854] {processor.py:163} INFO - Started process (PID=5374) to work on /home/airflow/env/lib/python3.8/site-packages/airflow/example_dags/example_sla_dag.py
[2022-03-23 18:37:26,860] {processor.py:642} INFO - Processing file /home/airflow/env/lib/python3.8/site-packages/airflow/example_dags/example_sla_dag.py for tasks to queue
[2022-03-23 18:37:26,861] {logging_mixin.py:109} INFO - [2022-03-23 18:37:26,861] {dagbag.py:500} INFO - Filling up the DagBag from /home/airflow/env/lib/python3.8/site-packages/airflow/example_dags/example_sla_dag.py
[2022-03-23 18:37:26,902] {processor.py:654} INFO - DAG(s) dict_keys(['example_sla_dag']) retrieved from /home/airflow/env/lib/python3.8/site-packages/airflow/example_dags/example_sla_dag.py
[2022-03-23 18:37:26,919] {logging_mixin.py:109} INFO - [2022-03-23 18:37:26,919] {dag.py:2396} INFO - Sync 1 DAGs
[2022-03-23 18:37:26,950] {logging_mixin.py:109} INFO - [2022-03-23 18:37:26,950] {dag.py:2935} INFO - Setting next_dagrun for example_sla_dag to 2022-03-23T18:34:00+00:00
[2022-03-23 18:37:26,966] {processor.py:171} INFO - Processing /home/airflow/env/lib/python3.8/site-packages/airflow/example_dags/example_sla_dag.py took 0.117 seconds
[2022-03-23 18:38:00,858] {processor.py:163} INFO - Started process (PID=5467) to work on /home/airflow/env/lib/python3.8/site-packages/airflow/example_dags/example_sla_dag.py
[2022-03-23 18:38:00,859] {processor.py:642} INFO - Processing file /home/airflow/env/lib/python3.8/site-packages/airflow/example_dags/example_sla_dag.py for tasks to queue
[2022-03-23 18:38:00,860] {logging_mixin.py:109} INFO - [2022-03-23 18:38:00,860] {dagbag.py:500} INFO - Filling up the DagBag from /home/airflow/env/lib/python3.8/site-packages/airflow/example_dags/example_sla_dag.py
[2022-03-23 18:38:00,887] {processor.py:654} INFO - DAG(s) dict_keys(['example_sla_dag']) retrieved from /home/airflow/env/lib/python3.8/site-packages/airflow/example_dags/example_sla_dag.py
[2022-03-23 18:38:00,898] {logging_mixin.py:109} INFO - [2022-03-23 18:38:00,898] {dag.py:2396} INFO - Sync 1 DAGs
[2022-03-23 18:38:00,919] {logging_mixin.py:109} INFO - [2022-03-23 18:38:00,919] {dag.py:2935} INFO - Setting next_dagrun for example_sla_dag to 2022-03-23T18:36:00+00:00
[2022-03-23 18:38:00,941] {processor.py:171} INFO - Processing /home/airflow/env/lib/python3.8/site-packages/airflow/example_dags/example_sla_dag.py took 0.085 seconds
[2022-03-23 18:38:35,648] {processor.py:163} INFO - Started process (PID=5499) to work on /home/airflow/env/lib/python3.8/site-packages/airflow/example_dags/example_sla_dag.py
[2022-03-23 18:38:35,649] {processor.py:642} INFO - Processing file /home/airflow/env/lib/python3.8/site-packages/airflow/example_dags/example_sla_dag.py for tasks to queue
[2022-03-23 18:38:35,650] {logging_mixin.py:109} INFO - [2022-03-23 18:38:35,650] {dagbag.py:500} INFO - Filling up the DagBag from /home/airflow/env/lib/python3.8/site-packages/airflow/example_dags/example_sla_dag.py
[2022-03-23 18:38:35,671] {processor.py:654} INFO - DAG(s) dict_keys(['example_sla_dag']) retrieved from /home/airflow/env/lib/python3.8/site-packages/airflow/example_dags/example_sla_dag.py
[2022-03-23 18:38:35,680] {logging_mixin.py:109} INFO - [2022-03-23 18:38:35,680] {dag.py:2396} INFO - Sync 1 DAGs
[2022-03-23 18:38:35,695] {logging_mixin.py:109} INFO - [2022-03-23 18:38:35,695] {dag.py:2935} INFO - Setting next_dagrun for example_sla_dag to 2022-03-23T18:36:00+00:00
[2022-03-23 18:38:35,712] {processor.py:171} INFO - Processing /home/airflow/env/lib/python3.8/site-packages/airflow/example_dags/example_sla_dag.py took 0.066 seconds
[2022-03-23 18:39:14,305] {processor.py:163} INFO - Started process (PID=5534) to work on /home/airflow/env/lib/python3.8/site-packages/airflow/example_dags/example_sla_dag.py
[2022-03-23 18:39:14,309] {processor.py:642} INFO - Processing file /home/airflow/env/lib/python3.8/site-packages/airflow/example_dags/example_sla_dag.py for tasks to queue
[2022-03-23 18:39:14,310] {logging_mixin.py:109} INFO - [2022-03-23 18:39:14,310] {dagbag.py:500} INFO - Filling up the DagBag from /home/airflow/env/lib/python3.8/site-packages/airflow/example_dags/example_sla_dag.py
[2022-03-23 18:39:14,423] {processor.py:654} INFO - DAG(s) dict_keys(['example_sla_dag']) retrieved from /home/airflow/env/lib/python3.8/site-packages/airflow/example_dags/example_sla_dag.py
[2022-03-23 18:39:14,452] {logging_mixin.py:109} INFO - [2022-03-23 18:39:14,452] {dag.py:2396} INFO - Sync 1 DAGs
[2022-03-23 18:39:14,486] {logging_mixin.py:109} INFO - [2022-03-23 18:39:14,486] {dag.py:2935} INFO - Setting next_dagrun for example_sla_dag to 2022-03-23T18:36:00+00:00
[2022-03-23 18:39:14,510] {processor.py:171} INFO - Processing /home/airflow/env/lib/python3.8/site-packages/airflow/example_dags/example_sla_dag.py took 0.211 seconds
[2022-03-23 18:39:54,195] {processor.py:163} INFO - Started process (PID=5710) to work on /home/airflow/env/lib/python3.8/site-packages/airflow/example_dags/example_sla_dag.py
[2022-03-23 18:39:54,221] {processor.py:642} INFO - Processing file /home/airflow/env/lib/python3.8/site-packages/airflow/example_dags/example_sla_dag.py for tasks to queue
[2022-03-23 18:39:54,225] {logging_mixin.py:109} INFO - [2022-03-23 18:39:54,225] {dagbag.py:500} INFO - Filling up the DagBag from /home/airflow/env/lib/python3.8/site-packages/airflow/example_dags/example_sla_dag.py
[2022-03-23 18:39:54,291] {processor.py:654} INFO - DAG(s) dict_keys(['example_sla_dag']) retrieved from /home/airflow/env/lib/python3.8/site-packages/airflow/example_dags/example_sla_dag.py
[2022-03-23 18:39:54,302] {logging_mixin.py:109} INFO - [2022-03-23 18:39:54,301] {dag.py:2396} INFO - Sync 1 DAGs
[2022-03-23 18:39:54,322] {logging_mixin.py:109} INFO - [2022-03-23 18:39:54,322] {dag.py:2935} INFO - Setting next_dagrun for example_sla_dag to 2022-03-23T18:36:00+00:00
[2022-03-23 18:39:54,339] {processor.py:171} INFO - Processing /home/airflow/env/lib/python3.8/site-packages/airflow/example_dags/example_sla_dag.py took 0.166 seconds
[2022-03-23 18:40:28,461] {processor.py:163} INFO - Started process (PID=5807) to work on /home/airflow/env/lib/python3.8/site-packages/airflow/example_dags/example_sla_dag.py
[2022-03-23 18:40:28,467] {processor.py:642} INFO - Processing file /home/airflow/env/lib/python3.8/site-packages/airflow/example_dags/example_sla_dag.py for tasks to queue
[2022-03-23 18:40:28,467] {logging_mixin.py:109} INFO - [2022-03-23 18:40:28,467] {dagbag.py:500} INFO - Filling up the DagBag from /home/airflow/env/lib/python3.8/site-packages/airflow/example_dags/example_sla_dag.py
[2022-03-23 18:40:28,487] {processor.py:654} INFO - DAG(s) dict_keys(['example_sla_dag']) retrieved from /home/airflow/env/lib/python3.8/site-packages/airflow/example_dags/example_sla_dag.py
[2022-03-23 18:40:28,500] {logging_mixin.py:109} INFO - [2022-03-23 18:40:28,500] {dag.py:2396} INFO - Sync 1 DAGs
[2022-03-23 18:40:28,513] {logging_mixin.py:109} INFO - [2022-03-23 18:40:28,513] {dag.py:2935} INFO - Setting next_dagrun for example_sla_dag to 2022-03-23T18:38:00+00:00
[2022-03-23 18:40:28,525] {processor.py:171} INFO - Processing /home/airflow/env/lib/python3.8/site-packages/airflow/example_dags/example_sla_dag.py took 0.067 seconds
[2022-03-23 18:41:02,752] {processor.py:163} INFO - Started process (PID=5962) to work on /home/airflow/env/lib/python3.8/site-packages/airflow/example_dags/example_sla_dag.py
[2022-03-23 18:41:02,753] {processor.py:642} INFO - Processing file /home/airflow/env/lib/python3.8/site-packages/airflow/example_dags/example_sla_dag.py for tasks to queue
[2022-03-23 18:41:02,753] {logging_mixin.py:109} INFO - [2022-03-23 18:41:02,753] {dagbag.py:500} INFO - Filling up the DagBag from /home/airflow/env/lib/python3.8/site-packages/airflow/example_dags/example_sla_dag.py
[2022-03-23 18:41:02,775] {processor.py:654} INFO - DAG(s) dict_keys(['example_sla_dag']) retrieved from /home/airflow/env/lib/python3.8/site-packages/airflow/example_dags/example_sla_dag.py
[2022-03-23 18:41:02,782] {logging_mixin.py:109} INFO - [2022-03-23 18:41:02,782] {dag.py:2396} INFO - Sync 1 DAGs
[2022-03-23 18:41:02,797] {logging_mixin.py:109} INFO - [2022-03-23 18:41:02,797] {dag.py:2935} INFO - Setting next_dagrun for example_sla_dag to 2022-03-23T18:38:00+00:00
[2022-03-23 18:41:02,813] {processor.py:171} INFO - Processing /home/airflow/env/lib/python3.8/site-packages/airflow/example_dags/example_sla_dag.py took 0.064 seconds
[2022-03-23 18:41:38,175] {processor.py:163} INFO - Started process (PID=6113) to work on /home/airflow/env/lib/python3.8/site-packages/airflow/example_dags/example_sla_dag.py
[2022-03-23 18:41:38,182] {processor.py:642} INFO - Processing file /home/airflow/env/lib/python3.8/site-packages/airflow/example_dags/example_sla_dag.py for tasks to queue
[2022-03-23 18:41:38,193] {logging_mixin.py:109} INFO - [2022-03-23 18:41:38,193] {dagbag.py:500} INFO - Filling up the DagBag from /home/airflow/env/lib/python3.8/site-packages/airflow/example_dags/example_sla_dag.py
[2022-03-23 18:41:38,308] {processor.py:654} INFO - DAG(s) dict_keys(['example_sla_dag']) retrieved from /home/airflow/env/lib/python3.8/site-packages/airflow/example_dags/example_sla_dag.py
[2022-03-23 18:41:38,375] {logging_mixin.py:109} INFO - [2022-03-23 18:41:38,375] {dag.py:2396} INFO - Sync 1 DAGs
[2022-03-23 18:41:38,523] {logging_mixin.py:109} INFO - [2022-03-23 18:41:38,523] {dag.py:2935} INFO - Setting next_dagrun for example_sla_dag to 2022-03-23T18:38:00+00:00
[2022-03-23 18:41:38,560] {processor.py:171} INFO - Processing /home/airflow/env/lib/python3.8/site-packages/airflow/example_dags/example_sla_dag.py took 0.408 seconds
[2022-03-23 18:42:17,193] {processor.py:163} INFO - Started process (PID=6280) to work on /home/airflow/env/lib/python3.8/site-packages/airflow/example_dags/example_sla_dag.py
[2022-03-23 18:42:17,194] {processor.py:642} INFO - Processing file /home/airflow/env/lib/python3.8/site-packages/airflow/example_dags/example_sla_dag.py for tasks to queue
[2022-03-23 18:42:17,195] {logging_mixin.py:109} INFO - [2022-03-23 18:42:17,195] {dagbag.py:500} INFO - Filling up the DagBag from /home/airflow/env/lib/python3.8/site-packages/airflow/example_dags/example_sla_dag.py
[2022-03-23 18:42:17,215] {processor.py:654} INFO - DAG(s) dict_keys(['example_sla_dag']) retrieved from /home/airflow/env/lib/python3.8/site-packages/airflow/example_dags/example_sla_dag.py
[2022-03-23 18:42:17,222] {logging_mixin.py:109} INFO - [2022-03-23 18:42:17,222] {dag.py:2396} INFO - Sync 1 DAGs
[2022-03-23 18:42:17,237] {logging_mixin.py:109} INFO - [2022-03-23 18:42:17,237] {dag.py:2935} INFO - Setting next_dagrun for example_sla_dag to 2022-03-23T18:40:00+00:00
[2022-03-23 18:42:17,255] {processor.py:171} INFO - Processing /home/airflow/env/lib/python3.8/site-packages/airflow/example_dags/example_sla_dag.py took 0.064 seconds
[2022-03-23 18:42:51,062] {processor.py:163} INFO - Started process (PID=6433) to work on /home/airflow/env/lib/python3.8/site-packages/airflow/example_dags/example_sla_dag.py
[2022-03-23 18:42:51,063] {processor.py:642} INFO - Processing file /home/airflow/env/lib/python3.8/site-packages/airflow/example_dags/example_sla_dag.py for tasks to queue
[2022-03-23 18:42:51,064] {logging_mixin.py:109} INFO - [2022-03-23 18:42:51,064] {dagbag.py:500} INFO - Filling up the DagBag from /home/airflow/env/lib/python3.8/site-packages/airflow/example_dags/example_sla_dag.py
[2022-03-23 18:42:51,084] {processor.py:654} INFO - DAG(s) dict_keys(['example_sla_dag']) retrieved from /home/airflow/env/lib/python3.8/site-packages/airflow/example_dags/example_sla_dag.py
[2022-03-23 18:42:51,093] {logging_mixin.py:109} INFO - [2022-03-23 18:42:51,093] {dag.py:2396} INFO - Sync 1 DAGs
[2022-03-23 18:42:51,107] {logging_mixin.py:109} INFO - [2022-03-23 18:42:51,107] {dag.py:2935} INFO - Setting next_dagrun for example_sla_dag to 2022-03-23T18:40:00+00:00
[2022-03-23 18:42:51,123] {processor.py:171} INFO - Processing /home/airflow/env/lib/python3.8/site-packages/airflow/example_dags/example_sla_dag.py took 0.064 seconds
[2022-03-23 18:43:24,658] {processor.py:163} INFO - Started process (PID=6467) to work on /home/airflow/env/lib/python3.8/site-packages/airflow/example_dags/example_sla_dag.py
[2022-03-23 18:43:24,659] {processor.py:642} INFO - Processing file /home/airflow/env/lib/python3.8/site-packages/airflow/example_dags/example_sla_dag.py for tasks to queue
[2022-03-23 18:43:24,660] {logging_mixin.py:109} INFO - [2022-03-23 18:43:24,660] {dagbag.py:500} INFO - Filling up the DagBag from /home/airflow/env/lib/python3.8/site-packages/airflow/example_dags/example_sla_dag.py
[2022-03-23 18:43:24,683] {processor.py:654} INFO - DAG(s) dict_keys(['example_sla_dag']) retrieved from /home/airflow/env/lib/python3.8/site-packages/airflow/example_dags/example_sla_dag.py
[2022-03-23 18:43:24,691] {logging_mixin.py:109} INFO - [2022-03-23 18:43:24,691] {dag.py:2396} INFO - Sync 1 DAGs
[2022-03-23 18:43:24,710] {logging_mixin.py:109} INFO - [2022-03-23 18:43:24,710] {dag.py:2935} INFO - Setting next_dagrun for example_sla_dag to 2022-03-23T18:40:00+00:00
[2022-03-23 18:43:24,728] {processor.py:171} INFO - Processing /home/airflow/env/lib/python3.8/site-packages/airflow/example_dags/example_sla_dag.py took 0.073 seconds
[2022-03-23 18:43:59,494] {processor.py:163} INFO - Started process (PID=6500) to work on /home/airflow/env/lib/python3.8/site-packages/airflow/example_dags/example_sla_dag.py
[2022-03-23 18:43:59,497] {processor.py:642} INFO - Processing file /home/airflow/env/lib/python3.8/site-packages/airflow/example_dags/example_sla_dag.py for tasks to queue
[2022-03-23 18:43:59,498] {logging_mixin.py:109} INFO - [2022-03-23 18:43:59,498] {dagbag.py:500} INFO - Filling up the DagBag from /home/airflow/env/lib/python3.8/site-packages/airflow/example_dags/example_sla_dag.py
[2022-03-23 18:43:59,548] {processor.py:654} INFO - DAG(s) dict_keys(['example_sla_dag']) retrieved from /home/airflow/env/lib/python3.8/site-packages/airflow/example_dags/example_sla_dag.py
[2022-03-23 18:43:59,569] {logging_mixin.py:109} INFO - [2022-03-23 18:43:59,568] {dag.py:2396} INFO - Sync 1 DAGs
[2022-03-23 18:43:59,592] {logging_mixin.py:109} INFO - [2022-03-23 18:43:59,592] {dag.py:2935} INFO - Setting next_dagrun for example_sla_dag to 2022-03-23T18:40:00+00:00
[2022-03-23 18:43:59,611] {processor.py:171} INFO - Processing /home/airflow/env/lib/python3.8/site-packages/airflow/example_dags/example_sla_dag.py took 0.121 seconds
[2022-03-23 18:44:35,708] {processor.py:163} INFO - Started process (PID=6532) to work on /home/airflow/env/lib/python3.8/site-packages/airflow/example_dags/example_sla_dag.py
[2022-03-23 18:44:35,711] {processor.py:642} INFO - Processing file /home/airflow/env/lib/python3.8/site-packages/airflow/example_dags/example_sla_dag.py for tasks to queue
[2022-03-23 18:44:35,713] {logging_mixin.py:109} INFO - [2022-03-23 18:44:35,712] {dagbag.py:500} INFO - Filling up the DagBag from /home/airflow/env/lib/python3.8/site-packages/airflow/example_dags/example_sla_dag.py
[2022-03-23 18:44:35,762] {processor.py:654} INFO - DAG(s) dict_keys(['example_sla_dag']) retrieved from /home/airflow/env/lib/python3.8/site-packages/airflow/example_dags/example_sla_dag.py
[2022-03-23 18:44:35,784] {logging_mixin.py:109} INFO - [2022-03-23 18:44:35,784] {dag.py:2396} INFO - Sync 1 DAGs
[2022-03-23 18:44:35,824] {logging_mixin.py:109} INFO - [2022-03-23 18:44:35,824] {dag.py:2935} INFO - Setting next_dagrun for example_sla_dag to 2022-03-23T18:42:00+00:00
[2022-03-23 18:44:35,845] {processor.py:171} INFO - Processing /home/airflow/env/lib/python3.8/site-packages/airflow/example_dags/example_sla_dag.py took 0.143 seconds
[2022-03-23 18:45:10,923] {processor.py:163} INFO - Started process (PID=6565) to work on /home/airflow/env/lib/python3.8/site-packages/airflow/example_dags/example_sla_dag.py
[2022-03-23 18:45:10,930] {processor.py:642} INFO - Processing file /home/airflow/env/lib/python3.8/site-packages/airflow/example_dags/example_sla_dag.py for tasks to queue
[2022-03-23 18:45:10,931] {logging_mixin.py:109} INFO - [2022-03-23 18:45:10,931] {dagbag.py:500} INFO - Filling up the DagBag from /home/airflow/env/lib/python3.8/site-packages/airflow/example_dags/example_sla_dag.py
[2022-03-23 18:45:10,962] {processor.py:654} INFO - DAG(s) dict_keys(['example_sla_dag']) retrieved from /home/airflow/env/lib/python3.8/site-packages/airflow/example_dags/example_sla_dag.py
[2022-03-23 18:45:10,974] {logging_mixin.py:109} INFO - [2022-03-23 18:45:10,973] {dag.py:2396} INFO - Sync 1 DAGs
[2022-03-23 18:45:10,998] {logging_mixin.py:109} INFO - [2022-03-23 18:45:10,998] {dag.py:2935} INFO - Setting next_dagrun for example_sla_dag to 2022-03-23T18:42:00+00:00
[2022-03-23 18:45:11,016] {processor.py:171} INFO - Processing /home/airflow/env/lib/python3.8/site-packages/airflow/example_dags/example_sla_dag.py took 0.097 seconds
[2022-03-23 18:45:44,795] {processor.py:163} INFO - Started process (PID=6651) to work on /home/airflow/env/lib/python3.8/site-packages/airflow/example_dags/example_sla_dag.py
[2022-03-23 18:45:44,796] {processor.py:642} INFO - Processing file /home/airflow/env/lib/python3.8/site-packages/airflow/example_dags/example_sla_dag.py for tasks to queue
[2022-03-23 18:45:44,797] {logging_mixin.py:109} INFO - [2022-03-23 18:45:44,797] {dagbag.py:500} INFO - Filling up the DagBag from /home/airflow/env/lib/python3.8/site-packages/airflow/example_dags/example_sla_dag.py
[2022-03-23 18:45:44,821] {processor.py:654} INFO - DAG(s) dict_keys(['example_sla_dag']) retrieved from /home/airflow/env/lib/python3.8/site-packages/airflow/example_dags/example_sla_dag.py
[2022-03-23 18:45:44,831] {logging_mixin.py:109} INFO - [2022-03-23 18:45:44,831] {dag.py:2396} INFO - Sync 1 DAGs
[2022-03-23 18:45:44,846] {logging_mixin.py:109} INFO - [2022-03-23 18:45:44,846] {dag.py:2935} INFO - Setting next_dagrun for example_sla_dag to 2022-03-23T18:42:00+00:00
[2022-03-23 18:45:44,863] {processor.py:171} INFO - Processing /home/airflow/env/lib/python3.8/site-packages/airflow/example_dags/example_sla_dag.py took 0.071 seconds
[2022-03-23 18:46:18,568] {processor.py:163} INFO - Started process (PID=6684) to work on /home/airflow/env/lib/python3.8/site-packages/airflow/example_dags/example_sla_dag.py
[2022-03-23 18:46:18,569] {processor.py:642} INFO - Processing file /home/airflow/env/lib/python3.8/site-packages/airflow/example_dags/example_sla_dag.py for tasks to queue
[2022-03-23 18:46:18,570] {logging_mixin.py:109} INFO - [2022-03-23 18:46:18,570] {dagbag.py:500} INFO - Filling up the DagBag from /home/airflow/env/lib/python3.8/site-packages/airflow/example_dags/example_sla_dag.py
[2022-03-23 18:46:18,596] {processor.py:654} INFO - DAG(s) dict_keys(['example_sla_dag']) retrieved from /home/airflow/env/lib/python3.8/site-packages/airflow/example_dags/example_sla_dag.py
[2022-03-23 18:46:18,603] {logging_mixin.py:109} INFO - [2022-03-23 18:46:18,603] {dag.py:2396} INFO - Sync 1 DAGs
[2022-03-23 18:46:18,621] {logging_mixin.py:109} INFO - [2022-03-23 18:46:18,620] {dag.py:2935} INFO - Setting next_dagrun for example_sla_dag to 2022-03-23T18:44:00+00:00
[2022-03-23 18:46:18,642] {processor.py:171} INFO - Processing /home/airflow/env/lib/python3.8/site-packages/airflow/example_dags/example_sla_dag.py took 0.076 seconds
[2022-03-23 18:46:53,541] {processor.py:163} INFO - Started process (PID=6718) to work on /home/airflow/env/lib/python3.8/site-packages/airflow/example_dags/example_sla_dag.py
[2022-03-23 18:46:53,543] {processor.py:642} INFO - Processing file /home/airflow/env/lib/python3.8/site-packages/airflow/example_dags/example_sla_dag.py for tasks to queue
[2022-03-23 18:46:53,546] {logging_mixin.py:109} INFO - [2022-03-23 18:46:53,546] {dagbag.py:500} INFO - Filling up the DagBag from /home/airflow/env/lib/python3.8/site-packages/airflow/example_dags/example_sla_dag.py
[2022-03-23 18:46:53,572] {processor.py:654} INFO - DAG(s) dict_keys(['example_sla_dag']) retrieved from /home/airflow/env/lib/python3.8/site-packages/airflow/example_dags/example_sla_dag.py
[2022-03-23 18:46:53,584] {logging_mixin.py:109} INFO - [2022-03-23 18:46:53,584] {dag.py:2396} INFO - Sync 1 DAGs
[2022-03-23 18:46:53,604] {logging_mixin.py:109} INFO - [2022-03-23 18:46:53,604] {dag.py:2935} INFO - Setting next_dagrun for example_sla_dag to 2022-03-23T18:44:00+00:00
[2022-03-23 18:46:53,624] {processor.py:171} INFO - Processing /home/airflow/env/lib/python3.8/site-packages/airflow/example_dags/example_sla_dag.py took 0.086 seconds
[2022-03-23 18:47:28,132] {processor.py:163} INFO - Started process (PID=6750) to work on /home/airflow/env/lib/python3.8/site-packages/airflow/example_dags/example_sla_dag.py
[2022-03-23 18:47:28,133] {processor.py:642} INFO - Processing file /home/airflow/env/lib/python3.8/site-packages/airflow/example_dags/example_sla_dag.py for tasks to queue
[2022-03-23 18:47:28,133] {logging_mixin.py:109} INFO - [2022-03-23 18:47:28,133] {dagbag.py:500} INFO - Filling up the DagBag from /home/airflow/env/lib/python3.8/site-packages/airflow/example_dags/example_sla_dag.py
[2022-03-23 18:47:28,155] {processor.py:654} INFO - DAG(s) dict_keys(['example_sla_dag']) retrieved from /home/airflow/env/lib/python3.8/site-packages/airflow/example_dags/example_sla_dag.py
[2022-03-23 18:47:28,164] {logging_mixin.py:109} INFO - [2022-03-23 18:47:28,164] {dag.py:2396} INFO - Sync 1 DAGs
[2022-03-23 18:47:28,182] {logging_mixin.py:109} INFO - [2022-03-23 18:47:28,182] {dag.py:2935} INFO - Setting next_dagrun for example_sla_dag to 2022-03-23T18:44:00+00:00
[2022-03-23 18:47:28,200] {processor.py:171} INFO - Processing /home/airflow/env/lib/python3.8/site-packages/airflow/example_dags/example_sla_dag.py took 0.071 seconds
[2022-03-23 18:48:04,576] {processor.py:163} INFO - Started process (PID=6783) to work on /home/airflow/env/lib/python3.8/site-packages/airflow/example_dags/example_sla_dag.py
[2022-03-23 18:48:04,578] {processor.py:642} INFO - Processing file /home/airflow/env/lib/python3.8/site-packages/airflow/example_dags/example_sla_dag.py for tasks to queue
[2022-03-23 18:48:04,578] {logging_mixin.py:109} INFO - [2022-03-23 18:48:04,578] {dagbag.py:500} INFO - Filling up the DagBag from /home/airflow/env/lib/python3.8/site-packages/airflow/example_dags/example_sla_dag.py
[2022-03-23 18:48:04,602] {processor.py:654} INFO - DAG(s) dict_keys(['example_sla_dag']) retrieved from /home/airflow/env/lib/python3.8/site-packages/airflow/example_dags/example_sla_dag.py
[2022-03-23 18:48:04,612] {logging_mixin.py:109} INFO - [2022-03-23 18:48:04,611] {dag.py:2396} INFO - Sync 1 DAGs
[2022-03-23 18:48:04,631] {logging_mixin.py:109} INFO - [2022-03-23 18:48:04,630] {dag.py:2935} INFO - Setting next_dagrun for example_sla_dag to 2022-03-23T18:46:00+00:00
[2022-03-23 18:48:04,652] {processor.py:171} INFO - Processing /home/airflow/env/lib/python3.8/site-packages/airflow/example_dags/example_sla_dag.py took 0.079 seconds
[2022-03-23 18:48:42,130] {processor.py:163} INFO - Started process (PID=6820) to work on /home/airflow/env/lib/python3.8/site-packages/airflow/example_dags/example_sla_dag.py
[2022-03-23 18:48:42,131] {processor.py:642} INFO - Processing file /home/airflow/env/lib/python3.8/site-packages/airflow/example_dags/example_sla_dag.py for tasks to queue
[2022-03-23 18:48:42,131] {logging_mixin.py:109} INFO - [2022-03-23 18:48:42,131] {dagbag.py:500} INFO - Filling up the DagBag from /home/airflow/env/lib/python3.8/site-packages/airflow/example_dags/example_sla_dag.py
[2022-03-23 18:48:42,168] {processor.py:654} INFO - DAG(s) dict_keys(['example_sla_dag']) retrieved from /home/airflow/env/lib/python3.8/site-packages/airflow/example_dags/example_sla_dag.py
[2022-03-23 18:48:42,176] {logging_mixin.py:109} INFO - [2022-03-23 18:48:42,176] {dag.py:2396} INFO - Sync 1 DAGs
[2022-03-23 18:48:42,189] {logging_mixin.py:109} INFO - [2022-03-23 18:48:42,189] {dag.py:2935} INFO - Setting next_dagrun for example_sla_dag to 2022-03-23T18:46:00+00:00
[2022-03-23 18:48:42,207] {processor.py:171} INFO - Processing /home/airflow/env/lib/python3.8/site-packages/airflow/example_dags/example_sla_dag.py took 0.080 seconds
[2022-03-23 18:49:17,322] {processor.py:163} INFO - Started process (PID=6855) to work on /home/airflow/env/lib/python3.8/site-packages/airflow/example_dags/example_sla_dag.py
[2022-03-23 18:49:17,324] {processor.py:642} INFO - Processing file /home/airflow/env/lib/python3.8/site-packages/airflow/example_dags/example_sla_dag.py for tasks to queue
[2022-03-23 18:49:17,325] {logging_mixin.py:109} INFO - [2022-03-23 18:49:17,325] {dagbag.py:500} INFO - Filling up the DagBag from /home/airflow/env/lib/python3.8/site-packages/airflow/example_dags/example_sla_dag.py
[2022-03-23 18:49:17,344] {processor.py:654} INFO - DAG(s) dict_keys(['example_sla_dag']) retrieved from /home/airflow/env/lib/python3.8/site-packages/airflow/example_dags/example_sla_dag.py
[2022-03-23 18:49:17,353] {logging_mixin.py:109} INFO - [2022-03-23 18:49:17,353] {dag.py:2396} INFO - Sync 1 DAGs
[2022-03-23 18:49:17,367] {logging_mixin.py:109} INFO - [2022-03-23 18:49:17,366] {dag.py:2935} INFO - Setting next_dagrun for example_sla_dag to 2022-03-23T18:46:00+00:00
[2022-03-23 18:49:17,382] {processor.py:171} INFO - Processing /home/airflow/env/lib/python3.8/site-packages/airflow/example_dags/example_sla_dag.py took 0.063 seconds
[2022-03-23 18:49:49,824] {processor.py:163} INFO - Started process (PID=7007) to work on /home/airflow/env/lib/python3.8/site-packages/airflow/example_dags/example_sla_dag.py
[2022-03-23 18:49:49,825] {processor.py:642} INFO - Processing file /home/airflow/env/lib/python3.8/site-packages/airflow/example_dags/example_sla_dag.py for tasks to queue
[2022-03-23 18:49:49,826] {logging_mixin.py:109} INFO - [2022-03-23 18:49:49,826] {dagbag.py:500} INFO - Filling up the DagBag from /home/airflow/env/lib/python3.8/site-packages/airflow/example_dags/example_sla_dag.py
[2022-03-23 18:49:49,847] {processor.py:654} INFO - DAG(s) dict_keys(['example_sla_dag']) retrieved from /home/airflow/env/lib/python3.8/site-packages/airflow/example_dags/example_sla_dag.py
[2022-03-23 18:49:49,855] {logging_mixin.py:109} INFO - [2022-03-23 18:49:49,854] {dag.py:2396} INFO - Sync 1 DAGs
[2022-03-23 18:49:49,871] {logging_mixin.py:109} INFO - [2022-03-23 18:49:49,871] {dag.py:2935} INFO - Setting next_dagrun for example_sla_dag to 2022-03-23T18:46:00+00:00
[2022-03-23 18:49:49,890] {processor.py:171} INFO - Processing /home/airflow/env/lib/python3.8/site-packages/airflow/example_dags/example_sla_dag.py took 0.068 seconds
[2022-03-23 18:50:21,085] {processor.py:163} INFO - Started process (PID=7037) to work on /home/airflow/env/lib/python3.8/site-packages/airflow/example_dags/example_sla_dag.py
[2022-03-23 18:50:21,086] {processor.py:642} INFO - Processing file /home/airflow/env/lib/python3.8/site-packages/airflow/example_dags/example_sla_dag.py for tasks to queue
[2022-03-23 18:50:21,087] {logging_mixin.py:109} INFO - [2022-03-23 18:50:21,087] {dagbag.py:500} INFO - Filling up the DagBag from /home/airflow/env/lib/python3.8/site-packages/airflow/example_dags/example_sla_dag.py
[2022-03-23 18:50:21,109] {processor.py:654} INFO - DAG(s) dict_keys(['example_sla_dag']) retrieved from /home/airflow/env/lib/python3.8/site-packages/airflow/example_dags/example_sla_dag.py
[2022-03-23 18:50:21,116] {logging_mixin.py:109} INFO - [2022-03-23 18:50:21,116] {dag.py:2396} INFO - Sync 1 DAGs
[2022-03-23 18:50:21,131] {logging_mixin.py:109} INFO - [2022-03-23 18:50:21,131] {dag.py:2935} INFO - Setting next_dagrun for example_sla_dag to 2022-03-23T18:48:00+00:00
[2022-03-23 18:50:21,149] {processor.py:171} INFO - Processing /home/airflow/env/lib/python3.8/site-packages/airflow/example_dags/example_sla_dag.py took 0.066 seconds
[2022-03-23 18:50:53,313] {processor.py:163} INFO - Started process (PID=7123) to work on /home/airflow/env/lib/python3.8/site-packages/airflow/example_dags/example_sla_dag.py
[2022-03-23 18:50:53,318] {processor.py:642} INFO - Processing file /home/airflow/env/lib/python3.8/site-packages/airflow/example_dags/example_sla_dag.py for tasks to queue
[2022-03-23 18:50:53,318] {logging_mixin.py:109} INFO - [2022-03-23 18:50:53,318] {dagbag.py:500} INFO - Filling up the DagBag from /home/airflow/env/lib/python3.8/site-packages/airflow/example_dags/example_sla_dag.py
[2022-03-23 18:50:53,339] {processor.py:654} INFO - DAG(s) dict_keys(['example_sla_dag']) retrieved from /home/airflow/env/lib/python3.8/site-packages/airflow/example_dags/example_sla_dag.py
[2022-03-23 18:50:53,347] {logging_mixin.py:109} INFO - [2022-03-23 18:50:53,347] {dag.py:2396} INFO - Sync 1 DAGs
[2022-03-23 18:50:53,361] {logging_mixin.py:109} INFO - [2022-03-23 18:50:53,361] {dag.py:2935} INFO - Setting next_dagrun for example_sla_dag to 2022-03-23T18:48:00+00:00
[2022-03-23 18:50:53,374] {processor.py:171} INFO - Processing /home/airflow/env/lib/python3.8/site-packages/airflow/example_dags/example_sla_dag.py took 0.063 seconds
[2022-03-23 18:51:26,869] {processor.py:163} INFO - Started process (PID=7156) to work on /home/airflow/env/lib/python3.8/site-packages/airflow/example_dags/example_sla_dag.py
[2022-03-23 18:51:26,871] {processor.py:642} INFO - Processing file /home/airflow/env/lib/python3.8/site-packages/airflow/example_dags/example_sla_dag.py for tasks to queue
[2022-03-23 18:51:26,872] {logging_mixin.py:109} INFO - [2022-03-23 18:51:26,872] {dagbag.py:500} INFO - Filling up the DagBag from /home/airflow/env/lib/python3.8/site-packages/airflow/example_dags/example_sla_dag.py
[2022-03-23 18:51:26,896] {processor.py:654} INFO - DAG(s) dict_keys(['example_sla_dag']) retrieved from /home/airflow/env/lib/python3.8/site-packages/airflow/example_dags/example_sla_dag.py
[2022-03-23 18:51:26,904] {logging_mixin.py:109} INFO - [2022-03-23 18:51:26,904] {dag.py:2396} INFO - Sync 1 DAGs
[2022-03-23 18:51:26,917] {logging_mixin.py:109} INFO - [2022-03-23 18:51:26,917] {dag.py:2935} INFO - Setting next_dagrun for example_sla_dag to 2022-03-23T18:48:00+00:00
[2022-03-23 18:51:26,935] {processor.py:171} INFO - Processing /home/airflow/env/lib/python3.8/site-packages/airflow/example_dags/example_sla_dag.py took 0.068 seconds
[2022-03-23 18:51:59,747] {processor.py:163} INFO - Started process (PID=7187) to work on /home/airflow/env/lib/python3.8/site-packages/airflow/example_dags/example_sla_dag.py
[2022-03-23 18:51:59,748] {processor.py:642} INFO - Processing file /home/airflow/env/lib/python3.8/site-packages/airflow/example_dags/example_sla_dag.py for tasks to queue
[2022-03-23 18:51:59,749] {logging_mixin.py:109} INFO - [2022-03-23 18:51:59,749] {dagbag.py:500} INFO - Filling up the DagBag from /home/airflow/env/lib/python3.8/site-packages/airflow/example_dags/example_sla_dag.py
[2022-03-23 18:51:59,772] {processor.py:654} INFO - DAG(s) dict_keys(['example_sla_dag']) retrieved from /home/airflow/env/lib/python3.8/site-packages/airflow/example_dags/example_sla_dag.py
[2022-03-23 18:51:59,780] {logging_mixin.py:109} INFO - [2022-03-23 18:51:59,780] {dag.py:2396} INFO - Sync 1 DAGs
[2022-03-23 18:51:59,797] {logging_mixin.py:109} INFO - [2022-03-23 18:51:59,797] {dag.py:2935} INFO - Setting next_dagrun for example_sla_dag to 2022-03-23T18:48:00+00:00
[2022-03-23 18:51:59,815] {processor.py:171} INFO - Processing /home/airflow/env/lib/python3.8/site-packages/airflow/example_dags/example_sla_dag.py took 0.071 seconds
[2022-03-23 18:52:33,508] {processor.py:163} INFO - Started process (PID=7221) to work on /home/airflow/env/lib/python3.8/site-packages/airflow/example_dags/example_sla_dag.py
[2022-03-23 18:52:33,510] {processor.py:642} INFO - Processing file /home/airflow/env/lib/python3.8/site-packages/airflow/example_dags/example_sla_dag.py for tasks to queue
[2022-03-23 18:52:33,510] {logging_mixin.py:109} INFO - [2022-03-23 18:52:33,510] {dagbag.py:500} INFO - Filling up the DagBag from /home/airflow/env/lib/python3.8/site-packages/airflow/example_dags/example_sla_dag.py
[2022-03-23 18:52:33,538] {processor.py:654} INFO - DAG(s) dict_keys(['example_sla_dag']) retrieved from /home/airflow/env/lib/python3.8/site-packages/airflow/example_dags/example_sla_dag.py
[2022-03-23 18:52:33,551] {logging_mixin.py:109} INFO - [2022-03-23 18:52:33,551] {dag.py:2396} INFO - Sync 1 DAGs
[2022-03-23 18:52:33,567] {logging_mixin.py:109} INFO - [2022-03-23 18:52:33,567] {dag.py:2935} INFO - Setting next_dagrun for example_sla_dag to 2022-03-23T18:50:00+00:00
[2022-03-23 18:52:33,587] {processor.py:171} INFO - Processing /home/airflow/env/lib/python3.8/site-packages/airflow/example_dags/example_sla_dag.py took 0.084 seconds
[2022-03-23 18:53:07,467] {processor.py:163} INFO - Started process (PID=7254) to work on /home/airflow/env/lib/python3.8/site-packages/airflow/example_dags/example_sla_dag.py
[2022-03-23 18:53:07,468] {processor.py:642} INFO - Processing file /home/airflow/env/lib/python3.8/site-packages/airflow/example_dags/example_sla_dag.py for tasks to queue
[2022-03-23 18:53:07,469] {logging_mixin.py:109} INFO - [2022-03-23 18:53:07,469] {dagbag.py:500} INFO - Filling up the DagBag from /home/airflow/env/lib/python3.8/site-packages/airflow/example_dags/example_sla_dag.py
[2022-03-23 18:53:07,491] {processor.py:654} INFO - DAG(s) dict_keys(['example_sla_dag']) retrieved from /home/airflow/env/lib/python3.8/site-packages/airflow/example_dags/example_sla_dag.py
[2022-03-23 18:53:07,500] {logging_mixin.py:109} INFO - [2022-03-23 18:53:07,500] {dag.py:2396} INFO - Sync 1 DAGs
[2022-03-23 18:53:07,514] {logging_mixin.py:109} INFO - [2022-03-23 18:53:07,514] {dag.py:2935} INFO - Setting next_dagrun for example_sla_dag to 2022-03-23T18:50:00+00:00
[2022-03-23 18:53:07,537] {processor.py:171} INFO - Processing /home/airflow/env/lib/python3.8/site-packages/airflow/example_dags/example_sla_dag.py took 0.073 seconds
[2022-03-23 18:53:40,886] {processor.py:163} INFO - Started process (PID=7287) to work on /home/airflow/env/lib/python3.8/site-packages/airflow/example_dags/example_sla_dag.py
[2022-03-23 18:53:40,887] {processor.py:642} INFO - Processing file /home/airflow/env/lib/python3.8/site-packages/airflow/example_dags/example_sla_dag.py for tasks to queue
[2022-03-23 18:53:40,888] {logging_mixin.py:109} INFO - [2022-03-23 18:53:40,888] {dagbag.py:500} INFO - Filling up the DagBag from /home/airflow/env/lib/python3.8/site-packages/airflow/example_dags/example_sla_dag.py
[2022-03-23 18:53:40,915] {processor.py:654} INFO - DAG(s) dict_keys(['example_sla_dag']) retrieved from /home/airflow/env/lib/python3.8/site-packages/airflow/example_dags/example_sla_dag.py
[2022-03-23 18:53:40,923] {logging_mixin.py:109} INFO - [2022-03-23 18:53:40,923] {dag.py:2396} INFO - Sync 1 DAGs
[2022-03-23 18:53:40,940] {logging_mixin.py:109} INFO - [2022-03-23 18:53:40,940] {dag.py:2935} INFO - Setting next_dagrun for example_sla_dag to 2022-03-23T18:50:00+00:00
[2022-03-23 18:53:40,954] {processor.py:171} INFO - Processing /home/airflow/env/lib/python3.8/site-packages/airflow/example_dags/example_sla_dag.py took 0.071 seconds
[2022-03-23 18:54:14,907] {processor.py:163} INFO - Started process (PID=7320) to work on /home/airflow/env/lib/python3.8/site-packages/airflow/example_dags/example_sla_dag.py
[2022-03-23 18:54:14,909] {processor.py:642} INFO - Processing file /home/airflow/env/lib/python3.8/site-packages/airflow/example_dags/example_sla_dag.py for tasks to queue
[2022-03-23 18:54:14,909] {logging_mixin.py:109} INFO - [2022-03-23 18:54:14,909] {dagbag.py:500} INFO - Filling up the DagBag from /home/airflow/env/lib/python3.8/site-packages/airflow/example_dags/example_sla_dag.py
[2022-03-23 18:54:14,933] {processor.py:654} INFO - DAG(s) dict_keys(['example_sla_dag']) retrieved from /home/airflow/env/lib/python3.8/site-packages/airflow/example_dags/example_sla_dag.py
[2022-03-23 18:54:14,941] {logging_mixin.py:109} INFO - [2022-03-23 18:54:14,941] {dag.py:2396} INFO - Sync 1 DAGs
[2022-03-23 18:54:14,956] {logging_mixin.py:109} INFO - [2022-03-23 18:54:14,956] {dag.py:2935} INFO - Setting next_dagrun for example_sla_dag to 2022-03-23T18:52:00+00:00
[2022-03-23 18:54:15,006] {processor.py:171} INFO - Processing /home/airflow/env/lib/python3.8/site-packages/airflow/example_dags/example_sla_dag.py took 0.102 seconds
[2022-03-23 18:54:50,667] {processor.py:163} INFO - Started process (PID=7354) to work on /home/airflow/env/lib/python3.8/site-packages/airflow/example_dags/example_sla_dag.py
[2022-03-23 18:54:50,668] {processor.py:642} INFO - Processing file /home/airflow/env/lib/python3.8/site-packages/airflow/example_dags/example_sla_dag.py for tasks to queue
[2022-03-23 18:54:50,668] {logging_mixin.py:109} INFO - [2022-03-23 18:54:50,668] {dagbag.py:500} INFO - Filling up the DagBag from /home/airflow/env/lib/python3.8/site-packages/airflow/example_dags/example_sla_dag.py
[2022-03-23 18:54:50,688] {processor.py:654} INFO - DAG(s) dict_keys(['example_sla_dag']) retrieved from /home/airflow/env/lib/python3.8/site-packages/airflow/example_dags/example_sla_dag.py
[2022-03-23 18:54:50,696] {logging_mixin.py:109} INFO - [2022-03-23 18:54:50,696] {dag.py:2396} INFO - Sync 1 DAGs
[2022-03-23 18:54:50,710] {logging_mixin.py:109} INFO - [2022-03-23 18:54:50,710] {dag.py:2935} INFO - Setting next_dagrun for example_sla_dag to 2022-03-23T18:52:00+00:00
[2022-03-23 18:54:50,730] {processor.py:171} INFO - Processing /home/airflow/env/lib/python3.8/site-packages/airflow/example_dags/example_sla_dag.py took 0.066 seconds
[2022-03-23 18:55:25,464] {processor.py:163} INFO - Started process (PID=7389) to work on /home/airflow/env/lib/python3.8/site-packages/airflow/example_dags/example_sla_dag.py
[2022-03-23 18:55:25,466] {processor.py:642} INFO - Processing file /home/airflow/env/lib/python3.8/site-packages/airflow/example_dags/example_sla_dag.py for tasks to queue
[2022-03-23 18:55:25,466] {logging_mixin.py:109} INFO - [2022-03-23 18:55:25,466] {dagbag.py:500} INFO - Filling up the DagBag from /home/airflow/env/lib/python3.8/site-packages/airflow/example_dags/example_sla_dag.py
[2022-03-23 18:55:25,486] {processor.py:654} INFO - DAG(s) dict_keys(['example_sla_dag']) retrieved from /home/airflow/env/lib/python3.8/site-packages/airflow/example_dags/example_sla_dag.py
[2022-03-23 18:55:25,494] {logging_mixin.py:109} INFO - [2022-03-23 18:55:25,493] {dag.py:2396} INFO - Sync 1 DAGs
[2022-03-23 18:55:25,508] {logging_mixin.py:109} INFO - [2022-03-23 18:55:25,508] {dag.py:2935} INFO - Setting next_dagrun for example_sla_dag to 2022-03-23T18:52:00+00:00
[2022-03-23 18:55:25,524] {processor.py:171} INFO - Processing /home/airflow/env/lib/python3.8/site-packages/airflow/example_dags/example_sla_dag.py took 0.062 seconds
[2022-03-23 18:56:00,067] {processor.py:163} INFO - Started process (PID=7478) to work on /home/airflow/env/lib/python3.8/site-packages/airflow/example_dags/example_sla_dag.py
[2022-03-23 18:56:00,070] {processor.py:642} INFO - Processing file /home/airflow/env/lib/python3.8/site-packages/airflow/example_dags/example_sla_dag.py for tasks to queue
[2022-03-23 18:56:00,071] {logging_mixin.py:109} INFO - [2022-03-23 18:56:00,071] {dagbag.py:500} INFO - Filling up the DagBag from /home/airflow/env/lib/python3.8/site-packages/airflow/example_dags/example_sla_dag.py
[2022-03-23 18:56:00,098] {processor.py:654} INFO - DAG(s) dict_keys(['example_sla_dag']) retrieved from /home/airflow/env/lib/python3.8/site-packages/airflow/example_dags/example_sla_dag.py
[2022-03-23 18:56:00,108] {logging_mixin.py:109} INFO - [2022-03-23 18:56:00,108] {dag.py:2396} INFO - Sync 1 DAGs
[2022-03-23 18:56:00,125] {logging_mixin.py:109} INFO - [2022-03-23 18:56:00,125] {dag.py:2935} INFO - Setting next_dagrun for example_sla_dag to 2022-03-23T18:54:00+00:00
[2022-03-23 18:56:00,148] {processor.py:171} INFO - Processing /home/airflow/env/lib/python3.8/site-packages/airflow/example_dags/example_sla_dag.py took 0.084 seconds
[2022-03-23 18:56:33,842] {processor.py:163} INFO - Started process (PID=7510) to work on /home/airflow/env/lib/python3.8/site-packages/airflow/example_dags/example_sla_dag.py
[2022-03-23 18:56:33,843] {processor.py:642} INFO - Processing file /home/airflow/env/lib/python3.8/site-packages/airflow/example_dags/example_sla_dag.py for tasks to queue
[2022-03-23 18:56:33,843] {logging_mixin.py:109} INFO - [2022-03-23 18:56:33,843] {dagbag.py:500} INFO - Filling up the DagBag from /home/airflow/env/lib/python3.8/site-packages/airflow/example_dags/example_sla_dag.py
[2022-03-23 18:56:33,866] {processor.py:654} INFO - DAG(s) dict_keys(['example_sla_dag']) retrieved from /home/airflow/env/lib/python3.8/site-packages/airflow/example_dags/example_sla_dag.py
[2022-03-23 18:56:33,877] {logging_mixin.py:109} INFO - [2022-03-23 18:56:33,877] {dag.py:2396} INFO - Sync 1 DAGs
[2022-03-23 18:56:33,894] {logging_mixin.py:109} INFO - [2022-03-23 18:56:33,894] {dag.py:2935} INFO - Setting next_dagrun for example_sla_dag to 2022-03-23T18:54:00+00:00
[2022-03-23 18:56:33,911] {processor.py:171} INFO - Processing /home/airflow/env/lib/python3.8/site-packages/airflow/example_dags/example_sla_dag.py took 0.071 seconds
[2022-03-23 18:57:06,188] {processor.py:163} INFO - Started process (PID=7542) to work on /home/airflow/env/lib/python3.8/site-packages/airflow/example_dags/example_sla_dag.py
[2022-03-23 18:57:06,189] {processor.py:642} INFO - Processing file /home/airflow/env/lib/python3.8/site-packages/airflow/example_dags/example_sla_dag.py for tasks to queue
[2022-03-23 18:57:06,189] {logging_mixin.py:109} INFO - [2022-03-23 18:57:06,189] {dagbag.py:500} INFO - Filling up the DagBag from /home/airflow/env/lib/python3.8/site-packages/airflow/example_dags/example_sla_dag.py
[2022-03-23 18:57:06,208] {processor.py:654} INFO - DAG(s) dict_keys(['example_sla_dag']) retrieved from /home/airflow/env/lib/python3.8/site-packages/airflow/example_dags/example_sla_dag.py
[2022-03-23 18:57:06,215] {logging_mixin.py:109} INFO - [2022-03-23 18:57:06,215] {dag.py:2396} INFO - Sync 1 DAGs
[2022-03-23 18:57:06,229] {logging_mixin.py:109} INFO - [2022-03-23 18:57:06,229] {dag.py:2935} INFO - Setting next_dagrun for example_sla_dag to 2022-03-23T18:54:00+00:00
[2022-03-23 18:57:06,250] {processor.py:171} INFO - Processing /home/airflow/env/lib/python3.8/site-packages/airflow/example_dags/example_sla_dag.py took 0.065 seconds
[2022-03-23 18:57:41,401] {processor.py:163} INFO - Started process (PID=7575) to work on /home/airflow/env/lib/python3.8/site-packages/airflow/example_dags/example_sla_dag.py
[2022-03-23 18:57:41,402] {processor.py:642} INFO - Processing file /home/airflow/env/lib/python3.8/site-packages/airflow/example_dags/example_sla_dag.py for tasks to queue
[2022-03-23 18:57:41,402] {logging_mixin.py:109} INFO - [2022-03-23 18:57:41,402] {dagbag.py:500} INFO - Filling up the DagBag from /home/airflow/env/lib/python3.8/site-packages/airflow/example_dags/example_sla_dag.py
[2022-03-23 18:57:41,423] {processor.py:654} INFO - DAG(s) dict_keys(['example_sla_dag']) retrieved from /home/airflow/env/lib/python3.8/site-packages/airflow/example_dags/example_sla_dag.py
[2022-03-23 18:57:41,430] {logging_mixin.py:109} INFO - [2022-03-23 18:57:41,430] {dag.py:2396} INFO - Sync 1 DAGs
[2022-03-23 18:57:41,445] {logging_mixin.py:109} INFO - [2022-03-23 18:57:41,445] {dag.py:2935} INFO - Setting next_dagrun for example_sla_dag to 2022-03-23T18:54:00+00:00
[2022-03-23 18:57:41,461] {processor.py:171} INFO - Processing /home/airflow/env/lib/python3.8/site-packages/airflow/example_dags/example_sla_dag.py took 0.063 seconds
[2022-03-23 18:58:15,470] {processor.py:163} INFO - Started process (PID=7707) to work on /home/airflow/env/lib/python3.8/site-packages/airflow/example_dags/example_sla_dag.py
[2022-03-23 18:58:15,472] {processor.py:642} INFO - Processing file /home/airflow/env/lib/python3.8/site-packages/airflow/example_dags/example_sla_dag.py for tasks to queue
[2022-03-23 18:58:15,472] {logging_mixin.py:109} INFO - [2022-03-23 18:58:15,472] {dagbag.py:500} INFO - Filling up the DagBag from /home/airflow/env/lib/python3.8/site-packages/airflow/example_dags/example_sla_dag.py
[2022-03-23 18:58:15,574] {processor.py:654} INFO - DAG(s) dict_keys(['example_sla_dag']) retrieved from /home/airflow/env/lib/python3.8/site-packages/airflow/example_dags/example_sla_dag.py
[2022-03-23 18:58:15,617] {logging_mixin.py:109} INFO - [2022-03-23 18:58:15,617] {dag.py:2396} INFO - Sync 1 DAGs
[2022-03-23 18:58:15,679] {logging_mixin.py:109} INFO - [2022-03-23 18:58:15,679] {dag.py:2935} INFO - Setting next_dagrun for example_sla_dag to 2022-03-23T18:56:00+00:00
[2022-03-23 18:58:15,719] {processor.py:171} INFO - Processing /home/airflow/env/lib/python3.8/site-packages/airflow/example_dags/example_sla_dag.py took 0.261 seconds
[2022-03-23 18:59:08,307] {processor.py:163} INFO - Started process (PID=7876) to work on /home/airflow/env/lib/python3.8/site-packages/airflow/example_dags/example_sla_dag.py
[2022-03-23 18:59:08,314] {processor.py:642} INFO - Processing file /home/airflow/env/lib/python3.8/site-packages/airflow/example_dags/example_sla_dag.py for tasks to queue
[2022-03-23 18:59:08,315] {logging_mixin.py:109} INFO - [2022-03-23 18:59:08,314] {dagbag.py:500} INFO - Filling up the DagBag from /home/airflow/env/lib/python3.8/site-packages/airflow/example_dags/example_sla_dag.py
[2022-03-23 18:59:08,345] {processor.py:654} INFO - DAG(s) dict_keys(['example_sla_dag']) retrieved from /home/airflow/env/lib/python3.8/site-packages/airflow/example_dags/example_sla_dag.py
[2022-03-23 18:59:08,359] {logging_mixin.py:109} INFO - [2022-03-23 18:59:08,358] {dag.py:2396} INFO - Sync 1 DAGs
[2022-03-23 18:59:08,381] {logging_mixin.py:109} INFO - [2022-03-23 18:59:08,381] {dag.py:2935} INFO - Setting next_dagrun for example_sla_dag to 2022-03-23T18:56:00+00:00
[2022-03-23 18:59:08,401] {processor.py:171} INFO - Processing /home/airflow/env/lib/python3.8/site-packages/airflow/example_dags/example_sla_dag.py took 0.098 seconds
[2022-03-23 18:59:43,343] {processor.py:163} INFO - Started process (PID=7971) to work on /home/airflow/env/lib/python3.8/site-packages/airflow/example_dags/example_sla_dag.py
[2022-03-23 18:59:43,344] {processor.py:642} INFO - Processing file /home/airflow/env/lib/python3.8/site-packages/airflow/example_dags/example_sla_dag.py for tasks to queue
[2022-03-23 18:59:43,345] {logging_mixin.py:109} INFO - [2022-03-23 18:59:43,345] {dagbag.py:500} INFO - Filling up the DagBag from /home/airflow/env/lib/python3.8/site-packages/airflow/example_dags/example_sla_dag.py
[2022-03-23 18:59:43,366] {processor.py:654} INFO - DAG(s) dict_keys(['example_sla_dag']) retrieved from /home/airflow/env/lib/python3.8/site-packages/airflow/example_dags/example_sla_dag.py
[2022-03-23 18:59:43,375] {logging_mixin.py:109} INFO - [2022-03-23 18:59:43,375] {dag.py:2396} INFO - Sync 1 DAGs
[2022-03-23 18:59:43,389] {logging_mixin.py:109} INFO - [2022-03-23 18:59:43,389] {dag.py:2935} INFO - Setting next_dagrun for example_sla_dag to 2022-03-23T18:56:00+00:00
[2022-03-23 18:59:43,409] {processor.py:171} INFO - Processing /home/airflow/env/lib/python3.8/site-packages/airflow/example_dags/example_sla_dag.py took 0.069 seconds
[2022-03-23 19:00:27,767] {processor.py:163} INFO - Started process (PID=8235) to work on /home/airflow/env/lib/python3.8/site-packages/airflow/example_dags/example_sla_dag.py
[2022-03-23 19:00:27,769] {processor.py:642} INFO - Processing file /home/airflow/env/lib/python3.8/site-packages/airflow/example_dags/example_sla_dag.py for tasks to queue
[2022-03-23 19:00:27,770] {logging_mixin.py:109} INFO - [2022-03-23 19:00:27,769] {dagbag.py:500} INFO - Filling up the DagBag from /home/airflow/env/lib/python3.8/site-packages/airflow/example_dags/example_sla_dag.py
[2022-03-23 19:00:27,804] {processor.py:654} INFO - DAG(s) dict_keys(['example_sla_dag']) retrieved from /home/airflow/env/lib/python3.8/site-packages/airflow/example_dags/example_sla_dag.py
[2022-03-23 19:00:27,816] {logging_mixin.py:109} INFO - [2022-03-23 19:00:27,816] {dag.py:2396} INFO - Sync 1 DAGs
[2022-03-23 19:00:27,842] {logging_mixin.py:109} INFO - [2022-03-23 19:00:27,842] {dag.py:2935} INFO - Setting next_dagrun for example_sla_dag to 2022-03-23T18:58:00+00:00
[2022-03-23 19:00:27,859] {processor.py:171} INFO - Processing /home/airflow/env/lib/python3.8/site-packages/airflow/example_dags/example_sla_dag.py took 0.095 seconds
[2022-03-23 19:01:07,158] {processor.py:163} INFO - Started process (PID=8444) to work on /home/airflow/env/lib/python3.8/site-packages/airflow/example_dags/example_sla_dag.py
[2022-03-23 19:01:07,160] {processor.py:642} INFO - Processing file /home/airflow/env/lib/python3.8/site-packages/airflow/example_dags/example_sla_dag.py for tasks to queue
[2022-03-23 19:01:07,161] {logging_mixin.py:109} INFO - [2022-03-23 19:01:07,161] {dagbag.py:500} INFO - Filling up the DagBag from /home/airflow/env/lib/python3.8/site-packages/airflow/example_dags/example_sla_dag.py
[2022-03-23 19:01:07,202] {processor.py:654} INFO - DAG(s) dict_keys(['example_sla_dag']) retrieved from /home/airflow/env/lib/python3.8/site-packages/airflow/example_dags/example_sla_dag.py
[2022-03-23 19:01:07,215] {logging_mixin.py:109} INFO - [2022-03-23 19:01:07,214] {dag.py:2396} INFO - Sync 1 DAGs
[2022-03-23 19:01:07,241] {logging_mixin.py:109} INFO - [2022-03-23 19:01:07,241] {dag.py:2935} INFO - Setting next_dagrun for example_sla_dag to 2022-03-23T18:58:00+00:00
[2022-03-23 19:01:07,261] {processor.py:171} INFO - Processing /home/airflow/env/lib/python3.8/site-packages/airflow/example_dags/example_sla_dag.py took 0.107 seconds
[2022-03-23 19:01:42,580] {processor.py:163} INFO - Started process (PID=8480) to work on /home/airflow/env/lib/python3.8/site-packages/airflow/example_dags/example_sla_dag.py
[2022-03-23 19:01:42,584] {processor.py:642} INFO - Processing file /home/airflow/env/lib/python3.8/site-packages/airflow/example_dags/example_sla_dag.py for tasks to queue
[2022-03-23 19:01:42,588] {logging_mixin.py:109} INFO - [2022-03-23 19:01:42,587] {dagbag.py:500} INFO - Filling up the DagBag from /home/airflow/env/lib/python3.8/site-packages/airflow/example_dags/example_sla_dag.py
[2022-03-23 19:01:42,622] {processor.py:654} INFO - DAG(s) dict_keys(['example_sla_dag']) retrieved from /home/airflow/env/lib/python3.8/site-packages/airflow/example_dags/example_sla_dag.py
[2022-03-23 19:01:42,635] {logging_mixin.py:109} INFO - [2022-03-23 19:01:42,635] {dag.py:2396} INFO - Sync 1 DAGs
[2022-03-23 19:01:42,650] {logging_mixin.py:109} INFO - [2022-03-23 19:01:42,650] {dag.py:2935} INFO - Setting next_dagrun for example_sla_dag to 2022-03-23T18:58:00+00:00
[2022-03-23 19:01:42,668] {processor.py:171} INFO - Processing /home/airflow/env/lib/python3.8/site-packages/airflow/example_dags/example_sla_dag.py took 0.091 seconds
[2022-03-23 19:02:17,508] {processor.py:163} INFO - Started process (PID=8562) to work on /home/airflow/env/lib/python3.8/site-packages/airflow/example_dags/example_sla_dag.py
[2022-03-23 19:02:17,510] {processor.py:642} INFO - Processing file /home/airflow/env/lib/python3.8/site-packages/airflow/example_dags/example_sla_dag.py for tasks to queue
[2022-03-23 19:02:17,511] {logging_mixin.py:109} INFO - [2022-03-23 19:02:17,511] {dagbag.py:500} INFO - Filling up the DagBag from /home/airflow/env/lib/python3.8/site-packages/airflow/example_dags/example_sla_dag.py
[2022-03-23 19:02:17,544] {processor.py:654} INFO - DAG(s) dict_keys(['example_sla_dag']) retrieved from /home/airflow/env/lib/python3.8/site-packages/airflow/example_dags/example_sla_dag.py
[2022-03-23 19:02:17,561] {logging_mixin.py:109} INFO - [2022-03-23 19:02:17,561] {dag.py:2396} INFO - Sync 1 DAGs
[2022-03-23 19:02:17,584] {logging_mixin.py:109} INFO - [2022-03-23 19:02:17,584] {dag.py:2935} INFO - Setting next_dagrun for example_sla_dag to 2022-03-23T19:00:00+00:00
[2022-03-23 19:02:17,606] {processor.py:171} INFO - Processing /home/airflow/env/lib/python3.8/site-packages/airflow/example_dags/example_sla_dag.py took 0.102 seconds
[2022-03-23 19:02:58,405] {processor.py:163} INFO - Started process (PID=8729) to work on /home/airflow/env/lib/python3.8/site-packages/airflow/example_dags/example_sla_dag.py
[2022-03-23 19:02:58,406] {processor.py:642} INFO - Processing file /home/airflow/env/lib/python3.8/site-packages/airflow/example_dags/example_sla_dag.py for tasks to queue
[2022-03-23 19:02:58,407] {logging_mixin.py:109} INFO - [2022-03-23 19:02:58,407] {dagbag.py:500} INFO - Filling up the DagBag from /home/airflow/env/lib/python3.8/site-packages/airflow/example_dags/example_sla_dag.py
[2022-03-23 19:02:58,432] {processor.py:654} INFO - DAG(s) dict_keys(['example_sla_dag']) retrieved from /home/airflow/env/lib/python3.8/site-packages/airflow/example_dags/example_sla_dag.py
[2022-03-23 19:02:58,440] {logging_mixin.py:109} INFO - [2022-03-23 19:02:58,440] {dag.py:2396} INFO - Sync 1 DAGs
[2022-03-23 19:02:58,457] {logging_mixin.py:109} INFO - [2022-03-23 19:02:58,457] {dag.py:2935} INFO - Setting next_dagrun for example_sla_dag to 2022-03-23T19:00:00+00:00
[2022-03-23 19:02:58,471] {processor.py:171} INFO - Processing /home/airflow/env/lib/python3.8/site-packages/airflow/example_dags/example_sla_dag.py took 0.068 seconds
[2022-03-23 19:03:34,504] {processor.py:163} INFO - Started process (PID=8821) to work on /home/airflow/env/lib/python3.8/site-packages/airflow/example_dags/example_sla_dag.py
[2022-03-23 19:03:34,505] {processor.py:642} INFO - Processing file /home/airflow/env/lib/python3.8/site-packages/airflow/example_dags/example_sla_dag.py for tasks to queue
[2022-03-23 19:03:34,505] {logging_mixin.py:109} INFO - [2022-03-23 19:03:34,505] {dagbag.py:500} INFO - Filling up the DagBag from /home/airflow/env/lib/python3.8/site-packages/airflow/example_dags/example_sla_dag.py
[2022-03-23 19:03:34,526] {processor.py:654} INFO - DAG(s) dict_keys(['example_sla_dag']) retrieved from /home/airflow/env/lib/python3.8/site-packages/airflow/example_dags/example_sla_dag.py
[2022-03-23 19:03:34,534] {logging_mixin.py:109} INFO - [2022-03-23 19:03:34,534] {dag.py:2396} INFO - Sync 1 DAGs
[2022-03-23 19:03:34,548] {logging_mixin.py:109} INFO - [2022-03-23 19:03:34,548] {dag.py:2935} INFO - Setting next_dagrun for example_sla_dag to 2022-03-23T19:00:00+00:00
[2022-03-23 19:03:34,566] {processor.py:171} INFO - Processing /home/airflow/env/lib/python3.8/site-packages/airflow/example_dags/example_sla_dag.py took 0.065 seconds
[2022-03-23 19:04:12,125] {processor.py:163} INFO - Started process (PID=8960) to work on /home/airflow/env/lib/python3.8/site-packages/airflow/example_dags/example_sla_dag.py
[2022-03-23 19:04:12,126] {processor.py:642} INFO - Processing file /home/airflow/env/lib/python3.8/site-packages/airflow/example_dags/example_sla_dag.py for tasks to queue
[2022-03-23 19:04:12,127] {logging_mixin.py:109} INFO - [2022-03-23 19:04:12,127] {dagbag.py:500} INFO - Filling up the DagBag from /home/airflow/env/lib/python3.8/site-packages/airflow/example_dags/example_sla_dag.py
[2022-03-23 19:04:12,148] {processor.py:654} INFO - DAG(s) dict_keys(['example_sla_dag']) retrieved from /home/airflow/env/lib/python3.8/site-packages/airflow/example_dags/example_sla_dag.py
[2022-03-23 19:04:12,156] {logging_mixin.py:109} INFO - [2022-03-23 19:04:12,156] {dag.py:2396} INFO - Sync 1 DAGs
[2022-03-23 19:04:12,172] {logging_mixin.py:109} INFO - [2022-03-23 19:04:12,172] {dag.py:2935} INFO - Setting next_dagrun for example_sla_dag to 2022-03-23T19:02:00+00:00
[2022-03-23 19:04:12,189] {processor.py:171} INFO - Processing /home/airflow/env/lib/python3.8/site-packages/airflow/example_dags/example_sla_dag.py took 0.066 seconds
[2022-03-23 19:04:56,947] {processor.py:163} INFO - Started process (PID=9071) to work on /home/airflow/env/lib/python3.8/site-packages/airflow/example_dags/example_sla_dag.py
[2022-03-23 19:04:56,951] {processor.py:642} INFO - Processing file /home/airflow/env/lib/python3.8/site-packages/airflow/example_dags/example_sla_dag.py for tasks to queue
[2022-03-23 19:04:56,952] {logging_mixin.py:109} INFO - [2022-03-23 19:04:56,952] {dagbag.py:500} INFO - Filling up the DagBag from /home/airflow/env/lib/python3.8/site-packages/airflow/example_dags/example_sla_dag.py
[2022-03-23 19:04:57,033] {processor.py:654} INFO - DAG(s) dict_keys(['example_sla_dag']) retrieved from /home/airflow/env/lib/python3.8/site-packages/airflow/example_dags/example_sla_dag.py
[2022-03-23 19:04:57,059] {logging_mixin.py:109} INFO - [2022-03-23 19:04:57,059] {dag.py:2396} INFO - Sync 1 DAGs
[2022-03-23 19:04:57,126] {logging_mixin.py:109} INFO - [2022-03-23 19:04:57,125] {dag.py:2935} INFO - Setting next_dagrun for example_sla_dag to 2022-03-23T19:02:00+00:00
[2022-03-23 19:04:57,192] {processor.py:171} INFO - Processing /home/airflow/env/lib/python3.8/site-packages/airflow/example_dags/example_sla_dag.py took 0.258 seconds
[2022-03-23 19:05:37,820] {processor.py:163} INFO - Started process (PID=9172) to work on /home/airflow/env/lib/python3.8/site-packages/airflow/example_dags/example_sla_dag.py
[2022-03-23 19:05:37,827] {processor.py:642} INFO - Processing file /home/airflow/env/lib/python3.8/site-packages/airflow/example_dags/example_sla_dag.py for tasks to queue
[2022-03-23 19:05:37,828] {logging_mixin.py:109} INFO - [2022-03-23 19:05:37,828] {dagbag.py:500} INFO - Filling up the DagBag from /home/airflow/env/lib/python3.8/site-packages/airflow/example_dags/example_sla_dag.py
[2022-03-23 19:05:37,852] {processor.py:654} INFO - DAG(s) dict_keys(['example_sla_dag']) retrieved from /home/airflow/env/lib/python3.8/site-packages/airflow/example_dags/example_sla_dag.py
[2022-03-23 19:05:37,865] {logging_mixin.py:109} INFO - [2022-03-23 19:05:37,865] {dag.py:2396} INFO - Sync 1 DAGs
[2022-03-23 19:05:37,881] {logging_mixin.py:109} INFO - [2022-03-23 19:05:37,881] {dag.py:2935} INFO - Setting next_dagrun for example_sla_dag to 2022-03-23T19:02:00+00:00
[2022-03-23 19:05:37,918] {processor.py:171} INFO - Processing /home/airflow/env/lib/python3.8/site-packages/airflow/example_dags/example_sla_dag.py took 0.100 seconds
[2022-03-23 19:06:15,849] {processor.py:163} INFO - Started process (PID=9208) to work on /home/airflow/env/lib/python3.8/site-packages/airflow/example_dags/example_sla_dag.py
[2022-03-23 19:06:15,851] {processor.py:642} INFO - Processing file /home/airflow/env/lib/python3.8/site-packages/airflow/example_dags/example_sla_dag.py for tasks to queue
[2022-03-23 19:06:15,852] {logging_mixin.py:109} INFO - [2022-03-23 19:06:15,851] {dagbag.py:500} INFO - Filling up the DagBag from /home/airflow/env/lib/python3.8/site-packages/airflow/example_dags/example_sla_dag.py
[2022-03-23 19:06:15,876] {processor.py:654} INFO - DAG(s) dict_keys(['example_sla_dag']) retrieved from /home/airflow/env/lib/python3.8/site-packages/airflow/example_dags/example_sla_dag.py
[2022-03-23 19:06:15,888] {logging_mixin.py:109} INFO - [2022-03-23 19:06:15,888] {dag.py:2396} INFO - Sync 1 DAGs
[2022-03-23 19:06:15,904] {logging_mixin.py:109} INFO - [2022-03-23 19:06:15,904] {dag.py:2935} INFO - Setting next_dagrun for example_sla_dag to 2022-03-23T19:04:00+00:00
[2022-03-23 19:06:15,921] {processor.py:171} INFO - Processing /home/airflow/env/lib/python3.8/site-packages/airflow/example_dags/example_sla_dag.py took 0.077 seconds
[2022-03-23 19:06:50,586] {processor.py:163} INFO - Started process (PID=9241) to work on /home/airflow/env/lib/python3.8/site-packages/airflow/example_dags/example_sla_dag.py
[2022-03-23 19:06:50,587] {processor.py:642} INFO - Processing file /home/airflow/env/lib/python3.8/site-packages/airflow/example_dags/example_sla_dag.py for tasks to queue
[2022-03-23 19:06:50,587] {logging_mixin.py:109} INFO - [2022-03-23 19:06:50,587] {dagbag.py:500} INFO - Filling up the DagBag from /home/airflow/env/lib/python3.8/site-packages/airflow/example_dags/example_sla_dag.py
[2022-03-23 19:06:50,609] {processor.py:654} INFO - DAG(s) dict_keys(['example_sla_dag']) retrieved from /home/airflow/env/lib/python3.8/site-packages/airflow/example_dags/example_sla_dag.py
[2022-03-23 19:06:50,618] {logging_mixin.py:109} INFO - [2022-03-23 19:06:50,617] {dag.py:2396} INFO - Sync 1 DAGs
[2022-03-23 19:06:50,631] {logging_mixin.py:109} INFO - [2022-03-23 19:06:50,630] {dag.py:2935} INFO - Setting next_dagrun for example_sla_dag to 2022-03-23T19:04:00+00:00
[2022-03-23 19:06:50,649] {processor.py:171} INFO - Processing /home/airflow/env/lib/python3.8/site-packages/airflow/example_dags/example_sla_dag.py took 0.066 seconds
[2022-03-23 19:07:23,417] {processor.py:163} INFO - Started process (PID=9274) to work on /home/airflow/env/lib/python3.8/site-packages/airflow/example_dags/example_sla_dag.py
[2022-03-23 19:07:23,418] {processor.py:642} INFO - Processing file /home/airflow/env/lib/python3.8/site-packages/airflow/example_dags/example_sla_dag.py for tasks to queue
[2022-03-23 19:07:23,419] {logging_mixin.py:109} INFO - [2022-03-23 19:07:23,418] {dagbag.py:500} INFO - Filling up the DagBag from /home/airflow/env/lib/python3.8/site-packages/airflow/example_dags/example_sla_dag.py
[2022-03-23 19:07:23,437] {processor.py:654} INFO - DAG(s) dict_keys(['example_sla_dag']) retrieved from /home/airflow/env/lib/python3.8/site-packages/airflow/example_dags/example_sla_dag.py
[2022-03-23 19:07:23,445] {logging_mixin.py:109} INFO - [2022-03-23 19:07:23,444] {dag.py:2396} INFO - Sync 1 DAGs
[2022-03-23 19:07:23,458] {logging_mixin.py:109} INFO - [2022-03-23 19:07:23,458] {dag.py:2935} INFO - Setting next_dagrun for example_sla_dag to 2022-03-23T19:04:00+00:00
[2022-03-23 19:07:23,474] {processor.py:171} INFO - Processing /home/airflow/env/lib/python3.8/site-packages/airflow/example_dags/example_sla_dag.py took 0.059 seconds
[2022-03-23 19:07:57,435] {processor.py:163} INFO - Started process (PID=9308) to work on /home/airflow/env/lib/python3.8/site-packages/airflow/example_dags/example_sla_dag.py
[2022-03-23 19:07:57,437] {processor.py:642} INFO - Processing file /home/airflow/env/lib/python3.8/site-packages/airflow/example_dags/example_sla_dag.py for tasks to queue
[2022-03-23 19:07:57,438] {logging_mixin.py:109} INFO - [2022-03-23 19:07:57,437] {dagbag.py:500} INFO - Filling up the DagBag from /home/airflow/env/lib/python3.8/site-packages/airflow/example_dags/example_sla_dag.py
[2022-03-23 19:07:57,463] {processor.py:654} INFO - DAG(s) dict_keys(['example_sla_dag']) retrieved from /home/airflow/env/lib/python3.8/site-packages/airflow/example_dags/example_sla_dag.py
[2022-03-23 19:07:57,473] {logging_mixin.py:109} INFO - [2022-03-23 19:07:57,473] {dag.py:2396} INFO - Sync 1 DAGs
[2022-03-23 19:07:57,490] {logging_mixin.py:109} INFO - [2022-03-23 19:07:57,490] {dag.py:2935} INFO - Setting next_dagrun for example_sla_dag to 2022-03-23T19:04:00+00:00
[2022-03-23 19:07:57,506] {processor.py:171} INFO - Processing /home/airflow/env/lib/python3.8/site-packages/airflow/example_dags/example_sla_dag.py took 0.076 seconds
[2022-03-23 19:08:30,624] {processor.py:163} INFO - Started process (PID=9340) to work on /home/airflow/env/lib/python3.8/site-packages/airflow/example_dags/example_sla_dag.py
[2022-03-23 19:08:30,625] {processor.py:642} INFO - Processing file /home/airflow/env/lib/python3.8/site-packages/airflow/example_dags/example_sla_dag.py for tasks to queue
[2022-03-23 19:08:30,626] {logging_mixin.py:109} INFO - [2022-03-23 19:08:30,626] {dagbag.py:500} INFO - Filling up the DagBag from /home/airflow/env/lib/python3.8/site-packages/airflow/example_dags/example_sla_dag.py
[2022-03-23 19:08:30,653] {processor.py:654} INFO - DAG(s) dict_keys(['example_sla_dag']) retrieved from /home/airflow/env/lib/python3.8/site-packages/airflow/example_dags/example_sla_dag.py
[2022-03-23 19:08:30,661] {logging_mixin.py:109} INFO - [2022-03-23 19:08:30,661] {dag.py:2396} INFO - Sync 1 DAGs
[2022-03-23 19:08:30,679] {logging_mixin.py:109} INFO - [2022-03-23 19:08:30,679] {dag.py:2935} INFO - Setting next_dagrun for example_sla_dag to 2022-03-23T19:06:00+00:00
[2022-03-23 19:08:30,694] {processor.py:171} INFO - Processing /home/airflow/env/lib/python3.8/site-packages/airflow/example_dags/example_sla_dag.py took 0.072 seconds
[2022-03-23 19:09:06,120] {processor.py:163} INFO - Started process (PID=9374) to work on /home/airflow/env/lib/python3.8/site-packages/airflow/example_dags/example_sla_dag.py
[2022-03-23 19:09:06,126] {processor.py:642} INFO - Processing file /home/airflow/env/lib/python3.8/site-packages/airflow/example_dags/example_sla_dag.py for tasks to queue
[2022-03-23 19:09:06,128] {logging_mixin.py:109} INFO - [2022-03-23 19:09:06,128] {dagbag.py:500} INFO - Filling up the DagBag from /home/airflow/env/lib/python3.8/site-packages/airflow/example_dags/example_sla_dag.py
[2022-03-23 19:09:06,209] {processor.py:654} INFO - DAG(s) dict_keys(['example_sla_dag']) retrieved from /home/airflow/env/lib/python3.8/site-packages/airflow/example_dags/example_sla_dag.py
[2022-03-23 19:09:06,248] {logging_mixin.py:109} INFO - [2022-03-23 19:09:06,248] {dag.py:2396} INFO - Sync 1 DAGs
[2022-03-23 19:09:06,358] {logging_mixin.py:109} INFO - [2022-03-23 19:09:06,358] {dag.py:2935} INFO - Setting next_dagrun for example_sla_dag to 2022-03-23T19:06:00+00:00
[2022-03-23 19:09:06,386] {processor.py:171} INFO - Processing /home/airflow/env/lib/python3.8/site-packages/airflow/example_dags/example_sla_dag.py took 0.282 seconds
[2022-03-23 19:09:41,569] {processor.py:163} INFO - Started process (PID=9404) to work on /home/airflow/env/lib/python3.8/site-packages/airflow/example_dags/example_sla_dag.py
[2022-03-23 19:09:41,576] {processor.py:642} INFO - Processing file /home/airflow/env/lib/python3.8/site-packages/airflow/example_dags/example_sla_dag.py for tasks to queue
[2022-03-23 19:09:41,577] {logging_mixin.py:109} INFO - [2022-03-23 19:09:41,576] {dagbag.py:500} INFO - Filling up the DagBag from /home/airflow/env/lib/python3.8/site-packages/airflow/example_dags/example_sla_dag.py
[2022-03-23 19:09:41,603] {processor.py:654} INFO - DAG(s) dict_keys(['example_sla_dag']) retrieved from /home/airflow/env/lib/python3.8/site-packages/airflow/example_dags/example_sla_dag.py
[2022-03-23 19:09:41,616] {logging_mixin.py:109} INFO - [2022-03-23 19:09:41,616] {dag.py:2396} INFO - Sync 1 DAGs
[2022-03-23 19:09:41,635] {logging_mixin.py:109} INFO - [2022-03-23 19:09:41,635] {dag.py:2935} INFO - Setting next_dagrun for example_sla_dag to 2022-03-23T19:06:00+00:00
[2022-03-23 19:09:41,650] {processor.py:171} INFO - Processing /home/airflow/env/lib/python3.8/site-packages/airflow/example_dags/example_sla_dag.py took 0.085 seconds
[2022-03-23 19:10:14,520] {processor.py:163} INFO - Started process (PID=9436) to work on /home/airflow/env/lib/python3.8/site-packages/airflow/example_dags/example_sla_dag.py
[2022-03-23 19:10:14,521] {processor.py:642} INFO - Processing file /home/airflow/env/lib/python3.8/site-packages/airflow/example_dags/example_sla_dag.py for tasks to queue
[2022-03-23 19:10:14,522] {logging_mixin.py:109} INFO - [2022-03-23 19:10:14,522] {dagbag.py:500} INFO - Filling up the DagBag from /home/airflow/env/lib/python3.8/site-packages/airflow/example_dags/example_sla_dag.py
[2022-03-23 19:10:14,545] {processor.py:654} INFO - DAG(s) dict_keys(['example_sla_dag']) retrieved from /home/airflow/env/lib/python3.8/site-packages/airflow/example_dags/example_sla_dag.py
[2022-03-23 19:10:14,553] {logging_mixin.py:109} INFO - [2022-03-23 19:10:14,553] {dag.py:2396} INFO - Sync 1 DAGs
[2022-03-23 19:10:14,574] {logging_mixin.py:109} INFO - [2022-03-23 19:10:14,573] {dag.py:2935} INFO - Setting next_dagrun for example_sla_dag to 2022-03-23T19:08:00+00:00
[2022-03-23 19:10:14,597] {processor.py:171} INFO - Processing /home/airflow/env/lib/python3.8/site-packages/airflow/example_dags/example_sla_dag.py took 0.079 seconds
[2022-03-23 19:10:46,695] {processor.py:163} INFO - Started process (PID=9526) to work on /home/airflow/env/lib/python3.8/site-packages/airflow/example_dags/example_sla_dag.py
[2022-03-23 19:10:46,696] {processor.py:642} INFO - Processing file /home/airflow/env/lib/python3.8/site-packages/airflow/example_dags/example_sla_dag.py for tasks to queue
[2022-03-23 19:10:46,697] {logging_mixin.py:109} INFO - [2022-03-23 19:10:46,696] {dagbag.py:500} INFO - Filling up the DagBag from /home/airflow/env/lib/python3.8/site-packages/airflow/example_dags/example_sla_dag.py
[2022-03-23 19:10:46,719] {processor.py:654} INFO - DAG(s) dict_keys(['example_sla_dag']) retrieved from /home/airflow/env/lib/python3.8/site-packages/airflow/example_dags/example_sla_dag.py
[2022-03-23 19:10:46,728] {logging_mixin.py:109} INFO - [2022-03-23 19:10:46,728] {dag.py:2396} INFO - Sync 1 DAGs
[2022-03-23 19:10:46,744] {logging_mixin.py:109} INFO - [2022-03-23 19:10:46,744] {dag.py:2935} INFO - Setting next_dagrun for example_sla_dag to 2022-03-23T19:08:00+00:00
[2022-03-23 19:10:46,758] {processor.py:171} INFO - Processing /home/airflow/env/lib/python3.8/site-packages/airflow/example_dags/example_sla_dag.py took 0.065 seconds
[2022-03-23 19:11:23,367] {processor.py:163} INFO - Started process (PID=9560) to work on /home/airflow/env/lib/python3.8/site-packages/airflow/example_dags/example_sla_dag.py
[2022-03-23 19:11:23,374] {processor.py:642} INFO - Processing file /home/airflow/env/lib/python3.8/site-packages/airflow/example_dags/example_sla_dag.py for tasks to queue
[2022-03-23 19:11:23,374] {logging_mixin.py:109} INFO - [2022-03-23 19:11:23,374] {dagbag.py:500} INFO - Filling up the DagBag from /home/airflow/env/lib/python3.8/site-packages/airflow/example_dags/example_sla_dag.py
[2022-03-23 19:11:23,399] {processor.py:654} INFO - DAG(s) dict_keys(['example_sla_dag']) retrieved from /home/airflow/env/lib/python3.8/site-packages/airflow/example_dags/example_sla_dag.py
[2022-03-23 19:11:23,408] {logging_mixin.py:109} INFO - [2022-03-23 19:11:23,408] {dag.py:2396} INFO - Sync 1 DAGs
[2022-03-23 19:11:23,424] {logging_mixin.py:109} INFO - [2022-03-23 19:11:23,424] {dag.py:2935} INFO - Setting next_dagrun for example_sla_dag to 2022-03-23T19:08:00+00:00
[2022-03-23 19:11:23,440] {processor.py:171} INFO - Processing /home/airflow/env/lib/python3.8/site-packages/airflow/example_dags/example_sla_dag.py took 0.080 seconds
[2022-03-23 19:11:56,313] {processor.py:163} INFO - Started process (PID=9605) to work on /home/airflow/env/lib/python3.8/site-packages/airflow/example_dags/example_sla_dag.py
[2022-03-23 19:11:56,314] {processor.py:642} INFO - Processing file /home/airflow/env/lib/python3.8/site-packages/airflow/example_dags/example_sla_dag.py for tasks to queue
[2022-03-23 19:11:56,314] {logging_mixin.py:109} INFO - [2022-03-23 19:11:56,314] {dagbag.py:500} INFO - Filling up the DagBag from /home/airflow/env/lib/python3.8/site-packages/airflow/example_dags/example_sla_dag.py
[2022-03-23 19:11:56,336] {processor.py:654} INFO - DAG(s) dict_keys(['example_sla_dag']) retrieved from /home/airflow/env/lib/python3.8/site-packages/airflow/example_dags/example_sla_dag.py
[2022-03-23 19:11:56,345] {logging_mixin.py:109} INFO - [2022-03-23 19:11:56,345] {dag.py:2396} INFO - Sync 1 DAGs
[2022-03-23 19:11:56,364] {logging_mixin.py:109} INFO - [2022-03-23 19:11:56,363] {dag.py:2935} INFO - Setting next_dagrun for example_sla_dag to 2022-03-23T19:08:00+00:00
[2022-03-23 19:11:56,382] {processor.py:171} INFO - Processing /home/airflow/env/lib/python3.8/site-packages/airflow/example_dags/example_sla_dag.py took 0.071 seconds
[2022-03-23 19:12:31,376] {processor.py:163} INFO - Started process (PID=9726) to work on /home/airflow/env/lib/python3.8/site-packages/airflow/example_dags/example_sla_dag.py
[2022-03-23 19:12:31,382] {processor.py:642} INFO - Processing file /home/airflow/env/lib/python3.8/site-packages/airflow/example_dags/example_sla_dag.py for tasks to queue
[2022-03-23 19:12:31,382] {logging_mixin.py:109} INFO - [2022-03-23 19:12:31,382] {dagbag.py:500} INFO - Filling up the DagBag from /home/airflow/env/lib/python3.8/site-packages/airflow/example_dags/example_sla_dag.py
[2022-03-23 19:12:31,407] {processor.py:654} INFO - DAG(s) dict_keys(['example_sla_dag']) retrieved from /home/airflow/env/lib/python3.8/site-packages/airflow/example_dags/example_sla_dag.py
[2022-03-23 19:12:31,416] {logging_mixin.py:109} INFO - [2022-03-23 19:12:31,416] {dag.py:2396} INFO - Sync 1 DAGs
[2022-03-23 19:12:31,433] {logging_mixin.py:109} INFO - [2022-03-23 19:12:31,433] {dag.py:2935} INFO - Setting next_dagrun for example_sla_dag to 2022-03-23T19:10:00+00:00
[2022-03-23 19:12:31,447] {processor.py:171} INFO - Processing /home/airflow/env/lib/python3.8/site-packages/airflow/example_dags/example_sla_dag.py took 0.074 seconds
[2022-03-23 19:13:07,948] {processor.py:163} INFO - Started process (PID=9916) to work on /home/airflow/env/lib/python3.8/site-packages/airflow/example_dags/example_sla_dag.py
[2022-03-23 19:13:07,949] {processor.py:642} INFO - Processing file /home/airflow/env/lib/python3.8/site-packages/airflow/example_dags/example_sla_dag.py for tasks to queue
[2022-03-23 19:13:07,950] {logging_mixin.py:109} INFO - [2022-03-23 19:13:07,950] {dagbag.py:500} INFO - Filling up the DagBag from /home/airflow/env/lib/python3.8/site-packages/airflow/example_dags/example_sla_dag.py
[2022-03-23 19:13:07,973] {processor.py:654} INFO - DAG(s) dict_keys(['example_sla_dag']) retrieved from /home/airflow/env/lib/python3.8/site-packages/airflow/example_dags/example_sla_dag.py
[2022-03-23 19:13:07,981] {logging_mixin.py:109} INFO - [2022-03-23 19:13:07,981] {dag.py:2396} INFO - Sync 1 DAGs
[2022-03-23 19:13:07,996] {logging_mixin.py:109} INFO - [2022-03-23 19:13:07,996] {dag.py:2935} INFO - Setting next_dagrun for example_sla_dag to 2022-03-23T19:10:00+00:00
[2022-03-23 19:13:08,015] {processor.py:171} INFO - Processing /home/airflow/env/lib/python3.8/site-packages/airflow/example_dags/example_sla_dag.py took 0.069 seconds
[2022-03-23 19:13:46,063] {processor.py:163} INFO - Started process (PID=10085) to work on /home/airflow/env/lib/python3.8/site-packages/airflow/example_dags/example_sla_dag.py
[2022-03-23 19:13:46,064] {processor.py:642} INFO - Processing file /home/airflow/env/lib/python3.8/site-packages/airflow/example_dags/example_sla_dag.py for tasks to queue
[2022-03-23 19:13:46,064] {logging_mixin.py:109} INFO - [2022-03-23 19:13:46,064] {dagbag.py:500} INFO - Filling up the DagBag from /home/airflow/env/lib/python3.8/site-packages/airflow/example_dags/example_sla_dag.py
[2022-03-23 19:13:46,086] {processor.py:654} INFO - DAG(s) dict_keys(['example_sla_dag']) retrieved from /home/airflow/env/lib/python3.8/site-packages/airflow/example_dags/example_sla_dag.py
[2022-03-23 19:13:46,095] {logging_mixin.py:109} INFO - [2022-03-23 19:13:46,094] {dag.py:2396} INFO - Sync 1 DAGs
[2022-03-23 19:13:46,111] {logging_mixin.py:109} INFO - [2022-03-23 19:13:46,111] {dag.py:2935} INFO - Setting next_dagrun for example_sla_dag to 2022-03-23T19:10:00+00:00
[2022-03-23 19:13:46,129] {processor.py:171} INFO - Processing /home/airflow/env/lib/python3.8/site-packages/airflow/example_dags/example_sla_dag.py took 0.069 seconds
