[2022-03-23 18:35:57,448] {processor.py:163} INFO - Started process (PID=5166) to work on /home/airflow/env/lib/python3.8/site-packages/airflow/example_dags/example_branch_datetime_operator.py
[2022-03-23 18:35:57,449] {processor.py:642} INFO - Processing file /home/airflow/env/lib/python3.8/site-packages/airflow/example_dags/example_branch_datetime_operator.py for tasks to queue
[2022-03-23 18:35:57,449] {logging_mixin.py:109} INFO - [2022-03-23 18:35:57,449] {dagbag.py:500} INFO - Filling up the DagBag from /home/airflow/env/lib/python3.8/site-packages/airflow/example_dags/example_branch_datetime_operator.py
[2022-03-23 18:35:57,466] {processor.py:654} INFO - DAG(s) dict_keys(['example_branch_datetime_operator_2']) retrieved from /home/airflow/env/lib/python3.8/site-packages/airflow/example_dags/example_branch_datetime_operator.py
[2022-03-23 18:35:57,475] {logging_mixin.py:109} INFO - [2022-03-23 18:35:57,475] {dag.py:2396} INFO - Sync 1 DAGs
[2022-03-23 18:35:57,487] {logging_mixin.py:109} INFO - [2022-03-23 18:35:57,487] {dag.py:2935} INFO - Setting next_dagrun for example_branch_datetime_operator_2 to 2022-03-22 00:00:00+00:00
[2022-03-23 18:35:57,504] {processor.py:171} INFO - Processing /home/airflow/env/lib/python3.8/site-packages/airflow/example_dags/example_branch_datetime_operator.py took 0.059 seconds
[2022-03-23 18:36:30,108] {processor.py:163} INFO - Started process (PID=5198) to work on /home/airflow/env/lib/python3.8/site-packages/airflow/example_dags/example_branch_datetime_operator.py
[2022-03-23 18:36:30,109] {processor.py:642} INFO - Processing file /home/airflow/env/lib/python3.8/site-packages/airflow/example_dags/example_branch_datetime_operator.py for tasks to queue
[2022-03-23 18:36:30,110] {logging_mixin.py:109} INFO - [2022-03-23 18:36:30,110] {dagbag.py:500} INFO - Filling up the DagBag from /home/airflow/env/lib/python3.8/site-packages/airflow/example_dags/example_branch_datetime_operator.py
[2022-03-23 18:36:30,134] {processor.py:654} INFO - DAG(s) dict_keys(['example_branch_datetime_operator_2']) retrieved from /home/airflow/env/lib/python3.8/site-packages/airflow/example_dags/example_branch_datetime_operator.py
[2022-03-23 18:36:30,146] {logging_mixin.py:109} INFO - [2022-03-23 18:36:30,146] {dag.py:2396} INFO - Sync 1 DAGs
[2022-03-23 18:36:30,160] {logging_mixin.py:109} INFO - [2022-03-23 18:36:30,160] {dag.py:2935} INFO - Setting next_dagrun for example_branch_datetime_operator_2 to 2022-03-22 00:00:00+00:00
[2022-03-23 18:36:30,175] {processor.py:171} INFO - Processing /home/airflow/env/lib/python3.8/site-packages/airflow/example_dags/example_branch_datetime_operator.py took 0.084 seconds
[2022-03-23 18:37:04,575] {processor.py:163} INFO - Started process (PID=5351) to work on /home/airflow/env/lib/python3.8/site-packages/airflow/example_dags/example_branch_datetime_operator.py
[2022-03-23 18:37:04,576] {processor.py:642} INFO - Processing file /home/airflow/env/lib/python3.8/site-packages/airflow/example_dags/example_branch_datetime_operator.py for tasks to queue
[2022-03-23 18:37:04,577] {logging_mixin.py:109} INFO - [2022-03-23 18:37:04,577] {dagbag.py:500} INFO - Filling up the DagBag from /home/airflow/env/lib/python3.8/site-packages/airflow/example_dags/example_branch_datetime_operator.py
[2022-03-23 18:37:04,599] {processor.py:654} INFO - DAG(s) dict_keys(['example_branch_datetime_operator_2']) retrieved from /home/airflow/env/lib/python3.8/site-packages/airflow/example_dags/example_branch_datetime_operator.py
[2022-03-23 18:37:04,607] {logging_mixin.py:109} INFO - [2022-03-23 18:37:04,607] {dag.py:2396} INFO - Sync 1 DAGs
[2022-03-23 18:37:04,623] {logging_mixin.py:109} INFO - [2022-03-23 18:37:04,622] {dag.py:2935} INFO - Setting next_dagrun for example_branch_datetime_operator_2 to 2022-03-22 00:00:00+00:00
[2022-03-23 18:37:04,634] {processor.py:171} INFO - Processing /home/airflow/env/lib/python3.8/site-packages/airflow/example_dags/example_branch_datetime_operator.py took 0.062 seconds
[2022-03-23 18:37:40,971] {processor.py:163} INFO - Started process (PID=5390) to work on /home/airflow/env/lib/python3.8/site-packages/airflow/example_dags/example_branch_datetime_operator.py
[2022-03-23 18:37:40,973] {processor.py:642} INFO - Processing file /home/airflow/env/lib/python3.8/site-packages/airflow/example_dags/example_branch_datetime_operator.py for tasks to queue
[2022-03-23 18:37:40,974] {logging_mixin.py:109} INFO - [2022-03-23 18:37:40,974] {dagbag.py:500} INFO - Filling up the DagBag from /home/airflow/env/lib/python3.8/site-packages/airflow/example_dags/example_branch_datetime_operator.py
[2022-03-23 18:37:41,000] {processor.py:654} INFO - DAG(s) dict_keys(['example_branch_datetime_operator_2']) retrieved from /home/airflow/env/lib/python3.8/site-packages/airflow/example_dags/example_branch_datetime_operator.py
[2022-03-23 18:37:41,012] {logging_mixin.py:109} INFO - [2022-03-23 18:37:41,012] {dag.py:2396} INFO - Sync 1 DAGs
[2022-03-23 18:37:41,028] {logging_mixin.py:109} INFO - [2022-03-23 18:37:41,028] {dag.py:2935} INFO - Setting next_dagrun for example_branch_datetime_operator_2 to 2022-03-22 00:00:00+00:00
[2022-03-23 18:37:41,048] {processor.py:171} INFO - Processing /home/airflow/env/lib/python3.8/site-packages/airflow/example_dags/example_branch_datetime_operator.py took 0.080 seconds
[2022-03-23 18:38:14,857] {processor.py:163} INFO - Started process (PID=5480) to work on /home/airflow/env/lib/python3.8/site-packages/airflow/example_dags/example_branch_datetime_operator.py
[2022-03-23 18:38:14,858] {processor.py:642} INFO - Processing file /home/airflow/env/lib/python3.8/site-packages/airflow/example_dags/example_branch_datetime_operator.py for tasks to queue
[2022-03-23 18:38:14,858] {logging_mixin.py:109} INFO - [2022-03-23 18:38:14,858] {dagbag.py:500} INFO - Filling up the DagBag from /home/airflow/env/lib/python3.8/site-packages/airflow/example_dags/example_branch_datetime_operator.py
[2022-03-23 18:38:14,877] {processor.py:654} INFO - DAG(s) dict_keys(['example_branch_datetime_operator_2']) retrieved from /home/airflow/env/lib/python3.8/site-packages/airflow/example_dags/example_branch_datetime_operator.py
[2022-03-23 18:38:14,886] {logging_mixin.py:109} INFO - [2022-03-23 18:38:14,886] {dag.py:2396} INFO - Sync 1 DAGs
[2022-03-23 18:38:14,901] {logging_mixin.py:109} INFO - [2022-03-23 18:38:14,900] {dag.py:2935} INFO - Setting next_dagrun for example_branch_datetime_operator_2 to 2022-03-22 00:00:00+00:00
[2022-03-23 18:38:14,919] {processor.py:171} INFO - Processing /home/airflow/env/lib/python3.8/site-packages/airflow/example_dags/example_branch_datetime_operator.py took 0.065 seconds
[2022-03-23 18:38:52,376] {processor.py:163} INFO - Started process (PID=5514) to work on /home/airflow/env/lib/python3.8/site-packages/airflow/example_dags/example_branch_datetime_operator.py
[2022-03-23 18:38:52,377] {processor.py:642} INFO - Processing file /home/airflow/env/lib/python3.8/site-packages/airflow/example_dags/example_branch_datetime_operator.py for tasks to queue
[2022-03-23 18:38:52,377] {logging_mixin.py:109} INFO - [2022-03-23 18:38:52,377] {dagbag.py:500} INFO - Filling up the DagBag from /home/airflow/env/lib/python3.8/site-packages/airflow/example_dags/example_branch_datetime_operator.py
[2022-03-23 18:38:52,406] {processor.py:654} INFO - DAG(s) dict_keys(['example_branch_datetime_operator_2']) retrieved from /home/airflow/env/lib/python3.8/site-packages/airflow/example_dags/example_branch_datetime_operator.py
[2022-03-23 18:38:52,415] {logging_mixin.py:109} INFO - [2022-03-23 18:38:52,415] {dag.py:2396} INFO - Sync 1 DAGs
[2022-03-23 18:38:52,437] {logging_mixin.py:109} INFO - [2022-03-23 18:38:52,437] {dag.py:2935} INFO - Setting next_dagrun for example_branch_datetime_operator_2 to 2022-03-22 00:00:00+00:00
[2022-03-23 18:38:52,459] {processor.py:171} INFO - Processing /home/airflow/env/lib/python3.8/site-packages/airflow/example_dags/example_branch_datetime_operator.py took 0.086 seconds
[2022-03-23 18:39:35,045] {processor.py:163} INFO - Started process (PID=5633) to work on /home/airflow/env/lib/python3.8/site-packages/airflow/example_dags/example_branch_datetime_operator.py
[2022-03-23 18:39:35,054] {processor.py:642} INFO - Processing file /home/airflow/env/lib/python3.8/site-packages/airflow/example_dags/example_branch_datetime_operator.py for tasks to queue
[2022-03-23 18:39:35,055] {logging_mixin.py:109} INFO - [2022-03-23 18:39:35,054] {dagbag.py:500} INFO - Filling up the DagBag from /home/airflow/env/lib/python3.8/site-packages/airflow/example_dags/example_branch_datetime_operator.py
[2022-03-23 18:39:35,073] {processor.py:654} INFO - DAG(s) dict_keys(['example_branch_datetime_operator_2']) retrieved from /home/airflow/env/lib/python3.8/site-packages/airflow/example_dags/example_branch_datetime_operator.py
[2022-03-23 18:39:35,082] {logging_mixin.py:109} INFO - [2022-03-23 18:39:35,082] {dag.py:2396} INFO - Sync 1 DAGs
[2022-03-23 18:39:35,093] {logging_mixin.py:109} INFO - [2022-03-23 18:39:35,093] {dag.py:2935} INFO - Setting next_dagrun for example_branch_datetime_operator_2 to 2022-03-22 00:00:00+00:00
[2022-03-23 18:39:35,105] {processor.py:171} INFO - Processing /home/airflow/env/lib/python3.8/site-packages/airflow/example_dags/example_branch_datetime_operator.py took 0.063 seconds
[2022-03-23 18:40:12,178] {processor.py:163} INFO - Started process (PID=5726) to work on /home/airflow/env/lib/python3.8/site-packages/airflow/example_dags/example_branch_datetime_operator.py
[2022-03-23 18:40:12,180] {processor.py:642} INFO - Processing file /home/airflow/env/lib/python3.8/site-packages/airflow/example_dags/example_branch_datetime_operator.py for tasks to queue
[2022-03-23 18:40:12,180] {logging_mixin.py:109} INFO - [2022-03-23 18:40:12,180] {dagbag.py:500} INFO - Filling up the DagBag from /home/airflow/env/lib/python3.8/site-packages/airflow/example_dags/example_branch_datetime_operator.py
[2022-03-23 18:40:12,201] {processor.py:654} INFO - DAG(s) dict_keys(['example_branch_datetime_operator_2']) retrieved from /home/airflow/env/lib/python3.8/site-packages/airflow/example_dags/example_branch_datetime_operator.py
[2022-03-23 18:40:12,210] {logging_mixin.py:109} INFO - [2022-03-23 18:40:12,210] {dag.py:2396} INFO - Sync 1 DAGs
[2022-03-23 18:40:12,222] {logging_mixin.py:109} INFO - [2022-03-23 18:40:12,222] {dag.py:2935} INFO - Setting next_dagrun for example_branch_datetime_operator_2 to 2022-03-22 00:00:00+00:00
[2022-03-23 18:40:12,239] {processor.py:171} INFO - Processing /home/airflow/env/lib/python3.8/site-packages/airflow/example_dags/example_branch_datetime_operator.py took 0.064 seconds
[2022-03-23 18:40:48,993] {processor.py:163} INFO - Started process (PID=5925) to work on /home/airflow/env/lib/python3.8/site-packages/airflow/example_dags/example_branch_datetime_operator.py
[2022-03-23 18:40:48,994] {processor.py:642} INFO - Processing file /home/airflow/env/lib/python3.8/site-packages/airflow/example_dags/example_branch_datetime_operator.py for tasks to queue
[2022-03-23 18:40:48,995] {logging_mixin.py:109} INFO - [2022-03-23 18:40:48,995] {dagbag.py:500} INFO - Filling up the DagBag from /home/airflow/env/lib/python3.8/site-packages/airflow/example_dags/example_branch_datetime_operator.py
[2022-03-23 18:40:49,014] {processor.py:654} INFO - DAG(s) dict_keys(['example_branch_datetime_operator_2']) retrieved from /home/airflow/env/lib/python3.8/site-packages/airflow/example_dags/example_branch_datetime_operator.py
[2022-03-23 18:40:49,023] {logging_mixin.py:109} INFO - [2022-03-23 18:40:49,023] {dag.py:2396} INFO - Sync 1 DAGs
[2022-03-23 18:40:49,036] {logging_mixin.py:109} INFO - [2022-03-23 18:40:49,036] {dag.py:2935} INFO - Setting next_dagrun for example_branch_datetime_operator_2 to 2022-03-22 00:00:00+00:00
[2022-03-23 18:40:49,056] {processor.py:171} INFO - Processing /home/airflow/env/lib/python3.8/site-packages/airflow/example_dags/example_branch_datetime_operator.py took 0.066 seconds
[2022-03-23 18:41:25,034] {processor.py:163} INFO - Started process (PID=6049) to work on /home/airflow/env/lib/python3.8/site-packages/airflow/example_dags/example_branch_datetime_operator.py
[2022-03-23 18:41:25,036] {processor.py:642} INFO - Processing file /home/airflow/env/lib/python3.8/site-packages/airflow/example_dags/example_branch_datetime_operator.py for tasks to queue
[2022-03-23 18:41:25,036] {logging_mixin.py:109} INFO - [2022-03-23 18:41:25,036] {dagbag.py:500} INFO - Filling up the DagBag from /home/airflow/env/lib/python3.8/site-packages/airflow/example_dags/example_branch_datetime_operator.py
[2022-03-23 18:41:25,057] {processor.py:654} INFO - DAG(s) dict_keys(['example_branch_datetime_operator_2']) retrieved from /home/airflow/env/lib/python3.8/site-packages/airflow/example_dags/example_branch_datetime_operator.py
[2022-03-23 18:41:25,066] {logging_mixin.py:109} INFO - [2022-03-23 18:41:25,066] {dag.py:2396} INFO - Sync 1 DAGs
[2022-03-23 18:41:25,081] {logging_mixin.py:109} INFO - [2022-03-23 18:41:25,081] {dag.py:2935} INFO - Setting next_dagrun for example_branch_datetime_operator_2 to 2022-03-22 00:00:00+00:00
[2022-03-23 18:41:25,099] {processor.py:171} INFO - Processing /home/airflow/env/lib/python3.8/site-packages/airflow/example_dags/example_branch_datetime_operator.py took 0.067 seconds
[2022-03-23 18:42:07,929] {processor.py:163} INFO - Started process (PID=6241) to work on /home/airflow/env/lib/python3.8/site-packages/airflow/example_dags/example_branch_datetime_operator.py
[2022-03-23 18:42:07,930] {processor.py:642} INFO - Processing file /home/airflow/env/lib/python3.8/site-packages/airflow/example_dags/example_branch_datetime_operator.py for tasks to queue
[2022-03-23 18:42:07,931] {logging_mixin.py:109} INFO - [2022-03-23 18:42:07,931] {dagbag.py:500} INFO - Filling up the DagBag from /home/airflow/env/lib/python3.8/site-packages/airflow/example_dags/example_branch_datetime_operator.py
[2022-03-23 18:42:07,948] {processor.py:654} INFO - DAG(s) dict_keys(['example_branch_datetime_operator_2']) retrieved from /home/airflow/env/lib/python3.8/site-packages/airflow/example_dags/example_branch_datetime_operator.py
[2022-03-23 18:42:07,956] {logging_mixin.py:109} INFO - [2022-03-23 18:42:07,956] {dag.py:2396} INFO - Sync 1 DAGs
[2022-03-23 18:42:07,969] {logging_mixin.py:109} INFO - [2022-03-23 18:42:07,969] {dag.py:2935} INFO - Setting next_dagrun for example_branch_datetime_operator_2 to 2022-03-22 00:00:00+00:00
[2022-03-23 18:42:07,987] {processor.py:171} INFO - Processing /home/airflow/env/lib/python3.8/site-packages/airflow/example_dags/example_branch_datetime_operator.py took 0.060 seconds
[2022-03-23 18:42:41,407] {processor.py:163} INFO - Started process (PID=6423) to work on /home/airflow/env/lib/python3.8/site-packages/airflow/example_dags/example_branch_datetime_operator.py
[2022-03-23 18:42:41,409] {processor.py:642} INFO - Processing file /home/airflow/env/lib/python3.8/site-packages/airflow/example_dags/example_branch_datetime_operator.py for tasks to queue
[2022-03-23 18:42:41,409] {logging_mixin.py:109} INFO - [2022-03-23 18:42:41,409] {dagbag.py:500} INFO - Filling up the DagBag from /home/airflow/env/lib/python3.8/site-packages/airflow/example_dags/example_branch_datetime_operator.py
[2022-03-23 18:42:41,429] {processor.py:654} INFO - DAG(s) dict_keys(['example_branch_datetime_operator_2']) retrieved from /home/airflow/env/lib/python3.8/site-packages/airflow/example_dags/example_branch_datetime_operator.py
[2022-03-23 18:42:41,438] {logging_mixin.py:109} INFO - [2022-03-23 18:42:41,438] {dag.py:2396} INFO - Sync 1 DAGs
[2022-03-23 18:42:41,452] {logging_mixin.py:109} INFO - [2022-03-23 18:42:41,452] {dag.py:2935} INFO - Setting next_dagrun for example_branch_datetime_operator_2 to 2022-03-22 00:00:00+00:00
[2022-03-23 18:42:41,471] {processor.py:171} INFO - Processing /home/airflow/env/lib/python3.8/site-packages/airflow/example_dags/example_branch_datetime_operator.py took 0.066 seconds
[2022-03-23 18:43:14,327] {processor.py:163} INFO - Started process (PID=6456) to work on /home/airflow/env/lib/python3.8/site-packages/airflow/example_dags/example_branch_datetime_operator.py
[2022-03-23 18:43:14,328] {processor.py:642} INFO - Processing file /home/airflow/env/lib/python3.8/site-packages/airflow/example_dags/example_branch_datetime_operator.py for tasks to queue
[2022-03-23 18:43:14,329] {logging_mixin.py:109} INFO - [2022-03-23 18:43:14,329] {dagbag.py:500} INFO - Filling up the DagBag from /home/airflow/env/lib/python3.8/site-packages/airflow/example_dags/example_branch_datetime_operator.py
[2022-03-23 18:43:14,348] {processor.py:654} INFO - DAG(s) dict_keys(['example_branch_datetime_operator_2']) retrieved from /home/airflow/env/lib/python3.8/site-packages/airflow/example_dags/example_branch_datetime_operator.py
[2022-03-23 18:43:14,356] {logging_mixin.py:109} INFO - [2022-03-23 18:43:14,356] {dag.py:2396} INFO - Sync 1 DAGs
[2022-03-23 18:43:14,371] {logging_mixin.py:109} INFO - [2022-03-23 18:43:14,371] {dag.py:2935} INFO - Setting next_dagrun for example_branch_datetime_operator_2 to 2022-03-22 00:00:00+00:00
[2022-03-23 18:43:14,389] {processor.py:171} INFO - Processing /home/airflow/env/lib/python3.8/site-packages/airflow/example_dags/example_branch_datetime_operator.py took 0.065 seconds
[2022-03-23 18:43:48,845] {processor.py:163} INFO - Started process (PID=6490) to work on /home/airflow/env/lib/python3.8/site-packages/airflow/example_dags/example_branch_datetime_operator.py
[2022-03-23 18:43:48,851] {processor.py:642} INFO - Processing file /home/airflow/env/lib/python3.8/site-packages/airflow/example_dags/example_branch_datetime_operator.py for tasks to queue
[2022-03-23 18:43:48,852] {logging_mixin.py:109} INFO - [2022-03-23 18:43:48,852] {dagbag.py:500} INFO - Filling up the DagBag from /home/airflow/env/lib/python3.8/site-packages/airflow/example_dags/example_branch_datetime_operator.py
[2022-03-23 18:43:48,872] {processor.py:654} INFO - DAG(s) dict_keys(['example_branch_datetime_operator_2']) retrieved from /home/airflow/env/lib/python3.8/site-packages/airflow/example_dags/example_branch_datetime_operator.py
[2022-03-23 18:43:48,881] {logging_mixin.py:109} INFO - [2022-03-23 18:43:48,881] {dag.py:2396} INFO - Sync 1 DAGs
[2022-03-23 18:43:48,896] {logging_mixin.py:109} INFO - [2022-03-23 18:43:48,896] {dag.py:2935} INFO - Setting next_dagrun for example_branch_datetime_operator_2 to 2022-03-22 00:00:00+00:00
[2022-03-23 18:43:48,914] {processor.py:171} INFO - Processing /home/airflow/env/lib/python3.8/site-packages/airflow/example_dags/example_branch_datetime_operator.py took 0.072 seconds
[2022-03-23 18:44:26,762] {processor.py:163} INFO - Started process (PID=6524) to work on /home/airflow/env/lib/python3.8/site-packages/airflow/example_dags/example_branch_datetime_operator.py
[2022-03-23 18:44:26,764] {processor.py:642} INFO - Processing file /home/airflow/env/lib/python3.8/site-packages/airflow/example_dags/example_branch_datetime_operator.py for tasks to queue
[2022-03-23 18:44:26,765] {logging_mixin.py:109} INFO - [2022-03-23 18:44:26,765] {dagbag.py:500} INFO - Filling up the DagBag from /home/airflow/env/lib/python3.8/site-packages/airflow/example_dags/example_branch_datetime_operator.py
[2022-03-23 18:44:26,794] {processor.py:654} INFO - DAG(s) dict_keys(['example_branch_datetime_operator_2']) retrieved from /home/airflow/env/lib/python3.8/site-packages/airflow/example_dags/example_branch_datetime_operator.py
[2022-03-23 18:44:26,806] {logging_mixin.py:109} INFO - [2022-03-23 18:44:26,806] {dag.py:2396} INFO - Sync 1 DAGs
[2022-03-23 18:44:26,828] {logging_mixin.py:109} INFO - [2022-03-23 18:44:26,828] {dag.py:2935} INFO - Setting next_dagrun for example_branch_datetime_operator_2 to 2022-03-22 00:00:00+00:00
[2022-03-23 18:44:26,848] {processor.py:171} INFO - Processing /home/airflow/env/lib/python3.8/site-packages/airflow/example_dags/example_branch_datetime_operator.py took 0.091 seconds
[2022-03-23 18:45:01,642] {processor.py:163} INFO - Started process (PID=6557) to work on /home/airflow/env/lib/python3.8/site-packages/airflow/example_dags/example_branch_datetime_operator.py
[2022-03-23 18:45:01,643] {processor.py:642} INFO - Processing file /home/airflow/env/lib/python3.8/site-packages/airflow/example_dags/example_branch_datetime_operator.py for tasks to queue
[2022-03-23 18:45:01,649] {logging_mixin.py:109} INFO - [2022-03-23 18:45:01,649] {dagbag.py:500} INFO - Filling up the DagBag from /home/airflow/env/lib/python3.8/site-packages/airflow/example_dags/example_branch_datetime_operator.py
[2022-03-23 18:45:01,669] {processor.py:654} INFO - DAG(s) dict_keys(['example_branch_datetime_operator_2']) retrieved from /home/airflow/env/lib/python3.8/site-packages/airflow/example_dags/example_branch_datetime_operator.py
[2022-03-23 18:45:01,677] {logging_mixin.py:109} INFO - [2022-03-23 18:45:01,677] {dag.py:2396} INFO - Sync 1 DAGs
[2022-03-23 18:45:01,692] {logging_mixin.py:109} INFO - [2022-03-23 18:45:01,692] {dag.py:2935} INFO - Setting next_dagrun for example_branch_datetime_operator_2 to 2022-03-22 00:00:00+00:00
[2022-03-23 18:45:01,713] {processor.py:171} INFO - Processing /home/airflow/env/lib/python3.8/site-packages/airflow/example_dags/example_branch_datetime_operator.py took 0.074 seconds
[2022-03-23 18:45:36,612] {processor.py:163} INFO - Started process (PID=6643) to work on /home/airflow/env/lib/python3.8/site-packages/airflow/example_dags/example_branch_datetime_operator.py
[2022-03-23 18:45:36,614] {processor.py:642} INFO - Processing file /home/airflow/env/lib/python3.8/site-packages/airflow/example_dags/example_branch_datetime_operator.py for tasks to queue
[2022-03-23 18:45:36,616] {logging_mixin.py:109} INFO - [2022-03-23 18:45:36,615] {dagbag.py:500} INFO - Filling up the DagBag from /home/airflow/env/lib/python3.8/site-packages/airflow/example_dags/example_branch_datetime_operator.py
[2022-03-23 18:45:36,638] {processor.py:654} INFO - DAG(s) dict_keys(['example_branch_datetime_operator_2']) retrieved from /home/airflow/env/lib/python3.8/site-packages/airflow/example_dags/example_branch_datetime_operator.py
[2022-03-23 18:45:36,645] {logging_mixin.py:109} INFO - [2022-03-23 18:45:36,645] {dag.py:2396} INFO - Sync 1 DAGs
[2022-03-23 18:45:36,661] {logging_mixin.py:109} INFO - [2022-03-23 18:45:36,661] {dag.py:2935} INFO - Setting next_dagrun for example_branch_datetime_operator_2 to 2022-03-22 00:00:00+00:00
[2022-03-23 18:45:36,682] {processor.py:171} INFO - Processing /home/airflow/env/lib/python3.8/site-packages/airflow/example_dags/example_branch_datetime_operator.py took 0.072 seconds
[2022-03-23 18:46:11,967] {processor.py:163} INFO - Started process (PID=6677) to work on /home/airflow/env/lib/python3.8/site-packages/airflow/example_dags/example_branch_datetime_operator.py
[2022-03-23 18:46:11,968] {processor.py:642} INFO - Processing file /home/airflow/env/lib/python3.8/site-packages/airflow/example_dags/example_branch_datetime_operator.py for tasks to queue
[2022-03-23 18:46:11,969] {logging_mixin.py:109} INFO - [2022-03-23 18:46:11,969] {dagbag.py:500} INFO - Filling up the DagBag from /home/airflow/env/lib/python3.8/site-packages/airflow/example_dags/example_branch_datetime_operator.py
[2022-03-23 18:46:12,004] {processor.py:654} INFO - DAG(s) dict_keys(['example_branch_datetime_operator_2']) retrieved from /home/airflow/env/lib/python3.8/site-packages/airflow/example_dags/example_branch_datetime_operator.py
[2022-03-23 18:46:12,014] {logging_mixin.py:109} INFO - [2022-03-23 18:46:12,014] {dag.py:2396} INFO - Sync 1 DAGs
[2022-03-23 18:46:12,035] {logging_mixin.py:109} INFO - [2022-03-23 18:46:12,035] {dag.py:2935} INFO - Setting next_dagrun for example_branch_datetime_operator_2 to 2022-03-22 00:00:00+00:00
[2022-03-23 18:46:12,060] {processor.py:171} INFO - Processing /home/airflow/env/lib/python3.8/site-packages/airflow/example_dags/example_branch_datetime_operator.py took 0.098 seconds
[2022-03-23 18:46:45,743] {processor.py:163} INFO - Started process (PID=6711) to work on /home/airflow/env/lib/python3.8/site-packages/airflow/example_dags/example_branch_datetime_operator.py
[2022-03-23 18:46:45,745] {processor.py:642} INFO - Processing file /home/airflow/env/lib/python3.8/site-packages/airflow/example_dags/example_branch_datetime_operator.py for tasks to queue
[2022-03-23 18:46:45,746] {logging_mixin.py:109} INFO - [2022-03-23 18:46:45,745] {dagbag.py:500} INFO - Filling up the DagBag from /home/airflow/env/lib/python3.8/site-packages/airflow/example_dags/example_branch_datetime_operator.py
[2022-03-23 18:46:45,770] {processor.py:654} INFO - DAG(s) dict_keys(['example_branch_datetime_operator_2']) retrieved from /home/airflow/env/lib/python3.8/site-packages/airflow/example_dags/example_branch_datetime_operator.py
[2022-03-23 18:46:45,779] {logging_mixin.py:109} INFO - [2022-03-23 18:46:45,779] {dag.py:2396} INFO - Sync 1 DAGs
[2022-03-23 18:46:45,793] {logging_mixin.py:109} INFO - [2022-03-23 18:46:45,793] {dag.py:2935} INFO - Setting next_dagrun for example_branch_datetime_operator_2 to 2022-03-22 00:00:00+00:00
[2022-03-23 18:46:45,813] {processor.py:171} INFO - Processing /home/airflow/env/lib/python3.8/site-packages/airflow/example_dags/example_branch_datetime_operator.py took 0.073 seconds
[2022-03-23 18:47:20,282] {processor.py:163} INFO - Started process (PID=6743) to work on /home/airflow/env/lib/python3.8/site-packages/airflow/example_dags/example_branch_datetime_operator.py
[2022-03-23 18:47:20,284] {processor.py:642} INFO - Processing file /home/airflow/env/lib/python3.8/site-packages/airflow/example_dags/example_branch_datetime_operator.py for tasks to queue
[2022-03-23 18:47:20,285] {logging_mixin.py:109} INFO - [2022-03-23 18:47:20,285] {dagbag.py:500} INFO - Filling up the DagBag from /home/airflow/env/lib/python3.8/site-packages/airflow/example_dags/example_branch_datetime_operator.py
[2022-03-23 18:47:20,323] {processor.py:654} INFO - DAG(s) dict_keys(['example_branch_datetime_operator_2']) retrieved from /home/airflow/env/lib/python3.8/site-packages/airflow/example_dags/example_branch_datetime_operator.py
[2022-03-23 18:47:20,337] {logging_mixin.py:109} INFO - [2022-03-23 18:47:20,337] {dag.py:2396} INFO - Sync 1 DAGs
[2022-03-23 18:47:20,363] {logging_mixin.py:109} INFO - [2022-03-23 18:47:20,363] {dag.py:2935} INFO - Setting next_dagrun for example_branch_datetime_operator_2 to 2022-03-22 00:00:00+00:00
[2022-03-23 18:47:20,386] {processor.py:171} INFO - Processing /home/airflow/env/lib/python3.8/site-packages/airflow/example_dags/example_branch_datetime_operator.py took 0.110 seconds
[2022-03-23 18:47:55,421] {processor.py:163} INFO - Started process (PID=6775) to work on /home/airflow/env/lib/python3.8/site-packages/airflow/example_dags/example_branch_datetime_operator.py
[2022-03-23 18:47:55,423] {processor.py:642} INFO - Processing file /home/airflow/env/lib/python3.8/site-packages/airflow/example_dags/example_branch_datetime_operator.py for tasks to queue
[2022-03-23 18:47:55,424] {logging_mixin.py:109} INFO - [2022-03-23 18:47:55,424] {dagbag.py:500} INFO - Filling up the DagBag from /home/airflow/env/lib/python3.8/site-packages/airflow/example_dags/example_branch_datetime_operator.py
[2022-03-23 18:47:55,455] {processor.py:654} INFO - DAG(s) dict_keys(['example_branch_datetime_operator_2']) retrieved from /home/airflow/env/lib/python3.8/site-packages/airflow/example_dags/example_branch_datetime_operator.py
[2022-03-23 18:47:55,470] {logging_mixin.py:109} INFO - [2022-03-23 18:47:55,469] {dag.py:2396} INFO - Sync 1 DAGs
[2022-03-23 18:47:55,494] {logging_mixin.py:109} INFO - [2022-03-23 18:47:55,494] {dag.py:2935} INFO - Setting next_dagrun for example_branch_datetime_operator_2 to 2022-03-22 00:00:00+00:00
[2022-03-23 18:47:55,516] {processor.py:171} INFO - Processing /home/airflow/env/lib/python3.8/site-packages/airflow/example_dags/example_branch_datetime_operator.py took 0.099 seconds
[2022-03-23 18:48:35,774] {processor.py:163} INFO - Started process (PID=6813) to work on /home/airflow/env/lib/python3.8/site-packages/airflow/example_dags/example_branch_datetime_operator.py
[2022-03-23 18:48:35,775] {processor.py:642} INFO - Processing file /home/airflow/env/lib/python3.8/site-packages/airflow/example_dags/example_branch_datetime_operator.py for tasks to queue
[2022-03-23 18:48:35,776] {logging_mixin.py:109} INFO - [2022-03-23 18:48:35,776] {dagbag.py:500} INFO - Filling up the DagBag from /home/airflow/env/lib/python3.8/site-packages/airflow/example_dags/example_branch_datetime_operator.py
[2022-03-23 18:48:35,795] {processor.py:654} INFO - DAG(s) dict_keys(['example_branch_datetime_operator_2']) retrieved from /home/airflow/env/lib/python3.8/site-packages/airflow/example_dags/example_branch_datetime_operator.py
[2022-03-23 18:48:35,811] {logging_mixin.py:109} INFO - [2022-03-23 18:48:35,811] {dag.py:2396} INFO - Sync 1 DAGs
[2022-03-23 18:48:35,825] {logging_mixin.py:109} INFO - [2022-03-23 18:48:35,824] {dag.py:2935} INFO - Setting next_dagrun for example_branch_datetime_operator_2 to 2022-03-22 00:00:00+00:00
[2022-03-23 18:48:35,843] {processor.py:171} INFO - Processing /home/airflow/env/lib/python3.8/site-packages/airflow/example_dags/example_branch_datetime_operator.py took 0.072 seconds
[2022-03-23 18:49:08,406] {processor.py:163} INFO - Started process (PID=6845) to work on /home/airflow/env/lib/python3.8/site-packages/airflow/example_dags/example_branch_datetime_operator.py
[2022-03-23 18:49:08,408] {processor.py:642} INFO - Processing file /home/airflow/env/lib/python3.8/site-packages/airflow/example_dags/example_branch_datetime_operator.py for tasks to queue
[2022-03-23 18:49:08,408] {logging_mixin.py:109} INFO - [2022-03-23 18:49:08,408] {dagbag.py:500} INFO - Filling up the DagBag from /home/airflow/env/lib/python3.8/site-packages/airflow/example_dags/example_branch_datetime_operator.py
[2022-03-23 18:49:08,434] {processor.py:654} INFO - DAG(s) dict_keys(['example_branch_datetime_operator_2']) retrieved from /home/airflow/env/lib/python3.8/site-packages/airflow/example_dags/example_branch_datetime_operator.py
[2022-03-23 18:49:08,444] {logging_mixin.py:109} INFO - [2022-03-23 18:49:08,444] {dag.py:2396} INFO - Sync 1 DAGs
[2022-03-23 18:49:08,463] {logging_mixin.py:109} INFO - [2022-03-23 18:49:08,463] {dag.py:2935} INFO - Setting next_dagrun for example_branch_datetime_operator_2 to 2022-03-22 00:00:00+00:00
[2022-03-23 18:49:08,482] {processor.py:171} INFO - Processing /home/airflow/env/lib/python3.8/site-packages/airflow/example_dags/example_branch_datetime_operator.py took 0.079 seconds
[2022-03-23 18:49:42,930] {processor.py:163} INFO - Started process (PID=7000) to work on /home/airflow/env/lib/python3.8/site-packages/airflow/example_dags/example_branch_datetime_operator.py
[2022-03-23 18:49:42,932] {processor.py:642} INFO - Processing file /home/airflow/env/lib/python3.8/site-packages/airflow/example_dags/example_branch_datetime_operator.py for tasks to queue
[2022-03-23 18:49:42,933] {logging_mixin.py:109} INFO - [2022-03-23 18:49:42,933] {dagbag.py:500} INFO - Filling up the DagBag from /home/airflow/env/lib/python3.8/site-packages/airflow/example_dags/example_branch_datetime_operator.py
[2022-03-23 18:49:42,952] {processor.py:654} INFO - DAG(s) dict_keys(['example_branch_datetime_operator_2']) retrieved from /home/airflow/env/lib/python3.8/site-packages/airflow/example_dags/example_branch_datetime_operator.py
[2022-03-23 18:49:42,959] {logging_mixin.py:109} INFO - [2022-03-23 18:49:42,959] {dag.py:2396} INFO - Sync 1 DAGs
[2022-03-23 18:49:42,971] {logging_mixin.py:109} INFO - [2022-03-23 18:49:42,971] {dag.py:2935} INFO - Setting next_dagrun for example_branch_datetime_operator_2 to 2022-03-22 00:00:00+00:00
[2022-03-23 18:49:42,990] {processor.py:171} INFO - Processing /home/airflow/env/lib/python3.8/site-packages/airflow/example_dags/example_branch_datetime_operator.py took 0.062 seconds
[2022-03-23 18:50:15,911] {processor.py:163} INFO - Started process (PID=7032) to work on /home/airflow/env/lib/python3.8/site-packages/airflow/example_dags/example_branch_datetime_operator.py
[2022-03-23 18:50:15,913] {processor.py:642} INFO - Processing file /home/airflow/env/lib/python3.8/site-packages/airflow/example_dags/example_branch_datetime_operator.py for tasks to queue
[2022-03-23 18:50:15,914] {logging_mixin.py:109} INFO - [2022-03-23 18:50:15,914] {dagbag.py:500} INFO - Filling up the DagBag from /home/airflow/env/lib/python3.8/site-packages/airflow/example_dags/example_branch_datetime_operator.py
[2022-03-23 18:50:15,933] {processor.py:654} INFO - DAG(s) dict_keys(['example_branch_datetime_operator_2']) retrieved from /home/airflow/env/lib/python3.8/site-packages/airflow/example_dags/example_branch_datetime_operator.py
[2022-03-23 18:50:15,941] {logging_mixin.py:109} INFO - [2022-03-23 18:50:15,941] {dag.py:2396} INFO - Sync 1 DAGs
[2022-03-23 18:50:15,953] {logging_mixin.py:109} INFO - [2022-03-23 18:50:15,953] {dag.py:2935} INFO - Setting next_dagrun for example_branch_datetime_operator_2 to 2022-03-22 00:00:00+00:00
[2022-03-23 18:50:15,988] {processor.py:171} INFO - Processing /home/airflow/env/lib/python3.8/site-packages/airflow/example_dags/example_branch_datetime_operator.py took 0.080 seconds
[2022-03-23 18:50:48,157] {processor.py:163} INFO - Started process (PID=7118) to work on /home/airflow/env/lib/python3.8/site-packages/airflow/example_dags/example_branch_datetime_operator.py
[2022-03-23 18:50:48,159] {processor.py:642} INFO - Processing file /home/airflow/env/lib/python3.8/site-packages/airflow/example_dags/example_branch_datetime_operator.py for tasks to queue
[2022-03-23 18:50:48,160] {logging_mixin.py:109} INFO - [2022-03-23 18:50:48,160] {dagbag.py:500} INFO - Filling up the DagBag from /home/airflow/env/lib/python3.8/site-packages/airflow/example_dags/example_branch_datetime_operator.py
[2022-03-23 18:50:48,178] {processor.py:654} INFO - DAG(s) dict_keys(['example_branch_datetime_operator_2']) retrieved from /home/airflow/env/lib/python3.8/site-packages/airflow/example_dags/example_branch_datetime_operator.py
[2022-03-23 18:50:48,186] {logging_mixin.py:109} INFO - [2022-03-23 18:50:48,186] {dag.py:2396} INFO - Sync 1 DAGs
[2022-03-23 18:50:48,206] {logging_mixin.py:109} INFO - [2022-03-23 18:50:48,205] {dag.py:2935} INFO - Setting next_dagrun for example_branch_datetime_operator_2 to 2022-03-22 00:00:00+00:00
[2022-03-23 18:50:48,224] {processor.py:171} INFO - Processing /home/airflow/env/lib/python3.8/site-packages/airflow/example_dags/example_branch_datetime_operator.py took 0.069 seconds
[2022-03-23 18:51:23,594] {processor.py:163} INFO - Started process (PID=7153) to work on /home/airflow/env/lib/python3.8/site-packages/airflow/example_dags/example_branch_datetime_operator.py
[2022-03-23 18:51:23,595] {processor.py:642} INFO - Processing file /home/airflow/env/lib/python3.8/site-packages/airflow/example_dags/example_branch_datetime_operator.py for tasks to queue
[2022-03-23 18:51:23,596] {logging_mixin.py:109} INFO - [2022-03-23 18:51:23,596] {dagbag.py:500} INFO - Filling up the DagBag from /home/airflow/env/lib/python3.8/site-packages/airflow/example_dags/example_branch_datetime_operator.py
[2022-03-23 18:51:23,615] {processor.py:654} INFO - DAG(s) dict_keys(['example_branch_datetime_operator_2']) retrieved from /home/airflow/env/lib/python3.8/site-packages/airflow/example_dags/example_branch_datetime_operator.py
[2022-03-23 18:51:23,625] {logging_mixin.py:109} INFO - [2022-03-23 18:51:23,625] {dag.py:2396} INFO - Sync 1 DAGs
[2022-03-23 18:51:23,650] {logging_mixin.py:109} INFO - [2022-03-23 18:51:23,650] {dag.py:2935} INFO - Setting next_dagrun for example_branch_datetime_operator_2 to 2022-03-22 00:00:00+00:00
[2022-03-23 18:51:23,673] {processor.py:171} INFO - Processing /home/airflow/env/lib/python3.8/site-packages/airflow/example_dags/example_branch_datetime_operator.py took 0.081 seconds
[2022-03-23 18:51:59,998] {processor.py:163} INFO - Started process (PID=7188) to work on /home/airflow/env/lib/python3.8/site-packages/airflow/example_dags/example_branch_datetime_operator.py
[2022-03-23 18:51:59,999] {processor.py:642} INFO - Processing file /home/airflow/env/lib/python3.8/site-packages/airflow/example_dags/example_branch_datetime_operator.py for tasks to queue
[2022-03-23 18:52:00,000] {logging_mixin.py:109} INFO - [2022-03-23 18:52:00,000] {dagbag.py:500} INFO - Filling up the DagBag from /home/airflow/env/lib/python3.8/site-packages/airflow/example_dags/example_branch_datetime_operator.py
[2022-03-23 18:52:00,022] {processor.py:654} INFO - DAG(s) dict_keys(['example_branch_datetime_operator_2']) retrieved from /home/airflow/env/lib/python3.8/site-packages/airflow/example_dags/example_branch_datetime_operator.py
[2022-03-23 18:52:00,030] {logging_mixin.py:109} INFO - [2022-03-23 18:52:00,030] {dag.py:2396} INFO - Sync 1 DAGs
[2022-03-23 18:52:00,047] {logging_mixin.py:109} INFO - [2022-03-23 18:52:00,047] {dag.py:2935} INFO - Setting next_dagrun for example_branch_datetime_operator_2 to 2022-03-22 00:00:00+00:00
[2022-03-23 18:52:00,064] {processor.py:171} INFO - Processing /home/airflow/env/lib/python3.8/site-packages/airflow/example_dags/example_branch_datetime_operator.py took 0.068 seconds
[2022-03-23 18:52:34,651] {processor.py:163} INFO - Started process (PID=7222) to work on /home/airflow/env/lib/python3.8/site-packages/airflow/example_dags/example_branch_datetime_operator.py
[2022-03-23 18:52:34,653] {processor.py:642} INFO - Processing file /home/airflow/env/lib/python3.8/site-packages/airflow/example_dags/example_branch_datetime_operator.py for tasks to queue
[2022-03-23 18:52:34,654] {logging_mixin.py:109} INFO - [2022-03-23 18:52:34,654] {dagbag.py:500} INFO - Filling up the DagBag from /home/airflow/env/lib/python3.8/site-packages/airflow/example_dags/example_branch_datetime_operator.py
[2022-03-23 18:52:34,683] {processor.py:654} INFO - DAG(s) dict_keys(['example_branch_datetime_operator_2']) retrieved from /home/airflow/env/lib/python3.8/site-packages/airflow/example_dags/example_branch_datetime_operator.py
[2022-03-23 18:52:34,694] {logging_mixin.py:109} INFO - [2022-03-23 18:52:34,694] {dag.py:2396} INFO - Sync 1 DAGs
[2022-03-23 18:52:34,712] {logging_mixin.py:109} INFO - [2022-03-23 18:52:34,712] {dag.py:2935} INFO - Setting next_dagrun for example_branch_datetime_operator_2 to 2022-03-22 00:00:00+00:00
[2022-03-23 18:52:34,732] {processor.py:171} INFO - Processing /home/airflow/env/lib/python3.8/site-packages/airflow/example_dags/example_branch_datetime_operator.py took 0.084 seconds
[2022-03-23 18:53:10,216] {processor.py:163} INFO - Started process (PID=7257) to work on /home/airflow/env/lib/python3.8/site-packages/airflow/example_dags/example_branch_datetime_operator.py
[2022-03-23 18:53:10,218] {processor.py:642} INFO - Processing file /home/airflow/env/lib/python3.8/site-packages/airflow/example_dags/example_branch_datetime_operator.py for tasks to queue
[2022-03-23 18:53:10,218] {logging_mixin.py:109} INFO - [2022-03-23 18:53:10,218] {dagbag.py:500} INFO - Filling up the DagBag from /home/airflow/env/lib/python3.8/site-packages/airflow/example_dags/example_branch_datetime_operator.py
[2022-03-23 18:53:10,235] {processor.py:654} INFO - DAG(s) dict_keys(['example_branch_datetime_operator_2']) retrieved from /home/airflow/env/lib/python3.8/site-packages/airflow/example_dags/example_branch_datetime_operator.py
[2022-03-23 18:53:10,245] {logging_mixin.py:109} INFO - [2022-03-23 18:53:10,245] {dag.py:2396} INFO - Sync 1 DAGs
[2022-03-23 18:53:10,261] {logging_mixin.py:109} INFO - [2022-03-23 18:53:10,261] {dag.py:2935} INFO - Setting next_dagrun for example_branch_datetime_operator_2 to 2022-03-22 00:00:00+00:00
[2022-03-23 18:53:10,280] {processor.py:171} INFO - Processing /home/airflow/env/lib/python3.8/site-packages/airflow/example_dags/example_branch_datetime_operator.py took 0.066 seconds
[2022-03-23 18:53:43,738] {processor.py:163} INFO - Started process (PID=7290) to work on /home/airflow/env/lib/python3.8/site-packages/airflow/example_dags/example_branch_datetime_operator.py
[2022-03-23 18:53:43,739] {processor.py:642} INFO - Processing file /home/airflow/env/lib/python3.8/site-packages/airflow/example_dags/example_branch_datetime_operator.py for tasks to queue
[2022-03-23 18:53:43,739] {logging_mixin.py:109} INFO - [2022-03-23 18:53:43,739] {dagbag.py:500} INFO - Filling up the DagBag from /home/airflow/env/lib/python3.8/site-packages/airflow/example_dags/example_branch_datetime_operator.py
[2022-03-23 18:53:43,757] {processor.py:654} INFO - DAG(s) dict_keys(['example_branch_datetime_operator_2']) retrieved from /home/airflow/env/lib/python3.8/site-packages/airflow/example_dags/example_branch_datetime_operator.py
[2022-03-23 18:53:43,765] {logging_mixin.py:109} INFO - [2022-03-23 18:53:43,765] {dag.py:2396} INFO - Sync 1 DAGs
[2022-03-23 18:53:43,777] {logging_mixin.py:109} INFO - [2022-03-23 18:53:43,777] {dag.py:2935} INFO - Setting next_dagrun for example_branch_datetime_operator_2 to 2022-03-22 00:00:00+00:00
[2022-03-23 18:53:43,795] {processor.py:171} INFO - Processing /home/airflow/env/lib/python3.8/site-packages/airflow/example_dags/example_branch_datetime_operator.py took 0.060 seconds
[2022-03-23 18:54:18,441] {processor.py:163} INFO - Started process (PID=7323) to work on /home/airflow/env/lib/python3.8/site-packages/airflow/example_dags/example_branch_datetime_operator.py
[2022-03-23 18:54:18,442] {processor.py:642} INFO - Processing file /home/airflow/env/lib/python3.8/site-packages/airflow/example_dags/example_branch_datetime_operator.py for tasks to queue
[2022-03-23 18:54:18,443] {logging_mixin.py:109} INFO - [2022-03-23 18:54:18,442] {dagbag.py:500} INFO - Filling up the DagBag from /home/airflow/env/lib/python3.8/site-packages/airflow/example_dags/example_branch_datetime_operator.py
[2022-03-23 18:54:18,462] {processor.py:654} INFO - DAG(s) dict_keys(['example_branch_datetime_operator_2']) retrieved from /home/airflow/env/lib/python3.8/site-packages/airflow/example_dags/example_branch_datetime_operator.py
[2022-03-23 18:54:18,470] {logging_mixin.py:109} INFO - [2022-03-23 18:54:18,470] {dag.py:2396} INFO - Sync 1 DAGs
[2022-03-23 18:54:18,481] {logging_mixin.py:109} INFO - [2022-03-23 18:54:18,481] {dag.py:2935} INFO - Setting next_dagrun for example_branch_datetime_operator_2 to 2022-03-22 00:00:00+00:00
[2022-03-23 18:54:18,499] {processor.py:171} INFO - Processing /home/airflow/env/lib/python3.8/site-packages/airflow/example_dags/example_branch_datetime_operator.py took 0.061 seconds
[2022-03-23 18:54:53,445] {processor.py:163} INFO - Started process (PID=7357) to work on /home/airflow/env/lib/python3.8/site-packages/airflow/example_dags/example_branch_datetime_operator.py
[2022-03-23 18:54:53,446] {processor.py:642} INFO - Processing file /home/airflow/env/lib/python3.8/site-packages/airflow/example_dags/example_branch_datetime_operator.py for tasks to queue
[2022-03-23 18:54:53,447] {logging_mixin.py:109} INFO - [2022-03-23 18:54:53,447] {dagbag.py:500} INFO - Filling up the DagBag from /home/airflow/env/lib/python3.8/site-packages/airflow/example_dags/example_branch_datetime_operator.py
[2022-03-23 18:54:53,468] {processor.py:654} INFO - DAG(s) dict_keys(['example_branch_datetime_operator_2']) retrieved from /home/airflow/env/lib/python3.8/site-packages/airflow/example_dags/example_branch_datetime_operator.py
[2022-03-23 18:54:53,475] {logging_mixin.py:109} INFO - [2022-03-23 18:54:53,475] {dag.py:2396} INFO - Sync 1 DAGs
[2022-03-23 18:54:53,487] {logging_mixin.py:109} INFO - [2022-03-23 18:54:53,487] {dag.py:2935} INFO - Setting next_dagrun for example_branch_datetime_operator_2 to 2022-03-22 00:00:00+00:00
[2022-03-23 18:54:53,504] {processor.py:171} INFO - Processing /home/airflow/env/lib/python3.8/site-packages/airflow/example_dags/example_branch_datetime_operator.py took 0.062 seconds
[2022-03-23 18:55:29,204] {processor.py:163} INFO - Started process (PID=7393) to work on /home/airflow/env/lib/python3.8/site-packages/airflow/example_dags/example_branch_datetime_operator.py
[2022-03-23 18:55:29,205] {processor.py:642} INFO - Processing file /home/airflow/env/lib/python3.8/site-packages/airflow/example_dags/example_branch_datetime_operator.py for tasks to queue
[2022-03-23 18:55:29,206] {logging_mixin.py:109} INFO - [2022-03-23 18:55:29,206] {dagbag.py:500} INFO - Filling up the DagBag from /home/airflow/env/lib/python3.8/site-packages/airflow/example_dags/example_branch_datetime_operator.py
[2022-03-23 18:55:29,223] {processor.py:654} INFO - DAG(s) dict_keys(['example_branch_datetime_operator_2']) retrieved from /home/airflow/env/lib/python3.8/site-packages/airflow/example_dags/example_branch_datetime_operator.py
[2022-03-23 18:55:29,231] {logging_mixin.py:109} INFO - [2022-03-23 18:55:29,231] {dag.py:2396} INFO - Sync 1 DAGs
[2022-03-23 18:55:29,244] {logging_mixin.py:109} INFO - [2022-03-23 18:55:29,244] {dag.py:2935} INFO - Setting next_dagrun for example_branch_datetime_operator_2 to 2022-03-22 00:00:00+00:00
[2022-03-23 18:55:29,262] {processor.py:171} INFO - Processing /home/airflow/env/lib/python3.8/site-packages/airflow/example_dags/example_branch_datetime_operator.py took 0.062 seconds
[2022-03-23 18:56:02,549] {processor.py:163} INFO - Started process (PID=7480) to work on /home/airflow/env/lib/python3.8/site-packages/airflow/example_dags/example_branch_datetime_operator.py
[2022-03-23 18:56:02,550] {processor.py:642} INFO - Processing file /home/airflow/env/lib/python3.8/site-packages/airflow/example_dags/example_branch_datetime_operator.py for tasks to queue
[2022-03-23 18:56:02,551] {logging_mixin.py:109} INFO - [2022-03-23 18:56:02,551] {dagbag.py:500} INFO - Filling up the DagBag from /home/airflow/env/lib/python3.8/site-packages/airflow/example_dags/example_branch_datetime_operator.py
[2022-03-23 18:56:02,572] {processor.py:654} INFO - DAG(s) dict_keys(['example_branch_datetime_operator_2']) retrieved from /home/airflow/env/lib/python3.8/site-packages/airflow/example_dags/example_branch_datetime_operator.py
[2022-03-23 18:56:02,580] {logging_mixin.py:109} INFO - [2022-03-23 18:56:02,580] {dag.py:2396} INFO - Sync 1 DAGs
[2022-03-23 18:56:02,593] {logging_mixin.py:109} INFO - [2022-03-23 18:56:02,593] {dag.py:2935} INFO - Setting next_dagrun for example_branch_datetime_operator_2 to 2022-03-22 00:00:00+00:00
[2022-03-23 18:56:02,606] {processor.py:171} INFO - Processing /home/airflow/env/lib/python3.8/site-packages/airflow/example_dags/example_branch_datetime_operator.py took 0.059 seconds
[2022-03-23 18:56:35,854] {processor.py:163} INFO - Started process (PID=7512) to work on /home/airflow/env/lib/python3.8/site-packages/airflow/example_dags/example_branch_datetime_operator.py
[2022-03-23 18:56:35,856] {processor.py:642} INFO - Processing file /home/airflow/env/lib/python3.8/site-packages/airflow/example_dags/example_branch_datetime_operator.py for tasks to queue
[2022-03-23 18:56:35,856] {logging_mixin.py:109} INFO - [2022-03-23 18:56:35,856] {dagbag.py:500} INFO - Filling up the DagBag from /home/airflow/env/lib/python3.8/site-packages/airflow/example_dags/example_branch_datetime_operator.py
[2022-03-23 18:56:35,875] {processor.py:654} INFO - DAG(s) dict_keys(['example_branch_datetime_operator_2']) retrieved from /home/airflow/env/lib/python3.8/site-packages/airflow/example_dags/example_branch_datetime_operator.py
[2022-03-23 18:56:35,883] {logging_mixin.py:109} INFO - [2022-03-23 18:56:35,883] {dag.py:2396} INFO - Sync 1 DAGs
[2022-03-23 18:56:35,896] {logging_mixin.py:109} INFO - [2022-03-23 18:56:35,896] {dag.py:2935} INFO - Setting next_dagrun for example_branch_datetime_operator_2 to 2022-03-22 00:00:00+00:00
[2022-03-23 18:56:35,915] {processor.py:171} INFO - Processing /home/airflow/env/lib/python3.8/site-packages/airflow/example_dags/example_branch_datetime_operator.py took 0.065 seconds
[2022-03-23 18:57:09,818] {processor.py:163} INFO - Started process (PID=7545) to work on /home/airflow/env/lib/python3.8/site-packages/airflow/example_dags/example_branch_datetime_operator.py
[2022-03-23 18:57:09,820] {processor.py:642} INFO - Processing file /home/airflow/env/lib/python3.8/site-packages/airflow/example_dags/example_branch_datetime_operator.py for tasks to queue
[2022-03-23 18:57:09,820] {logging_mixin.py:109} INFO - [2022-03-23 18:57:09,820] {dagbag.py:500} INFO - Filling up the DagBag from /home/airflow/env/lib/python3.8/site-packages/airflow/example_dags/example_branch_datetime_operator.py
[2022-03-23 18:57:09,842] {processor.py:654} INFO - DAG(s) dict_keys(['example_branch_datetime_operator_2']) retrieved from /home/airflow/env/lib/python3.8/site-packages/airflow/example_dags/example_branch_datetime_operator.py
[2022-03-23 18:57:09,849] {logging_mixin.py:109} INFO - [2022-03-23 18:57:09,849] {dag.py:2396} INFO - Sync 1 DAGs
[2022-03-23 18:57:09,863] {logging_mixin.py:109} INFO - [2022-03-23 18:57:09,863] {dag.py:2935} INFO - Setting next_dagrun for example_branch_datetime_operator_2 to 2022-03-22 00:00:00+00:00
[2022-03-23 18:57:09,879] {processor.py:171} INFO - Processing /home/airflow/env/lib/python3.8/site-packages/airflow/example_dags/example_branch_datetime_operator.py took 0.063 seconds
[2022-03-23 18:57:48,319] {processor.py:163} INFO - Started process (PID=7582) to work on /home/airflow/env/lib/python3.8/site-packages/airflow/example_dags/example_branch_datetime_operator.py
[2022-03-23 18:57:48,320] {processor.py:642} INFO - Processing file /home/airflow/env/lib/python3.8/site-packages/airflow/example_dags/example_branch_datetime_operator.py for tasks to queue
[2022-03-23 18:57:48,321] {logging_mixin.py:109} INFO - [2022-03-23 18:57:48,321] {dagbag.py:500} INFO - Filling up the DagBag from /home/airflow/env/lib/python3.8/site-packages/airflow/example_dags/example_branch_datetime_operator.py
[2022-03-23 18:57:48,339] {processor.py:654} INFO - DAG(s) dict_keys(['example_branch_datetime_operator_2']) retrieved from /home/airflow/env/lib/python3.8/site-packages/airflow/example_dags/example_branch_datetime_operator.py
[2022-03-23 18:57:48,347] {logging_mixin.py:109} INFO - [2022-03-23 18:57:48,347] {dag.py:2396} INFO - Sync 1 DAGs
[2022-03-23 18:57:48,359] {logging_mixin.py:109} INFO - [2022-03-23 18:57:48,359] {dag.py:2935} INFO - Setting next_dagrun for example_branch_datetime_operator_2 to 2022-03-22 00:00:00+00:00
[2022-03-23 18:57:48,377] {processor.py:171} INFO - Processing /home/airflow/env/lib/python3.8/site-packages/airflow/example_dags/example_branch_datetime_operator.py took 0.061 seconds
[2022-03-23 18:58:32,787] {processor.py:163} INFO - Started process (PID=7777) to work on /home/airflow/env/lib/python3.8/site-packages/airflow/example_dags/example_branch_datetime_operator.py
[2022-03-23 18:58:32,794] {processor.py:642} INFO - Processing file /home/airflow/env/lib/python3.8/site-packages/airflow/example_dags/example_branch_datetime_operator.py for tasks to queue
[2022-03-23 18:58:32,794] {logging_mixin.py:109} INFO - [2022-03-23 18:58:32,794] {dagbag.py:500} INFO - Filling up the DagBag from /home/airflow/env/lib/python3.8/site-packages/airflow/example_dags/example_branch_datetime_operator.py
[2022-03-23 18:58:32,844] {processor.py:654} INFO - DAG(s) dict_keys(['example_branch_datetime_operator_2']) retrieved from /home/airflow/env/lib/python3.8/site-packages/airflow/example_dags/example_branch_datetime_operator.py
[2022-03-23 18:58:32,865] {logging_mixin.py:109} INFO - [2022-03-23 18:58:32,865] {dag.py:2396} INFO - Sync 1 DAGs
[2022-03-23 18:58:32,897] {logging_mixin.py:109} INFO - [2022-03-23 18:58:32,897] {dag.py:2935} INFO - Setting next_dagrun for example_branch_datetime_operator_2 to 2022-03-22 00:00:00+00:00
[2022-03-23 18:58:32,920] {processor.py:171} INFO - Processing /home/airflow/env/lib/python3.8/site-packages/airflow/example_dags/example_branch_datetime_operator.py took 0.135 seconds
[2022-03-23 18:59:24,245] {processor.py:163} INFO - Started process (PID=7920) to work on /home/airflow/env/lib/python3.8/site-packages/airflow/example_dags/example_branch_datetime_operator.py
[2022-03-23 18:59:24,262] {processor.py:642} INFO - Processing file /home/airflow/env/lib/python3.8/site-packages/airflow/example_dags/example_branch_datetime_operator.py for tasks to queue
[2022-03-23 18:59:24,276] {logging_mixin.py:109} INFO - [2022-03-23 18:59:24,275] {dagbag.py:500} INFO - Filling up the DagBag from /home/airflow/env/lib/python3.8/site-packages/airflow/example_dags/example_branch_datetime_operator.py
[2022-03-23 18:59:24,350] {processor.py:654} INFO - DAG(s) dict_keys(['example_branch_datetime_operator_2']) retrieved from /home/airflow/env/lib/python3.8/site-packages/airflow/example_dags/example_branch_datetime_operator.py
[2022-03-23 18:59:24,364] {logging_mixin.py:109} INFO - [2022-03-23 18:59:24,364] {dag.py:2396} INFO - Sync 1 DAGs
[2022-03-23 18:59:24,390] {logging_mixin.py:109} INFO - [2022-03-23 18:59:24,390] {dag.py:2935} INFO - Setting next_dagrun for example_branch_datetime_operator_2 to 2022-03-22 00:00:00+00:00
[2022-03-23 18:59:24,411] {processor.py:171} INFO - Processing /home/airflow/env/lib/python3.8/site-packages/airflow/example_dags/example_branch_datetime_operator.py took 0.170 seconds
[2022-03-23 19:00:16,201] {processor.py:163} INFO - Started process (PID=8163) to work on /home/airflow/env/lib/python3.8/site-packages/airflow/example_dags/example_branch_datetime_operator.py
[2022-03-23 19:00:16,202] {processor.py:642} INFO - Processing file /home/airflow/env/lib/python3.8/site-packages/airflow/example_dags/example_branch_datetime_operator.py for tasks to queue
[2022-03-23 19:00:16,203] {logging_mixin.py:109} INFO - [2022-03-23 19:00:16,203] {dagbag.py:500} INFO - Filling up the DagBag from /home/airflow/env/lib/python3.8/site-packages/airflow/example_dags/example_branch_datetime_operator.py
[2022-03-23 19:00:16,231] {processor.py:654} INFO - DAG(s) dict_keys(['example_branch_datetime_operator_2']) retrieved from /home/airflow/env/lib/python3.8/site-packages/airflow/example_dags/example_branch_datetime_operator.py
[2022-03-23 19:00:16,255] {logging_mixin.py:109} INFO - [2022-03-23 19:00:16,255] {dag.py:2396} INFO - Sync 1 DAGs
[2022-03-23 19:00:16,275] {logging_mixin.py:109} INFO - [2022-03-23 19:00:16,274] {dag.py:2935} INFO - Setting next_dagrun for example_branch_datetime_operator_2 to 2022-03-22 00:00:00+00:00
[2022-03-23 19:00:16,296] {processor.py:171} INFO - Processing /home/airflow/env/lib/python3.8/site-packages/airflow/example_dags/example_branch_datetime_operator.py took 0.097 seconds
[2022-03-23 19:00:52,846] {processor.py:163} INFO - Started process (PID=8431) to work on /home/airflow/env/lib/python3.8/site-packages/airflow/example_dags/example_branch_datetime_operator.py
[2022-03-23 19:00:52,848] {processor.py:642} INFO - Processing file /home/airflow/env/lib/python3.8/site-packages/airflow/example_dags/example_branch_datetime_operator.py for tasks to queue
[2022-03-23 19:00:52,850] {logging_mixin.py:109} INFO - [2022-03-23 19:00:52,849] {dagbag.py:500} INFO - Filling up the DagBag from /home/airflow/env/lib/python3.8/site-packages/airflow/example_dags/example_branch_datetime_operator.py
[2022-03-23 19:00:52,881] {processor.py:654} INFO - DAG(s) dict_keys(['example_branch_datetime_operator_2']) retrieved from /home/airflow/env/lib/python3.8/site-packages/airflow/example_dags/example_branch_datetime_operator.py
[2022-03-23 19:00:52,892] {logging_mixin.py:109} INFO - [2022-03-23 19:00:52,892] {dag.py:2396} INFO - Sync 1 DAGs
[2022-03-23 19:00:52,909] {logging_mixin.py:109} INFO - [2022-03-23 19:00:52,909] {dag.py:2935} INFO - Setting next_dagrun for example_branch_datetime_operator_2 to 2022-03-22 00:00:00+00:00
[2022-03-23 19:00:52,921] {processor.py:171} INFO - Processing /home/airflow/env/lib/python3.8/site-packages/airflow/example_dags/example_branch_datetime_operator.py took 0.080 seconds
[2022-03-23 19:01:30,419] {processor.py:163} INFO - Started process (PID=8467) to work on /home/airflow/env/lib/python3.8/site-packages/airflow/example_dags/example_branch_datetime_operator.py
[2022-03-23 19:01:30,420] {processor.py:642} INFO - Processing file /home/airflow/env/lib/python3.8/site-packages/airflow/example_dags/example_branch_datetime_operator.py for tasks to queue
[2022-03-23 19:01:30,421] {logging_mixin.py:109} INFO - [2022-03-23 19:01:30,420] {dagbag.py:500} INFO - Filling up the DagBag from /home/airflow/env/lib/python3.8/site-packages/airflow/example_dags/example_branch_datetime_operator.py
[2022-03-23 19:01:30,442] {processor.py:654} INFO - DAG(s) dict_keys(['example_branch_datetime_operator_2']) retrieved from /home/airflow/env/lib/python3.8/site-packages/airflow/example_dags/example_branch_datetime_operator.py
[2022-03-23 19:01:30,450] {logging_mixin.py:109} INFO - [2022-03-23 19:01:30,450] {dag.py:2396} INFO - Sync 1 DAGs
[2022-03-23 19:01:30,464] {logging_mixin.py:109} INFO - [2022-03-23 19:01:30,464] {dag.py:2935} INFO - Setting next_dagrun for example_branch_datetime_operator_2 to 2022-03-22 00:00:00+00:00
[2022-03-23 19:01:30,482] {processor.py:171} INFO - Processing /home/airflow/env/lib/python3.8/site-packages/airflow/example_dags/example_branch_datetime_operator.py took 0.066 seconds
[2022-03-23 19:02:06,261] {processor.py:163} INFO - Started process (PID=8551) to work on /home/airflow/env/lib/python3.8/site-packages/airflow/example_dags/example_branch_datetime_operator.py
[2022-03-23 19:02:06,262] {processor.py:642} INFO - Processing file /home/airflow/env/lib/python3.8/site-packages/airflow/example_dags/example_branch_datetime_operator.py for tasks to queue
[2022-03-23 19:02:06,262] {logging_mixin.py:109} INFO - [2022-03-23 19:02:06,262] {dagbag.py:500} INFO - Filling up the DagBag from /home/airflow/env/lib/python3.8/site-packages/airflow/example_dags/example_branch_datetime_operator.py
[2022-03-23 19:02:06,282] {processor.py:654} INFO - DAG(s) dict_keys(['example_branch_datetime_operator_2']) retrieved from /home/airflow/env/lib/python3.8/site-packages/airflow/example_dags/example_branch_datetime_operator.py
[2022-03-23 19:02:06,290] {logging_mixin.py:109} INFO - [2022-03-23 19:02:06,290] {dag.py:2396} INFO - Sync 1 DAGs
[2022-03-23 19:02:06,306] {logging_mixin.py:109} INFO - [2022-03-23 19:02:06,305] {dag.py:2935} INFO - Setting next_dagrun for example_branch_datetime_operator_2 to 2022-03-22 00:00:00+00:00
[2022-03-23 19:02:06,327] {processor.py:171} INFO - Processing /home/airflow/env/lib/python3.8/site-packages/airflow/example_dags/example_branch_datetime_operator.py took 0.069 seconds
[2022-03-23 19:02:43,642] {processor.py:163} INFO - Started process (PID=8665) to work on /home/airflow/env/lib/python3.8/site-packages/airflow/example_dags/example_branch_datetime_operator.py
[2022-03-23 19:02:43,643] {processor.py:642} INFO - Processing file /home/airflow/env/lib/python3.8/site-packages/airflow/example_dags/example_branch_datetime_operator.py for tasks to queue
[2022-03-23 19:02:43,644] {logging_mixin.py:109} INFO - [2022-03-23 19:02:43,644] {dagbag.py:500} INFO - Filling up the DagBag from /home/airflow/env/lib/python3.8/site-packages/airflow/example_dags/example_branch_datetime_operator.py
[2022-03-23 19:02:43,665] {processor.py:654} INFO - DAG(s) dict_keys(['example_branch_datetime_operator_2']) retrieved from /home/airflow/env/lib/python3.8/site-packages/airflow/example_dags/example_branch_datetime_operator.py
[2022-03-23 19:02:43,674] {logging_mixin.py:109} INFO - [2022-03-23 19:02:43,674] {dag.py:2396} INFO - Sync 1 DAGs
[2022-03-23 19:02:43,688] {logging_mixin.py:109} INFO - [2022-03-23 19:02:43,688] {dag.py:2935} INFO - Setting next_dagrun for example_branch_datetime_operator_2 to 2022-03-22 00:00:00+00:00
[2022-03-23 19:02:43,707] {processor.py:171} INFO - Processing /home/airflow/env/lib/python3.8/site-packages/airflow/example_dags/example_branch_datetime_operator.py took 0.068 seconds
[2022-03-23 19:03:17,975] {processor.py:163} INFO - Started process (PID=8748) to work on /home/airflow/env/lib/python3.8/site-packages/airflow/example_dags/example_branch_datetime_operator.py
[2022-03-23 19:03:17,977] {processor.py:642} INFO - Processing file /home/airflow/env/lib/python3.8/site-packages/airflow/example_dags/example_branch_datetime_operator.py for tasks to queue
[2022-03-23 19:03:17,977] {logging_mixin.py:109} INFO - [2022-03-23 19:03:17,977] {dagbag.py:500} INFO - Filling up the DagBag from /home/airflow/env/lib/python3.8/site-packages/airflow/example_dags/example_branch_datetime_operator.py
[2022-03-23 19:03:17,995] {processor.py:654} INFO - DAG(s) dict_keys(['example_branch_datetime_operator_2']) retrieved from /home/airflow/env/lib/python3.8/site-packages/airflow/example_dags/example_branch_datetime_operator.py
[2022-03-23 19:03:18,003] {logging_mixin.py:109} INFO - [2022-03-23 19:03:18,003] {dag.py:2396} INFO - Sync 1 DAGs
[2022-03-23 19:03:18,015] {logging_mixin.py:109} INFO - [2022-03-23 19:03:18,015] {dag.py:2935} INFO - Setting next_dagrun for example_branch_datetime_operator_2 to 2022-03-22 00:00:00+00:00
[2022-03-23 19:03:18,033] {processor.py:171} INFO - Processing /home/airflow/env/lib/python3.8/site-packages/airflow/example_dags/example_branch_datetime_operator.py took 0.060 seconds
[2022-03-23 19:03:54,516] {processor.py:163} INFO - Started process (PID=8894) to work on /home/airflow/env/lib/python3.8/site-packages/airflow/example_dags/example_branch_datetime_operator.py
[2022-03-23 19:03:54,518] {processor.py:642} INFO - Processing file /home/airflow/env/lib/python3.8/site-packages/airflow/example_dags/example_branch_datetime_operator.py for tasks to queue
[2022-03-23 19:03:54,519] {logging_mixin.py:109} INFO - [2022-03-23 19:03:54,519] {dagbag.py:500} INFO - Filling up the DagBag from /home/airflow/env/lib/python3.8/site-packages/airflow/example_dags/example_branch_datetime_operator.py
[2022-03-23 19:03:54,543] {processor.py:654} INFO - DAG(s) dict_keys(['example_branch_datetime_operator_2']) retrieved from /home/airflow/env/lib/python3.8/site-packages/airflow/example_dags/example_branch_datetime_operator.py
[2022-03-23 19:03:54,555] {logging_mixin.py:109} INFO - [2022-03-23 19:03:54,555] {dag.py:2396} INFO - Sync 1 DAGs
[2022-03-23 19:03:54,571] {logging_mixin.py:109} INFO - [2022-03-23 19:03:54,571] {dag.py:2935} INFO - Setting next_dagrun for example_branch_datetime_operator_2 to 2022-03-22 00:00:00+00:00
[2022-03-23 19:03:54,587] {processor.py:171} INFO - Processing /home/airflow/env/lib/python3.8/site-packages/airflow/example_dags/example_branch_datetime_operator.py took 0.075 seconds
[2022-03-23 19:04:42,152] {processor.py:163} INFO - Started process (PID=9050) to work on /home/airflow/env/lib/python3.8/site-packages/airflow/example_dags/example_branch_datetime_operator.py
[2022-03-23 19:04:42,154] {processor.py:642} INFO - Processing file /home/airflow/env/lib/python3.8/site-packages/airflow/example_dags/example_branch_datetime_operator.py for tasks to queue
[2022-03-23 19:04:42,156] {logging_mixin.py:109} INFO - [2022-03-23 19:04:42,156] {dagbag.py:500} INFO - Filling up the DagBag from /home/airflow/env/lib/python3.8/site-packages/airflow/example_dags/example_branch_datetime_operator.py
[2022-03-23 19:04:42,203] {processor.py:654} INFO - DAG(s) dict_keys(['example_branch_datetime_operator_2']) retrieved from /home/airflow/env/lib/python3.8/site-packages/airflow/example_dags/example_branch_datetime_operator.py
[2022-03-23 19:04:42,218] {logging_mixin.py:109} INFO - [2022-03-23 19:04:42,218] {dag.py:2396} INFO - Sync 1 DAGs
[2022-03-23 19:04:42,247] {logging_mixin.py:109} INFO - [2022-03-23 19:04:42,247] {dag.py:2935} INFO - Setting next_dagrun for example_branch_datetime_operator_2 to 2022-03-22 00:00:00+00:00
[2022-03-23 19:04:42,282] {processor.py:171} INFO - Processing /home/airflow/env/lib/python3.8/site-packages/airflow/example_dags/example_branch_datetime_operator.py took 0.133 seconds
[2022-03-23 19:05:28,655] {processor.py:163} INFO - Started process (PID=9109) to work on /home/airflow/env/lib/python3.8/site-packages/airflow/example_dags/example_branch_datetime_operator.py
[2022-03-23 19:05:28,662] {processor.py:642} INFO - Processing file /home/airflow/env/lib/python3.8/site-packages/airflow/example_dags/example_branch_datetime_operator.py for tasks to queue
[2022-03-23 19:05:28,662] {logging_mixin.py:109} INFO - [2022-03-23 19:05:28,662] {dagbag.py:500} INFO - Filling up the DagBag from /home/airflow/env/lib/python3.8/site-packages/airflow/example_dags/example_branch_datetime_operator.py
[2022-03-23 19:05:28,678] {processor.py:654} INFO - DAG(s) dict_keys(['example_branch_datetime_operator_2']) retrieved from /home/airflow/env/lib/python3.8/site-packages/airflow/example_dags/example_branch_datetime_operator.py
[2022-03-23 19:05:28,687] {logging_mixin.py:109} INFO - [2022-03-23 19:05:28,687] {dag.py:2396} INFO - Sync 1 DAGs
[2022-03-23 19:05:28,701] {logging_mixin.py:109} INFO - [2022-03-23 19:05:28,701] {dag.py:2935} INFO - Setting next_dagrun for example_branch_datetime_operator_2 to 2022-03-22 00:00:00+00:00
[2022-03-23 19:05:28,717] {processor.py:171} INFO - Processing /home/airflow/env/lib/python3.8/site-packages/airflow/example_dags/example_branch_datetime_operator.py took 0.064 seconds
[2022-03-23 19:06:07,696] {processor.py:163} INFO - Started process (PID=9200) to work on /home/airflow/env/lib/python3.8/site-packages/airflow/example_dags/example_branch_datetime_operator.py
[2022-03-23 19:06:07,697] {processor.py:642} INFO - Processing file /home/airflow/env/lib/python3.8/site-packages/airflow/example_dags/example_branch_datetime_operator.py for tasks to queue
[2022-03-23 19:06:07,697] {logging_mixin.py:109} INFO - [2022-03-23 19:06:07,697] {dagbag.py:500} INFO - Filling up the DagBag from /home/airflow/env/lib/python3.8/site-packages/airflow/example_dags/example_branch_datetime_operator.py
[2022-03-23 19:06:07,717] {processor.py:654} INFO - DAG(s) dict_keys(['example_branch_datetime_operator_2']) retrieved from /home/airflow/env/lib/python3.8/site-packages/airflow/example_dags/example_branch_datetime_operator.py
[2022-03-23 19:06:07,726] {logging_mixin.py:109} INFO - [2022-03-23 19:06:07,726] {dag.py:2396} INFO - Sync 1 DAGs
[2022-03-23 19:06:07,740] {logging_mixin.py:109} INFO - [2022-03-23 19:06:07,739] {dag.py:2935} INFO - Setting next_dagrun for example_branch_datetime_operator_2 to 2022-03-22 00:00:00+00:00
[2022-03-23 19:06:07,758] {processor.py:171} INFO - Processing /home/airflow/env/lib/python3.8/site-packages/airflow/example_dags/example_branch_datetime_operator.py took 0.065 seconds
[2022-03-23 19:06:41,873] {processor.py:163} INFO - Started process (PID=9233) to work on /home/airflow/env/lib/python3.8/site-packages/airflow/example_dags/example_branch_datetime_operator.py
[2022-03-23 19:06:41,875] {processor.py:642} INFO - Processing file /home/airflow/env/lib/python3.8/site-packages/airflow/example_dags/example_branch_datetime_operator.py for tasks to queue
[2022-03-23 19:06:41,875] {logging_mixin.py:109} INFO - [2022-03-23 19:06:41,875] {dagbag.py:500} INFO - Filling up the DagBag from /home/airflow/env/lib/python3.8/site-packages/airflow/example_dags/example_branch_datetime_operator.py
[2022-03-23 19:06:41,894] {processor.py:654} INFO - DAG(s) dict_keys(['example_branch_datetime_operator_2']) retrieved from /home/airflow/env/lib/python3.8/site-packages/airflow/example_dags/example_branch_datetime_operator.py
[2022-03-23 19:06:41,901] {logging_mixin.py:109} INFO - [2022-03-23 19:06:41,901] {dag.py:2396} INFO - Sync 1 DAGs
[2022-03-23 19:06:41,914] {logging_mixin.py:109} INFO - [2022-03-23 19:06:41,914] {dag.py:2935} INFO - Setting next_dagrun for example_branch_datetime_operator_2 to 2022-03-22 00:00:00+00:00
[2022-03-23 19:06:41,927] {processor.py:171} INFO - Processing /home/airflow/env/lib/python3.8/site-packages/airflow/example_dags/example_branch_datetime_operator.py took 0.057 seconds
[2022-03-23 19:07:18,056] {processor.py:163} INFO - Started process (PID=9269) to work on /home/airflow/env/lib/python3.8/site-packages/airflow/example_dags/example_branch_datetime_operator.py
[2022-03-23 19:07:18,057] {processor.py:642} INFO - Processing file /home/airflow/env/lib/python3.8/site-packages/airflow/example_dags/example_branch_datetime_operator.py for tasks to queue
[2022-03-23 19:07:18,058] {logging_mixin.py:109} INFO - [2022-03-23 19:07:18,058] {dagbag.py:500} INFO - Filling up the DagBag from /home/airflow/env/lib/python3.8/site-packages/airflow/example_dags/example_branch_datetime_operator.py
[2022-03-23 19:07:18,075] {processor.py:654} INFO - DAG(s) dict_keys(['example_branch_datetime_operator_2']) retrieved from /home/airflow/env/lib/python3.8/site-packages/airflow/example_dags/example_branch_datetime_operator.py
[2022-03-23 19:07:18,084] {logging_mixin.py:109} INFO - [2022-03-23 19:07:18,084] {dag.py:2396} INFO - Sync 1 DAGs
[2022-03-23 19:07:18,097] {logging_mixin.py:109} INFO - [2022-03-23 19:07:18,097] {dag.py:2935} INFO - Setting next_dagrun for example_branch_datetime_operator_2 to 2022-03-22 00:00:00+00:00
[2022-03-23 19:07:18,114] {processor.py:171} INFO - Processing /home/airflow/env/lib/python3.8/site-packages/airflow/example_dags/example_branch_datetime_operator.py took 0.060 seconds
[2022-03-23 19:07:52,036] {processor.py:163} INFO - Started process (PID=9303) to work on /home/airflow/env/lib/python3.8/site-packages/airflow/example_dags/example_branch_datetime_operator.py
[2022-03-23 19:07:52,037] {processor.py:642} INFO - Processing file /home/airflow/env/lib/python3.8/site-packages/airflow/example_dags/example_branch_datetime_operator.py for tasks to queue
[2022-03-23 19:07:52,038] {logging_mixin.py:109} INFO - [2022-03-23 19:07:52,038] {dagbag.py:500} INFO - Filling up the DagBag from /home/airflow/env/lib/python3.8/site-packages/airflow/example_dags/example_branch_datetime_operator.py
[2022-03-23 19:07:52,060] {processor.py:654} INFO - DAG(s) dict_keys(['example_branch_datetime_operator_2']) retrieved from /home/airflow/env/lib/python3.8/site-packages/airflow/example_dags/example_branch_datetime_operator.py
[2022-03-23 19:07:52,070] {logging_mixin.py:109} INFO - [2022-03-23 19:07:52,070] {dag.py:2396} INFO - Sync 1 DAGs
[2022-03-23 19:07:52,084] {logging_mixin.py:109} INFO - [2022-03-23 19:07:52,084] {dag.py:2935} INFO - Setting next_dagrun for example_branch_datetime_operator_2 to 2022-03-22 00:00:00+00:00
[2022-03-23 19:07:52,101] {processor.py:171} INFO - Processing /home/airflow/env/lib/python3.8/site-packages/airflow/example_dags/example_branch_datetime_operator.py took 0.067 seconds
[2022-03-23 19:08:26,639] {processor.py:163} INFO - Started process (PID=9336) to work on /home/airflow/env/lib/python3.8/site-packages/airflow/example_dags/example_branch_datetime_operator.py
[2022-03-23 19:08:26,640] {processor.py:642} INFO - Processing file /home/airflow/env/lib/python3.8/site-packages/airflow/example_dags/example_branch_datetime_operator.py for tasks to queue
[2022-03-23 19:08:26,641] {logging_mixin.py:109} INFO - [2022-03-23 19:08:26,640] {dagbag.py:500} INFO - Filling up the DagBag from /home/airflow/env/lib/python3.8/site-packages/airflow/example_dags/example_branch_datetime_operator.py
[2022-03-23 19:08:26,664] {processor.py:654} INFO - DAG(s) dict_keys(['example_branch_datetime_operator_2']) retrieved from /home/airflow/env/lib/python3.8/site-packages/airflow/example_dags/example_branch_datetime_operator.py
[2022-03-23 19:08:26,673] {logging_mixin.py:109} INFO - [2022-03-23 19:08:26,673] {dag.py:2396} INFO - Sync 1 DAGs
[2022-03-23 19:08:26,689] {logging_mixin.py:109} INFO - [2022-03-23 19:08:26,689] {dag.py:2935} INFO - Setting next_dagrun for example_branch_datetime_operator_2 to 2022-03-22 00:00:00+00:00
[2022-03-23 19:08:26,710] {processor.py:171} INFO - Processing /home/airflow/env/lib/python3.8/site-packages/airflow/example_dags/example_branch_datetime_operator.py took 0.073 seconds
[2022-03-23 19:09:00,876] {processor.py:163} INFO - Started process (PID=9370) to work on /home/airflow/env/lib/python3.8/site-packages/airflow/example_dags/example_branch_datetime_operator.py
[2022-03-23 19:09:00,886] {processor.py:642} INFO - Processing file /home/airflow/env/lib/python3.8/site-packages/airflow/example_dags/example_branch_datetime_operator.py for tasks to queue
[2022-03-23 19:09:00,893] {logging_mixin.py:109} INFO - [2022-03-23 19:09:00,893] {dagbag.py:500} INFO - Filling up the DagBag from /home/airflow/env/lib/python3.8/site-packages/airflow/example_dags/example_branch_datetime_operator.py
[2022-03-23 19:09:00,961] {processor.py:654} INFO - DAG(s) dict_keys(['example_branch_datetime_operator_2']) retrieved from /home/airflow/env/lib/python3.8/site-packages/airflow/example_dags/example_branch_datetime_operator.py
[2022-03-23 19:09:01,003] {logging_mixin.py:109} INFO - [2022-03-23 19:09:01,003] {dag.py:2396} INFO - Sync 1 DAGs
[2022-03-23 19:09:01,049] {logging_mixin.py:109} INFO - [2022-03-23 19:09:01,049] {dag.py:2935} INFO - Setting next_dagrun for example_branch_datetime_operator_2 to 2022-03-22 00:00:00+00:00
[2022-03-23 19:09:01,072] {processor.py:171} INFO - Processing /home/airflow/env/lib/python3.8/site-packages/airflow/example_dags/example_branch_datetime_operator.py took 0.204 seconds
[2022-03-23 19:09:44,207] {processor.py:163} INFO - Started process (PID=9407) to work on /home/airflow/env/lib/python3.8/site-packages/airflow/example_dags/example_branch_datetime_operator.py
[2022-03-23 19:09:44,214] {processor.py:642} INFO - Processing file /home/airflow/env/lib/python3.8/site-packages/airflow/example_dags/example_branch_datetime_operator.py for tasks to queue
[2022-03-23 19:09:44,215] {logging_mixin.py:109} INFO - [2022-03-23 19:09:44,215] {dagbag.py:500} INFO - Filling up the DagBag from /home/airflow/env/lib/python3.8/site-packages/airflow/example_dags/example_branch_datetime_operator.py
[2022-03-23 19:09:44,249] {processor.py:654} INFO - DAG(s) dict_keys(['example_branch_datetime_operator_2']) retrieved from /home/airflow/env/lib/python3.8/site-packages/airflow/example_dags/example_branch_datetime_operator.py
[2022-03-23 19:09:44,260] {logging_mixin.py:109} INFO - [2022-03-23 19:09:44,260] {dag.py:2396} INFO - Sync 1 DAGs
[2022-03-23 19:09:44,276] {logging_mixin.py:109} INFO - [2022-03-23 19:09:44,276] {dag.py:2935} INFO - Setting next_dagrun for example_branch_datetime_operator_2 to 2022-03-22 00:00:00+00:00
[2022-03-23 19:09:44,295] {processor.py:171} INFO - Processing /home/airflow/env/lib/python3.8/site-packages/airflow/example_dags/example_branch_datetime_operator.py took 0.090 seconds
[2022-03-23 19:10:18,829] {processor.py:163} INFO - Started process (PID=9441) to work on /home/airflow/env/lib/python3.8/site-packages/airflow/example_dags/example_branch_datetime_operator.py
[2022-03-23 19:10:18,831] {processor.py:642} INFO - Processing file /home/airflow/env/lib/python3.8/site-packages/airflow/example_dags/example_branch_datetime_operator.py for tasks to queue
[2022-03-23 19:10:18,832] {logging_mixin.py:109} INFO - [2022-03-23 19:10:18,832] {dagbag.py:500} INFO - Filling up the DagBag from /home/airflow/env/lib/python3.8/site-packages/airflow/example_dags/example_branch_datetime_operator.py
[2022-03-23 19:10:18,852] {processor.py:654} INFO - DAG(s) dict_keys(['example_branch_datetime_operator_2']) retrieved from /home/airflow/env/lib/python3.8/site-packages/airflow/example_dags/example_branch_datetime_operator.py
[2022-03-23 19:10:18,862] {logging_mixin.py:109} INFO - [2022-03-23 19:10:18,862] {dag.py:2396} INFO - Sync 1 DAGs
[2022-03-23 19:10:18,875] {logging_mixin.py:109} INFO - [2022-03-23 19:10:18,875] {dag.py:2935} INFO - Setting next_dagrun for example_branch_datetime_operator_2 to 2022-03-22 00:00:00+00:00
[2022-03-23 19:10:18,895] {processor.py:171} INFO - Processing /home/airflow/env/lib/python3.8/site-packages/airflow/example_dags/example_branch_datetime_operator.py took 0.069 seconds
[2022-03-23 19:10:53,034] {processor.py:163} INFO - Started process (PID=9532) to work on /home/airflow/env/lib/python3.8/site-packages/airflow/example_dags/example_branch_datetime_operator.py
[2022-03-23 19:10:53,036] {processor.py:642} INFO - Processing file /home/airflow/env/lib/python3.8/site-packages/airflow/example_dags/example_branch_datetime_operator.py for tasks to queue
[2022-03-23 19:10:53,036] {logging_mixin.py:109} INFO - [2022-03-23 19:10:53,036] {dagbag.py:500} INFO - Filling up the DagBag from /home/airflow/env/lib/python3.8/site-packages/airflow/example_dags/example_branch_datetime_operator.py
[2022-03-23 19:10:53,055] {processor.py:654} INFO - DAG(s) dict_keys(['example_branch_datetime_operator_2']) retrieved from /home/airflow/env/lib/python3.8/site-packages/airflow/example_dags/example_branch_datetime_operator.py
[2022-03-23 19:10:53,065] {logging_mixin.py:109} INFO - [2022-03-23 19:10:53,065] {dag.py:2396} INFO - Sync 1 DAGs
[2022-03-23 19:10:53,078] {logging_mixin.py:109} INFO - [2022-03-23 19:10:53,078] {dag.py:2935} INFO - Setting next_dagrun for example_branch_datetime_operator_2 to 2022-03-22 00:00:00+00:00
[2022-03-23 19:10:53,099] {processor.py:171} INFO - Processing /home/airflow/env/lib/python3.8/site-packages/airflow/example_dags/example_branch_datetime_operator.py took 0.067 seconds
[2022-03-23 19:11:30,049] {processor.py:163} INFO - Started process (PID=9567) to work on /home/airflow/env/lib/python3.8/site-packages/airflow/example_dags/example_branch_datetime_operator.py
[2022-03-23 19:11:30,051] {processor.py:642} INFO - Processing file /home/airflow/env/lib/python3.8/site-packages/airflow/example_dags/example_branch_datetime_operator.py for tasks to queue
[2022-03-23 19:11:30,052] {logging_mixin.py:109} INFO - [2022-03-23 19:11:30,052] {dagbag.py:500} INFO - Filling up the DagBag from /home/airflow/env/lib/python3.8/site-packages/airflow/example_dags/example_branch_datetime_operator.py
[2022-03-23 19:11:30,075] {processor.py:654} INFO - DAG(s) dict_keys(['example_branch_datetime_operator_2']) retrieved from /home/airflow/env/lib/python3.8/site-packages/airflow/example_dags/example_branch_datetime_operator.py
[2022-03-23 19:11:30,085] {logging_mixin.py:109} INFO - [2022-03-23 19:11:30,085] {dag.py:2396} INFO - Sync 1 DAGs
[2022-03-23 19:11:30,102] {logging_mixin.py:109} INFO - [2022-03-23 19:11:30,101] {dag.py:2935} INFO - Setting next_dagrun for example_branch_datetime_operator_2 to 2022-03-22 00:00:00+00:00
[2022-03-23 19:11:30,124] {processor.py:171} INFO - Processing /home/airflow/env/lib/python3.8/site-packages/airflow/example_dags/example_branch_datetime_operator.py took 0.078 seconds
[2022-03-23 19:12:07,916] {processor.py:163} INFO - Started process (PID=9643) to work on /home/airflow/env/lib/python3.8/site-packages/airflow/example_dags/example_branch_datetime_operator.py
[2022-03-23 19:12:07,917] {processor.py:642} INFO - Processing file /home/airflow/env/lib/python3.8/site-packages/airflow/example_dags/example_branch_datetime_operator.py for tasks to queue
[2022-03-23 19:12:07,918] {logging_mixin.py:109} INFO - [2022-03-23 19:12:07,918] {dagbag.py:500} INFO - Filling up the DagBag from /home/airflow/env/lib/python3.8/site-packages/airflow/example_dags/example_branch_datetime_operator.py
[2022-03-23 19:12:07,935] {processor.py:654} INFO - DAG(s) dict_keys(['example_branch_datetime_operator_2']) retrieved from /home/airflow/env/lib/python3.8/site-packages/airflow/example_dags/example_branch_datetime_operator.py
[2022-03-23 19:12:07,945] {logging_mixin.py:109} INFO - [2022-03-23 19:12:07,945] {dag.py:2396} INFO - Sync 1 DAGs
[2022-03-23 19:12:07,958] {logging_mixin.py:109} INFO - [2022-03-23 19:12:07,958] {dag.py:2935} INFO - Setting next_dagrun for example_branch_datetime_operator_2 to 2022-03-22 00:00:00+00:00
[2022-03-23 19:12:07,976] {processor.py:171} INFO - Processing /home/airflow/env/lib/python3.8/site-packages/airflow/example_dags/example_branch_datetime_operator.py took 0.063 seconds
[2022-03-23 19:12:47,105] {processor.py:163} INFO - Started process (PID=9795) to work on /home/airflow/env/lib/python3.8/site-packages/airflow/example_dags/example_branch_datetime_operator.py
[2022-03-23 19:12:47,106] {processor.py:642} INFO - Processing file /home/airflow/env/lib/python3.8/site-packages/airflow/example_dags/example_branch_datetime_operator.py for tasks to queue
[2022-03-23 19:12:47,107] {logging_mixin.py:109} INFO - [2022-03-23 19:12:47,107] {dagbag.py:500} INFO - Filling up the DagBag from /home/airflow/env/lib/python3.8/site-packages/airflow/example_dags/example_branch_datetime_operator.py
[2022-03-23 19:12:47,127] {processor.py:654} INFO - DAG(s) dict_keys(['example_branch_datetime_operator_2']) retrieved from /home/airflow/env/lib/python3.8/site-packages/airflow/example_dags/example_branch_datetime_operator.py
[2022-03-23 19:12:47,138] {logging_mixin.py:109} INFO - [2022-03-23 19:12:47,138] {dag.py:2396} INFO - Sync 1 DAGs
[2022-03-23 19:12:47,152] {logging_mixin.py:109} INFO - [2022-03-23 19:12:47,152] {dag.py:2935} INFO - Setting next_dagrun for example_branch_datetime_operator_2 to 2022-03-22 00:00:00+00:00
[2022-03-23 19:12:47,176] {processor.py:171} INFO - Processing /home/airflow/env/lib/python3.8/site-packages/airflow/example_dags/example_branch_datetime_operator.py took 0.074 seconds
[2022-03-23 19:13:23,478] {processor.py:163} INFO - Started process (PID=10003) to work on /home/airflow/env/lib/python3.8/site-packages/airflow/example_dags/example_branch_datetime_operator.py
[2022-03-23 19:13:23,480] {processor.py:642} INFO - Processing file /home/airflow/env/lib/python3.8/site-packages/airflow/example_dags/example_branch_datetime_operator.py for tasks to queue
[2022-03-23 19:13:23,480] {logging_mixin.py:109} INFO - [2022-03-23 19:13:23,480] {dagbag.py:500} INFO - Filling up the DagBag from /home/airflow/env/lib/python3.8/site-packages/airflow/example_dags/example_branch_datetime_operator.py
[2022-03-23 19:13:23,511] {processor.py:654} INFO - DAG(s) dict_keys(['example_branch_datetime_operator_2']) retrieved from /home/airflow/env/lib/python3.8/site-packages/airflow/example_dags/example_branch_datetime_operator.py
[2022-03-23 19:13:23,521] {logging_mixin.py:109} INFO - [2022-03-23 19:13:23,521] {dag.py:2396} INFO - Sync 1 DAGs
[2022-03-23 19:13:23,534] {logging_mixin.py:109} INFO - [2022-03-23 19:13:23,534] {dag.py:2935} INFO - Setting next_dagrun for example_branch_datetime_operator_2 to 2022-03-22 00:00:00+00:00
[2022-03-23 19:13:23,551] {processor.py:171} INFO - Processing /home/airflow/env/lib/python3.8/site-packages/airflow/example_dags/example_branch_datetime_operator.py took 0.076 seconds
[2022-03-23 19:14:00,262] {processor.py:163} INFO - Started process (PID=10112) to work on /home/airflow/env/lib/python3.8/site-packages/airflow/example_dags/example_branch_datetime_operator.py
[2022-03-23 19:14:00,263] {processor.py:642} INFO - Processing file /home/airflow/env/lib/python3.8/site-packages/airflow/example_dags/example_branch_datetime_operator.py for tasks to queue
[2022-03-23 19:14:00,263] {logging_mixin.py:109} INFO - [2022-03-23 19:14:00,263] {dagbag.py:500} INFO - Filling up the DagBag from /home/airflow/env/lib/python3.8/site-packages/airflow/example_dags/example_branch_datetime_operator.py
[2022-03-23 19:14:00,281] {processor.py:654} INFO - DAG(s) dict_keys(['example_branch_datetime_operator_2']) retrieved from /home/airflow/env/lib/python3.8/site-packages/airflow/example_dags/example_branch_datetime_operator.py
[2022-03-23 19:14:00,289] {logging_mixin.py:109} INFO - [2022-03-23 19:14:00,289] {dag.py:2396} INFO - Sync 1 DAGs
[2022-03-23 19:14:00,301] {logging_mixin.py:109} INFO - [2022-03-23 19:14:00,301] {dag.py:2935} INFO - Setting next_dagrun for example_branch_datetime_operator_2 to 2022-03-22 00:00:00+00:00
[2022-03-23 19:14:00,319] {processor.py:171} INFO - Processing /home/airflow/env/lib/python3.8/site-packages/airflow/example_dags/example_branch_datetime_operator.py took 0.060 seconds
