[2022-03-23 18:35:30,790] {processor.py:163} INFO - Started process (PID=5114) to work on /home/airflow/env/lib/python3.8/site-packages/airflow/example_dags/example_nested_branch_dag.py
[2022-03-23 18:35:30,791] {processor.py:642} INFO - Processing file /home/airflow/env/lib/python3.8/site-packages/airflow/example_dags/example_nested_branch_dag.py for tasks to queue
[2022-03-23 18:35:30,792] {logging_mixin.py:109} INFO - [2022-03-23 18:35:30,792] {dagbag.py:500} INFO - Filling up the DagBag from /home/airflow/env/lib/python3.8/site-packages/airflow/example_dags/example_nested_branch_dag.py
[2022-03-23 18:35:30,818] {processor.py:654} INFO - DAG(s) dict_keys(['example_nested_branch_dag']) retrieved from /home/airflow/env/lib/python3.8/site-packages/airflow/example_dags/example_nested_branch_dag.py
[2022-03-23 18:35:30,830] {logging_mixin.py:109} INFO - [2022-03-23 18:35:30,830] {dag.py:2396} INFO - Sync 1 DAGs
[2022-03-23 18:35:30,845] {logging_mixin.py:109} INFO - [2022-03-23 18:35:30,845] {dag.py:2935} INFO - Setting next_dagrun for example_nested_branch_dag to 2022-03-22 00:00:00+00:00
[2022-03-23 18:35:30,858] {processor.py:171} INFO - Processing /home/airflow/env/lib/python3.8/site-packages/airflow/example_dags/example_nested_branch_dag.py took 0.071 seconds
[2022-03-23 18:36:04,345] {processor.py:163} INFO - Started process (PID=5173) to work on /home/airflow/env/lib/python3.8/site-packages/airflow/example_dags/example_nested_branch_dag.py
[2022-03-23 18:36:04,347] {processor.py:642} INFO - Processing file /home/airflow/env/lib/python3.8/site-packages/airflow/example_dags/example_nested_branch_dag.py for tasks to queue
[2022-03-23 18:36:04,347] {logging_mixin.py:109} INFO - [2022-03-23 18:36:04,347] {dagbag.py:500} INFO - Filling up the DagBag from /home/airflow/env/lib/python3.8/site-packages/airflow/example_dags/example_nested_branch_dag.py
[2022-03-23 18:36:04,374] {processor.py:654} INFO - DAG(s) dict_keys(['example_nested_branch_dag']) retrieved from /home/airflow/env/lib/python3.8/site-packages/airflow/example_dags/example_nested_branch_dag.py
[2022-03-23 18:36:04,386] {logging_mixin.py:109} INFO - [2022-03-23 18:36:04,385] {dag.py:2396} INFO - Sync 1 DAGs
[2022-03-23 18:36:04,404] {logging_mixin.py:109} INFO - [2022-03-23 18:36:04,404] {dag.py:2935} INFO - Setting next_dagrun for example_nested_branch_dag to 2022-03-22 00:00:00+00:00
[2022-03-23 18:36:04,428] {processor.py:171} INFO - Processing /home/airflow/env/lib/python3.8/site-packages/airflow/example_dags/example_nested_branch_dag.py took 0.088 seconds
[2022-03-23 18:36:37,568] {processor.py:163} INFO - Started process (PID=5235) to work on /home/airflow/env/lib/python3.8/site-packages/airflow/example_dags/example_nested_branch_dag.py
[2022-03-23 18:36:37,569] {processor.py:642} INFO - Processing file /home/airflow/env/lib/python3.8/site-packages/airflow/example_dags/example_nested_branch_dag.py for tasks to queue
[2022-03-23 18:36:37,570] {logging_mixin.py:109} INFO - [2022-03-23 18:36:37,570] {dagbag.py:500} INFO - Filling up the DagBag from /home/airflow/env/lib/python3.8/site-packages/airflow/example_dags/example_nested_branch_dag.py
[2022-03-23 18:36:37,590] {processor.py:654} INFO - DAG(s) dict_keys(['example_nested_branch_dag']) retrieved from /home/airflow/env/lib/python3.8/site-packages/airflow/example_dags/example_nested_branch_dag.py
[2022-03-23 18:36:37,601] {logging_mixin.py:109} INFO - [2022-03-23 18:36:37,601] {dag.py:2396} INFO - Sync 1 DAGs
[2022-03-23 18:36:37,614] {logging_mixin.py:109} INFO - [2022-03-23 18:36:37,613] {dag.py:2935} INFO - Setting next_dagrun for example_nested_branch_dag to 2022-03-22 00:00:00+00:00
[2022-03-23 18:36:37,631] {processor.py:171} INFO - Processing /home/airflow/env/lib/python3.8/site-packages/airflow/example_dags/example_nested_branch_dag.py took 0.067 seconds
[2022-03-23 18:37:11,481] {processor.py:163} INFO - Started process (PID=5358) to work on /home/airflow/env/lib/python3.8/site-packages/airflow/example_dags/example_nested_branch_dag.py
[2022-03-23 18:37:11,482] {processor.py:642} INFO - Processing file /home/airflow/env/lib/python3.8/site-packages/airflow/example_dags/example_nested_branch_dag.py for tasks to queue
[2022-03-23 18:37:11,482] {logging_mixin.py:109} INFO - [2022-03-23 18:37:11,482] {dagbag.py:500} INFO - Filling up the DagBag from /home/airflow/env/lib/python3.8/site-packages/airflow/example_dags/example_nested_branch_dag.py
[2022-03-23 18:37:11,507] {processor.py:654} INFO - DAG(s) dict_keys(['example_nested_branch_dag']) retrieved from /home/airflow/env/lib/python3.8/site-packages/airflow/example_dags/example_nested_branch_dag.py
[2022-03-23 18:37:11,517] {logging_mixin.py:109} INFO - [2022-03-23 18:37:11,517] {dag.py:2396} INFO - Sync 1 DAGs
[2022-03-23 18:37:11,532] {logging_mixin.py:109} INFO - [2022-03-23 18:37:11,532] {dag.py:2935} INFO - Setting next_dagrun for example_nested_branch_dag to 2022-03-22 00:00:00+00:00
[2022-03-23 18:37:11,552] {processor.py:171} INFO - Processing /home/airflow/env/lib/python3.8/site-packages/airflow/example_dags/example_nested_branch_dag.py took 0.073 seconds
[2022-03-23 18:37:44,569] {processor.py:163} INFO - Started process (PID=5394) to work on /home/airflow/env/lib/python3.8/site-packages/airflow/example_dags/example_nested_branch_dag.py
[2022-03-23 18:37:44,570] {processor.py:642} INFO - Processing file /home/airflow/env/lib/python3.8/site-packages/airflow/example_dags/example_nested_branch_dag.py for tasks to queue
[2022-03-23 18:37:44,571] {logging_mixin.py:109} INFO - [2022-03-23 18:37:44,571] {dagbag.py:500} INFO - Filling up the DagBag from /home/airflow/env/lib/python3.8/site-packages/airflow/example_dags/example_nested_branch_dag.py
[2022-03-23 18:37:44,596] {processor.py:654} INFO - DAG(s) dict_keys(['example_nested_branch_dag']) retrieved from /home/airflow/env/lib/python3.8/site-packages/airflow/example_dags/example_nested_branch_dag.py
[2022-03-23 18:37:44,608] {logging_mixin.py:109} INFO - [2022-03-23 18:37:44,608] {dag.py:2396} INFO - Sync 1 DAGs
[2022-03-23 18:37:44,622] {logging_mixin.py:109} INFO - [2022-03-23 18:37:44,622] {dag.py:2935} INFO - Setting next_dagrun for example_nested_branch_dag to 2022-03-22 00:00:00+00:00
[2022-03-23 18:37:44,641] {processor.py:171} INFO - Processing /home/airflow/env/lib/python3.8/site-packages/airflow/example_dags/example_nested_branch_dag.py took 0.075 seconds
[2022-03-23 18:38:19,052] {processor.py:163} INFO - Started process (PID=5484) to work on /home/airflow/env/lib/python3.8/site-packages/airflow/example_dags/example_nested_branch_dag.py
[2022-03-23 18:38:19,058] {processor.py:642} INFO - Processing file /home/airflow/env/lib/python3.8/site-packages/airflow/example_dags/example_nested_branch_dag.py for tasks to queue
[2022-03-23 18:38:19,058] {logging_mixin.py:109} INFO - [2022-03-23 18:38:19,058] {dagbag.py:500} INFO - Filling up the DagBag from /home/airflow/env/lib/python3.8/site-packages/airflow/example_dags/example_nested_branch_dag.py
[2022-03-23 18:38:19,082] {processor.py:654} INFO - DAG(s) dict_keys(['example_nested_branch_dag']) retrieved from /home/airflow/env/lib/python3.8/site-packages/airflow/example_dags/example_nested_branch_dag.py
[2022-03-23 18:38:19,093] {logging_mixin.py:109} INFO - [2022-03-23 18:38:19,093] {dag.py:2396} INFO - Sync 1 DAGs
[2022-03-23 18:38:19,107] {logging_mixin.py:109} INFO - [2022-03-23 18:38:19,107] {dag.py:2935} INFO - Setting next_dagrun for example_nested_branch_dag to 2022-03-22 00:00:00+00:00
[2022-03-23 18:38:19,132] {processor.py:171} INFO - Processing /home/airflow/env/lib/python3.8/site-packages/airflow/example_dags/example_nested_branch_dag.py took 0.083 seconds
[2022-03-23 18:38:51,136] {processor.py:163} INFO - Started process (PID=5513) to work on /home/airflow/env/lib/python3.8/site-packages/airflow/example_dags/example_nested_branch_dag.py
[2022-03-23 18:38:51,138] {processor.py:642} INFO - Processing file /home/airflow/env/lib/python3.8/site-packages/airflow/example_dags/example_nested_branch_dag.py for tasks to queue
[2022-03-23 18:38:51,140] {logging_mixin.py:109} INFO - [2022-03-23 18:38:51,140] {dagbag.py:500} INFO - Filling up the DagBag from /home/airflow/env/lib/python3.8/site-packages/airflow/example_dags/example_nested_branch_dag.py
[2022-03-23 18:38:51,187] {processor.py:654} INFO - DAG(s) dict_keys(['example_nested_branch_dag']) retrieved from /home/airflow/env/lib/python3.8/site-packages/airflow/example_dags/example_nested_branch_dag.py
[2022-03-23 18:38:51,219] {logging_mixin.py:109} INFO - [2022-03-23 18:38:51,218] {dag.py:2396} INFO - Sync 1 DAGs
[2022-03-23 18:38:51,247] {logging_mixin.py:109} INFO - [2022-03-23 18:38:51,247] {dag.py:2935} INFO - Setting next_dagrun for example_nested_branch_dag to 2022-03-22 00:00:00+00:00
[2022-03-23 18:38:51,265] {processor.py:171} INFO - Processing /home/airflow/env/lib/python3.8/site-packages/airflow/example_dags/example_nested_branch_dag.py took 0.132 seconds
[2022-03-23 18:39:29,895] {processor.py:163} INFO - Started process (PID=5598) to work on /home/airflow/env/lib/python3.8/site-packages/airflow/example_dags/example_nested_branch_dag.py
[2022-03-23 18:39:29,897] {processor.py:642} INFO - Processing file /home/airflow/env/lib/python3.8/site-packages/airflow/example_dags/example_nested_branch_dag.py for tasks to queue
[2022-03-23 18:39:29,897] {logging_mixin.py:109} INFO - [2022-03-23 18:39:29,897] {dagbag.py:500} INFO - Filling up the DagBag from /home/airflow/env/lib/python3.8/site-packages/airflow/example_dags/example_nested_branch_dag.py
[2022-03-23 18:39:29,918] {processor.py:654} INFO - DAG(s) dict_keys(['example_nested_branch_dag']) retrieved from /home/airflow/env/lib/python3.8/site-packages/airflow/example_dags/example_nested_branch_dag.py
[2022-03-23 18:39:29,929] {logging_mixin.py:109} INFO - [2022-03-23 18:39:29,928] {dag.py:2396} INFO - Sync 1 DAGs
[2022-03-23 18:39:29,956] {logging_mixin.py:109} INFO - [2022-03-23 18:39:29,956] {dag.py:2935} INFO - Setting next_dagrun for example_nested_branch_dag to 2022-03-22 00:00:00+00:00
[2022-03-23 18:39:29,979] {processor.py:171} INFO - Processing /home/airflow/env/lib/python3.8/site-packages/airflow/example_dags/example_nested_branch_dag.py took 0.087 seconds
[2022-03-23 18:40:06,870] {processor.py:163} INFO - Started process (PID=5721) to work on /home/airflow/env/lib/python3.8/site-packages/airflow/example_dags/example_nested_branch_dag.py
[2022-03-23 18:40:06,872] {processor.py:642} INFO - Processing file /home/airflow/env/lib/python3.8/site-packages/airflow/example_dags/example_nested_branch_dag.py for tasks to queue
[2022-03-23 18:40:06,872] {logging_mixin.py:109} INFO - [2022-03-23 18:40:06,872] {dagbag.py:500} INFO - Filling up the DagBag from /home/airflow/env/lib/python3.8/site-packages/airflow/example_dags/example_nested_branch_dag.py
[2022-03-23 18:40:06,893] {processor.py:654} INFO - DAG(s) dict_keys(['example_nested_branch_dag']) retrieved from /home/airflow/env/lib/python3.8/site-packages/airflow/example_dags/example_nested_branch_dag.py
[2022-03-23 18:40:06,903] {logging_mixin.py:109} INFO - [2022-03-23 18:40:06,903] {dag.py:2396} INFO - Sync 1 DAGs
[2022-03-23 18:40:06,916] {logging_mixin.py:109} INFO - [2022-03-23 18:40:06,916] {dag.py:2935} INFO - Setting next_dagrun for example_nested_branch_dag to 2022-03-22 00:00:00+00:00
[2022-03-23 18:40:06,933] {processor.py:171} INFO - Processing /home/airflow/env/lib/python3.8/site-packages/airflow/example_dags/example_nested_branch_dag.py took 0.065 seconds
[2022-03-23 18:40:40,924] {processor.py:163} INFO - Started process (PID=5888) to work on /home/airflow/env/lib/python3.8/site-packages/airflow/example_dags/example_nested_branch_dag.py
[2022-03-23 18:40:40,926] {processor.py:642} INFO - Processing file /home/airflow/env/lib/python3.8/site-packages/airflow/example_dags/example_nested_branch_dag.py for tasks to queue
[2022-03-23 18:40:40,933] {logging_mixin.py:109} INFO - [2022-03-23 18:40:40,933] {dagbag.py:500} INFO - Filling up the DagBag from /home/airflow/env/lib/python3.8/site-packages/airflow/example_dags/example_nested_branch_dag.py
[2022-03-23 18:40:40,965] {processor.py:654} INFO - DAG(s) dict_keys(['example_nested_branch_dag']) retrieved from /home/airflow/env/lib/python3.8/site-packages/airflow/example_dags/example_nested_branch_dag.py
[2022-03-23 18:40:40,987] {logging_mixin.py:109} INFO - [2022-03-23 18:40:40,986] {dag.py:2396} INFO - Sync 1 DAGs
[2022-03-23 18:40:41,014] {logging_mixin.py:109} INFO - [2022-03-23 18:40:41,014] {dag.py:2935} INFO - Setting next_dagrun for example_nested_branch_dag to 2022-03-22 00:00:00+00:00
[2022-03-23 18:40:41,039] {processor.py:171} INFO - Processing /home/airflow/env/lib/python3.8/site-packages/airflow/example_dags/example_nested_branch_dag.py took 0.118 seconds
[2022-03-23 18:41:15,527] {processor.py:163} INFO - Started process (PID=6016) to work on /home/airflow/env/lib/python3.8/site-packages/airflow/example_dags/example_nested_branch_dag.py
[2022-03-23 18:41:15,534] {processor.py:642} INFO - Processing file /home/airflow/env/lib/python3.8/site-packages/airflow/example_dags/example_nested_branch_dag.py for tasks to queue
[2022-03-23 18:41:15,534] {logging_mixin.py:109} INFO - [2022-03-23 18:41:15,534] {dagbag.py:500} INFO - Filling up the DagBag from /home/airflow/env/lib/python3.8/site-packages/airflow/example_dags/example_nested_branch_dag.py
[2022-03-23 18:41:15,575] {processor.py:654} INFO - DAG(s) dict_keys(['example_nested_branch_dag']) retrieved from /home/airflow/env/lib/python3.8/site-packages/airflow/example_dags/example_nested_branch_dag.py
[2022-03-23 18:41:15,588] {logging_mixin.py:109} INFO - [2022-03-23 18:41:15,588] {dag.py:2396} INFO - Sync 1 DAGs
[2022-03-23 18:41:15,621] {logging_mixin.py:109} INFO - [2022-03-23 18:41:15,621] {dag.py:2935} INFO - Setting next_dagrun for example_nested_branch_dag to 2022-03-22 00:00:00+00:00
[2022-03-23 18:41:15,636] {processor.py:171} INFO - Processing /home/airflow/env/lib/python3.8/site-packages/airflow/example_dags/example_nested_branch_dag.py took 0.116 seconds
[2022-03-23 18:41:49,621] {processor.py:163} INFO - Started process (PID=6164) to work on /home/airflow/env/lib/python3.8/site-packages/airflow/example_dags/example_nested_branch_dag.py
[2022-03-23 18:41:49,638] {processor.py:642} INFO - Processing file /home/airflow/env/lib/python3.8/site-packages/airflow/example_dags/example_nested_branch_dag.py for tasks to queue
[2022-03-23 18:41:49,641] {logging_mixin.py:109} INFO - [2022-03-23 18:41:49,641] {dagbag.py:500} INFO - Filling up the DagBag from /home/airflow/env/lib/python3.8/site-packages/airflow/example_dags/example_nested_branch_dag.py
[2022-03-23 18:41:49,766] {processor.py:654} INFO - DAG(s) dict_keys(['example_nested_branch_dag']) retrieved from /home/airflow/env/lib/python3.8/site-packages/airflow/example_dags/example_nested_branch_dag.py
[2022-03-23 18:41:49,825] {logging_mixin.py:109} INFO - [2022-03-23 18:41:49,825] {dag.py:2396} INFO - Sync 1 DAGs
[2022-03-23 18:41:49,900] {logging_mixin.py:109} INFO - [2022-03-23 18:41:49,900] {dag.py:2935} INFO - Setting next_dagrun for example_nested_branch_dag to 2022-03-22 00:00:00+00:00
[2022-03-23 18:41:49,941] {processor.py:171} INFO - Processing /home/airflow/env/lib/python3.8/site-packages/airflow/example_dags/example_nested_branch_dag.py took 0.323 seconds
[2022-03-23 18:42:23,520] {processor.py:163} INFO - Started process (PID=6316) to work on /home/airflow/env/lib/python3.8/site-packages/airflow/example_dags/example_nested_branch_dag.py
[2022-03-23 18:42:23,522] {processor.py:642} INFO - Processing file /home/airflow/env/lib/python3.8/site-packages/airflow/example_dags/example_nested_branch_dag.py for tasks to queue
[2022-03-23 18:42:23,523] {logging_mixin.py:109} INFO - [2022-03-23 18:42:23,523] {dagbag.py:500} INFO - Filling up the DagBag from /home/airflow/env/lib/python3.8/site-packages/airflow/example_dags/example_nested_branch_dag.py
[2022-03-23 18:42:23,553] {processor.py:654} INFO - DAG(s) dict_keys(['example_nested_branch_dag']) retrieved from /home/airflow/env/lib/python3.8/site-packages/airflow/example_dags/example_nested_branch_dag.py
[2022-03-23 18:42:23,572] {logging_mixin.py:109} INFO - [2022-03-23 18:42:23,572] {dag.py:2396} INFO - Sync 1 DAGs
[2022-03-23 18:42:23,608] {logging_mixin.py:109} INFO - [2022-03-23 18:42:23,608] {dag.py:2935} INFO - Setting next_dagrun for example_nested_branch_dag to 2022-03-22 00:00:00+00:00
[2022-03-23 18:42:23,635] {processor.py:171} INFO - Processing /home/airflow/env/lib/python3.8/site-packages/airflow/example_dags/example_nested_branch_dag.py took 0.119 seconds
[2022-03-23 18:42:57,194] {processor.py:163} INFO - Started process (PID=6438) to work on /home/airflow/env/lib/python3.8/site-packages/airflow/example_dags/example_nested_branch_dag.py
[2022-03-23 18:42:57,196] {processor.py:642} INFO - Processing file /home/airflow/env/lib/python3.8/site-packages/airflow/example_dags/example_nested_branch_dag.py for tasks to queue
[2022-03-23 18:42:57,196] {logging_mixin.py:109} INFO - [2022-03-23 18:42:57,196] {dagbag.py:500} INFO - Filling up the DagBag from /home/airflow/env/lib/python3.8/site-packages/airflow/example_dags/example_nested_branch_dag.py
[2022-03-23 18:42:57,221] {processor.py:654} INFO - DAG(s) dict_keys(['example_nested_branch_dag']) retrieved from /home/airflow/env/lib/python3.8/site-packages/airflow/example_dags/example_nested_branch_dag.py
[2022-03-23 18:42:57,232] {logging_mixin.py:109} INFO - [2022-03-23 18:42:57,232] {dag.py:2396} INFO - Sync 1 DAGs
[2022-03-23 18:42:57,249] {logging_mixin.py:109} INFO - [2022-03-23 18:42:57,249] {dag.py:2935} INFO - Setting next_dagrun for example_nested_branch_dag to 2022-03-22 00:00:00+00:00
[2022-03-23 18:42:57,263] {processor.py:171} INFO - Processing /home/airflow/env/lib/python3.8/site-packages/airflow/example_dags/example_nested_branch_dag.py took 0.072 seconds
[2022-03-23 18:43:29,817] {processor.py:163} INFO - Started process (PID=6472) to work on /home/airflow/env/lib/python3.8/site-packages/airflow/example_dags/example_nested_branch_dag.py
[2022-03-23 18:43:29,819] {processor.py:642} INFO - Processing file /home/airflow/env/lib/python3.8/site-packages/airflow/example_dags/example_nested_branch_dag.py for tasks to queue
[2022-03-23 18:43:29,819] {logging_mixin.py:109} INFO - [2022-03-23 18:43:29,819] {dagbag.py:500} INFO - Filling up the DagBag from /home/airflow/env/lib/python3.8/site-packages/airflow/example_dags/example_nested_branch_dag.py
[2022-03-23 18:43:29,837] {processor.py:654} INFO - DAG(s) dict_keys(['example_nested_branch_dag']) retrieved from /home/airflow/env/lib/python3.8/site-packages/airflow/example_dags/example_nested_branch_dag.py
[2022-03-23 18:43:29,847] {logging_mixin.py:109} INFO - [2022-03-23 18:43:29,846] {dag.py:2396} INFO - Sync 1 DAGs
[2022-03-23 18:43:29,859] {logging_mixin.py:109} INFO - [2022-03-23 18:43:29,859] {dag.py:2935} INFO - Setting next_dagrun for example_nested_branch_dag to 2022-03-22 00:00:00+00:00
[2022-03-23 18:43:29,877] {processor.py:171} INFO - Processing /home/airflow/env/lib/python3.8/site-packages/airflow/example_dags/example_nested_branch_dag.py took 0.062 seconds
[2022-03-23 18:44:05,652] {processor.py:163} INFO - Started process (PID=6505) to work on /home/airflow/env/lib/python3.8/site-packages/airflow/example_dags/example_nested_branch_dag.py
[2022-03-23 18:44:05,655] {processor.py:642} INFO - Processing file /home/airflow/env/lib/python3.8/site-packages/airflow/example_dags/example_nested_branch_dag.py for tasks to queue
[2022-03-23 18:44:05,658] {logging_mixin.py:109} INFO - [2022-03-23 18:44:05,658] {dagbag.py:500} INFO - Filling up the DagBag from /home/airflow/env/lib/python3.8/site-packages/airflow/example_dags/example_nested_branch_dag.py
[2022-03-23 18:44:05,697] {processor.py:654} INFO - DAG(s) dict_keys(['example_nested_branch_dag']) retrieved from /home/airflow/env/lib/python3.8/site-packages/airflow/example_dags/example_nested_branch_dag.py
[2022-03-23 18:44:05,715] {logging_mixin.py:109} INFO - [2022-03-23 18:44:05,715] {dag.py:2396} INFO - Sync 1 DAGs
[2022-03-23 18:44:05,742] {logging_mixin.py:109} INFO - [2022-03-23 18:44:05,742] {dag.py:2935} INFO - Setting next_dagrun for example_nested_branch_dag to 2022-03-22 00:00:00+00:00
[2022-03-23 18:44:05,767] {processor.py:171} INFO - Processing /home/airflow/env/lib/python3.8/site-packages/airflow/example_dags/example_nested_branch_dag.py took 0.121 seconds
[2022-03-23 18:44:36,059] {processor.py:163} INFO - Started process (PID=6533) to work on /home/airflow/env/lib/python3.8/site-packages/airflow/example_dags/example_nested_branch_dag.py
[2022-03-23 18:44:36,060] {processor.py:642} INFO - Processing file /home/airflow/env/lib/python3.8/site-packages/airflow/example_dags/example_nested_branch_dag.py for tasks to queue
[2022-03-23 18:44:36,061] {logging_mixin.py:109} INFO - [2022-03-23 18:44:36,061] {dagbag.py:500} INFO - Filling up the DagBag from /home/airflow/env/lib/python3.8/site-packages/airflow/example_dags/example_nested_branch_dag.py
[2022-03-23 18:44:36,091] {processor.py:654} INFO - DAG(s) dict_keys(['example_nested_branch_dag']) retrieved from /home/airflow/env/lib/python3.8/site-packages/airflow/example_dags/example_nested_branch_dag.py
[2022-03-23 18:44:36,104] {logging_mixin.py:109} INFO - [2022-03-23 18:44:36,104] {dag.py:2396} INFO - Sync 1 DAGs
[2022-03-23 18:44:36,122] {logging_mixin.py:109} INFO - [2022-03-23 18:44:36,122] {dag.py:2935} INFO - Setting next_dagrun for example_nested_branch_dag to 2022-03-22 00:00:00+00:00
[2022-03-23 18:44:36,142] {processor.py:171} INFO - Processing /home/airflow/env/lib/python3.8/site-packages/airflow/example_dags/example_nested_branch_dag.py took 0.086 seconds
[2022-03-23 18:45:06,315] {processor.py:163} INFO - Started process (PID=6561) to work on /home/airflow/env/lib/python3.8/site-packages/airflow/example_dags/example_nested_branch_dag.py
[2022-03-23 18:45:06,317] {processor.py:642} INFO - Processing file /home/airflow/env/lib/python3.8/site-packages/airflow/example_dags/example_nested_branch_dag.py for tasks to queue
[2022-03-23 18:45:06,318] {logging_mixin.py:109} INFO - [2022-03-23 18:45:06,318] {dagbag.py:500} INFO - Filling up the DagBag from /home/airflow/env/lib/python3.8/site-packages/airflow/example_dags/example_nested_branch_dag.py
[2022-03-23 18:45:06,346] {processor.py:654} INFO - DAG(s) dict_keys(['example_nested_branch_dag']) retrieved from /home/airflow/env/lib/python3.8/site-packages/airflow/example_dags/example_nested_branch_dag.py
[2022-03-23 18:45:06,362] {logging_mixin.py:109} INFO - [2022-03-23 18:45:06,362] {dag.py:2396} INFO - Sync 1 DAGs
[2022-03-23 18:45:06,384] {logging_mixin.py:109} INFO - [2022-03-23 18:45:06,384] {dag.py:2935} INFO - Setting next_dagrun for example_nested_branch_dag to 2022-03-22 00:00:00+00:00
[2022-03-23 18:45:06,409] {processor.py:171} INFO - Processing /home/airflow/env/lib/python3.8/site-packages/airflow/example_dags/example_nested_branch_dag.py took 0.096 seconds
[2022-03-23 18:45:37,764] {processor.py:163} INFO - Started process (PID=6644) to work on /home/airflow/env/lib/python3.8/site-packages/airflow/example_dags/example_nested_branch_dag.py
[2022-03-23 18:45:37,766] {processor.py:642} INFO - Processing file /home/airflow/env/lib/python3.8/site-packages/airflow/example_dags/example_nested_branch_dag.py for tasks to queue
[2022-03-23 18:45:37,767] {logging_mixin.py:109} INFO - [2022-03-23 18:45:37,766] {dagbag.py:500} INFO - Filling up the DagBag from /home/airflow/env/lib/python3.8/site-packages/airflow/example_dags/example_nested_branch_dag.py
[2022-03-23 18:45:37,788] {processor.py:654} INFO - DAG(s) dict_keys(['example_nested_branch_dag']) retrieved from /home/airflow/env/lib/python3.8/site-packages/airflow/example_dags/example_nested_branch_dag.py
[2022-03-23 18:45:37,797] {logging_mixin.py:109} INFO - [2022-03-23 18:45:37,797] {dag.py:2396} INFO - Sync 1 DAGs
[2022-03-23 18:45:37,811] {logging_mixin.py:109} INFO - [2022-03-23 18:45:37,811] {dag.py:2935} INFO - Setting next_dagrun for example_nested_branch_dag to 2022-03-22 00:00:00+00:00
[2022-03-23 18:45:37,829] {processor.py:171} INFO - Processing /home/airflow/env/lib/python3.8/site-packages/airflow/example_dags/example_nested_branch_dag.py took 0.068 seconds
[2022-03-23 18:46:09,516] {processor.py:163} INFO - Started process (PID=6675) to work on /home/airflow/env/lib/python3.8/site-packages/airflow/example_dags/example_nested_branch_dag.py
[2022-03-23 18:46:09,517] {processor.py:642} INFO - Processing file /home/airflow/env/lib/python3.8/site-packages/airflow/example_dags/example_nested_branch_dag.py for tasks to queue
[2022-03-23 18:46:09,518] {logging_mixin.py:109} INFO - [2022-03-23 18:46:09,518] {dagbag.py:500} INFO - Filling up the DagBag from /home/airflow/env/lib/python3.8/site-packages/airflow/example_dags/example_nested_branch_dag.py
[2022-03-23 18:46:09,540] {processor.py:654} INFO - DAG(s) dict_keys(['example_nested_branch_dag']) retrieved from /home/airflow/env/lib/python3.8/site-packages/airflow/example_dags/example_nested_branch_dag.py
[2022-03-23 18:46:09,550] {logging_mixin.py:109} INFO - [2022-03-23 18:46:09,550] {dag.py:2396} INFO - Sync 1 DAGs
[2022-03-23 18:46:09,563] {logging_mixin.py:109} INFO - [2022-03-23 18:46:09,563] {dag.py:2935} INFO - Setting next_dagrun for example_nested_branch_dag to 2022-03-22 00:00:00+00:00
[2022-03-23 18:46:09,577] {processor.py:171} INFO - Processing /home/airflow/env/lib/python3.8/site-packages/airflow/example_dags/example_nested_branch_dag.py took 0.065 seconds
[2022-03-23 18:46:42,303] {processor.py:163} INFO - Started process (PID=6708) to work on /home/airflow/env/lib/python3.8/site-packages/airflow/example_dags/example_nested_branch_dag.py
[2022-03-23 18:46:42,304] {processor.py:642} INFO - Processing file /home/airflow/env/lib/python3.8/site-packages/airflow/example_dags/example_nested_branch_dag.py for tasks to queue
[2022-03-23 18:46:42,305] {logging_mixin.py:109} INFO - [2022-03-23 18:46:42,305] {dagbag.py:500} INFO - Filling up the DagBag from /home/airflow/env/lib/python3.8/site-packages/airflow/example_dags/example_nested_branch_dag.py
[2022-03-23 18:46:42,324] {processor.py:654} INFO - DAG(s) dict_keys(['example_nested_branch_dag']) retrieved from /home/airflow/env/lib/python3.8/site-packages/airflow/example_dags/example_nested_branch_dag.py
[2022-03-23 18:46:42,334] {logging_mixin.py:109} INFO - [2022-03-23 18:46:42,334] {dag.py:2396} INFO - Sync 1 DAGs
[2022-03-23 18:46:42,346] {logging_mixin.py:109} INFO - [2022-03-23 18:46:42,345] {dag.py:2935} INFO - Setting next_dagrun for example_nested_branch_dag to 2022-03-22 00:00:00+00:00
[2022-03-23 18:46:42,363] {processor.py:171} INFO - Processing /home/airflow/env/lib/python3.8/site-packages/airflow/example_dags/example_nested_branch_dag.py took 0.063 seconds
[2022-03-23 18:47:13,833] {processor.py:163} INFO - Started process (PID=6737) to work on /home/airflow/env/lib/python3.8/site-packages/airflow/example_dags/example_nested_branch_dag.py
[2022-03-23 18:47:13,834] {processor.py:642} INFO - Processing file /home/airflow/env/lib/python3.8/site-packages/airflow/example_dags/example_nested_branch_dag.py for tasks to queue
[2022-03-23 18:47:13,835] {logging_mixin.py:109} INFO - [2022-03-23 18:47:13,835] {dagbag.py:500} INFO - Filling up the DagBag from /home/airflow/env/lib/python3.8/site-packages/airflow/example_dags/example_nested_branch_dag.py
[2022-03-23 18:47:13,854] {processor.py:654} INFO - DAG(s) dict_keys(['example_nested_branch_dag']) retrieved from /home/airflow/env/lib/python3.8/site-packages/airflow/example_dags/example_nested_branch_dag.py
[2022-03-23 18:47:13,865] {logging_mixin.py:109} INFO - [2022-03-23 18:47:13,865] {dag.py:2396} INFO - Sync 1 DAGs
[2022-03-23 18:47:13,877] {logging_mixin.py:109} INFO - [2022-03-23 18:47:13,877] {dag.py:2935} INFO - Setting next_dagrun for example_nested_branch_dag to 2022-03-22 00:00:00+00:00
[2022-03-23 18:47:13,899] {processor.py:171} INFO - Processing /home/airflow/env/lib/python3.8/site-packages/airflow/example_dags/example_nested_branch_dag.py took 0.069 seconds
[2022-03-23 18:47:46,198] {processor.py:163} INFO - Started process (PID=6766) to work on /home/airflow/env/lib/python3.8/site-packages/airflow/example_dags/example_nested_branch_dag.py
[2022-03-23 18:47:46,204] {processor.py:642} INFO - Processing file /home/airflow/env/lib/python3.8/site-packages/airflow/example_dags/example_nested_branch_dag.py for tasks to queue
[2022-03-23 18:47:46,205] {logging_mixin.py:109} INFO - [2022-03-23 18:47:46,205] {dagbag.py:500} INFO - Filling up the DagBag from /home/airflow/env/lib/python3.8/site-packages/airflow/example_dags/example_nested_branch_dag.py
[2022-03-23 18:47:46,224] {processor.py:654} INFO - DAG(s) dict_keys(['example_nested_branch_dag']) retrieved from /home/airflow/env/lib/python3.8/site-packages/airflow/example_dags/example_nested_branch_dag.py
[2022-03-23 18:47:46,235] {logging_mixin.py:109} INFO - [2022-03-23 18:47:46,235] {dag.py:2396} INFO - Sync 1 DAGs
[2022-03-23 18:47:46,248] {logging_mixin.py:109} INFO - [2022-03-23 18:47:46,248] {dag.py:2935} INFO - Setting next_dagrun for example_nested_branch_dag to 2022-03-22 00:00:00+00:00
[2022-03-23 18:47:46,261] {processor.py:171} INFO - Processing /home/airflow/env/lib/python3.8/site-packages/airflow/example_dags/example_nested_branch_dag.py took 0.066 seconds
[2022-03-23 18:48:23,559] {processor.py:163} INFO - Started process (PID=6801) to work on /home/airflow/env/lib/python3.8/site-packages/airflow/example_dags/example_nested_branch_dag.py
[2022-03-23 18:48:23,560] {processor.py:642} INFO - Processing file /home/airflow/env/lib/python3.8/site-packages/airflow/example_dags/example_nested_branch_dag.py for tasks to queue
[2022-03-23 18:48:23,561] {logging_mixin.py:109} INFO - [2022-03-23 18:48:23,561] {dagbag.py:500} INFO - Filling up the DagBag from /home/airflow/env/lib/python3.8/site-packages/airflow/example_dags/example_nested_branch_dag.py
[2022-03-23 18:48:23,582] {processor.py:654} INFO - DAG(s) dict_keys(['example_nested_branch_dag']) retrieved from /home/airflow/env/lib/python3.8/site-packages/airflow/example_dags/example_nested_branch_dag.py
[2022-03-23 18:48:23,593] {logging_mixin.py:109} INFO - [2022-03-23 18:48:23,593] {dag.py:2396} INFO - Sync 1 DAGs
[2022-03-23 18:48:23,607] {logging_mixin.py:109} INFO - [2022-03-23 18:48:23,606] {dag.py:2935} INFO - Setting next_dagrun for example_nested_branch_dag to 2022-03-22 00:00:00+00:00
[2022-03-23 18:48:23,624] {processor.py:171} INFO - Processing /home/airflow/env/lib/python3.8/site-packages/airflow/example_dags/example_nested_branch_dag.py took 0.068 seconds
[2022-03-23 18:48:53,864] {processor.py:163} INFO - Started process (PID=6831) to work on /home/airflow/env/lib/python3.8/site-packages/airflow/example_dags/example_nested_branch_dag.py
[2022-03-23 18:48:53,866] {processor.py:642} INFO - Processing file /home/airflow/env/lib/python3.8/site-packages/airflow/example_dags/example_nested_branch_dag.py for tasks to queue
[2022-03-23 18:48:53,867] {logging_mixin.py:109} INFO - [2022-03-23 18:48:53,867] {dagbag.py:500} INFO - Filling up the DagBag from /home/airflow/env/lib/python3.8/site-packages/airflow/example_dags/example_nested_branch_dag.py
[2022-03-23 18:48:53,895] {processor.py:654} INFO - DAG(s) dict_keys(['example_nested_branch_dag']) retrieved from /home/airflow/env/lib/python3.8/site-packages/airflow/example_dags/example_nested_branch_dag.py
[2022-03-23 18:48:53,908] {logging_mixin.py:109} INFO - [2022-03-23 18:48:53,907] {dag.py:2396} INFO - Sync 1 DAGs
[2022-03-23 18:48:53,926] {logging_mixin.py:109} INFO - [2022-03-23 18:48:53,926] {dag.py:2935} INFO - Setting next_dagrun for example_nested_branch_dag to 2022-03-22 00:00:00+00:00
[2022-03-23 18:48:53,944] {processor.py:171} INFO - Processing /home/airflow/env/lib/python3.8/site-packages/airflow/example_dags/example_nested_branch_dag.py took 0.083 seconds
[2022-03-23 18:49:24,171] {processor.py:163} INFO - Started process (PID=6922) to work on /home/airflow/env/lib/python3.8/site-packages/airflow/example_dags/example_nested_branch_dag.py
[2022-03-23 18:49:24,178] {processor.py:642} INFO - Processing file /home/airflow/env/lib/python3.8/site-packages/airflow/example_dags/example_nested_branch_dag.py for tasks to queue
[2022-03-23 18:49:24,179] {logging_mixin.py:109} INFO - [2022-03-23 18:49:24,179] {dagbag.py:500} INFO - Filling up the DagBag from /home/airflow/env/lib/python3.8/site-packages/airflow/example_dags/example_nested_branch_dag.py
[2022-03-23 18:49:24,198] {processor.py:654} INFO - DAG(s) dict_keys(['example_nested_branch_dag']) retrieved from /home/airflow/env/lib/python3.8/site-packages/airflow/example_dags/example_nested_branch_dag.py
[2022-03-23 18:49:24,207] {logging_mixin.py:109} INFO - [2022-03-23 18:49:24,207] {dag.py:2396} INFO - Sync 1 DAGs
[2022-03-23 18:49:24,218] {logging_mixin.py:109} INFO - [2022-03-23 18:49:24,218] {dag.py:2935} INFO - Setting next_dagrun for example_nested_branch_dag to 2022-03-22 00:00:00+00:00
[2022-03-23 18:49:24,231] {processor.py:171} INFO - Processing /home/airflow/env/lib/python3.8/site-packages/airflow/example_dags/example_nested_branch_dag.py took 0.062 seconds
[2022-03-23 18:49:56,438] {processor.py:163} INFO - Started process (PID=7013) to work on /home/airflow/env/lib/python3.8/site-packages/airflow/example_dags/example_nested_branch_dag.py
[2022-03-23 18:49:56,439] {processor.py:642} INFO - Processing file /home/airflow/env/lib/python3.8/site-packages/airflow/example_dags/example_nested_branch_dag.py for tasks to queue
[2022-03-23 18:49:56,440] {logging_mixin.py:109} INFO - [2022-03-23 18:49:56,440] {dagbag.py:500} INFO - Filling up the DagBag from /home/airflow/env/lib/python3.8/site-packages/airflow/example_dags/example_nested_branch_dag.py
[2022-03-23 18:49:56,461] {processor.py:654} INFO - DAG(s) dict_keys(['example_nested_branch_dag']) retrieved from /home/airflow/env/lib/python3.8/site-packages/airflow/example_dags/example_nested_branch_dag.py
[2022-03-23 18:49:56,474] {logging_mixin.py:109} INFO - [2022-03-23 18:49:56,474] {dag.py:2396} INFO - Sync 1 DAGs
[2022-03-23 18:49:56,488] {logging_mixin.py:109} INFO - [2022-03-23 18:49:56,488] {dag.py:2935} INFO - Setting next_dagrun for example_nested_branch_dag to 2022-03-22 00:00:00+00:00
[2022-03-23 18:49:56,505] {processor.py:171} INFO - Processing /home/airflow/env/lib/python3.8/site-packages/airflow/example_dags/example_nested_branch_dag.py took 0.070 seconds
[2022-03-23 18:50:27,408] {processor.py:163} INFO - Started process (PID=7043) to work on /home/airflow/env/lib/python3.8/site-packages/airflow/example_dags/example_nested_branch_dag.py
[2022-03-23 18:50:27,410] {processor.py:642} INFO - Processing file /home/airflow/env/lib/python3.8/site-packages/airflow/example_dags/example_nested_branch_dag.py for tasks to queue
[2022-03-23 18:50:27,410] {logging_mixin.py:109} INFO - [2022-03-23 18:50:27,410] {dagbag.py:500} INFO - Filling up the DagBag from /home/airflow/env/lib/python3.8/site-packages/airflow/example_dags/example_nested_branch_dag.py
[2022-03-23 18:50:27,430] {processor.py:654} INFO - DAG(s) dict_keys(['example_nested_branch_dag']) retrieved from /home/airflow/env/lib/python3.8/site-packages/airflow/example_dags/example_nested_branch_dag.py
[2022-03-23 18:50:27,438] {logging_mixin.py:109} INFO - [2022-03-23 18:50:27,438] {dag.py:2396} INFO - Sync 1 DAGs
[2022-03-23 18:50:27,450] {logging_mixin.py:109} INFO - [2022-03-23 18:50:27,450] {dag.py:2935} INFO - Setting next_dagrun for example_nested_branch_dag to 2022-03-22 00:00:00+00:00
[2022-03-23 18:50:27,467] {processor.py:171} INFO - Processing /home/airflow/env/lib/python3.8/site-packages/airflow/example_dags/example_nested_branch_dag.py took 0.062 seconds
[2022-03-23 18:50:59,939] {processor.py:163} INFO - Started process (PID=7129) to work on /home/airflow/env/lib/python3.8/site-packages/airflow/example_dags/example_nested_branch_dag.py
[2022-03-23 18:50:59,940] {processor.py:642} INFO - Processing file /home/airflow/env/lib/python3.8/site-packages/airflow/example_dags/example_nested_branch_dag.py for tasks to queue
[2022-03-23 18:50:59,941] {logging_mixin.py:109} INFO - [2022-03-23 18:50:59,940] {dagbag.py:500} INFO - Filling up the DagBag from /home/airflow/env/lib/python3.8/site-packages/airflow/example_dags/example_nested_branch_dag.py
[2022-03-23 18:50:59,959] {processor.py:654} INFO - DAG(s) dict_keys(['example_nested_branch_dag']) retrieved from /home/airflow/env/lib/python3.8/site-packages/airflow/example_dags/example_nested_branch_dag.py
[2022-03-23 18:50:59,968] {logging_mixin.py:109} INFO - [2022-03-23 18:50:59,968] {dag.py:2396} INFO - Sync 1 DAGs
[2022-03-23 18:50:59,980] {logging_mixin.py:109} INFO - [2022-03-23 18:50:59,980] {dag.py:2935} INFO - Setting next_dagrun for example_nested_branch_dag to 2022-03-22 00:00:00+00:00
[2022-03-23 18:50:59,998] {processor.py:171} INFO - Processing /home/airflow/env/lib/python3.8/site-packages/airflow/example_dags/example_nested_branch_dag.py took 0.066 seconds
[2022-03-23 18:51:32,503] {processor.py:163} INFO - Started process (PID=7161) to work on /home/airflow/env/lib/python3.8/site-packages/airflow/example_dags/example_nested_branch_dag.py
[2022-03-23 18:51:32,505] {processor.py:642} INFO - Processing file /home/airflow/env/lib/python3.8/site-packages/airflow/example_dags/example_nested_branch_dag.py for tasks to queue
[2022-03-23 18:51:32,505] {logging_mixin.py:109} INFO - [2022-03-23 18:51:32,505] {dagbag.py:500} INFO - Filling up the DagBag from /home/airflow/env/lib/python3.8/site-packages/airflow/example_dags/example_nested_branch_dag.py
[2022-03-23 18:51:32,528] {processor.py:654} INFO - DAG(s) dict_keys(['example_nested_branch_dag']) retrieved from /home/airflow/env/lib/python3.8/site-packages/airflow/example_dags/example_nested_branch_dag.py
[2022-03-23 18:51:32,540] {logging_mixin.py:109} INFO - [2022-03-23 18:51:32,539] {dag.py:2396} INFO - Sync 1 DAGs
[2022-03-23 18:51:32,554] {logging_mixin.py:109} INFO - [2022-03-23 18:51:32,554] {dag.py:2935} INFO - Setting next_dagrun for example_nested_branch_dag to 2022-03-22 00:00:00+00:00
[2022-03-23 18:51:32,566] {processor.py:171} INFO - Processing /home/airflow/env/lib/python3.8/site-packages/airflow/example_dags/example_nested_branch_dag.py took 0.065 seconds
[2022-03-23 18:52:04,614] {processor.py:163} INFO - Started process (PID=7192) to work on /home/airflow/env/lib/python3.8/site-packages/airflow/example_dags/example_nested_branch_dag.py
[2022-03-23 18:52:04,615] {processor.py:642} INFO - Processing file /home/airflow/env/lib/python3.8/site-packages/airflow/example_dags/example_nested_branch_dag.py for tasks to queue
[2022-03-23 18:52:04,616] {logging_mixin.py:109} INFO - [2022-03-23 18:52:04,616] {dagbag.py:500} INFO - Filling up the DagBag from /home/airflow/env/lib/python3.8/site-packages/airflow/example_dags/example_nested_branch_dag.py
[2022-03-23 18:52:04,639] {processor.py:654} INFO - DAG(s) dict_keys(['example_nested_branch_dag']) retrieved from /home/airflow/env/lib/python3.8/site-packages/airflow/example_dags/example_nested_branch_dag.py
[2022-03-23 18:52:04,653] {logging_mixin.py:109} INFO - [2022-03-23 18:52:04,653] {dag.py:2396} INFO - Sync 1 DAGs
[2022-03-23 18:52:04,669] {logging_mixin.py:109} INFO - [2022-03-23 18:52:04,669] {dag.py:2935} INFO - Setting next_dagrun for example_nested_branch_dag to 2022-03-22 00:00:00+00:00
[2022-03-23 18:52:04,687] {processor.py:171} INFO - Processing /home/airflow/env/lib/python3.8/site-packages/airflow/example_dags/example_nested_branch_dag.py took 0.077 seconds
[2022-03-23 18:52:35,806] {processor.py:163} INFO - Started process (PID=7223) to work on /home/airflow/env/lib/python3.8/site-packages/airflow/example_dags/example_nested_branch_dag.py
[2022-03-23 18:52:35,813] {processor.py:642} INFO - Processing file /home/airflow/env/lib/python3.8/site-packages/airflow/example_dags/example_nested_branch_dag.py for tasks to queue
[2022-03-23 18:52:35,814] {logging_mixin.py:109} INFO - [2022-03-23 18:52:35,813] {dagbag.py:500} INFO - Filling up the DagBag from /home/airflow/env/lib/python3.8/site-packages/airflow/example_dags/example_nested_branch_dag.py
[2022-03-23 18:52:35,838] {processor.py:654} INFO - DAG(s) dict_keys(['example_nested_branch_dag']) retrieved from /home/airflow/env/lib/python3.8/site-packages/airflow/example_dags/example_nested_branch_dag.py
[2022-03-23 18:52:35,848] {logging_mixin.py:109} INFO - [2022-03-23 18:52:35,848] {dag.py:2396} INFO - Sync 1 DAGs
[2022-03-23 18:52:35,859] {logging_mixin.py:109} INFO - [2022-03-23 18:52:35,859] {dag.py:2935} INFO - Setting next_dagrun for example_nested_branch_dag to 2022-03-22 00:00:00+00:00
[2022-03-23 18:52:35,871] {processor.py:171} INFO - Processing /home/airflow/env/lib/python3.8/site-packages/airflow/example_dags/example_nested_branch_dag.py took 0.069 seconds
[2022-03-23 18:53:07,716] {processor.py:163} INFO - Started process (PID=7255) to work on /home/airflow/env/lib/python3.8/site-packages/airflow/example_dags/example_nested_branch_dag.py
[2022-03-23 18:53:07,717] {processor.py:642} INFO - Processing file /home/airflow/env/lib/python3.8/site-packages/airflow/example_dags/example_nested_branch_dag.py for tasks to queue
[2022-03-23 18:53:07,717] {logging_mixin.py:109} INFO - [2022-03-23 18:53:07,717] {dagbag.py:500} INFO - Filling up the DagBag from /home/airflow/env/lib/python3.8/site-packages/airflow/example_dags/example_nested_branch_dag.py
[2022-03-23 18:53:07,736] {processor.py:654} INFO - DAG(s) dict_keys(['example_nested_branch_dag']) retrieved from /home/airflow/env/lib/python3.8/site-packages/airflow/example_dags/example_nested_branch_dag.py
[2022-03-23 18:53:07,747] {logging_mixin.py:109} INFO - [2022-03-23 18:53:07,747] {dag.py:2396} INFO - Sync 1 DAGs
[2022-03-23 18:53:07,759] {logging_mixin.py:109} INFO - [2022-03-23 18:53:07,758] {dag.py:2935} INFO - Setting next_dagrun for example_nested_branch_dag to 2022-03-22 00:00:00+00:00
[2022-03-23 18:53:07,777] {processor.py:171} INFO - Processing /home/airflow/env/lib/python3.8/site-packages/airflow/example_dags/example_nested_branch_dag.py took 0.064 seconds
[2022-03-23 18:53:38,191] {processor.py:163} INFO - Started process (PID=7284) to work on /home/airflow/env/lib/python3.8/site-packages/airflow/example_dags/example_nested_branch_dag.py
[2022-03-23 18:53:38,192] {processor.py:642} INFO - Processing file /home/airflow/env/lib/python3.8/site-packages/airflow/example_dags/example_nested_branch_dag.py for tasks to queue
[2022-03-23 18:53:38,193] {logging_mixin.py:109} INFO - [2022-03-23 18:53:38,193] {dagbag.py:500} INFO - Filling up the DagBag from /home/airflow/env/lib/python3.8/site-packages/airflow/example_dags/example_nested_branch_dag.py
[2022-03-23 18:53:38,213] {processor.py:654} INFO - DAG(s) dict_keys(['example_nested_branch_dag']) retrieved from /home/airflow/env/lib/python3.8/site-packages/airflow/example_dags/example_nested_branch_dag.py
[2022-03-23 18:53:38,223] {logging_mixin.py:109} INFO - [2022-03-23 18:53:38,223] {dag.py:2396} INFO - Sync 1 DAGs
[2022-03-23 18:53:38,234] {logging_mixin.py:109} INFO - [2022-03-23 18:53:38,234] {dag.py:2935} INFO - Setting next_dagrun for example_nested_branch_dag to 2022-03-22 00:00:00+00:00
[2022-03-23 18:53:38,249] {processor.py:171} INFO - Processing /home/airflow/env/lib/python3.8/site-packages/airflow/example_dags/example_nested_branch_dag.py took 0.061 seconds
[2022-03-23 18:54:09,374] {processor.py:163} INFO - Started process (PID=7314) to work on /home/airflow/env/lib/python3.8/site-packages/airflow/example_dags/example_nested_branch_dag.py
[2022-03-23 18:54:09,375] {processor.py:642} INFO - Processing file /home/airflow/env/lib/python3.8/site-packages/airflow/example_dags/example_nested_branch_dag.py for tasks to queue
[2022-03-23 18:54:09,376] {logging_mixin.py:109} INFO - [2022-03-23 18:54:09,376] {dagbag.py:500} INFO - Filling up the DagBag from /home/airflow/env/lib/python3.8/site-packages/airflow/example_dags/example_nested_branch_dag.py
[2022-03-23 18:54:09,394] {processor.py:654} INFO - DAG(s) dict_keys(['example_nested_branch_dag']) retrieved from /home/airflow/env/lib/python3.8/site-packages/airflow/example_dags/example_nested_branch_dag.py
[2022-03-23 18:54:09,403] {logging_mixin.py:109} INFO - [2022-03-23 18:54:09,403] {dag.py:2396} INFO - Sync 1 DAGs
[2022-03-23 18:54:09,416] {logging_mixin.py:109} INFO - [2022-03-23 18:54:09,416] {dag.py:2935} INFO - Setting next_dagrun for example_nested_branch_dag to 2022-03-22 00:00:00+00:00
[2022-03-23 18:54:09,433] {processor.py:171} INFO - Processing /home/airflow/env/lib/python3.8/site-packages/airflow/example_dags/example_nested_branch_dag.py took 0.061 seconds
[2022-03-23 18:54:40,824] {processor.py:163} INFO - Started process (PID=7344) to work on /home/airflow/env/lib/python3.8/site-packages/airflow/example_dags/example_nested_branch_dag.py
[2022-03-23 18:54:40,825] {processor.py:642} INFO - Processing file /home/airflow/env/lib/python3.8/site-packages/airflow/example_dags/example_nested_branch_dag.py for tasks to queue
[2022-03-23 18:54:40,825] {logging_mixin.py:109} INFO - [2022-03-23 18:54:40,825] {dagbag.py:500} INFO - Filling up the DagBag from /home/airflow/env/lib/python3.8/site-packages/airflow/example_dags/example_nested_branch_dag.py
[2022-03-23 18:54:40,845] {processor.py:654} INFO - DAG(s) dict_keys(['example_nested_branch_dag']) retrieved from /home/airflow/env/lib/python3.8/site-packages/airflow/example_dags/example_nested_branch_dag.py
[2022-03-23 18:54:40,855] {logging_mixin.py:109} INFO - [2022-03-23 18:54:40,855] {dag.py:2396} INFO - Sync 1 DAGs
[2022-03-23 18:54:40,868] {logging_mixin.py:109} INFO - [2022-03-23 18:54:40,868] {dag.py:2935} INFO - Setting next_dagrun for example_nested_branch_dag to 2022-03-22 00:00:00+00:00
[2022-03-23 18:54:40,887] {processor.py:171} INFO - Processing /home/airflow/env/lib/python3.8/site-packages/airflow/example_dags/example_nested_branch_dag.py took 0.066 seconds
[2022-03-23 18:55:11,658] {processor.py:163} INFO - Started process (PID=7375) to work on /home/airflow/env/lib/python3.8/site-packages/airflow/example_dags/example_nested_branch_dag.py
[2022-03-23 18:55:11,659] {processor.py:642} INFO - Processing file /home/airflow/env/lib/python3.8/site-packages/airflow/example_dags/example_nested_branch_dag.py for tasks to queue
[2022-03-23 18:55:11,660] {logging_mixin.py:109} INFO - [2022-03-23 18:55:11,660] {dagbag.py:500} INFO - Filling up the DagBag from /home/airflow/env/lib/python3.8/site-packages/airflow/example_dags/example_nested_branch_dag.py
[2022-03-23 18:55:11,679] {processor.py:654} INFO - DAG(s) dict_keys(['example_nested_branch_dag']) retrieved from /home/airflow/env/lib/python3.8/site-packages/airflow/example_dags/example_nested_branch_dag.py
[2022-03-23 18:55:11,688] {logging_mixin.py:109} INFO - [2022-03-23 18:55:11,688] {dag.py:2396} INFO - Sync 1 DAGs
[2022-03-23 18:55:11,702] {logging_mixin.py:109} INFO - [2022-03-23 18:55:11,702] {dag.py:2935} INFO - Setting next_dagrun for example_nested_branch_dag to 2022-03-22 00:00:00+00:00
[2022-03-23 18:55:11,719] {processor.py:171} INFO - Processing /home/airflow/env/lib/python3.8/site-packages/airflow/example_dags/example_nested_branch_dag.py took 0.063 seconds
[2022-03-23 18:55:43,772] {processor.py:163} INFO - Started process (PID=7462) to work on /home/airflow/env/lib/python3.8/site-packages/airflow/example_dags/example_nested_branch_dag.py
[2022-03-23 18:55:43,774] {processor.py:642} INFO - Processing file /home/airflow/env/lib/python3.8/site-packages/airflow/example_dags/example_nested_branch_dag.py for tasks to queue
[2022-03-23 18:55:43,774] {logging_mixin.py:109} INFO - [2022-03-23 18:55:43,774] {dagbag.py:500} INFO - Filling up the DagBag from /home/airflow/env/lib/python3.8/site-packages/airflow/example_dags/example_nested_branch_dag.py
[2022-03-23 18:55:43,796] {processor.py:654} INFO - DAG(s) dict_keys(['example_nested_branch_dag']) retrieved from /home/airflow/env/lib/python3.8/site-packages/airflow/example_dags/example_nested_branch_dag.py
[2022-03-23 18:55:43,808] {logging_mixin.py:109} INFO - [2022-03-23 18:55:43,808] {dag.py:2396} INFO - Sync 1 DAGs
[2022-03-23 18:55:43,824] {logging_mixin.py:109} INFO - [2022-03-23 18:55:43,823] {dag.py:2935} INFO - Setting next_dagrun for example_nested_branch_dag to 2022-03-22 00:00:00+00:00
[2022-03-23 18:55:43,845] {processor.py:171} INFO - Processing /home/airflow/env/lib/python3.8/site-packages/airflow/example_dags/example_nested_branch_dag.py took 0.076 seconds
[2022-03-23 18:56:14,070] {processor.py:163} INFO - Started process (PID=7492) to work on /home/airflow/env/lib/python3.8/site-packages/airflow/example_dags/example_nested_branch_dag.py
[2022-03-23 18:56:14,071] {processor.py:642} INFO - Processing file /home/airflow/env/lib/python3.8/site-packages/airflow/example_dags/example_nested_branch_dag.py for tasks to queue
[2022-03-23 18:56:14,071] {logging_mixin.py:109} INFO - [2022-03-23 18:56:14,071] {dagbag.py:500} INFO - Filling up the DagBag from /home/airflow/env/lib/python3.8/site-packages/airflow/example_dags/example_nested_branch_dag.py
[2022-03-23 18:56:14,095] {processor.py:654} INFO - DAG(s) dict_keys(['example_nested_branch_dag']) retrieved from /home/airflow/env/lib/python3.8/site-packages/airflow/example_dags/example_nested_branch_dag.py
[2022-03-23 18:56:14,105] {logging_mixin.py:109} INFO - [2022-03-23 18:56:14,105] {dag.py:2396} INFO - Sync 1 DAGs
[2022-03-23 18:56:14,119] {logging_mixin.py:109} INFO - [2022-03-23 18:56:14,119] {dag.py:2935} INFO - Setting next_dagrun for example_nested_branch_dag to 2022-03-22 00:00:00+00:00
[2022-03-23 18:56:14,134] {processor.py:171} INFO - Processing /home/airflow/env/lib/python3.8/site-packages/airflow/example_dags/example_nested_branch_dag.py took 0.066 seconds
[2022-03-23 18:56:46,495] {processor.py:163} INFO - Started process (PID=7522) to work on /home/airflow/env/lib/python3.8/site-packages/airflow/example_dags/example_nested_branch_dag.py
[2022-03-23 18:56:46,496] {processor.py:642} INFO - Processing file /home/airflow/env/lib/python3.8/site-packages/airflow/example_dags/example_nested_branch_dag.py for tasks to queue
[2022-03-23 18:56:46,498] {logging_mixin.py:109} INFO - [2022-03-23 18:56:46,497] {dagbag.py:500} INFO - Filling up the DagBag from /home/airflow/env/lib/python3.8/site-packages/airflow/example_dags/example_nested_branch_dag.py
[2022-03-23 18:56:46,520] {processor.py:654} INFO - DAG(s) dict_keys(['example_nested_branch_dag']) retrieved from /home/airflow/env/lib/python3.8/site-packages/airflow/example_dags/example_nested_branch_dag.py
[2022-03-23 18:56:46,529] {logging_mixin.py:109} INFO - [2022-03-23 18:56:46,529] {dag.py:2396} INFO - Sync 1 DAGs
[2022-03-23 18:56:46,543] {logging_mixin.py:109} INFO - [2022-03-23 18:56:46,543] {dag.py:2935} INFO - Setting next_dagrun for example_nested_branch_dag to 2022-03-22 00:00:00+00:00
[2022-03-23 18:56:46,564] {processor.py:171} INFO - Processing /home/airflow/env/lib/python3.8/site-packages/airflow/example_dags/example_nested_branch_dag.py took 0.073 seconds
[2022-03-23 18:57:18,842] {processor.py:163} INFO - Started process (PID=7554) to work on /home/airflow/env/lib/python3.8/site-packages/airflow/example_dags/example_nested_branch_dag.py
[2022-03-23 18:57:18,843] {processor.py:642} INFO - Processing file /home/airflow/env/lib/python3.8/site-packages/airflow/example_dags/example_nested_branch_dag.py for tasks to queue
[2022-03-23 18:57:18,844] {logging_mixin.py:109} INFO - [2022-03-23 18:57:18,844] {dagbag.py:500} INFO - Filling up the DagBag from /home/airflow/env/lib/python3.8/site-packages/airflow/example_dags/example_nested_branch_dag.py
[2022-03-23 18:57:18,863] {processor.py:654} INFO - DAG(s) dict_keys(['example_nested_branch_dag']) retrieved from /home/airflow/env/lib/python3.8/site-packages/airflow/example_dags/example_nested_branch_dag.py
[2022-03-23 18:57:18,873] {logging_mixin.py:109} INFO - [2022-03-23 18:57:18,873] {dag.py:2396} INFO - Sync 1 DAGs
[2022-03-23 18:57:18,884] {logging_mixin.py:109} INFO - [2022-03-23 18:57:18,884] {dag.py:2935} INFO - Setting next_dagrun for example_nested_branch_dag to 2022-03-22 00:00:00+00:00
[2022-03-23 18:57:18,902] {processor.py:171} INFO - Processing /home/airflow/env/lib/python3.8/site-packages/airflow/example_dags/example_nested_branch_dag.py took 0.063 seconds
[2022-03-23 18:57:51,879] {processor.py:163} INFO - Started process (PID=7601) to work on /home/airflow/env/lib/python3.8/site-packages/airflow/example_dags/example_nested_branch_dag.py
[2022-03-23 18:57:51,881] {processor.py:642} INFO - Processing file /home/airflow/env/lib/python3.8/site-packages/airflow/example_dags/example_nested_branch_dag.py for tasks to queue
[2022-03-23 18:57:51,882] {logging_mixin.py:109} INFO - [2022-03-23 18:57:51,881] {dagbag.py:500} INFO - Filling up the DagBag from /home/airflow/env/lib/python3.8/site-packages/airflow/example_dags/example_nested_branch_dag.py
[2022-03-23 18:57:51,908] {processor.py:654} INFO - DAG(s) dict_keys(['example_nested_branch_dag']) retrieved from /home/airflow/env/lib/python3.8/site-packages/airflow/example_dags/example_nested_branch_dag.py
[2022-03-23 18:57:51,917] {logging_mixin.py:109} INFO - [2022-03-23 18:57:51,917] {dag.py:2396} INFO - Sync 1 DAGs
[2022-03-23 18:57:51,930] {logging_mixin.py:109} INFO - [2022-03-23 18:57:51,930] {dag.py:2935} INFO - Setting next_dagrun for example_nested_branch_dag to 2022-03-22 00:00:00+00:00
[2022-03-23 18:57:51,950] {processor.py:171} INFO - Processing /home/airflow/env/lib/python3.8/site-packages/airflow/example_dags/example_nested_branch_dag.py took 0.073 seconds
[2022-03-23 18:58:35,320] {processor.py:163} INFO - Started process (PID=7784) to work on /home/airflow/env/lib/python3.8/site-packages/airflow/example_dags/example_nested_branch_dag.py
[2022-03-23 18:58:35,327] {processor.py:642} INFO - Processing file /home/airflow/env/lib/python3.8/site-packages/airflow/example_dags/example_nested_branch_dag.py for tasks to queue
[2022-03-23 18:58:35,330] {logging_mixin.py:109} INFO - [2022-03-23 18:58:35,329] {dagbag.py:500} INFO - Filling up the DagBag from /home/airflow/env/lib/python3.8/site-packages/airflow/example_dags/example_nested_branch_dag.py
[2022-03-23 18:58:35,395] {processor.py:654} INFO - DAG(s) dict_keys(['example_nested_branch_dag']) retrieved from /home/airflow/env/lib/python3.8/site-packages/airflow/example_dags/example_nested_branch_dag.py
[2022-03-23 18:58:35,430] {logging_mixin.py:109} INFO - [2022-03-23 18:58:35,430] {dag.py:2396} INFO - Sync 1 DAGs
[2022-03-23 18:58:35,482] {logging_mixin.py:109} INFO - [2022-03-23 18:58:35,482] {dag.py:2935} INFO - Setting next_dagrun for example_nested_branch_dag to 2022-03-22 00:00:00+00:00
[2022-03-23 18:58:35,520] {processor.py:171} INFO - Processing /home/airflow/env/lib/python3.8/site-packages/airflow/example_dags/example_nested_branch_dag.py took 0.202 seconds
[2022-03-23 18:59:14,753] {processor.py:163} INFO - Started process (PID=7882) to work on /home/airflow/env/lib/python3.8/site-packages/airflow/example_dags/example_nested_branch_dag.py
[2022-03-23 18:59:14,759] {processor.py:642} INFO - Processing file /home/airflow/env/lib/python3.8/site-packages/airflow/example_dags/example_nested_branch_dag.py for tasks to queue
[2022-03-23 18:59:14,760] {logging_mixin.py:109} INFO - [2022-03-23 18:59:14,760] {dagbag.py:500} INFO - Filling up the DagBag from /home/airflow/env/lib/python3.8/site-packages/airflow/example_dags/example_nested_branch_dag.py
[2022-03-23 18:59:14,778] {processor.py:654} INFO - DAG(s) dict_keys(['example_nested_branch_dag']) retrieved from /home/airflow/env/lib/python3.8/site-packages/airflow/example_dags/example_nested_branch_dag.py
[2022-03-23 18:59:14,788] {logging_mixin.py:109} INFO - [2022-03-23 18:59:14,788] {dag.py:2396} INFO - Sync 1 DAGs
[2022-03-23 18:59:14,800] {logging_mixin.py:109} INFO - [2022-03-23 18:59:14,800] {dag.py:2935} INFO - Setting next_dagrun for example_nested_branch_dag to 2022-03-22 00:00:00+00:00
[2022-03-23 18:59:14,815] {processor.py:171} INFO - Processing /home/airflow/env/lib/python3.8/site-packages/airflow/example_dags/example_nested_branch_dag.py took 0.065 seconds
[2022-03-23 18:59:47,190] {processor.py:163} INFO - Started process (PID=8001) to work on /home/airflow/env/lib/python3.8/site-packages/airflow/example_dags/example_nested_branch_dag.py
[2022-03-23 18:59:47,202] {processor.py:642} INFO - Processing file /home/airflow/env/lib/python3.8/site-packages/airflow/example_dags/example_nested_branch_dag.py for tasks to queue
[2022-03-23 18:59:47,205] {logging_mixin.py:109} INFO - [2022-03-23 18:59:47,205] {dagbag.py:500} INFO - Filling up the DagBag from /home/airflow/env/lib/python3.8/site-packages/airflow/example_dags/example_nested_branch_dag.py
[2022-03-23 18:59:47,283] {processor.py:654} INFO - DAG(s) dict_keys(['example_nested_branch_dag']) retrieved from /home/airflow/env/lib/python3.8/site-packages/airflow/example_dags/example_nested_branch_dag.py
[2022-03-23 18:59:47,311] {logging_mixin.py:109} INFO - [2022-03-23 18:59:47,310] {dag.py:2396} INFO - Sync 1 DAGs
[2022-03-23 18:59:47,382] {logging_mixin.py:109} INFO - [2022-03-23 18:59:47,381] {dag.py:2935} INFO - Setting next_dagrun for example_nested_branch_dag to 2022-03-22 00:00:00+00:00
[2022-03-23 18:59:47,409] {processor.py:171} INFO - Processing /home/airflow/env/lib/python3.8/site-packages/airflow/example_dags/example_nested_branch_dag.py took 0.233 seconds
[2022-03-23 19:00:20,315] {processor.py:163} INFO - Started process (PID=8182) to work on /home/airflow/env/lib/python3.8/site-packages/airflow/example_dags/example_nested_branch_dag.py
[2022-03-23 19:00:20,317] {processor.py:642} INFO - Processing file /home/airflow/env/lib/python3.8/site-packages/airflow/example_dags/example_nested_branch_dag.py for tasks to queue
[2022-03-23 19:00:20,318] {logging_mixin.py:109} INFO - [2022-03-23 19:00:20,318] {dagbag.py:500} INFO - Filling up the DagBag from /home/airflow/env/lib/python3.8/site-packages/airflow/example_dags/example_nested_branch_dag.py
[2022-03-23 19:00:20,342] {processor.py:654} INFO - DAG(s) dict_keys(['example_nested_branch_dag']) retrieved from /home/airflow/env/lib/python3.8/site-packages/airflow/example_dags/example_nested_branch_dag.py
[2022-03-23 19:00:20,354] {logging_mixin.py:109} INFO - [2022-03-23 19:00:20,353] {dag.py:2396} INFO - Sync 1 DAGs
[2022-03-23 19:00:20,366] {logging_mixin.py:109} INFO - [2022-03-23 19:00:20,366] {dag.py:2935} INFO - Setting next_dagrun for example_nested_branch_dag to 2022-03-22 00:00:00+00:00
[2022-03-23 19:00:20,386] {processor.py:171} INFO - Processing /home/airflow/env/lib/python3.8/site-packages/airflow/example_dags/example_nested_branch_dag.py took 0.074 seconds
[2022-03-23 19:00:56,792] {processor.py:163} INFO - Started process (PID=8435) to work on /home/airflow/env/lib/python3.8/site-packages/airflow/example_dags/example_nested_branch_dag.py
[2022-03-23 19:00:56,794] {processor.py:642} INFO - Processing file /home/airflow/env/lib/python3.8/site-packages/airflow/example_dags/example_nested_branch_dag.py for tasks to queue
[2022-03-23 19:00:56,795] {logging_mixin.py:109} INFO - [2022-03-23 19:00:56,794] {dagbag.py:500} INFO - Filling up the DagBag from /home/airflow/env/lib/python3.8/site-packages/airflow/example_dags/example_nested_branch_dag.py
[2022-03-23 19:00:56,817] {processor.py:654} INFO - DAG(s) dict_keys(['example_nested_branch_dag']) retrieved from /home/airflow/env/lib/python3.8/site-packages/airflow/example_dags/example_nested_branch_dag.py
[2022-03-23 19:00:56,827] {logging_mixin.py:109} INFO - [2022-03-23 19:00:56,827] {dag.py:2396} INFO - Sync 1 DAGs
[2022-03-23 19:00:56,841] {logging_mixin.py:109} INFO - [2022-03-23 19:00:56,841] {dag.py:2935} INFO - Setting next_dagrun for example_nested_branch_dag to 2022-03-22 00:00:00+00:00
[2022-03-23 19:00:56,861] {processor.py:171} INFO - Processing /home/airflow/env/lib/python3.8/site-packages/airflow/example_dags/example_nested_branch_dag.py took 0.071 seconds
[2022-03-23 19:01:26,964] {processor.py:163} INFO - Started process (PID=8464) to work on /home/airflow/env/lib/python3.8/site-packages/airflow/example_dags/example_nested_branch_dag.py
[2022-03-23 19:01:26,966] {processor.py:642} INFO - Processing file /home/airflow/env/lib/python3.8/site-packages/airflow/example_dags/example_nested_branch_dag.py for tasks to queue
[2022-03-23 19:01:26,966] {logging_mixin.py:109} INFO - [2022-03-23 19:01:26,966] {dagbag.py:500} INFO - Filling up the DagBag from /home/airflow/env/lib/python3.8/site-packages/airflow/example_dags/example_nested_branch_dag.py
[2022-03-23 19:01:27,004] {processor.py:654} INFO - DAG(s) dict_keys(['example_nested_branch_dag']) retrieved from /home/airflow/env/lib/python3.8/site-packages/airflow/example_dags/example_nested_branch_dag.py
[2022-03-23 19:01:27,016] {logging_mixin.py:109} INFO - [2022-03-23 19:01:27,016] {dag.py:2396} INFO - Sync 1 DAGs
[2022-03-23 19:01:27,037] {logging_mixin.py:109} INFO - [2022-03-23 19:01:27,037] {dag.py:2935} INFO - Setting next_dagrun for example_nested_branch_dag to 2022-03-22 00:00:00+00:00
[2022-03-23 19:01:27,053] {processor.py:171} INFO - Processing /home/airflow/env/lib/python3.8/site-packages/airflow/example_dags/example_nested_branch_dag.py took 0.091 seconds
[2022-03-23 19:01:59,718] {processor.py:163} INFO - Started process (PID=8545) to work on /home/airflow/env/lib/python3.8/site-packages/airflow/example_dags/example_nested_branch_dag.py
[2022-03-23 19:01:59,719] {processor.py:642} INFO - Processing file /home/airflow/env/lib/python3.8/site-packages/airflow/example_dags/example_nested_branch_dag.py for tasks to queue
[2022-03-23 19:01:59,720] {logging_mixin.py:109} INFO - [2022-03-23 19:01:59,719] {dagbag.py:500} INFO - Filling up the DagBag from /home/airflow/env/lib/python3.8/site-packages/airflow/example_dags/example_nested_branch_dag.py
[2022-03-23 19:01:59,742] {processor.py:654} INFO - DAG(s) dict_keys(['example_nested_branch_dag']) retrieved from /home/airflow/env/lib/python3.8/site-packages/airflow/example_dags/example_nested_branch_dag.py
[2022-03-23 19:01:59,751] {logging_mixin.py:109} INFO - [2022-03-23 19:01:59,751] {dag.py:2396} INFO - Sync 1 DAGs
[2022-03-23 19:01:59,765] {logging_mixin.py:109} INFO - [2022-03-23 19:01:59,765] {dag.py:2935} INFO - Setting next_dagrun for example_nested_branch_dag to 2022-03-22 00:00:00+00:00
[2022-03-23 19:01:59,783] {processor.py:171} INFO - Processing /home/airflow/env/lib/python3.8/site-packages/airflow/example_dags/example_nested_branch_dag.py took 0.068 seconds
[2022-03-23 19:02:33,237] {processor.py:163} INFO - Started process (PID=8619) to work on /home/airflow/env/lib/python3.8/site-packages/airflow/example_dags/example_nested_branch_dag.py
[2022-03-23 19:02:33,239] {processor.py:642} INFO - Processing file /home/airflow/env/lib/python3.8/site-packages/airflow/example_dags/example_nested_branch_dag.py for tasks to queue
[2022-03-23 19:02:33,240] {logging_mixin.py:109} INFO - [2022-03-23 19:02:33,240] {dagbag.py:500} INFO - Filling up the DagBag from /home/airflow/env/lib/python3.8/site-packages/airflow/example_dags/example_nested_branch_dag.py
[2022-03-23 19:02:33,260] {processor.py:654} INFO - DAG(s) dict_keys(['example_nested_branch_dag']) retrieved from /home/airflow/env/lib/python3.8/site-packages/airflow/example_dags/example_nested_branch_dag.py
[2022-03-23 19:02:33,270] {logging_mixin.py:109} INFO - [2022-03-23 19:02:33,270] {dag.py:2396} INFO - Sync 1 DAGs
[2022-03-23 19:02:33,283] {logging_mixin.py:109} INFO - [2022-03-23 19:02:33,283] {dag.py:2935} INFO - Setting next_dagrun for example_nested_branch_dag to 2022-03-22 00:00:00+00:00
[2022-03-23 19:02:33,303] {processor.py:171} INFO - Processing /home/airflow/env/lib/python3.8/site-packages/airflow/example_dags/example_nested_branch_dag.py took 0.070 seconds
[2022-03-23 19:03:06,194] {processor.py:163} INFO - Started process (PID=8737) to work on /home/airflow/env/lib/python3.8/site-packages/airflow/example_dags/example_nested_branch_dag.py
[2022-03-23 19:03:06,195] {processor.py:642} INFO - Processing file /home/airflow/env/lib/python3.8/site-packages/airflow/example_dags/example_nested_branch_dag.py for tasks to queue
[2022-03-23 19:03:06,195] {logging_mixin.py:109} INFO - [2022-03-23 19:03:06,195] {dagbag.py:500} INFO - Filling up the DagBag from /home/airflow/env/lib/python3.8/site-packages/airflow/example_dags/example_nested_branch_dag.py
[2022-03-23 19:03:06,215] {processor.py:654} INFO - DAG(s) dict_keys(['example_nested_branch_dag']) retrieved from /home/airflow/env/lib/python3.8/site-packages/airflow/example_dags/example_nested_branch_dag.py
[2022-03-23 19:03:06,226] {logging_mixin.py:109} INFO - [2022-03-23 19:03:06,226] {dag.py:2396} INFO - Sync 1 DAGs
[2022-03-23 19:03:06,238] {logging_mixin.py:109} INFO - [2022-03-23 19:03:06,238] {dag.py:2935} INFO - Setting next_dagrun for example_nested_branch_dag to 2022-03-22 00:00:00+00:00
[2022-03-23 19:03:06,256] {processor.py:171} INFO - Processing /home/airflow/env/lib/python3.8/site-packages/airflow/example_dags/example_nested_branch_dag.py took 0.064 seconds
[2022-03-23 19:03:37,256] {processor.py:163} INFO - Started process (PID=8824) to work on /home/airflow/env/lib/python3.8/site-packages/airflow/example_dags/example_nested_branch_dag.py
[2022-03-23 19:03:37,257] {processor.py:642} INFO - Processing file /home/airflow/env/lib/python3.8/site-packages/airflow/example_dags/example_nested_branch_dag.py for tasks to queue
[2022-03-23 19:03:37,257] {logging_mixin.py:109} INFO - [2022-03-23 19:03:37,257] {dagbag.py:500} INFO - Filling up the DagBag from /home/airflow/env/lib/python3.8/site-packages/airflow/example_dags/example_nested_branch_dag.py
[2022-03-23 19:03:37,278] {processor.py:654} INFO - DAG(s) dict_keys(['example_nested_branch_dag']) retrieved from /home/airflow/env/lib/python3.8/site-packages/airflow/example_dags/example_nested_branch_dag.py
[2022-03-23 19:03:37,289] {logging_mixin.py:109} INFO - [2022-03-23 19:03:37,289] {dag.py:2396} INFO - Sync 1 DAGs
[2022-03-23 19:03:37,303] {logging_mixin.py:109} INFO - [2022-03-23 19:03:37,303] {dag.py:2935} INFO - Setting next_dagrun for example_nested_branch_dag to 2022-03-22 00:00:00+00:00
[2022-03-23 19:03:37,315] {processor.py:171} INFO - Processing /home/airflow/env/lib/python3.8/site-packages/airflow/example_dags/example_nested_branch_dag.py took 0.062 seconds
[2022-03-23 19:04:14,405] {processor.py:163} INFO - Started process (PID=8965) to work on /home/airflow/env/lib/python3.8/site-packages/airflow/example_dags/example_nested_branch_dag.py
[2022-03-23 19:04:14,406] {processor.py:642} INFO - Processing file /home/airflow/env/lib/python3.8/site-packages/airflow/example_dags/example_nested_branch_dag.py for tasks to queue
[2022-03-23 19:04:14,407] {logging_mixin.py:109} INFO - [2022-03-23 19:04:14,407] {dagbag.py:500} INFO - Filling up the DagBag from /home/airflow/env/lib/python3.8/site-packages/airflow/example_dags/example_nested_branch_dag.py
[2022-03-23 19:04:14,425] {processor.py:654} INFO - DAG(s) dict_keys(['example_nested_branch_dag']) retrieved from /home/airflow/env/lib/python3.8/site-packages/airflow/example_dags/example_nested_branch_dag.py
[2022-03-23 19:04:14,434] {logging_mixin.py:109} INFO - [2022-03-23 19:04:14,434] {dag.py:2396} INFO - Sync 1 DAGs
[2022-03-23 19:04:14,447] {logging_mixin.py:109} INFO - [2022-03-23 19:04:14,447] {dag.py:2935} INFO - Setting next_dagrun for example_nested_branch_dag to 2022-03-22 00:00:00+00:00
[2022-03-23 19:04:14,462] {processor.py:171} INFO - Processing /home/airflow/env/lib/python3.8/site-packages/airflow/example_dags/example_nested_branch_dag.py took 0.060 seconds
[2022-03-23 19:04:47,134] {processor.py:163} INFO - Started process (PID=9065) to work on /home/airflow/env/lib/python3.8/site-packages/airflow/example_dags/example_nested_branch_dag.py
[2022-03-23 19:04:47,137] {processor.py:642} INFO - Processing file /home/airflow/env/lib/python3.8/site-packages/airflow/example_dags/example_nested_branch_dag.py for tasks to queue
[2022-03-23 19:04:47,138] {logging_mixin.py:109} INFO - [2022-03-23 19:04:47,138] {dagbag.py:500} INFO - Filling up the DagBag from /home/airflow/env/lib/python3.8/site-packages/airflow/example_dags/example_nested_branch_dag.py
[2022-03-23 19:04:47,185] {processor.py:654} INFO - DAG(s) dict_keys(['example_nested_branch_dag']) retrieved from /home/airflow/env/lib/python3.8/site-packages/airflow/example_dags/example_nested_branch_dag.py
[2022-03-23 19:04:47,206] {logging_mixin.py:109} INFO - [2022-03-23 19:04:47,205] {dag.py:2396} INFO - Sync 1 DAGs
[2022-03-23 19:04:47,227] {logging_mixin.py:109} INFO - [2022-03-23 19:04:47,227] {dag.py:2935} INFO - Setting next_dagrun for example_nested_branch_dag to 2022-03-22 00:00:00+00:00
[2022-03-23 19:04:47,259] {processor.py:171} INFO - Processing /home/airflow/env/lib/python3.8/site-packages/airflow/example_dags/example_nested_branch_dag.py took 0.132 seconds
[2022-03-23 19:05:21,786] {processor.py:163} INFO - Started process (PID=9102) to work on /home/airflow/env/lib/python3.8/site-packages/airflow/example_dags/example_nested_branch_dag.py
[2022-03-23 19:05:21,793] {processor.py:642} INFO - Processing file /home/airflow/env/lib/python3.8/site-packages/airflow/example_dags/example_nested_branch_dag.py for tasks to queue
[2022-03-23 19:05:21,794] {logging_mixin.py:109} INFO - [2022-03-23 19:05:21,794] {dagbag.py:500} INFO - Filling up the DagBag from /home/airflow/env/lib/python3.8/site-packages/airflow/example_dags/example_nested_branch_dag.py
[2022-03-23 19:05:21,815] {processor.py:654} INFO - DAG(s) dict_keys(['example_nested_branch_dag']) retrieved from /home/airflow/env/lib/python3.8/site-packages/airflow/example_dags/example_nested_branch_dag.py
[2022-03-23 19:05:21,827] {logging_mixin.py:109} INFO - [2022-03-23 19:05:21,827] {dag.py:2396} INFO - Sync 1 DAGs
[2022-03-23 19:05:21,844] {logging_mixin.py:109} INFO - [2022-03-23 19:05:21,843] {dag.py:2935} INFO - Setting next_dagrun for example_nested_branch_dag to 2022-03-22 00:00:00+00:00
[2022-03-23 19:05:21,871] {processor.py:171} INFO - Processing /home/airflow/env/lib/python3.8/site-packages/airflow/example_dags/example_nested_branch_dag.py took 0.087 seconds
[2022-03-23 19:05:58,091] {processor.py:163} INFO - Started process (PID=9188) to work on /home/airflow/env/lib/python3.8/site-packages/airflow/example_dags/example_nested_branch_dag.py
[2022-03-23 19:05:58,092] {processor.py:642} INFO - Processing file /home/airflow/env/lib/python3.8/site-packages/airflow/example_dags/example_nested_branch_dag.py for tasks to queue
[2022-03-23 19:05:58,093] {logging_mixin.py:109} INFO - [2022-03-23 19:05:58,093] {dagbag.py:500} INFO - Filling up the DagBag from /home/airflow/env/lib/python3.8/site-packages/airflow/example_dags/example_nested_branch_dag.py
[2022-03-23 19:05:58,115] {processor.py:654} INFO - DAG(s) dict_keys(['example_nested_branch_dag']) retrieved from /home/airflow/env/lib/python3.8/site-packages/airflow/example_dags/example_nested_branch_dag.py
[2022-03-23 19:05:58,125] {logging_mixin.py:109} INFO - [2022-03-23 19:05:58,125] {dag.py:2396} INFO - Sync 1 DAGs
[2022-03-23 19:05:58,138] {logging_mixin.py:109} INFO - [2022-03-23 19:05:58,138] {dag.py:2935} INFO - Setting next_dagrun for example_nested_branch_dag to 2022-03-22 00:00:00+00:00
[2022-03-23 19:05:58,157] {processor.py:171} INFO - Processing /home/airflow/env/lib/python3.8/site-packages/airflow/example_dags/example_nested_branch_dag.py took 0.068 seconds
[2022-03-23 19:06:32,505] {processor.py:163} INFO - Started process (PID=9224) to work on /home/airflow/env/lib/python3.8/site-packages/airflow/example_dags/example_nested_branch_dag.py
[2022-03-23 19:06:32,506] {processor.py:642} INFO - Processing file /home/airflow/env/lib/python3.8/site-packages/airflow/example_dags/example_nested_branch_dag.py for tasks to queue
[2022-03-23 19:06:32,507] {logging_mixin.py:109} INFO - [2022-03-23 19:06:32,507] {dagbag.py:500} INFO - Filling up the DagBag from /home/airflow/env/lib/python3.8/site-packages/airflow/example_dags/example_nested_branch_dag.py
[2022-03-23 19:06:32,527] {processor.py:654} INFO - DAG(s) dict_keys(['example_nested_branch_dag']) retrieved from /home/airflow/env/lib/python3.8/site-packages/airflow/example_dags/example_nested_branch_dag.py
[2022-03-23 19:06:32,536] {logging_mixin.py:109} INFO - [2022-03-23 19:06:32,536] {dag.py:2396} INFO - Sync 1 DAGs
[2022-03-23 19:06:32,548] {logging_mixin.py:109} INFO - [2022-03-23 19:06:32,548] {dag.py:2935} INFO - Setting next_dagrun for example_nested_branch_dag to 2022-03-22 00:00:00+00:00
[2022-03-23 19:06:32,565] {processor.py:171} INFO - Processing /home/airflow/env/lib/python3.8/site-packages/airflow/example_dags/example_nested_branch_dag.py took 0.063 seconds
[2022-03-23 19:07:06,567] {processor.py:163} INFO - Started process (PID=9257) to work on /home/airflow/env/lib/python3.8/site-packages/airflow/example_dags/example_nested_branch_dag.py
[2022-03-23 19:07:06,569] {processor.py:642} INFO - Processing file /home/airflow/env/lib/python3.8/site-packages/airflow/example_dags/example_nested_branch_dag.py for tasks to queue
[2022-03-23 19:07:06,570] {logging_mixin.py:109} INFO - [2022-03-23 19:07:06,569] {dagbag.py:500} INFO - Filling up the DagBag from /home/airflow/env/lib/python3.8/site-packages/airflow/example_dags/example_nested_branch_dag.py
[2022-03-23 19:07:06,590] {processor.py:654} INFO - DAG(s) dict_keys(['example_nested_branch_dag']) retrieved from /home/airflow/env/lib/python3.8/site-packages/airflow/example_dags/example_nested_branch_dag.py
[2022-03-23 19:07:06,601] {logging_mixin.py:109} INFO - [2022-03-23 19:07:06,600] {dag.py:2396} INFO - Sync 1 DAGs
[2022-03-23 19:07:06,613] {logging_mixin.py:109} INFO - [2022-03-23 19:07:06,613] {dag.py:2935} INFO - Setting next_dagrun for example_nested_branch_dag to 2022-03-22 00:00:00+00:00
[2022-03-23 19:07:06,631] {processor.py:171} INFO - Processing /home/airflow/env/lib/python3.8/site-packages/airflow/example_dags/example_nested_branch_dag.py took 0.066 seconds
[2022-03-23 19:07:39,216] {processor.py:163} INFO - Started process (PID=9289) to work on /home/airflow/env/lib/python3.8/site-packages/airflow/example_dags/example_nested_branch_dag.py
[2022-03-23 19:07:39,218] {processor.py:642} INFO - Processing file /home/airflow/env/lib/python3.8/site-packages/airflow/example_dags/example_nested_branch_dag.py for tasks to queue
[2022-03-23 19:07:39,218] {logging_mixin.py:109} INFO - [2022-03-23 19:07:39,218] {dagbag.py:500} INFO - Filling up the DagBag from /home/airflow/env/lib/python3.8/site-packages/airflow/example_dags/example_nested_branch_dag.py
[2022-03-23 19:07:39,238] {processor.py:654} INFO - DAG(s) dict_keys(['example_nested_branch_dag']) retrieved from /home/airflow/env/lib/python3.8/site-packages/airflow/example_dags/example_nested_branch_dag.py
[2022-03-23 19:07:39,250] {logging_mixin.py:109} INFO - [2022-03-23 19:07:39,250] {dag.py:2396} INFO - Sync 1 DAGs
[2022-03-23 19:07:39,264] {logging_mixin.py:109} INFO - [2022-03-23 19:07:39,264] {dag.py:2935} INFO - Setting next_dagrun for example_nested_branch_dag to 2022-03-22 00:00:00+00:00
[2022-03-23 19:07:39,277] {processor.py:171} INFO - Processing /home/airflow/env/lib/python3.8/site-packages/airflow/example_dags/example_nested_branch_dag.py took 0.064 seconds
[2022-03-23 19:08:13,234] {processor.py:163} INFO - Started process (PID=9323) to work on /home/airflow/env/lib/python3.8/site-packages/airflow/example_dags/example_nested_branch_dag.py
[2022-03-23 19:08:13,236] {processor.py:642} INFO - Processing file /home/airflow/env/lib/python3.8/site-packages/airflow/example_dags/example_nested_branch_dag.py for tasks to queue
[2022-03-23 19:08:13,236] {logging_mixin.py:109} INFO - [2022-03-23 19:08:13,236] {dagbag.py:500} INFO - Filling up the DagBag from /home/airflow/env/lib/python3.8/site-packages/airflow/example_dags/example_nested_branch_dag.py
[2022-03-23 19:08:13,270] {processor.py:654} INFO - DAG(s) dict_keys(['example_nested_branch_dag']) retrieved from /home/airflow/env/lib/python3.8/site-packages/airflow/example_dags/example_nested_branch_dag.py
[2022-03-23 19:08:13,284] {logging_mixin.py:109} INFO - [2022-03-23 19:08:13,284] {dag.py:2396} INFO - Sync 1 DAGs
[2022-03-23 19:08:13,303] {logging_mixin.py:109} INFO - [2022-03-23 19:08:13,303] {dag.py:2935} INFO - Setting next_dagrun for example_nested_branch_dag to 2022-03-22 00:00:00+00:00
[2022-03-23 19:08:13,318] {processor.py:171} INFO - Processing /home/airflow/env/lib/python3.8/site-packages/airflow/example_dags/example_nested_branch_dag.py took 0.088 seconds
[2022-03-23 19:08:44,583] {processor.py:163} INFO - Started process (PID=9353) to work on /home/airflow/env/lib/python3.8/site-packages/airflow/example_dags/example_nested_branch_dag.py
[2022-03-23 19:08:44,585] {processor.py:642} INFO - Processing file /home/airflow/env/lib/python3.8/site-packages/airflow/example_dags/example_nested_branch_dag.py for tasks to queue
[2022-03-23 19:08:44,585] {logging_mixin.py:109} INFO - [2022-03-23 19:08:44,585] {dagbag.py:500} INFO - Filling up the DagBag from /home/airflow/env/lib/python3.8/site-packages/airflow/example_dags/example_nested_branch_dag.py
[2022-03-23 19:08:44,609] {processor.py:654} INFO - DAG(s) dict_keys(['example_nested_branch_dag']) retrieved from /home/airflow/env/lib/python3.8/site-packages/airflow/example_dags/example_nested_branch_dag.py
[2022-03-23 19:08:44,621] {logging_mixin.py:109} INFO - [2022-03-23 19:08:44,621] {dag.py:2396} INFO - Sync 1 DAGs
[2022-03-23 19:08:44,638] {logging_mixin.py:109} INFO - [2022-03-23 19:08:44,638] {dag.py:2935} INFO - Setting next_dagrun for example_nested_branch_dag to 2022-03-22 00:00:00+00:00
[2022-03-23 19:08:44,658] {processor.py:171} INFO - Processing /home/airflow/env/lib/python3.8/site-packages/airflow/example_dags/example_nested_branch_dag.py took 0.078 seconds
[2022-03-23 19:09:20,544] {processor.py:163} INFO - Started process (PID=9385) to work on /home/airflow/env/lib/python3.8/site-packages/airflow/example_dags/example_nested_branch_dag.py
[2022-03-23 19:09:20,545] {processor.py:642} INFO - Processing file /home/airflow/env/lib/python3.8/site-packages/airflow/example_dags/example_nested_branch_dag.py for tasks to queue
[2022-03-23 19:09:20,546] {logging_mixin.py:109} INFO - [2022-03-23 19:09:20,546] {dagbag.py:500} INFO - Filling up the DagBag from /home/airflow/env/lib/python3.8/site-packages/airflow/example_dags/example_nested_branch_dag.py
[2022-03-23 19:09:20,571] {processor.py:654} INFO - DAG(s) dict_keys(['example_nested_branch_dag']) retrieved from /home/airflow/env/lib/python3.8/site-packages/airflow/example_dags/example_nested_branch_dag.py
[2022-03-23 19:09:20,581] {logging_mixin.py:109} INFO - [2022-03-23 19:09:20,581] {dag.py:2396} INFO - Sync 1 DAGs
[2022-03-23 19:09:20,594] {logging_mixin.py:109} INFO - [2022-03-23 19:09:20,594] {dag.py:2935} INFO - Setting next_dagrun for example_nested_branch_dag to 2022-03-22 00:00:00+00:00
[2022-03-23 19:09:20,612] {processor.py:171} INFO - Processing /home/airflow/env/lib/python3.8/site-packages/airflow/example_dags/example_nested_branch_dag.py took 0.070 seconds
[2022-03-23 19:09:54,530] {processor.py:163} INFO - Started process (PID=9417) to work on /home/airflow/env/lib/python3.8/site-packages/airflow/example_dags/example_nested_branch_dag.py
[2022-03-23 19:09:54,531] {processor.py:642} INFO - Processing file /home/airflow/env/lib/python3.8/site-packages/airflow/example_dags/example_nested_branch_dag.py for tasks to queue
[2022-03-23 19:09:54,532] {logging_mixin.py:109} INFO - [2022-03-23 19:09:54,532] {dagbag.py:500} INFO - Filling up the DagBag from /home/airflow/env/lib/python3.8/site-packages/airflow/example_dags/example_nested_branch_dag.py
[2022-03-23 19:09:54,556] {processor.py:654} INFO - DAG(s) dict_keys(['example_nested_branch_dag']) retrieved from /home/airflow/env/lib/python3.8/site-packages/airflow/example_dags/example_nested_branch_dag.py
[2022-03-23 19:09:54,569] {logging_mixin.py:109} INFO - [2022-03-23 19:09:54,568] {dag.py:2396} INFO - Sync 1 DAGs
[2022-03-23 19:09:54,585] {logging_mixin.py:109} INFO - [2022-03-23 19:09:54,584] {dag.py:2935} INFO - Setting next_dagrun for example_nested_branch_dag to 2022-03-22 00:00:00+00:00
[2022-03-23 19:09:54,603] {processor.py:171} INFO - Processing /home/airflow/env/lib/python3.8/site-packages/airflow/example_dags/example_nested_branch_dag.py took 0.075 seconds
[2022-03-23 19:10:26,882] {processor.py:163} INFO - Started process (PID=9449) to work on /home/airflow/env/lib/python3.8/site-packages/airflow/example_dags/example_nested_branch_dag.py
[2022-03-23 19:10:26,883] {processor.py:642} INFO - Processing file /home/airflow/env/lib/python3.8/site-packages/airflow/example_dags/example_nested_branch_dag.py for tasks to queue
[2022-03-23 19:10:26,883] {logging_mixin.py:109} INFO - [2022-03-23 19:10:26,883] {dagbag.py:500} INFO - Filling up the DagBag from /home/airflow/env/lib/python3.8/site-packages/airflow/example_dags/example_nested_branch_dag.py
[2022-03-23 19:10:26,908] {processor.py:654} INFO - DAG(s) dict_keys(['example_nested_branch_dag']) retrieved from /home/airflow/env/lib/python3.8/site-packages/airflow/example_dags/example_nested_branch_dag.py
[2022-03-23 19:10:26,917] {logging_mixin.py:109} INFO - [2022-03-23 19:10:26,917] {dag.py:2396} INFO - Sync 1 DAGs
[2022-03-23 19:10:26,932] {logging_mixin.py:109} INFO - [2022-03-23 19:10:26,932] {dag.py:2935} INFO - Setting next_dagrun for example_nested_branch_dag to 2022-03-22 00:00:00+00:00
[2022-03-23 19:10:26,951] {processor.py:171} INFO - Processing /home/airflow/env/lib/python3.8/site-packages/airflow/example_dags/example_nested_branch_dag.py took 0.072 seconds
[2022-03-23 19:11:03,079] {processor.py:163} INFO - Started process (PID=9540) to work on /home/airflow/env/lib/python3.8/site-packages/airflow/example_dags/example_nested_branch_dag.py
[2022-03-23 19:11:03,081] {processor.py:642} INFO - Processing file /home/airflow/env/lib/python3.8/site-packages/airflow/example_dags/example_nested_branch_dag.py for tasks to queue
[2022-03-23 19:11:03,081] {logging_mixin.py:109} INFO - [2022-03-23 19:11:03,081] {dagbag.py:500} INFO - Filling up the DagBag from /home/airflow/env/lib/python3.8/site-packages/airflow/example_dags/example_nested_branch_dag.py
[2022-03-23 19:11:03,104] {processor.py:654} INFO - DAG(s) dict_keys(['example_nested_branch_dag']) retrieved from /home/airflow/env/lib/python3.8/site-packages/airflow/example_dags/example_nested_branch_dag.py
[2022-03-23 19:11:03,115] {logging_mixin.py:109} INFO - [2022-03-23 19:11:03,115] {dag.py:2396} INFO - Sync 1 DAGs
[2022-03-23 19:11:03,129] {logging_mixin.py:109} INFO - [2022-03-23 19:11:03,129] {dag.py:2935} INFO - Setting next_dagrun for example_nested_branch_dag to 2022-03-22 00:00:00+00:00
[2022-03-23 19:11:03,146] {processor.py:171} INFO - Processing /home/airflow/env/lib/python3.8/site-packages/airflow/example_dags/example_nested_branch_dag.py took 0.072 seconds
[2022-03-23 19:11:37,542] {processor.py:163} INFO - Started process (PID=9574) to work on /home/airflow/env/lib/python3.8/site-packages/airflow/example_dags/example_nested_branch_dag.py
[2022-03-23 19:11:37,543] {processor.py:642} INFO - Processing file /home/airflow/env/lib/python3.8/site-packages/airflow/example_dags/example_nested_branch_dag.py for tasks to queue
[2022-03-23 19:11:37,544] {logging_mixin.py:109} INFO - [2022-03-23 19:11:37,544] {dagbag.py:500} INFO - Filling up the DagBag from /home/airflow/env/lib/python3.8/site-packages/airflow/example_dags/example_nested_branch_dag.py
[2022-03-23 19:11:37,566] {processor.py:654} INFO - DAG(s) dict_keys(['example_nested_branch_dag']) retrieved from /home/airflow/env/lib/python3.8/site-packages/airflow/example_dags/example_nested_branch_dag.py
[2022-03-23 19:11:37,576] {logging_mixin.py:109} INFO - [2022-03-23 19:11:37,576] {dag.py:2396} INFO - Sync 1 DAGs
[2022-03-23 19:11:37,589] {logging_mixin.py:109} INFO - [2022-03-23 19:11:37,589] {dag.py:2935} INFO - Setting next_dagrun for example_nested_branch_dag to 2022-03-22 00:00:00+00:00
[2022-03-23 19:11:37,614] {processor.py:171} INFO - Processing /home/airflow/env/lib/python3.8/site-packages/airflow/example_dags/example_nested_branch_dag.py took 0.075 seconds
[2022-03-23 19:12:10,766] {processor.py:163} INFO - Started process (PID=9658) to work on /home/airflow/env/lib/python3.8/site-packages/airflow/example_dags/example_nested_branch_dag.py
[2022-03-23 19:12:10,768] {processor.py:642} INFO - Processing file /home/airflow/env/lib/python3.8/site-packages/airflow/example_dags/example_nested_branch_dag.py for tasks to queue
[2022-03-23 19:12:10,768] {logging_mixin.py:109} INFO - [2022-03-23 19:12:10,768] {dagbag.py:500} INFO - Filling up the DagBag from /home/airflow/env/lib/python3.8/site-packages/airflow/example_dags/example_nested_branch_dag.py
[2022-03-23 19:12:10,787] {processor.py:654} INFO - DAG(s) dict_keys(['example_nested_branch_dag']) retrieved from /home/airflow/env/lib/python3.8/site-packages/airflow/example_dags/example_nested_branch_dag.py
[2022-03-23 19:12:10,796] {logging_mixin.py:109} INFO - [2022-03-23 19:12:10,796] {dag.py:2396} INFO - Sync 1 DAGs
[2022-03-23 19:12:10,808] {logging_mixin.py:109} INFO - [2022-03-23 19:12:10,807] {dag.py:2935} INFO - Setting next_dagrun for example_nested_branch_dag to 2022-03-22 00:00:00+00:00
[2022-03-23 19:12:10,826] {processor.py:171} INFO - Processing /home/airflow/env/lib/python3.8/site-packages/airflow/example_dags/example_nested_branch_dag.py took 0.063 seconds
[2022-03-23 19:12:44,248] {processor.py:163} INFO - Started process (PID=9771) to work on /home/airflow/env/lib/python3.8/site-packages/airflow/example_dags/example_nested_branch_dag.py
[2022-03-23 19:12:44,254] {processor.py:642} INFO - Processing file /home/airflow/env/lib/python3.8/site-packages/airflow/example_dags/example_nested_branch_dag.py for tasks to queue
[2022-03-23 19:12:44,255] {logging_mixin.py:109} INFO - [2022-03-23 19:12:44,255] {dagbag.py:500} INFO - Filling up the DagBag from /home/airflow/env/lib/python3.8/site-packages/airflow/example_dags/example_nested_branch_dag.py
[2022-03-23 19:12:44,277] {processor.py:654} INFO - DAG(s) dict_keys(['example_nested_branch_dag']) retrieved from /home/airflow/env/lib/python3.8/site-packages/airflow/example_dags/example_nested_branch_dag.py
[2022-03-23 19:12:44,286] {logging_mixin.py:109} INFO - [2022-03-23 19:12:44,286] {dag.py:2396} INFO - Sync 1 DAGs
[2022-03-23 19:12:44,301] {logging_mixin.py:109} INFO - [2022-03-23 19:12:44,301] {dag.py:2935} INFO - Setting next_dagrun for example_nested_branch_dag to 2022-03-22 00:00:00+00:00
[2022-03-23 19:12:44,320] {processor.py:171} INFO - Processing /home/airflow/env/lib/python3.8/site-packages/airflow/example_dags/example_nested_branch_dag.py took 0.076 seconds
[2022-03-23 19:13:16,367] {processor.py:163} INFO - Started process (PID=9969) to work on /home/airflow/env/lib/python3.8/site-packages/airflow/example_dags/example_nested_branch_dag.py
[2022-03-23 19:13:16,371] {processor.py:642} INFO - Processing file /home/airflow/env/lib/python3.8/site-packages/airflow/example_dags/example_nested_branch_dag.py for tasks to queue
[2022-03-23 19:13:16,377] {logging_mixin.py:109} INFO - [2022-03-23 19:13:16,377] {dagbag.py:500} INFO - Filling up the DagBag from /home/airflow/env/lib/python3.8/site-packages/airflow/example_dags/example_nested_branch_dag.py
[2022-03-23 19:13:16,421] {processor.py:654} INFO - DAG(s) dict_keys(['example_nested_branch_dag']) retrieved from /home/airflow/env/lib/python3.8/site-packages/airflow/example_dags/example_nested_branch_dag.py
[2022-03-23 19:13:16,456] {logging_mixin.py:109} INFO - [2022-03-23 19:13:16,456] {dag.py:2396} INFO - Sync 1 DAGs
[2022-03-23 19:13:16,489] {logging_mixin.py:109} INFO - [2022-03-23 19:13:16,485] {dag.py:2935} INFO - Setting next_dagrun for example_nested_branch_dag to 2022-03-22 00:00:00+00:00
[2022-03-23 19:13:16,519] {processor.py:171} INFO - Processing /home/airflow/env/lib/python3.8/site-packages/airflow/example_dags/example_nested_branch_dag.py took 0.156 seconds
[2022-03-23 19:13:49,193] {processor.py:163} INFO - Started process (PID=10088) to work on /home/airflow/env/lib/python3.8/site-packages/airflow/example_dags/example_nested_branch_dag.py
[2022-03-23 19:13:49,194] {processor.py:642} INFO - Processing file /home/airflow/env/lib/python3.8/site-packages/airflow/example_dags/example_nested_branch_dag.py for tasks to queue
[2022-03-23 19:13:49,194] {logging_mixin.py:109} INFO - [2022-03-23 19:13:49,194] {dagbag.py:500} INFO - Filling up the DagBag from /home/airflow/env/lib/python3.8/site-packages/airflow/example_dags/example_nested_branch_dag.py
[2022-03-23 19:13:49,221] {processor.py:654} INFO - DAG(s) dict_keys(['example_nested_branch_dag']) retrieved from /home/airflow/env/lib/python3.8/site-packages/airflow/example_dags/example_nested_branch_dag.py
[2022-03-23 19:13:49,236] {logging_mixin.py:109} INFO - [2022-03-23 19:13:49,236] {dag.py:2396} INFO - Sync 1 DAGs
[2022-03-23 19:13:49,252] {logging_mixin.py:109} INFO - [2022-03-23 19:13:49,252] {dag.py:2935} INFO - Setting next_dagrun for example_nested_branch_dag to 2022-03-22 00:00:00+00:00
[2022-03-23 19:13:49,269] {processor.py:171} INFO - Processing /home/airflow/env/lib/python3.8/site-packages/airflow/example_dags/example_nested_branch_dag.py took 0.079 seconds
