[2022-03-23 18:35:53,444] {processor.py:163} INFO - Started process (PID=5162) to work on /home/airflow/env/lib/python3.8/site-packages/airflow/example_dags/example_task_group.py
[2022-03-23 18:35:53,445] {processor.py:642} INFO - Processing file /home/airflow/env/lib/python3.8/site-packages/airflow/example_dags/example_task_group.py for tasks to queue
[2022-03-23 18:35:53,446] {logging_mixin.py:109} INFO - [2022-03-23 18:35:53,446] {dagbag.py:500} INFO - Filling up the DagBag from /home/airflow/env/lib/python3.8/site-packages/airflow/example_dags/example_task_group.py
[2022-03-23 18:35:53,468] {processor.py:654} INFO - DAG(s) dict_keys(['example_task_group']) retrieved from /home/airflow/env/lib/python3.8/site-packages/airflow/example_dags/example_task_group.py
[2022-03-23 18:35:53,489] {logging_mixin.py:109} INFO - [2022-03-23 18:35:53,489] {dag.py:2396} INFO - Sync 1 DAGs
[2022-03-23 18:35:53,500] {logging_mixin.py:109} INFO - [2022-03-23 18:35:53,500] {dag.py:2935} INFO - Setting next_dagrun for example_task_group to 2022-03-22T18:35:53.500414+00:00
[2022-03-23 18:35:53,519] {processor.py:171} INFO - Processing /home/airflow/env/lib/python3.8/site-packages/airflow/example_dags/example_task_group.py took 0.078 seconds
[2022-03-23 18:36:27,235] {processor.py:163} INFO - Started process (PID=5194) to work on /home/airflow/env/lib/python3.8/site-packages/airflow/example_dags/example_task_group.py
[2022-03-23 18:36:27,237] {processor.py:642} INFO - Processing file /home/airflow/env/lib/python3.8/site-packages/airflow/example_dags/example_task_group.py for tasks to queue
[2022-03-23 18:36:27,238] {logging_mixin.py:109} INFO - [2022-03-23 18:36:27,238] {dagbag.py:500} INFO - Filling up the DagBag from /home/airflow/env/lib/python3.8/site-packages/airflow/example_dags/example_task_group.py
[2022-03-23 18:36:27,258] {processor.py:654} INFO - DAG(s) dict_keys(['example_task_group']) retrieved from /home/airflow/env/lib/python3.8/site-packages/airflow/example_dags/example_task_group.py
[2022-03-23 18:36:27,268] {logging_mixin.py:109} INFO - [2022-03-23 18:36:27,268] {dag.py:2396} INFO - Sync 1 DAGs
[2022-03-23 18:36:27,280] {logging_mixin.py:109} INFO - [2022-03-23 18:36:27,279] {dag.py:2935} INFO - Setting next_dagrun for example_task_group to 2022-03-22T18:36:27.279534+00:00
[2022-03-23 18:36:27,294] {processor.py:171} INFO - Processing /home/airflow/env/lib/python3.8/site-packages/airflow/example_dags/example_task_group.py took 0.061 seconds
[2022-03-23 18:37:00,213] {processor.py:163} INFO - Started process (PID=5332) to work on /home/airflow/env/lib/python3.8/site-packages/airflow/example_dags/example_task_group.py
[2022-03-23 18:37:00,217] {processor.py:642} INFO - Processing file /home/airflow/env/lib/python3.8/site-packages/airflow/example_dags/example_task_group.py for tasks to queue
[2022-03-23 18:37:00,218] {logging_mixin.py:109} INFO - [2022-03-23 18:37:00,218] {dagbag.py:500} INFO - Filling up the DagBag from /home/airflow/env/lib/python3.8/site-packages/airflow/example_dags/example_task_group.py
[2022-03-23 18:37:00,245] {processor.py:654} INFO - DAG(s) dict_keys(['example_task_group']) retrieved from /home/airflow/env/lib/python3.8/site-packages/airflow/example_dags/example_task_group.py
[2022-03-23 18:37:00,261] {logging_mixin.py:109} INFO - [2022-03-23 18:37:00,261] {dag.py:2396} INFO - Sync 1 DAGs
[2022-03-23 18:37:00,278] {logging_mixin.py:109} INFO - [2022-03-23 18:37:00,278] {dag.py:2935} INFO - Setting next_dagrun for example_task_group to 2022-03-22T18:37:00.278514+00:00
[2022-03-23 18:37:00,298] {processor.py:171} INFO - Processing /home/airflow/env/lib/python3.8/site-packages/airflow/example_dags/example_task_group.py took 0.087 seconds
[2022-03-23 18:37:35,836] {processor.py:163} INFO - Started process (PID=5384) to work on /home/airflow/env/lib/python3.8/site-packages/airflow/example_dags/example_task_group.py
[2022-03-23 18:37:35,844] {processor.py:642} INFO - Processing file /home/airflow/env/lib/python3.8/site-packages/airflow/example_dags/example_task_group.py for tasks to queue
[2022-03-23 18:37:35,844] {logging_mixin.py:109} INFO - [2022-03-23 18:37:35,844] {dagbag.py:500} INFO - Filling up the DagBag from /home/airflow/env/lib/python3.8/site-packages/airflow/example_dags/example_task_group.py
[2022-03-23 18:37:35,863] {processor.py:654} INFO - DAG(s) dict_keys(['example_task_group']) retrieved from /home/airflow/env/lib/python3.8/site-packages/airflow/example_dags/example_task_group.py
[2022-03-23 18:37:35,872] {logging_mixin.py:109} INFO - [2022-03-23 18:37:35,871] {dag.py:2396} INFO - Sync 1 DAGs
[2022-03-23 18:37:35,882] {logging_mixin.py:109} INFO - [2022-03-23 18:37:35,882] {dag.py:2935} INFO - Setting next_dagrun for example_task_group to 2022-03-22T18:37:35.882644+00:00
[2022-03-23 18:37:35,895] {processor.py:171} INFO - Processing /home/airflow/env/lib/python3.8/site-packages/airflow/example_dags/example_task_group.py took 0.061 seconds
[2022-03-23 18:38:09,882] {processor.py:163} INFO - Started process (PID=5475) to work on /home/airflow/env/lib/python3.8/site-packages/airflow/example_dags/example_task_group.py
[2022-03-23 18:38:09,883] {processor.py:642} INFO - Processing file /home/airflow/env/lib/python3.8/site-packages/airflow/example_dags/example_task_group.py for tasks to queue
[2022-03-23 18:38:09,884] {logging_mixin.py:109} INFO - [2022-03-23 18:38:09,883] {dagbag.py:500} INFO - Filling up the DagBag from /home/airflow/env/lib/python3.8/site-packages/airflow/example_dags/example_task_group.py
[2022-03-23 18:38:09,907] {processor.py:654} INFO - DAG(s) dict_keys(['example_task_group']) retrieved from /home/airflow/env/lib/python3.8/site-packages/airflow/example_dags/example_task_group.py
[2022-03-23 18:38:09,920] {logging_mixin.py:109} INFO - [2022-03-23 18:38:09,919] {dag.py:2396} INFO - Sync 1 DAGs
[2022-03-23 18:38:09,937] {logging_mixin.py:109} INFO - [2022-03-23 18:38:09,937] {dag.py:2935} INFO - Setting next_dagrun for example_task_group to 2022-03-22T18:38:09.936877+00:00
[2022-03-23 18:38:09,957] {processor.py:171} INFO - Processing /home/airflow/env/lib/python3.8/site-packages/airflow/example_dags/example_task_group.py took 0.078 seconds
[2022-03-23 18:38:45,166] {processor.py:163} INFO - Started process (PID=5508) to work on /home/airflow/env/lib/python3.8/site-packages/airflow/example_dags/example_task_group.py
[2022-03-23 18:38:45,169] {processor.py:642} INFO - Processing file /home/airflow/env/lib/python3.8/site-packages/airflow/example_dags/example_task_group.py for tasks to queue
[2022-03-23 18:38:45,169] {logging_mixin.py:109} INFO - [2022-03-23 18:38:45,169] {dagbag.py:500} INFO - Filling up the DagBag from /home/airflow/env/lib/python3.8/site-packages/airflow/example_dags/example_task_group.py
[2022-03-23 18:38:45,232] {processor.py:654} INFO - DAG(s) dict_keys(['example_task_group']) retrieved from /home/airflow/env/lib/python3.8/site-packages/airflow/example_dags/example_task_group.py
[2022-03-23 18:38:45,265] {logging_mixin.py:109} INFO - [2022-03-23 18:38:45,265] {dag.py:2396} INFO - Sync 1 DAGs
[2022-03-23 18:38:45,279] {logging_mixin.py:109} INFO - [2022-03-23 18:38:45,279] {dag.py:2935} INFO - Setting next_dagrun for example_task_group to 2022-03-22T18:38:45.278887+00:00
[2022-03-23 18:38:45,292] {processor.py:171} INFO - Processing /home/airflow/env/lib/python3.8/site-packages/airflow/example_dags/example_task_group.py took 0.130 seconds
[2022-03-23 18:39:26,990] {processor.py:163} INFO - Started process (PID=5565) to work on /home/airflow/env/lib/python3.8/site-packages/airflow/example_dags/example_task_group.py
[2022-03-23 18:39:26,992] {processor.py:642} INFO - Processing file /home/airflow/env/lib/python3.8/site-packages/airflow/example_dags/example_task_group.py for tasks to queue
[2022-03-23 18:39:26,993] {logging_mixin.py:109} INFO - [2022-03-23 18:39:26,993] {dagbag.py:500} INFO - Filling up the DagBag from /home/airflow/env/lib/python3.8/site-packages/airflow/example_dags/example_task_group.py
[2022-03-23 18:39:27,019] {processor.py:654} INFO - DAG(s) dict_keys(['example_task_group']) retrieved from /home/airflow/env/lib/python3.8/site-packages/airflow/example_dags/example_task_group.py
[2022-03-23 18:39:27,032] {logging_mixin.py:109} INFO - [2022-03-23 18:39:27,032] {dag.py:2396} INFO - Sync 1 DAGs
[2022-03-23 18:39:27,046] {logging_mixin.py:109} INFO - [2022-03-23 18:39:27,046] {dag.py:2935} INFO - Setting next_dagrun for example_task_group to 2022-03-22T18:39:27.046257+00:00
[2022-03-23 18:39:27,062] {processor.py:171} INFO - Processing /home/airflow/env/lib/python3.8/site-packages/airflow/example_dags/example_task_group.py took 0.076 seconds
[2022-03-23 18:40:03,570] {processor.py:163} INFO - Started process (PID=5718) to work on /home/airflow/env/lib/python3.8/site-packages/airflow/example_dags/example_task_group.py
[2022-03-23 18:40:03,571] {processor.py:642} INFO - Processing file /home/airflow/env/lib/python3.8/site-packages/airflow/example_dags/example_task_group.py for tasks to queue
[2022-03-23 18:40:03,571] {logging_mixin.py:109} INFO - [2022-03-23 18:40:03,571] {dagbag.py:500} INFO - Filling up the DagBag from /home/airflow/env/lib/python3.8/site-packages/airflow/example_dags/example_task_group.py
[2022-03-23 18:40:03,591] {processor.py:654} INFO - DAG(s) dict_keys(['example_task_group']) retrieved from /home/airflow/env/lib/python3.8/site-packages/airflow/example_dags/example_task_group.py
[2022-03-23 18:40:03,601] {logging_mixin.py:109} INFO - [2022-03-23 18:40:03,601] {dag.py:2396} INFO - Sync 1 DAGs
[2022-03-23 18:40:03,612] {logging_mixin.py:109} INFO - [2022-03-23 18:40:03,612] {dag.py:2935} INFO - Setting next_dagrun for example_task_group to 2022-03-22T18:40:03.611945+00:00
[2022-03-23 18:40:03,630] {processor.py:171} INFO - Processing /home/airflow/env/lib/python3.8/site-packages/airflow/example_dags/example_task_group.py took 0.063 seconds
[2022-03-23 18:40:38,052] {processor.py:163} INFO - Started process (PID=5882) to work on /home/airflow/env/lib/python3.8/site-packages/airflow/example_dags/example_task_group.py
[2022-03-23 18:40:38,053] {processor.py:642} INFO - Processing file /home/airflow/env/lib/python3.8/site-packages/airflow/example_dags/example_task_group.py for tasks to queue
[2022-03-23 18:40:38,053] {logging_mixin.py:109} INFO - [2022-03-23 18:40:38,053] {dagbag.py:500} INFO - Filling up the DagBag from /home/airflow/env/lib/python3.8/site-packages/airflow/example_dags/example_task_group.py
[2022-03-23 18:40:38,072] {processor.py:654} INFO - DAG(s) dict_keys(['example_task_group']) retrieved from /home/airflow/env/lib/python3.8/site-packages/airflow/example_dags/example_task_group.py
[2022-03-23 18:40:38,082] {logging_mixin.py:109} INFO - [2022-03-23 18:40:38,082] {dag.py:2396} INFO - Sync 1 DAGs
[2022-03-23 18:40:38,094] {logging_mixin.py:109} INFO - [2022-03-23 18:40:38,094] {dag.py:2935} INFO - Setting next_dagrun for example_task_group to 2022-03-22T18:40:38.093956+00:00
[2022-03-23 18:40:38,111] {processor.py:171} INFO - Processing /home/airflow/env/lib/python3.8/site-packages/airflow/example_dags/example_task_group.py took 0.062 seconds
[2022-03-23 18:41:11,893] {processor.py:163} INFO - Started process (PID=5993) to work on /home/airflow/env/lib/python3.8/site-packages/airflow/example_dags/example_task_group.py
[2022-03-23 18:41:11,895] {processor.py:642} INFO - Processing file /home/airflow/env/lib/python3.8/site-packages/airflow/example_dags/example_task_group.py for tasks to queue
[2022-03-23 18:41:11,895] {logging_mixin.py:109} INFO - [2022-03-23 18:41:11,895] {dagbag.py:500} INFO - Filling up the DagBag from /home/airflow/env/lib/python3.8/site-packages/airflow/example_dags/example_task_group.py
[2022-03-23 18:41:11,914] {processor.py:654} INFO - DAG(s) dict_keys(['example_task_group']) retrieved from /home/airflow/env/lib/python3.8/site-packages/airflow/example_dags/example_task_group.py
[2022-03-23 18:41:11,923] {logging_mixin.py:109} INFO - [2022-03-23 18:41:11,923] {dag.py:2396} INFO - Sync 1 DAGs
[2022-03-23 18:41:11,934] {logging_mixin.py:109} INFO - [2022-03-23 18:41:11,934] {dag.py:2935} INFO - Setting next_dagrun for example_task_group to 2022-03-22T18:41:11.934081+00:00
[2022-03-23 18:41:11,951] {processor.py:171} INFO - Processing /home/airflow/env/lib/python3.8/site-packages/airflow/example_dags/example_task_group.py took 0.060 seconds
[2022-03-23 18:41:59,906] {processor.py:163} INFO - Started process (PID=6217) to work on /home/airflow/env/lib/python3.8/site-packages/airflow/example_dags/example_task_group.py
[2022-03-23 18:41:59,907] {processor.py:642} INFO - Processing file /home/airflow/env/lib/python3.8/site-packages/airflow/example_dags/example_task_group.py for tasks to queue
[2022-03-23 18:41:59,907] {logging_mixin.py:109} INFO - [2022-03-23 18:41:59,907] {dagbag.py:500} INFO - Filling up the DagBag from /home/airflow/env/lib/python3.8/site-packages/airflow/example_dags/example_task_group.py
[2022-03-23 18:41:59,930] {processor.py:654} INFO - DAG(s) dict_keys(['example_task_group']) retrieved from /home/airflow/env/lib/python3.8/site-packages/airflow/example_dags/example_task_group.py
[2022-03-23 18:41:59,942] {logging_mixin.py:109} INFO - [2022-03-23 18:41:59,942] {dag.py:2396} INFO - Sync 1 DAGs
[2022-03-23 18:41:59,956] {logging_mixin.py:109} INFO - [2022-03-23 18:41:59,956] {dag.py:2935} INFO - Setting next_dagrun for example_task_group to 2022-03-22T18:41:59.955907+00:00
[2022-03-23 18:41:59,974] {processor.py:171} INFO - Processing /home/airflow/env/lib/python3.8/site-packages/airflow/example_dags/example_task_group.py took 0.071 seconds
[2022-03-23 18:42:31,536] {processor.py:163} INFO - Started process (PID=6354) to work on /home/airflow/env/lib/python3.8/site-packages/airflow/example_dags/example_task_group.py
[2022-03-23 18:42:31,537] {processor.py:642} INFO - Processing file /home/airflow/env/lib/python3.8/site-packages/airflow/example_dags/example_task_group.py for tasks to queue
[2022-03-23 18:42:31,537] {logging_mixin.py:109} INFO - [2022-03-23 18:42:31,537] {dagbag.py:500} INFO - Filling up the DagBag from /home/airflow/env/lib/python3.8/site-packages/airflow/example_dags/example_task_group.py
[2022-03-23 18:42:31,558] {processor.py:654} INFO - DAG(s) dict_keys(['example_task_group']) retrieved from /home/airflow/env/lib/python3.8/site-packages/airflow/example_dags/example_task_group.py
[2022-03-23 18:42:31,581] {logging_mixin.py:109} INFO - [2022-03-23 18:42:31,581] {dag.py:2396} INFO - Sync 1 DAGs
[2022-03-23 18:42:31,602] {logging_mixin.py:109} INFO - [2022-03-23 18:42:31,602] {dag.py:2935} INFO - Setting next_dagrun for example_task_group to 2022-03-22T18:42:31.602656+00:00
[2022-03-23 18:42:31,637] {processor.py:171} INFO - Processing /home/airflow/env/lib/python3.8/site-packages/airflow/example_dags/example_task_group.py took 0.103 seconds
[2022-03-23 18:43:07,643] {processor.py:163} INFO - Started process (PID=6449) to work on /home/airflow/env/lib/python3.8/site-packages/airflow/example_dags/example_task_group.py
[2022-03-23 18:43:07,644] {processor.py:642} INFO - Processing file /home/airflow/env/lib/python3.8/site-packages/airflow/example_dags/example_task_group.py for tasks to queue
[2022-03-23 18:43:07,645] {logging_mixin.py:109} INFO - [2022-03-23 18:43:07,644] {dagbag.py:500} INFO - Filling up the DagBag from /home/airflow/env/lib/python3.8/site-packages/airflow/example_dags/example_task_group.py
[2022-03-23 18:43:07,665] {processor.py:654} INFO - DAG(s) dict_keys(['example_task_group']) retrieved from /home/airflow/env/lib/python3.8/site-packages/airflow/example_dags/example_task_group.py
[2022-03-23 18:43:07,675] {logging_mixin.py:109} INFO - [2022-03-23 18:43:07,675] {dag.py:2396} INFO - Sync 1 DAGs
[2022-03-23 18:43:07,687] {logging_mixin.py:109} INFO - [2022-03-23 18:43:07,687] {dag.py:2935} INFO - Setting next_dagrun for example_task_group to 2022-03-22T18:43:07.687585+00:00
[2022-03-23 18:43:07,700] {processor.py:171} INFO - Processing /home/airflow/env/lib/python3.8/site-packages/airflow/example_dags/example_task_group.py took 0.060 seconds
[2022-03-23 18:43:43,682] {processor.py:163} INFO - Started process (PID=6485) to work on /home/airflow/env/lib/python3.8/site-packages/airflow/example_dags/example_task_group.py
[2022-03-23 18:43:43,685] {processor.py:642} INFO - Processing file /home/airflow/env/lib/python3.8/site-packages/airflow/example_dags/example_task_group.py for tasks to queue
[2022-03-23 18:43:43,687] {logging_mixin.py:109} INFO - [2022-03-23 18:43:43,686] {dagbag.py:500} INFO - Filling up the DagBag from /home/airflow/env/lib/python3.8/site-packages/airflow/example_dags/example_task_group.py
[2022-03-23 18:43:43,718] {processor.py:654} INFO - DAG(s) dict_keys(['example_task_group']) retrieved from /home/airflow/env/lib/python3.8/site-packages/airflow/example_dags/example_task_group.py
[2022-03-23 18:43:43,732] {logging_mixin.py:109} INFO - [2022-03-23 18:43:43,732] {dag.py:2396} INFO - Sync 1 DAGs
[2022-03-23 18:43:43,753] {logging_mixin.py:109} INFO - [2022-03-23 18:43:43,753] {dag.py:2935} INFO - Setting next_dagrun for example_task_group to 2022-03-22T18:43:43.753033+00:00
[2022-03-23 18:43:43,776] {processor.py:171} INFO - Processing /home/airflow/env/lib/python3.8/site-packages/airflow/example_dags/example_task_group.py took 0.099 seconds
[2022-03-23 18:44:20,274] {processor.py:163} INFO - Started process (PID=6518) to work on /home/airflow/env/lib/python3.8/site-packages/airflow/example_dags/example_task_group.py
[2022-03-23 18:44:20,275] {processor.py:642} INFO - Processing file /home/airflow/env/lib/python3.8/site-packages/airflow/example_dags/example_task_group.py for tasks to queue
[2022-03-23 18:44:20,276] {logging_mixin.py:109} INFO - [2022-03-23 18:44:20,276] {dagbag.py:500} INFO - Filling up the DagBag from /home/airflow/env/lib/python3.8/site-packages/airflow/example_dags/example_task_group.py
[2022-03-23 18:44:20,297] {processor.py:654} INFO - DAG(s) dict_keys(['example_task_group']) retrieved from /home/airflow/env/lib/python3.8/site-packages/airflow/example_dags/example_task_group.py
[2022-03-23 18:44:20,309] {logging_mixin.py:109} INFO - [2022-03-23 18:44:20,309] {dag.py:2396} INFO - Sync 1 DAGs
[2022-03-23 18:44:20,322] {logging_mixin.py:109} INFO - [2022-03-23 18:44:20,322] {dag.py:2935} INFO - Setting next_dagrun for example_task_group to 2022-03-22T18:44:20.322432+00:00
[2022-03-23 18:44:20,342] {processor.py:171} INFO - Processing /home/airflow/env/lib/python3.8/site-packages/airflow/example_dags/example_task_group.py took 0.070 seconds
[2022-03-23 18:44:54,775] {processor.py:163} INFO - Started process (PID=6550) to work on /home/airflow/env/lib/python3.8/site-packages/airflow/example_dags/example_task_group.py
[2022-03-23 18:44:54,777] {processor.py:642} INFO - Processing file /home/airflow/env/lib/python3.8/site-packages/airflow/example_dags/example_task_group.py for tasks to queue
[2022-03-23 18:44:54,777] {logging_mixin.py:109} INFO - [2022-03-23 18:44:54,777] {dagbag.py:500} INFO - Filling up the DagBag from /home/airflow/env/lib/python3.8/site-packages/airflow/example_dags/example_task_group.py
[2022-03-23 18:44:54,806] {processor.py:654} INFO - DAG(s) dict_keys(['example_task_group']) retrieved from /home/airflow/env/lib/python3.8/site-packages/airflow/example_dags/example_task_group.py
[2022-03-23 18:44:54,821] {logging_mixin.py:109} INFO - [2022-03-23 18:44:54,821] {dag.py:2396} INFO - Sync 1 DAGs
[2022-03-23 18:44:54,836] {logging_mixin.py:109} INFO - [2022-03-23 18:44:54,836] {dag.py:2935} INFO - Setting next_dagrun for example_task_group to 2022-03-22T18:44:54.836371+00:00
[2022-03-23 18:44:54,860] {processor.py:171} INFO - Processing /home/airflow/env/lib/python3.8/site-packages/airflow/example_dags/example_task_group.py took 0.090 seconds
[2022-03-23 18:45:29,808] {processor.py:163} INFO - Started process (PID=6587) to work on /home/airflow/env/lib/python3.8/site-packages/airflow/example_dags/example_task_group.py
[2022-03-23 18:45:29,810] {processor.py:642} INFO - Processing file /home/airflow/env/lib/python3.8/site-packages/airflow/example_dags/example_task_group.py for tasks to queue
[2022-03-23 18:45:29,812] {logging_mixin.py:109} INFO - [2022-03-23 18:45:29,812] {dagbag.py:500} INFO - Filling up the DagBag from /home/airflow/env/lib/python3.8/site-packages/airflow/example_dags/example_task_group.py
[2022-03-23 18:45:29,839] {processor.py:654} INFO - DAG(s) dict_keys(['example_task_group']) retrieved from /home/airflow/env/lib/python3.8/site-packages/airflow/example_dags/example_task_group.py
[2022-03-23 18:45:29,851] {logging_mixin.py:109} INFO - [2022-03-23 18:45:29,851] {dag.py:2396} INFO - Sync 1 DAGs
[2022-03-23 18:45:29,864] {logging_mixin.py:109} INFO - [2022-03-23 18:45:29,864] {dag.py:2935} INFO - Setting next_dagrun for example_task_group to 2022-03-22T18:45:29.863765+00:00
[2022-03-23 18:45:29,881] {processor.py:171} INFO - Processing /home/airflow/env/lib/python3.8/site-packages/airflow/example_dags/example_task_group.py took 0.078 seconds
[2022-03-23 18:46:04,353] {processor.py:163} INFO - Started process (PID=6669) to work on /home/airflow/env/lib/python3.8/site-packages/airflow/example_dags/example_task_group.py
[2022-03-23 18:46:04,354] {processor.py:642} INFO - Processing file /home/airflow/env/lib/python3.8/site-packages/airflow/example_dags/example_task_group.py for tasks to queue
[2022-03-23 18:46:04,355] {logging_mixin.py:109} INFO - [2022-03-23 18:46:04,355] {dagbag.py:500} INFO - Filling up the DagBag from /home/airflow/env/lib/python3.8/site-packages/airflow/example_dags/example_task_group.py
[2022-03-23 18:46:04,376] {processor.py:654} INFO - DAG(s) dict_keys(['example_task_group']) retrieved from /home/airflow/env/lib/python3.8/site-packages/airflow/example_dags/example_task_group.py
[2022-03-23 18:46:04,386] {logging_mixin.py:109} INFO - [2022-03-23 18:46:04,386] {dag.py:2396} INFO - Sync 1 DAGs
[2022-03-23 18:46:04,399] {logging_mixin.py:109} INFO - [2022-03-23 18:46:04,399] {dag.py:2935} INFO - Setting next_dagrun for example_task_group to 2022-03-22T18:46:04.398777+00:00
[2022-03-23 18:46:04,419] {processor.py:171} INFO - Processing /home/airflow/env/lib/python3.8/site-packages/airflow/example_dags/example_task_group.py took 0.069 seconds
[2022-03-23 18:46:37,140] {processor.py:163} INFO - Started process (PID=6702) to work on /home/airflow/env/lib/python3.8/site-packages/airflow/example_dags/example_task_group.py
[2022-03-23 18:46:37,142] {processor.py:642} INFO - Processing file /home/airflow/env/lib/python3.8/site-packages/airflow/example_dags/example_task_group.py for tasks to queue
[2022-03-23 18:46:37,143] {logging_mixin.py:109} INFO - [2022-03-23 18:46:37,143] {dagbag.py:500} INFO - Filling up the DagBag from /home/airflow/env/lib/python3.8/site-packages/airflow/example_dags/example_task_group.py
[2022-03-23 18:46:37,167] {processor.py:654} INFO - DAG(s) dict_keys(['example_task_group']) retrieved from /home/airflow/env/lib/python3.8/site-packages/airflow/example_dags/example_task_group.py
[2022-03-23 18:46:37,179] {logging_mixin.py:109} INFO - [2022-03-23 18:46:37,179] {dag.py:2396} INFO - Sync 1 DAGs
[2022-03-23 18:46:37,192] {logging_mixin.py:109} INFO - [2022-03-23 18:46:37,191] {dag.py:2935} INFO - Setting next_dagrun for example_task_group to 2022-03-22T18:46:37.191468+00:00
[2022-03-23 18:46:37,245] {processor.py:171} INFO - Processing /home/airflow/env/lib/python3.8/site-packages/airflow/example_dags/example_task_group.py took 0.108 seconds
[2022-03-23 18:47:12,557] {processor.py:163} INFO - Started process (PID=6736) to work on /home/airflow/env/lib/python3.8/site-packages/airflow/example_dags/example_task_group.py
[2022-03-23 18:47:12,564] {processor.py:642} INFO - Processing file /home/airflow/env/lib/python3.8/site-packages/airflow/example_dags/example_task_group.py for tasks to queue
[2022-03-23 18:47:12,567] {logging_mixin.py:109} INFO - [2022-03-23 18:47:12,567] {dagbag.py:500} INFO - Filling up the DagBag from /home/airflow/env/lib/python3.8/site-packages/airflow/example_dags/example_task_group.py
[2022-03-23 18:47:12,589] {processor.py:654} INFO - DAG(s) dict_keys(['example_task_group']) retrieved from /home/airflow/env/lib/python3.8/site-packages/airflow/example_dags/example_task_group.py
[2022-03-23 18:47:12,602] {logging_mixin.py:109} INFO - [2022-03-23 18:47:12,602] {dag.py:2396} INFO - Sync 1 DAGs
[2022-03-23 18:47:12,619] {logging_mixin.py:109} INFO - [2022-03-23 18:47:12,618] {dag.py:2935} INFO - Setting next_dagrun for example_task_group to 2022-03-22T18:47:12.618670+00:00
[2022-03-23 18:47:12,652] {processor.py:171} INFO - Processing /home/airflow/env/lib/python3.8/site-packages/airflow/example_dags/example_task_group.py took 0.099 seconds
[2022-03-23 18:47:50,240] {processor.py:163} INFO - Started process (PID=6770) to work on /home/airflow/env/lib/python3.8/site-packages/airflow/example_dags/example_task_group.py
[2022-03-23 18:47:50,242] {processor.py:642} INFO - Processing file /home/airflow/env/lib/python3.8/site-packages/airflow/example_dags/example_task_group.py for tasks to queue
[2022-03-23 18:47:50,243] {logging_mixin.py:109} INFO - [2022-03-23 18:47:50,242] {dagbag.py:500} INFO - Filling up the DagBag from /home/airflow/env/lib/python3.8/site-packages/airflow/example_dags/example_task_group.py
[2022-03-23 18:47:50,292] {processor.py:654} INFO - DAG(s) dict_keys(['example_task_group']) retrieved from /home/airflow/env/lib/python3.8/site-packages/airflow/example_dags/example_task_group.py
[2022-03-23 18:47:50,311] {logging_mixin.py:109} INFO - [2022-03-23 18:47:50,311] {dag.py:2396} INFO - Sync 1 DAGs
[2022-03-23 18:47:50,336] {logging_mixin.py:109} INFO - [2022-03-23 18:47:50,335] {dag.py:2935} INFO - Setting next_dagrun for example_task_group to 2022-03-22T18:47:50.335117+00:00
[2022-03-23 18:47:50,357] {processor.py:171} INFO - Processing /home/airflow/env/lib/python3.8/site-packages/airflow/example_dags/example_task_group.py took 0.122 seconds
[2022-03-23 18:48:29,263] {processor.py:163} INFO - Started process (PID=6807) to work on /home/airflow/env/lib/python3.8/site-packages/airflow/example_dags/example_task_group.py
[2022-03-23 18:48:29,266] {processor.py:642} INFO - Processing file /home/airflow/env/lib/python3.8/site-packages/airflow/example_dags/example_task_group.py for tasks to queue
[2022-03-23 18:48:29,267] {logging_mixin.py:109} INFO - [2022-03-23 18:48:29,267] {dagbag.py:500} INFO - Filling up the DagBag from /home/airflow/env/lib/python3.8/site-packages/airflow/example_dags/example_task_group.py
[2022-03-23 18:48:29,303] {processor.py:654} INFO - DAG(s) dict_keys(['example_task_group']) retrieved from /home/airflow/env/lib/python3.8/site-packages/airflow/example_dags/example_task_group.py
[2022-03-23 18:48:29,320] {logging_mixin.py:109} INFO - [2022-03-23 18:48:29,320] {dag.py:2396} INFO - Sync 1 DAGs
[2022-03-23 18:48:29,346] {logging_mixin.py:109} INFO - [2022-03-23 18:48:29,346] {dag.py:2935} INFO - Setting next_dagrun for example_task_group to 2022-03-22T18:48:29.345860+00:00
[2022-03-23 18:48:29,369] {processor.py:171} INFO - Processing /home/airflow/env/lib/python3.8/site-packages/airflow/example_dags/example_task_group.py took 0.110 seconds
[2022-03-23 18:49:02,668] {processor.py:163} INFO - Started process (PID=6839) to work on /home/airflow/env/lib/python3.8/site-packages/airflow/example_dags/example_task_group.py
[2022-03-23 18:49:02,669] {processor.py:642} INFO - Processing file /home/airflow/env/lib/python3.8/site-packages/airflow/example_dags/example_task_group.py for tasks to queue
[2022-03-23 18:49:02,669] {logging_mixin.py:109} INFO - [2022-03-23 18:49:02,669] {dagbag.py:500} INFO - Filling up the DagBag from /home/airflow/env/lib/python3.8/site-packages/airflow/example_dags/example_task_group.py
[2022-03-23 18:49:02,699] {processor.py:654} INFO - DAG(s) dict_keys(['example_task_group']) retrieved from /home/airflow/env/lib/python3.8/site-packages/airflow/example_dags/example_task_group.py
[2022-03-23 18:49:02,709] {logging_mixin.py:109} INFO - [2022-03-23 18:49:02,709] {dag.py:2396} INFO - Sync 1 DAGs
[2022-03-23 18:49:02,724] {logging_mixin.py:109} INFO - [2022-03-23 18:49:02,724] {dag.py:2935} INFO - Setting next_dagrun for example_task_group to 2022-03-22T18:49:02.723656+00:00
[2022-03-23 18:49:02,743] {processor.py:171} INFO - Processing /home/airflow/env/lib/python3.8/site-packages/airflow/example_dags/example_task_group.py took 0.078 seconds
[2022-03-23 18:49:36,446] {processor.py:163} INFO - Started process (PID=6993) to work on /home/airflow/env/lib/python3.8/site-packages/airflow/example_dags/example_task_group.py
[2022-03-23 18:49:36,447] {processor.py:642} INFO - Processing file /home/airflow/env/lib/python3.8/site-packages/airflow/example_dags/example_task_group.py for tasks to queue
[2022-03-23 18:49:36,447] {logging_mixin.py:109} INFO - [2022-03-23 18:49:36,447] {dagbag.py:500} INFO - Filling up the DagBag from /home/airflow/env/lib/python3.8/site-packages/airflow/example_dags/example_task_group.py
[2022-03-23 18:49:36,465] {processor.py:654} INFO - DAG(s) dict_keys(['example_task_group']) retrieved from /home/airflow/env/lib/python3.8/site-packages/airflow/example_dags/example_task_group.py
[2022-03-23 18:49:36,475] {logging_mixin.py:109} INFO - [2022-03-23 18:49:36,475] {dag.py:2396} INFO - Sync 1 DAGs
[2022-03-23 18:49:36,494] {logging_mixin.py:109} INFO - [2022-03-23 18:49:36,494] {dag.py:2935} INFO - Setting next_dagrun for example_task_group to 2022-03-22T18:49:36.494037+00:00
[2022-03-23 18:49:36,513] {processor.py:171} INFO - Processing /home/airflow/env/lib/python3.8/site-packages/airflow/example_dags/example_task_group.py took 0.070 seconds
[2022-03-23 18:50:10,753] {processor.py:163} INFO - Started process (PID=7027) to work on /home/airflow/env/lib/python3.8/site-packages/airflow/example_dags/example_task_group.py
[2022-03-23 18:50:10,755] {processor.py:642} INFO - Processing file /home/airflow/env/lib/python3.8/site-packages/airflow/example_dags/example_task_group.py for tasks to queue
[2022-03-23 18:50:10,755] {logging_mixin.py:109} INFO - [2022-03-23 18:50:10,755] {dagbag.py:500} INFO - Filling up the DagBag from /home/airflow/env/lib/python3.8/site-packages/airflow/example_dags/example_task_group.py
[2022-03-23 18:50:10,775] {processor.py:654} INFO - DAG(s) dict_keys(['example_task_group']) retrieved from /home/airflow/env/lib/python3.8/site-packages/airflow/example_dags/example_task_group.py
[2022-03-23 18:50:10,789] {logging_mixin.py:109} INFO - [2022-03-23 18:50:10,788] {dag.py:2396} INFO - Sync 1 DAGs
[2022-03-23 18:50:10,801] {logging_mixin.py:109} INFO - [2022-03-23 18:50:10,801] {dag.py:2935} INFO - Setting next_dagrun for example_task_group to 2022-03-22T18:50:10.801138+00:00
[2022-03-23 18:50:10,819] {processor.py:171} INFO - Processing /home/airflow/env/lib/python3.8/site-packages/airflow/example_dags/example_task_group.py took 0.068 seconds
[2022-03-23 18:50:42,890] {processor.py:163} INFO - Started process (PID=7113) to work on /home/airflow/env/lib/python3.8/site-packages/airflow/example_dags/example_task_group.py
[2022-03-23 18:50:42,891] {processor.py:642} INFO - Processing file /home/airflow/env/lib/python3.8/site-packages/airflow/example_dags/example_task_group.py for tasks to queue
[2022-03-23 18:50:42,892] {logging_mixin.py:109} INFO - [2022-03-23 18:50:42,892] {dagbag.py:500} INFO - Filling up the DagBag from /home/airflow/env/lib/python3.8/site-packages/airflow/example_dags/example_task_group.py
[2022-03-23 18:50:42,915] {processor.py:654} INFO - DAG(s) dict_keys(['example_task_group']) retrieved from /home/airflow/env/lib/python3.8/site-packages/airflow/example_dags/example_task_group.py
[2022-03-23 18:50:42,925] {logging_mixin.py:109} INFO - [2022-03-23 18:50:42,925] {dag.py:2396} INFO - Sync 1 DAGs
[2022-03-23 18:50:42,938] {logging_mixin.py:109} INFO - [2022-03-23 18:50:42,938] {dag.py:2935} INFO - Setting next_dagrun for example_task_group to 2022-03-22T18:50:42.937947+00:00
[2022-03-23 18:50:42,951] {processor.py:171} INFO - Processing /home/airflow/env/lib/python3.8/site-packages/airflow/example_dags/example_task_group.py took 0.064 seconds
[2022-03-23 18:51:16,505] {processor.py:163} INFO - Started process (PID=7146) to work on /home/airflow/env/lib/python3.8/site-packages/airflow/example_dags/example_task_group.py
[2022-03-23 18:51:16,506] {processor.py:642} INFO - Processing file /home/airflow/env/lib/python3.8/site-packages/airflow/example_dags/example_task_group.py for tasks to queue
[2022-03-23 18:51:16,507] {logging_mixin.py:109} INFO - [2022-03-23 18:51:16,507] {dagbag.py:500} INFO - Filling up the DagBag from /home/airflow/env/lib/python3.8/site-packages/airflow/example_dags/example_task_group.py
[2022-03-23 18:51:16,528] {processor.py:654} INFO - DAG(s) dict_keys(['example_task_group']) retrieved from /home/airflow/env/lib/python3.8/site-packages/airflow/example_dags/example_task_group.py
[2022-03-23 18:51:16,539] {logging_mixin.py:109} INFO - [2022-03-23 18:51:16,539] {dag.py:2396} INFO - Sync 1 DAGs
[2022-03-23 18:51:16,551] {logging_mixin.py:109} INFO - [2022-03-23 18:51:16,551] {dag.py:2935} INFO - Setting next_dagrun for example_task_group to 2022-03-22T18:51:16.551520+00:00
[2022-03-23 18:51:16,568] {processor.py:171} INFO - Processing /home/airflow/env/lib/python3.8/site-packages/airflow/example_dags/example_task_group.py took 0.065 seconds
[2022-03-23 18:51:50,845] {processor.py:163} INFO - Started process (PID=7179) to work on /home/airflow/env/lib/python3.8/site-packages/airflow/example_dags/example_task_group.py
[2022-03-23 18:51:50,846] {processor.py:642} INFO - Processing file /home/airflow/env/lib/python3.8/site-packages/airflow/example_dags/example_task_group.py for tasks to queue
[2022-03-23 18:51:50,847] {logging_mixin.py:109} INFO - [2022-03-23 18:51:50,847] {dagbag.py:500} INFO - Filling up the DagBag from /home/airflow/env/lib/python3.8/site-packages/airflow/example_dags/example_task_group.py
[2022-03-23 18:51:50,868] {processor.py:654} INFO - DAG(s) dict_keys(['example_task_group']) retrieved from /home/airflow/env/lib/python3.8/site-packages/airflow/example_dags/example_task_group.py
[2022-03-23 18:51:50,880] {logging_mixin.py:109} INFO - [2022-03-23 18:51:50,880] {dag.py:2396} INFO - Sync 1 DAGs
[2022-03-23 18:51:50,892] {logging_mixin.py:109} INFO - [2022-03-23 18:51:50,892] {dag.py:2935} INFO - Setting next_dagrun for example_task_group to 2022-03-22T18:51:50.891805+00:00
[2022-03-23 18:51:50,917] {processor.py:171} INFO - Processing /home/airflow/env/lib/python3.8/site-packages/airflow/example_dags/example_task_group.py took 0.075 seconds
[2022-03-23 18:52:25,483] {processor.py:163} INFO - Started process (PID=7213) to work on /home/airflow/env/lib/python3.8/site-packages/airflow/example_dags/example_task_group.py
[2022-03-23 18:52:25,484] {processor.py:642} INFO - Processing file /home/airflow/env/lib/python3.8/site-packages/airflow/example_dags/example_task_group.py for tasks to queue
[2022-03-23 18:52:25,485] {logging_mixin.py:109} INFO - [2022-03-23 18:52:25,485] {dagbag.py:500} INFO - Filling up the DagBag from /home/airflow/env/lib/python3.8/site-packages/airflow/example_dags/example_task_group.py
[2022-03-23 18:52:25,502] {processor.py:654} INFO - DAG(s) dict_keys(['example_task_group']) retrieved from /home/airflow/env/lib/python3.8/site-packages/airflow/example_dags/example_task_group.py
[2022-03-23 18:52:25,511] {logging_mixin.py:109} INFO - [2022-03-23 18:52:25,511] {dag.py:2396} INFO - Sync 1 DAGs
[2022-03-23 18:52:25,522] {logging_mixin.py:109} INFO - [2022-03-23 18:52:25,521] {dag.py:2935} INFO - Setting next_dagrun for example_task_group to 2022-03-22T18:52:25.521658+00:00
[2022-03-23 18:52:25,539] {processor.py:171} INFO - Processing /home/airflow/env/lib/python3.8/site-packages/airflow/example_dags/example_task_group.py took 0.059 seconds
[2022-03-23 18:52:58,557] {processor.py:163} INFO - Started process (PID=7246) to work on /home/airflow/env/lib/python3.8/site-packages/airflow/example_dags/example_task_group.py
[2022-03-23 18:52:58,558] {processor.py:642} INFO - Processing file /home/airflow/env/lib/python3.8/site-packages/airflow/example_dags/example_task_group.py for tasks to queue
[2022-03-23 18:52:58,559] {logging_mixin.py:109} INFO - [2022-03-23 18:52:58,559] {dagbag.py:500} INFO - Filling up the DagBag from /home/airflow/env/lib/python3.8/site-packages/airflow/example_dags/example_task_group.py
[2022-03-23 18:52:58,582] {processor.py:654} INFO - DAG(s) dict_keys(['example_task_group']) retrieved from /home/airflow/env/lib/python3.8/site-packages/airflow/example_dags/example_task_group.py
[2022-03-23 18:52:58,595] {logging_mixin.py:109} INFO - [2022-03-23 18:52:58,595] {dag.py:2396} INFO - Sync 1 DAGs
[2022-03-23 18:52:58,610] {logging_mixin.py:109} INFO - [2022-03-23 18:52:58,610] {dag.py:2935} INFO - Setting next_dagrun for example_task_group to 2022-03-22T18:52:58.610630+00:00
[2022-03-23 18:52:58,628] {processor.py:171} INFO - Processing /home/airflow/env/lib/python3.8/site-packages/airflow/example_dags/example_task_group.py took 0.074 seconds
[2022-03-23 18:53:32,839] {processor.py:163} INFO - Started process (PID=7279) to work on /home/airflow/env/lib/python3.8/site-packages/airflow/example_dags/example_task_group.py
[2022-03-23 18:53:32,840] {processor.py:642} INFO - Processing file /home/airflow/env/lib/python3.8/site-packages/airflow/example_dags/example_task_group.py for tasks to queue
[2022-03-23 18:53:32,840] {logging_mixin.py:109} INFO - [2022-03-23 18:53:32,840] {dagbag.py:500} INFO - Filling up the DagBag from /home/airflow/env/lib/python3.8/site-packages/airflow/example_dags/example_task_group.py
[2022-03-23 18:53:32,859] {processor.py:654} INFO - DAG(s) dict_keys(['example_task_group']) retrieved from /home/airflow/env/lib/python3.8/site-packages/airflow/example_dags/example_task_group.py
[2022-03-23 18:53:32,869] {logging_mixin.py:109} INFO - [2022-03-23 18:53:32,869] {dag.py:2396} INFO - Sync 1 DAGs
[2022-03-23 18:53:32,880] {logging_mixin.py:109} INFO - [2022-03-23 18:53:32,880] {dag.py:2935} INFO - Setting next_dagrun for example_task_group to 2022-03-22T18:53:32.879858+00:00
[2022-03-23 18:53:32,893] {processor.py:171} INFO - Processing /home/airflow/env/lib/python3.8/site-packages/airflow/example_dags/example_task_group.py took 0.057 seconds
[2022-03-23 18:54:07,084] {processor.py:163} INFO - Started process (PID=7312) to work on /home/airflow/env/lib/python3.8/site-packages/airflow/example_dags/example_task_group.py
[2022-03-23 18:54:07,085] {processor.py:642} INFO - Processing file /home/airflow/env/lib/python3.8/site-packages/airflow/example_dags/example_task_group.py for tasks to queue
[2022-03-23 18:54:07,086] {logging_mixin.py:109} INFO - [2022-03-23 18:54:07,086] {dagbag.py:500} INFO - Filling up the DagBag from /home/airflow/env/lib/python3.8/site-packages/airflow/example_dags/example_task_group.py
[2022-03-23 18:54:07,110] {processor.py:654} INFO - DAG(s) dict_keys(['example_task_group']) retrieved from /home/airflow/env/lib/python3.8/site-packages/airflow/example_dags/example_task_group.py
[2022-03-23 18:54:07,119] {logging_mixin.py:109} INFO - [2022-03-23 18:54:07,119] {dag.py:2396} INFO - Sync 1 DAGs
[2022-03-23 18:54:07,130] {logging_mixin.py:109} INFO - [2022-03-23 18:54:07,130] {dag.py:2935} INFO - Setting next_dagrun for example_task_group to 2022-03-22T18:54:07.130217+00:00
[2022-03-23 18:54:07,148] {processor.py:171} INFO - Processing /home/airflow/env/lib/python3.8/site-packages/airflow/example_dags/example_task_group.py took 0.067 seconds
[2022-03-23 18:54:43,130] {processor.py:163} INFO - Started process (PID=7346) to work on /home/airflow/env/lib/python3.8/site-packages/airflow/example_dags/example_task_group.py
[2022-03-23 18:54:43,131] {processor.py:642} INFO - Processing file /home/airflow/env/lib/python3.8/site-packages/airflow/example_dags/example_task_group.py for tasks to queue
[2022-03-23 18:54:43,132] {logging_mixin.py:109} INFO - [2022-03-23 18:54:43,132] {dagbag.py:500} INFO - Filling up the DagBag from /home/airflow/env/lib/python3.8/site-packages/airflow/example_dags/example_task_group.py
[2022-03-23 18:54:43,152] {processor.py:654} INFO - DAG(s) dict_keys(['example_task_group']) retrieved from /home/airflow/env/lib/python3.8/site-packages/airflow/example_dags/example_task_group.py
[2022-03-23 18:54:43,163] {logging_mixin.py:109} INFO - [2022-03-23 18:54:43,162] {dag.py:2396} INFO - Sync 1 DAGs
[2022-03-23 18:54:43,175] {logging_mixin.py:109} INFO - [2022-03-23 18:54:43,175] {dag.py:2935} INFO - Setting next_dagrun for example_task_group to 2022-03-22T18:54:43.174662+00:00
[2022-03-23 18:54:43,192] {processor.py:171} INFO - Processing /home/airflow/env/lib/python3.8/site-packages/airflow/example_dags/example_task_group.py took 0.065 seconds
[2022-03-23 18:55:15,904] {processor.py:163} INFO - Started process (PID=7380) to work on /home/airflow/env/lib/python3.8/site-packages/airflow/example_dags/example_task_group.py
[2022-03-23 18:55:15,905] {processor.py:642} INFO - Processing file /home/airflow/env/lib/python3.8/site-packages/airflow/example_dags/example_task_group.py for tasks to queue
[2022-03-23 18:55:15,906] {logging_mixin.py:109} INFO - [2022-03-23 18:55:15,906] {dagbag.py:500} INFO - Filling up the DagBag from /home/airflow/env/lib/python3.8/site-packages/airflow/example_dags/example_task_group.py
[2022-03-23 18:55:15,924] {processor.py:654} INFO - DAG(s) dict_keys(['example_task_group']) retrieved from /home/airflow/env/lib/python3.8/site-packages/airflow/example_dags/example_task_group.py
[2022-03-23 18:55:15,933] {logging_mixin.py:109} INFO - [2022-03-23 18:55:15,933] {dag.py:2396} INFO - Sync 1 DAGs
[2022-03-23 18:55:15,944] {logging_mixin.py:109} INFO - [2022-03-23 18:55:15,944] {dag.py:2935} INFO - Setting next_dagrun for example_task_group to 2022-03-22T18:55:15.944048+00:00
[2022-03-23 18:55:15,962] {processor.py:171} INFO - Processing /home/airflow/env/lib/python3.8/site-packages/airflow/example_dags/example_task_group.py took 0.061 seconds
[2022-03-23 18:55:49,033] {processor.py:163} INFO - Started process (PID=7467) to work on /home/airflow/env/lib/python3.8/site-packages/airflow/example_dags/example_task_group.py
[2022-03-23 18:55:49,034] {processor.py:642} INFO - Processing file /home/airflow/env/lib/python3.8/site-packages/airflow/example_dags/example_task_group.py for tasks to queue
[2022-03-23 18:55:49,034] {logging_mixin.py:109} INFO - [2022-03-23 18:55:49,034] {dagbag.py:500} INFO - Filling up the DagBag from /home/airflow/env/lib/python3.8/site-packages/airflow/example_dags/example_task_group.py
[2022-03-23 18:55:49,055] {processor.py:654} INFO - DAG(s) dict_keys(['example_task_group']) retrieved from /home/airflow/env/lib/python3.8/site-packages/airflow/example_dags/example_task_group.py
[2022-03-23 18:55:49,066] {logging_mixin.py:109} INFO - [2022-03-23 18:55:49,066] {dag.py:2396} INFO - Sync 1 DAGs
[2022-03-23 18:55:49,078] {logging_mixin.py:109} INFO - [2022-03-23 18:55:49,078] {dag.py:2935} INFO - Setting next_dagrun for example_task_group to 2022-03-22T18:55:49.078611+00:00
[2022-03-23 18:55:49,094] {processor.py:171} INFO - Processing /home/airflow/env/lib/python3.8/site-packages/airflow/example_dags/example_task_group.py took 0.064 seconds
[2022-03-23 18:56:22,299] {processor.py:163} INFO - Started process (PID=7499) to work on /home/airflow/env/lib/python3.8/site-packages/airflow/example_dags/example_task_group.py
[2022-03-23 18:56:22,301] {processor.py:642} INFO - Processing file /home/airflow/env/lib/python3.8/site-packages/airflow/example_dags/example_task_group.py for tasks to queue
[2022-03-23 18:56:22,301] {logging_mixin.py:109} INFO - [2022-03-23 18:56:22,301] {dagbag.py:500} INFO - Filling up the DagBag from /home/airflow/env/lib/python3.8/site-packages/airflow/example_dags/example_task_group.py
[2022-03-23 18:56:22,319] {processor.py:654} INFO - DAG(s) dict_keys(['example_task_group']) retrieved from /home/airflow/env/lib/python3.8/site-packages/airflow/example_dags/example_task_group.py
[2022-03-23 18:56:22,329] {logging_mixin.py:109} INFO - [2022-03-23 18:56:22,329] {dag.py:2396} INFO - Sync 1 DAGs
[2022-03-23 18:56:22,340] {logging_mixin.py:109} INFO - [2022-03-23 18:56:22,340] {dag.py:2935} INFO - Setting next_dagrun for example_task_group to 2022-03-22T18:56:22.339800+00:00
[2022-03-23 18:56:22,358] {processor.py:171} INFO - Processing /home/airflow/env/lib/python3.8/site-packages/airflow/example_dags/example_task_group.py took 0.061 seconds
[2022-03-23 18:56:58,164] {processor.py:163} INFO - Started process (PID=7533) to work on /home/airflow/env/lib/python3.8/site-packages/airflow/example_dags/example_task_group.py
[2022-03-23 18:56:58,165] {processor.py:642} INFO - Processing file /home/airflow/env/lib/python3.8/site-packages/airflow/example_dags/example_task_group.py for tasks to queue
[2022-03-23 18:56:58,166] {logging_mixin.py:109} INFO - [2022-03-23 18:56:58,166] {dagbag.py:500} INFO - Filling up the DagBag from /home/airflow/env/lib/python3.8/site-packages/airflow/example_dags/example_task_group.py
[2022-03-23 18:56:58,185] {processor.py:654} INFO - DAG(s) dict_keys(['example_task_group']) retrieved from /home/airflow/env/lib/python3.8/site-packages/airflow/example_dags/example_task_group.py
[2022-03-23 18:56:58,194] {logging_mixin.py:109} INFO - [2022-03-23 18:56:58,194] {dag.py:2396} INFO - Sync 1 DAGs
[2022-03-23 18:56:58,204] {logging_mixin.py:109} INFO - [2022-03-23 18:56:58,204] {dag.py:2935} INFO - Setting next_dagrun for example_task_group to 2022-03-22T18:56:58.204225+00:00
[2022-03-23 18:56:58,221] {processor.py:171} INFO - Processing /home/airflow/env/lib/python3.8/site-packages/airflow/example_dags/example_task_group.py took 0.059 seconds
[2022-03-23 18:57:35,110] {processor.py:163} INFO - Started process (PID=7568) to work on /home/airflow/env/lib/python3.8/site-packages/airflow/example_dags/example_task_group.py
[2022-03-23 18:57:35,112] {processor.py:642} INFO - Processing file /home/airflow/env/lib/python3.8/site-packages/airflow/example_dags/example_task_group.py for tasks to queue
[2022-03-23 18:57:35,112] {logging_mixin.py:109} INFO - [2022-03-23 18:57:35,112] {dagbag.py:500} INFO - Filling up the DagBag from /home/airflow/env/lib/python3.8/site-packages/airflow/example_dags/example_task_group.py
[2022-03-23 18:57:35,130] {processor.py:654} INFO - DAG(s) dict_keys(['example_task_group']) retrieved from /home/airflow/env/lib/python3.8/site-packages/airflow/example_dags/example_task_group.py
[2022-03-23 18:57:35,140] {logging_mixin.py:109} INFO - [2022-03-23 18:57:35,140] {dag.py:2396} INFO - Sync 1 DAGs
[2022-03-23 18:57:35,151] {logging_mixin.py:109} INFO - [2022-03-23 18:57:35,151] {dag.py:2935} INFO - Setting next_dagrun for example_task_group to 2022-03-22T18:57:35.150966+00:00
[2022-03-23 18:57:35,171] {processor.py:171} INFO - Processing /home/airflow/env/lib/python3.8/site-packages/airflow/example_dags/example_task_group.py took 0.063 seconds
[2022-03-23 18:58:16,901] {processor.py:163} INFO - Started process (PID=7708) to work on /home/airflow/env/lib/python3.8/site-packages/airflow/example_dags/example_task_group.py
[2022-03-23 18:58:16,908] {processor.py:642} INFO - Processing file /home/airflow/env/lib/python3.8/site-packages/airflow/example_dags/example_task_group.py for tasks to queue
[2022-03-23 18:58:16,913] {logging_mixin.py:109} INFO - [2022-03-23 18:58:16,913] {dagbag.py:500} INFO - Filling up the DagBag from /home/airflow/env/lib/python3.8/site-packages/airflow/example_dags/example_task_group.py
[2022-03-23 18:58:17,135] {processor.py:654} INFO - DAG(s) dict_keys(['example_task_group']) retrieved from /home/airflow/env/lib/python3.8/site-packages/airflow/example_dags/example_task_group.py
[2022-03-23 18:58:17,234] {logging_mixin.py:109} INFO - [2022-03-23 18:58:17,234] {dag.py:2396} INFO - Sync 1 DAGs
[2022-03-23 18:58:17,349] {logging_mixin.py:109} INFO - [2022-03-23 18:58:17,349] {dag.py:2935} INFO - Setting next_dagrun for example_task_group to 2022-03-22T18:58:17.348650+00:00
[2022-03-23 18:58:17,403] {processor.py:171} INFO - Processing /home/airflow/env/lib/python3.8/site-packages/airflow/example_dags/example_task_group.py took 0.538 seconds
[2022-03-23 18:59:11,848] {processor.py:163} INFO - Started process (PID=7879) to work on /home/airflow/env/lib/python3.8/site-packages/airflow/example_dags/example_task_group.py
[2022-03-23 18:59:11,855] {processor.py:642} INFO - Processing file /home/airflow/env/lib/python3.8/site-packages/airflow/example_dags/example_task_group.py for tasks to queue
[2022-03-23 18:59:11,856] {logging_mixin.py:109} INFO - [2022-03-23 18:59:11,856] {dagbag.py:500} INFO - Filling up the DagBag from /home/airflow/env/lib/python3.8/site-packages/airflow/example_dags/example_task_group.py
[2022-03-23 18:59:11,876] {processor.py:654} INFO - DAG(s) dict_keys(['example_task_group']) retrieved from /home/airflow/env/lib/python3.8/site-packages/airflow/example_dags/example_task_group.py
[2022-03-23 18:59:11,887] {logging_mixin.py:109} INFO - [2022-03-23 18:59:11,886] {dag.py:2396} INFO - Sync 1 DAGs
[2022-03-23 18:59:11,898] {logging_mixin.py:109} INFO - [2022-03-23 18:59:11,898] {dag.py:2935} INFO - Setting next_dagrun for example_task_group to 2022-03-22T18:59:11.897797+00:00
[2022-03-23 18:59:11,911] {processor.py:171} INFO - Processing /home/airflow/env/lib/python3.8/site-packages/airflow/example_dags/example_task_group.py took 0.065 seconds
[2022-03-23 18:59:46,436] {processor.py:163} INFO - Started process (PID=7998) to work on /home/airflow/env/lib/python3.8/site-packages/airflow/example_dags/example_task_group.py
[2022-03-23 18:59:46,442] {processor.py:642} INFO - Processing file /home/airflow/env/lib/python3.8/site-packages/airflow/example_dags/example_task_group.py for tasks to queue
[2022-03-23 18:59:46,445] {logging_mixin.py:109} INFO - [2022-03-23 18:59:46,445] {dagbag.py:500} INFO - Filling up the DagBag from /home/airflow/env/lib/python3.8/site-packages/airflow/example_dags/example_task_group.py
[2022-03-23 18:59:46,521] {processor.py:654} INFO - DAG(s) dict_keys(['example_task_group']) retrieved from /home/airflow/env/lib/python3.8/site-packages/airflow/example_dags/example_task_group.py
[2022-03-23 18:59:46,556] {logging_mixin.py:109} INFO - [2022-03-23 18:59:46,556] {dag.py:2396} INFO - Sync 1 DAGs
[2022-03-23 18:59:46,628] {logging_mixin.py:109} INFO - [2022-03-23 18:59:46,628] {dag.py:2935} INFO - Setting next_dagrun for example_task_group to 2022-03-22T18:59:46.628245+00:00
[2022-03-23 18:59:46,660] {processor.py:171} INFO - Processing /home/airflow/env/lib/python3.8/site-packages/airflow/example_dags/example_task_group.py took 0.249 seconds
[2022-03-23 19:00:30,599] {processor.py:163} INFO - Started process (PID=8244) to work on /home/airflow/env/lib/python3.8/site-packages/airflow/example_dags/example_task_group.py
[2022-03-23 19:00:30,600] {processor.py:642} INFO - Processing file /home/airflow/env/lib/python3.8/site-packages/airflow/example_dags/example_task_group.py for tasks to queue
[2022-03-23 19:00:30,601] {logging_mixin.py:109} INFO - [2022-03-23 19:00:30,601] {dagbag.py:500} INFO - Filling up the DagBag from /home/airflow/env/lib/python3.8/site-packages/airflow/example_dags/example_task_group.py
[2022-03-23 19:00:30,624] {processor.py:654} INFO - DAG(s) dict_keys(['example_task_group']) retrieved from /home/airflow/env/lib/python3.8/site-packages/airflow/example_dags/example_task_group.py
[2022-03-23 19:00:30,636] {logging_mixin.py:109} INFO - [2022-03-23 19:00:30,636] {dag.py:2396} INFO - Sync 1 DAGs
[2022-03-23 19:00:30,647] {logging_mixin.py:109} INFO - [2022-03-23 19:00:30,647] {dag.py:2935} INFO - Setting next_dagrun for example_task_group to 2022-03-22T19:00:30.647441+00:00
[2022-03-23 19:00:30,665] {processor.py:171} INFO - Processing /home/airflow/env/lib/python3.8/site-packages/airflow/example_dags/example_task_group.py took 0.069 seconds
[2022-03-23 19:01:10,806] {processor.py:163} INFO - Started process (PID=8448) to work on /home/airflow/env/lib/python3.8/site-packages/airflow/example_dags/example_task_group.py
[2022-03-23 19:01:10,807] {processor.py:642} INFO - Processing file /home/airflow/env/lib/python3.8/site-packages/airflow/example_dags/example_task_group.py for tasks to queue
[2022-03-23 19:01:10,808] {logging_mixin.py:109} INFO - [2022-03-23 19:01:10,808] {dagbag.py:500} INFO - Filling up the DagBag from /home/airflow/env/lib/python3.8/site-packages/airflow/example_dags/example_task_group.py
[2022-03-23 19:01:10,833] {processor.py:654} INFO - DAG(s) dict_keys(['example_task_group']) retrieved from /home/airflow/env/lib/python3.8/site-packages/airflow/example_dags/example_task_group.py
[2022-03-23 19:01:10,848] {logging_mixin.py:109} INFO - [2022-03-23 19:01:10,848] {dag.py:2396} INFO - Sync 1 DAGs
[2022-03-23 19:01:10,865] {logging_mixin.py:109} INFO - [2022-03-23 19:01:10,865] {dag.py:2935} INFO - Setting next_dagrun for example_task_group to 2022-03-22T19:01:10.864728+00:00
[2022-03-23 19:01:10,891] {processor.py:171} INFO - Processing /home/airflow/env/lib/python3.8/site-packages/airflow/example_dags/example_task_group.py took 0.090 seconds
[2022-03-23 19:01:49,199] {processor.py:163} INFO - Started process (PID=8499) to work on /home/airflow/env/lib/python3.8/site-packages/airflow/example_dags/example_task_group.py
[2022-03-23 19:01:49,201] {processor.py:642} INFO - Processing file /home/airflow/env/lib/python3.8/site-packages/airflow/example_dags/example_task_group.py for tasks to queue
[2022-03-23 19:01:49,202] {logging_mixin.py:109} INFO - [2022-03-23 19:01:49,202] {dagbag.py:500} INFO - Filling up the DagBag from /home/airflow/env/lib/python3.8/site-packages/airflow/example_dags/example_task_group.py
[2022-03-23 19:01:49,223] {processor.py:654} INFO - DAG(s) dict_keys(['example_task_group']) retrieved from /home/airflow/env/lib/python3.8/site-packages/airflow/example_dags/example_task_group.py
[2022-03-23 19:01:49,233] {logging_mixin.py:109} INFO - [2022-03-23 19:01:49,233] {dag.py:2396} INFO - Sync 1 DAGs
[2022-03-23 19:01:49,245] {logging_mixin.py:109} INFO - [2022-03-23 19:01:49,245] {dag.py:2935} INFO - Setting next_dagrun for example_task_group to 2022-03-22T19:01:49.245565+00:00
[2022-03-23 19:01:49,263] {processor.py:171} INFO - Processing /home/airflow/env/lib/python3.8/site-packages/airflow/example_dags/example_task_group.py took 0.071 seconds
[2022-03-23 19:02:29,606] {processor.py:163} INFO - Started process (PID=8615) to work on /home/airflow/env/lib/python3.8/site-packages/airflow/example_dags/example_task_group.py
[2022-03-23 19:02:29,608] {processor.py:642} INFO - Processing file /home/airflow/env/lib/python3.8/site-packages/airflow/example_dags/example_task_group.py for tasks to queue
[2022-03-23 19:02:29,608] {logging_mixin.py:109} INFO - [2022-03-23 19:02:29,608] {dagbag.py:500} INFO - Filling up the DagBag from /home/airflow/env/lib/python3.8/site-packages/airflow/example_dags/example_task_group.py
[2022-03-23 19:02:29,625] {processor.py:654} INFO - DAG(s) dict_keys(['example_task_group']) retrieved from /home/airflow/env/lib/python3.8/site-packages/airflow/example_dags/example_task_group.py
[2022-03-23 19:02:29,635] {logging_mixin.py:109} INFO - [2022-03-23 19:02:29,635] {dag.py:2396} INFO - Sync 1 DAGs
[2022-03-23 19:02:29,645] {logging_mixin.py:109} INFO - [2022-03-23 19:02:29,645] {dag.py:2935} INFO - Setting next_dagrun for example_task_group to 2022-03-22T19:02:29.645567+00:00
[2022-03-23 19:02:29,663] {processor.py:171} INFO - Processing /home/airflow/env/lib/python3.8/site-packages/airflow/example_dags/example_task_group.py took 0.059 seconds
[2022-03-23 19:03:04,681] {processor.py:163} INFO - Started process (PID=8735) to work on /home/airflow/env/lib/python3.8/site-packages/airflow/example_dags/example_task_group.py
[2022-03-23 19:03:04,682] {processor.py:642} INFO - Processing file /home/airflow/env/lib/python3.8/site-packages/airflow/example_dags/example_task_group.py for tasks to queue
[2022-03-23 19:03:04,682] {logging_mixin.py:109} INFO - [2022-03-23 19:03:04,682] {dagbag.py:500} INFO - Filling up the DagBag from /home/airflow/env/lib/python3.8/site-packages/airflow/example_dags/example_task_group.py
[2022-03-23 19:03:04,701] {processor.py:654} INFO - DAG(s) dict_keys(['example_task_group']) retrieved from /home/airflow/env/lib/python3.8/site-packages/airflow/example_dags/example_task_group.py
[2022-03-23 19:03:04,711] {logging_mixin.py:109} INFO - [2022-03-23 19:03:04,710] {dag.py:2396} INFO - Sync 1 DAGs
[2022-03-23 19:03:04,721] {logging_mixin.py:109} INFO - [2022-03-23 19:03:04,721] {dag.py:2935} INFO - Setting next_dagrun for example_task_group to 2022-03-22T19:03:04.721110+00:00
[2022-03-23 19:03:04,732] {processor.py:171} INFO - Processing /home/airflow/env/lib/python3.8/site-packages/airflow/example_dags/example_task_group.py took 0.054 seconds
[2022-03-23 19:03:42,157] {processor.py:163} INFO - Started process (PID=8853) to work on /home/airflow/env/lib/python3.8/site-packages/airflow/example_dags/example_task_group.py
[2022-03-23 19:03:42,158] {processor.py:642} INFO - Processing file /home/airflow/env/lib/python3.8/site-packages/airflow/example_dags/example_task_group.py for tasks to queue
[2022-03-23 19:03:42,158] {logging_mixin.py:109} INFO - [2022-03-23 19:03:42,158] {dagbag.py:500} INFO - Filling up the DagBag from /home/airflow/env/lib/python3.8/site-packages/airflow/example_dags/example_task_group.py
[2022-03-23 19:03:42,176] {processor.py:654} INFO - DAG(s) dict_keys(['example_task_group']) retrieved from /home/airflow/env/lib/python3.8/site-packages/airflow/example_dags/example_task_group.py
[2022-03-23 19:03:42,186] {logging_mixin.py:109} INFO - [2022-03-23 19:03:42,186] {dag.py:2396} INFO - Sync 1 DAGs
[2022-03-23 19:03:42,197] {logging_mixin.py:109} INFO - [2022-03-23 19:03:42,197] {dag.py:2935} INFO - Setting next_dagrun for example_task_group to 2022-03-22T19:03:42.197313+00:00
[2022-03-23 19:03:42,215] {processor.py:171} INFO - Processing /home/airflow/env/lib/python3.8/site-packages/airflow/example_dags/example_task_group.py took 0.061 seconds
[2022-03-23 19:04:21,594] {processor.py:163} INFO - Started process (PID=8992) to work on /home/airflow/env/lib/python3.8/site-packages/airflow/example_dags/example_task_group.py
[2022-03-23 19:04:21,595] {processor.py:642} INFO - Processing file /home/airflow/env/lib/python3.8/site-packages/airflow/example_dags/example_task_group.py for tasks to queue
[2022-03-23 19:04:21,596] {logging_mixin.py:109} INFO - [2022-03-23 19:04:21,596] {dagbag.py:500} INFO - Filling up the DagBag from /home/airflow/env/lib/python3.8/site-packages/airflow/example_dags/example_task_group.py
[2022-03-23 19:04:21,635] {processor.py:654} INFO - DAG(s) dict_keys(['example_task_group']) retrieved from /home/airflow/env/lib/python3.8/site-packages/airflow/example_dags/example_task_group.py
[2022-03-23 19:04:21,655] {logging_mixin.py:109} INFO - [2022-03-23 19:04:21,654] {dag.py:2396} INFO - Sync 1 DAGs
[2022-03-23 19:04:21,676] {logging_mixin.py:109} INFO - [2022-03-23 19:04:21,676] {dag.py:2935} INFO - Setting next_dagrun for example_task_group to 2022-03-22T19:04:21.676217+00:00
[2022-03-23 19:04:21,706] {processor.py:171} INFO - Processing /home/airflow/env/lib/python3.8/site-packages/airflow/example_dags/example_task_group.py took 0.118 seconds
[2022-03-23 19:05:16,578] {processor.py:163} INFO - Started process (PID=9097) to work on /home/airflow/env/lib/python3.8/site-packages/airflow/example_dags/example_task_group.py
[2022-03-23 19:05:16,584] {processor.py:642} INFO - Processing file /home/airflow/env/lib/python3.8/site-packages/airflow/example_dags/example_task_group.py for tasks to queue
[2022-03-23 19:05:16,585] {logging_mixin.py:109} INFO - [2022-03-23 19:05:16,584] {dagbag.py:500} INFO - Filling up the DagBag from /home/airflow/env/lib/python3.8/site-packages/airflow/example_dags/example_task_group.py
[2022-03-23 19:05:16,602] {processor.py:654} INFO - DAG(s) dict_keys(['example_task_group']) retrieved from /home/airflow/env/lib/python3.8/site-packages/airflow/example_dags/example_task_group.py
[2022-03-23 19:05:16,619] {logging_mixin.py:109} INFO - [2022-03-23 19:05:16,618] {dag.py:2396} INFO - Sync 1 DAGs
[2022-03-23 19:05:16,636] {logging_mixin.py:109} INFO - [2022-03-23 19:05:16,636] {dag.py:2935} INFO - Setting next_dagrun for example_task_group to 2022-03-22T19:05:16.635958+00:00
[2022-03-23 19:05:16,653] {processor.py:171} INFO - Processing /home/airflow/env/lib/python3.8/site-packages/airflow/example_dags/example_task_group.py took 0.077 seconds
[2022-03-23 19:05:53,739] {processor.py:163} INFO - Started process (PID=9184) to work on /home/airflow/env/lib/python3.8/site-packages/airflow/example_dags/example_task_group.py
[2022-03-23 19:05:53,745] {processor.py:642} INFO - Processing file /home/airflow/env/lib/python3.8/site-packages/airflow/example_dags/example_task_group.py for tasks to queue
[2022-03-23 19:05:53,746] {logging_mixin.py:109} INFO - [2022-03-23 19:05:53,746] {dagbag.py:500} INFO - Filling up the DagBag from /home/airflow/env/lib/python3.8/site-packages/airflow/example_dags/example_task_group.py
[2022-03-23 19:05:53,793] {processor.py:654} INFO - DAG(s) dict_keys(['example_task_group']) retrieved from /home/airflow/env/lib/python3.8/site-packages/airflow/example_dags/example_task_group.py
[2022-03-23 19:05:53,819] {logging_mixin.py:109} INFO - [2022-03-23 19:05:53,819] {dag.py:2396} INFO - Sync 1 DAGs
[2022-03-23 19:05:53,864] {logging_mixin.py:109} INFO - [2022-03-23 19:05:53,864] {dag.py:2935} INFO - Setting next_dagrun for example_task_group to 2022-03-22T19:05:53.863987+00:00
[2022-03-23 19:05:53,914] {processor.py:171} INFO - Processing /home/airflow/env/lib/python3.8/site-packages/airflow/example_dags/example_task_group.py took 0.181 seconds
[2022-03-23 19:06:28,387] {processor.py:163} INFO - Started process (PID=9220) to work on /home/airflow/env/lib/python3.8/site-packages/airflow/example_dags/example_task_group.py
[2022-03-23 19:06:28,388] {processor.py:642} INFO - Processing file /home/airflow/env/lib/python3.8/site-packages/airflow/example_dags/example_task_group.py for tasks to queue
[2022-03-23 19:06:28,388] {logging_mixin.py:109} INFO - [2022-03-23 19:06:28,388] {dagbag.py:500} INFO - Filling up the DagBag from /home/airflow/env/lib/python3.8/site-packages/airflow/example_dags/example_task_group.py
[2022-03-23 19:06:28,411] {processor.py:654} INFO - DAG(s) dict_keys(['example_task_group']) retrieved from /home/airflow/env/lib/python3.8/site-packages/airflow/example_dags/example_task_group.py
[2022-03-23 19:06:28,421] {logging_mixin.py:109} INFO - [2022-03-23 19:06:28,421] {dag.py:2396} INFO - Sync 1 DAGs
[2022-03-23 19:06:28,434] {logging_mixin.py:109} INFO - [2022-03-23 19:06:28,434] {dag.py:2935} INFO - Setting next_dagrun for example_task_group to 2022-03-22T19:06:28.434061+00:00
[2022-03-23 19:06:28,452] {processor.py:171} INFO - Processing /home/airflow/env/lib/python3.8/site-packages/airflow/example_dags/example_task_group.py took 0.068 seconds
[2022-03-23 19:07:04,874] {processor.py:163} INFO - Started process (PID=9255) to work on /home/airflow/env/lib/python3.8/site-packages/airflow/example_dags/example_task_group.py
[2022-03-23 19:07:04,875] {processor.py:642} INFO - Processing file /home/airflow/env/lib/python3.8/site-packages/airflow/example_dags/example_task_group.py for tasks to queue
[2022-03-23 19:07:04,875] {logging_mixin.py:109} INFO - [2022-03-23 19:07:04,875] {dagbag.py:500} INFO - Filling up the DagBag from /home/airflow/env/lib/python3.8/site-packages/airflow/example_dags/example_task_group.py
[2022-03-23 19:07:04,897] {processor.py:654} INFO - DAG(s) dict_keys(['example_task_group']) retrieved from /home/airflow/env/lib/python3.8/site-packages/airflow/example_dags/example_task_group.py
[2022-03-23 19:07:04,908] {logging_mixin.py:109} INFO - [2022-03-23 19:07:04,908] {dag.py:2396} INFO - Sync 1 DAGs
[2022-03-23 19:07:04,921] {logging_mixin.py:109} INFO - [2022-03-23 19:07:04,921] {dag.py:2935} INFO - Setting next_dagrun for example_task_group to 2022-03-22T19:07:04.921005+00:00
[2022-03-23 19:07:04,939] {processor.py:171} INFO - Processing /home/airflow/env/lib/python3.8/site-packages/airflow/example_dags/example_task_group.py took 0.068 seconds
[2022-03-23 19:07:41,487] {processor.py:163} INFO - Started process (PID=9292) to work on /home/airflow/env/lib/python3.8/site-packages/airflow/example_dags/example_task_group.py
[2022-03-23 19:07:41,489] {processor.py:642} INFO - Processing file /home/airflow/env/lib/python3.8/site-packages/airflow/example_dags/example_task_group.py for tasks to queue
[2022-03-23 19:07:41,489] {logging_mixin.py:109} INFO - [2022-03-23 19:07:41,489] {dagbag.py:500} INFO - Filling up the DagBag from /home/airflow/env/lib/python3.8/site-packages/airflow/example_dags/example_task_group.py
[2022-03-23 19:07:41,509] {processor.py:654} INFO - DAG(s) dict_keys(['example_task_group']) retrieved from /home/airflow/env/lib/python3.8/site-packages/airflow/example_dags/example_task_group.py
[2022-03-23 19:07:41,519] {logging_mixin.py:109} INFO - [2022-03-23 19:07:41,519] {dag.py:2396} INFO - Sync 1 DAGs
[2022-03-23 19:07:41,529] {logging_mixin.py:109} INFO - [2022-03-23 19:07:41,529] {dag.py:2935} INFO - Setting next_dagrun for example_task_group to 2022-03-22T19:07:41.529461+00:00
[2022-03-23 19:07:41,547] {processor.py:171} INFO - Processing /home/airflow/env/lib/python3.8/site-packages/airflow/example_dags/example_task_group.py took 0.062 seconds
[2022-03-23 19:08:17,351] {processor.py:163} INFO - Started process (PID=9327) to work on /home/airflow/env/lib/python3.8/site-packages/airflow/example_dags/example_task_group.py
[2022-03-23 19:08:17,352] {processor.py:642} INFO - Processing file /home/airflow/env/lib/python3.8/site-packages/airflow/example_dags/example_task_group.py for tasks to queue
[2022-03-23 19:08:17,353] {logging_mixin.py:109} INFO - [2022-03-23 19:08:17,353] {dagbag.py:500} INFO - Filling up the DagBag from /home/airflow/env/lib/python3.8/site-packages/airflow/example_dags/example_task_group.py
[2022-03-23 19:08:17,376] {processor.py:654} INFO - DAG(s) dict_keys(['example_task_group']) retrieved from /home/airflow/env/lib/python3.8/site-packages/airflow/example_dags/example_task_group.py
[2022-03-23 19:08:17,390] {logging_mixin.py:109} INFO - [2022-03-23 19:08:17,390] {dag.py:2396} INFO - Sync 1 DAGs
[2022-03-23 19:08:17,407] {logging_mixin.py:109} INFO - [2022-03-23 19:08:17,407] {dag.py:2935} INFO - Setting next_dagrun for example_task_group to 2022-03-22T19:08:17.407104+00:00
[2022-03-23 19:08:17,422] {processor.py:171} INFO - Processing /home/airflow/env/lib/python3.8/site-packages/airflow/example_dags/example_task_group.py took 0.074 seconds
[2022-03-23 19:08:51,469] {processor.py:163} INFO - Started process (PID=9360) to work on /home/airflow/env/lib/python3.8/site-packages/airflow/example_dags/example_task_group.py
[2022-03-23 19:08:51,471] {processor.py:642} INFO - Processing file /home/airflow/env/lib/python3.8/site-packages/airflow/example_dags/example_task_group.py for tasks to queue
[2022-03-23 19:08:51,472] {logging_mixin.py:109} INFO - [2022-03-23 19:08:51,472] {dagbag.py:500} INFO - Filling up the DagBag from /home/airflow/env/lib/python3.8/site-packages/airflow/example_dags/example_task_group.py
[2022-03-23 19:08:51,497] {processor.py:654} INFO - DAG(s) dict_keys(['example_task_group']) retrieved from /home/airflow/env/lib/python3.8/site-packages/airflow/example_dags/example_task_group.py
[2022-03-23 19:08:51,508] {logging_mixin.py:109} INFO - [2022-03-23 19:08:51,508] {dag.py:2396} INFO - Sync 1 DAGs
[2022-03-23 19:08:51,525] {logging_mixin.py:109} INFO - [2022-03-23 19:08:51,525] {dag.py:2935} INFO - Setting next_dagrun for example_task_group to 2022-03-22T19:08:51.524940+00:00
[2022-03-23 19:08:51,537] {processor.py:171} INFO - Processing /home/airflow/env/lib/python3.8/site-packages/airflow/example_dags/example_task_group.py took 0.070 seconds
[2022-03-23 19:09:37,451] {processor.py:163} INFO - Started process (PID=9400) to work on /home/airflow/env/lib/python3.8/site-packages/airflow/example_dags/example_task_group.py
[2022-03-23 19:09:37,458] {processor.py:642} INFO - Processing file /home/airflow/env/lib/python3.8/site-packages/airflow/example_dags/example_task_group.py for tasks to queue
[2022-03-23 19:09:37,458] {logging_mixin.py:109} INFO - [2022-03-23 19:09:37,458] {dagbag.py:500} INFO - Filling up the DagBag from /home/airflow/env/lib/python3.8/site-packages/airflow/example_dags/example_task_group.py
[2022-03-23 19:09:37,481] {processor.py:654} INFO - DAG(s) dict_keys(['example_task_group']) retrieved from /home/airflow/env/lib/python3.8/site-packages/airflow/example_dags/example_task_group.py
[2022-03-23 19:09:37,493] {logging_mixin.py:109} INFO - [2022-03-23 19:09:37,493] {dag.py:2396} INFO - Sync 1 DAGs
[2022-03-23 19:09:37,507] {logging_mixin.py:109} INFO - [2022-03-23 19:09:37,507] {dag.py:2935} INFO - Setting next_dagrun for example_task_group to 2022-03-22T19:09:37.507036+00:00
[2022-03-23 19:09:37,522] {processor.py:171} INFO - Processing /home/airflow/env/lib/python3.8/site-packages/airflow/example_dags/example_task_group.py took 0.074 seconds
[2022-03-23 19:10:11,389] {processor.py:163} INFO - Started process (PID=9433) to work on /home/airflow/env/lib/python3.8/site-packages/airflow/example_dags/example_task_group.py
[2022-03-23 19:10:11,403] {processor.py:642} INFO - Processing file /home/airflow/env/lib/python3.8/site-packages/airflow/example_dags/example_task_group.py for tasks to queue
[2022-03-23 19:10:11,407] {logging_mixin.py:109} INFO - [2022-03-23 19:10:11,407] {dagbag.py:500} INFO - Filling up the DagBag from /home/airflow/env/lib/python3.8/site-packages/airflow/example_dags/example_task_group.py
[2022-03-23 19:10:11,507] {processor.py:654} INFO - DAG(s) dict_keys(['example_task_group']) retrieved from /home/airflow/env/lib/python3.8/site-packages/airflow/example_dags/example_task_group.py
[2022-03-23 19:10:11,521] {logging_mixin.py:109} INFO - [2022-03-23 19:10:11,521] {dag.py:2396} INFO - Sync 1 DAGs
[2022-03-23 19:10:11,541] {logging_mixin.py:109} INFO - [2022-03-23 19:10:11,541] {dag.py:2935} INFO - Setting next_dagrun for example_task_group to 2022-03-22T19:10:11.541394+00:00
[2022-03-23 19:10:11,561] {processor.py:171} INFO - Processing /home/airflow/env/lib/python3.8/site-packages/airflow/example_dags/example_task_group.py took 0.175 seconds
[2022-03-23 19:10:49,413] {processor.py:163} INFO - Started process (PID=9528) to work on /home/airflow/env/lib/python3.8/site-packages/airflow/example_dags/example_task_group.py
[2022-03-23 19:10:49,415] {processor.py:642} INFO - Processing file /home/airflow/env/lib/python3.8/site-packages/airflow/example_dags/example_task_group.py for tasks to queue
[2022-03-23 19:10:49,415] {logging_mixin.py:109} INFO - [2022-03-23 19:10:49,415] {dagbag.py:500} INFO - Filling up the DagBag from /home/airflow/env/lib/python3.8/site-packages/airflow/example_dags/example_task_group.py
[2022-03-23 19:10:49,440] {processor.py:654} INFO - DAG(s) dict_keys(['example_task_group']) retrieved from /home/airflow/env/lib/python3.8/site-packages/airflow/example_dags/example_task_group.py
[2022-03-23 19:10:49,453] {logging_mixin.py:109} INFO - [2022-03-23 19:10:49,452] {dag.py:2396} INFO - Sync 1 DAGs
[2022-03-23 19:10:49,467] {logging_mixin.py:109} INFO - [2022-03-23 19:10:49,467] {dag.py:2935} INFO - Setting next_dagrun for example_task_group to 2022-03-22T19:10:49.467116+00:00
[2022-03-23 19:10:49,491] {processor.py:171} INFO - Processing /home/airflow/env/lib/python3.8/site-packages/airflow/example_dags/example_task_group.py took 0.080 seconds
[2022-03-23 19:11:24,903] {processor.py:163} INFO - Started process (PID=9562) to work on /home/airflow/env/lib/python3.8/site-packages/airflow/example_dags/example_task_group.py
[2022-03-23 19:11:24,904] {processor.py:642} INFO - Processing file /home/airflow/env/lib/python3.8/site-packages/airflow/example_dags/example_task_group.py for tasks to queue
[2022-03-23 19:11:24,905] {logging_mixin.py:109} INFO - [2022-03-23 19:11:24,905] {dagbag.py:500} INFO - Filling up the DagBag from /home/airflow/env/lib/python3.8/site-packages/airflow/example_dags/example_task_group.py
[2022-03-23 19:11:24,927] {processor.py:654} INFO - DAG(s) dict_keys(['example_task_group']) retrieved from /home/airflow/env/lib/python3.8/site-packages/airflow/example_dags/example_task_group.py
[2022-03-23 19:11:24,941] {logging_mixin.py:109} INFO - [2022-03-23 19:11:24,940] {dag.py:2396} INFO - Sync 1 DAGs
[2022-03-23 19:11:24,954] {logging_mixin.py:109} INFO - [2022-03-23 19:11:24,954] {dag.py:2935} INFO - Setting next_dagrun for example_task_group to 2022-03-22T19:11:24.953878+00:00
[2022-03-23 19:11:24,973] {processor.py:171} INFO - Processing /home/airflow/env/lib/python3.8/site-packages/airflow/example_dags/example_task_group.py took 0.072 seconds
[2022-03-23 19:12:00,308] {processor.py:163} INFO - Started process (PID=9623) to work on /home/airflow/env/lib/python3.8/site-packages/airflow/example_dags/example_task_group.py
[2022-03-23 19:12:00,315] {processor.py:642} INFO - Processing file /home/airflow/env/lib/python3.8/site-packages/airflow/example_dags/example_task_group.py for tasks to queue
[2022-03-23 19:12:00,316] {logging_mixin.py:109} INFO - [2022-03-23 19:12:00,316] {dagbag.py:500} INFO - Filling up the DagBag from /home/airflow/env/lib/python3.8/site-packages/airflow/example_dags/example_task_group.py
[2022-03-23 19:12:00,344] {processor.py:654} INFO - DAG(s) dict_keys(['example_task_group']) retrieved from /home/airflow/env/lib/python3.8/site-packages/airflow/example_dags/example_task_group.py
[2022-03-23 19:12:00,357] {logging_mixin.py:109} INFO - [2022-03-23 19:12:00,357] {dag.py:2396} INFO - Sync 1 DAGs
[2022-03-23 19:12:00,377] {logging_mixin.py:109} INFO - [2022-03-23 19:12:00,377] {dag.py:2935} INFO - Setting next_dagrun for example_task_group to 2022-03-22T19:12:00.377151+00:00
[2022-03-23 19:12:00,397] {processor.py:171} INFO - Processing /home/airflow/env/lib/python3.8/site-packages/airflow/example_dags/example_task_group.py took 0.093 seconds
[2022-03-23 19:12:33,684] {processor.py:163} INFO - Started process (PID=9728) to work on /home/airflow/env/lib/python3.8/site-packages/airflow/example_dags/example_task_group.py
[2022-03-23 19:12:33,685] {processor.py:642} INFO - Processing file /home/airflow/env/lib/python3.8/site-packages/airflow/example_dags/example_task_group.py for tasks to queue
[2022-03-23 19:12:33,686] {logging_mixin.py:109} INFO - [2022-03-23 19:12:33,686] {dagbag.py:500} INFO - Filling up the DagBag from /home/airflow/env/lib/python3.8/site-packages/airflow/example_dags/example_task_group.py
[2022-03-23 19:12:33,708] {processor.py:654} INFO - DAG(s) dict_keys(['example_task_group']) retrieved from /home/airflow/env/lib/python3.8/site-packages/airflow/example_dags/example_task_group.py
[2022-03-23 19:12:33,720] {logging_mixin.py:109} INFO - [2022-03-23 19:12:33,719] {dag.py:2396} INFO - Sync 1 DAGs
[2022-03-23 19:12:33,731] {logging_mixin.py:109} INFO - [2022-03-23 19:12:33,731] {dag.py:2935} INFO - Setting next_dagrun for example_task_group to 2022-03-22T19:12:33.731249+00:00
[2022-03-23 19:12:33,753] {processor.py:171} INFO - Processing /home/airflow/env/lib/python3.8/site-packages/airflow/example_dags/example_task_group.py took 0.073 seconds
[2022-03-23 19:13:12,846] {processor.py:163} INFO - Started process (PID=9948) to work on /home/airflow/env/lib/python3.8/site-packages/airflow/example_dags/example_task_group.py
[2022-03-23 19:13:12,847] {processor.py:642} INFO - Processing file /home/airflow/env/lib/python3.8/site-packages/airflow/example_dags/example_task_group.py for tasks to queue
[2022-03-23 19:13:12,847] {logging_mixin.py:109} INFO - [2022-03-23 19:13:12,847] {dagbag.py:500} INFO - Filling up the DagBag from /home/airflow/env/lib/python3.8/site-packages/airflow/example_dags/example_task_group.py
[2022-03-23 19:13:12,875] {processor.py:654} INFO - DAG(s) dict_keys(['example_task_group']) retrieved from /home/airflow/env/lib/python3.8/site-packages/airflow/example_dags/example_task_group.py
[2022-03-23 19:13:12,888] {logging_mixin.py:109} INFO - [2022-03-23 19:13:12,888] {dag.py:2396} INFO - Sync 1 DAGs
[2022-03-23 19:13:12,904] {logging_mixin.py:109} INFO - [2022-03-23 19:13:12,904] {dag.py:2935} INFO - Setting next_dagrun for example_task_group to 2022-03-22T19:13:12.903817+00:00
[2022-03-23 19:13:12,935] {processor.py:171} INFO - Processing /home/airflow/env/lib/python3.8/site-packages/airflow/example_dags/example_task_group.py took 0.092 seconds
[2022-03-23 19:13:50,064] {processor.py:163} INFO - Started process (PID=10089) to work on /home/airflow/env/lib/python3.8/site-packages/airflow/example_dags/example_task_group.py
[2022-03-23 19:13:50,065] {processor.py:642} INFO - Processing file /home/airflow/env/lib/python3.8/site-packages/airflow/example_dags/example_task_group.py for tasks to queue
[2022-03-23 19:13:50,066] {logging_mixin.py:109} INFO - [2022-03-23 19:13:50,065] {dagbag.py:500} INFO - Filling up the DagBag from /home/airflow/env/lib/python3.8/site-packages/airflow/example_dags/example_task_group.py
[2022-03-23 19:13:50,086] {processor.py:654} INFO - DAG(s) dict_keys(['example_task_group']) retrieved from /home/airflow/env/lib/python3.8/site-packages/airflow/example_dags/example_task_group.py
[2022-03-23 19:13:50,098] {logging_mixin.py:109} INFO - [2022-03-23 19:13:50,098] {dag.py:2396} INFO - Sync 1 DAGs
[2022-03-23 19:13:50,113] {logging_mixin.py:109} INFO - [2022-03-23 19:13:50,112] {dag.py:2935} INFO - Setting next_dagrun for example_task_group to 2022-03-22T19:13:50.112627+00:00
[2022-03-23 19:13:50,131] {processor.py:171} INFO - Processing /home/airflow/env/lib/python3.8/site-packages/airflow/example_dags/example_task_group.py took 0.071 seconds
