[2022-03-23 18:35:59,181] {processor.py:163} INFO - Started process (PID=5168) to work on /home/airflow/env/lib/python3.8/site-packages/airflow/example_dags/example_branch_operator.py
[2022-03-23 18:35:59,182] {processor.py:642} INFO - Processing file /home/airflow/env/lib/python3.8/site-packages/airflow/example_dags/example_branch_operator.py for tasks to queue
[2022-03-23 18:35:59,182] {logging_mixin.py:109} INFO - [2022-03-23 18:35:59,182] {dagbag.py:500} INFO - Filling up the DagBag from /home/airflow/env/lib/python3.8/site-packages/airflow/example_dags/example_branch_operator.py
[2022-03-23 18:35:59,204] {processor.py:654} INFO - DAG(s) dict_keys(['example_branch_operator']) retrieved from /home/airflow/env/lib/python3.8/site-packages/airflow/example_dags/example_branch_operator.py
[2022-03-23 18:35:59,214] {logging_mixin.py:109} INFO - [2022-03-23 18:35:59,214] {dag.py:2396} INFO - Sync 1 DAGs
[2022-03-23 18:35:59,227] {logging_mixin.py:109} INFO - [2022-03-23 18:35:59,227] {dag.py:2935} INFO - Setting next_dagrun for example_branch_operator to 2022-03-22 00:00:00+00:00
[2022-03-23 18:35:59,246] {processor.py:171} INFO - Processing /home/airflow/env/lib/python3.8/site-packages/airflow/example_dags/example_branch_operator.py took 0.067 seconds
[2022-03-23 18:36:32,412] {processor.py:163} INFO - Started process (PID=5200) to work on /home/airflow/env/lib/python3.8/site-packages/airflow/example_dags/example_branch_operator.py
[2022-03-23 18:36:32,413] {processor.py:642} INFO - Processing file /home/airflow/env/lib/python3.8/site-packages/airflow/example_dags/example_branch_operator.py for tasks to queue
[2022-03-23 18:36:32,414] {logging_mixin.py:109} INFO - [2022-03-23 18:36:32,414] {dagbag.py:500} INFO - Filling up the DagBag from /home/airflow/env/lib/python3.8/site-packages/airflow/example_dags/example_branch_operator.py
[2022-03-23 18:36:32,436] {processor.py:654} INFO - DAG(s) dict_keys(['example_branch_operator']) retrieved from /home/airflow/env/lib/python3.8/site-packages/airflow/example_dags/example_branch_operator.py
[2022-03-23 18:36:32,447] {logging_mixin.py:109} INFO - [2022-03-23 18:36:32,447] {dag.py:2396} INFO - Sync 1 DAGs
[2022-03-23 18:36:32,460] {logging_mixin.py:109} INFO - [2022-03-23 18:36:32,460] {dag.py:2935} INFO - Setting next_dagrun for example_branch_operator to 2022-03-22 00:00:00+00:00
[2022-03-23 18:36:32,478] {processor.py:171} INFO - Processing /home/airflow/env/lib/python3.8/site-packages/airflow/example_dags/example_branch_operator.py took 0.069 seconds
[2022-03-23 18:37:07,467] {processor.py:163} INFO - Started process (PID=5354) to work on /home/airflow/env/lib/python3.8/site-packages/airflow/example_dags/example_branch_operator.py
[2022-03-23 18:37:07,468] {processor.py:642} INFO - Processing file /home/airflow/env/lib/python3.8/site-packages/airflow/example_dags/example_branch_operator.py for tasks to queue
[2022-03-23 18:37:07,468] {logging_mixin.py:109} INFO - [2022-03-23 18:37:07,468] {dagbag.py:500} INFO - Filling up the DagBag from /home/airflow/env/lib/python3.8/site-packages/airflow/example_dags/example_branch_operator.py
[2022-03-23 18:37:07,499] {processor.py:654} INFO - DAG(s) dict_keys(['example_branch_operator']) retrieved from /home/airflow/env/lib/python3.8/site-packages/airflow/example_dags/example_branch_operator.py
[2022-03-23 18:37:07,517] {logging_mixin.py:109} INFO - [2022-03-23 18:37:07,517] {dag.py:2396} INFO - Sync 1 DAGs
[2022-03-23 18:37:07,537] {logging_mixin.py:109} INFO - [2022-03-23 18:37:07,537] {dag.py:2935} INFO - Setting next_dagrun for example_branch_operator to 2022-03-22 00:00:00+00:00
[2022-03-23 18:37:07,555] {processor.py:171} INFO - Processing /home/airflow/env/lib/python3.8/site-packages/airflow/example_dags/example_branch_operator.py took 0.091 seconds
[2022-03-23 18:37:42,639] {processor.py:163} INFO - Started process (PID=5392) to work on /home/airflow/env/lib/python3.8/site-packages/airflow/example_dags/example_branch_operator.py
[2022-03-23 18:37:42,640] {processor.py:642} INFO - Processing file /home/airflow/env/lib/python3.8/site-packages/airflow/example_dags/example_branch_operator.py for tasks to queue
[2022-03-23 18:37:42,640] {logging_mixin.py:109} INFO - [2022-03-23 18:37:42,640] {dagbag.py:500} INFO - Filling up the DagBag from /home/airflow/env/lib/python3.8/site-packages/airflow/example_dags/example_branch_operator.py
[2022-03-23 18:37:42,659] {processor.py:654} INFO - DAG(s) dict_keys(['example_branch_operator']) retrieved from /home/airflow/env/lib/python3.8/site-packages/airflow/example_dags/example_branch_operator.py
[2022-03-23 18:37:42,669] {logging_mixin.py:109} INFO - [2022-03-23 18:37:42,669] {dag.py:2396} INFO - Sync 1 DAGs
[2022-03-23 18:37:42,681] {logging_mixin.py:109} INFO - [2022-03-23 18:37:42,681] {dag.py:2935} INFO - Setting next_dagrun for example_branch_operator to 2022-03-22 00:00:00+00:00
[2022-03-23 18:37:42,695] {processor.py:171} INFO - Processing /home/airflow/env/lib/python3.8/site-packages/airflow/example_dags/example_branch_operator.py took 0.058 seconds
[2022-03-23 18:38:17,145] {processor.py:163} INFO - Started process (PID=5482) to work on /home/airflow/env/lib/python3.8/site-packages/airflow/example_dags/example_branch_operator.py
[2022-03-23 18:38:17,147] {processor.py:642} INFO - Processing file /home/airflow/env/lib/python3.8/site-packages/airflow/example_dags/example_branch_operator.py for tasks to queue
[2022-03-23 18:38:17,148] {logging_mixin.py:109} INFO - [2022-03-23 18:38:17,148] {dagbag.py:500} INFO - Filling up the DagBag from /home/airflow/env/lib/python3.8/site-packages/airflow/example_dags/example_branch_operator.py
[2022-03-23 18:38:17,183] {processor.py:654} INFO - DAG(s) dict_keys(['example_branch_operator']) retrieved from /home/airflow/env/lib/python3.8/site-packages/airflow/example_dags/example_branch_operator.py
[2022-03-23 18:38:17,199] {logging_mixin.py:109} INFO - [2022-03-23 18:38:17,199] {dag.py:2396} INFO - Sync 1 DAGs
[2022-03-23 18:38:17,219] {logging_mixin.py:109} INFO - [2022-03-23 18:38:17,219] {dag.py:2935} INFO - Setting next_dagrun for example_branch_operator to 2022-03-22 00:00:00+00:00
[2022-03-23 18:38:17,243] {processor.py:171} INFO - Processing /home/airflow/env/lib/python3.8/site-packages/airflow/example_dags/example_branch_operator.py took 0.101 seconds
[2022-03-23 18:38:54,687] {processor.py:163} INFO - Started process (PID=5516) to work on /home/airflow/env/lib/python3.8/site-packages/airflow/example_dags/example_branch_operator.py
[2022-03-23 18:38:54,698] {processor.py:642} INFO - Processing file /home/airflow/env/lib/python3.8/site-packages/airflow/example_dags/example_branch_operator.py for tasks to queue
[2022-03-23 18:38:54,699] {logging_mixin.py:109} INFO - [2022-03-23 18:38:54,699] {dagbag.py:500} INFO - Filling up the DagBag from /home/airflow/env/lib/python3.8/site-packages/airflow/example_dags/example_branch_operator.py
[2022-03-23 18:38:54,789] {processor.py:654} INFO - DAG(s) dict_keys(['example_branch_operator']) retrieved from /home/airflow/env/lib/python3.8/site-packages/airflow/example_dags/example_branch_operator.py
[2022-03-23 18:38:54,820] {logging_mixin.py:109} INFO - [2022-03-23 18:38:54,820] {dag.py:2396} INFO - Sync 1 DAGs
[2022-03-23 18:38:54,878] {logging_mixin.py:109} INFO - [2022-03-23 18:38:54,878] {dag.py:2935} INFO - Setting next_dagrun for example_branch_operator to 2022-03-22 00:00:00+00:00
[2022-03-23 18:38:54,899] {processor.py:171} INFO - Processing /home/airflow/env/lib/python3.8/site-packages/airflow/example_dags/example_branch_operator.py took 0.220 seconds
[2022-03-23 18:39:37,903] {processor.py:163} INFO - Started process (PID=5635) to work on /home/airflow/env/lib/python3.8/site-packages/airflow/example_dags/example_branch_operator.py
[2022-03-23 18:39:37,912] {processor.py:642} INFO - Processing file /home/airflow/env/lib/python3.8/site-packages/airflow/example_dags/example_branch_operator.py for tasks to queue
[2022-03-23 18:39:37,913] {logging_mixin.py:109} INFO - [2022-03-23 18:39:37,913] {dagbag.py:500} INFO - Filling up the DagBag from /home/airflow/env/lib/python3.8/site-packages/airflow/example_dags/example_branch_operator.py
[2022-03-23 18:39:37,934] {processor.py:654} INFO - DAG(s) dict_keys(['example_branch_operator']) retrieved from /home/airflow/env/lib/python3.8/site-packages/airflow/example_dags/example_branch_operator.py
[2022-03-23 18:39:37,944] {logging_mixin.py:109} INFO - [2022-03-23 18:39:37,944] {dag.py:2396} INFO - Sync 1 DAGs
[2022-03-23 18:39:37,956] {logging_mixin.py:109} INFO - [2022-03-23 18:39:37,956] {dag.py:2935} INFO - Setting next_dagrun for example_branch_operator to 2022-03-22 00:00:00+00:00
[2022-03-23 18:39:37,981] {processor.py:171} INFO - Processing /home/airflow/env/lib/python3.8/site-packages/airflow/example_dags/example_branch_operator.py took 0.082 seconds
[2022-03-23 18:40:17,386] {processor.py:163} INFO - Started process (PID=5755) to work on /home/airflow/env/lib/python3.8/site-packages/airflow/example_dags/example_branch_operator.py
[2022-03-23 18:40:17,388] {processor.py:642} INFO - Processing file /home/airflow/env/lib/python3.8/site-packages/airflow/example_dags/example_branch_operator.py for tasks to queue
[2022-03-23 18:40:17,388] {logging_mixin.py:109} INFO - [2022-03-23 18:40:17,388] {dagbag.py:500} INFO - Filling up the DagBag from /home/airflow/env/lib/python3.8/site-packages/airflow/example_dags/example_branch_operator.py
[2022-03-23 18:40:17,409] {processor.py:654} INFO - DAG(s) dict_keys(['example_branch_operator']) retrieved from /home/airflow/env/lib/python3.8/site-packages/airflow/example_dags/example_branch_operator.py
[2022-03-23 18:40:17,418] {logging_mixin.py:109} INFO - [2022-03-23 18:40:17,418] {dag.py:2396} INFO - Sync 1 DAGs
[2022-03-23 18:40:17,431] {logging_mixin.py:109} INFO - [2022-03-23 18:40:17,431] {dag.py:2935} INFO - Setting next_dagrun for example_branch_operator to 2022-03-22 00:00:00+00:00
[2022-03-23 18:40:17,448] {processor.py:171} INFO - Processing /home/airflow/env/lib/python3.8/site-packages/airflow/example_dags/example_branch_operator.py took 0.064 seconds
[2022-03-23 18:40:53,588] {processor.py:163} INFO - Started process (PID=5941) to work on /home/airflow/env/lib/python3.8/site-packages/airflow/example_dags/example_branch_operator.py
[2022-03-23 18:40:53,590] {processor.py:642} INFO - Processing file /home/airflow/env/lib/python3.8/site-packages/airflow/example_dags/example_branch_operator.py for tasks to queue
[2022-03-23 18:40:53,594] {logging_mixin.py:109} INFO - [2022-03-23 18:40:53,593] {dagbag.py:500} INFO - Filling up the DagBag from /home/airflow/env/lib/python3.8/site-packages/airflow/example_dags/example_branch_operator.py
[2022-03-23 18:40:53,619] {processor.py:654} INFO - DAG(s) dict_keys(['example_branch_operator']) retrieved from /home/airflow/env/lib/python3.8/site-packages/airflow/example_dags/example_branch_operator.py
[2022-03-23 18:40:53,629] {logging_mixin.py:109} INFO - [2022-03-23 18:40:53,629] {dag.py:2396} INFO - Sync 1 DAGs
[2022-03-23 18:40:53,641] {logging_mixin.py:109} INFO - [2022-03-23 18:40:53,641] {dag.py:2935} INFO - Setting next_dagrun for example_branch_operator to 2022-03-22 00:00:00+00:00
[2022-03-23 18:40:53,661] {processor.py:171} INFO - Processing /home/airflow/env/lib/python3.8/site-packages/airflow/example_dags/example_branch_operator.py took 0.075 seconds
[2022-03-23 18:41:29,071] {processor.py:163} INFO - Started process (PID=6065) to work on /home/airflow/env/lib/python3.8/site-packages/airflow/example_dags/example_branch_operator.py
[2022-03-23 18:41:29,077] {processor.py:642} INFO - Processing file /home/airflow/env/lib/python3.8/site-packages/airflow/example_dags/example_branch_operator.py for tasks to queue
[2022-03-23 18:41:29,078] {logging_mixin.py:109} INFO - [2022-03-23 18:41:29,078] {dagbag.py:500} INFO - Filling up the DagBag from /home/airflow/env/lib/python3.8/site-packages/airflow/example_dags/example_branch_operator.py
[2022-03-23 18:41:29,125] {processor.py:654} INFO - DAG(s) dict_keys(['example_branch_operator']) retrieved from /home/airflow/env/lib/python3.8/site-packages/airflow/example_dags/example_branch_operator.py
[2022-03-23 18:41:29,143] {logging_mixin.py:109} INFO - [2022-03-23 18:41:29,142] {dag.py:2396} INFO - Sync 1 DAGs
[2022-03-23 18:41:29,165] {logging_mixin.py:109} INFO - [2022-03-23 18:41:29,164] {dag.py:2935} INFO - Setting next_dagrun for example_branch_operator to 2022-03-22 00:00:00+00:00
[2022-03-23 18:41:29,190] {processor.py:171} INFO - Processing /home/airflow/env/lib/python3.8/site-packages/airflow/example_dags/example_branch_operator.py took 0.126 seconds
[2022-03-23 18:42:10,217] {processor.py:163} INFO - Started process (PID=6243) to work on /home/airflow/env/lib/python3.8/site-packages/airflow/example_dags/example_branch_operator.py
[2022-03-23 18:42:10,219] {processor.py:642} INFO - Processing file /home/airflow/env/lib/python3.8/site-packages/airflow/example_dags/example_branch_operator.py for tasks to queue
[2022-03-23 18:42:10,219] {logging_mixin.py:109} INFO - [2022-03-23 18:42:10,219] {dagbag.py:500} INFO - Filling up the DagBag from /home/airflow/env/lib/python3.8/site-packages/airflow/example_dags/example_branch_operator.py
[2022-03-23 18:42:10,241] {processor.py:654} INFO - DAG(s) dict_keys(['example_branch_operator']) retrieved from /home/airflow/env/lib/python3.8/site-packages/airflow/example_dags/example_branch_operator.py
[2022-03-23 18:42:10,251] {logging_mixin.py:109} INFO - [2022-03-23 18:42:10,251] {dag.py:2396} INFO - Sync 1 DAGs
[2022-03-23 18:42:10,266] {logging_mixin.py:109} INFO - [2022-03-23 18:42:10,266] {dag.py:2935} INFO - Setting next_dagrun for example_branch_operator to 2022-03-22 00:00:00+00:00
[2022-03-23 18:42:10,283] {processor.py:171} INFO - Processing /home/airflow/env/lib/python3.8/site-packages/airflow/example_dags/example_branch_operator.py took 0.068 seconds
[2022-03-23 18:42:44,277] {processor.py:163} INFO - Started process (PID=6426) to work on /home/airflow/env/lib/python3.8/site-packages/airflow/example_dags/example_branch_operator.py
[2022-03-23 18:42:44,278] {processor.py:642} INFO - Processing file /home/airflow/env/lib/python3.8/site-packages/airflow/example_dags/example_branch_operator.py for tasks to queue
[2022-03-23 18:42:44,278] {logging_mixin.py:109} INFO - [2022-03-23 18:42:44,278] {dagbag.py:500} INFO - Filling up the DagBag from /home/airflow/env/lib/python3.8/site-packages/airflow/example_dags/example_branch_operator.py
[2022-03-23 18:42:44,297] {processor.py:654} INFO - DAG(s) dict_keys(['example_branch_operator']) retrieved from /home/airflow/env/lib/python3.8/site-packages/airflow/example_dags/example_branch_operator.py
[2022-03-23 18:42:44,307] {logging_mixin.py:109} INFO - [2022-03-23 18:42:44,307] {dag.py:2396} INFO - Sync 1 DAGs
[2022-03-23 18:42:44,320] {logging_mixin.py:109} INFO - [2022-03-23 18:42:44,320] {dag.py:2935} INFO - Setting next_dagrun for example_branch_operator to 2022-03-22 00:00:00+00:00
[2022-03-23 18:42:44,337] {processor.py:171} INFO - Processing /home/airflow/env/lib/python3.8/site-packages/airflow/example_dags/example_branch_operator.py took 0.062 seconds
[2022-03-23 18:43:17,762] {processor.py:163} INFO - Started process (PID=6460) to work on /home/airflow/env/lib/python3.8/site-packages/airflow/example_dags/example_branch_operator.py
[2022-03-23 18:43:17,763] {processor.py:642} INFO - Processing file /home/airflow/env/lib/python3.8/site-packages/airflow/example_dags/example_branch_operator.py for tasks to queue
[2022-03-23 18:43:17,763] {logging_mixin.py:109} INFO - [2022-03-23 18:43:17,763] {dagbag.py:500} INFO - Filling up the DagBag from /home/airflow/env/lib/python3.8/site-packages/airflow/example_dags/example_branch_operator.py
[2022-03-23 18:43:17,784] {processor.py:654} INFO - DAG(s) dict_keys(['example_branch_operator']) retrieved from /home/airflow/env/lib/python3.8/site-packages/airflow/example_dags/example_branch_operator.py
[2022-03-23 18:43:17,795] {logging_mixin.py:109} INFO - [2022-03-23 18:43:17,795] {dag.py:2396} INFO - Sync 1 DAGs
[2022-03-23 18:43:17,808] {logging_mixin.py:109} INFO - [2022-03-23 18:43:17,808] {dag.py:2935} INFO - Setting next_dagrun for example_branch_operator to 2022-03-22 00:00:00+00:00
[2022-03-23 18:43:17,827] {processor.py:171} INFO - Processing /home/airflow/env/lib/python3.8/site-packages/airflow/example_dags/example_branch_operator.py took 0.067 seconds
[2022-03-23 18:43:51,645] {processor.py:163} INFO - Started process (PID=6493) to work on /home/airflow/env/lib/python3.8/site-packages/airflow/example_dags/example_branch_operator.py
[2022-03-23 18:43:51,646] {processor.py:642} INFO - Processing file /home/airflow/env/lib/python3.8/site-packages/airflow/example_dags/example_branch_operator.py for tasks to queue
[2022-03-23 18:43:51,647] {logging_mixin.py:109} INFO - [2022-03-23 18:43:51,647] {dagbag.py:500} INFO - Filling up the DagBag from /home/airflow/env/lib/python3.8/site-packages/airflow/example_dags/example_branch_operator.py
[2022-03-23 18:43:51,674] {processor.py:654} INFO - DAG(s) dict_keys(['example_branch_operator']) retrieved from /home/airflow/env/lib/python3.8/site-packages/airflow/example_dags/example_branch_operator.py
[2022-03-23 18:43:51,685] {logging_mixin.py:109} INFO - [2022-03-23 18:43:51,685] {dag.py:2396} INFO - Sync 1 DAGs
[2022-03-23 18:43:51,699] {logging_mixin.py:109} INFO - [2022-03-23 18:43:51,699] {dag.py:2935} INFO - Setting next_dagrun for example_branch_operator to 2022-03-22 00:00:00+00:00
[2022-03-23 18:43:51,717] {processor.py:171} INFO - Processing /home/airflow/env/lib/python3.8/site-packages/airflow/example_dags/example_branch_operator.py took 0.077 seconds
[2022-03-23 18:44:29,060] {processor.py:163} INFO - Started process (PID=6526) to work on /home/airflow/env/lib/python3.8/site-packages/airflow/example_dags/example_branch_operator.py
[2022-03-23 18:44:29,067] {processor.py:642} INFO - Processing file /home/airflow/env/lib/python3.8/site-packages/airflow/example_dags/example_branch_operator.py for tasks to queue
[2022-03-23 18:44:29,068] {logging_mixin.py:109} INFO - [2022-03-23 18:44:29,067] {dagbag.py:500} INFO - Filling up the DagBag from /home/airflow/env/lib/python3.8/site-packages/airflow/example_dags/example_branch_operator.py
[2022-03-23 18:44:29,092] {processor.py:654} INFO - DAG(s) dict_keys(['example_branch_operator']) retrieved from /home/airflow/env/lib/python3.8/site-packages/airflow/example_dags/example_branch_operator.py
[2022-03-23 18:44:29,105] {logging_mixin.py:109} INFO - [2022-03-23 18:44:29,105] {dag.py:2396} INFO - Sync 1 DAGs
[2022-03-23 18:44:29,123] {logging_mixin.py:109} INFO - [2022-03-23 18:44:29,123] {dag.py:2935} INFO - Setting next_dagrun for example_branch_operator to 2022-03-22 00:00:00+00:00
[2022-03-23 18:44:29,136] {processor.py:171} INFO - Processing /home/airflow/env/lib/python3.8/site-packages/airflow/example_dags/example_branch_operator.py took 0.078 seconds
[2022-03-23 18:45:04,078] {processor.py:163} INFO - Started process (PID=6559) to work on /home/airflow/env/lib/python3.8/site-packages/airflow/example_dags/example_branch_operator.py
[2022-03-23 18:45:04,079] {processor.py:642} INFO - Processing file /home/airflow/env/lib/python3.8/site-packages/airflow/example_dags/example_branch_operator.py for tasks to queue
[2022-03-23 18:45:04,080] {logging_mixin.py:109} INFO - [2022-03-23 18:45:04,079] {dagbag.py:500} INFO - Filling up the DagBag from /home/airflow/env/lib/python3.8/site-packages/airflow/example_dags/example_branch_operator.py
[2022-03-23 18:45:04,107] {processor.py:654} INFO - DAG(s) dict_keys(['example_branch_operator']) retrieved from /home/airflow/env/lib/python3.8/site-packages/airflow/example_dags/example_branch_operator.py
[2022-03-23 18:45:04,120] {logging_mixin.py:109} INFO - [2022-03-23 18:45:04,120] {dag.py:2396} INFO - Sync 1 DAGs
[2022-03-23 18:45:04,142] {logging_mixin.py:109} INFO - [2022-03-23 18:45:04,142] {dag.py:2935} INFO - Setting next_dagrun for example_branch_operator to 2022-03-22 00:00:00+00:00
[2022-03-23 18:45:04,169] {processor.py:171} INFO - Processing /home/airflow/env/lib/python3.8/site-packages/airflow/example_dags/example_branch_operator.py took 0.095 seconds
[2022-03-23 18:45:40,763] {processor.py:163} INFO - Started process (PID=6647) to work on /home/airflow/env/lib/python3.8/site-packages/airflow/example_dags/example_branch_operator.py
[2022-03-23 18:45:40,765] {processor.py:642} INFO - Processing file /home/airflow/env/lib/python3.8/site-packages/airflow/example_dags/example_branch_operator.py for tasks to queue
[2022-03-23 18:45:40,765] {logging_mixin.py:109} INFO - [2022-03-23 18:45:40,765] {dagbag.py:500} INFO - Filling up the DagBag from /home/airflow/env/lib/python3.8/site-packages/airflow/example_dags/example_branch_operator.py
[2022-03-23 18:45:40,789] {processor.py:654} INFO - DAG(s) dict_keys(['example_branch_operator']) retrieved from /home/airflow/env/lib/python3.8/site-packages/airflow/example_dags/example_branch_operator.py
[2022-03-23 18:45:40,798] {logging_mixin.py:109} INFO - [2022-03-23 18:45:40,798] {dag.py:2396} INFO - Sync 1 DAGs
[2022-03-23 18:45:40,812] {logging_mixin.py:109} INFO - [2022-03-23 18:45:40,812] {dag.py:2935} INFO - Setting next_dagrun for example_branch_operator to 2022-03-22 00:00:00+00:00
[2022-03-23 18:45:40,829] {processor.py:171} INFO - Processing /home/airflow/env/lib/python3.8/site-packages/airflow/example_dags/example_branch_operator.py took 0.068 seconds
[2022-03-23 18:46:14,360] {processor.py:163} INFO - Started process (PID=6679) to work on /home/airflow/env/lib/python3.8/site-packages/airflow/example_dags/example_branch_operator.py
[2022-03-23 18:46:14,361] {processor.py:642} INFO - Processing file /home/airflow/env/lib/python3.8/site-packages/airflow/example_dags/example_branch_operator.py for tasks to queue
[2022-03-23 18:46:14,362] {logging_mixin.py:109} INFO - [2022-03-23 18:46:14,362] {dagbag.py:500} INFO - Filling up the DagBag from /home/airflow/env/lib/python3.8/site-packages/airflow/example_dags/example_branch_operator.py
[2022-03-23 18:46:14,386] {processor.py:654} INFO - DAG(s) dict_keys(['example_branch_operator']) retrieved from /home/airflow/env/lib/python3.8/site-packages/airflow/example_dags/example_branch_operator.py
[2022-03-23 18:46:14,396] {logging_mixin.py:109} INFO - [2022-03-23 18:46:14,396] {dag.py:2396} INFO - Sync 1 DAGs
[2022-03-23 18:46:14,411] {logging_mixin.py:109} INFO - [2022-03-23 18:46:14,411] {dag.py:2935} INFO - Setting next_dagrun for example_branch_operator to 2022-03-22 00:00:00+00:00
[2022-03-23 18:46:14,427] {processor.py:171} INFO - Processing /home/airflow/env/lib/python3.8/site-packages/airflow/example_dags/example_branch_operator.py took 0.069 seconds
[2022-03-23 18:46:47,475] {processor.py:163} INFO - Started process (PID=6713) to work on /home/airflow/env/lib/python3.8/site-packages/airflow/example_dags/example_branch_operator.py
[2022-03-23 18:46:47,476] {processor.py:642} INFO - Processing file /home/airflow/env/lib/python3.8/site-packages/airflow/example_dags/example_branch_operator.py for tasks to queue
[2022-03-23 18:46:47,477] {logging_mixin.py:109} INFO - [2022-03-23 18:46:47,477] {dagbag.py:500} INFO - Filling up the DagBag from /home/airflow/env/lib/python3.8/site-packages/airflow/example_dags/example_branch_operator.py
[2022-03-23 18:46:47,503] {processor.py:654} INFO - DAG(s) dict_keys(['example_branch_operator']) retrieved from /home/airflow/env/lib/python3.8/site-packages/airflow/example_dags/example_branch_operator.py
[2022-03-23 18:46:47,515] {logging_mixin.py:109} INFO - [2022-03-23 18:46:47,515] {dag.py:2396} INFO - Sync 1 DAGs
[2022-03-23 18:46:47,531] {logging_mixin.py:109} INFO - [2022-03-23 18:46:47,531] {dag.py:2935} INFO - Setting next_dagrun for example_branch_operator to 2022-03-22 00:00:00+00:00
[2022-03-23 18:46:47,550] {processor.py:171} INFO - Processing /home/airflow/env/lib/python3.8/site-packages/airflow/example_dags/example_branch_operator.py took 0.079 seconds
[2022-03-23 18:47:22,562] {processor.py:163} INFO - Started process (PID=6745) to work on /home/airflow/env/lib/python3.8/site-packages/airflow/example_dags/example_branch_operator.py
[2022-03-23 18:47:22,563] {processor.py:642} INFO - Processing file /home/airflow/env/lib/python3.8/site-packages/airflow/example_dags/example_branch_operator.py for tasks to queue
[2022-03-23 18:47:22,563] {logging_mixin.py:109} INFO - [2022-03-23 18:47:22,563] {dagbag.py:500} INFO - Filling up the DagBag from /home/airflow/env/lib/python3.8/site-packages/airflow/example_dags/example_branch_operator.py
[2022-03-23 18:47:22,585] {processor.py:654} INFO - DAG(s) dict_keys(['example_branch_operator']) retrieved from /home/airflow/env/lib/python3.8/site-packages/airflow/example_dags/example_branch_operator.py
[2022-03-23 18:47:22,597] {logging_mixin.py:109} INFO - [2022-03-23 18:47:22,597] {dag.py:2396} INFO - Sync 1 DAGs
[2022-03-23 18:47:22,610] {logging_mixin.py:109} INFO - [2022-03-23 18:47:22,610] {dag.py:2935} INFO - Setting next_dagrun for example_branch_operator to 2022-03-22 00:00:00+00:00
[2022-03-23 18:47:22,628] {processor.py:171} INFO - Processing /home/airflow/env/lib/python3.8/site-packages/airflow/example_dags/example_branch_operator.py took 0.069 seconds
[2022-03-23 18:48:00,575] {processor.py:163} INFO - Started process (PID=6779) to work on /home/airflow/env/lib/python3.8/site-packages/airflow/example_dags/example_branch_operator.py
[2022-03-23 18:48:00,576] {processor.py:642} INFO - Processing file /home/airflow/env/lib/python3.8/site-packages/airflow/example_dags/example_branch_operator.py for tasks to queue
[2022-03-23 18:48:00,577] {logging_mixin.py:109} INFO - [2022-03-23 18:48:00,577] {dagbag.py:500} INFO - Filling up the DagBag from /home/airflow/env/lib/python3.8/site-packages/airflow/example_dags/example_branch_operator.py
[2022-03-23 18:48:00,602] {processor.py:654} INFO - DAG(s) dict_keys(['example_branch_operator']) retrieved from /home/airflow/env/lib/python3.8/site-packages/airflow/example_dags/example_branch_operator.py
[2022-03-23 18:48:00,613] {logging_mixin.py:109} INFO - [2022-03-23 18:48:00,613] {dag.py:2396} INFO - Sync 1 DAGs
[2022-03-23 18:48:00,628] {logging_mixin.py:109} INFO - [2022-03-23 18:48:00,628] {dag.py:2935} INFO - Setting next_dagrun for example_branch_operator to 2022-03-22 00:00:00+00:00
[2022-03-23 18:48:00,647] {processor.py:171} INFO - Processing /home/airflow/env/lib/python3.8/site-packages/airflow/example_dags/example_branch_operator.py took 0.076 seconds
[2022-03-23 18:48:37,274] {processor.py:163} INFO - Started process (PID=6815) to work on /home/airflow/env/lib/python3.8/site-packages/airflow/example_dags/example_branch_operator.py
[2022-03-23 18:48:37,275] {processor.py:642} INFO - Processing file /home/airflow/env/lib/python3.8/site-packages/airflow/example_dags/example_branch_operator.py for tasks to queue
[2022-03-23 18:48:37,276] {logging_mixin.py:109} INFO - [2022-03-23 18:48:37,276] {dagbag.py:500} INFO - Filling up the DagBag from /home/airflow/env/lib/python3.8/site-packages/airflow/example_dags/example_branch_operator.py
[2022-03-23 18:48:37,301] {processor.py:654} INFO - DAG(s) dict_keys(['example_branch_operator']) retrieved from /home/airflow/env/lib/python3.8/site-packages/airflow/example_dags/example_branch_operator.py
[2022-03-23 18:48:37,312] {logging_mixin.py:109} INFO - [2022-03-23 18:48:37,312] {dag.py:2396} INFO - Sync 1 DAGs
[2022-03-23 18:48:37,326] {logging_mixin.py:109} INFO - [2022-03-23 18:48:37,326] {dag.py:2935} INFO - Setting next_dagrun for example_branch_operator to 2022-03-22 00:00:00+00:00
[2022-03-23 18:48:37,349] {processor.py:171} INFO - Processing /home/airflow/env/lib/python3.8/site-packages/airflow/example_dags/example_branch_operator.py took 0.077 seconds
[2022-03-23 18:49:10,183] {processor.py:163} INFO - Started process (PID=6847) to work on /home/airflow/env/lib/python3.8/site-packages/airflow/example_dags/example_branch_operator.py
[2022-03-23 18:49:10,184] {processor.py:642} INFO - Processing file /home/airflow/env/lib/python3.8/site-packages/airflow/example_dags/example_branch_operator.py for tasks to queue
[2022-03-23 18:49:10,184] {logging_mixin.py:109} INFO - [2022-03-23 18:49:10,184] {dagbag.py:500} INFO - Filling up the DagBag from /home/airflow/env/lib/python3.8/site-packages/airflow/example_dags/example_branch_operator.py
[2022-03-23 18:49:10,224] {processor.py:654} INFO - DAG(s) dict_keys(['example_branch_operator']) retrieved from /home/airflow/env/lib/python3.8/site-packages/airflow/example_dags/example_branch_operator.py
[2022-03-23 18:49:10,239] {logging_mixin.py:109} INFO - [2022-03-23 18:49:10,239] {dag.py:2396} INFO - Sync 1 DAGs
[2022-03-23 18:49:10,255] {logging_mixin.py:109} INFO - [2022-03-23 18:49:10,255] {dag.py:2935} INFO - Setting next_dagrun for example_branch_operator to 2022-03-22 00:00:00+00:00
[2022-03-23 18:49:10,269] {processor.py:171} INFO - Processing /home/airflow/env/lib/python3.8/site-packages/airflow/example_dags/example_branch_operator.py took 0.095 seconds
[2022-03-23 18:49:48,122] {processor.py:163} INFO - Started process (PID=7005) to work on /home/airflow/env/lib/python3.8/site-packages/airflow/example_dags/example_branch_operator.py
[2022-03-23 18:49:48,123] {processor.py:642} INFO - Processing file /home/airflow/env/lib/python3.8/site-packages/airflow/example_dags/example_branch_operator.py for tasks to queue
[2022-03-23 18:49:48,123] {logging_mixin.py:109} INFO - [2022-03-23 18:49:48,123] {dagbag.py:500} INFO - Filling up the DagBag from /home/airflow/env/lib/python3.8/site-packages/airflow/example_dags/example_branch_operator.py
[2022-03-23 18:49:48,153] {processor.py:654} INFO - DAG(s) dict_keys(['example_branch_operator']) retrieved from /home/airflow/env/lib/python3.8/site-packages/airflow/example_dags/example_branch_operator.py
[2022-03-23 18:49:48,174] {logging_mixin.py:109} INFO - [2022-03-23 18:49:48,174] {dag.py:2396} INFO - Sync 1 DAGs
[2022-03-23 18:49:48,194] {logging_mixin.py:109} INFO - [2022-03-23 18:49:48,194] {dag.py:2935} INFO - Setting next_dagrun for example_branch_operator to 2022-03-22 00:00:00+00:00
[2022-03-23 18:49:48,211] {processor.py:171} INFO - Processing /home/airflow/env/lib/python3.8/site-packages/airflow/example_dags/example_branch_operator.py took 0.091 seconds
[2022-03-23 18:50:23,384] {processor.py:163} INFO - Started process (PID=7039) to work on /home/airflow/env/lib/python3.8/site-packages/airflow/example_dags/example_branch_operator.py
[2022-03-23 18:50:23,386] {processor.py:642} INFO - Processing file /home/airflow/env/lib/python3.8/site-packages/airflow/example_dags/example_branch_operator.py for tasks to queue
[2022-03-23 18:50:23,386] {logging_mixin.py:109} INFO - [2022-03-23 18:50:23,386] {dagbag.py:500} INFO - Filling up the DagBag from /home/airflow/env/lib/python3.8/site-packages/airflow/example_dags/example_branch_operator.py
[2022-03-23 18:50:23,406] {processor.py:654} INFO - DAG(s) dict_keys(['example_branch_operator']) retrieved from /home/airflow/env/lib/python3.8/site-packages/airflow/example_dags/example_branch_operator.py
[2022-03-23 18:50:23,417] {logging_mixin.py:109} INFO - [2022-03-23 18:50:23,417] {dag.py:2396} INFO - Sync 1 DAGs
[2022-03-23 18:50:23,431] {logging_mixin.py:109} INFO - [2022-03-23 18:50:23,431] {dag.py:2935} INFO - Setting next_dagrun for example_branch_operator to 2022-03-22 00:00:00+00:00
[2022-03-23 18:50:23,449] {processor.py:171} INFO - Processing /home/airflow/env/lib/python3.8/site-packages/airflow/example_dags/example_branch_operator.py took 0.068 seconds
[2022-03-23 18:50:55,427] {processor.py:163} INFO - Started process (PID=7125) to work on /home/airflow/env/lib/python3.8/site-packages/airflow/example_dags/example_branch_operator.py
[2022-03-23 18:50:55,428] {processor.py:642} INFO - Processing file /home/airflow/env/lib/python3.8/site-packages/airflow/example_dags/example_branch_operator.py for tasks to queue
[2022-03-23 18:50:55,428] {logging_mixin.py:109} INFO - [2022-03-23 18:50:55,428] {dagbag.py:500} INFO - Filling up the DagBag from /home/airflow/env/lib/python3.8/site-packages/airflow/example_dags/example_branch_operator.py
[2022-03-23 18:50:55,448] {processor.py:654} INFO - DAG(s) dict_keys(['example_branch_operator']) retrieved from /home/airflow/env/lib/python3.8/site-packages/airflow/example_dags/example_branch_operator.py
[2022-03-23 18:50:55,460] {logging_mixin.py:109} INFO - [2022-03-23 18:50:55,460] {dag.py:2396} INFO - Sync 1 DAGs
[2022-03-23 18:50:55,481] {logging_mixin.py:109} INFO - [2022-03-23 18:50:55,481] {dag.py:2935} INFO - Setting next_dagrun for example_branch_operator to 2022-03-22 00:00:00+00:00
[2022-03-23 18:50:55,501] {processor.py:171} INFO - Processing /home/airflow/env/lib/python3.8/site-packages/airflow/example_dags/example_branch_operator.py took 0.076 seconds
[2022-03-23 18:51:31,362] {processor.py:163} INFO - Started process (PID=7160) to work on /home/airflow/env/lib/python3.8/site-packages/airflow/example_dags/example_branch_operator.py
[2022-03-23 18:51:31,364] {processor.py:642} INFO - Processing file /home/airflow/env/lib/python3.8/site-packages/airflow/example_dags/example_branch_operator.py for tasks to queue
[2022-03-23 18:51:31,364] {logging_mixin.py:109} INFO - [2022-03-23 18:51:31,364] {dagbag.py:500} INFO - Filling up the DagBag from /home/airflow/env/lib/python3.8/site-packages/airflow/example_dags/example_branch_operator.py
[2022-03-23 18:51:31,383] {processor.py:654} INFO - DAG(s) dict_keys(['example_branch_operator']) retrieved from /home/airflow/env/lib/python3.8/site-packages/airflow/example_dags/example_branch_operator.py
[2022-03-23 18:51:31,394] {logging_mixin.py:109} INFO - [2022-03-23 18:51:31,394] {dag.py:2396} INFO - Sync 1 DAGs
[2022-03-23 18:51:31,405] {logging_mixin.py:109} INFO - [2022-03-23 18:51:31,405] {dag.py:2935} INFO - Setting next_dagrun for example_branch_operator to 2022-03-22 00:00:00+00:00
[2022-03-23 18:51:31,421] {processor.py:171} INFO - Processing /home/airflow/env/lib/python3.8/site-packages/airflow/example_dags/example_branch_operator.py took 0.063 seconds
[2022-03-23 18:52:06,338] {processor.py:163} INFO - Started process (PID=7194) to work on /home/airflow/env/lib/python3.8/site-packages/airflow/example_dags/example_branch_operator.py
[2022-03-23 18:52:06,340] {processor.py:642} INFO - Processing file /home/airflow/env/lib/python3.8/site-packages/airflow/example_dags/example_branch_operator.py for tasks to queue
[2022-03-23 18:52:06,340] {logging_mixin.py:109} INFO - [2022-03-23 18:52:06,340] {dagbag.py:500} INFO - Filling up the DagBag from /home/airflow/env/lib/python3.8/site-packages/airflow/example_dags/example_branch_operator.py
[2022-03-23 18:52:06,369] {processor.py:654} INFO - DAG(s) dict_keys(['example_branch_operator']) retrieved from /home/airflow/env/lib/python3.8/site-packages/airflow/example_dags/example_branch_operator.py
[2022-03-23 18:52:06,382] {logging_mixin.py:109} INFO - [2022-03-23 18:52:06,382] {dag.py:2396} INFO - Sync 1 DAGs
[2022-03-23 18:52:06,398] {logging_mixin.py:109} INFO - [2022-03-23 18:52:06,398] {dag.py:2935} INFO - Setting next_dagrun for example_branch_operator to 2022-03-22 00:00:00+00:00
[2022-03-23 18:52:06,419] {processor.py:171} INFO - Processing /home/airflow/env/lib/python3.8/site-packages/airflow/example_dags/example_branch_operator.py took 0.083 seconds
[2022-03-23 18:52:41,719] {processor.py:163} INFO - Started process (PID=7230) to work on /home/airflow/env/lib/python3.8/site-packages/airflow/example_dags/example_branch_operator.py
[2022-03-23 18:52:41,721] {processor.py:642} INFO - Processing file /home/airflow/env/lib/python3.8/site-packages/airflow/example_dags/example_branch_operator.py for tasks to queue
[2022-03-23 18:52:41,721] {logging_mixin.py:109} INFO - [2022-03-23 18:52:41,721] {dagbag.py:500} INFO - Filling up the DagBag from /home/airflow/env/lib/python3.8/site-packages/airflow/example_dags/example_branch_operator.py
[2022-03-23 18:52:41,740] {processor.py:654} INFO - DAG(s) dict_keys(['example_branch_operator']) retrieved from /home/airflow/env/lib/python3.8/site-packages/airflow/example_dags/example_branch_operator.py
[2022-03-23 18:52:41,750] {logging_mixin.py:109} INFO - [2022-03-23 18:52:41,750] {dag.py:2396} INFO - Sync 1 DAGs
[2022-03-23 18:52:41,762] {logging_mixin.py:109} INFO - [2022-03-23 18:52:41,762] {dag.py:2935} INFO - Setting next_dagrun for example_branch_operator to 2022-03-22 00:00:00+00:00
[2022-03-23 18:52:41,782] {processor.py:171} INFO - Processing /home/airflow/env/lib/python3.8/site-packages/airflow/example_dags/example_branch_operator.py took 0.065 seconds
[2022-03-23 18:53:15,274] {processor.py:163} INFO - Started process (PID=7262) to work on /home/airflow/env/lib/python3.8/site-packages/airflow/example_dags/example_branch_operator.py
[2022-03-23 18:53:15,276] {processor.py:642} INFO - Processing file /home/airflow/env/lib/python3.8/site-packages/airflow/example_dags/example_branch_operator.py for tasks to queue
[2022-03-23 18:53:15,276] {logging_mixin.py:109} INFO - [2022-03-23 18:53:15,276] {dagbag.py:500} INFO - Filling up the DagBag from /home/airflow/env/lib/python3.8/site-packages/airflow/example_dags/example_branch_operator.py
[2022-03-23 18:53:15,297] {processor.py:654} INFO - DAG(s) dict_keys(['example_branch_operator']) retrieved from /home/airflow/env/lib/python3.8/site-packages/airflow/example_dags/example_branch_operator.py
[2022-03-23 18:53:15,306] {logging_mixin.py:109} INFO - [2022-03-23 18:53:15,306] {dag.py:2396} INFO - Sync 1 DAGs
[2022-03-23 18:53:15,319] {logging_mixin.py:109} INFO - [2022-03-23 18:53:15,319] {dag.py:2935} INFO - Setting next_dagrun for example_branch_operator to 2022-03-22 00:00:00+00:00
[2022-03-23 18:53:15,338] {processor.py:171} INFO - Processing /home/airflow/env/lib/python3.8/site-packages/airflow/example_dags/example_branch_operator.py took 0.066 seconds
[2022-03-23 18:53:50,064] {processor.py:163} INFO - Started process (PID=7296) to work on /home/airflow/env/lib/python3.8/site-packages/airflow/example_dags/example_branch_operator.py
[2022-03-23 18:53:50,066] {processor.py:642} INFO - Processing file /home/airflow/env/lib/python3.8/site-packages/airflow/example_dags/example_branch_operator.py for tasks to queue
[2022-03-23 18:53:50,067] {logging_mixin.py:109} INFO - [2022-03-23 18:53:50,067] {dagbag.py:500} INFO - Filling up the DagBag from /home/airflow/env/lib/python3.8/site-packages/airflow/example_dags/example_branch_operator.py
[2022-03-23 18:53:50,098] {processor.py:654} INFO - DAG(s) dict_keys(['example_branch_operator']) retrieved from /home/airflow/env/lib/python3.8/site-packages/airflow/example_dags/example_branch_operator.py
[2022-03-23 18:53:50,114] {logging_mixin.py:109} INFO - [2022-03-23 18:53:50,114] {dag.py:2396} INFO - Sync 1 DAGs
[2022-03-23 18:53:50,135] {logging_mixin.py:109} INFO - [2022-03-23 18:53:50,135] {dag.py:2935} INFO - Setting next_dagrun for example_branch_operator to 2022-03-22 00:00:00+00:00
[2022-03-23 18:53:50,156] {processor.py:171} INFO - Processing /home/airflow/env/lib/python3.8/site-packages/airflow/example_dags/example_branch_operator.py took 0.095 seconds
[2022-03-23 18:54:26,516] {processor.py:163} INFO - Started process (PID=7330) to work on /home/airflow/env/lib/python3.8/site-packages/airflow/example_dags/example_branch_operator.py
[2022-03-23 18:54:26,518] {processor.py:642} INFO - Processing file /home/airflow/env/lib/python3.8/site-packages/airflow/example_dags/example_branch_operator.py for tasks to queue
[2022-03-23 18:54:26,519] {logging_mixin.py:109} INFO - [2022-03-23 18:54:26,519] {dagbag.py:500} INFO - Filling up the DagBag from /home/airflow/env/lib/python3.8/site-packages/airflow/example_dags/example_branch_operator.py
[2022-03-23 18:54:26,544] {processor.py:654} INFO - DAG(s) dict_keys(['example_branch_operator']) retrieved from /home/airflow/env/lib/python3.8/site-packages/airflow/example_dags/example_branch_operator.py
[2022-03-23 18:54:26,556] {logging_mixin.py:109} INFO - [2022-03-23 18:54:26,556] {dag.py:2396} INFO - Sync 1 DAGs
[2022-03-23 18:54:26,573] {logging_mixin.py:109} INFO - [2022-03-23 18:54:26,572] {dag.py:2935} INFO - Setting next_dagrun for example_branch_operator to 2022-03-22 00:00:00+00:00
[2022-03-23 18:54:26,590] {processor.py:171} INFO - Processing /home/airflow/env/lib/python3.8/site-packages/airflow/example_dags/example_branch_operator.py took 0.077 seconds
[2022-03-23 18:54:58,467] {processor.py:163} INFO - Started process (PID=7362) to work on /home/airflow/env/lib/python3.8/site-packages/airflow/example_dags/example_branch_operator.py
[2022-03-23 18:54:58,468] {processor.py:642} INFO - Processing file /home/airflow/env/lib/python3.8/site-packages/airflow/example_dags/example_branch_operator.py for tasks to queue
[2022-03-23 18:54:58,468] {logging_mixin.py:109} INFO - [2022-03-23 18:54:58,468] {dagbag.py:500} INFO - Filling up the DagBag from /home/airflow/env/lib/python3.8/site-packages/airflow/example_dags/example_branch_operator.py
[2022-03-23 18:54:58,493] {processor.py:654} INFO - DAG(s) dict_keys(['example_branch_operator']) retrieved from /home/airflow/env/lib/python3.8/site-packages/airflow/example_dags/example_branch_operator.py
[2022-03-23 18:54:58,506] {logging_mixin.py:109} INFO - [2022-03-23 18:54:58,506] {dag.py:2396} INFO - Sync 1 DAGs
[2022-03-23 18:54:58,521] {logging_mixin.py:109} INFO - [2022-03-23 18:54:58,520] {dag.py:2935} INFO - Setting next_dagrun for example_branch_operator to 2022-03-22 00:00:00+00:00
[2022-03-23 18:54:58,542] {processor.py:171} INFO - Processing /home/airflow/env/lib/python3.8/site-packages/airflow/example_dags/example_branch_operator.py took 0.077 seconds
[2022-03-23 18:55:34,863] {processor.py:163} INFO - Started process (PID=7425) to work on /home/airflow/env/lib/python3.8/site-packages/airflow/example_dags/example_branch_operator.py
[2022-03-23 18:55:34,864] {processor.py:642} INFO - Processing file /home/airflow/env/lib/python3.8/site-packages/airflow/example_dags/example_branch_operator.py for tasks to queue
[2022-03-23 18:55:34,865] {logging_mixin.py:109} INFO - [2022-03-23 18:55:34,865] {dagbag.py:500} INFO - Filling up the DagBag from /home/airflow/env/lib/python3.8/site-packages/airflow/example_dags/example_branch_operator.py
[2022-03-23 18:55:34,885] {processor.py:654} INFO - DAG(s) dict_keys(['example_branch_operator']) retrieved from /home/airflow/env/lib/python3.8/site-packages/airflow/example_dags/example_branch_operator.py
[2022-03-23 18:55:34,897] {logging_mixin.py:109} INFO - [2022-03-23 18:55:34,897] {dag.py:2396} INFO - Sync 1 DAGs
[2022-03-23 18:55:34,910] {logging_mixin.py:109} INFO - [2022-03-23 18:55:34,910] {dag.py:2935} INFO - Setting next_dagrun for example_branch_operator to 2022-03-22 00:00:00+00:00
[2022-03-23 18:55:34,930] {processor.py:171} INFO - Processing /home/airflow/env/lib/python3.8/site-packages/airflow/example_dags/example_branch_operator.py took 0.070 seconds
[2022-03-23 18:56:09,697] {processor.py:163} INFO - Started process (PID=7487) to work on /home/airflow/env/lib/python3.8/site-packages/airflow/example_dags/example_branch_operator.py
[2022-03-23 18:56:09,698] {processor.py:642} INFO - Processing file /home/airflow/env/lib/python3.8/site-packages/airflow/example_dags/example_branch_operator.py for tasks to queue
[2022-03-23 18:56:09,699] {logging_mixin.py:109} INFO - [2022-03-23 18:56:09,699] {dagbag.py:500} INFO - Filling up the DagBag from /home/airflow/env/lib/python3.8/site-packages/airflow/example_dags/example_branch_operator.py
[2022-03-23 18:56:09,720] {processor.py:654} INFO - DAG(s) dict_keys(['example_branch_operator']) retrieved from /home/airflow/env/lib/python3.8/site-packages/airflow/example_dags/example_branch_operator.py
[2022-03-23 18:56:09,731] {logging_mixin.py:109} INFO - [2022-03-23 18:56:09,731] {dag.py:2396} INFO - Sync 1 DAGs
[2022-03-23 18:56:09,743] {logging_mixin.py:109} INFO - [2022-03-23 18:56:09,743] {dag.py:2935} INFO - Setting next_dagrun for example_branch_operator to 2022-03-22 00:00:00+00:00
[2022-03-23 18:56:09,764] {processor.py:171} INFO - Processing /home/airflow/env/lib/python3.8/site-packages/airflow/example_dags/example_branch_operator.py took 0.072 seconds
[2022-03-23 18:56:43,623] {processor.py:163} INFO - Started process (PID=7519) to work on /home/airflow/env/lib/python3.8/site-packages/airflow/example_dags/example_branch_operator.py
[2022-03-23 18:56:43,625] {processor.py:642} INFO - Processing file /home/airflow/env/lib/python3.8/site-packages/airflow/example_dags/example_branch_operator.py for tasks to queue
[2022-03-23 18:56:43,625] {logging_mixin.py:109} INFO - [2022-03-23 18:56:43,625] {dagbag.py:500} INFO - Filling up the DagBag from /home/airflow/env/lib/python3.8/site-packages/airflow/example_dags/example_branch_operator.py
[2022-03-23 18:56:43,644] {processor.py:654} INFO - DAG(s) dict_keys(['example_branch_operator']) retrieved from /home/airflow/env/lib/python3.8/site-packages/airflow/example_dags/example_branch_operator.py
[2022-03-23 18:56:43,653] {logging_mixin.py:109} INFO - [2022-03-23 18:56:43,653] {dag.py:2396} INFO - Sync 1 DAGs
[2022-03-23 18:56:43,666] {logging_mixin.py:109} INFO - [2022-03-23 18:56:43,666] {dag.py:2935} INFO - Setting next_dagrun for example_branch_operator to 2022-03-22 00:00:00+00:00
[2022-03-23 18:56:43,685] {processor.py:171} INFO - Processing /home/airflow/env/lib/python3.8/site-packages/airflow/example_dags/example_branch_operator.py took 0.064 seconds
[2022-03-23 18:57:15,831] {processor.py:163} INFO - Started process (PID=7551) to work on /home/airflow/env/lib/python3.8/site-packages/airflow/example_dags/example_branch_operator.py
[2022-03-23 18:57:15,833] {processor.py:642} INFO - Processing file /home/airflow/env/lib/python3.8/site-packages/airflow/example_dags/example_branch_operator.py for tasks to queue
[2022-03-23 18:57:15,833] {logging_mixin.py:109} INFO - [2022-03-23 18:57:15,833] {dagbag.py:500} INFO - Filling up the DagBag from /home/airflow/env/lib/python3.8/site-packages/airflow/example_dags/example_branch_operator.py
[2022-03-23 18:57:15,856] {processor.py:654} INFO - DAG(s) dict_keys(['example_branch_operator']) retrieved from /home/airflow/env/lib/python3.8/site-packages/airflow/example_dags/example_branch_operator.py
[2022-03-23 18:57:15,867] {logging_mixin.py:109} INFO - [2022-03-23 18:57:15,867] {dag.py:2396} INFO - Sync 1 DAGs
[2022-03-23 18:57:15,881] {logging_mixin.py:109} INFO - [2022-03-23 18:57:15,881] {dag.py:2935} INFO - Setting next_dagrun for example_branch_operator to 2022-03-22 00:00:00+00:00
[2022-03-23 18:57:15,899] {processor.py:171} INFO - Processing /home/airflow/env/lib/python3.8/site-packages/airflow/example_dags/example_branch_operator.py took 0.070 seconds
[2022-03-23 18:57:53,490] {processor.py:163} INFO - Started process (PID=7606) to work on /home/airflow/env/lib/python3.8/site-packages/airflow/example_dags/example_branch_operator.py
[2022-03-23 18:57:53,491] {processor.py:642} INFO - Processing file /home/airflow/env/lib/python3.8/site-packages/airflow/example_dags/example_branch_operator.py for tasks to queue
[2022-03-23 18:57:53,492] {logging_mixin.py:109} INFO - [2022-03-23 18:57:53,492] {dagbag.py:500} INFO - Filling up the DagBag from /home/airflow/env/lib/python3.8/site-packages/airflow/example_dags/example_branch_operator.py
[2022-03-23 18:57:53,511] {processor.py:654} INFO - DAG(s) dict_keys(['example_branch_operator']) retrieved from /home/airflow/env/lib/python3.8/site-packages/airflow/example_dags/example_branch_operator.py
[2022-03-23 18:57:53,522] {logging_mixin.py:109} INFO - [2022-03-23 18:57:53,521] {dag.py:2396} INFO - Sync 1 DAGs
[2022-03-23 18:57:53,542] {logging_mixin.py:109} INFO - [2022-03-23 18:57:53,542] {dag.py:2935} INFO - Setting next_dagrun for example_branch_operator to 2022-03-22 00:00:00+00:00
[2022-03-23 18:57:53,559] {processor.py:171} INFO - Processing /home/airflow/env/lib/python3.8/site-packages/airflow/example_dags/example_branch_operator.py took 0.072 seconds
[2022-03-23 18:58:53,297] {processor.py:163} INFO - Started process (PID=7838) to work on /home/airflow/env/lib/python3.8/site-packages/airflow/example_dags/example_branch_operator.py
[2022-03-23 18:58:53,305] {processor.py:642} INFO - Processing file /home/airflow/env/lib/python3.8/site-packages/airflow/example_dags/example_branch_operator.py for tasks to queue
[2022-03-23 18:58:53,306] {logging_mixin.py:109} INFO - [2022-03-23 18:58:53,306] {dagbag.py:500} INFO - Filling up the DagBag from /home/airflow/env/lib/python3.8/site-packages/airflow/example_dags/example_branch_operator.py
[2022-03-23 18:58:53,386] {processor.py:654} INFO - DAG(s) dict_keys(['example_branch_operator']) retrieved from /home/airflow/env/lib/python3.8/site-packages/airflow/example_dags/example_branch_operator.py
[2022-03-23 18:58:53,421] {logging_mixin.py:109} INFO - [2022-03-23 18:58:53,421] {dag.py:2396} INFO - Sync 1 DAGs
[2022-03-23 18:58:53,514] {logging_mixin.py:109} INFO - [2022-03-23 18:58:53,514] {dag.py:2935} INFO - Setting next_dagrun for example_branch_operator to 2022-03-22 00:00:00+00:00
[2022-03-23 18:58:53,572] {processor.py:171} INFO - Processing /home/airflow/env/lib/python3.8/site-packages/airflow/example_dags/example_branch_operator.py took 0.278 seconds
[2022-03-23 18:59:30,657] {processor.py:163} INFO - Started process (PID=7956) to work on /home/airflow/env/lib/python3.8/site-packages/airflow/example_dags/example_branch_operator.py
[2022-03-23 18:59:30,663] {processor.py:642} INFO - Processing file /home/airflow/env/lib/python3.8/site-packages/airflow/example_dags/example_branch_operator.py for tasks to queue
[2022-03-23 18:59:30,664] {logging_mixin.py:109} INFO - [2022-03-23 18:59:30,664] {dagbag.py:500} INFO - Filling up the DagBag from /home/airflow/env/lib/python3.8/site-packages/airflow/example_dags/example_branch_operator.py
[2022-03-23 18:59:30,691] {processor.py:654} INFO - DAG(s) dict_keys(['example_branch_operator']) retrieved from /home/airflow/env/lib/python3.8/site-packages/airflow/example_dags/example_branch_operator.py
[2022-03-23 18:59:30,701] {logging_mixin.py:109} INFO - [2022-03-23 18:59:30,701] {dag.py:2396} INFO - Sync 1 DAGs
[2022-03-23 18:59:30,713] {logging_mixin.py:109} INFO - [2022-03-23 18:59:30,713] {dag.py:2935} INFO - Setting next_dagrun for example_branch_operator to 2022-03-22 00:00:00+00:00
[2022-03-23 18:59:30,726] {processor.py:171} INFO - Processing /home/airflow/env/lib/python3.8/site-packages/airflow/example_dags/example_branch_operator.py took 0.072 seconds
[2022-03-23 19:00:18,145] {processor.py:163} INFO - Started process (PID=8165) to work on /home/airflow/env/lib/python3.8/site-packages/airflow/example_dags/example_branch_operator.py
[2022-03-23 19:00:18,147] {processor.py:642} INFO - Processing file /home/airflow/env/lib/python3.8/site-packages/airflow/example_dags/example_branch_operator.py for tasks to queue
[2022-03-23 19:00:18,148] {logging_mixin.py:109} INFO - [2022-03-23 19:00:18,148] {dagbag.py:500} INFO - Filling up the DagBag from /home/airflow/env/lib/python3.8/site-packages/airflow/example_dags/example_branch_operator.py
[2022-03-23 19:00:18,174] {processor.py:654} INFO - DAG(s) dict_keys(['example_branch_operator']) retrieved from /home/airflow/env/lib/python3.8/site-packages/airflow/example_dags/example_branch_operator.py
[2022-03-23 19:00:18,185] {logging_mixin.py:109} INFO - [2022-03-23 19:00:18,185] {dag.py:2396} INFO - Sync 1 DAGs
[2022-03-23 19:00:18,200] {logging_mixin.py:109} INFO - [2022-03-23 19:00:18,200] {dag.py:2935} INFO - Setting next_dagrun for example_branch_operator to 2022-03-22 00:00:00+00:00
[2022-03-23 19:00:18,221] {processor.py:171} INFO - Processing /home/airflow/env/lib/python3.8/site-packages/airflow/example_dags/example_branch_operator.py took 0.080 seconds
[2022-03-23 19:00:55,115] {processor.py:163} INFO - Started process (PID=8433) to work on /home/airflow/env/lib/python3.8/site-packages/airflow/example_dags/example_branch_operator.py
[2022-03-23 19:00:55,116] {processor.py:642} INFO - Processing file /home/airflow/env/lib/python3.8/site-packages/airflow/example_dags/example_branch_operator.py for tasks to queue
[2022-03-23 19:00:55,117] {logging_mixin.py:109} INFO - [2022-03-23 19:00:55,117] {dagbag.py:500} INFO - Filling up the DagBag from /home/airflow/env/lib/python3.8/site-packages/airflow/example_dags/example_branch_operator.py
[2022-03-23 19:00:55,140] {processor.py:654} INFO - DAG(s) dict_keys(['example_branch_operator']) retrieved from /home/airflow/env/lib/python3.8/site-packages/airflow/example_dags/example_branch_operator.py
[2022-03-23 19:00:55,150] {logging_mixin.py:109} INFO - [2022-03-23 19:00:55,150] {dag.py:2396} INFO - Sync 1 DAGs
[2022-03-23 19:00:55,162] {logging_mixin.py:109} INFO - [2022-03-23 19:00:55,162] {dag.py:2935} INFO - Setting next_dagrun for example_branch_operator to 2022-03-22 00:00:00+00:00
[2022-03-23 19:00:55,181] {processor.py:171} INFO - Processing /home/airflow/env/lib/python3.8/site-packages/airflow/example_dags/example_branch_operator.py took 0.068 seconds
[2022-03-23 19:01:32,133] {processor.py:163} INFO - Started process (PID=8469) to work on /home/airflow/env/lib/python3.8/site-packages/airflow/example_dags/example_branch_operator.py
[2022-03-23 19:01:32,134] {processor.py:642} INFO - Processing file /home/airflow/env/lib/python3.8/site-packages/airflow/example_dags/example_branch_operator.py for tasks to queue
[2022-03-23 19:01:32,135] {logging_mixin.py:109} INFO - [2022-03-23 19:01:32,134] {dagbag.py:500} INFO - Filling up the DagBag from /home/airflow/env/lib/python3.8/site-packages/airflow/example_dags/example_branch_operator.py
[2022-03-23 19:01:32,157] {processor.py:654} INFO - DAG(s) dict_keys(['example_branch_operator']) retrieved from /home/airflow/env/lib/python3.8/site-packages/airflow/example_dags/example_branch_operator.py
[2022-03-23 19:01:32,167] {logging_mixin.py:109} INFO - [2022-03-23 19:01:32,167] {dag.py:2396} INFO - Sync 1 DAGs
[2022-03-23 19:01:32,182] {logging_mixin.py:109} INFO - [2022-03-23 19:01:32,182] {dag.py:2935} INFO - Setting next_dagrun for example_branch_operator to 2022-03-22 00:00:00+00:00
[2022-03-23 19:01:32,199] {processor.py:171} INFO - Processing /home/airflow/env/lib/python3.8/site-packages/airflow/example_dags/example_branch_operator.py took 0.069 seconds
[2022-03-23 19:02:08,548] {processor.py:163} INFO - Started process (PID=8553) to work on /home/airflow/env/lib/python3.8/site-packages/airflow/example_dags/example_branch_operator.py
[2022-03-23 19:02:08,549] {processor.py:642} INFO - Processing file /home/airflow/env/lib/python3.8/site-packages/airflow/example_dags/example_branch_operator.py for tasks to queue
[2022-03-23 19:02:08,550] {logging_mixin.py:109} INFO - [2022-03-23 19:02:08,550] {dagbag.py:500} INFO - Filling up the DagBag from /home/airflow/env/lib/python3.8/site-packages/airflow/example_dags/example_branch_operator.py
[2022-03-23 19:02:08,594] {processor.py:654} INFO - DAG(s) dict_keys(['example_branch_operator']) retrieved from /home/airflow/env/lib/python3.8/site-packages/airflow/example_dags/example_branch_operator.py
[2022-03-23 19:02:08,609] {logging_mixin.py:109} INFO - [2022-03-23 19:02:08,608] {dag.py:2396} INFO - Sync 1 DAGs
[2022-03-23 19:02:08,626] {logging_mixin.py:109} INFO - [2022-03-23 19:02:08,626] {dag.py:2935} INFO - Setting next_dagrun for example_branch_operator to 2022-03-22 00:00:00+00:00
[2022-03-23 19:02:08,646] {processor.py:171} INFO - Processing /home/airflow/env/lib/python3.8/site-packages/airflow/example_dags/example_branch_operator.py took 0.101 seconds
[2022-03-23 19:02:45,359] {processor.py:163} INFO - Started process (PID=8667) to work on /home/airflow/env/lib/python3.8/site-packages/airflow/example_dags/example_branch_operator.py
[2022-03-23 19:02:45,360] {processor.py:642} INFO - Processing file /home/airflow/env/lib/python3.8/site-packages/airflow/example_dags/example_branch_operator.py for tasks to queue
[2022-03-23 19:02:45,361] {logging_mixin.py:109} INFO - [2022-03-23 19:02:45,361] {dagbag.py:500} INFO - Filling up the DagBag from /home/airflow/env/lib/python3.8/site-packages/airflow/example_dags/example_branch_operator.py
[2022-03-23 19:02:45,380] {processor.py:654} INFO - DAG(s) dict_keys(['example_branch_operator']) retrieved from /home/airflow/env/lib/python3.8/site-packages/airflow/example_dags/example_branch_operator.py
[2022-03-23 19:02:45,389] {logging_mixin.py:109} INFO - [2022-03-23 19:02:45,389] {dag.py:2396} INFO - Sync 1 DAGs
[2022-03-23 19:02:45,401] {logging_mixin.py:109} INFO - [2022-03-23 19:02:45,401] {dag.py:2935} INFO - Setting next_dagrun for example_branch_operator to 2022-03-22 00:00:00+00:00
[2022-03-23 19:02:45,419] {processor.py:171} INFO - Processing /home/airflow/env/lib/python3.8/site-packages/airflow/example_dags/example_branch_operator.py took 0.063 seconds
[2022-03-23 19:03:20,263] {processor.py:163} INFO - Started process (PID=8751) to work on /home/airflow/env/lib/python3.8/site-packages/airflow/example_dags/example_branch_operator.py
[2022-03-23 19:03:20,264] {processor.py:642} INFO - Processing file /home/airflow/env/lib/python3.8/site-packages/airflow/example_dags/example_branch_operator.py for tasks to queue
[2022-03-23 19:03:20,264] {logging_mixin.py:109} INFO - [2022-03-23 19:03:20,264] {dagbag.py:500} INFO - Filling up the DagBag from /home/airflow/env/lib/python3.8/site-packages/airflow/example_dags/example_branch_operator.py
[2022-03-23 19:03:20,285] {processor.py:654} INFO - DAG(s) dict_keys(['example_branch_operator']) retrieved from /home/airflow/env/lib/python3.8/site-packages/airflow/example_dags/example_branch_operator.py
[2022-03-23 19:03:20,294] {logging_mixin.py:109} INFO - [2022-03-23 19:03:20,294] {dag.py:2396} INFO - Sync 1 DAGs
[2022-03-23 19:03:20,306] {logging_mixin.py:109} INFO - [2022-03-23 19:03:20,306] {dag.py:2935} INFO - Setting next_dagrun for example_branch_operator to 2022-03-22 00:00:00+00:00
[2022-03-23 19:03:20,325] {processor.py:171} INFO - Processing /home/airflow/env/lib/python3.8/site-packages/airflow/example_dags/example_branch_operator.py took 0.065 seconds
[2022-03-23 19:03:56,942] {processor.py:163} INFO - Started process (PID=8907) to work on /home/airflow/env/lib/python3.8/site-packages/airflow/example_dags/example_branch_operator.py
[2022-03-23 19:03:56,943] {processor.py:642} INFO - Processing file /home/airflow/env/lib/python3.8/site-packages/airflow/example_dags/example_branch_operator.py for tasks to queue
[2022-03-23 19:03:56,943] {logging_mixin.py:109} INFO - [2022-03-23 19:03:56,943] {dagbag.py:500} INFO - Filling up the DagBag from /home/airflow/env/lib/python3.8/site-packages/airflow/example_dags/example_branch_operator.py
[2022-03-23 19:03:56,962] {processor.py:654} INFO - DAG(s) dict_keys(['example_branch_operator']) retrieved from /home/airflow/env/lib/python3.8/site-packages/airflow/example_dags/example_branch_operator.py
[2022-03-23 19:03:56,971] {logging_mixin.py:109} INFO - [2022-03-23 19:03:56,971] {dag.py:2396} INFO - Sync 1 DAGs
[2022-03-23 19:03:56,983] {logging_mixin.py:109} INFO - [2022-03-23 19:03:56,983] {dag.py:2935} INFO - Setting next_dagrun for example_branch_operator to 2022-03-22 00:00:00+00:00
[2022-03-23 19:03:57,006] {processor.py:171} INFO - Processing /home/airflow/env/lib/python3.8/site-packages/airflow/example_dags/example_branch_operator.py took 0.066 seconds
[2022-03-23 19:04:44,172] {processor.py:163} INFO - Started process (PID=9052) to work on /home/airflow/env/lib/python3.8/site-packages/airflow/example_dags/example_branch_operator.py
[2022-03-23 19:04:44,175] {processor.py:642} INFO - Processing file /home/airflow/env/lib/python3.8/site-packages/airflow/example_dags/example_branch_operator.py for tasks to queue
[2022-03-23 19:04:44,181] {logging_mixin.py:109} INFO - [2022-03-23 19:04:44,181] {dagbag.py:500} INFO - Filling up the DagBag from /home/airflow/env/lib/python3.8/site-packages/airflow/example_dags/example_branch_operator.py
[2022-03-23 19:04:44,264] {processor.py:654} INFO - DAG(s) dict_keys(['example_branch_operator']) retrieved from /home/airflow/env/lib/python3.8/site-packages/airflow/example_dags/example_branch_operator.py
[2022-03-23 19:04:44,304] {logging_mixin.py:109} INFO - [2022-03-23 19:04:44,304] {dag.py:2396} INFO - Sync 1 DAGs
[2022-03-23 19:04:44,361] {logging_mixin.py:109} INFO - [2022-03-23 19:04:44,361] {dag.py:2935} INFO - Setting next_dagrun for example_branch_operator to 2022-03-22 00:00:00+00:00
[2022-03-23 19:04:44,402] {processor.py:171} INFO - Processing /home/airflow/env/lib/python3.8/site-packages/airflow/example_dags/example_branch_operator.py took 0.232 seconds
[2022-03-23 19:05:30,766] {processor.py:163} INFO - Started process (PID=9115) to work on /home/airflow/env/lib/python3.8/site-packages/airflow/example_dags/example_branch_operator.py
[2022-03-23 19:05:30,768] {processor.py:642} INFO - Processing file /home/airflow/env/lib/python3.8/site-packages/airflow/example_dags/example_branch_operator.py for tasks to queue
[2022-03-23 19:05:30,768] {logging_mixin.py:109} INFO - [2022-03-23 19:05:30,768] {dagbag.py:500} INFO - Filling up the DagBag from /home/airflow/env/lib/python3.8/site-packages/airflow/example_dags/example_branch_operator.py
[2022-03-23 19:05:30,794] {processor.py:654} INFO - DAG(s) dict_keys(['example_branch_operator']) retrieved from /home/airflow/env/lib/python3.8/site-packages/airflow/example_dags/example_branch_operator.py
[2022-03-23 19:05:30,807] {logging_mixin.py:109} INFO - [2022-03-23 19:05:30,807] {dag.py:2396} INFO - Sync 1 DAGs
[2022-03-23 19:05:30,823] {logging_mixin.py:109} INFO - [2022-03-23 19:05:30,822] {dag.py:2935} INFO - Setting next_dagrun for example_branch_operator to 2022-03-22 00:00:00+00:00
[2022-03-23 19:05:30,839] {processor.py:171} INFO - Processing /home/airflow/env/lib/python3.8/site-packages/airflow/example_dags/example_branch_operator.py took 0.078 seconds
[2022-03-23 19:06:09,406] {processor.py:163} INFO - Started process (PID=9202) to work on /home/airflow/env/lib/python3.8/site-packages/airflow/example_dags/example_branch_operator.py
[2022-03-23 19:06:09,408] {processor.py:642} INFO - Processing file /home/airflow/env/lib/python3.8/site-packages/airflow/example_dags/example_branch_operator.py for tasks to queue
[2022-03-23 19:06:09,409] {logging_mixin.py:109} INFO - [2022-03-23 19:06:09,409] {dagbag.py:500} INFO - Filling up the DagBag from /home/airflow/env/lib/python3.8/site-packages/airflow/example_dags/example_branch_operator.py
[2022-03-23 19:06:09,436] {processor.py:654} INFO - DAG(s) dict_keys(['example_branch_operator']) retrieved from /home/airflow/env/lib/python3.8/site-packages/airflow/example_dags/example_branch_operator.py
[2022-03-23 19:06:09,448] {logging_mixin.py:109} INFO - [2022-03-23 19:06:09,448] {dag.py:2396} INFO - Sync 1 DAGs
[2022-03-23 19:06:09,465] {logging_mixin.py:109} INFO - [2022-03-23 19:06:09,465] {dag.py:2935} INFO - Setting next_dagrun for example_branch_operator to 2022-03-22 00:00:00+00:00
[2022-03-23 19:06:09,478] {processor.py:171} INFO - Processing /home/airflow/env/lib/python3.8/site-packages/airflow/example_dags/example_branch_operator.py took 0.076 seconds
[2022-03-23 19:06:43,528] {processor.py:163} INFO - Started process (PID=9235) to work on /home/airflow/env/lib/python3.8/site-packages/airflow/example_dags/example_branch_operator.py
[2022-03-23 19:06:43,529] {processor.py:642} INFO - Processing file /home/airflow/env/lib/python3.8/site-packages/airflow/example_dags/example_branch_operator.py for tasks to queue
[2022-03-23 19:06:43,529] {logging_mixin.py:109} INFO - [2022-03-23 19:06:43,529] {dagbag.py:500} INFO - Filling up the DagBag from /home/airflow/env/lib/python3.8/site-packages/airflow/example_dags/example_branch_operator.py
[2022-03-23 19:06:43,552] {processor.py:654} INFO - DAG(s) dict_keys(['example_branch_operator']) retrieved from /home/airflow/env/lib/python3.8/site-packages/airflow/example_dags/example_branch_operator.py
[2022-03-23 19:06:43,563] {logging_mixin.py:109} INFO - [2022-03-23 19:06:43,563] {dag.py:2396} INFO - Sync 1 DAGs
[2022-03-23 19:06:43,574] {logging_mixin.py:109} INFO - [2022-03-23 19:06:43,574] {dag.py:2935} INFO - Setting next_dagrun for example_branch_operator to 2022-03-22 00:00:00+00:00
[2022-03-23 19:06:43,595] {processor.py:171} INFO - Processing /home/airflow/env/lib/python3.8/site-packages/airflow/example_dags/example_branch_operator.py took 0.070 seconds
[2022-03-23 19:07:20,477] {processor.py:163} INFO - Started process (PID=9271) to work on /home/airflow/env/lib/python3.8/site-packages/airflow/example_dags/example_branch_operator.py
[2022-03-23 19:07:20,479] {processor.py:642} INFO - Processing file /home/airflow/env/lib/python3.8/site-packages/airflow/example_dags/example_branch_operator.py for tasks to queue
[2022-03-23 19:07:20,479] {logging_mixin.py:109} INFO - [2022-03-23 19:07:20,479] {dagbag.py:500} INFO - Filling up the DagBag from /home/airflow/env/lib/python3.8/site-packages/airflow/example_dags/example_branch_operator.py
[2022-03-23 19:07:20,499] {processor.py:654} INFO - DAG(s) dict_keys(['example_branch_operator']) retrieved from /home/airflow/env/lib/python3.8/site-packages/airflow/example_dags/example_branch_operator.py
[2022-03-23 19:07:20,508] {logging_mixin.py:109} INFO - [2022-03-23 19:07:20,508] {dag.py:2396} INFO - Sync 1 DAGs
[2022-03-23 19:07:20,520] {logging_mixin.py:109} INFO - [2022-03-23 19:07:20,520] {dag.py:2935} INFO - Setting next_dagrun for example_branch_operator to 2022-03-22 00:00:00+00:00
[2022-03-23 19:07:20,539] {processor.py:171} INFO - Processing /home/airflow/env/lib/python3.8/site-packages/airflow/example_dags/example_branch_operator.py took 0.064 seconds
[2022-03-23 19:07:53,755] {processor.py:163} INFO - Started process (PID=9305) to work on /home/airflow/env/lib/python3.8/site-packages/airflow/example_dags/example_branch_operator.py
[2022-03-23 19:07:53,757] {processor.py:642} INFO - Processing file /home/airflow/env/lib/python3.8/site-packages/airflow/example_dags/example_branch_operator.py for tasks to queue
[2022-03-23 19:07:53,757] {logging_mixin.py:109} INFO - [2022-03-23 19:07:53,757] {dagbag.py:500} INFO - Filling up the DagBag from /home/airflow/env/lib/python3.8/site-packages/airflow/example_dags/example_branch_operator.py
[2022-03-23 19:07:53,778] {processor.py:654} INFO - DAG(s) dict_keys(['example_branch_operator']) retrieved from /home/airflow/env/lib/python3.8/site-packages/airflow/example_dags/example_branch_operator.py
[2022-03-23 19:07:53,790] {logging_mixin.py:109} INFO - [2022-03-23 19:07:53,790] {dag.py:2396} INFO - Sync 1 DAGs
[2022-03-23 19:07:53,804] {logging_mixin.py:109} INFO - [2022-03-23 19:07:53,804] {dag.py:2935} INFO - Setting next_dagrun for example_branch_operator to 2022-03-22 00:00:00+00:00
[2022-03-23 19:07:53,822] {processor.py:171} INFO - Processing /home/airflow/env/lib/python3.8/site-packages/airflow/example_dags/example_branch_operator.py took 0.068 seconds
[2022-03-23 19:08:32,919] {processor.py:163} INFO - Started process (PID=9342) to work on /home/airflow/env/lib/python3.8/site-packages/airflow/example_dags/example_branch_operator.py
[2022-03-23 19:08:32,921] {processor.py:642} INFO - Processing file /home/airflow/env/lib/python3.8/site-packages/airflow/example_dags/example_branch_operator.py for tasks to queue
[2022-03-23 19:08:32,922] {logging_mixin.py:109} INFO - [2022-03-23 19:08:32,921] {dagbag.py:500} INFO - Filling up the DagBag from /home/airflow/env/lib/python3.8/site-packages/airflow/example_dags/example_branch_operator.py
[2022-03-23 19:08:32,942] {processor.py:654} INFO - DAG(s) dict_keys(['example_branch_operator']) retrieved from /home/airflow/env/lib/python3.8/site-packages/airflow/example_dags/example_branch_operator.py
[2022-03-23 19:08:32,953] {logging_mixin.py:109} INFO - [2022-03-23 19:08:32,953] {dag.py:2396} INFO - Sync 1 DAGs
[2022-03-23 19:08:32,966] {logging_mixin.py:109} INFO - [2022-03-23 19:08:32,966] {dag.py:2935} INFO - Setting next_dagrun for example_branch_operator to 2022-03-22 00:00:00+00:00
[2022-03-23 19:08:32,985] {processor.py:171} INFO - Processing /home/airflow/env/lib/python3.8/site-packages/airflow/example_dags/example_branch_operator.py took 0.068 seconds
[2022-03-23 19:09:16,310] {processor.py:163} INFO - Started process (PID=9381) to work on /home/airflow/env/lib/python3.8/site-packages/airflow/example_dags/example_branch_operator.py
[2022-03-23 19:09:16,312] {processor.py:642} INFO - Processing file /home/airflow/env/lib/python3.8/site-packages/airflow/example_dags/example_branch_operator.py for tasks to queue
[2022-03-23 19:09:16,313] {logging_mixin.py:109} INFO - [2022-03-23 19:09:16,312] {dagbag.py:500} INFO - Filling up the DagBag from /home/airflow/env/lib/python3.8/site-packages/airflow/example_dags/example_branch_operator.py
[2022-03-23 19:09:16,339] {processor.py:654} INFO - DAG(s) dict_keys(['example_branch_operator']) retrieved from /home/airflow/env/lib/python3.8/site-packages/airflow/example_dags/example_branch_operator.py
[2022-03-23 19:09:16,350] {logging_mixin.py:109} INFO - [2022-03-23 19:09:16,350] {dag.py:2396} INFO - Sync 1 DAGs
[2022-03-23 19:09:16,368] {logging_mixin.py:109} INFO - [2022-03-23 19:09:16,368] {dag.py:2935} INFO - Setting next_dagrun for example_branch_operator to 2022-03-22 00:00:00+00:00
[2022-03-23 19:09:16,388] {processor.py:171} INFO - Processing /home/airflow/env/lib/python3.8/site-packages/airflow/example_dags/example_branch_operator.py took 0.082 seconds
[2022-03-23 19:09:51,789] {processor.py:163} INFO - Started process (PID=9414) to work on /home/airflow/env/lib/python3.8/site-packages/airflow/example_dags/example_branch_operator.py
[2022-03-23 19:09:51,790] {processor.py:642} INFO - Processing file /home/airflow/env/lib/python3.8/site-packages/airflow/example_dags/example_branch_operator.py for tasks to queue
[2022-03-23 19:09:51,791] {logging_mixin.py:109} INFO - [2022-03-23 19:09:51,790] {dagbag.py:500} INFO - Filling up the DagBag from /home/airflow/env/lib/python3.8/site-packages/airflow/example_dags/example_branch_operator.py
[2022-03-23 19:09:51,818] {processor.py:654} INFO - DAG(s) dict_keys(['example_branch_operator']) retrieved from /home/airflow/env/lib/python3.8/site-packages/airflow/example_dags/example_branch_operator.py
[2022-03-23 19:09:51,829] {logging_mixin.py:109} INFO - [2022-03-23 19:09:51,829] {dag.py:2396} INFO - Sync 1 DAGs
[2022-03-23 19:09:51,847] {logging_mixin.py:109} INFO - [2022-03-23 19:09:51,847] {dag.py:2935} INFO - Setting next_dagrun for example_branch_operator to 2022-03-22 00:00:00+00:00
[2022-03-23 19:09:51,866] {processor.py:171} INFO - Processing /home/airflow/env/lib/python3.8/site-packages/airflow/example_dags/example_branch_operator.py took 0.080 seconds
[2022-03-23 19:10:29,164] {processor.py:163} INFO - Started process (PID=9451) to work on /home/airflow/env/lib/python3.8/site-packages/airflow/example_dags/example_branch_operator.py
[2022-03-23 19:10:29,165] {processor.py:642} INFO - Processing file /home/airflow/env/lib/python3.8/site-packages/airflow/example_dags/example_branch_operator.py for tasks to queue
[2022-03-23 19:10:29,166] {logging_mixin.py:109} INFO - [2022-03-23 19:10:29,166] {dagbag.py:500} INFO - Filling up the DagBag from /home/airflow/env/lib/python3.8/site-packages/airflow/example_dags/example_branch_operator.py
[2022-03-23 19:10:29,186] {processor.py:654} INFO - DAG(s) dict_keys(['example_branch_operator']) retrieved from /home/airflow/env/lib/python3.8/site-packages/airflow/example_dags/example_branch_operator.py
[2022-03-23 19:10:29,199] {logging_mixin.py:109} INFO - [2022-03-23 19:10:29,198] {dag.py:2396} INFO - Sync 1 DAGs
[2022-03-23 19:10:29,212] {logging_mixin.py:109} INFO - [2022-03-23 19:10:29,212] {dag.py:2935} INFO - Setting next_dagrun for example_branch_operator to 2022-03-22 00:00:00+00:00
[2022-03-23 19:10:29,226] {processor.py:171} INFO - Processing /home/airflow/env/lib/python3.8/site-packages/airflow/example_dags/example_branch_operator.py took 0.064 seconds
[2022-03-23 19:11:06,932] {processor.py:163} INFO - Started process (PID=9543) to work on /home/airflow/env/lib/python3.8/site-packages/airflow/example_dags/example_branch_operator.py
[2022-03-23 19:11:06,933] {processor.py:642} INFO - Processing file /home/airflow/env/lib/python3.8/site-packages/airflow/example_dags/example_branch_operator.py for tasks to queue
[2022-03-23 19:11:06,934] {logging_mixin.py:109} INFO - [2022-03-23 19:11:06,934] {dagbag.py:500} INFO - Filling up the DagBag from /home/airflow/env/lib/python3.8/site-packages/airflow/example_dags/example_branch_operator.py
[2022-03-23 19:11:06,961] {processor.py:654} INFO - DAG(s) dict_keys(['example_branch_operator']) retrieved from /home/airflow/env/lib/python3.8/site-packages/airflow/example_dags/example_branch_operator.py
[2022-03-23 19:11:06,973] {logging_mixin.py:109} INFO - [2022-03-23 19:11:06,973] {dag.py:2396} INFO - Sync 1 DAGs
[2022-03-23 19:11:06,988] {logging_mixin.py:109} INFO - [2022-03-23 19:11:06,988] {dag.py:2935} INFO - Setting next_dagrun for example_branch_operator to 2022-03-22 00:00:00+00:00
[2022-03-23 19:11:07,008] {processor.py:171} INFO - Processing /home/airflow/env/lib/python3.8/site-packages/airflow/example_dags/example_branch_operator.py took 0.078 seconds
[2022-03-23 19:11:44,014] {processor.py:163} INFO - Started process (PID=9580) to work on /home/airflow/env/lib/python3.8/site-packages/airflow/example_dags/example_branch_operator.py
[2022-03-23 19:11:44,016] {processor.py:642} INFO - Processing file /home/airflow/env/lib/python3.8/site-packages/airflow/example_dags/example_branch_operator.py for tasks to queue
[2022-03-23 19:11:44,017] {logging_mixin.py:109} INFO - [2022-03-23 19:11:44,017] {dagbag.py:500} INFO - Filling up the DagBag from /home/airflow/env/lib/python3.8/site-packages/airflow/example_dags/example_branch_operator.py
[2022-03-23 19:11:44,052] {processor.py:654} INFO - DAG(s) dict_keys(['example_branch_operator']) retrieved from /home/airflow/env/lib/python3.8/site-packages/airflow/example_dags/example_branch_operator.py
[2022-03-23 19:11:44,068] {logging_mixin.py:109} INFO - [2022-03-23 19:11:44,068] {dag.py:2396} INFO - Sync 1 DAGs
[2022-03-23 19:11:44,087] {logging_mixin.py:109} INFO - [2022-03-23 19:11:44,087] {dag.py:2935} INFO - Setting next_dagrun for example_branch_operator to 2022-03-22 00:00:00+00:00
[2022-03-23 19:11:44,108] {processor.py:171} INFO - Processing /home/airflow/env/lib/python3.8/site-packages/airflow/example_dags/example_branch_operator.py took 0.098 seconds
[2022-03-23 19:12:19,559] {processor.py:163} INFO - Started process (PID=9690) to work on /home/airflow/env/lib/python3.8/site-packages/airflow/example_dags/example_branch_operator.py
[2022-03-23 19:12:19,567] {processor.py:642} INFO - Processing file /home/airflow/env/lib/python3.8/site-packages/airflow/example_dags/example_branch_operator.py for tasks to queue
[2022-03-23 19:12:19,568] {logging_mixin.py:109} INFO - [2022-03-23 19:12:19,568] {dagbag.py:500} INFO - Filling up the DagBag from /home/airflow/env/lib/python3.8/site-packages/airflow/example_dags/example_branch_operator.py
[2022-03-23 19:12:19,591] {processor.py:654} INFO - DAG(s) dict_keys(['example_branch_operator']) retrieved from /home/airflow/env/lib/python3.8/site-packages/airflow/example_dags/example_branch_operator.py
[2022-03-23 19:12:19,605] {logging_mixin.py:109} INFO - [2022-03-23 19:12:19,604] {dag.py:2396} INFO - Sync 1 DAGs
[2022-03-23 19:12:19,620] {logging_mixin.py:109} INFO - [2022-03-23 19:12:19,620] {dag.py:2935} INFO - Setting next_dagrun for example_branch_operator to 2022-03-22 00:00:00+00:00
[2022-03-23 19:12:19,639] {processor.py:171} INFO - Processing /home/airflow/env/lib/python3.8/site-packages/airflow/example_dags/example_branch_operator.py took 0.083 seconds
[2022-03-23 19:13:01,201] {processor.py:163} INFO - Started process (PID=9866) to work on /home/airflow/env/lib/python3.8/site-packages/airflow/example_dags/example_branch_operator.py
[2022-03-23 19:13:01,202] {processor.py:642} INFO - Processing file /home/airflow/env/lib/python3.8/site-packages/airflow/example_dags/example_branch_operator.py for tasks to queue
[2022-03-23 19:13:01,202] {logging_mixin.py:109} INFO - [2022-03-23 19:13:01,202] {dagbag.py:500} INFO - Filling up the DagBag from /home/airflow/env/lib/python3.8/site-packages/airflow/example_dags/example_branch_operator.py
[2022-03-23 19:13:01,222] {processor.py:654} INFO - DAG(s) dict_keys(['example_branch_operator']) retrieved from /home/airflow/env/lib/python3.8/site-packages/airflow/example_dags/example_branch_operator.py
[2022-03-23 19:13:01,232] {logging_mixin.py:109} INFO - [2022-03-23 19:13:01,232] {dag.py:2396} INFO - Sync 1 DAGs
[2022-03-23 19:13:01,245] {logging_mixin.py:109} INFO - [2022-03-23 19:13:01,245] {dag.py:2935} INFO - Setting next_dagrun for example_branch_operator to 2022-03-22 00:00:00+00:00
[2022-03-23 19:13:01,263] {processor.py:171} INFO - Processing /home/airflow/env/lib/python3.8/site-packages/airflow/example_dags/example_branch_operator.py took 0.065 seconds
[2022-03-23 19:13:36,579] {processor.py:163} INFO - Started process (PID=10075) to work on /home/airflow/env/lib/python3.8/site-packages/airflow/example_dags/example_branch_operator.py
[2022-03-23 19:13:36,580] {processor.py:642} INFO - Processing file /home/airflow/env/lib/python3.8/site-packages/airflow/example_dags/example_branch_operator.py for tasks to queue
[2022-03-23 19:13:36,581] {logging_mixin.py:109} INFO - [2022-03-23 19:13:36,581] {dagbag.py:500} INFO - Filling up the DagBag from /home/airflow/env/lib/python3.8/site-packages/airflow/example_dags/example_branch_operator.py
[2022-03-23 19:13:36,605] {processor.py:654} INFO - DAG(s) dict_keys(['example_branch_operator']) retrieved from /home/airflow/env/lib/python3.8/site-packages/airflow/example_dags/example_branch_operator.py
[2022-03-23 19:13:36,615] {logging_mixin.py:109} INFO - [2022-03-23 19:13:36,615] {dag.py:2396} INFO - Sync 1 DAGs
[2022-03-23 19:13:36,627] {logging_mixin.py:109} INFO - [2022-03-23 19:13:36,627] {dag.py:2935} INFO - Setting next_dagrun for example_branch_operator to 2022-03-22 00:00:00+00:00
[2022-03-23 19:13:36,645] {processor.py:171} INFO - Processing /home/airflow/env/lib/python3.8/site-packages/airflow/example_dags/example_branch_operator.py took 0.077 seconds
