[2022-03-23 18:35:48,697] {processor.py:163} INFO - Started process (PID=5157) to work on /home/airflow/env/lib/python3.8/site-packages/airflow/example_dags/example_kubernetes_executor.py
[2022-03-23 18:35:48,698] {processor.py:642} INFO - Processing file /home/airflow/env/lib/python3.8/site-packages/airflow/example_dags/example_kubernetes_executor.py for tasks to queue
[2022-03-23 18:35:48,699] {logging_mixin.py:109} INFO - [2022-03-23 18:35:48,699] {dagbag.py:500} INFO - Filling up the DagBag from /home/airflow/env/lib/python3.8/site-packages/airflow/example_dags/example_kubernetes_executor.py
[2022-03-23 18:35:48,706] {logging_mixin.py:109} INFO - [2022-03-23 18:35:48,706] {example_kubernetes_executor.py:38} WARNING - The example_kubernetes_executor example DAG requires the kubernetes provider. Please install it with: pip install apache-airflow[cncf.kubernetes]
[2022-03-23 18:35:48,712] {processor.py:656} WARNING - No viable dags retrieved from /home/airflow/env/lib/python3.8/site-packages/airflow/example_dags/example_kubernetes_executor.py
[2022-03-23 18:35:48,713] {processor.py:171} INFO - Processing /home/airflow/env/lib/python3.8/site-packages/airflow/example_dags/example_kubernetes_executor.py took 0.018 seconds
[2022-03-23 18:36:22,291] {processor.py:163} INFO - Started process (PID=5189) to work on /home/airflow/env/lib/python3.8/site-packages/airflow/example_dags/example_kubernetes_executor.py
[2022-03-23 18:36:22,292] {processor.py:642} INFO - Processing file /home/airflow/env/lib/python3.8/site-packages/airflow/example_dags/example_kubernetes_executor.py for tasks to queue
[2022-03-23 18:36:22,292] {logging_mixin.py:109} INFO - [2022-03-23 18:36:22,292] {dagbag.py:500} INFO - Filling up the DagBag from /home/airflow/env/lib/python3.8/site-packages/airflow/example_dags/example_kubernetes_executor.py
[2022-03-23 18:36:22,302] {logging_mixin.py:109} INFO - [2022-03-23 18:36:22,302] {example_kubernetes_executor.py:38} WARNING - The example_kubernetes_executor example DAG requires the kubernetes provider. Please install it with: pip install apache-airflow[cncf.kubernetes]
[2022-03-23 18:36:22,309] {processor.py:656} WARNING - No viable dags retrieved from /home/airflow/env/lib/python3.8/site-packages/airflow/example_dags/example_kubernetes_executor.py
[2022-03-23 18:36:22,311] {processor.py:171} INFO - Processing /home/airflow/env/lib/python3.8/site-packages/airflow/example_dags/example_kubernetes_executor.py took 0.022 seconds
[2022-03-23 18:36:54,870] {processor.py:163} INFO - Started process (PID=5297) to work on /home/airflow/env/lib/python3.8/site-packages/airflow/example_dags/example_kubernetes_executor.py
[2022-03-23 18:36:54,871] {processor.py:642} INFO - Processing file /home/airflow/env/lib/python3.8/site-packages/airflow/example_dags/example_kubernetes_executor.py for tasks to queue
[2022-03-23 18:36:54,871] {logging_mixin.py:109} INFO - [2022-03-23 18:36:54,871] {dagbag.py:500} INFO - Filling up the DagBag from /home/airflow/env/lib/python3.8/site-packages/airflow/example_dags/example_kubernetes_executor.py
[2022-03-23 18:36:54,879] {logging_mixin.py:109} INFO - [2022-03-23 18:36:54,879] {example_kubernetes_executor.py:38} WARNING - The example_kubernetes_executor example DAG requires the kubernetes provider. Please install it with: pip install apache-airflow[cncf.kubernetes]
[2022-03-23 18:36:54,887] {processor.py:656} WARNING - No viable dags retrieved from /home/airflow/env/lib/python3.8/site-packages/airflow/example_dags/example_kubernetes_executor.py
[2022-03-23 18:36:54,889] {processor.py:171} INFO - Processing /home/airflow/env/lib/python3.8/site-packages/airflow/example_dags/example_kubernetes_executor.py took 0.022 seconds
[2022-03-23 18:37:30,567] {processor.py:163} INFO - Started process (PID=5378) to work on /home/airflow/env/lib/python3.8/site-packages/airflow/example_dags/example_kubernetes_executor.py
[2022-03-23 18:37:30,574] {processor.py:642} INFO - Processing file /home/airflow/env/lib/python3.8/site-packages/airflow/example_dags/example_kubernetes_executor.py for tasks to queue
[2022-03-23 18:37:30,575] {logging_mixin.py:109} INFO - [2022-03-23 18:37:30,575] {dagbag.py:500} INFO - Filling up the DagBag from /home/airflow/env/lib/python3.8/site-packages/airflow/example_dags/example_kubernetes_executor.py
[2022-03-23 18:37:30,582] {logging_mixin.py:109} INFO - [2022-03-23 18:37:30,582] {example_kubernetes_executor.py:38} WARNING - The example_kubernetes_executor example DAG requires the kubernetes provider. Please install it with: pip install apache-airflow[cncf.kubernetes]
[2022-03-23 18:37:30,590] {processor.py:656} WARNING - No viable dags retrieved from /home/airflow/env/lib/python3.8/site-packages/airflow/example_dags/example_kubernetes_executor.py
[2022-03-23 18:37:30,592] {processor.py:171} INFO - Processing /home/airflow/env/lib/python3.8/site-packages/airflow/example_dags/example_kubernetes_executor.py took 0.027 seconds
[2022-03-23 18:38:04,689] {processor.py:163} INFO - Started process (PID=5470) to work on /home/airflow/env/lib/python3.8/site-packages/airflow/example_dags/example_kubernetes_executor.py
[2022-03-23 18:38:04,691] {processor.py:642} INFO - Processing file /home/airflow/env/lib/python3.8/site-packages/airflow/example_dags/example_kubernetes_executor.py for tasks to queue
[2022-03-23 18:38:04,691] {logging_mixin.py:109} INFO - [2022-03-23 18:38:04,691] {dagbag.py:500} INFO - Filling up the DagBag from /home/airflow/env/lib/python3.8/site-packages/airflow/example_dags/example_kubernetes_executor.py
[2022-03-23 18:38:04,699] {logging_mixin.py:109} INFO - [2022-03-23 18:38:04,699] {example_kubernetes_executor.py:38} WARNING - The example_kubernetes_executor example DAG requires the kubernetes provider. Please install it with: pip install apache-airflow[cncf.kubernetes]
[2022-03-23 18:38:04,708] {processor.py:656} WARNING - No viable dags retrieved from /home/airflow/env/lib/python3.8/site-packages/airflow/example_dags/example_kubernetes_executor.py
[2022-03-23 18:38:04,710] {processor.py:171} INFO - Processing /home/airflow/env/lib/python3.8/site-packages/airflow/example_dags/example_kubernetes_executor.py took 0.023 seconds
[2022-03-23 18:38:39,638] {processor.py:163} INFO - Started process (PID=5502) to work on /home/airflow/env/lib/python3.8/site-packages/airflow/example_dags/example_kubernetes_executor.py
[2022-03-23 18:38:39,639] {processor.py:642} INFO - Processing file /home/airflow/env/lib/python3.8/site-packages/airflow/example_dags/example_kubernetes_executor.py for tasks to queue
[2022-03-23 18:38:39,639] {logging_mixin.py:109} INFO - [2022-03-23 18:38:39,639] {dagbag.py:500} INFO - Filling up the DagBag from /home/airflow/env/lib/python3.8/site-packages/airflow/example_dags/example_kubernetes_executor.py
[2022-03-23 18:38:39,647] {logging_mixin.py:109} INFO - [2022-03-23 18:38:39,647] {example_kubernetes_executor.py:38} WARNING - The example_kubernetes_executor example DAG requires the kubernetes provider. Please install it with: pip install apache-airflow[cncf.kubernetes]
[2022-03-23 18:38:39,655] {processor.py:656} WARNING - No viable dags retrieved from /home/airflow/env/lib/python3.8/site-packages/airflow/example_dags/example_kubernetes_executor.py
[2022-03-23 18:38:39,657] {processor.py:171} INFO - Processing /home/airflow/env/lib/python3.8/site-packages/airflow/example_dags/example_kubernetes_executor.py took 0.022 seconds
[2022-03-23 18:39:21,175] {processor.py:163} INFO - Started process (PID=5560) to work on /home/airflow/env/lib/python3.8/site-packages/airflow/example_dags/example_kubernetes_executor.py
[2022-03-23 18:39:21,181] {processor.py:642} INFO - Processing file /home/airflow/env/lib/python3.8/site-packages/airflow/example_dags/example_kubernetes_executor.py for tasks to queue
[2022-03-23 18:39:21,186] {logging_mixin.py:109} INFO - [2022-03-23 18:39:21,186] {dagbag.py:500} INFO - Filling up the DagBag from /home/airflow/env/lib/python3.8/site-packages/airflow/example_dags/example_kubernetes_executor.py
[2022-03-23 18:39:21,216] {logging_mixin.py:109} INFO - [2022-03-23 18:39:21,216] {example_kubernetes_executor.py:38} WARNING - The example_kubernetes_executor example DAG requires the kubernetes provider. Please install it with: pip install apache-airflow[cncf.kubernetes]
[2022-03-23 18:39:21,249] {processor.py:656} WARNING - No viable dags retrieved from /home/airflow/env/lib/python3.8/site-packages/airflow/example_dags/example_kubernetes_executor.py
[2022-03-23 18:39:21,257] {processor.py:171} INFO - Processing /home/airflow/env/lib/python3.8/site-packages/airflow/example_dags/example_kubernetes_executor.py took 0.093 seconds
[2022-03-23 18:39:58,401] {processor.py:163} INFO - Started process (PID=5713) to work on /home/airflow/env/lib/python3.8/site-packages/airflow/example_dags/example_kubernetes_executor.py
[2022-03-23 18:39:58,402] {processor.py:642} INFO - Processing file /home/airflow/env/lib/python3.8/site-packages/airflow/example_dags/example_kubernetes_executor.py for tasks to queue
[2022-03-23 18:39:58,403] {logging_mixin.py:109} INFO - [2022-03-23 18:39:58,403] {dagbag.py:500} INFO - Filling up the DagBag from /home/airflow/env/lib/python3.8/site-packages/airflow/example_dags/example_kubernetes_executor.py
[2022-03-23 18:39:58,422] {logging_mixin.py:109} INFO - [2022-03-23 18:39:58,422] {example_kubernetes_executor.py:38} WARNING - The example_kubernetes_executor example DAG requires the kubernetes provider. Please install it with: pip install apache-airflow[cncf.kubernetes]
[2022-03-23 18:39:58,430] {processor.py:656} WARNING - No viable dags retrieved from /home/airflow/env/lib/python3.8/site-packages/airflow/example_dags/example_kubernetes_executor.py
[2022-03-23 18:39:58,432] {processor.py:171} INFO - Processing /home/airflow/env/lib/python3.8/site-packages/airflow/example_dags/example_kubernetes_executor.py took 0.034 seconds
[2022-03-23 18:40:32,711] {processor.py:163} INFO - Started process (PID=5850) to work on /home/airflow/env/lib/python3.8/site-packages/airflow/example_dags/example_kubernetes_executor.py
[2022-03-23 18:40:32,713] {processor.py:642} INFO - Processing file /home/airflow/env/lib/python3.8/site-packages/airflow/example_dags/example_kubernetes_executor.py for tasks to queue
[2022-03-23 18:40:32,714] {logging_mixin.py:109} INFO - [2022-03-23 18:40:32,714] {dagbag.py:500} INFO - Filling up the DagBag from /home/airflow/env/lib/python3.8/site-packages/airflow/example_dags/example_kubernetes_executor.py
[2022-03-23 18:40:32,722] {logging_mixin.py:109} INFO - [2022-03-23 18:40:32,722] {example_kubernetes_executor.py:38} WARNING - The example_kubernetes_executor example DAG requires the kubernetes provider. Please install it with: pip install apache-airflow[cncf.kubernetes]
[2022-03-23 18:40:32,731] {processor.py:656} WARNING - No viable dags retrieved from /home/airflow/env/lib/python3.8/site-packages/airflow/example_dags/example_kubernetes_executor.py
[2022-03-23 18:40:32,733] {processor.py:171} INFO - Processing /home/airflow/env/lib/python3.8/site-packages/airflow/example_dags/example_kubernetes_executor.py took 0.025 seconds
[2022-03-23 18:41:06,741] {processor.py:163} INFO - Started process (PID=5978) to work on /home/airflow/env/lib/python3.8/site-packages/airflow/example_dags/example_kubernetes_executor.py
[2022-03-23 18:41:06,742] {processor.py:642} INFO - Processing file /home/airflow/env/lib/python3.8/site-packages/airflow/example_dags/example_kubernetes_executor.py for tasks to queue
[2022-03-23 18:41:06,743] {logging_mixin.py:109} INFO - [2022-03-23 18:41:06,743] {dagbag.py:500} INFO - Filling up the DagBag from /home/airflow/env/lib/python3.8/site-packages/airflow/example_dags/example_kubernetes_executor.py
[2022-03-23 18:41:06,751] {logging_mixin.py:109} INFO - [2022-03-23 18:41:06,751] {example_kubernetes_executor.py:38} WARNING - The example_kubernetes_executor example DAG requires the kubernetes provider. Please install it with: pip install apache-airflow[cncf.kubernetes]
[2022-03-23 18:41:06,758] {processor.py:656} WARNING - No viable dags retrieved from /home/airflow/env/lib/python3.8/site-packages/airflow/example_dags/example_kubernetes_executor.py
[2022-03-23 18:41:06,760] {processor.py:171} INFO - Processing /home/airflow/env/lib/python3.8/site-packages/airflow/example_dags/example_kubernetes_executor.py took 0.023 seconds
[2022-03-23 18:41:45,665] {processor.py:163} INFO - Started process (PID=6161) to work on /home/airflow/env/lib/python3.8/site-packages/airflow/example_dags/example_kubernetes_executor.py
[2022-03-23 18:41:45,682] {processor.py:642} INFO - Processing file /home/airflow/env/lib/python3.8/site-packages/airflow/example_dags/example_kubernetes_executor.py for tasks to queue
[2022-03-23 18:41:45,685] {logging_mixin.py:109} INFO - [2022-03-23 18:41:45,685] {dagbag.py:500} INFO - Filling up the DagBag from /home/airflow/env/lib/python3.8/site-packages/airflow/example_dags/example_kubernetes_executor.py
[2022-03-23 18:41:45,732] {logging_mixin.py:109} INFO - [2022-03-23 18:41:45,732] {example_kubernetes_executor.py:38} WARNING - The example_kubernetes_executor example DAG requires the kubernetes provider. Please install it with: pip install apache-airflow[cncf.kubernetes]
[2022-03-23 18:41:45,815] {processor.py:656} WARNING - No viable dags retrieved from /home/airflow/env/lib/python3.8/site-packages/airflow/example_dags/example_kubernetes_executor.py
[2022-03-23 18:41:45,819] {processor.py:171} INFO - Processing /home/airflow/env/lib/python3.8/site-packages/airflow/example_dags/example_kubernetes_executor.py took 0.158 seconds
[2022-03-23 18:42:21,182] {processor.py:163} INFO - Started process (PID=6314) to work on /home/airflow/env/lib/python3.8/site-packages/airflow/example_dags/example_kubernetes_executor.py
[2022-03-23 18:42:21,184] {processor.py:642} INFO - Processing file /home/airflow/env/lib/python3.8/site-packages/airflow/example_dags/example_kubernetes_executor.py for tasks to queue
[2022-03-23 18:42:21,184] {logging_mixin.py:109} INFO - [2022-03-23 18:42:21,184] {dagbag.py:500} INFO - Filling up the DagBag from /home/airflow/env/lib/python3.8/site-packages/airflow/example_dags/example_kubernetes_executor.py
[2022-03-23 18:42:21,191] {logging_mixin.py:109} INFO - [2022-03-23 18:42:21,191] {example_kubernetes_executor.py:38} WARNING - The example_kubernetes_executor example DAG requires the kubernetes provider. Please install it with: pip install apache-airflow[cncf.kubernetes]
[2022-03-23 18:42:21,199] {processor.py:656} WARNING - No viable dags retrieved from /home/airflow/env/lib/python3.8/site-packages/airflow/example_dags/example_kubernetes_executor.py
[2022-03-23 18:42:21,201] {processor.py:171} INFO - Processing /home/airflow/env/lib/python3.8/site-packages/airflow/example_dags/example_kubernetes_executor.py took 0.021 seconds
[2022-03-23 18:42:54,917] {processor.py:163} INFO - Started process (PID=6436) to work on /home/airflow/env/lib/python3.8/site-packages/airflow/example_dags/example_kubernetes_executor.py
[2022-03-23 18:42:54,918] {processor.py:642} INFO - Processing file /home/airflow/env/lib/python3.8/site-packages/airflow/example_dags/example_kubernetes_executor.py for tasks to queue
[2022-03-23 18:42:54,919] {logging_mixin.py:109} INFO - [2022-03-23 18:42:54,919] {dagbag.py:500} INFO - Filling up the DagBag from /home/airflow/env/lib/python3.8/site-packages/airflow/example_dags/example_kubernetes_executor.py
[2022-03-23 18:42:54,926] {logging_mixin.py:109} INFO - [2022-03-23 18:42:54,926] {example_kubernetes_executor.py:38} WARNING - The example_kubernetes_executor example DAG requires the kubernetes provider. Please install it with: pip install apache-airflow[cncf.kubernetes]
[2022-03-23 18:42:54,935] {processor.py:656} WARNING - No viable dags retrieved from /home/airflow/env/lib/python3.8/site-packages/airflow/example_dags/example_kubernetes_executor.py
[2022-03-23 18:42:54,936] {processor.py:171} INFO - Processing /home/airflow/env/lib/python3.8/site-packages/airflow/example_dags/example_kubernetes_executor.py took 0.022 seconds
[2022-03-23 18:43:28,484] {processor.py:163} INFO - Started process (PID=6470) to work on /home/airflow/env/lib/python3.8/site-packages/airflow/example_dags/example_kubernetes_executor.py
[2022-03-23 18:43:28,485] {processor.py:642} INFO - Processing file /home/airflow/env/lib/python3.8/site-packages/airflow/example_dags/example_kubernetes_executor.py for tasks to queue
[2022-03-23 18:43:28,486] {logging_mixin.py:109} INFO - [2022-03-23 18:43:28,486] {dagbag.py:500} INFO - Filling up the DagBag from /home/airflow/env/lib/python3.8/site-packages/airflow/example_dags/example_kubernetes_executor.py
[2022-03-23 18:43:28,494] {logging_mixin.py:109} INFO - [2022-03-23 18:43:28,494] {example_kubernetes_executor.py:38} WARNING - The example_kubernetes_executor example DAG requires the kubernetes provider. Please install it with: pip install apache-airflow[cncf.kubernetes]
[2022-03-23 18:43:28,502] {processor.py:656} WARNING - No viable dags retrieved from /home/airflow/env/lib/python3.8/site-packages/airflow/example_dags/example_kubernetes_executor.py
[2022-03-23 18:43:28,504] {processor.py:171} INFO - Processing /home/airflow/env/lib/python3.8/site-packages/airflow/example_dags/example_kubernetes_executor.py took 0.023 seconds
[2022-03-23 18:44:03,819] {processor.py:163} INFO - Started process (PID=6503) to work on /home/airflow/env/lib/python3.8/site-packages/airflow/example_dags/example_kubernetes_executor.py
[2022-03-23 18:44:03,822] {processor.py:642} INFO - Processing file /home/airflow/env/lib/python3.8/site-packages/airflow/example_dags/example_kubernetes_executor.py for tasks to queue
[2022-03-23 18:44:03,823] {logging_mixin.py:109} INFO - [2022-03-23 18:44:03,823] {dagbag.py:500} INFO - Filling up the DagBag from /home/airflow/env/lib/python3.8/site-packages/airflow/example_dags/example_kubernetes_executor.py
[2022-03-23 18:44:03,833] {logging_mixin.py:109} INFO - [2022-03-23 18:44:03,832] {example_kubernetes_executor.py:38} WARNING - The example_kubernetes_executor example DAG requires the kubernetes provider. Please install it with: pip install apache-airflow[cncf.kubernetes]
[2022-03-23 18:44:03,842] {processor.py:656} WARNING - No viable dags retrieved from /home/airflow/env/lib/python3.8/site-packages/airflow/example_dags/example_kubernetes_executor.py
[2022-03-23 18:44:03,845] {processor.py:171} INFO - Processing /home/airflow/env/lib/python3.8/site-packages/airflow/example_dags/example_kubernetes_executor.py took 0.030 seconds
[2022-03-23 18:44:40,235] {processor.py:163} INFO - Started process (PID=6536) to work on /home/airflow/env/lib/python3.8/site-packages/airflow/example_dags/example_kubernetes_executor.py
[2022-03-23 18:44:40,237] {processor.py:642} INFO - Processing file /home/airflow/env/lib/python3.8/site-packages/airflow/example_dags/example_kubernetes_executor.py for tasks to queue
[2022-03-23 18:44:40,237] {logging_mixin.py:109} INFO - [2022-03-23 18:44:40,237] {dagbag.py:500} INFO - Filling up the DagBag from /home/airflow/env/lib/python3.8/site-packages/airflow/example_dags/example_kubernetes_executor.py
[2022-03-23 18:44:40,248] {logging_mixin.py:109} INFO - [2022-03-23 18:44:40,248] {example_kubernetes_executor.py:38} WARNING - The example_kubernetes_executor example DAG requires the kubernetes provider. Please install it with: pip install apache-airflow[cncf.kubernetes]
[2022-03-23 18:44:40,259] {processor.py:656} WARNING - No viable dags retrieved from /home/airflow/env/lib/python3.8/site-packages/airflow/example_dags/example_kubernetes_executor.py
[2022-03-23 18:44:40,261] {processor.py:171} INFO - Processing /home/airflow/env/lib/python3.8/site-packages/airflow/example_dags/example_kubernetes_executor.py took 0.030 seconds
[2022-03-23 18:45:14,831] {processor.py:163} INFO - Started process (PID=6568) to work on /home/airflow/env/lib/python3.8/site-packages/airflow/example_dags/example_kubernetes_executor.py
[2022-03-23 18:45:14,833] {processor.py:642} INFO - Processing file /home/airflow/env/lib/python3.8/site-packages/airflow/example_dags/example_kubernetes_executor.py for tasks to queue
[2022-03-23 18:45:14,833] {logging_mixin.py:109} INFO - [2022-03-23 18:45:14,833] {dagbag.py:500} INFO - Filling up the DagBag from /home/airflow/env/lib/python3.8/site-packages/airflow/example_dags/example_kubernetes_executor.py
[2022-03-23 18:45:14,841] {logging_mixin.py:109} INFO - [2022-03-23 18:45:14,841] {example_kubernetes_executor.py:38} WARNING - The example_kubernetes_executor example DAG requires the kubernetes provider. Please install it with: pip install apache-airflow[cncf.kubernetes]
[2022-03-23 18:45:14,847] {processor.py:656} WARNING - No viable dags retrieved from /home/airflow/env/lib/python3.8/site-packages/airflow/example_dags/example_kubernetes_executor.py
[2022-03-23 18:45:14,849] {processor.py:171} INFO - Processing /home/airflow/env/lib/python3.8/site-packages/airflow/example_dags/example_kubernetes_executor.py took 0.020 seconds
[2022-03-23 18:45:50,013] {processor.py:163} INFO - Started process (PID=6655) to work on /home/airflow/env/lib/python3.8/site-packages/airflow/example_dags/example_kubernetes_executor.py
[2022-03-23 18:45:50,015] {processor.py:642} INFO - Processing file /home/airflow/env/lib/python3.8/site-packages/airflow/example_dags/example_kubernetes_executor.py for tasks to queue
[2022-03-23 18:45:50,016] {logging_mixin.py:109} INFO - [2022-03-23 18:45:50,015] {dagbag.py:500} INFO - Filling up the DagBag from /home/airflow/env/lib/python3.8/site-packages/airflow/example_dags/example_kubernetes_executor.py
[2022-03-23 18:45:50,023] {logging_mixin.py:109} INFO - [2022-03-23 18:45:50,023] {example_kubernetes_executor.py:38} WARNING - The example_kubernetes_executor example DAG requires the kubernetes provider. Please install it with: pip install apache-airflow[cncf.kubernetes]
[2022-03-23 18:45:50,034] {processor.py:656} WARNING - No viable dags retrieved from /home/airflow/env/lib/python3.8/site-packages/airflow/example_dags/example_kubernetes_executor.py
[2022-03-23 18:45:50,036] {processor.py:171} INFO - Processing /home/airflow/env/lib/python3.8/site-packages/airflow/example_dags/example_kubernetes_executor.py took 0.026 seconds
[2022-03-23 18:46:23,198] {processor.py:163} INFO - Started process (PID=6689) to work on /home/airflow/env/lib/python3.8/site-packages/airflow/example_dags/example_kubernetes_executor.py
[2022-03-23 18:46:23,200] {processor.py:642} INFO - Processing file /home/airflow/env/lib/python3.8/site-packages/airflow/example_dags/example_kubernetes_executor.py for tasks to queue
[2022-03-23 18:46:23,200] {logging_mixin.py:109} INFO - [2022-03-23 18:46:23,200] {dagbag.py:500} INFO - Filling up the DagBag from /home/airflow/env/lib/python3.8/site-packages/airflow/example_dags/example_kubernetes_executor.py
[2022-03-23 18:46:23,208] {logging_mixin.py:109} INFO - [2022-03-23 18:46:23,208] {example_kubernetes_executor.py:38} WARNING - The example_kubernetes_executor example DAG requires the kubernetes provider. Please install it with: pip install apache-airflow[cncf.kubernetes]
[2022-03-23 18:46:23,218] {processor.py:656} WARNING - No viable dags retrieved from /home/airflow/env/lib/python3.8/site-packages/airflow/example_dags/example_kubernetes_executor.py
[2022-03-23 18:46:23,220] {processor.py:171} INFO - Processing /home/airflow/env/lib/python3.8/site-packages/airflow/example_dags/example_kubernetes_executor.py took 0.026 seconds
[2022-03-23 18:46:58,020] {processor.py:163} INFO - Started process (PID=6722) to work on /home/airflow/env/lib/python3.8/site-packages/airflow/example_dags/example_kubernetes_executor.py
[2022-03-23 18:46:58,021] {processor.py:642} INFO - Processing file /home/airflow/env/lib/python3.8/site-packages/airflow/example_dags/example_kubernetes_executor.py for tasks to queue
[2022-03-23 18:46:58,021] {logging_mixin.py:109} INFO - [2022-03-23 18:46:58,021] {dagbag.py:500} INFO - Filling up the DagBag from /home/airflow/env/lib/python3.8/site-packages/airflow/example_dags/example_kubernetes_executor.py
[2022-03-23 18:46:58,031] {logging_mixin.py:109} INFO - [2022-03-23 18:46:58,031] {example_kubernetes_executor.py:38} WARNING - The example_kubernetes_executor example DAG requires the kubernetes provider. Please install it with: pip install apache-airflow[cncf.kubernetes]
[2022-03-23 18:46:58,039] {processor.py:656} WARNING - No viable dags retrieved from /home/airflow/env/lib/python3.8/site-packages/airflow/example_dags/example_kubernetes_executor.py
[2022-03-23 18:46:58,041] {processor.py:171} INFO - Processing /home/airflow/env/lib/python3.8/site-packages/airflow/example_dags/example_kubernetes_executor.py took 0.024 seconds
[2022-03-23 18:47:33,126] {processor.py:163} INFO - Started process (PID=6754) to work on /home/airflow/env/lib/python3.8/site-packages/airflow/example_dags/example_kubernetes_executor.py
[2022-03-23 18:47:33,127] {processor.py:642} INFO - Processing file /home/airflow/env/lib/python3.8/site-packages/airflow/example_dags/example_kubernetes_executor.py for tasks to queue
[2022-03-23 18:47:33,128] {logging_mixin.py:109} INFO - [2022-03-23 18:47:33,128] {dagbag.py:500} INFO - Filling up the DagBag from /home/airflow/env/lib/python3.8/site-packages/airflow/example_dags/example_kubernetes_executor.py
[2022-03-23 18:47:33,146] {logging_mixin.py:109} INFO - [2022-03-23 18:47:33,146] {example_kubernetes_executor.py:38} WARNING - The example_kubernetes_executor example DAG requires the kubernetes provider. Please install it with: pip install apache-airflow[cncf.kubernetes]
[2022-03-23 18:47:33,163] {processor.py:656} WARNING - No viable dags retrieved from /home/airflow/env/lib/python3.8/site-packages/airflow/example_dags/example_kubernetes_executor.py
[2022-03-23 18:47:33,166] {processor.py:171} INFO - Processing /home/airflow/env/lib/python3.8/site-packages/airflow/example_dags/example_kubernetes_executor.py took 0.044 seconds
[2022-03-23 18:48:13,439] {processor.py:163} INFO - Started process (PID=6792) to work on /home/airflow/env/lib/python3.8/site-packages/airflow/example_dags/example_kubernetes_executor.py
[2022-03-23 18:48:13,446] {processor.py:642} INFO - Processing file /home/airflow/env/lib/python3.8/site-packages/airflow/example_dags/example_kubernetes_executor.py for tasks to queue
[2022-03-23 18:48:13,453] {logging_mixin.py:109} INFO - [2022-03-23 18:48:13,453] {dagbag.py:500} INFO - Filling up the DagBag from /home/airflow/env/lib/python3.8/site-packages/airflow/example_dags/example_kubernetes_executor.py
[2022-03-23 18:48:13,483] {logging_mixin.py:109} INFO - [2022-03-23 18:48:13,483] {example_kubernetes_executor.py:38} WARNING - The example_kubernetes_executor example DAG requires the kubernetes provider. Please install it with: pip install apache-airflow[cncf.kubernetes]
[2022-03-23 18:48:13,525] {processor.py:656} WARNING - No viable dags retrieved from /home/airflow/env/lib/python3.8/site-packages/airflow/example_dags/example_kubernetes_executor.py
[2022-03-23 18:48:13,528] {processor.py:171} INFO - Processing /home/airflow/env/lib/python3.8/site-packages/airflow/example_dags/example_kubernetes_executor.py took 0.091 seconds
[2022-03-23 18:48:47,727] {processor.py:163} INFO - Started process (PID=6825) to work on /home/airflow/env/lib/python3.8/site-packages/airflow/example_dags/example_kubernetes_executor.py
[2022-03-23 18:48:47,729] {processor.py:642} INFO - Processing file /home/airflow/env/lib/python3.8/site-packages/airflow/example_dags/example_kubernetes_executor.py for tasks to queue
[2022-03-23 18:48:47,729] {logging_mixin.py:109} INFO - [2022-03-23 18:48:47,729] {dagbag.py:500} INFO - Filling up the DagBag from /home/airflow/env/lib/python3.8/site-packages/airflow/example_dags/example_kubernetes_executor.py
[2022-03-23 18:48:47,737] {logging_mixin.py:109} INFO - [2022-03-23 18:48:47,736] {example_kubernetes_executor.py:38} WARNING - The example_kubernetes_executor example DAG requires the kubernetes provider. Please install it with: pip install apache-airflow[cncf.kubernetes]
[2022-03-23 18:48:47,745] {processor.py:656} WARNING - No viable dags retrieved from /home/airflow/env/lib/python3.8/site-packages/airflow/example_dags/example_kubernetes_executor.py
[2022-03-23 18:48:47,747] {processor.py:171} INFO - Processing /home/airflow/env/lib/python3.8/site-packages/airflow/example_dags/example_kubernetes_executor.py took 0.022 seconds
[2022-03-23 18:49:23,554] {processor.py:163} INFO - Started process (PID=6909) to work on /home/airflow/env/lib/python3.8/site-packages/airflow/example_dags/example_kubernetes_executor.py
[2022-03-23 18:49:23,556] {processor.py:642} INFO - Processing file /home/airflow/env/lib/python3.8/site-packages/airflow/example_dags/example_kubernetes_executor.py for tasks to queue
[2022-03-23 18:49:23,557] {logging_mixin.py:109} INFO - [2022-03-23 18:49:23,557] {dagbag.py:500} INFO - Filling up the DagBag from /home/airflow/env/lib/python3.8/site-packages/airflow/example_dags/example_kubernetes_executor.py
[2022-03-23 18:49:23,567] {logging_mixin.py:109} INFO - [2022-03-23 18:49:23,567] {example_kubernetes_executor.py:38} WARNING - The example_kubernetes_executor example DAG requires the kubernetes provider. Please install it with: pip install apache-airflow[cncf.kubernetes]
[2022-03-23 18:49:23,580] {processor.py:656} WARNING - No viable dags retrieved from /home/airflow/env/lib/python3.8/site-packages/airflow/example_dags/example_kubernetes_executor.py
[2022-03-23 18:49:23,582] {processor.py:171} INFO - Processing /home/airflow/env/lib/python3.8/site-packages/airflow/example_dags/example_kubernetes_executor.py took 0.031 seconds
[2022-03-23 18:49:58,740] {processor.py:163} INFO - Started process (PID=7015) to work on /home/airflow/env/lib/python3.8/site-packages/airflow/example_dags/example_kubernetes_executor.py
[2022-03-23 18:49:58,742] {processor.py:642} INFO - Processing file /home/airflow/env/lib/python3.8/site-packages/airflow/example_dags/example_kubernetes_executor.py for tasks to queue
[2022-03-23 18:49:58,743] {logging_mixin.py:109} INFO - [2022-03-23 18:49:58,743] {dagbag.py:500} INFO - Filling up the DagBag from /home/airflow/env/lib/python3.8/site-packages/airflow/example_dags/example_kubernetes_executor.py
[2022-03-23 18:49:58,758] {logging_mixin.py:109} INFO - [2022-03-23 18:49:58,757] {example_kubernetes_executor.py:38} WARNING - The example_kubernetes_executor example DAG requires the kubernetes provider. Please install it with: pip install apache-airflow[cncf.kubernetes]
[2022-03-23 18:49:58,770] {processor.py:656} WARNING - No viable dags retrieved from /home/airflow/env/lib/python3.8/site-packages/airflow/example_dags/example_kubernetes_executor.py
[2022-03-23 18:49:58,773] {processor.py:171} INFO - Processing /home/airflow/env/lib/python3.8/site-packages/airflow/example_dags/example_kubernetes_executor.py took 0.037 seconds
[2022-03-23 18:50:31,406] {processor.py:163} INFO - Started process (PID=7074) to work on /home/airflow/env/lib/python3.8/site-packages/airflow/example_dags/example_kubernetes_executor.py
[2022-03-23 18:50:31,408] {processor.py:642} INFO - Processing file /home/airflow/env/lib/python3.8/site-packages/airflow/example_dags/example_kubernetes_executor.py for tasks to queue
[2022-03-23 18:50:31,408] {logging_mixin.py:109} INFO - [2022-03-23 18:50:31,408] {dagbag.py:500} INFO - Filling up the DagBag from /home/airflow/env/lib/python3.8/site-packages/airflow/example_dags/example_kubernetes_executor.py
[2022-03-23 18:50:31,418] {logging_mixin.py:109} INFO - [2022-03-23 18:50:31,418] {example_kubernetes_executor.py:38} WARNING - The example_kubernetes_executor example DAG requires the kubernetes provider. Please install it with: pip install apache-airflow[cncf.kubernetes]
[2022-03-23 18:50:31,426] {processor.py:656} WARNING - No viable dags retrieved from /home/airflow/env/lib/python3.8/site-packages/airflow/example_dags/example_kubernetes_executor.py
[2022-03-23 18:50:31,428] {processor.py:171} INFO - Processing /home/airflow/env/lib/python3.8/site-packages/airflow/example_dags/example_kubernetes_executor.py took 0.024 seconds
[2022-03-23 18:51:06,169] {processor.py:163} INFO - Started process (PID=7134) to work on /home/airflow/env/lib/python3.8/site-packages/airflow/example_dags/example_kubernetes_executor.py
[2022-03-23 18:51:06,176] {processor.py:642} INFO - Processing file /home/airflow/env/lib/python3.8/site-packages/airflow/example_dags/example_kubernetes_executor.py for tasks to queue
[2022-03-23 18:51:06,176] {logging_mixin.py:109} INFO - [2022-03-23 18:51:06,176] {dagbag.py:500} INFO - Filling up the DagBag from /home/airflow/env/lib/python3.8/site-packages/airflow/example_dags/example_kubernetes_executor.py
[2022-03-23 18:51:06,186] {logging_mixin.py:109} INFO - [2022-03-23 18:51:06,186] {example_kubernetes_executor.py:38} WARNING - The example_kubernetes_executor example DAG requires the kubernetes provider. Please install it with: pip install apache-airflow[cncf.kubernetes]
[2022-03-23 18:51:06,194] {processor.py:656} WARNING - No viable dags retrieved from /home/airflow/env/lib/python3.8/site-packages/airflow/example_dags/example_kubernetes_executor.py
[2022-03-23 18:51:06,196] {processor.py:171} INFO - Processing /home/airflow/env/lib/python3.8/site-packages/airflow/example_dags/example_kubernetes_executor.py took 0.029 seconds
[2022-03-23 18:51:38,779] {processor.py:163} INFO - Started process (PID=7167) to work on /home/airflow/env/lib/python3.8/site-packages/airflow/example_dags/example_kubernetes_executor.py
[2022-03-23 18:51:38,780] {processor.py:642} INFO - Processing file /home/airflow/env/lib/python3.8/site-packages/airflow/example_dags/example_kubernetes_executor.py for tasks to queue
[2022-03-23 18:51:38,781] {logging_mixin.py:109} INFO - [2022-03-23 18:51:38,781] {dagbag.py:500} INFO - Filling up the DagBag from /home/airflow/env/lib/python3.8/site-packages/airflow/example_dags/example_kubernetes_executor.py
[2022-03-23 18:51:38,793] {logging_mixin.py:109} INFO - [2022-03-23 18:51:38,793] {example_kubernetes_executor.py:38} WARNING - The example_kubernetes_executor example DAG requires the kubernetes provider. Please install it with: pip install apache-airflow[cncf.kubernetes]
[2022-03-23 18:51:38,802] {processor.py:656} WARNING - No viable dags retrieved from /home/airflow/env/lib/python3.8/site-packages/airflow/example_dags/example_kubernetes_executor.py
[2022-03-23 18:51:38,804] {processor.py:171} INFO - Processing /home/airflow/env/lib/python3.8/site-packages/airflow/example_dags/example_kubernetes_executor.py took 0.028 seconds
[2022-03-23 18:52:13,459] {processor.py:163} INFO - Started process (PID=7201) to work on /home/airflow/env/lib/python3.8/site-packages/airflow/example_dags/example_kubernetes_executor.py
[2022-03-23 18:52:13,461] {processor.py:642} INFO - Processing file /home/airflow/env/lib/python3.8/site-packages/airflow/example_dags/example_kubernetes_executor.py for tasks to queue
[2022-03-23 18:52:13,461] {logging_mixin.py:109} INFO - [2022-03-23 18:52:13,461] {dagbag.py:500} INFO - Filling up the DagBag from /home/airflow/env/lib/python3.8/site-packages/airflow/example_dags/example_kubernetes_executor.py
[2022-03-23 18:52:13,471] {logging_mixin.py:109} INFO - [2022-03-23 18:52:13,471] {example_kubernetes_executor.py:38} WARNING - The example_kubernetes_executor example DAG requires the kubernetes provider. Please install it with: pip install apache-airflow[cncf.kubernetes]
[2022-03-23 18:52:13,481] {processor.py:656} WARNING - No viable dags retrieved from /home/airflow/env/lib/python3.8/site-packages/airflow/example_dags/example_kubernetes_executor.py
[2022-03-23 18:52:13,484] {processor.py:171} INFO - Processing /home/airflow/env/lib/python3.8/site-packages/airflow/example_dags/example_kubernetes_executor.py took 0.028 seconds
[2022-03-23 18:52:46,881] {processor.py:163} INFO - Started process (PID=7235) to work on /home/airflow/env/lib/python3.8/site-packages/airflow/example_dags/example_kubernetes_executor.py
[2022-03-23 18:52:46,883] {processor.py:642} INFO - Processing file /home/airflow/env/lib/python3.8/site-packages/airflow/example_dags/example_kubernetes_executor.py for tasks to queue
[2022-03-23 18:52:46,883] {logging_mixin.py:109} INFO - [2022-03-23 18:52:46,883] {dagbag.py:500} INFO - Filling up the DagBag from /home/airflow/env/lib/python3.8/site-packages/airflow/example_dags/example_kubernetes_executor.py
[2022-03-23 18:52:46,892] {logging_mixin.py:109} INFO - [2022-03-23 18:52:46,892] {example_kubernetes_executor.py:38} WARNING - The example_kubernetes_executor example DAG requires the kubernetes provider. Please install it with: pip install apache-airflow[cncf.kubernetes]
[2022-03-23 18:52:46,899] {processor.py:656} WARNING - No viable dags retrieved from /home/airflow/env/lib/python3.8/site-packages/airflow/example_dags/example_kubernetes_executor.py
[2022-03-23 18:52:46,901] {processor.py:171} INFO - Processing /home/airflow/env/lib/python3.8/site-packages/airflow/example_dags/example_kubernetes_executor.py took 0.022 seconds
[2022-03-23 18:53:20,617] {processor.py:163} INFO - Started process (PID=7267) to work on /home/airflow/env/lib/python3.8/site-packages/airflow/example_dags/example_kubernetes_executor.py
[2022-03-23 18:53:20,619] {processor.py:642} INFO - Processing file /home/airflow/env/lib/python3.8/site-packages/airflow/example_dags/example_kubernetes_executor.py for tasks to queue
[2022-03-23 18:53:20,620] {logging_mixin.py:109} INFO - [2022-03-23 18:53:20,620] {dagbag.py:500} INFO - Filling up the DagBag from /home/airflow/env/lib/python3.8/site-packages/airflow/example_dags/example_kubernetes_executor.py
[2022-03-23 18:53:20,629] {logging_mixin.py:109} INFO - [2022-03-23 18:53:20,628] {example_kubernetes_executor.py:38} WARNING - The example_kubernetes_executor example DAG requires the kubernetes provider. Please install it with: pip install apache-airflow[cncf.kubernetes]
[2022-03-23 18:53:20,637] {processor.py:656} WARNING - No viable dags retrieved from /home/airflow/env/lib/python3.8/site-packages/airflow/example_dags/example_kubernetes_executor.py
[2022-03-23 18:53:20,639] {processor.py:171} INFO - Processing /home/airflow/env/lib/python3.8/site-packages/airflow/example_dags/example_kubernetes_executor.py took 0.024 seconds
[2022-03-23 18:53:54,061] {processor.py:163} INFO - Started process (PID=7300) to work on /home/airflow/env/lib/python3.8/site-packages/airflow/example_dags/example_kubernetes_executor.py
[2022-03-23 18:53:54,063] {processor.py:642} INFO - Processing file /home/airflow/env/lib/python3.8/site-packages/airflow/example_dags/example_kubernetes_executor.py for tasks to queue
[2022-03-23 18:53:54,063] {logging_mixin.py:109} INFO - [2022-03-23 18:53:54,063] {dagbag.py:500} INFO - Filling up the DagBag from /home/airflow/env/lib/python3.8/site-packages/airflow/example_dags/example_kubernetes_executor.py
[2022-03-23 18:53:54,071] {logging_mixin.py:109} INFO - [2022-03-23 18:53:54,071] {example_kubernetes_executor.py:38} WARNING - The example_kubernetes_executor example DAG requires the kubernetes provider. Please install it with: pip install apache-airflow[cncf.kubernetes]
[2022-03-23 18:53:54,078] {processor.py:656} WARNING - No viable dags retrieved from /home/airflow/env/lib/python3.8/site-packages/airflow/example_dags/example_kubernetes_executor.py
[2022-03-23 18:53:54,080] {processor.py:171} INFO - Processing /home/airflow/env/lib/python3.8/site-packages/airflow/example_dags/example_kubernetes_executor.py took 0.021 seconds
[2022-03-23 18:54:30,471] {processor.py:163} INFO - Started process (PID=7334) to work on /home/airflow/env/lib/python3.8/site-packages/airflow/example_dags/example_kubernetes_executor.py
[2022-03-23 18:54:30,472] {processor.py:642} INFO - Processing file /home/airflow/env/lib/python3.8/site-packages/airflow/example_dags/example_kubernetes_executor.py for tasks to queue
[2022-03-23 18:54:30,473] {logging_mixin.py:109} INFO - [2022-03-23 18:54:30,473] {dagbag.py:500} INFO - Filling up the DagBag from /home/airflow/env/lib/python3.8/site-packages/airflow/example_dags/example_kubernetes_executor.py
[2022-03-23 18:54:30,483] {logging_mixin.py:109} INFO - [2022-03-23 18:54:30,483] {example_kubernetes_executor.py:38} WARNING - The example_kubernetes_executor example DAG requires the kubernetes provider. Please install it with: pip install apache-airflow[cncf.kubernetes]
[2022-03-23 18:54:30,490] {processor.py:656} WARNING - No viable dags retrieved from /home/airflow/env/lib/python3.8/site-packages/airflow/example_dags/example_kubernetes_executor.py
[2022-03-23 18:54:30,492] {processor.py:171} INFO - Processing /home/airflow/env/lib/python3.8/site-packages/airflow/example_dags/example_kubernetes_executor.py took 0.023 seconds
[2022-03-23 18:55:02,643] {processor.py:163} INFO - Started process (PID=7366) to work on /home/airflow/env/lib/python3.8/site-packages/airflow/example_dags/example_kubernetes_executor.py
[2022-03-23 18:55:02,644] {processor.py:642} INFO - Processing file /home/airflow/env/lib/python3.8/site-packages/airflow/example_dags/example_kubernetes_executor.py for tasks to queue
[2022-03-23 18:55:02,644] {logging_mixin.py:109} INFO - [2022-03-23 18:55:02,644] {dagbag.py:500} INFO - Filling up the DagBag from /home/airflow/env/lib/python3.8/site-packages/airflow/example_dags/example_kubernetes_executor.py
[2022-03-23 18:55:02,652] {logging_mixin.py:109} INFO - [2022-03-23 18:55:02,652] {example_kubernetes_executor.py:38} WARNING - The example_kubernetes_executor example DAG requires the kubernetes provider. Please install it with: pip install apache-airflow[cncf.kubernetes]
[2022-03-23 18:55:02,660] {processor.py:656} WARNING - No viable dags retrieved from /home/airflow/env/lib/python3.8/site-packages/airflow/example_dags/example_kubernetes_executor.py
[2022-03-23 18:55:02,661] {processor.py:171} INFO - Processing /home/airflow/env/lib/python3.8/site-packages/airflow/example_dags/example_kubernetes_executor.py took 0.021 seconds
[2022-03-23 18:55:37,139] {processor.py:163} INFO - Started process (PID=7454) to work on /home/airflow/env/lib/python3.8/site-packages/airflow/example_dags/example_kubernetes_executor.py
[2022-03-23 18:55:37,140] {processor.py:642} INFO - Processing file /home/airflow/env/lib/python3.8/site-packages/airflow/example_dags/example_kubernetes_executor.py for tasks to queue
[2022-03-23 18:55:37,141] {logging_mixin.py:109} INFO - [2022-03-23 18:55:37,141] {dagbag.py:500} INFO - Filling up the DagBag from /home/airflow/env/lib/python3.8/site-packages/airflow/example_dags/example_kubernetes_executor.py
[2022-03-23 18:55:37,156] {logging_mixin.py:109} INFO - [2022-03-23 18:55:37,156] {example_kubernetes_executor.py:38} WARNING - The example_kubernetes_executor example DAG requires the kubernetes provider. Please install it with: pip install apache-airflow[cncf.kubernetes]
[2022-03-23 18:55:37,165] {processor.py:656} WARNING - No viable dags retrieved from /home/airflow/env/lib/python3.8/site-packages/airflow/example_dags/example_kubernetes_executor.py
[2022-03-23 18:55:37,167] {processor.py:171} INFO - Processing /home/airflow/env/lib/python3.8/site-packages/airflow/example_dags/example_kubernetes_executor.py took 0.031 seconds
[2022-03-23 18:56:08,540] {processor.py:163} INFO - Started process (PID=7486) to work on /home/airflow/env/lib/python3.8/site-packages/airflow/example_dags/example_kubernetes_executor.py
[2022-03-23 18:56:08,541] {processor.py:642} INFO - Processing file /home/airflow/env/lib/python3.8/site-packages/airflow/example_dags/example_kubernetes_executor.py for tasks to queue
[2022-03-23 18:56:08,542] {logging_mixin.py:109} INFO - [2022-03-23 18:56:08,542] {dagbag.py:500} INFO - Filling up the DagBag from /home/airflow/env/lib/python3.8/site-packages/airflow/example_dags/example_kubernetes_executor.py
[2022-03-23 18:56:08,551] {logging_mixin.py:109} INFO - [2022-03-23 18:56:08,551] {example_kubernetes_executor.py:38} WARNING - The example_kubernetes_executor example DAG requires the kubernetes provider. Please install it with: pip install apache-airflow[cncf.kubernetes]
[2022-03-23 18:56:08,560] {processor.py:656} WARNING - No viable dags retrieved from /home/airflow/env/lib/python3.8/site-packages/airflow/example_dags/example_kubernetes_executor.py
[2022-03-23 18:56:08,563] {processor.py:171} INFO - Processing /home/airflow/env/lib/python3.8/site-packages/airflow/example_dags/example_kubernetes_executor.py took 0.026 seconds
[2022-03-23 18:56:42,484] {processor.py:163} INFO - Started process (PID=7518) to work on /home/airflow/env/lib/python3.8/site-packages/airflow/example_dags/example_kubernetes_executor.py
[2022-03-23 18:56:42,486] {processor.py:642} INFO - Processing file /home/airflow/env/lib/python3.8/site-packages/airflow/example_dags/example_kubernetes_executor.py for tasks to queue
[2022-03-23 18:56:42,487] {logging_mixin.py:109} INFO - [2022-03-23 18:56:42,487] {dagbag.py:500} INFO - Filling up the DagBag from /home/airflow/env/lib/python3.8/site-packages/airflow/example_dags/example_kubernetes_executor.py
[2022-03-23 18:56:42,499] {logging_mixin.py:109} INFO - [2022-03-23 18:56:42,499] {example_kubernetes_executor.py:38} WARNING - The example_kubernetes_executor example DAG requires the kubernetes provider. Please install it with: pip install apache-airflow[cncf.kubernetes]
[2022-03-23 18:56:42,510] {processor.py:656} WARNING - No viable dags retrieved from /home/airflow/env/lib/python3.8/site-packages/airflow/example_dags/example_kubernetes_executor.py
[2022-03-23 18:56:42,514] {processor.py:171} INFO - Processing /home/airflow/env/lib/python3.8/site-packages/airflow/example_dags/example_kubernetes_executor.py took 0.033 seconds
[2022-03-23 18:57:14,669] {processor.py:163} INFO - Started process (PID=7550) to work on /home/airflow/env/lib/python3.8/site-packages/airflow/example_dags/example_kubernetes_executor.py
[2022-03-23 18:57:14,670] {processor.py:642} INFO - Processing file /home/airflow/env/lib/python3.8/site-packages/airflow/example_dags/example_kubernetes_executor.py for tasks to queue
[2022-03-23 18:57:14,671] {logging_mixin.py:109} INFO - [2022-03-23 18:57:14,671] {dagbag.py:500} INFO - Filling up the DagBag from /home/airflow/env/lib/python3.8/site-packages/airflow/example_dags/example_kubernetes_executor.py
[2022-03-23 18:57:14,685] {logging_mixin.py:109} INFO - [2022-03-23 18:57:14,685] {example_kubernetes_executor.py:38} WARNING - The example_kubernetes_executor example DAG requires the kubernetes provider. Please install it with: pip install apache-airflow[cncf.kubernetes]
[2022-03-23 18:57:14,698] {processor.py:656} WARNING - No viable dags retrieved from /home/airflow/env/lib/python3.8/site-packages/airflow/example_dags/example_kubernetes_executor.py
[2022-03-23 18:57:14,701] {processor.py:171} INFO - Processing /home/airflow/env/lib/python3.8/site-packages/airflow/example_dags/example_kubernetes_executor.py took 0.037 seconds
[2022-03-23 18:57:53,018] {processor.py:163} INFO - Started process (PID=7605) to work on /home/airflow/env/lib/python3.8/site-packages/airflow/example_dags/example_kubernetes_executor.py
[2022-03-23 18:57:53,020] {processor.py:642} INFO - Processing file /home/airflow/env/lib/python3.8/site-packages/airflow/example_dags/example_kubernetes_executor.py for tasks to queue
[2022-03-23 18:57:53,020] {logging_mixin.py:109} INFO - [2022-03-23 18:57:53,020] {dagbag.py:500} INFO - Filling up the DagBag from /home/airflow/env/lib/python3.8/site-packages/airflow/example_dags/example_kubernetes_executor.py
[2022-03-23 18:57:53,027] {logging_mixin.py:109} INFO - [2022-03-23 18:57:53,027] {example_kubernetes_executor.py:38} WARNING - The example_kubernetes_executor example DAG requires the kubernetes provider. Please install it with: pip install apache-airflow[cncf.kubernetes]
[2022-03-23 18:57:53,035] {processor.py:656} WARNING - No viable dags retrieved from /home/airflow/env/lib/python3.8/site-packages/airflow/example_dags/example_kubernetes_executor.py
[2022-03-23 18:57:53,036] {processor.py:171} INFO - Processing /home/airflow/env/lib/python3.8/site-packages/airflow/example_dags/example_kubernetes_executor.py took 0.021 seconds
[2022-03-23 18:58:46,360] {processor.py:163} INFO - Started process (PID=7821) to work on /home/airflow/env/lib/python3.8/site-packages/airflow/example_dags/example_kubernetes_executor.py
[2022-03-23 18:58:46,366] {processor.py:642} INFO - Processing file /home/airflow/env/lib/python3.8/site-packages/airflow/example_dags/example_kubernetes_executor.py for tasks to queue
[2022-03-23 18:58:46,366] {logging_mixin.py:109} INFO - [2022-03-23 18:58:46,366] {dagbag.py:500} INFO - Filling up the DagBag from /home/airflow/env/lib/python3.8/site-packages/airflow/example_dags/example_kubernetes_executor.py
[2022-03-23 18:58:46,389] {logging_mixin.py:109} INFO - [2022-03-23 18:58:46,389] {example_kubernetes_executor.py:38} WARNING - The example_kubernetes_executor example DAG requires the kubernetes provider. Please install it with: pip install apache-airflow[cncf.kubernetes]
[2022-03-23 18:58:46,412] {processor.py:656} WARNING - No viable dags retrieved from /home/airflow/env/lib/python3.8/site-packages/airflow/example_dags/example_kubernetes_executor.py
[2022-03-23 18:58:46,422] {processor.py:171} INFO - Processing /home/airflow/env/lib/python3.8/site-packages/airflow/example_dags/example_kubernetes_executor.py took 0.074 seconds
[2022-03-23 18:59:27,828] {processor.py:163} INFO - Started process (PID=7938) to work on /home/airflow/env/lib/python3.8/site-packages/airflow/example_dags/example_kubernetes_executor.py
[2022-03-23 18:59:27,848] {processor.py:642} INFO - Processing file /home/airflow/env/lib/python3.8/site-packages/airflow/example_dags/example_kubernetes_executor.py for tasks to queue
[2022-03-23 18:59:27,849] {logging_mixin.py:109} INFO - [2022-03-23 18:59:27,849] {dagbag.py:500} INFO - Filling up the DagBag from /home/airflow/env/lib/python3.8/site-packages/airflow/example_dags/example_kubernetes_executor.py
[2022-03-23 18:59:27,873] {logging_mixin.py:109} INFO - [2022-03-23 18:59:27,873] {example_kubernetes_executor.py:38} WARNING - The example_kubernetes_executor example DAG requires the kubernetes provider. Please install it with: pip install apache-airflow[cncf.kubernetes]
[2022-03-23 18:59:27,886] {processor.py:656} WARNING - No viable dags retrieved from /home/airflow/env/lib/python3.8/site-packages/airflow/example_dags/example_kubernetes_executor.py
[2022-03-23 18:59:27,892] {processor.py:171} INFO - Processing /home/airflow/env/lib/python3.8/site-packages/airflow/example_dags/example_kubernetes_executor.py took 0.072 seconds
[2022-03-23 19:00:12,910] {processor.py:163} INFO - Started process (PID=8130) to work on /home/airflow/env/lib/python3.8/site-packages/airflow/example_dags/example_kubernetes_executor.py
[2022-03-23 19:00:12,918] {processor.py:642} INFO - Processing file /home/airflow/env/lib/python3.8/site-packages/airflow/example_dags/example_kubernetes_executor.py for tasks to queue
[2022-03-23 19:00:12,919] {logging_mixin.py:109} INFO - [2022-03-23 19:00:12,919] {dagbag.py:500} INFO - Filling up the DagBag from /home/airflow/env/lib/python3.8/site-packages/airflow/example_dags/example_kubernetes_executor.py
[2022-03-23 19:00:12,984] {logging_mixin.py:109} INFO - [2022-03-23 19:00:12,984] {example_kubernetes_executor.py:38} WARNING - The example_kubernetes_executor example DAG requires the kubernetes provider. Please install it with: pip install apache-airflow[cncf.kubernetes]
[2022-03-23 19:00:13,045] {processor.py:656} WARNING - No viable dags retrieved from /home/airflow/env/lib/python3.8/site-packages/airflow/example_dags/example_kubernetes_executor.py
[2022-03-23 19:00:13,048] {processor.py:171} INFO - Processing /home/airflow/env/lib/python3.8/site-packages/airflow/example_dags/example_kubernetes_executor.py took 0.159 seconds
[2022-03-23 19:00:49,795] {processor.py:163} INFO - Started process (PID=8428) to work on /home/airflow/env/lib/python3.8/site-packages/airflow/example_dags/example_kubernetes_executor.py
[2022-03-23 19:00:49,798] {processor.py:642} INFO - Processing file /home/airflow/env/lib/python3.8/site-packages/airflow/example_dags/example_kubernetes_executor.py for tasks to queue
[2022-03-23 19:00:49,799] {logging_mixin.py:109} INFO - [2022-03-23 19:00:49,799] {dagbag.py:500} INFO - Filling up the DagBag from /home/airflow/env/lib/python3.8/site-packages/airflow/example_dags/example_kubernetes_executor.py
[2022-03-23 19:00:49,809] {logging_mixin.py:109} INFO - [2022-03-23 19:00:49,809] {example_kubernetes_executor.py:38} WARNING - The example_kubernetes_executor example DAG requires the kubernetes provider. Please install it with: pip install apache-airflow[cncf.kubernetes]
[2022-03-23 19:00:49,820] {processor.py:656} WARNING - No viable dags retrieved from /home/airflow/env/lib/python3.8/site-packages/airflow/example_dags/example_kubernetes_executor.py
[2022-03-23 19:00:49,822] {processor.py:171} INFO - Processing /home/airflow/env/lib/python3.8/site-packages/airflow/example_dags/example_kubernetes_executor.py took 0.029 seconds
[2022-03-23 19:01:25,562] {processor.py:163} INFO - Started process (PID=8462) to work on /home/airflow/env/lib/python3.8/site-packages/airflow/example_dags/example_kubernetes_executor.py
[2022-03-23 19:01:25,563] {processor.py:642} INFO - Processing file /home/airflow/env/lib/python3.8/site-packages/airflow/example_dags/example_kubernetes_executor.py for tasks to queue
[2022-03-23 19:01:25,563] {logging_mixin.py:109} INFO - [2022-03-23 19:01:25,563] {dagbag.py:500} INFO - Filling up the DagBag from /home/airflow/env/lib/python3.8/site-packages/airflow/example_dags/example_kubernetes_executor.py
[2022-03-23 19:01:25,577] {logging_mixin.py:109} INFO - [2022-03-23 19:01:25,577] {example_kubernetes_executor.py:38} WARNING - The example_kubernetes_executor example DAG requires the kubernetes provider. Please install it with: pip install apache-airflow[cncf.kubernetes]
[2022-03-23 19:01:25,590] {processor.py:656} WARNING - No viable dags retrieved from /home/airflow/env/lib/python3.8/site-packages/airflow/example_dags/example_kubernetes_executor.py
[2022-03-23 19:01:25,592] {processor.py:171} INFO - Processing /home/airflow/env/lib/python3.8/site-packages/airflow/example_dags/example_kubernetes_executor.py took 0.034 seconds
[2022-03-23 19:02:00,876] {processor.py:163} INFO - Started process (PID=8546) to work on /home/airflow/env/lib/python3.8/site-packages/airflow/example_dags/example_kubernetes_executor.py
[2022-03-23 19:02:00,878] {processor.py:642} INFO - Processing file /home/airflow/env/lib/python3.8/site-packages/airflow/example_dags/example_kubernetes_executor.py for tasks to queue
[2022-03-23 19:02:00,878] {logging_mixin.py:109} INFO - [2022-03-23 19:02:00,878] {dagbag.py:500} INFO - Filling up the DagBag from /home/airflow/env/lib/python3.8/site-packages/airflow/example_dags/example_kubernetes_executor.py
[2022-03-23 19:02:00,893] {logging_mixin.py:109} INFO - [2022-03-23 19:02:00,893] {example_kubernetes_executor.py:38} WARNING - The example_kubernetes_executor example DAG requires the kubernetes provider. Please install it with: pip install apache-airflow[cncf.kubernetes]
[2022-03-23 19:02:00,904] {processor.py:656} WARNING - No viable dags retrieved from /home/airflow/env/lib/python3.8/site-packages/airflow/example_dags/example_kubernetes_executor.py
[2022-03-23 19:02:00,907] {processor.py:171} INFO - Processing /home/airflow/env/lib/python3.8/site-packages/airflow/example_dags/example_kubernetes_executor.py took 0.034 seconds
[2022-03-23 19:02:37,681] {processor.py:163} INFO - Started process (PID=8633) to work on /home/airflow/env/lib/python3.8/site-packages/airflow/example_dags/example_kubernetes_executor.py
[2022-03-23 19:02:37,682] {processor.py:642} INFO - Processing file /home/airflow/env/lib/python3.8/site-packages/airflow/example_dags/example_kubernetes_executor.py for tasks to queue
[2022-03-23 19:02:37,683] {logging_mixin.py:109} INFO - [2022-03-23 19:02:37,683] {dagbag.py:500} INFO - Filling up the DagBag from /home/airflow/env/lib/python3.8/site-packages/airflow/example_dags/example_kubernetes_executor.py
[2022-03-23 19:02:37,692] {logging_mixin.py:109} INFO - [2022-03-23 19:02:37,691] {example_kubernetes_executor.py:38} WARNING - The example_kubernetes_executor example DAG requires the kubernetes provider. Please install it with: pip install apache-airflow[cncf.kubernetes]
[2022-03-23 19:02:37,699] {processor.py:656} WARNING - No viable dags retrieved from /home/airflow/env/lib/python3.8/site-packages/airflow/example_dags/example_kubernetes_executor.py
[2022-03-23 19:02:37,701] {processor.py:171} INFO - Processing /home/airflow/env/lib/python3.8/site-packages/airflow/example_dags/example_kubernetes_executor.py took 0.022 seconds
[2022-03-23 19:03:14,172] {processor.py:163} INFO - Started process (PID=8744) to work on /home/airflow/env/lib/python3.8/site-packages/airflow/example_dags/example_kubernetes_executor.py
[2022-03-23 19:03:14,173] {processor.py:642} INFO - Processing file /home/airflow/env/lib/python3.8/site-packages/airflow/example_dags/example_kubernetes_executor.py for tasks to queue
[2022-03-23 19:03:14,173] {logging_mixin.py:109} INFO - [2022-03-23 19:03:14,173] {dagbag.py:500} INFO - Filling up the DagBag from /home/airflow/env/lib/python3.8/site-packages/airflow/example_dags/example_kubernetes_executor.py
[2022-03-23 19:03:14,182] {logging_mixin.py:109} INFO - [2022-03-23 19:03:14,182] {example_kubernetes_executor.py:38} WARNING - The example_kubernetes_executor example DAG requires the kubernetes provider. Please install it with: pip install apache-airflow[cncf.kubernetes]
[2022-03-23 19:03:14,189] {processor.py:656} WARNING - No viable dags retrieved from /home/airflow/env/lib/python3.8/site-packages/airflow/example_dags/example_kubernetes_executor.py
[2022-03-23 19:03:14,191] {processor.py:171} INFO - Processing /home/airflow/env/lib/python3.8/site-packages/airflow/example_dags/example_kubernetes_executor.py took 0.021 seconds
[2022-03-23 19:03:50,520] {processor.py:163} INFO - Started process (PID=8876) to work on /home/airflow/env/lib/python3.8/site-packages/airflow/example_dags/example_kubernetes_executor.py
[2022-03-23 19:03:50,526] {processor.py:642} INFO - Processing file /home/airflow/env/lib/python3.8/site-packages/airflow/example_dags/example_kubernetes_executor.py for tasks to queue
[2022-03-23 19:03:50,526] {logging_mixin.py:109} INFO - [2022-03-23 19:03:50,526] {dagbag.py:500} INFO - Filling up the DagBag from /home/airflow/env/lib/python3.8/site-packages/airflow/example_dags/example_kubernetes_executor.py
[2022-03-23 19:03:50,557] {logging_mixin.py:109} INFO - [2022-03-23 19:03:50,547] {example_kubernetes_executor.py:38} WARNING - The example_kubernetes_executor example DAG requires the kubernetes provider. Please install it with: pip install apache-airflow[cncf.kubernetes]
[2022-03-23 19:03:50,572] {processor.py:656} WARNING - No viable dags retrieved from /home/airflow/env/lib/python3.8/site-packages/airflow/example_dags/example_kubernetes_executor.py
[2022-03-23 19:03:50,579] {processor.py:171} INFO - Processing /home/airflow/env/lib/python3.8/site-packages/airflow/example_dags/example_kubernetes_executor.py took 0.061 seconds
[2022-03-23 19:04:26,899] {processor.py:163} INFO - Started process (PID=9027) to work on /home/airflow/env/lib/python3.8/site-packages/airflow/example_dags/example_kubernetes_executor.py
[2022-03-23 19:04:26,903] {processor.py:642} INFO - Processing file /home/airflow/env/lib/python3.8/site-packages/airflow/example_dags/example_kubernetes_executor.py for tasks to queue
[2022-03-23 19:04:26,917] {logging_mixin.py:109} INFO - [2022-03-23 19:04:26,917] {dagbag.py:500} INFO - Filling up the DagBag from /home/airflow/env/lib/python3.8/site-packages/airflow/example_dags/example_kubernetes_executor.py
[2022-03-23 19:04:26,966] {logging_mixin.py:109} INFO - [2022-03-23 19:04:26,966] {example_kubernetes_executor.py:38} WARNING - The example_kubernetes_executor example DAG requires the kubernetes provider. Please install it with: pip install apache-airflow[cncf.kubernetes]
[2022-03-23 19:04:27,001] {processor.py:656} WARNING - No viable dags retrieved from /home/airflow/env/lib/python3.8/site-packages/airflow/example_dags/example_kubernetes_executor.py
[2022-03-23 19:04:27,010] {processor.py:171} INFO - Processing /home/airflow/env/lib/python3.8/site-packages/airflow/example_dags/example_kubernetes_executor.py took 0.131 seconds
[2022-03-23 19:05:11,920] {processor.py:163} INFO - Started process (PID=9081) to work on /home/airflow/env/lib/python3.8/site-packages/airflow/example_dags/example_kubernetes_executor.py
[2022-03-23 19:05:11,927] {processor.py:642} INFO - Processing file /home/airflow/env/lib/python3.8/site-packages/airflow/example_dags/example_kubernetes_executor.py for tasks to queue
[2022-03-23 19:05:11,927] {logging_mixin.py:109} INFO - [2022-03-23 19:05:11,927] {dagbag.py:500} INFO - Filling up the DagBag from /home/airflow/env/lib/python3.8/site-packages/airflow/example_dags/example_kubernetes_executor.py
[2022-03-23 19:05:11,970] {logging_mixin.py:109} INFO - [2022-03-23 19:05:11,970] {example_kubernetes_executor.py:38} WARNING - The example_kubernetes_executor example DAG requires the kubernetes provider. Please install it with: pip install apache-airflow[cncf.kubernetes]
[2022-03-23 19:05:11,996] {processor.py:656} WARNING - No viable dags retrieved from /home/airflow/env/lib/python3.8/site-packages/airflow/example_dags/example_kubernetes_executor.py
[2022-03-23 19:05:12,005] {processor.py:171} INFO - Processing /home/airflow/env/lib/python3.8/site-packages/airflow/example_dags/example_kubernetes_executor.py took 0.097 seconds
[2022-03-23 19:05:49,743] {processor.py:163} INFO - Started process (PID=9180) to work on /home/airflow/env/lib/python3.8/site-packages/airflow/example_dags/example_kubernetes_executor.py
[2022-03-23 19:05:49,744] {processor.py:642} INFO - Processing file /home/airflow/env/lib/python3.8/site-packages/airflow/example_dags/example_kubernetes_executor.py for tasks to queue
[2022-03-23 19:05:49,744] {logging_mixin.py:109} INFO - [2022-03-23 19:05:49,744] {dagbag.py:500} INFO - Filling up the DagBag from /home/airflow/env/lib/python3.8/site-packages/airflow/example_dags/example_kubernetes_executor.py
[2022-03-23 19:05:49,752] {logging_mixin.py:109} INFO - [2022-03-23 19:05:49,752] {example_kubernetes_executor.py:38} WARNING - The example_kubernetes_executor example DAG requires the kubernetes provider. Please install it with: pip install apache-airflow[cncf.kubernetes]
[2022-03-23 19:05:49,763] {processor.py:656} WARNING - No viable dags retrieved from /home/airflow/env/lib/python3.8/site-packages/airflow/example_dags/example_kubernetes_executor.py
[2022-03-23 19:05:49,764] {processor.py:171} INFO - Processing /home/airflow/env/lib/python3.8/site-packages/airflow/example_dags/example_kubernetes_executor.py took 0.024 seconds
[2022-03-23 19:06:24,855] {processor.py:163} INFO - Started process (PID=9216) to work on /home/airflow/env/lib/python3.8/site-packages/airflow/example_dags/example_kubernetes_executor.py
[2022-03-23 19:06:24,857] {processor.py:642} INFO - Processing file /home/airflow/env/lib/python3.8/site-packages/airflow/example_dags/example_kubernetes_executor.py for tasks to queue
[2022-03-23 19:06:24,857] {logging_mixin.py:109} INFO - [2022-03-23 19:06:24,857] {dagbag.py:500} INFO - Filling up the DagBag from /home/airflow/env/lib/python3.8/site-packages/airflow/example_dags/example_kubernetes_executor.py
[2022-03-23 19:06:24,865] {logging_mixin.py:109} INFO - [2022-03-23 19:06:24,865] {example_kubernetes_executor.py:38} WARNING - The example_kubernetes_executor example DAG requires the kubernetes provider. Please install it with: pip install apache-airflow[cncf.kubernetes]
[2022-03-23 19:06:24,878] {processor.py:656} WARNING - No viable dags retrieved from /home/airflow/env/lib/python3.8/site-packages/airflow/example_dags/example_kubernetes_executor.py
[2022-03-23 19:06:24,880] {processor.py:171} INFO - Processing /home/airflow/env/lib/python3.8/site-packages/airflow/example_dags/example_kubernetes_executor.py took 0.027 seconds
[2022-03-23 19:06:58,649] {processor.py:163} INFO - Started process (PID=9249) to work on /home/airflow/env/lib/python3.8/site-packages/airflow/example_dags/example_kubernetes_executor.py
[2022-03-23 19:06:58,650] {processor.py:642} INFO - Processing file /home/airflow/env/lib/python3.8/site-packages/airflow/example_dags/example_kubernetes_executor.py for tasks to queue
[2022-03-23 19:06:58,650] {logging_mixin.py:109} INFO - [2022-03-23 19:06:58,650] {dagbag.py:500} INFO - Filling up the DagBag from /home/airflow/env/lib/python3.8/site-packages/airflow/example_dags/example_kubernetes_executor.py
[2022-03-23 19:06:58,659] {logging_mixin.py:109} INFO - [2022-03-23 19:06:58,659] {example_kubernetes_executor.py:38} WARNING - The example_kubernetes_executor example DAG requires the kubernetes provider. Please install it with: pip install apache-airflow[cncf.kubernetes]
[2022-03-23 19:06:58,666] {processor.py:656} WARNING - No viable dags retrieved from /home/airflow/env/lib/python3.8/site-packages/airflow/example_dags/example_kubernetes_executor.py
[2022-03-23 19:06:58,668] {processor.py:171} INFO - Processing /home/airflow/env/lib/python3.8/site-packages/airflow/example_dags/example_kubernetes_executor.py took 0.021 seconds
[2022-03-23 19:07:34,059] {processor.py:163} INFO - Started process (PID=9284) to work on /home/airflow/env/lib/python3.8/site-packages/airflow/example_dags/example_kubernetes_executor.py
[2022-03-23 19:07:34,061] {processor.py:642} INFO - Processing file /home/airflow/env/lib/python3.8/site-packages/airflow/example_dags/example_kubernetes_executor.py for tasks to queue
[2022-03-23 19:07:34,061] {logging_mixin.py:109} INFO - [2022-03-23 19:07:34,061] {dagbag.py:500} INFO - Filling up the DagBag from /home/airflow/env/lib/python3.8/site-packages/airflow/example_dags/example_kubernetes_executor.py
[2022-03-23 19:07:34,069] {logging_mixin.py:109} INFO - [2022-03-23 19:07:34,069] {example_kubernetes_executor.py:38} WARNING - The example_kubernetes_executor example DAG requires the kubernetes provider. Please install it with: pip install apache-airflow[cncf.kubernetes]
[2022-03-23 19:07:34,076] {processor.py:656} WARNING - No viable dags retrieved from /home/airflow/env/lib/python3.8/site-packages/airflow/example_dags/example_kubernetes_executor.py
[2022-03-23 19:07:34,077] {processor.py:171} INFO - Processing /home/airflow/env/lib/python3.8/site-packages/airflow/example_dags/example_kubernetes_executor.py took 0.020 seconds
[2022-03-23 19:08:09,840] {processor.py:163} INFO - Started process (PID=9320) to work on /home/airflow/env/lib/python3.8/site-packages/airflow/example_dags/example_kubernetes_executor.py
[2022-03-23 19:08:09,848] {processor.py:642} INFO - Processing file /home/airflow/env/lib/python3.8/site-packages/airflow/example_dags/example_kubernetes_executor.py for tasks to queue
[2022-03-23 19:08:09,849] {logging_mixin.py:109} INFO - [2022-03-23 19:08:09,849] {dagbag.py:500} INFO - Filling up the DagBag from /home/airflow/env/lib/python3.8/site-packages/airflow/example_dags/example_kubernetes_executor.py
[2022-03-23 19:08:09,861] {logging_mixin.py:109} INFO - [2022-03-23 19:08:09,861] {example_kubernetes_executor.py:38} WARNING - The example_kubernetes_executor example DAG requires the kubernetes provider. Please install it with: pip install apache-airflow[cncf.kubernetes]
[2022-03-23 19:08:09,877] {processor.py:656} WARNING - No viable dags retrieved from /home/airflow/env/lib/python3.8/site-packages/airflow/example_dags/example_kubernetes_executor.py
[2022-03-23 19:08:09,880] {processor.py:171} INFO - Processing /home/airflow/env/lib/python3.8/site-packages/airflow/example_dags/example_kubernetes_executor.py took 0.043 seconds
[2022-03-23 19:08:45,734] {processor.py:163} INFO - Started process (PID=9354) to work on /home/airflow/env/lib/python3.8/site-packages/airflow/example_dags/example_kubernetes_executor.py
[2022-03-23 19:08:45,735] {processor.py:642} INFO - Processing file /home/airflow/env/lib/python3.8/site-packages/airflow/example_dags/example_kubernetes_executor.py for tasks to queue
[2022-03-23 19:08:45,736] {logging_mixin.py:109} INFO - [2022-03-23 19:08:45,736] {dagbag.py:500} INFO - Filling up the DagBag from /home/airflow/env/lib/python3.8/site-packages/airflow/example_dags/example_kubernetes_executor.py
[2022-03-23 19:08:45,748] {logging_mixin.py:109} INFO - [2022-03-23 19:08:45,748] {example_kubernetes_executor.py:38} WARNING - The example_kubernetes_executor example DAG requires the kubernetes provider. Please install it with: pip install apache-airflow[cncf.kubernetes]
[2022-03-23 19:08:45,759] {processor.py:656} WARNING - No viable dags retrieved from /home/airflow/env/lib/python3.8/site-packages/airflow/example_dags/example_kubernetes_executor.py
[2022-03-23 19:08:45,762] {processor.py:171} INFO - Processing /home/airflow/env/lib/python3.8/site-packages/airflow/example_dags/example_kubernetes_executor.py took 0.034 seconds
[2022-03-23 19:09:24,494] {processor.py:163} INFO - Started process (PID=9388) to work on /home/airflow/env/lib/python3.8/site-packages/airflow/example_dags/example_kubernetes_executor.py
[2022-03-23 19:09:24,495] {processor.py:642} INFO - Processing file /home/airflow/env/lib/python3.8/site-packages/airflow/example_dags/example_kubernetes_executor.py for tasks to queue
[2022-03-23 19:09:24,496] {logging_mixin.py:109} INFO - [2022-03-23 19:09:24,496] {dagbag.py:500} INFO - Filling up the DagBag from /home/airflow/env/lib/python3.8/site-packages/airflow/example_dags/example_kubernetes_executor.py
[2022-03-23 19:09:24,503] {logging_mixin.py:109} INFO - [2022-03-23 19:09:24,503] {example_kubernetes_executor.py:38} WARNING - The example_kubernetes_executor example DAG requires the kubernetes provider. Please install it with: pip install apache-airflow[cncf.kubernetes]
[2022-03-23 19:09:24,512] {processor.py:656} WARNING - No viable dags retrieved from /home/airflow/env/lib/python3.8/site-packages/airflow/example_dags/example_kubernetes_executor.py
[2022-03-23 19:09:24,514] {processor.py:171} INFO - Processing /home/airflow/env/lib/python3.8/site-packages/airflow/example_dags/example_kubernetes_executor.py took 0.022 seconds
[2022-03-23 19:09:59,380] {processor.py:163} INFO - Started process (PID=9421) to work on /home/airflow/env/lib/python3.8/site-packages/airflow/example_dags/example_kubernetes_executor.py
[2022-03-23 19:09:59,381] {processor.py:642} INFO - Processing file /home/airflow/env/lib/python3.8/site-packages/airflow/example_dags/example_kubernetes_executor.py for tasks to queue
[2022-03-23 19:09:59,381] {logging_mixin.py:109} INFO - [2022-03-23 19:09:59,381] {dagbag.py:500} INFO - Filling up the DagBag from /home/airflow/env/lib/python3.8/site-packages/airflow/example_dags/example_kubernetes_executor.py
[2022-03-23 19:09:59,390] {logging_mixin.py:109} INFO - [2022-03-23 19:09:59,390] {example_kubernetes_executor.py:38} WARNING - The example_kubernetes_executor example DAG requires the kubernetes provider. Please install it with: pip install apache-airflow[cncf.kubernetes]
[2022-03-23 19:09:59,399] {processor.py:656} WARNING - No viable dags retrieved from /home/airflow/env/lib/python3.8/site-packages/airflow/example_dags/example_kubernetes_executor.py
[2022-03-23 19:09:59,406] {processor.py:171} INFO - Processing /home/airflow/env/lib/python3.8/site-packages/airflow/example_dags/example_kubernetes_executor.py took 0.029 seconds
[2022-03-23 19:10:32,378] {processor.py:163} INFO - Started process (PID=9483) to work on /home/airflow/env/lib/python3.8/site-packages/airflow/example_dags/example_kubernetes_executor.py
[2022-03-23 19:10:32,380] {processor.py:642} INFO - Processing file /home/airflow/env/lib/python3.8/site-packages/airflow/example_dags/example_kubernetes_executor.py for tasks to queue
[2022-03-23 19:10:32,380] {logging_mixin.py:109} INFO - [2022-03-23 19:10:32,380] {dagbag.py:500} INFO - Filling up the DagBag from /home/airflow/env/lib/python3.8/site-packages/airflow/example_dags/example_kubernetes_executor.py
[2022-03-23 19:10:32,390] {logging_mixin.py:109} INFO - [2022-03-23 19:10:32,390] {example_kubernetes_executor.py:38} WARNING - The example_kubernetes_executor example DAG requires the kubernetes provider. Please install it with: pip install apache-airflow[cncf.kubernetes]
[2022-03-23 19:10:32,400] {processor.py:656} WARNING - No viable dags retrieved from /home/airflow/env/lib/python3.8/site-packages/airflow/example_dags/example_kubernetes_executor.py
[2022-03-23 19:10:32,402] {processor.py:171} INFO - Processing /home/airflow/env/lib/python3.8/site-packages/airflow/example_dags/example_kubernetes_executor.py took 0.028 seconds
[2022-03-23 19:11:10,741] {processor.py:163} INFO - Started process (PID=9548) to work on /home/airflow/env/lib/python3.8/site-packages/airflow/example_dags/example_kubernetes_executor.py
[2022-03-23 19:11:10,742] {processor.py:642} INFO - Processing file /home/airflow/env/lib/python3.8/site-packages/airflow/example_dags/example_kubernetes_executor.py for tasks to queue
[2022-03-23 19:11:10,743] {logging_mixin.py:109} INFO - [2022-03-23 19:11:10,743] {dagbag.py:500} INFO - Filling up the DagBag from /home/airflow/env/lib/python3.8/site-packages/airflow/example_dags/example_kubernetes_executor.py
[2022-03-23 19:11:10,752] {logging_mixin.py:109} INFO - [2022-03-23 19:11:10,752] {example_kubernetes_executor.py:38} WARNING - The example_kubernetes_executor example DAG requires the kubernetes provider. Please install it with: pip install apache-airflow[cncf.kubernetes]
[2022-03-23 19:11:10,760] {processor.py:656} WARNING - No viable dags retrieved from /home/airflow/env/lib/python3.8/site-packages/airflow/example_dags/example_kubernetes_executor.py
[2022-03-23 19:11:10,762] {processor.py:171} INFO - Processing /home/airflow/env/lib/python3.8/site-packages/airflow/example_dags/example_kubernetes_executor.py took 0.023 seconds
[2022-03-23 19:11:44,393] {processor.py:163} INFO - Started process (PID=9581) to work on /home/airflow/env/lib/python3.8/site-packages/airflow/example_dags/example_kubernetes_executor.py
[2022-03-23 19:11:44,395] {processor.py:642} INFO - Processing file /home/airflow/env/lib/python3.8/site-packages/airflow/example_dags/example_kubernetes_executor.py for tasks to queue
[2022-03-23 19:11:44,395] {logging_mixin.py:109} INFO - [2022-03-23 19:11:44,395] {dagbag.py:500} INFO - Filling up the DagBag from /home/airflow/env/lib/python3.8/site-packages/airflow/example_dags/example_kubernetes_executor.py
[2022-03-23 19:11:44,404] {logging_mixin.py:109} INFO - [2022-03-23 19:11:44,404] {example_kubernetes_executor.py:38} WARNING - The example_kubernetes_executor example DAG requires the kubernetes provider. Please install it with: pip install apache-airflow[cncf.kubernetes]
[2022-03-23 19:11:44,412] {processor.py:656} WARNING - No viable dags retrieved from /home/airflow/env/lib/python3.8/site-packages/airflow/example_dags/example_kubernetes_executor.py
[2022-03-23 19:11:44,414] {processor.py:171} INFO - Processing /home/airflow/env/lib/python3.8/site-packages/airflow/example_dags/example_kubernetes_executor.py took 0.023 seconds
[2022-03-23 19:12:18,426] {processor.py:163} INFO - Started process (PID=9680) to work on /home/airflow/env/lib/python3.8/site-packages/airflow/example_dags/example_kubernetes_executor.py
[2022-03-23 19:12:18,432] {processor.py:642} INFO - Processing file /home/airflow/env/lib/python3.8/site-packages/airflow/example_dags/example_kubernetes_executor.py for tasks to queue
[2022-03-23 19:12:18,433] {logging_mixin.py:109} INFO - [2022-03-23 19:12:18,433] {dagbag.py:500} INFO - Filling up the DagBag from /home/airflow/env/lib/python3.8/site-packages/airflow/example_dags/example_kubernetes_executor.py
[2022-03-23 19:12:18,444] {logging_mixin.py:109} INFO - [2022-03-23 19:12:18,444] {example_kubernetes_executor.py:38} WARNING - The example_kubernetes_executor example DAG requires the kubernetes provider. Please install it with: pip install apache-airflow[cncf.kubernetes]
[2022-03-23 19:12:18,453] {processor.py:656} WARNING - No viable dags retrieved from /home/airflow/env/lib/python3.8/site-packages/airflow/example_dags/example_kubernetes_executor.py
[2022-03-23 19:12:18,455] {processor.py:171} INFO - Processing /home/airflow/env/lib/python3.8/site-packages/airflow/example_dags/example_kubernetes_executor.py took 0.035 seconds
[2022-03-23 19:12:53,624] {processor.py:163} INFO - Started process (PID=9818) to work on /home/airflow/env/lib/python3.8/site-packages/airflow/example_dags/example_kubernetes_executor.py
[2022-03-23 19:12:53,626] {processor.py:642} INFO - Processing file /home/airflow/env/lib/python3.8/site-packages/airflow/example_dags/example_kubernetes_executor.py for tasks to queue
[2022-03-23 19:12:53,626] {logging_mixin.py:109} INFO - [2022-03-23 19:12:53,626] {dagbag.py:500} INFO - Filling up the DagBag from /home/airflow/env/lib/python3.8/site-packages/airflow/example_dags/example_kubernetes_executor.py
[2022-03-23 19:12:53,634] {logging_mixin.py:109} INFO - [2022-03-23 19:12:53,634] {example_kubernetes_executor.py:38} WARNING - The example_kubernetes_executor example DAG requires the kubernetes provider. Please install it with: pip install apache-airflow[cncf.kubernetes]
[2022-03-23 19:12:53,642] {processor.py:656} WARNING - No viable dags retrieved from /home/airflow/env/lib/python3.8/site-packages/airflow/example_dags/example_kubernetes_executor.py
[2022-03-23 19:12:53,644] {processor.py:171} INFO - Processing /home/airflow/env/lib/python3.8/site-packages/airflow/example_dags/example_kubernetes_executor.py took 0.022 seconds
[2022-03-23 19:13:29,102] {processor.py:163} INFO - Started process (PID=10031) to work on /home/airflow/env/lib/python3.8/site-packages/airflow/example_dags/example_kubernetes_executor.py
[2022-03-23 19:13:29,103] {processor.py:642} INFO - Processing file /home/airflow/env/lib/python3.8/site-packages/airflow/example_dags/example_kubernetes_executor.py for tasks to queue
[2022-03-23 19:13:29,104] {logging_mixin.py:109} INFO - [2022-03-23 19:13:29,104] {dagbag.py:500} INFO - Filling up the DagBag from /home/airflow/env/lib/python3.8/site-packages/airflow/example_dags/example_kubernetes_executor.py
[2022-03-23 19:13:29,112] {logging_mixin.py:109} INFO - [2022-03-23 19:13:29,112] {example_kubernetes_executor.py:38} WARNING - The example_kubernetes_executor example DAG requires the kubernetes provider. Please install it with: pip install apache-airflow[cncf.kubernetes]
[2022-03-23 19:13:29,119] {processor.py:656} WARNING - No viable dags retrieved from /home/airflow/env/lib/python3.8/site-packages/airflow/example_dags/example_kubernetes_executor.py
[2022-03-23 19:13:29,120] {processor.py:171} INFO - Processing /home/airflow/env/lib/python3.8/site-packages/airflow/example_dags/example_kubernetes_executor.py took 0.021 seconds
[2022-03-23 19:14:04,833] {processor.py:163} INFO - Started process (PID=10123) to work on /home/airflow/env/lib/python3.8/site-packages/airflow/example_dags/example_kubernetes_executor.py
[2022-03-23 19:14:04,834] {processor.py:642} INFO - Processing file /home/airflow/env/lib/python3.8/site-packages/airflow/example_dags/example_kubernetes_executor.py for tasks to queue
[2022-03-23 19:14:04,835] {logging_mixin.py:109} INFO - [2022-03-23 19:14:04,835] {dagbag.py:500} INFO - Filling up the DagBag from /home/airflow/env/lib/python3.8/site-packages/airflow/example_dags/example_kubernetes_executor.py
[2022-03-23 19:14:04,843] {logging_mixin.py:109} INFO - [2022-03-23 19:14:04,843] {example_kubernetes_executor.py:38} WARNING - The example_kubernetes_executor example DAG requires the kubernetes provider. Please install it with: pip install apache-airflow[cncf.kubernetes]
[2022-03-23 19:14:04,850] {processor.py:656} WARNING - No viable dags retrieved from /home/airflow/env/lib/python3.8/site-packages/airflow/example_dags/example_kubernetes_executor.py
[2022-03-23 19:14:04,851] {processor.py:171} INFO - Processing /home/airflow/env/lib/python3.8/site-packages/airflow/example_dags/example_kubernetes_executor.py took 0.021 seconds
