[2022-03-23 18:35:43,137] {processor.py:163} INFO - Started process (PID=5152) to work on /home/airflow/env/lib/python3.8/site-packages/airflow/example_dags/example_xcom.py
[2022-03-23 18:35:43,138] {processor.py:642} INFO - Processing file /home/airflow/env/lib/python3.8/site-packages/airflow/example_dags/example_xcom.py for tasks to queue
[2022-03-23 18:35:43,138] {logging_mixin.py:109} INFO - [2022-03-23 18:35:43,138] {dagbag.py:500} INFO - Filling up the DagBag from /home/airflow/env/lib/python3.8/site-packages/airflow/example_dags/example_xcom.py
[2022-03-23 18:35:43,159] {processor.py:654} INFO - DAG(s) dict_keys(['example_xcom']) retrieved from /home/airflow/env/lib/python3.8/site-packages/airflow/example_dags/example_xcom.py
[2022-03-23 18:35:43,395] {logging_mixin.py:109} INFO - [2022-03-23 18:35:43,395] {dag.py:2396} INFO - Sync 1 DAGs
[2022-03-23 18:35:43,405] {logging_mixin.py:109} INFO - [2022-03-23 18:35:43,405] {dag.py:2935} INFO - Setting next_dagrun for example_xcom to 2021-01-01T00:00:00+00:00
[2022-03-23 18:35:43,425] {processor.py:171} INFO - Processing /home/airflow/env/lib/python3.8/site-packages/airflow/example_dags/example_xcom.py took 0.291 seconds
[2022-03-23 18:36:15,847] {processor.py:163} INFO - Started process (PID=5184) to work on /home/airflow/env/lib/python3.8/site-packages/airflow/example_dags/example_xcom.py
[2022-03-23 18:36:15,848] {processor.py:642} INFO - Processing file /home/airflow/env/lib/python3.8/site-packages/airflow/example_dags/example_xcom.py for tasks to queue
[2022-03-23 18:36:15,849] {logging_mixin.py:109} INFO - [2022-03-23 18:36:15,849] {dagbag.py:500} INFO - Filling up the DagBag from /home/airflow/env/lib/python3.8/site-packages/airflow/example_dags/example_xcom.py
[2022-03-23 18:36:15,876] {processor.py:654} INFO - DAG(s) dict_keys(['example_xcom']) retrieved from /home/airflow/env/lib/python3.8/site-packages/airflow/example_dags/example_xcom.py
[2022-03-23 18:36:16,115] {logging_mixin.py:109} INFO - [2022-03-23 18:36:16,115] {dag.py:2396} INFO - Sync 1 DAGs
[2022-03-23 18:36:16,124] {logging_mixin.py:109} INFO - [2022-03-23 18:36:16,124] {dag.py:2935} INFO - Setting next_dagrun for example_xcom to 2021-01-01T00:00:00+00:00
[2022-03-23 18:36:16,145] {processor.py:171} INFO - Processing /home/airflow/env/lib/python3.8/site-packages/airflow/example_dags/example_xcom.py took 0.302 seconds
[2022-03-23 18:36:49,071] {processor.py:163} INFO - Started process (PID=5277) to work on /home/airflow/env/lib/python3.8/site-packages/airflow/example_dags/example_xcom.py
[2022-03-23 18:36:49,072] {processor.py:642} INFO - Processing file /home/airflow/env/lib/python3.8/site-packages/airflow/example_dags/example_xcom.py for tasks to queue
[2022-03-23 18:36:49,073] {logging_mixin.py:109} INFO - [2022-03-23 18:36:49,073] {dagbag.py:500} INFO - Filling up the DagBag from /home/airflow/env/lib/python3.8/site-packages/airflow/example_dags/example_xcom.py
[2022-03-23 18:36:49,096] {processor.py:654} INFO - DAG(s) dict_keys(['example_xcom']) retrieved from /home/airflow/env/lib/python3.8/site-packages/airflow/example_dags/example_xcom.py
[2022-03-23 18:36:49,306] {logging_mixin.py:109} INFO - [2022-03-23 18:36:49,306] {dag.py:2396} INFO - Sync 1 DAGs
[2022-03-23 18:36:49,317] {logging_mixin.py:109} INFO - [2022-03-23 18:36:49,316] {dag.py:2935} INFO - Setting next_dagrun for example_xcom to 2021-01-01T00:00:00+00:00
[2022-03-23 18:36:49,335] {processor.py:171} INFO - Processing /home/airflow/env/lib/python3.8/site-packages/airflow/example_dags/example_xcom.py took 0.268 seconds
[2022-03-23 18:37:24,273] {processor.py:163} INFO - Started process (PID=5372) to work on /home/airflow/env/lib/python3.8/site-packages/airflow/example_dags/example_xcom.py
[2022-03-23 18:37:24,279] {processor.py:642} INFO - Processing file /home/airflow/env/lib/python3.8/site-packages/airflow/example_dags/example_xcom.py for tasks to queue
[2022-03-23 18:37:24,280] {logging_mixin.py:109} INFO - [2022-03-23 18:37:24,280] {dagbag.py:500} INFO - Filling up the DagBag from /home/airflow/env/lib/python3.8/site-packages/airflow/example_dags/example_xcom.py
[2022-03-23 18:37:24,307] {processor.py:654} INFO - DAG(s) dict_keys(['example_xcom']) retrieved from /home/airflow/env/lib/python3.8/site-packages/airflow/example_dags/example_xcom.py
[2022-03-23 18:37:24,542] {logging_mixin.py:109} INFO - [2022-03-23 18:37:24,542] {dag.py:2396} INFO - Sync 1 DAGs
[2022-03-23 18:37:24,554] {logging_mixin.py:109} INFO - [2022-03-23 18:37:24,554] {dag.py:2935} INFO - Setting next_dagrun for example_xcom to 2021-01-01T00:00:00+00:00
[2022-03-23 18:37:24,590] {processor.py:171} INFO - Processing /home/airflow/env/lib/python3.8/site-packages/airflow/example_dags/example_xcom.py took 0.320 seconds
[2022-03-23 18:37:59,325] {processor.py:163} INFO - Started process (PID=5465) to work on /home/airflow/env/lib/python3.8/site-packages/airflow/example_dags/example_xcom.py
[2022-03-23 18:37:59,326] {processor.py:642} INFO - Processing file /home/airflow/env/lib/python3.8/site-packages/airflow/example_dags/example_xcom.py for tasks to queue
[2022-03-23 18:37:59,327] {logging_mixin.py:109} INFO - [2022-03-23 18:37:59,327] {dagbag.py:500} INFO - Filling up the DagBag from /home/airflow/env/lib/python3.8/site-packages/airflow/example_dags/example_xcom.py
[2022-03-23 18:37:59,356] {processor.py:654} INFO - DAG(s) dict_keys(['example_xcom']) retrieved from /home/airflow/env/lib/python3.8/site-packages/airflow/example_dags/example_xcom.py
[2022-03-23 18:37:59,571] {logging_mixin.py:109} INFO - [2022-03-23 18:37:59,570] {dag.py:2396} INFO - Sync 1 DAGs
[2022-03-23 18:37:59,580] {logging_mixin.py:109} INFO - [2022-03-23 18:37:59,580] {dag.py:2935} INFO - Setting next_dagrun for example_xcom to 2021-01-01T00:00:00+00:00
[2022-03-23 18:37:59,599] {processor.py:171} INFO - Processing /home/airflow/env/lib/python3.8/site-packages/airflow/example_dags/example_xcom.py took 0.277 seconds
[2022-03-23 18:38:33,448] {processor.py:163} INFO - Started process (PID=5497) to work on /home/airflow/env/lib/python3.8/site-packages/airflow/example_dags/example_xcom.py
[2022-03-23 18:38:33,450] {processor.py:642} INFO - Processing file /home/airflow/env/lib/python3.8/site-packages/airflow/example_dags/example_xcom.py for tasks to queue
[2022-03-23 18:38:33,451] {logging_mixin.py:109} INFO - [2022-03-23 18:38:33,451] {dagbag.py:500} INFO - Filling up the DagBag from /home/airflow/env/lib/python3.8/site-packages/airflow/example_dags/example_xcom.py
[2022-03-23 18:38:33,484] {processor.py:654} INFO - DAG(s) dict_keys(['example_xcom']) retrieved from /home/airflow/env/lib/python3.8/site-packages/airflow/example_dags/example_xcom.py
[2022-03-23 18:38:33,701] {logging_mixin.py:109} INFO - [2022-03-23 18:38:33,701] {dag.py:2396} INFO - Sync 1 DAGs
[2022-03-23 18:38:33,711] {logging_mixin.py:109} INFO - [2022-03-23 18:38:33,711] {dag.py:2935} INFO - Setting next_dagrun for example_xcom to 2021-01-01T00:00:00+00:00
[2022-03-23 18:38:33,729] {processor.py:171} INFO - Processing /home/airflow/env/lib/python3.8/site-packages/airflow/example_dags/example_xcom.py took 0.285 seconds
[2022-03-23 18:39:11,108] {processor.py:163} INFO - Started process (PID=5529) to work on /home/airflow/env/lib/python3.8/site-packages/airflow/example_dags/example_xcom.py
[2022-03-23 18:39:11,116] {processor.py:642} INFO - Processing file /home/airflow/env/lib/python3.8/site-packages/airflow/example_dags/example_xcom.py for tasks to queue
[2022-03-23 18:39:11,119] {logging_mixin.py:109} INFO - [2022-03-23 18:39:11,118] {dagbag.py:500} INFO - Filling up the DagBag from /home/airflow/env/lib/python3.8/site-packages/airflow/example_dags/example_xcom.py
[2022-03-23 18:39:11,217] {processor.py:654} INFO - DAG(s) dict_keys(['example_xcom']) retrieved from /home/airflow/env/lib/python3.8/site-packages/airflow/example_dags/example_xcom.py
[2022-03-23 18:39:11,869] {logging_mixin.py:109} INFO - [2022-03-23 18:39:11,869] {dag.py:2396} INFO - Sync 1 DAGs
[2022-03-23 18:39:11,892] {logging_mixin.py:109} INFO - [2022-03-23 18:39:11,892] {dag.py:2935} INFO - Setting next_dagrun for example_xcom to 2021-01-01T00:00:00+00:00
[2022-03-23 18:39:11,941] {processor.py:171} INFO - Processing /home/airflow/env/lib/python3.8/site-packages/airflow/example_dags/example_xcom.py took 0.842 seconds
[2022-03-23 18:39:52,419] {processor.py:163} INFO - Started process (PID=5708) to work on /home/airflow/env/lib/python3.8/site-packages/airflow/example_dags/example_xcom.py
[2022-03-23 18:39:52,425] {processor.py:642} INFO - Processing file /home/airflow/env/lib/python3.8/site-packages/airflow/example_dags/example_xcom.py for tasks to queue
[2022-03-23 18:39:52,426] {logging_mixin.py:109} INFO - [2022-03-23 18:39:52,426] {dagbag.py:500} INFO - Filling up the DagBag from /home/airflow/env/lib/python3.8/site-packages/airflow/example_dags/example_xcom.py
[2022-03-23 18:39:52,448] {processor.py:654} INFO - DAG(s) dict_keys(['example_xcom']) retrieved from /home/airflow/env/lib/python3.8/site-packages/airflow/example_dags/example_xcom.py
[2022-03-23 18:39:52,648] {logging_mixin.py:109} INFO - [2022-03-23 18:39:52,648] {dag.py:2396} INFO - Sync 1 DAGs
[2022-03-23 18:39:52,657] {logging_mixin.py:109} INFO - [2022-03-23 18:39:52,657] {dag.py:2935} INFO - Setting next_dagrun for example_xcom to 2021-01-01T00:00:00+00:00
[2022-03-23 18:39:52,677] {processor.py:171} INFO - Processing /home/airflow/env/lib/python3.8/site-packages/airflow/example_dags/example_xcom.py took 0.260 seconds
[2022-03-23 18:40:26,387] {processor.py:163} INFO - Started process (PID=5802) to work on /home/airflow/env/lib/python3.8/site-packages/airflow/example_dags/example_xcom.py
[2022-03-23 18:40:26,394] {processor.py:642} INFO - Processing file /home/airflow/env/lib/python3.8/site-packages/airflow/example_dags/example_xcom.py for tasks to queue
[2022-03-23 18:40:26,395] {logging_mixin.py:109} INFO - [2022-03-23 18:40:26,394] {dagbag.py:500} INFO - Filling up the DagBag from /home/airflow/env/lib/python3.8/site-packages/airflow/example_dags/example_xcom.py
[2022-03-23 18:40:26,441] {processor.py:654} INFO - DAG(s) dict_keys(['example_xcom']) retrieved from /home/airflow/env/lib/python3.8/site-packages/airflow/example_dags/example_xcom.py
[2022-03-23 18:40:26,875] {logging_mixin.py:109} INFO - [2022-03-23 18:40:26,875] {dag.py:2396} INFO - Sync 1 DAGs
[2022-03-23 18:40:26,895] {logging_mixin.py:109} INFO - [2022-03-23 18:40:26,895] {dag.py:2935} INFO - Setting next_dagrun for example_xcom to 2021-01-01T00:00:00+00:00
[2022-03-23 18:40:26,930] {processor.py:171} INFO - Processing /home/airflow/env/lib/python3.8/site-packages/airflow/example_dags/example_xcom.py took 0.550 seconds
[2022-03-23 18:41:01,017] {processor.py:163} INFO - Started process (PID=5960) to work on /home/airflow/env/lib/python3.8/site-packages/airflow/example_dags/example_xcom.py
[2022-03-23 18:41:01,019] {processor.py:642} INFO - Processing file /home/airflow/env/lib/python3.8/site-packages/airflow/example_dags/example_xcom.py for tasks to queue
[2022-03-23 18:41:01,019] {logging_mixin.py:109} INFO - [2022-03-23 18:41:01,019] {dagbag.py:500} INFO - Filling up the DagBag from /home/airflow/env/lib/python3.8/site-packages/airflow/example_dags/example_xcom.py
[2022-03-23 18:41:01,043] {processor.py:654} INFO - DAG(s) dict_keys(['example_xcom']) retrieved from /home/airflow/env/lib/python3.8/site-packages/airflow/example_dags/example_xcom.py
[2022-03-23 18:41:01,262] {logging_mixin.py:109} INFO - [2022-03-23 18:41:01,262] {dag.py:2396} INFO - Sync 1 DAGs
[2022-03-23 18:41:01,273] {logging_mixin.py:109} INFO - [2022-03-23 18:41:01,273] {dag.py:2935} INFO - Setting next_dagrun for example_xcom to 2021-01-01T00:00:00+00:00
[2022-03-23 18:41:01,289] {processor.py:171} INFO - Processing /home/airflow/env/lib/python3.8/site-packages/airflow/example_dags/example_xcom.py took 0.275 seconds
[2022-03-23 18:41:34,937] {processor.py:163} INFO - Started process (PID=6096) to work on /home/airflow/env/lib/python3.8/site-packages/airflow/example_dags/example_xcom.py
[2022-03-23 18:41:34,942] {processor.py:642} INFO - Processing file /home/airflow/env/lib/python3.8/site-packages/airflow/example_dags/example_xcom.py for tasks to queue
[2022-03-23 18:41:34,942] {logging_mixin.py:109} INFO - [2022-03-23 18:41:34,942] {dagbag.py:500} INFO - Filling up the DagBag from /home/airflow/env/lib/python3.8/site-packages/airflow/example_dags/example_xcom.py
[2022-03-23 18:41:35,048] {processor.py:654} INFO - DAG(s) dict_keys(['example_xcom']) retrieved from /home/airflow/env/lib/python3.8/site-packages/airflow/example_dags/example_xcom.py
[2022-03-23 18:41:36,252] {logging_mixin.py:109} INFO - [2022-03-23 18:41:36,252] {dag.py:2396} INFO - Sync 1 DAGs
[2022-03-23 18:41:36,323] {logging_mixin.py:109} INFO - [2022-03-23 18:41:36,323] {dag.py:2935} INFO - Setting next_dagrun for example_xcom to 2021-01-01T00:00:00+00:00
[2022-03-23 18:41:36,378] {processor.py:171} INFO - Processing /home/airflow/env/lib/python3.8/site-packages/airflow/example_dags/example_xcom.py took 1.461 seconds
[2022-03-23 18:42:15,449] {processor.py:163} INFO - Started process (PID=6278) to work on /home/airflow/env/lib/python3.8/site-packages/airflow/example_dags/example_xcom.py
[2022-03-23 18:42:15,450] {processor.py:642} INFO - Processing file /home/airflow/env/lib/python3.8/site-packages/airflow/example_dags/example_xcom.py for tasks to queue
[2022-03-23 18:42:15,450] {logging_mixin.py:109} INFO - [2022-03-23 18:42:15,450] {dagbag.py:500} INFO - Filling up the DagBag from /home/airflow/env/lib/python3.8/site-packages/airflow/example_dags/example_xcom.py
[2022-03-23 18:42:15,473] {processor.py:654} INFO - DAG(s) dict_keys(['example_xcom']) retrieved from /home/airflow/env/lib/python3.8/site-packages/airflow/example_dags/example_xcom.py
[2022-03-23 18:42:15,722] {logging_mixin.py:109} INFO - [2022-03-23 18:42:15,722] {dag.py:2396} INFO - Sync 1 DAGs
[2022-03-23 18:42:15,734] {logging_mixin.py:109} INFO - [2022-03-23 18:42:15,734] {dag.py:2935} INFO - Setting next_dagrun for example_xcom to 2021-01-01T00:00:00+00:00
[2022-03-23 18:42:15,750] {processor.py:171} INFO - Processing /home/airflow/env/lib/python3.8/site-packages/airflow/example_dags/example_xcom.py took 0.304 seconds
[2022-03-23 18:42:48,304] {processor.py:163} INFO - Started process (PID=6430) to work on /home/airflow/env/lib/python3.8/site-packages/airflow/example_dags/example_xcom.py
[2022-03-23 18:42:48,305] {processor.py:642} INFO - Processing file /home/airflow/env/lib/python3.8/site-packages/airflow/example_dags/example_xcom.py for tasks to queue
[2022-03-23 18:42:48,305] {logging_mixin.py:109} INFO - [2022-03-23 18:42:48,305] {dagbag.py:500} INFO - Filling up the DagBag from /home/airflow/env/lib/python3.8/site-packages/airflow/example_dags/example_xcom.py
[2022-03-23 18:42:48,327] {processor.py:654} INFO - DAG(s) dict_keys(['example_xcom']) retrieved from /home/airflow/env/lib/python3.8/site-packages/airflow/example_dags/example_xcom.py
[2022-03-23 18:42:48,577] {logging_mixin.py:109} INFO - [2022-03-23 18:42:48,577] {dag.py:2396} INFO - Sync 1 DAGs
[2022-03-23 18:42:48,602] {logging_mixin.py:109} INFO - [2022-03-23 18:42:48,602] {dag.py:2935} INFO - Setting next_dagrun for example_xcom to 2021-01-01T00:00:00+00:00
[2022-03-23 18:42:48,622] {processor.py:171} INFO - Processing /home/airflow/env/lib/python3.8/site-packages/airflow/example_dags/example_xcom.py took 0.320 seconds
[2022-03-23 18:43:21,339] {processor.py:163} INFO - Started process (PID=6464) to work on /home/airflow/env/lib/python3.8/site-packages/airflow/example_dags/example_xcom.py
[2022-03-23 18:43:21,340] {processor.py:642} INFO - Processing file /home/airflow/env/lib/python3.8/site-packages/airflow/example_dags/example_xcom.py for tasks to queue
[2022-03-23 18:43:21,341] {logging_mixin.py:109} INFO - [2022-03-23 18:43:21,341] {dagbag.py:500} INFO - Filling up the DagBag from /home/airflow/env/lib/python3.8/site-packages/airflow/example_dags/example_xcom.py
[2022-03-23 18:43:21,368] {processor.py:654} INFO - DAG(s) dict_keys(['example_xcom']) retrieved from /home/airflow/env/lib/python3.8/site-packages/airflow/example_dags/example_xcom.py
[2022-03-23 18:43:21,582] {logging_mixin.py:109} INFO - [2022-03-23 18:43:21,582] {dag.py:2396} INFO - Sync 1 DAGs
[2022-03-23 18:43:21,593] {logging_mixin.py:109} INFO - [2022-03-23 18:43:21,593] {dag.py:2935} INFO - Setting next_dagrun for example_xcom to 2021-01-01T00:00:00+00:00
[2022-03-23 18:43:21,622] {processor.py:171} INFO - Processing /home/airflow/env/lib/python3.8/site-packages/airflow/example_dags/example_xcom.py took 0.286 seconds
[2022-03-23 18:43:56,894] {processor.py:163} INFO - Started process (PID=6498) to work on /home/airflow/env/lib/python3.8/site-packages/airflow/example_dags/example_xcom.py
[2022-03-23 18:43:56,896] {processor.py:642} INFO - Processing file /home/airflow/env/lib/python3.8/site-packages/airflow/example_dags/example_xcom.py for tasks to queue
[2022-03-23 18:43:56,897] {logging_mixin.py:109} INFO - [2022-03-23 18:43:56,897] {dagbag.py:500} INFO - Filling up the DagBag from /home/airflow/env/lib/python3.8/site-packages/airflow/example_dags/example_xcom.py
[2022-03-23 18:43:56,921] {processor.py:654} INFO - DAG(s) dict_keys(['example_xcom']) retrieved from /home/airflow/env/lib/python3.8/site-packages/airflow/example_dags/example_xcom.py
[2022-03-23 18:43:57,157] {logging_mixin.py:109} INFO - [2022-03-23 18:43:57,157] {dag.py:2396} INFO - Sync 1 DAGs
[2022-03-23 18:43:57,176] {logging_mixin.py:109} INFO - [2022-03-23 18:43:57,176] {dag.py:2935} INFO - Setting next_dagrun for example_xcom to 2021-01-01T00:00:00+00:00
[2022-03-23 18:43:57,196] {processor.py:171} INFO - Processing /home/airflow/env/lib/python3.8/site-packages/airflow/example_dags/example_xcom.py took 0.303 seconds
[2022-03-23 18:44:33,102] {processor.py:163} INFO - Started process (PID=6530) to work on /home/airflow/env/lib/python3.8/site-packages/airflow/example_dags/example_xcom.py
[2022-03-23 18:44:33,104] {processor.py:642} INFO - Processing file /home/airflow/env/lib/python3.8/site-packages/airflow/example_dags/example_xcom.py for tasks to queue
[2022-03-23 18:44:33,105] {logging_mixin.py:109} INFO - [2022-03-23 18:44:33,105] {dagbag.py:500} INFO - Filling up the DagBag from /home/airflow/env/lib/python3.8/site-packages/airflow/example_dags/example_xcom.py
[2022-03-23 18:44:33,150] {processor.py:654} INFO - DAG(s) dict_keys(['example_xcom']) retrieved from /home/airflow/env/lib/python3.8/site-packages/airflow/example_dags/example_xcom.py
[2022-03-23 18:44:33,448] {logging_mixin.py:109} INFO - [2022-03-23 18:44:33,448] {dag.py:2396} INFO - Sync 1 DAGs
[2022-03-23 18:44:33,465] {logging_mixin.py:109} INFO - [2022-03-23 18:44:33,465] {dag.py:2935} INFO - Setting next_dagrun for example_xcom to 2021-01-01T00:00:00+00:00
[2022-03-23 18:44:33,485] {processor.py:171} INFO - Processing /home/airflow/env/lib/python3.8/site-packages/airflow/example_dags/example_xcom.py took 0.388 seconds
[2022-03-23 18:45:08,100] {processor.py:163} INFO - Started process (PID=6563) to work on /home/airflow/env/lib/python3.8/site-packages/airflow/example_dags/example_xcom.py
[2022-03-23 18:45:08,102] {processor.py:642} INFO - Processing file /home/airflow/env/lib/python3.8/site-packages/airflow/example_dags/example_xcom.py for tasks to queue
[2022-03-23 18:45:08,103] {logging_mixin.py:109} INFO - [2022-03-23 18:45:08,103] {dagbag.py:500} INFO - Filling up the DagBag from /home/airflow/env/lib/python3.8/site-packages/airflow/example_dags/example_xcom.py
[2022-03-23 18:45:08,134] {processor.py:654} INFO - DAG(s) dict_keys(['example_xcom']) retrieved from /home/airflow/env/lib/python3.8/site-packages/airflow/example_dags/example_xcom.py
[2022-03-23 18:45:08,596] {logging_mixin.py:109} INFO - [2022-03-23 18:45:08,596] {dag.py:2396} INFO - Sync 1 DAGs
[2022-03-23 18:45:08,613] {logging_mixin.py:109} INFO - [2022-03-23 18:45:08,613] {dag.py:2935} INFO - Setting next_dagrun for example_xcom to 2021-01-01T00:00:00+00:00
[2022-03-23 18:45:08,641] {processor.py:171} INFO - Processing /home/airflow/env/lib/python3.8/site-packages/airflow/example_dags/example_xcom.py took 0.544 seconds
[2022-03-23 18:45:43,043] {processor.py:163} INFO - Started process (PID=6649) to work on /home/airflow/env/lib/python3.8/site-packages/airflow/example_dags/example_xcom.py
[2022-03-23 18:45:43,044] {processor.py:642} INFO - Processing file /home/airflow/env/lib/python3.8/site-packages/airflow/example_dags/example_xcom.py for tasks to queue
[2022-03-23 18:45:43,045] {logging_mixin.py:109} INFO - [2022-03-23 18:45:43,045] {dagbag.py:500} INFO - Filling up the DagBag from /home/airflow/env/lib/python3.8/site-packages/airflow/example_dags/example_xcom.py
[2022-03-23 18:45:43,070] {processor.py:654} INFO - DAG(s) dict_keys(['example_xcom']) retrieved from /home/airflow/env/lib/python3.8/site-packages/airflow/example_dags/example_xcom.py
[2022-03-23 18:45:43,288] {logging_mixin.py:109} INFO - [2022-03-23 18:45:43,287] {dag.py:2396} INFO - Sync 1 DAGs
[2022-03-23 18:45:43,298] {logging_mixin.py:109} INFO - [2022-03-23 18:45:43,298] {dag.py:2935} INFO - Setting next_dagrun for example_xcom to 2021-01-01T00:00:00+00:00
[2022-03-23 18:45:43,316] {processor.py:171} INFO - Processing /home/airflow/env/lib/python3.8/site-packages/airflow/example_dags/example_xcom.py took 0.276 seconds
[2022-03-23 18:46:15,975] {processor.py:163} INFO - Started process (PID=6682) to work on /home/airflow/env/lib/python3.8/site-packages/airflow/example_dags/example_xcom.py
[2022-03-23 18:46:15,976] {processor.py:642} INFO - Processing file /home/airflow/env/lib/python3.8/site-packages/airflow/example_dags/example_xcom.py for tasks to queue
[2022-03-23 18:46:15,977] {logging_mixin.py:109} INFO - [2022-03-23 18:46:15,977] {dagbag.py:500} INFO - Filling up the DagBag from /home/airflow/env/lib/python3.8/site-packages/airflow/example_dags/example_xcom.py
[2022-03-23 18:46:16,004] {processor.py:654} INFO - DAG(s) dict_keys(['example_xcom']) retrieved from /home/airflow/env/lib/python3.8/site-packages/airflow/example_dags/example_xcom.py
[2022-03-23 18:46:16,315] {logging_mixin.py:109} INFO - [2022-03-23 18:46:16,315] {dag.py:2396} INFO - Sync 1 DAGs
[2022-03-23 18:46:16,331] {logging_mixin.py:109} INFO - [2022-03-23 18:46:16,331] {dag.py:2935} INFO - Setting next_dagrun for example_xcom to 2021-01-01T00:00:00+00:00
[2022-03-23 18:46:16,354] {processor.py:171} INFO - Processing /home/airflow/env/lib/python3.8/site-packages/airflow/example_dags/example_xcom.py took 0.386 seconds
[2022-03-23 18:46:51,077] {processor.py:163} INFO - Started process (PID=6716) to work on /home/airflow/env/lib/python3.8/site-packages/airflow/example_dags/example_xcom.py
[2022-03-23 18:46:51,078] {processor.py:642} INFO - Processing file /home/airflow/env/lib/python3.8/site-packages/airflow/example_dags/example_xcom.py for tasks to queue
[2022-03-23 18:46:51,079] {logging_mixin.py:109} INFO - [2022-03-23 18:46:51,079] {dagbag.py:500} INFO - Filling up the DagBag from /home/airflow/env/lib/python3.8/site-packages/airflow/example_dags/example_xcom.py
[2022-03-23 18:46:51,122] {processor.py:654} INFO - DAG(s) dict_keys(['example_xcom']) retrieved from /home/airflow/env/lib/python3.8/site-packages/airflow/example_dags/example_xcom.py
[2022-03-23 18:46:51,476] {logging_mixin.py:109} INFO - [2022-03-23 18:46:51,476] {dag.py:2396} INFO - Sync 1 DAGs
[2022-03-23 18:46:51,488] {logging_mixin.py:109} INFO - [2022-03-23 18:46:51,488] {dag.py:2935} INFO - Setting next_dagrun for example_xcom to 2021-01-01T00:00:00+00:00
[2022-03-23 18:46:51,509] {processor.py:171} INFO - Processing /home/airflow/env/lib/python3.8/site-packages/airflow/example_dags/example_xcom.py took 0.445 seconds
[2022-03-23 18:47:25,409] {processor.py:163} INFO - Started process (PID=6748) to work on /home/airflow/env/lib/python3.8/site-packages/airflow/example_dags/example_xcom.py
[2022-03-23 18:47:25,410] {processor.py:642} INFO - Processing file /home/airflow/env/lib/python3.8/site-packages/airflow/example_dags/example_xcom.py for tasks to queue
[2022-03-23 18:47:25,411] {logging_mixin.py:109} INFO - [2022-03-23 18:47:25,411] {dagbag.py:500} INFO - Filling up the DagBag from /home/airflow/env/lib/python3.8/site-packages/airflow/example_dags/example_xcom.py
[2022-03-23 18:47:25,435] {processor.py:654} INFO - DAG(s) dict_keys(['example_xcom']) retrieved from /home/airflow/env/lib/python3.8/site-packages/airflow/example_dags/example_xcom.py
[2022-03-23 18:47:25,688] {logging_mixin.py:109} INFO - [2022-03-23 18:47:25,688] {dag.py:2396} INFO - Sync 1 DAGs
[2022-03-23 18:47:25,705] {logging_mixin.py:109} INFO - [2022-03-23 18:47:25,705] {dag.py:2935} INFO - Setting next_dagrun for example_xcom to 2021-01-01T00:00:00+00:00
[2022-03-23 18:47:25,740] {processor.py:171} INFO - Processing /home/airflow/env/lib/python3.8/site-packages/airflow/example_dags/example_xcom.py took 0.334 seconds
[2022-03-23 18:47:57,813] {processor.py:163} INFO - Started process (PID=6777) to work on /home/airflow/env/lib/python3.8/site-packages/airflow/example_dags/example_xcom.py
[2022-03-23 18:47:57,814] {processor.py:642} INFO - Processing file /home/airflow/env/lib/python3.8/site-packages/airflow/example_dags/example_xcom.py for tasks to queue
[2022-03-23 18:47:57,815] {logging_mixin.py:109} INFO - [2022-03-23 18:47:57,815] {dagbag.py:500} INFO - Filling up the DagBag from /home/airflow/env/lib/python3.8/site-packages/airflow/example_dags/example_xcom.py
[2022-03-23 18:47:57,854] {processor.py:654} INFO - DAG(s) dict_keys(['example_xcom']) retrieved from /home/airflow/env/lib/python3.8/site-packages/airflow/example_dags/example_xcom.py
[2022-03-23 18:47:58,220] {logging_mixin.py:109} INFO - [2022-03-23 18:47:58,219] {dag.py:2396} INFO - Sync 1 DAGs
[2022-03-23 18:47:58,239] {logging_mixin.py:109} INFO - [2022-03-23 18:47:58,239] {dag.py:2935} INFO - Setting next_dagrun for example_xcom to 2021-01-01T00:00:00+00:00
[2022-03-23 18:47:58,266] {processor.py:171} INFO - Processing /home/airflow/env/lib/python3.8/site-packages/airflow/example_dags/example_xcom.py took 0.461 seconds
[2022-03-23 18:48:33,284] {processor.py:163} INFO - Started process (PID=6811) to work on /home/airflow/env/lib/python3.8/site-packages/airflow/example_dags/example_xcom.py
[2022-03-23 18:48:33,285] {processor.py:642} INFO - Processing file /home/airflow/env/lib/python3.8/site-packages/airflow/example_dags/example_xcom.py for tasks to queue
[2022-03-23 18:48:33,286] {logging_mixin.py:109} INFO - [2022-03-23 18:48:33,286] {dagbag.py:500} INFO - Filling up the DagBag from /home/airflow/env/lib/python3.8/site-packages/airflow/example_dags/example_xcom.py
[2022-03-23 18:48:33,307] {processor.py:654} INFO - DAG(s) dict_keys(['example_xcom']) retrieved from /home/airflow/env/lib/python3.8/site-packages/airflow/example_dags/example_xcom.py
[2022-03-23 18:48:33,516] {logging_mixin.py:109} INFO - [2022-03-23 18:48:33,516] {dag.py:2396} INFO - Sync 1 DAGs
[2022-03-23 18:48:33,525] {logging_mixin.py:109} INFO - [2022-03-23 18:48:33,525] {dag.py:2935} INFO - Setting next_dagrun for example_xcom to 2021-01-01T00:00:00+00:00
[2022-03-23 18:48:33,548] {processor.py:171} INFO - Processing /home/airflow/env/lib/python3.8/site-packages/airflow/example_dags/example_xcom.py took 0.266 seconds
[2022-03-23 18:49:05,563] {processor.py:163} INFO - Started process (PID=6842) to work on /home/airflow/env/lib/python3.8/site-packages/airflow/example_dags/example_xcom.py
[2022-03-23 18:49:05,564] {processor.py:642} INFO - Processing file /home/airflow/env/lib/python3.8/site-packages/airflow/example_dags/example_xcom.py for tasks to queue
[2022-03-23 18:49:05,565] {logging_mixin.py:109} INFO - [2022-03-23 18:49:05,565] {dagbag.py:500} INFO - Filling up the DagBag from /home/airflow/env/lib/python3.8/site-packages/airflow/example_dags/example_xcom.py
[2022-03-23 18:49:05,589] {processor.py:654} INFO - DAG(s) dict_keys(['example_xcom']) retrieved from /home/airflow/env/lib/python3.8/site-packages/airflow/example_dags/example_xcom.py
[2022-03-23 18:49:05,804] {logging_mixin.py:109} INFO - [2022-03-23 18:49:05,804] {dag.py:2396} INFO - Sync 1 DAGs
[2022-03-23 18:49:05,814] {logging_mixin.py:109} INFO - [2022-03-23 18:49:05,814] {dag.py:2935} INFO - Setting next_dagrun for example_xcom to 2021-01-01T00:00:00+00:00
[2022-03-23 18:49:05,834] {processor.py:171} INFO - Processing /home/airflow/env/lib/python3.8/site-packages/airflow/example_dags/example_xcom.py took 0.275 seconds
[2022-03-23 18:49:39,291] {processor.py:163} INFO - Started process (PID=6996) to work on /home/airflow/env/lib/python3.8/site-packages/airflow/example_dags/example_xcom.py
[2022-03-23 18:49:39,292] {processor.py:642} INFO - Processing file /home/airflow/env/lib/python3.8/site-packages/airflow/example_dags/example_xcom.py for tasks to queue
[2022-03-23 18:49:39,292] {logging_mixin.py:109} INFO - [2022-03-23 18:49:39,292] {dagbag.py:500} INFO - Filling up the DagBag from /home/airflow/env/lib/python3.8/site-packages/airflow/example_dags/example_xcom.py
[2022-03-23 18:49:39,315] {processor.py:654} INFO - DAG(s) dict_keys(['example_xcom']) retrieved from /home/airflow/env/lib/python3.8/site-packages/airflow/example_dags/example_xcom.py
[2022-03-23 18:49:39,504] {logging_mixin.py:109} INFO - [2022-03-23 18:49:39,504] {dag.py:2396} INFO - Sync 1 DAGs
[2022-03-23 18:49:39,521] {logging_mixin.py:109} INFO - [2022-03-23 18:49:39,521] {dag.py:2935} INFO - Setting next_dagrun for example_xcom to 2021-01-01T00:00:00+00:00
[2022-03-23 18:49:39,540] {processor.py:171} INFO - Processing /home/airflow/env/lib/python3.8/site-packages/airflow/example_dags/example_xcom.py took 0.251 seconds
[2022-03-23 18:50:13,051] {processor.py:163} INFO - Started process (PID=7029) to work on /home/airflow/env/lib/python3.8/site-packages/airflow/example_dags/example_xcom.py
[2022-03-23 18:50:13,052] {processor.py:642} INFO - Processing file /home/airflow/env/lib/python3.8/site-packages/airflow/example_dags/example_xcom.py for tasks to queue
[2022-03-23 18:50:13,053] {logging_mixin.py:109} INFO - [2022-03-23 18:50:13,052] {dagbag.py:500} INFO - Filling up the DagBag from /home/airflow/env/lib/python3.8/site-packages/airflow/example_dags/example_xcom.py
[2022-03-23 18:50:13,077] {processor.py:654} INFO - DAG(s) dict_keys(['example_xcom']) retrieved from /home/airflow/env/lib/python3.8/site-packages/airflow/example_dags/example_xcom.py
[2022-03-23 18:50:13,276] {logging_mixin.py:109} INFO - [2022-03-23 18:50:13,276] {dag.py:2396} INFO - Sync 1 DAGs
[2022-03-23 18:50:13,289] {logging_mixin.py:109} INFO - [2022-03-23 18:50:13,289] {dag.py:2935} INFO - Setting next_dagrun for example_xcom to 2021-01-01T00:00:00+00:00
[2022-03-23 18:50:13,307] {processor.py:171} INFO - Processing /home/airflow/env/lib/python3.8/site-packages/airflow/example_dags/example_xcom.py took 0.259 seconds
[2022-03-23 18:50:45,179] {processor.py:163} INFO - Started process (PID=7115) to work on /home/airflow/env/lib/python3.8/site-packages/airflow/example_dags/example_xcom.py
[2022-03-23 18:50:45,180] {processor.py:642} INFO - Processing file /home/airflow/env/lib/python3.8/site-packages/airflow/example_dags/example_xcom.py for tasks to queue
[2022-03-23 18:50:45,181] {logging_mixin.py:109} INFO - [2022-03-23 18:50:45,181] {dagbag.py:500} INFO - Filling up the DagBag from /home/airflow/env/lib/python3.8/site-packages/airflow/example_dags/example_xcom.py
[2022-03-23 18:50:45,204] {processor.py:654} INFO - DAG(s) dict_keys(['example_xcom']) retrieved from /home/airflow/env/lib/python3.8/site-packages/airflow/example_dags/example_xcom.py
[2022-03-23 18:50:45,409] {logging_mixin.py:109} INFO - [2022-03-23 18:50:45,409] {dag.py:2396} INFO - Sync 1 DAGs
[2022-03-23 18:50:45,421] {logging_mixin.py:109} INFO - [2022-03-23 18:50:45,421] {dag.py:2935} INFO - Setting next_dagrun for example_xcom to 2021-01-01T00:00:00+00:00
[2022-03-23 18:50:45,433] {processor.py:171} INFO - Processing /home/airflow/env/lib/python3.8/site-packages/airflow/example_dags/example_xcom.py took 0.258 seconds
[2022-03-23 18:51:18,229] {processor.py:163} INFO - Started process (PID=7148) to work on /home/airflow/env/lib/python3.8/site-packages/airflow/example_dags/example_xcom.py
[2022-03-23 18:51:18,230] {processor.py:642} INFO - Processing file /home/airflow/env/lib/python3.8/site-packages/airflow/example_dags/example_xcom.py for tasks to queue
[2022-03-23 18:51:18,231] {logging_mixin.py:109} INFO - [2022-03-23 18:51:18,230] {dagbag.py:500} INFO - Filling up the DagBag from /home/airflow/env/lib/python3.8/site-packages/airflow/example_dags/example_xcom.py
[2022-03-23 18:51:18,252] {processor.py:654} INFO - DAG(s) dict_keys(['example_xcom']) retrieved from /home/airflow/env/lib/python3.8/site-packages/airflow/example_dags/example_xcom.py
[2022-03-23 18:51:18,443] {logging_mixin.py:109} INFO - [2022-03-23 18:51:18,443] {dag.py:2396} INFO - Sync 1 DAGs
[2022-03-23 18:51:18,453] {logging_mixin.py:109} INFO - [2022-03-23 18:51:18,453] {dag.py:2935} INFO - Setting next_dagrun for example_xcom to 2021-01-01T00:00:00+00:00
[2022-03-23 18:51:18,474] {processor.py:171} INFO - Processing /home/airflow/env/lib/python3.8/site-packages/airflow/example_dags/example_xcom.py took 0.248 seconds
[2022-03-23 18:51:49,486] {processor.py:163} INFO - Started process (PID=7178) to work on /home/airflow/env/lib/python3.8/site-packages/airflow/example_dags/example_xcom.py
[2022-03-23 18:51:49,487] {processor.py:642} INFO - Processing file /home/airflow/env/lib/python3.8/site-packages/airflow/example_dags/example_xcom.py for tasks to queue
[2022-03-23 18:51:49,488] {logging_mixin.py:109} INFO - [2022-03-23 18:51:49,487] {dagbag.py:500} INFO - Filling up the DagBag from /home/airflow/env/lib/python3.8/site-packages/airflow/example_dags/example_xcom.py
[2022-03-23 18:51:49,513] {processor.py:654} INFO - DAG(s) dict_keys(['example_xcom']) retrieved from /home/airflow/env/lib/python3.8/site-packages/airflow/example_dags/example_xcom.py
[2022-03-23 18:51:49,727] {logging_mixin.py:109} INFO - [2022-03-23 18:51:49,727] {dag.py:2396} INFO - Sync 1 DAGs
[2022-03-23 18:51:49,738] {logging_mixin.py:109} INFO - [2022-03-23 18:51:49,737] {dag.py:2935} INFO - Setting next_dagrun for example_xcom to 2021-01-01T00:00:00+00:00
[2022-03-23 18:51:49,762] {processor.py:171} INFO - Processing /home/airflow/env/lib/python3.8/site-packages/airflow/example_dags/example_xcom.py took 0.279 seconds
[2022-03-23 18:52:20,322] {processor.py:163} INFO - Started process (PID=7208) to work on /home/airflow/env/lib/python3.8/site-packages/airflow/example_dags/example_xcom.py
[2022-03-23 18:52:20,323] {processor.py:642} INFO - Processing file /home/airflow/env/lib/python3.8/site-packages/airflow/example_dags/example_xcom.py for tasks to queue
[2022-03-23 18:52:20,324] {logging_mixin.py:109} INFO - [2022-03-23 18:52:20,324] {dagbag.py:500} INFO - Filling up the DagBag from /home/airflow/env/lib/python3.8/site-packages/airflow/example_dags/example_xcom.py
[2022-03-23 18:52:20,346] {processor.py:654} INFO - DAG(s) dict_keys(['example_xcom']) retrieved from /home/airflow/env/lib/python3.8/site-packages/airflow/example_dags/example_xcom.py
[2022-03-23 18:52:20,547] {logging_mixin.py:109} INFO - [2022-03-23 18:52:20,547] {dag.py:2396} INFO - Sync 1 DAGs
[2022-03-23 18:52:20,556] {logging_mixin.py:109} INFO - [2022-03-23 18:52:20,556] {dag.py:2935} INFO - Setting next_dagrun for example_xcom to 2021-01-01T00:00:00+00:00
[2022-03-23 18:52:20,574] {processor.py:171} INFO - Processing /home/airflow/env/lib/python3.8/site-packages/airflow/example_dags/example_xcom.py took 0.254 seconds
[2022-03-23 18:52:52,038] {processor.py:163} INFO - Started process (PID=7240) to work on /home/airflow/env/lib/python3.8/site-packages/airflow/example_dags/example_xcom.py
[2022-03-23 18:52:52,040] {processor.py:642} INFO - Processing file /home/airflow/env/lib/python3.8/site-packages/airflow/example_dags/example_xcom.py for tasks to queue
[2022-03-23 18:52:52,041] {logging_mixin.py:109} INFO - [2022-03-23 18:52:52,041] {dagbag.py:500} INFO - Filling up the DagBag from /home/airflow/env/lib/python3.8/site-packages/airflow/example_dags/example_xcom.py
[2022-03-23 18:52:52,068] {processor.py:654} INFO - DAG(s) dict_keys(['example_xcom']) retrieved from /home/airflow/env/lib/python3.8/site-packages/airflow/example_dags/example_xcom.py
[2022-03-23 18:52:52,295] {logging_mixin.py:109} INFO - [2022-03-23 18:52:52,295] {dag.py:2396} INFO - Sync 1 DAGs
[2022-03-23 18:52:52,305] {logging_mixin.py:109} INFO - [2022-03-23 18:52:52,305] {dag.py:2935} INFO - Setting next_dagrun for example_xcom to 2021-01-01T00:00:00+00:00
[2022-03-23 18:52:52,323] {processor.py:171} INFO - Processing /home/airflow/env/lib/python3.8/site-packages/airflow/example_dags/example_xcom.py took 0.288 seconds
[2022-03-23 18:53:25,487] {processor.py:163} INFO - Started process (PID=7272) to work on /home/airflow/env/lib/python3.8/site-packages/airflow/example_dags/example_xcom.py
[2022-03-23 18:53:25,488] {processor.py:642} INFO - Processing file /home/airflow/env/lib/python3.8/site-packages/airflow/example_dags/example_xcom.py for tasks to queue
[2022-03-23 18:53:25,489] {logging_mixin.py:109} INFO - [2022-03-23 18:53:25,489] {dagbag.py:500} INFO - Filling up the DagBag from /home/airflow/env/lib/python3.8/site-packages/airflow/example_dags/example_xcom.py
[2022-03-23 18:53:25,515] {processor.py:654} INFO - DAG(s) dict_keys(['example_xcom']) retrieved from /home/airflow/env/lib/python3.8/site-packages/airflow/example_dags/example_xcom.py
[2022-03-23 18:53:25,746] {logging_mixin.py:109} INFO - [2022-03-23 18:53:25,746] {dag.py:2396} INFO - Sync 1 DAGs
[2022-03-23 18:53:25,756] {logging_mixin.py:109} INFO - [2022-03-23 18:53:25,756] {dag.py:2935} INFO - Setting next_dagrun for example_xcom to 2021-01-01T00:00:00+00:00
[2022-03-23 18:53:25,776] {processor.py:171} INFO - Processing /home/airflow/env/lib/python3.8/site-packages/airflow/example_dags/example_xcom.py took 0.292 seconds
[2022-03-23 18:53:59,228] {processor.py:163} INFO - Started process (PID=7305) to work on /home/airflow/env/lib/python3.8/site-packages/airflow/example_dags/example_xcom.py
[2022-03-23 18:53:59,229] {processor.py:642} INFO - Processing file /home/airflow/env/lib/python3.8/site-packages/airflow/example_dags/example_xcom.py for tasks to queue
[2022-03-23 18:53:59,230] {logging_mixin.py:109} INFO - [2022-03-23 18:53:59,230] {dagbag.py:500} INFO - Filling up the DagBag from /home/airflow/env/lib/python3.8/site-packages/airflow/example_dags/example_xcom.py
[2022-03-23 18:53:59,250] {processor.py:654} INFO - DAG(s) dict_keys(['example_xcom']) retrieved from /home/airflow/env/lib/python3.8/site-packages/airflow/example_dags/example_xcom.py
[2022-03-23 18:53:59,477] {logging_mixin.py:109} INFO - [2022-03-23 18:53:59,477] {dag.py:2396} INFO - Sync 1 DAGs
[2022-03-23 18:53:59,487] {logging_mixin.py:109} INFO - [2022-03-23 18:53:59,487] {dag.py:2935} INFO - Setting next_dagrun for example_xcom to 2021-01-01T00:00:00+00:00
[2022-03-23 18:53:59,507] {processor.py:171} INFO - Processing /home/airflow/env/lib/python3.8/site-packages/airflow/example_dags/example_xcom.py took 0.282 seconds
[2022-03-23 18:54:33,910] {processor.py:163} INFO - Started process (PID=7337) to work on /home/airflow/env/lib/python3.8/site-packages/airflow/example_dags/example_xcom.py
[2022-03-23 18:54:33,911] {processor.py:642} INFO - Processing file /home/airflow/env/lib/python3.8/site-packages/airflow/example_dags/example_xcom.py for tasks to queue
[2022-03-23 18:54:33,912] {logging_mixin.py:109} INFO - [2022-03-23 18:54:33,912] {dagbag.py:500} INFO - Filling up the DagBag from /home/airflow/env/lib/python3.8/site-packages/airflow/example_dags/example_xcom.py
[2022-03-23 18:54:33,935] {processor.py:654} INFO - DAG(s) dict_keys(['example_xcom']) retrieved from /home/airflow/env/lib/python3.8/site-packages/airflow/example_dags/example_xcom.py
[2022-03-23 18:54:34,138] {logging_mixin.py:109} INFO - [2022-03-23 18:54:34,138] {dag.py:2396} INFO - Sync 1 DAGs
[2022-03-23 18:54:34,147] {logging_mixin.py:109} INFO - [2022-03-23 18:54:34,147] {dag.py:2935} INFO - Setting next_dagrun for example_xcom to 2021-01-01T00:00:00+00:00
[2022-03-23 18:54:34,166] {processor.py:171} INFO - Processing /home/airflow/env/lib/python3.8/site-packages/airflow/example_dags/example_xcom.py took 0.258 seconds
[2022-03-23 18:55:06,076] {processor.py:163} INFO - Started process (PID=7369) to work on /home/airflow/env/lib/python3.8/site-packages/airflow/example_dags/example_xcom.py
[2022-03-23 18:55:06,077] {processor.py:642} INFO - Processing file /home/airflow/env/lib/python3.8/site-packages/airflow/example_dags/example_xcom.py for tasks to queue
[2022-03-23 18:55:06,078] {logging_mixin.py:109} INFO - [2022-03-23 18:55:06,078] {dagbag.py:500} INFO - Filling up the DagBag from /home/airflow/env/lib/python3.8/site-packages/airflow/example_dags/example_xcom.py
[2022-03-23 18:55:06,102] {processor.py:654} INFO - DAG(s) dict_keys(['example_xcom']) retrieved from /home/airflow/env/lib/python3.8/site-packages/airflow/example_dags/example_xcom.py
[2022-03-23 18:55:06,350] {logging_mixin.py:109} INFO - [2022-03-23 18:55:06,350] {dag.py:2396} INFO - Sync 1 DAGs
[2022-03-23 18:55:06,360] {logging_mixin.py:109} INFO - [2022-03-23 18:55:06,360] {dag.py:2935} INFO - Setting next_dagrun for example_xcom to 2021-01-01T00:00:00+00:00
[2022-03-23 18:55:06,383] {processor.py:171} INFO - Processing /home/airflow/env/lib/python3.8/site-packages/airflow/example_dags/example_xcom.py took 0.310 seconds
[2022-03-23 18:55:40,994] {processor.py:163} INFO - Started process (PID=7459) to work on /home/airflow/env/lib/python3.8/site-packages/airflow/example_dags/example_xcom.py
[2022-03-23 18:55:40,995] {processor.py:642} INFO - Processing file /home/airflow/env/lib/python3.8/site-packages/airflow/example_dags/example_xcom.py for tasks to queue
[2022-03-23 18:55:40,996] {logging_mixin.py:109} INFO - [2022-03-23 18:55:40,996] {dagbag.py:500} INFO - Filling up the DagBag from /home/airflow/env/lib/python3.8/site-packages/airflow/example_dags/example_xcom.py
[2022-03-23 18:55:41,024] {processor.py:654} INFO - DAG(s) dict_keys(['example_xcom']) retrieved from /home/airflow/env/lib/python3.8/site-packages/airflow/example_dags/example_xcom.py
[2022-03-23 18:55:41,275] {logging_mixin.py:109} INFO - [2022-03-23 18:55:41,274] {dag.py:2396} INFO - Sync 1 DAGs
[2022-03-23 18:55:41,288] {logging_mixin.py:109} INFO - [2022-03-23 18:55:41,288] {dag.py:2935} INFO - Setting next_dagrun for example_xcom to 2021-01-01T00:00:00+00:00
[2022-03-23 18:55:41,303] {processor.py:171} INFO - Processing /home/airflow/env/lib/python3.8/site-packages/airflow/example_dags/example_xcom.py took 0.311 seconds
[2022-03-23 18:56:13,114] {processor.py:163} INFO - Started process (PID=7490) to work on /home/airflow/env/lib/python3.8/site-packages/airflow/example_dags/example_xcom.py
[2022-03-23 18:56:13,115] {processor.py:642} INFO - Processing file /home/airflow/env/lib/python3.8/site-packages/airflow/example_dags/example_xcom.py for tasks to queue
[2022-03-23 18:56:13,116] {logging_mixin.py:109} INFO - [2022-03-23 18:56:13,115] {dagbag.py:500} INFO - Filling up the DagBag from /home/airflow/env/lib/python3.8/site-packages/airflow/example_dags/example_xcom.py
[2022-03-23 18:56:13,137] {processor.py:654} INFO - DAG(s) dict_keys(['example_xcom']) retrieved from /home/airflow/env/lib/python3.8/site-packages/airflow/example_dags/example_xcom.py
[2022-03-23 18:56:13,339] {logging_mixin.py:109} INFO - [2022-03-23 18:56:13,339] {dag.py:2396} INFO - Sync 1 DAGs
[2022-03-23 18:56:13,349] {logging_mixin.py:109} INFO - [2022-03-23 18:56:13,349] {dag.py:2935} INFO - Setting next_dagrun for example_xcom to 2021-01-01T00:00:00+00:00
[2022-03-23 18:56:13,370] {processor.py:171} INFO - Processing /home/airflow/env/lib/python3.8/site-packages/airflow/example_dags/example_xcom.py took 0.258 seconds
[2022-03-23 18:56:47,629] {processor.py:163} INFO - Started process (PID=7523) to work on /home/airflow/env/lib/python3.8/site-packages/airflow/example_dags/example_xcom.py
[2022-03-23 18:56:47,630] {processor.py:642} INFO - Processing file /home/airflow/env/lib/python3.8/site-packages/airflow/example_dags/example_xcom.py for tasks to queue
[2022-03-23 18:56:47,630] {logging_mixin.py:109} INFO - [2022-03-23 18:56:47,630] {dagbag.py:500} INFO - Filling up the DagBag from /home/airflow/env/lib/python3.8/site-packages/airflow/example_dags/example_xcom.py
[2022-03-23 18:56:47,653] {processor.py:654} INFO - DAG(s) dict_keys(['example_xcom']) retrieved from /home/airflow/env/lib/python3.8/site-packages/airflow/example_dags/example_xcom.py
[2022-03-23 18:56:47,902] {logging_mixin.py:109} INFO - [2022-03-23 18:56:47,902] {dag.py:2396} INFO - Sync 1 DAGs
[2022-03-23 18:56:47,916] {logging_mixin.py:109} INFO - [2022-03-23 18:56:47,916] {dag.py:2935} INFO - Setting next_dagrun for example_xcom to 2021-01-01T00:00:00+00:00
[2022-03-23 18:56:47,935] {processor.py:171} INFO - Processing /home/airflow/env/lib/python3.8/site-packages/airflow/example_dags/example_xcom.py took 0.309 seconds
[2022-03-23 18:57:20,020] {processor.py:163} INFO - Started process (PID=7556) to work on /home/airflow/env/lib/python3.8/site-packages/airflow/example_dags/example_xcom.py
[2022-03-23 18:57:20,064] {processor.py:642} INFO - Processing file /home/airflow/env/lib/python3.8/site-packages/airflow/example_dags/example_xcom.py for tasks to queue
[2022-03-23 18:57:20,065] {logging_mixin.py:109} INFO - [2022-03-23 18:57:20,065] {dagbag.py:500} INFO - Filling up the DagBag from /home/airflow/env/lib/python3.8/site-packages/airflow/example_dags/example_xcom.py
[2022-03-23 18:57:20,186] {processor.py:654} INFO - DAG(s) dict_keys(['example_xcom']) retrieved from /home/airflow/env/lib/python3.8/site-packages/airflow/example_dags/example_xcom.py
[2022-03-23 18:57:21,112] {logging_mixin.py:109} INFO - [2022-03-23 18:57:21,112] {dag.py:2396} INFO - Sync 1 DAGs
[2022-03-23 18:57:21,167] {logging_mixin.py:109} INFO - [2022-03-23 18:57:21,167] {dag.py:2935} INFO - Setting next_dagrun for example_xcom to 2021-01-01T00:00:00+00:00
[2022-03-23 18:57:21,257] {processor.py:171} INFO - Processing /home/airflow/env/lib/python3.8/site-packages/airflow/example_dags/example_xcom.py took 1.249 seconds
[2022-03-23 18:57:57,229] {processor.py:163} INFO - Started process (PID=7618) to work on /home/airflow/env/lib/python3.8/site-packages/airflow/example_dags/example_xcom.py
[2022-03-23 18:57:57,231] {processor.py:642} INFO - Processing file /home/airflow/env/lib/python3.8/site-packages/airflow/example_dags/example_xcom.py for tasks to queue
[2022-03-23 18:57:57,231] {logging_mixin.py:109} INFO - [2022-03-23 18:57:57,231] {dagbag.py:500} INFO - Filling up the DagBag from /home/airflow/env/lib/python3.8/site-packages/airflow/example_dags/example_xcom.py
[2022-03-23 18:57:57,254] {processor.py:654} INFO - DAG(s) dict_keys(['example_xcom']) retrieved from /home/airflow/env/lib/python3.8/site-packages/airflow/example_dags/example_xcom.py
[2022-03-23 18:57:57,440] {logging_mixin.py:109} INFO - [2022-03-23 18:57:57,440] {dag.py:2396} INFO - Sync 1 DAGs
[2022-03-23 18:57:57,451] {logging_mixin.py:109} INFO - [2022-03-23 18:57:57,451] {dag.py:2935} INFO - Setting next_dagrun for example_xcom to 2021-01-01T00:00:00+00:00
[2022-03-23 18:57:57,471] {processor.py:171} INFO - Processing /home/airflow/env/lib/python3.8/site-packages/airflow/example_dags/example_xcom.py took 0.248 seconds
[2022-03-23 18:58:42,812] {processor.py:163} INFO - Started process (PID=7814) to work on /home/airflow/env/lib/python3.8/site-packages/airflow/example_dags/example_xcom.py
[2022-03-23 18:58:42,875] {processor.py:642} INFO - Processing file /home/airflow/env/lib/python3.8/site-packages/airflow/example_dags/example_xcom.py for tasks to queue
[2022-03-23 18:58:42,876] {logging_mixin.py:109} INFO - [2022-03-23 18:58:42,876] {dagbag.py:500} INFO - Filling up the DagBag from /home/airflow/env/lib/python3.8/site-packages/airflow/example_dags/example_xcom.py
[2022-03-23 18:58:42,979] {processor.py:654} INFO - DAG(s) dict_keys(['example_xcom']) retrieved from /home/airflow/env/lib/python3.8/site-packages/airflow/example_dags/example_xcom.py
[2022-03-23 18:58:44,060] {logging_mixin.py:109} INFO - [2022-03-23 18:58:44,060] {dag.py:2396} INFO - Sync 1 DAGs
[2022-03-23 18:58:44,149] {logging_mixin.py:109} INFO - [2022-03-23 18:58:44,149] {dag.py:2935} INFO - Setting next_dagrun for example_xcom to 2021-01-01T00:00:00+00:00
[2022-03-23 18:58:44,266] {processor.py:171} INFO - Processing /home/airflow/env/lib/python3.8/site-packages/airflow/example_dags/example_xcom.py took 1.457 seconds
[2022-03-23 18:59:18,744] {processor.py:163} INFO - Started process (PID=7886) to work on /home/airflow/env/lib/python3.8/site-packages/airflow/example_dags/example_xcom.py
[2022-03-23 18:59:18,745] {processor.py:642} INFO - Processing file /home/airflow/env/lib/python3.8/site-packages/airflow/example_dags/example_xcom.py for tasks to queue
[2022-03-23 18:59:18,745] {logging_mixin.py:109} INFO - [2022-03-23 18:59:18,745] {dagbag.py:500} INFO - Filling up the DagBag from /home/airflow/env/lib/python3.8/site-packages/airflow/example_dags/example_xcom.py
[2022-03-23 18:59:18,774] {processor.py:654} INFO - DAG(s) dict_keys(['example_xcom']) retrieved from /home/airflow/env/lib/python3.8/site-packages/airflow/example_dags/example_xcom.py
[2022-03-23 18:59:19,023] {logging_mixin.py:109} INFO - [2022-03-23 18:59:19,023] {dag.py:2396} INFO - Sync 1 DAGs
[2022-03-23 18:59:19,040] {logging_mixin.py:109} INFO - [2022-03-23 18:59:19,040] {dag.py:2935} INFO - Setting next_dagrun for example_xcom to 2021-01-01T00:00:00+00:00
[2022-03-23 18:59:19,062] {processor.py:171} INFO - Processing /home/airflow/env/lib/python3.8/site-packages/airflow/example_dags/example_xcom.py took 0.321 seconds
[2022-03-23 18:59:55,683] {processor.py:163} INFO - Started process (PID=8060) to work on /home/airflow/env/lib/python3.8/site-packages/airflow/example_dags/example_xcom.py
[2022-03-23 18:59:55,698] {processor.py:642} INFO - Processing file /home/airflow/env/lib/python3.8/site-packages/airflow/example_dags/example_xcom.py for tasks to queue
[2022-03-23 18:59:55,706] {logging_mixin.py:109} INFO - [2022-03-23 18:59:55,705] {dagbag.py:500} INFO - Filling up the DagBag from /home/airflow/env/lib/python3.8/site-packages/airflow/example_dags/example_xcom.py
[2022-03-23 18:59:55,850] {processor.py:654} INFO - DAG(s) dict_keys(['example_xcom']) retrieved from /home/airflow/env/lib/python3.8/site-packages/airflow/example_dags/example_xcom.py
[2022-03-23 18:59:57,019] {logging_mixin.py:109} INFO - [2022-03-23 18:59:57,019] {dag.py:2396} INFO - Sync 1 DAGs
[2022-03-23 18:59:57,181] {logging_mixin.py:109} INFO - [2022-03-23 18:59:57,181] {dag.py:2935} INFO - Setting next_dagrun for example_xcom to 2021-01-01T00:00:00+00:00
[2022-03-23 18:59:57,246] {processor.py:171} INFO - Processing /home/airflow/env/lib/python3.8/site-packages/airflow/example_dags/example_xcom.py took 1.581 seconds
[2022-03-23 19:00:37,114] {processor.py:163} INFO - Started process (PID=8342) to work on /home/airflow/env/lib/python3.8/site-packages/airflow/example_dags/example_xcom.py
[2022-03-23 19:00:37,116] {processor.py:642} INFO - Processing file /home/airflow/env/lib/python3.8/site-packages/airflow/example_dags/example_xcom.py for tasks to queue
[2022-03-23 19:00:37,116] {logging_mixin.py:109} INFO - [2022-03-23 19:00:37,116] {dagbag.py:500} INFO - Filling up the DagBag from /home/airflow/env/lib/python3.8/site-packages/airflow/example_dags/example_xcom.py
[2022-03-23 19:00:37,141] {processor.py:654} INFO - DAG(s) dict_keys(['example_xcom']) retrieved from /home/airflow/env/lib/python3.8/site-packages/airflow/example_dags/example_xcom.py
[2022-03-23 19:00:37,494] {logging_mixin.py:109} INFO - [2022-03-23 19:00:37,494] {dag.py:2396} INFO - Sync 1 DAGs
[2022-03-23 19:00:37,506] {logging_mixin.py:109} INFO - [2022-03-23 19:00:37,506] {dag.py:2935} INFO - Setting next_dagrun for example_xcom to 2021-01-01T00:00:00+00:00
[2022-03-23 19:00:37,522] {processor.py:171} INFO - Processing /home/airflow/env/lib/python3.8/site-packages/airflow/example_dags/example_xcom.py took 0.410 seconds
[2022-03-23 19:01:14,932] {processor.py:163} INFO - Started process (PID=8452) to work on /home/airflow/env/lib/python3.8/site-packages/airflow/example_dags/example_xcom.py
[2022-03-23 19:01:14,934] {processor.py:642} INFO - Processing file /home/airflow/env/lib/python3.8/site-packages/airflow/example_dags/example_xcom.py for tasks to queue
[2022-03-23 19:01:14,934] {logging_mixin.py:109} INFO - [2022-03-23 19:01:14,934] {dagbag.py:500} INFO - Filling up the DagBag from /home/airflow/env/lib/python3.8/site-packages/airflow/example_dags/example_xcom.py
[2022-03-23 19:01:14,963] {processor.py:654} INFO - DAG(s) dict_keys(['example_xcom']) retrieved from /home/airflow/env/lib/python3.8/site-packages/airflow/example_dags/example_xcom.py
[2022-03-23 19:01:15,233] {logging_mixin.py:109} INFO - [2022-03-23 19:01:15,233] {dag.py:2396} INFO - Sync 1 DAGs
[2022-03-23 19:01:15,247] {logging_mixin.py:109} INFO - [2022-03-23 19:01:15,247] {dag.py:2935} INFO - Setting next_dagrun for example_xcom to 2021-01-01T00:00:00+00:00
[2022-03-23 19:01:15,263] {processor.py:171} INFO - Processing /home/airflow/env/lib/python3.8/site-packages/airflow/example_dags/example_xcom.py took 0.333 seconds
[2022-03-23 19:01:47,830] {processor.py:163} INFO - Started process (PID=8498) to work on /home/airflow/env/lib/python3.8/site-packages/airflow/example_dags/example_xcom.py
[2022-03-23 19:01:47,832] {processor.py:642} INFO - Processing file /home/airflow/env/lib/python3.8/site-packages/airflow/example_dags/example_xcom.py for tasks to queue
[2022-03-23 19:01:47,832] {logging_mixin.py:109} INFO - [2022-03-23 19:01:47,832] {dagbag.py:500} INFO - Filling up the DagBag from /home/airflow/env/lib/python3.8/site-packages/airflow/example_dags/example_xcom.py
[2022-03-23 19:01:47,856] {processor.py:654} INFO - DAG(s) dict_keys(['example_xcom']) retrieved from /home/airflow/env/lib/python3.8/site-packages/airflow/example_dags/example_xcom.py
[2022-03-23 19:01:48,081] {logging_mixin.py:109} INFO - [2022-03-23 19:01:48,081] {dag.py:2396} INFO - Sync 1 DAGs
[2022-03-23 19:01:48,090] {logging_mixin.py:109} INFO - [2022-03-23 19:01:48,090] {dag.py:2935} INFO - Setting next_dagrun for example_xcom to 2021-01-01T00:00:00+00:00
[2022-03-23 19:01:48,109] {processor.py:171} INFO - Processing /home/airflow/env/lib/python3.8/site-packages/airflow/example_dags/example_xcom.py took 0.281 seconds
[2022-03-23 19:02:22,661] {processor.py:163} INFO - Started process (PID=8594) to work on /home/airflow/env/lib/python3.8/site-packages/airflow/example_dags/example_xcom.py
[2022-03-23 19:02:22,663] {processor.py:642} INFO - Processing file /home/airflow/env/lib/python3.8/site-packages/airflow/example_dags/example_xcom.py for tasks to queue
[2022-03-23 19:02:22,663] {logging_mixin.py:109} INFO - [2022-03-23 19:02:22,663] {dagbag.py:500} INFO - Filling up the DagBag from /home/airflow/env/lib/python3.8/site-packages/airflow/example_dags/example_xcom.py
[2022-03-23 19:02:22,781] {processor.py:654} INFO - DAG(s) dict_keys(['example_xcom']) retrieved from /home/airflow/env/lib/python3.8/site-packages/airflow/example_dags/example_xcom.py
[2022-03-23 19:02:23,648] {logging_mixin.py:109} INFO - [2022-03-23 19:02:23,648] {dag.py:2396} INFO - Sync 1 DAGs
[2022-03-23 19:02:23,694] {logging_mixin.py:109} INFO - [2022-03-23 19:02:23,693] {dag.py:2935} INFO - Setting next_dagrun for example_xcom to 2021-01-01T00:00:00+00:00
[2022-03-23 19:02:23,726] {processor.py:171} INFO - Processing /home/airflow/env/lib/python3.8/site-packages/airflow/example_dags/example_xcom.py took 1.079 seconds
[2022-03-23 19:02:57,052] {processor.py:163} INFO - Started process (PID=8713) to work on /home/airflow/env/lib/python3.8/site-packages/airflow/example_dags/example_xcom.py
[2022-03-23 19:02:57,053] {processor.py:642} INFO - Processing file /home/airflow/env/lib/python3.8/site-packages/airflow/example_dags/example_xcom.py for tasks to queue
[2022-03-23 19:02:57,054] {logging_mixin.py:109} INFO - [2022-03-23 19:02:57,054] {dagbag.py:500} INFO - Filling up the DagBag from /home/airflow/env/lib/python3.8/site-packages/airflow/example_dags/example_xcom.py
[2022-03-23 19:02:57,082] {processor.py:654} INFO - DAG(s) dict_keys(['example_xcom']) retrieved from /home/airflow/env/lib/python3.8/site-packages/airflow/example_dags/example_xcom.py
[2022-03-23 19:02:57,278] {logging_mixin.py:109} INFO - [2022-03-23 19:02:57,278] {dag.py:2396} INFO - Sync 1 DAGs
[2022-03-23 19:02:57,290] {logging_mixin.py:109} INFO - [2022-03-23 19:02:57,289] {dag.py:2935} INFO - Setting next_dagrun for example_xcom to 2021-01-01T00:00:00+00:00
[2022-03-23 19:02:57,307] {processor.py:171} INFO - Processing /home/airflow/env/lib/python3.8/site-packages/airflow/example_dags/example_xcom.py took 0.258 seconds
[2022-03-23 19:03:32,735] {processor.py:163} INFO - Started process (PID=8801) to work on /home/airflow/env/lib/python3.8/site-packages/airflow/example_dags/example_xcom.py
[2022-03-23 19:03:32,737] {processor.py:642} INFO - Processing file /home/airflow/env/lib/python3.8/site-packages/airflow/example_dags/example_xcom.py for tasks to queue
[2022-03-23 19:03:32,738] {logging_mixin.py:109} INFO - [2022-03-23 19:03:32,738] {dagbag.py:500} INFO - Filling up the DagBag from /home/airflow/env/lib/python3.8/site-packages/airflow/example_dags/example_xcom.py
[2022-03-23 19:03:32,772] {processor.py:654} INFO - DAG(s) dict_keys(['example_xcom']) retrieved from /home/airflow/env/lib/python3.8/site-packages/airflow/example_dags/example_xcom.py
[2022-03-23 19:03:33,344] {logging_mixin.py:109} INFO - [2022-03-23 19:03:33,344] {dag.py:2396} INFO - Sync 1 DAGs
[2022-03-23 19:03:33,356] {logging_mixin.py:109} INFO - [2022-03-23 19:03:33,356] {dag.py:2935} INFO - Setting next_dagrun for example_xcom to 2021-01-01T00:00:00+00:00
[2022-03-23 19:03:33,385] {processor.py:171} INFO - Processing /home/airflow/env/lib/python3.8/site-packages/airflow/example_dags/example_xcom.py took 0.653 seconds
[2022-03-23 19:04:10,667] {processor.py:163} INFO - Started process (PID=8950) to work on /home/airflow/env/lib/python3.8/site-packages/airflow/example_dags/example_xcom.py
[2022-03-23 19:04:10,669] {processor.py:642} INFO - Processing file /home/airflow/env/lib/python3.8/site-packages/airflow/example_dags/example_xcom.py for tasks to queue
[2022-03-23 19:04:10,670] {logging_mixin.py:109} INFO - [2022-03-23 19:04:10,669] {dagbag.py:500} INFO - Filling up the DagBag from /home/airflow/env/lib/python3.8/site-packages/airflow/example_dags/example_xcom.py
[2022-03-23 19:04:10,702] {processor.py:654} INFO - DAG(s) dict_keys(['example_xcom']) retrieved from /home/airflow/env/lib/python3.8/site-packages/airflow/example_dags/example_xcom.py
[2022-03-23 19:04:10,956] {logging_mixin.py:109} INFO - [2022-03-23 19:04:10,956] {dag.py:2396} INFO - Sync 1 DAGs
[2022-03-23 19:04:10,967] {logging_mixin.py:109} INFO - [2022-03-23 19:04:10,967] {dag.py:2935} INFO - Setting next_dagrun for example_xcom to 2021-01-01T00:00:00+00:00
[2022-03-23 19:04:10,995] {processor.py:171} INFO - Processing /home/airflow/env/lib/python3.8/site-packages/airflow/example_dags/example_xcom.py took 0.331 seconds
[2022-03-23 19:04:52,476] {processor.py:163} INFO - Started process (PID=9069) to work on /home/airflow/env/lib/python3.8/site-packages/airflow/example_dags/example_xcom.py
[2022-03-23 19:04:52,593] {processor.py:642} INFO - Processing file /home/airflow/env/lib/python3.8/site-packages/airflow/example_dags/example_xcom.py for tasks to queue
[2022-03-23 19:04:52,594] {logging_mixin.py:109} INFO - [2022-03-23 19:04:52,594] {dagbag.py:500} INFO - Filling up the DagBag from /home/airflow/env/lib/python3.8/site-packages/airflow/example_dags/example_xcom.py
[2022-03-23 19:04:52,696] {processor.py:654} INFO - DAG(s) dict_keys(['example_xcom']) retrieved from /home/airflow/env/lib/python3.8/site-packages/airflow/example_dags/example_xcom.py
[2022-03-23 19:04:53,616] {logging_mixin.py:109} INFO - [2022-03-23 19:04:53,616] {dag.py:2396} INFO - Sync 1 DAGs
[2022-03-23 19:04:53,825] {logging_mixin.py:109} INFO - [2022-03-23 19:04:53,825] {dag.py:2935} INFO - Setting next_dagrun for example_xcom to 2021-01-01T00:00:00+00:00
[2022-03-23 19:04:55,370] {processor.py:171} INFO - Processing /home/airflow/env/lib/python3.8/site-packages/airflow/example_dags/example_xcom.py took 2.901 seconds
[2022-03-23 19:05:37,250] {processor.py:163} INFO - Started process (PID=9171) to work on /home/airflow/env/lib/python3.8/site-packages/airflow/example_dags/example_xcom.py
[2022-03-23 19:05:37,255] {processor.py:642} INFO - Processing file /home/airflow/env/lib/python3.8/site-packages/airflow/example_dags/example_xcom.py for tasks to queue
[2022-03-23 19:05:37,256] {logging_mixin.py:109} INFO - [2022-03-23 19:05:37,256] {dagbag.py:500} INFO - Filling up the DagBag from /home/airflow/env/lib/python3.8/site-packages/airflow/example_dags/example_xcom.py
[2022-03-23 19:05:37,286] {processor.py:654} INFO - DAG(s) dict_keys(['example_xcom']) retrieved from /home/airflow/env/lib/python3.8/site-packages/airflow/example_dags/example_xcom.py
[2022-03-23 19:05:37,528] {logging_mixin.py:109} INFO - [2022-03-23 19:05:37,528] {dag.py:2396} INFO - Sync 1 DAGs
[2022-03-23 19:05:37,539] {logging_mixin.py:109} INFO - [2022-03-23 19:05:37,539] {dag.py:2935} INFO - Setting next_dagrun for example_xcom to 2021-01-01T00:00:00+00:00
[2022-03-23 19:05:37,603] {processor.py:171} INFO - Processing /home/airflow/env/lib/python3.8/site-packages/airflow/example_dags/example_xcom.py took 0.357 seconds
[2022-03-23 19:06:14,372] {processor.py:163} INFO - Started process (PID=9207) to work on /home/airflow/env/lib/python3.8/site-packages/airflow/example_dags/example_xcom.py
[2022-03-23 19:06:14,374] {processor.py:642} INFO - Processing file /home/airflow/env/lib/python3.8/site-packages/airflow/example_dags/example_xcom.py for tasks to queue
[2022-03-23 19:06:14,374] {logging_mixin.py:109} INFO - [2022-03-23 19:06:14,374] {dagbag.py:500} INFO - Filling up the DagBag from /home/airflow/env/lib/python3.8/site-packages/airflow/example_dags/example_xcom.py
[2022-03-23 19:06:14,400] {processor.py:654} INFO - DAG(s) dict_keys(['example_xcom']) retrieved from /home/airflow/env/lib/python3.8/site-packages/airflow/example_dags/example_xcom.py
[2022-03-23 19:06:14,703] {logging_mixin.py:109} INFO - [2022-03-23 19:06:14,703] {dag.py:2396} INFO - Sync 1 DAGs
[2022-03-23 19:06:14,722] {logging_mixin.py:109} INFO - [2022-03-23 19:06:14,721] {dag.py:2935} INFO - Setting next_dagrun for example_xcom to 2021-01-01T00:00:00+00:00
[2022-03-23 19:06:14,748] {processor.py:171} INFO - Processing /home/airflow/env/lib/python3.8/site-packages/airflow/example_dags/example_xcom.py took 0.378 seconds
[2022-03-23 19:06:49,244] {processor.py:163} INFO - Started process (PID=9240) to work on /home/airflow/env/lib/python3.8/site-packages/airflow/example_dags/example_xcom.py
[2022-03-23 19:06:49,246] {processor.py:642} INFO - Processing file /home/airflow/env/lib/python3.8/site-packages/airflow/example_dags/example_xcom.py for tasks to queue
[2022-03-23 19:06:49,247] {logging_mixin.py:109} INFO - [2022-03-23 19:06:49,246] {dagbag.py:500} INFO - Filling up the DagBag from /home/airflow/env/lib/python3.8/site-packages/airflow/example_dags/example_xcom.py
[2022-03-23 19:06:49,273] {processor.py:654} INFO - DAG(s) dict_keys(['example_xcom']) retrieved from /home/airflow/env/lib/python3.8/site-packages/airflow/example_dags/example_xcom.py
[2022-03-23 19:06:49,505] {logging_mixin.py:109} INFO - [2022-03-23 19:06:49,505] {dag.py:2396} INFO - Sync 1 DAGs
[2022-03-23 19:06:49,517] {logging_mixin.py:109} INFO - [2022-03-23 19:06:49,516] {dag.py:2935} INFO - Setting next_dagrun for example_xcom to 2021-01-01T00:00:00+00:00
[2022-03-23 19:06:49,532] {processor.py:171} INFO - Processing /home/airflow/env/lib/python3.8/site-packages/airflow/example_dags/example_xcom.py took 0.291 seconds
[2022-03-23 19:07:22,054] {processor.py:163} INFO - Started process (PID=9273) to work on /home/airflow/env/lib/python3.8/site-packages/airflow/example_dags/example_xcom.py
[2022-03-23 19:07:22,056] {processor.py:642} INFO - Processing file /home/airflow/env/lib/python3.8/site-packages/airflow/example_dags/example_xcom.py for tasks to queue
[2022-03-23 19:07:22,057] {logging_mixin.py:109} INFO - [2022-03-23 19:07:22,057] {dagbag.py:500} INFO - Filling up the DagBag from /home/airflow/env/lib/python3.8/site-packages/airflow/example_dags/example_xcom.py
[2022-03-23 19:07:22,077] {processor.py:654} INFO - DAG(s) dict_keys(['example_xcom']) retrieved from /home/airflow/env/lib/python3.8/site-packages/airflow/example_dags/example_xcom.py
[2022-03-23 19:07:22,304] {logging_mixin.py:109} INFO - [2022-03-23 19:07:22,304] {dag.py:2396} INFO - Sync 1 DAGs
[2022-03-23 19:07:22,314] {logging_mixin.py:109} INFO - [2022-03-23 19:07:22,314] {dag.py:2935} INFO - Setting next_dagrun for example_xcom to 2021-01-01T00:00:00+00:00
[2022-03-23 19:07:22,332] {processor.py:171} INFO - Processing /home/airflow/env/lib/python3.8/site-packages/airflow/example_dags/example_xcom.py took 0.280 seconds
[2022-03-23 19:07:56,090] {processor.py:163} INFO - Started process (PID=9307) to work on /home/airflow/env/lib/python3.8/site-packages/airflow/example_dags/example_xcom.py
[2022-03-23 19:07:56,091] {processor.py:642} INFO - Processing file /home/airflow/env/lib/python3.8/site-packages/airflow/example_dags/example_xcom.py for tasks to queue
[2022-03-23 19:07:56,091] {logging_mixin.py:109} INFO - [2022-03-23 19:07:56,091] {dagbag.py:500} INFO - Filling up the DagBag from /home/airflow/env/lib/python3.8/site-packages/airflow/example_dags/example_xcom.py
[2022-03-23 19:07:56,113] {processor.py:654} INFO - DAG(s) dict_keys(['example_xcom']) retrieved from /home/airflow/env/lib/python3.8/site-packages/airflow/example_dags/example_xcom.py
[2022-03-23 19:07:56,311] {logging_mixin.py:109} INFO - [2022-03-23 19:07:56,311] {dag.py:2396} INFO - Sync 1 DAGs
[2022-03-23 19:07:56,321] {logging_mixin.py:109} INFO - [2022-03-23 19:07:56,321] {dag.py:2935} INFO - Setting next_dagrun for example_xcom to 2021-01-01T00:00:00+00:00
[2022-03-23 19:07:56,338] {processor.py:171} INFO - Processing /home/airflow/env/lib/python3.8/site-packages/airflow/example_dags/example_xcom.py took 0.251 seconds
[2022-03-23 19:08:29,530] {processor.py:163} INFO - Started process (PID=9339) to work on /home/airflow/env/lib/python3.8/site-packages/airflow/example_dags/example_xcom.py
[2022-03-23 19:08:29,532] {processor.py:642} INFO - Processing file /home/airflow/env/lib/python3.8/site-packages/airflow/example_dags/example_xcom.py for tasks to queue
[2022-03-23 19:08:29,533] {logging_mixin.py:109} INFO - [2022-03-23 19:08:29,533] {dagbag.py:500} INFO - Filling up the DagBag from /home/airflow/env/lib/python3.8/site-packages/airflow/example_dags/example_xcom.py
[2022-03-23 19:08:29,570] {processor.py:654} INFO - DAG(s) dict_keys(['example_xcom']) retrieved from /home/airflow/env/lib/python3.8/site-packages/airflow/example_dags/example_xcom.py
[2022-03-23 19:08:29,885] {logging_mixin.py:109} INFO - [2022-03-23 19:08:29,885] {dag.py:2396} INFO - Sync 1 DAGs
[2022-03-23 19:08:29,896] {logging_mixin.py:109} INFO - [2022-03-23 19:08:29,896] {dag.py:2935} INFO - Setting next_dagrun for example_xcom to 2021-01-01T00:00:00+00:00
[2022-03-23 19:08:29,915] {processor.py:171} INFO - Processing /home/airflow/env/lib/python3.8/site-packages/airflow/example_dags/example_xcom.py took 0.389 seconds
[2022-03-23 19:09:03,347] {processor.py:163} INFO - Started process (PID=9373) to work on /home/airflow/env/lib/python3.8/site-packages/airflow/example_dags/example_xcom.py
[2022-03-23 19:09:03,354] {processor.py:642} INFO - Processing file /home/airflow/env/lib/python3.8/site-packages/airflow/example_dags/example_xcom.py for tasks to queue
[2022-03-23 19:09:03,358] {logging_mixin.py:109} INFO - [2022-03-23 19:09:03,358] {dagbag.py:500} INFO - Filling up the DagBag from /home/airflow/env/lib/python3.8/site-packages/airflow/example_dags/example_xcom.py
[2022-03-23 19:09:03,446] {processor.py:654} INFO - DAG(s) dict_keys(['example_xcom']) retrieved from /home/airflow/env/lib/python3.8/site-packages/airflow/example_dags/example_xcom.py
[2022-03-23 19:09:04,782] {logging_mixin.py:109} INFO - [2022-03-23 19:09:04,782] {dag.py:2396} INFO - Sync 1 DAGs
[2022-03-23 19:09:04,855] {logging_mixin.py:109} INFO - [2022-03-23 19:09:04,855] {dag.py:2935} INFO - Setting next_dagrun for example_xcom to 2021-01-01T00:00:00+00:00
[2022-03-23 19:09:04,925] {processor.py:171} INFO - Processing /home/airflow/env/lib/python3.8/site-packages/airflow/example_dags/example_xcom.py took 1.588 seconds
[2022-03-23 19:09:40,207] {processor.py:163} INFO - Started process (PID=9403) to work on /home/airflow/env/lib/python3.8/site-packages/airflow/example_dags/example_xcom.py
[2022-03-23 19:09:40,209] {processor.py:642} INFO - Processing file /home/airflow/env/lib/python3.8/site-packages/airflow/example_dags/example_xcom.py for tasks to queue
[2022-03-23 19:09:40,209] {logging_mixin.py:109} INFO - [2022-03-23 19:09:40,209] {dagbag.py:500} INFO - Filling up the DagBag from /home/airflow/env/lib/python3.8/site-packages/airflow/example_dags/example_xcom.py
[2022-03-23 19:09:40,234] {processor.py:654} INFO - DAG(s) dict_keys(['example_xcom']) retrieved from /home/airflow/env/lib/python3.8/site-packages/airflow/example_dags/example_xcom.py
[2022-03-23 19:09:40,465] {logging_mixin.py:109} INFO - [2022-03-23 19:09:40,465] {dag.py:2396} INFO - Sync 1 DAGs
[2022-03-23 19:09:40,477] {logging_mixin.py:109} INFO - [2022-03-23 19:09:40,477] {dag.py:2935} INFO - Setting next_dagrun for example_xcom to 2021-01-01T00:00:00+00:00
[2022-03-23 19:09:40,495] {processor.py:171} INFO - Processing /home/airflow/env/lib/python3.8/site-packages/airflow/example_dags/example_xcom.py took 0.290 seconds
[2022-03-23 19:10:13,786] {processor.py:163} INFO - Started process (PID=9435) to work on /home/airflow/env/lib/python3.8/site-packages/airflow/example_dags/example_xcom.py
[2022-03-23 19:10:13,787] {processor.py:642} INFO - Processing file /home/airflow/env/lib/python3.8/site-packages/airflow/example_dags/example_xcom.py for tasks to queue
[2022-03-23 19:10:13,787] {logging_mixin.py:109} INFO - [2022-03-23 19:10:13,787] {dagbag.py:500} INFO - Filling up the DagBag from /home/airflow/env/lib/python3.8/site-packages/airflow/example_dags/example_xcom.py
[2022-03-23 19:10:13,813] {processor.py:654} INFO - DAG(s) dict_keys(['example_xcom']) retrieved from /home/airflow/env/lib/python3.8/site-packages/airflow/example_dags/example_xcom.py
[2022-03-23 19:10:14,037] {logging_mixin.py:109} INFO - [2022-03-23 19:10:14,037] {dag.py:2396} INFO - Sync 1 DAGs
[2022-03-23 19:10:14,048] {logging_mixin.py:109} INFO - [2022-03-23 19:10:14,047] {dag.py:2935} INFO - Setting next_dagrun for example_xcom to 2021-01-01T00:00:00+00:00
[2022-03-23 19:10:14,067] {processor.py:171} INFO - Processing /home/airflow/env/lib/python3.8/site-packages/airflow/example_dags/example_xcom.py took 0.284 seconds
[2022-03-23 19:10:46,147] {processor.py:163} INFO - Started process (PID=9525) to work on /home/airflow/env/lib/python3.8/site-packages/airflow/example_dags/example_xcom.py
[2022-03-23 19:10:46,148] {processor.py:642} INFO - Processing file /home/airflow/env/lib/python3.8/site-packages/airflow/example_dags/example_xcom.py for tasks to queue
[2022-03-23 19:10:46,149] {logging_mixin.py:109} INFO - [2022-03-23 19:10:46,149] {dagbag.py:500} INFO - Filling up the DagBag from /home/airflow/env/lib/python3.8/site-packages/airflow/example_dags/example_xcom.py
[2022-03-23 19:10:46,175] {processor.py:654} INFO - DAG(s) dict_keys(['example_xcom']) retrieved from /home/airflow/env/lib/python3.8/site-packages/airflow/example_dags/example_xcom.py
[2022-03-23 19:10:46,429] {logging_mixin.py:109} INFO - [2022-03-23 19:10:46,429] {dag.py:2396} INFO - Sync 1 DAGs
[2022-03-23 19:10:46,442] {logging_mixin.py:109} INFO - [2022-03-23 19:10:46,442] {dag.py:2935} INFO - Setting next_dagrun for example_xcom to 2021-01-01T00:00:00+00:00
[2022-03-23 19:10:46,460] {processor.py:171} INFO - Processing /home/airflow/env/lib/python3.8/site-packages/airflow/example_dags/example_xcom.py took 0.315 seconds
[2022-03-23 19:11:22,014] {processor.py:163} INFO - Started process (PID=9559) to work on /home/airflow/env/lib/python3.8/site-packages/airflow/example_dags/example_xcom.py
[2022-03-23 19:11:22,015] {processor.py:642} INFO - Processing file /home/airflow/env/lib/python3.8/site-packages/airflow/example_dags/example_xcom.py for tasks to queue
[2022-03-23 19:11:22,016] {logging_mixin.py:109} INFO - [2022-03-23 19:11:22,016] {dagbag.py:500} INFO - Filling up the DagBag from /home/airflow/env/lib/python3.8/site-packages/airflow/example_dags/example_xcom.py
[2022-03-23 19:11:22,040] {processor.py:654} INFO - DAG(s) dict_keys(['example_xcom']) retrieved from /home/airflow/env/lib/python3.8/site-packages/airflow/example_dags/example_xcom.py
[2022-03-23 19:11:22,260] {logging_mixin.py:109} INFO - [2022-03-23 19:11:22,260] {dag.py:2396} INFO - Sync 1 DAGs
[2022-03-23 19:11:22,273] {logging_mixin.py:109} INFO - [2022-03-23 19:11:22,273] {dag.py:2935} INFO - Setting next_dagrun for example_xcom to 2021-01-01T00:00:00+00:00
[2022-03-23 19:11:22,298] {processor.py:171} INFO - Processing /home/airflow/env/lib/python3.8/site-packages/airflow/example_dags/example_xcom.py took 0.287 seconds
[2022-03-23 19:11:54,837] {processor.py:163} INFO - Started process (PID=9601) to work on /home/airflow/env/lib/python3.8/site-packages/airflow/example_dags/example_xcom.py
[2022-03-23 19:11:54,838] {processor.py:642} INFO - Processing file /home/airflow/env/lib/python3.8/site-packages/airflow/example_dags/example_xcom.py for tasks to queue
[2022-03-23 19:11:54,839] {logging_mixin.py:109} INFO - [2022-03-23 19:11:54,839] {dagbag.py:500} INFO - Filling up the DagBag from /home/airflow/env/lib/python3.8/site-packages/airflow/example_dags/example_xcom.py
[2022-03-23 19:11:54,871] {processor.py:654} INFO - DAG(s) dict_keys(['example_xcom']) retrieved from /home/airflow/env/lib/python3.8/site-packages/airflow/example_dags/example_xcom.py
[2022-03-23 19:11:55,159] {logging_mixin.py:109} INFO - [2022-03-23 19:11:55,159] {dag.py:2396} INFO - Sync 1 DAGs
[2022-03-23 19:11:55,168] {logging_mixin.py:109} INFO - [2022-03-23 19:11:55,168] {dag.py:2935} INFO - Setting next_dagrun for example_xcom to 2021-01-01T00:00:00+00:00
[2022-03-23 19:11:55,184] {processor.py:171} INFO - Processing /home/airflow/env/lib/python3.8/site-packages/airflow/example_dags/example_xcom.py took 0.350 seconds
[2022-03-23 19:12:29,673] {processor.py:163} INFO - Started process (PID=9724) to work on /home/airflow/env/lib/python3.8/site-packages/airflow/example_dags/example_xcom.py
[2022-03-23 19:12:29,680] {processor.py:642} INFO - Processing file /home/airflow/env/lib/python3.8/site-packages/airflow/example_dags/example_xcom.py for tasks to queue
[2022-03-23 19:12:29,681] {logging_mixin.py:109} INFO - [2022-03-23 19:12:29,681] {dagbag.py:500} INFO - Filling up the DagBag from /home/airflow/env/lib/python3.8/site-packages/airflow/example_dags/example_xcom.py
[2022-03-23 19:12:29,707] {processor.py:654} INFO - DAG(s) dict_keys(['example_xcom']) retrieved from /home/airflow/env/lib/python3.8/site-packages/airflow/example_dags/example_xcom.py
[2022-03-23 19:12:29,928] {logging_mixin.py:109} INFO - [2022-03-23 19:12:29,927] {dag.py:2396} INFO - Sync 1 DAGs
[2022-03-23 19:12:29,940] {logging_mixin.py:109} INFO - [2022-03-23 19:12:29,940] {dag.py:2935} INFO - Setting next_dagrun for example_xcom to 2021-01-01T00:00:00+00:00
[2022-03-23 19:12:29,960] {processor.py:171} INFO - Processing /home/airflow/env/lib/python3.8/site-packages/airflow/example_dags/example_xcom.py took 0.289 seconds
[2022-03-23 19:13:07,408] {processor.py:163} INFO - Started process (PID=9912) to work on /home/airflow/env/lib/python3.8/site-packages/airflow/example_dags/example_xcom.py
[2022-03-23 19:13:07,410] {processor.py:642} INFO - Processing file /home/airflow/env/lib/python3.8/site-packages/airflow/example_dags/example_xcom.py for tasks to queue
[2022-03-23 19:13:07,410] {logging_mixin.py:109} INFO - [2022-03-23 19:13:07,410] {dagbag.py:500} INFO - Filling up the DagBag from /home/airflow/env/lib/python3.8/site-packages/airflow/example_dags/example_xcom.py
[2022-03-23 19:13:07,433] {processor.py:654} INFO - DAG(s) dict_keys(['example_xcom']) retrieved from /home/airflow/env/lib/python3.8/site-packages/airflow/example_dags/example_xcom.py
[2022-03-23 19:13:07,656] {logging_mixin.py:109} INFO - [2022-03-23 19:13:07,656] {dag.py:2396} INFO - Sync 1 DAGs
[2022-03-23 19:13:07,670] {logging_mixin.py:109} INFO - [2022-03-23 19:13:07,669] {dag.py:2935} INFO - Setting next_dagrun for example_xcom to 2021-01-01T00:00:00+00:00
[2022-03-23 19:13:07,687] {processor.py:171} INFO - Processing /home/airflow/env/lib/python3.8/site-packages/airflow/example_dags/example_xcom.py took 0.281 seconds
[2022-03-23 19:13:44,600] {processor.py:163} INFO - Started process (PID=10084) to work on /home/airflow/env/lib/python3.8/site-packages/airflow/example_dags/example_xcom.py
[2022-03-23 19:13:44,601] {processor.py:642} INFO - Processing file /home/airflow/env/lib/python3.8/site-packages/airflow/example_dags/example_xcom.py for tasks to queue
[2022-03-23 19:13:44,602] {logging_mixin.py:109} INFO - [2022-03-23 19:13:44,601] {dagbag.py:500} INFO - Filling up the DagBag from /home/airflow/env/lib/python3.8/site-packages/airflow/example_dags/example_xcom.py
[2022-03-23 19:13:44,625] {processor.py:654} INFO - DAG(s) dict_keys(['example_xcom']) retrieved from /home/airflow/env/lib/python3.8/site-packages/airflow/example_dags/example_xcom.py
[2022-03-23 19:13:44,828] {logging_mixin.py:109} INFO - [2022-03-23 19:13:44,828] {dag.py:2396} INFO - Sync 1 DAGs
[2022-03-23 19:13:44,907] {logging_mixin.py:109} INFO - [2022-03-23 19:13:44,907] {dag.py:2935} INFO - Setting next_dagrun for example_xcom to 2021-01-01T00:00:00+00:00
[2022-03-23 19:13:44,921] {processor.py:171} INFO - Processing /home/airflow/env/lib/python3.8/site-packages/airflow/example_dags/example_xcom.py took 0.324 seconds
