[2022-03-23 18:35:48,857] {processor.py:163} INFO - Started process (PID=5158) to work on /home/airflow/env/lib/python3.8/site-packages/airflow/example_dags/example_external_task_marker_dag.py
[2022-03-23 18:35:48,858] {processor.py:642} INFO - Processing file /home/airflow/env/lib/python3.8/site-packages/airflow/example_dags/example_external_task_marker_dag.py for tasks to queue
[2022-03-23 18:35:48,859] {logging_mixin.py:109} INFO - [2022-03-23 18:35:48,859] {dagbag.py:500} INFO - Filling up the DagBag from /home/airflow/env/lib/python3.8/site-packages/airflow/example_dags/example_external_task_marker_dag.py
[2022-03-23 18:35:48,876] {processor.py:654} INFO - DAG(s) dict_keys(['example_external_task_marker_parent', 'example_external_task_marker_child']) retrieved from /home/airflow/env/lib/python3.8/site-packages/airflow/example_dags/example_external_task_marker_dag.py
[2022-03-23 18:35:48,886] {logging_mixin.py:109} INFO - [2022-03-23 18:35:48,886] {dag.py:2396} INFO - Sync 2 DAGs
[2022-03-23 18:35:48,897] {logging_mixin.py:109} INFO - [2022-03-23 18:35:48,897] {dag.py:2935} INFO - Setting next_dagrun for example_external_task_marker_child to None
[2022-03-23 18:35:48,897] {logging_mixin.py:109} INFO - [2022-03-23 18:35:48,897] {dag.py:2935} INFO - Setting next_dagrun for example_external_task_marker_parent to None
[2022-03-23 18:35:48,916] {processor.py:171} INFO - Processing /home/airflow/env/lib/python3.8/site-packages/airflow/example_dags/example_external_task_marker_dag.py took 0.061 seconds
[2022-03-23 18:36:23,438] {processor.py:163} INFO - Started process (PID=5190) to work on /home/airflow/env/lib/python3.8/site-packages/airflow/example_dags/example_external_task_marker_dag.py
[2022-03-23 18:36:23,439] {processor.py:642} INFO - Processing file /home/airflow/env/lib/python3.8/site-packages/airflow/example_dags/example_external_task_marker_dag.py for tasks to queue
[2022-03-23 18:36:23,440] {logging_mixin.py:109} INFO - [2022-03-23 18:36:23,440] {dagbag.py:500} INFO - Filling up the DagBag from /home/airflow/env/lib/python3.8/site-packages/airflow/example_dags/example_external_task_marker_dag.py
[2022-03-23 18:36:23,458] {processor.py:654} INFO - DAG(s) dict_keys(['example_external_task_marker_parent', 'example_external_task_marker_child']) retrieved from /home/airflow/env/lib/python3.8/site-packages/airflow/example_dags/example_external_task_marker_dag.py
[2022-03-23 18:36:23,470] {logging_mixin.py:109} INFO - [2022-03-23 18:36:23,469] {dag.py:2396} INFO - Sync 2 DAGs
[2022-03-23 18:36:23,481] {logging_mixin.py:109} INFO - [2022-03-23 18:36:23,481] {dag.py:2935} INFO - Setting next_dagrun for example_external_task_marker_child to None
[2022-03-23 18:36:23,481] {logging_mixin.py:109} INFO - [2022-03-23 18:36:23,481] {dag.py:2935} INFO - Setting next_dagrun for example_external_task_marker_parent to None
[2022-03-23 18:36:23,500] {processor.py:171} INFO - Processing /home/airflow/env/lib/python3.8/site-packages/airflow/example_dags/example_external_task_marker_dag.py took 0.065 seconds
[2022-03-23 18:36:55,945] {processor.py:163} INFO - Started process (PID=5313) to work on /home/airflow/env/lib/python3.8/site-packages/airflow/example_dags/example_external_task_marker_dag.py
[2022-03-23 18:36:55,946] {processor.py:642} INFO - Processing file /home/airflow/env/lib/python3.8/site-packages/airflow/example_dags/example_external_task_marker_dag.py for tasks to queue
[2022-03-23 18:36:55,946] {logging_mixin.py:109} INFO - [2022-03-23 18:36:55,946] {dagbag.py:500} INFO - Filling up the DagBag from /home/airflow/env/lib/python3.8/site-packages/airflow/example_dags/example_external_task_marker_dag.py
[2022-03-23 18:36:55,964] {processor.py:654} INFO - DAG(s) dict_keys(['example_external_task_marker_parent', 'example_external_task_marker_child']) retrieved from /home/airflow/env/lib/python3.8/site-packages/airflow/example_dags/example_external_task_marker_dag.py
[2022-03-23 18:36:55,976] {logging_mixin.py:109} INFO - [2022-03-23 18:36:55,976] {dag.py:2396} INFO - Sync 2 DAGs
[2022-03-23 18:36:55,987] {logging_mixin.py:109} INFO - [2022-03-23 18:36:55,987] {dag.py:2935} INFO - Setting next_dagrun for example_external_task_marker_child to None
[2022-03-23 18:36:55,987] {logging_mixin.py:109} INFO - [2022-03-23 18:36:55,987] {dag.py:2935} INFO - Setting next_dagrun for example_external_task_marker_parent to None
[2022-03-23 18:36:56,006] {processor.py:171} INFO - Processing /home/airflow/env/lib/python3.8/site-packages/airflow/example_dags/example_external_task_marker_dag.py took 0.064 seconds
[2022-03-23 18:37:31,713] {processor.py:163} INFO - Started process (PID=5379) to work on /home/airflow/env/lib/python3.8/site-packages/airflow/example_dags/example_external_task_marker_dag.py
[2022-03-23 18:37:31,719] {processor.py:642} INFO - Processing file /home/airflow/env/lib/python3.8/site-packages/airflow/example_dags/example_external_task_marker_dag.py for tasks to queue
[2022-03-23 18:37:31,720] {logging_mixin.py:109} INFO - [2022-03-23 18:37:31,720] {dagbag.py:500} INFO - Filling up the DagBag from /home/airflow/env/lib/python3.8/site-packages/airflow/example_dags/example_external_task_marker_dag.py
[2022-03-23 18:37:31,739] {processor.py:654} INFO - DAG(s) dict_keys(['example_external_task_marker_parent', 'example_external_task_marker_child']) retrieved from /home/airflow/env/lib/python3.8/site-packages/airflow/example_dags/example_external_task_marker_dag.py
[2022-03-23 18:37:31,750] {logging_mixin.py:109} INFO - [2022-03-23 18:37:31,750] {dag.py:2396} INFO - Sync 2 DAGs
[2022-03-23 18:37:31,761] {logging_mixin.py:109} INFO - [2022-03-23 18:37:31,761] {dag.py:2935} INFO - Setting next_dagrun for example_external_task_marker_child to None
[2022-03-23 18:37:31,762] {logging_mixin.py:109} INFO - [2022-03-23 18:37:31,762] {dag.py:2935} INFO - Setting next_dagrun for example_external_task_marker_parent to None
[2022-03-23 18:37:31,775] {processor.py:171} INFO - Processing /home/airflow/env/lib/python3.8/site-packages/airflow/example_dags/example_external_task_marker_dag.py took 0.064 seconds
[2022-03-23 18:38:05,829] {processor.py:163} INFO - Started process (PID=5471) to work on /home/airflow/env/lib/python3.8/site-packages/airflow/example_dags/example_external_task_marker_dag.py
[2022-03-23 18:38:05,830] {processor.py:642} INFO - Processing file /home/airflow/env/lib/python3.8/site-packages/airflow/example_dags/example_external_task_marker_dag.py for tasks to queue
[2022-03-23 18:38:05,830] {logging_mixin.py:109} INFO - [2022-03-23 18:38:05,830] {dagbag.py:500} INFO - Filling up the DagBag from /home/airflow/env/lib/python3.8/site-packages/airflow/example_dags/example_external_task_marker_dag.py
[2022-03-23 18:38:05,848] {processor.py:654} INFO - DAG(s) dict_keys(['example_external_task_marker_parent', 'example_external_task_marker_child']) retrieved from /home/airflow/env/lib/python3.8/site-packages/airflow/example_dags/example_external_task_marker_dag.py
[2022-03-23 18:38:05,861] {logging_mixin.py:109} INFO - [2022-03-23 18:38:05,861] {dag.py:2396} INFO - Sync 2 DAGs
[2022-03-23 18:38:05,879] {logging_mixin.py:109} INFO - [2022-03-23 18:38:05,878] {dag.py:2935} INFO - Setting next_dagrun for example_external_task_marker_child to None
[2022-03-23 18:38:05,879] {logging_mixin.py:109} INFO - [2022-03-23 18:38:05,879] {dag.py:2935} INFO - Setting next_dagrun for example_external_task_marker_parent to None
[2022-03-23 18:38:05,898] {processor.py:171} INFO - Processing /home/airflow/env/lib/python3.8/site-packages/airflow/example_dags/example_external_task_marker_dag.py took 0.072 seconds
[2022-03-23 18:38:40,796] {processor.py:163} INFO - Started process (PID=5503) to work on /home/airflow/env/lib/python3.8/site-packages/airflow/example_dags/example_external_task_marker_dag.py
[2022-03-23 18:38:40,797] {processor.py:642} INFO - Processing file /home/airflow/env/lib/python3.8/site-packages/airflow/example_dags/example_external_task_marker_dag.py for tasks to queue
[2022-03-23 18:38:40,798] {logging_mixin.py:109} INFO - [2022-03-23 18:38:40,798] {dagbag.py:500} INFO - Filling up the DagBag from /home/airflow/env/lib/python3.8/site-packages/airflow/example_dags/example_external_task_marker_dag.py
[2022-03-23 18:38:40,816] {processor.py:654} INFO - DAG(s) dict_keys(['example_external_task_marker_parent', 'example_external_task_marker_child']) retrieved from /home/airflow/env/lib/python3.8/site-packages/airflow/example_dags/example_external_task_marker_dag.py
[2022-03-23 18:38:40,830] {logging_mixin.py:109} INFO - [2022-03-23 18:38:40,830] {dag.py:2396} INFO - Sync 2 DAGs
[2022-03-23 18:38:40,842] {logging_mixin.py:109} INFO - [2022-03-23 18:38:40,842] {dag.py:2935} INFO - Setting next_dagrun for example_external_task_marker_child to None
[2022-03-23 18:38:40,843] {logging_mixin.py:109} INFO - [2022-03-23 18:38:40,842] {dag.py:2935} INFO - Setting next_dagrun for example_external_task_marker_parent to None
[2022-03-23 18:38:40,862] {processor.py:171} INFO - Processing /home/airflow/env/lib/python3.8/site-packages/airflow/example_dags/example_external_task_marker_dag.py took 0.068 seconds
[2022-03-23 18:39:22,411] {processor.py:163} INFO - Started process (PID=5561) to work on /home/airflow/env/lib/python3.8/site-packages/airflow/example_dags/example_external_task_marker_dag.py
[2022-03-23 18:39:22,412] {processor.py:642} INFO - Processing file /home/airflow/env/lib/python3.8/site-packages/airflow/example_dags/example_external_task_marker_dag.py for tasks to queue
[2022-03-23 18:39:22,413] {logging_mixin.py:109} INFO - [2022-03-23 18:39:22,413] {dagbag.py:500} INFO - Filling up the DagBag from /home/airflow/env/lib/python3.8/site-packages/airflow/example_dags/example_external_task_marker_dag.py
[2022-03-23 18:39:22,431] {processor.py:654} INFO - DAG(s) dict_keys(['example_external_task_marker_parent', 'example_external_task_marker_child']) retrieved from /home/airflow/env/lib/python3.8/site-packages/airflow/example_dags/example_external_task_marker_dag.py
[2022-03-23 18:39:22,451] {logging_mixin.py:109} INFO - [2022-03-23 18:39:22,451] {dag.py:2396} INFO - Sync 2 DAGs
[2022-03-23 18:39:22,463] {logging_mixin.py:109} INFO - [2022-03-23 18:39:22,463] {dag.py:2935} INFO - Setting next_dagrun for example_external_task_marker_child to None
[2022-03-23 18:39:22,463] {logging_mixin.py:109} INFO - [2022-03-23 18:39:22,463] {dag.py:2935} INFO - Setting next_dagrun for example_external_task_marker_parent to None
[2022-03-23 18:39:22,481] {processor.py:171} INFO - Processing /home/airflow/env/lib/python3.8/site-packages/airflow/example_dags/example_external_task_marker_dag.py took 0.072 seconds
[2022-03-23 18:39:59,416] {processor.py:163} INFO - Started process (PID=5714) to work on /home/airflow/env/lib/python3.8/site-packages/airflow/example_dags/example_external_task_marker_dag.py
[2022-03-23 18:39:59,422] {processor.py:642} INFO - Processing file /home/airflow/env/lib/python3.8/site-packages/airflow/example_dags/example_external_task_marker_dag.py for tasks to queue
[2022-03-23 18:39:59,423] {logging_mixin.py:109} INFO - [2022-03-23 18:39:59,422] {dagbag.py:500} INFO - Filling up the DagBag from /home/airflow/env/lib/python3.8/site-packages/airflow/example_dags/example_external_task_marker_dag.py
[2022-03-23 18:39:59,443] {processor.py:654} INFO - DAG(s) dict_keys(['example_external_task_marker_parent', 'example_external_task_marker_child']) retrieved from /home/airflow/env/lib/python3.8/site-packages/airflow/example_dags/example_external_task_marker_dag.py
[2022-03-23 18:39:59,454] {logging_mixin.py:109} INFO - [2022-03-23 18:39:59,454] {dag.py:2396} INFO - Sync 2 DAGs
[2022-03-23 18:39:59,465] {logging_mixin.py:109} INFO - [2022-03-23 18:39:59,465] {dag.py:2935} INFO - Setting next_dagrun for example_external_task_marker_child to None
[2022-03-23 18:39:59,465] {logging_mixin.py:109} INFO - [2022-03-23 18:39:59,465] {dag.py:2935} INFO - Setting next_dagrun for example_external_task_marker_parent to None
[2022-03-23 18:39:59,486] {processor.py:171} INFO - Processing /home/airflow/env/lib/python3.8/site-packages/airflow/example_dags/example_external_task_marker_dag.py took 0.072 seconds
[2022-03-23 18:40:33,853] {processor.py:163} INFO - Started process (PID=5851) to work on /home/airflow/env/lib/python3.8/site-packages/airflow/example_dags/example_external_task_marker_dag.py
[2022-03-23 18:40:33,858] {processor.py:642} INFO - Processing file /home/airflow/env/lib/python3.8/site-packages/airflow/example_dags/example_external_task_marker_dag.py for tasks to queue
[2022-03-23 18:40:33,859] {logging_mixin.py:109} INFO - [2022-03-23 18:40:33,858] {dagbag.py:500} INFO - Filling up the DagBag from /home/airflow/env/lib/python3.8/site-packages/airflow/example_dags/example_external_task_marker_dag.py
[2022-03-23 18:40:33,880] {processor.py:654} INFO - DAG(s) dict_keys(['example_external_task_marker_parent', 'example_external_task_marker_child']) retrieved from /home/airflow/env/lib/python3.8/site-packages/airflow/example_dags/example_external_task_marker_dag.py
[2022-03-23 18:40:33,895] {logging_mixin.py:109} INFO - [2022-03-23 18:40:33,895] {dag.py:2396} INFO - Sync 2 DAGs
[2022-03-23 18:40:33,907] {logging_mixin.py:109} INFO - [2022-03-23 18:40:33,907] {dag.py:2935} INFO - Setting next_dagrun for example_external_task_marker_child to None
[2022-03-23 18:40:33,908] {logging_mixin.py:109} INFO - [2022-03-23 18:40:33,907] {dag.py:2935} INFO - Setting next_dagrun for example_external_task_marker_parent to None
[2022-03-23 18:40:33,931] {processor.py:171} INFO - Processing /home/airflow/env/lib/python3.8/site-packages/airflow/example_dags/example_external_task_marker_dag.py took 0.080 seconds
[2022-03-23 18:41:07,894] {processor.py:163} INFO - Started process (PID=5979) to work on /home/airflow/env/lib/python3.8/site-packages/airflow/example_dags/example_external_task_marker_dag.py
[2022-03-23 18:41:07,895] {processor.py:642} INFO - Processing file /home/airflow/env/lib/python3.8/site-packages/airflow/example_dags/example_external_task_marker_dag.py for tasks to queue
[2022-03-23 18:41:07,895] {logging_mixin.py:109} INFO - [2022-03-23 18:41:07,895] {dagbag.py:500} INFO - Filling up the DagBag from /home/airflow/env/lib/python3.8/site-packages/airflow/example_dags/example_external_task_marker_dag.py
[2022-03-23 18:41:07,912] {processor.py:654} INFO - DAG(s) dict_keys(['example_external_task_marker_parent', 'example_external_task_marker_child']) retrieved from /home/airflow/env/lib/python3.8/site-packages/airflow/example_dags/example_external_task_marker_dag.py
[2022-03-23 18:41:07,923] {logging_mixin.py:109} INFO - [2022-03-23 18:41:07,923] {dag.py:2396} INFO - Sync 2 DAGs
[2022-03-23 18:41:07,935] {logging_mixin.py:109} INFO - [2022-03-23 18:41:07,935] {dag.py:2935} INFO - Setting next_dagrun for example_external_task_marker_child to None
[2022-03-23 18:41:07,935] {logging_mixin.py:109} INFO - [2022-03-23 18:41:07,935] {dag.py:2935} INFO - Setting next_dagrun for example_external_task_marker_parent to None
[2022-03-23 18:41:07,953] {processor.py:171} INFO - Processing /home/airflow/env/lib/python3.8/site-packages/airflow/example_dags/example_external_task_marker_dag.py took 0.061 seconds
[2022-03-23 18:41:55,171] {processor.py:163} INFO - Started process (PID=6183) to work on /home/airflow/env/lib/python3.8/site-packages/airflow/example_dags/example_external_task_marker_dag.py
[2022-03-23 18:41:55,172] {processor.py:642} INFO - Processing file /home/airflow/env/lib/python3.8/site-packages/airflow/example_dags/example_external_task_marker_dag.py for tasks to queue
[2022-03-23 18:41:55,173] {logging_mixin.py:109} INFO - [2022-03-23 18:41:55,173] {dagbag.py:500} INFO - Filling up the DagBag from /home/airflow/env/lib/python3.8/site-packages/airflow/example_dags/example_external_task_marker_dag.py
[2022-03-23 18:41:55,205] {processor.py:654} INFO - DAG(s) dict_keys(['example_external_task_marker_parent', 'example_external_task_marker_child']) retrieved from /home/airflow/env/lib/python3.8/site-packages/airflow/example_dags/example_external_task_marker_dag.py
[2022-03-23 18:41:55,227] {logging_mixin.py:109} INFO - [2022-03-23 18:41:55,227] {dag.py:2396} INFO - Sync 2 DAGs
[2022-03-23 18:41:55,253] {logging_mixin.py:109} INFO - [2022-03-23 18:41:55,252] {dag.py:2935} INFO - Setting next_dagrun for example_external_task_marker_child to None
[2022-03-23 18:41:55,253] {logging_mixin.py:109} INFO - [2022-03-23 18:41:55,253] {dag.py:2935} INFO - Setting next_dagrun for example_external_task_marker_parent to None
[2022-03-23 18:41:55,275] {processor.py:171} INFO - Processing /home/airflow/env/lib/python3.8/site-packages/airflow/example_dags/example_external_task_marker_dag.py took 0.107 seconds
[2022-03-23 18:42:27,560] {processor.py:163} INFO - Started process (PID=6350) to work on /home/airflow/env/lib/python3.8/site-packages/airflow/example_dags/example_external_task_marker_dag.py
[2022-03-23 18:42:27,562] {processor.py:642} INFO - Processing file /home/airflow/env/lib/python3.8/site-packages/airflow/example_dags/example_external_task_marker_dag.py for tasks to queue
[2022-03-23 18:42:27,562] {logging_mixin.py:109} INFO - [2022-03-23 18:42:27,562] {dagbag.py:500} INFO - Filling up the DagBag from /home/airflow/env/lib/python3.8/site-packages/airflow/example_dags/example_external_task_marker_dag.py
[2022-03-23 18:42:27,580] {processor.py:654} INFO - DAG(s) dict_keys(['example_external_task_marker_parent', 'example_external_task_marker_child']) retrieved from /home/airflow/env/lib/python3.8/site-packages/airflow/example_dags/example_external_task_marker_dag.py
[2022-03-23 18:42:27,591] {logging_mixin.py:109} INFO - [2022-03-23 18:42:27,591] {dag.py:2396} INFO - Sync 2 DAGs
[2022-03-23 18:42:27,601] {logging_mixin.py:109} INFO - [2022-03-23 18:42:27,601] {dag.py:2935} INFO - Setting next_dagrun for example_external_task_marker_child to None
[2022-03-23 18:42:27,601] {logging_mixin.py:109} INFO - [2022-03-23 18:42:27,601] {dag.py:2935} INFO - Setting next_dagrun for example_external_task_marker_parent to None
[2022-03-23 18:42:27,620] {processor.py:171} INFO - Processing /home/airflow/env/lib/python3.8/site-packages/airflow/example_dags/example_external_task_marker_dag.py took 0.062 seconds
[2022-03-23 18:43:01,220] {processor.py:163} INFO - Started process (PID=6443) to work on /home/airflow/env/lib/python3.8/site-packages/airflow/example_dags/example_external_task_marker_dag.py
[2022-03-23 18:43:01,221] {processor.py:642} INFO - Processing file /home/airflow/env/lib/python3.8/site-packages/airflow/example_dags/example_external_task_marker_dag.py for tasks to queue
[2022-03-23 18:43:01,222] {logging_mixin.py:109} INFO - [2022-03-23 18:43:01,222] {dagbag.py:500} INFO - Filling up the DagBag from /home/airflow/env/lib/python3.8/site-packages/airflow/example_dags/example_external_task_marker_dag.py
[2022-03-23 18:43:01,239] {processor.py:654} INFO - DAG(s) dict_keys(['example_external_task_marker_parent', 'example_external_task_marker_child']) retrieved from /home/airflow/env/lib/python3.8/site-packages/airflow/example_dags/example_external_task_marker_dag.py
[2022-03-23 18:43:01,250] {logging_mixin.py:109} INFO - [2022-03-23 18:43:01,250] {dag.py:2396} INFO - Sync 2 DAGs
[2022-03-23 18:43:01,263] {logging_mixin.py:109} INFO - [2022-03-23 18:43:01,263] {dag.py:2935} INFO - Setting next_dagrun for example_external_task_marker_child to None
[2022-03-23 18:43:01,263] {logging_mixin.py:109} INFO - [2022-03-23 18:43:01,263] {dag.py:2935} INFO - Setting next_dagrun for example_external_task_marker_parent to None
[2022-03-23 18:43:01,285] {processor.py:171} INFO - Processing /home/airflow/env/lib/python3.8/site-packages/airflow/example_dags/example_external_task_marker_dag.py took 0.067 seconds
[2022-03-23 18:43:34,844] {processor.py:163} INFO - Started process (PID=6476) to work on /home/airflow/env/lib/python3.8/site-packages/airflow/example_dags/example_external_task_marker_dag.py
[2022-03-23 18:43:34,846] {processor.py:642} INFO - Processing file /home/airflow/env/lib/python3.8/site-packages/airflow/example_dags/example_external_task_marker_dag.py for tasks to queue
[2022-03-23 18:43:34,846] {logging_mixin.py:109} INFO - [2022-03-23 18:43:34,846] {dagbag.py:500} INFO - Filling up the DagBag from /home/airflow/env/lib/python3.8/site-packages/airflow/example_dags/example_external_task_marker_dag.py
[2022-03-23 18:43:34,866] {processor.py:654} INFO - DAG(s) dict_keys(['example_external_task_marker_parent', 'example_external_task_marker_child']) retrieved from /home/airflow/env/lib/python3.8/site-packages/airflow/example_dags/example_external_task_marker_dag.py
[2022-03-23 18:43:34,877] {logging_mixin.py:109} INFO - [2022-03-23 18:43:34,877] {dag.py:2396} INFO - Sync 2 DAGs
[2022-03-23 18:43:34,888] {logging_mixin.py:109} INFO - [2022-03-23 18:43:34,888] {dag.py:2935} INFO - Setting next_dagrun for example_external_task_marker_child to None
[2022-03-23 18:43:34,889] {logging_mixin.py:109} INFO - [2022-03-23 18:43:34,889] {dag.py:2935} INFO - Setting next_dagrun for example_external_task_marker_parent to None
[2022-03-23 18:43:34,908] {processor.py:171} INFO - Processing /home/airflow/env/lib/python3.8/site-packages/airflow/example_dags/example_external_task_marker_dag.py took 0.067 seconds
[2022-03-23 18:44:09,964] {processor.py:163} INFO - Started process (PID=6509) to work on /home/airflow/env/lib/python3.8/site-packages/airflow/example_dags/example_external_task_marker_dag.py
[2022-03-23 18:44:09,966] {processor.py:642} INFO - Processing file /home/airflow/env/lib/python3.8/site-packages/airflow/example_dags/example_external_task_marker_dag.py for tasks to queue
[2022-03-23 18:44:09,967] {logging_mixin.py:109} INFO - [2022-03-23 18:44:09,967] {dagbag.py:500} INFO - Filling up the DagBag from /home/airflow/env/lib/python3.8/site-packages/airflow/example_dags/example_external_task_marker_dag.py
[2022-03-23 18:44:10,003] {processor.py:654} INFO - DAG(s) dict_keys(['example_external_task_marker_parent', 'example_external_task_marker_child']) retrieved from /home/airflow/env/lib/python3.8/site-packages/airflow/example_dags/example_external_task_marker_dag.py
[2022-03-23 18:44:10,019] {logging_mixin.py:109} INFO - [2022-03-23 18:44:10,019] {dag.py:2396} INFO - Sync 2 DAGs
[2022-03-23 18:44:10,037] {logging_mixin.py:109} INFO - [2022-03-23 18:44:10,036] {dag.py:2935} INFO - Setting next_dagrun for example_external_task_marker_child to None
[2022-03-23 18:44:10,037] {logging_mixin.py:109} INFO - [2022-03-23 18:44:10,037] {dag.py:2935} INFO - Setting next_dagrun for example_external_task_marker_parent to None
[2022-03-23 18:44:10,059] {processor.py:171} INFO - Processing /home/airflow/env/lib/python3.8/site-packages/airflow/example_dags/example_external_task_marker_dag.py took 0.099 seconds
[2022-03-23 18:44:45,952] {processor.py:163} INFO - Started process (PID=6541) to work on /home/airflow/env/lib/python3.8/site-packages/airflow/example_dags/example_external_task_marker_dag.py
[2022-03-23 18:44:45,954] {processor.py:642} INFO - Processing file /home/airflow/env/lib/python3.8/site-packages/airflow/example_dags/example_external_task_marker_dag.py for tasks to queue
[2022-03-23 18:44:45,955] {logging_mixin.py:109} INFO - [2022-03-23 18:44:45,955] {dagbag.py:500} INFO - Filling up the DagBag from /home/airflow/env/lib/python3.8/site-packages/airflow/example_dags/example_external_task_marker_dag.py
[2022-03-23 18:44:45,979] {processor.py:654} INFO - DAG(s) dict_keys(['example_external_task_marker_parent', 'example_external_task_marker_child']) retrieved from /home/airflow/env/lib/python3.8/site-packages/airflow/example_dags/example_external_task_marker_dag.py
[2022-03-23 18:44:45,990] {logging_mixin.py:109} INFO - [2022-03-23 18:44:45,990] {dag.py:2396} INFO - Sync 2 DAGs
[2022-03-23 18:44:46,003] {logging_mixin.py:109} INFO - [2022-03-23 18:44:46,003] {dag.py:2935} INFO - Setting next_dagrun for example_external_task_marker_child to None
[2022-03-23 18:44:46,003] {logging_mixin.py:109} INFO - [2022-03-23 18:44:46,003] {dag.py:2935} INFO - Setting next_dagrun for example_external_task_marker_parent to None
[2022-03-23 18:44:46,021] {processor.py:171} INFO - Processing /home/airflow/env/lib/python3.8/site-packages/airflow/example_dags/example_external_task_marker_dag.py took 0.077 seconds
[2022-03-23 18:45:19,947] {processor.py:163} INFO - Started process (PID=6573) to work on /home/airflow/env/lib/python3.8/site-packages/airflow/example_dags/example_external_task_marker_dag.py
[2022-03-23 18:45:19,954] {processor.py:642} INFO - Processing file /home/airflow/env/lib/python3.8/site-packages/airflow/example_dags/example_external_task_marker_dag.py for tasks to queue
[2022-03-23 18:45:19,955] {logging_mixin.py:109} INFO - [2022-03-23 18:45:19,954] {dagbag.py:500} INFO - Filling up the DagBag from /home/airflow/env/lib/python3.8/site-packages/airflow/example_dags/example_external_task_marker_dag.py
[2022-03-23 18:45:19,972] {processor.py:654} INFO - DAG(s) dict_keys(['example_external_task_marker_parent', 'example_external_task_marker_child']) retrieved from /home/airflow/env/lib/python3.8/site-packages/airflow/example_dags/example_external_task_marker_dag.py
[2022-03-23 18:45:19,983] {logging_mixin.py:109} INFO - [2022-03-23 18:45:19,983] {dag.py:2396} INFO - Sync 2 DAGs
[2022-03-23 18:45:19,993] {logging_mixin.py:109} INFO - [2022-03-23 18:45:19,993] {dag.py:2935} INFO - Setting next_dagrun for example_external_task_marker_child to None
[2022-03-23 18:45:19,993] {logging_mixin.py:109} INFO - [2022-03-23 18:45:19,993] {dag.py:2935} INFO - Setting next_dagrun for example_external_task_marker_parent to None
[2022-03-23 18:45:20,006] {processor.py:171} INFO - Processing /home/airflow/env/lib/python3.8/site-packages/airflow/example_dags/example_external_task_marker_dag.py took 0.062 seconds
[2022-03-23 18:45:55,183] {processor.py:163} INFO - Started process (PID=6660) to work on /home/airflow/env/lib/python3.8/site-packages/airflow/example_dags/example_external_task_marker_dag.py
[2022-03-23 18:45:55,184] {processor.py:642} INFO - Processing file /home/airflow/env/lib/python3.8/site-packages/airflow/example_dags/example_external_task_marker_dag.py for tasks to queue
[2022-03-23 18:45:55,185] {logging_mixin.py:109} INFO - [2022-03-23 18:45:55,185] {dagbag.py:500} INFO - Filling up the DagBag from /home/airflow/env/lib/python3.8/site-packages/airflow/example_dags/example_external_task_marker_dag.py
[2022-03-23 18:45:55,204] {processor.py:654} INFO - DAG(s) dict_keys(['example_external_task_marker_parent', 'example_external_task_marker_child']) retrieved from /home/airflow/env/lib/python3.8/site-packages/airflow/example_dags/example_external_task_marker_dag.py
[2022-03-23 18:45:55,214] {logging_mixin.py:109} INFO - [2022-03-23 18:45:55,214] {dag.py:2396} INFO - Sync 2 DAGs
[2022-03-23 18:45:55,226] {logging_mixin.py:109} INFO - [2022-03-23 18:45:55,226] {dag.py:2935} INFO - Setting next_dagrun for example_external_task_marker_child to None
[2022-03-23 18:45:55,226] {logging_mixin.py:109} INFO - [2022-03-23 18:45:55,226] {dag.py:2935} INFO - Setting next_dagrun for example_external_task_marker_parent to None
[2022-03-23 18:45:55,257] {processor.py:171} INFO - Processing /home/airflow/env/lib/python3.8/site-packages/airflow/example_dags/example_external_task_marker_dag.py took 0.077 seconds
[2022-03-23 18:46:27,972] {processor.py:163} INFO - Started process (PID=6693) to work on /home/airflow/env/lib/python3.8/site-packages/airflow/example_dags/example_external_task_marker_dag.py
[2022-03-23 18:46:27,973] {processor.py:642} INFO - Processing file /home/airflow/env/lib/python3.8/site-packages/airflow/example_dags/example_external_task_marker_dag.py for tasks to queue
[2022-03-23 18:46:27,974] {logging_mixin.py:109} INFO - [2022-03-23 18:46:27,974] {dagbag.py:500} INFO - Filling up the DagBag from /home/airflow/env/lib/python3.8/site-packages/airflow/example_dags/example_external_task_marker_dag.py
[2022-03-23 18:46:27,993] {processor.py:654} INFO - DAG(s) dict_keys(['example_external_task_marker_parent', 'example_external_task_marker_child']) retrieved from /home/airflow/env/lib/python3.8/site-packages/airflow/example_dags/example_external_task_marker_dag.py
[2022-03-23 18:46:28,007] {logging_mixin.py:109} INFO - [2022-03-23 18:46:28,006] {dag.py:2396} INFO - Sync 2 DAGs
[2022-03-23 18:46:28,018] {logging_mixin.py:109} INFO - [2022-03-23 18:46:28,018] {dag.py:2935} INFO - Setting next_dagrun for example_external_task_marker_child to None
[2022-03-23 18:46:28,019] {logging_mixin.py:109} INFO - [2022-03-23 18:46:28,019] {dag.py:2935} INFO - Setting next_dagrun for example_external_task_marker_parent to None
[2022-03-23 18:46:28,037] {processor.py:171} INFO - Processing /home/airflow/env/lib/python3.8/site-packages/airflow/example_dags/example_external_task_marker_dag.py took 0.068 seconds
[2022-03-23 18:47:03,390] {processor.py:163} INFO - Started process (PID=6727) to work on /home/airflow/env/lib/python3.8/site-packages/airflow/example_dags/example_external_task_marker_dag.py
[2022-03-23 18:47:03,391] {processor.py:642} INFO - Processing file /home/airflow/env/lib/python3.8/site-packages/airflow/example_dags/example_external_task_marker_dag.py for tasks to queue
[2022-03-23 18:47:03,391] {logging_mixin.py:109} INFO - [2022-03-23 18:47:03,391] {dagbag.py:500} INFO - Filling up the DagBag from /home/airflow/env/lib/python3.8/site-packages/airflow/example_dags/example_external_task_marker_dag.py
[2022-03-23 18:47:03,412] {processor.py:654} INFO - DAG(s) dict_keys(['example_external_task_marker_parent', 'example_external_task_marker_child']) retrieved from /home/airflow/env/lib/python3.8/site-packages/airflow/example_dags/example_external_task_marker_dag.py
[2022-03-23 18:47:03,426] {logging_mixin.py:109} INFO - [2022-03-23 18:47:03,426] {dag.py:2396} INFO - Sync 2 DAGs
[2022-03-23 18:47:03,441] {logging_mixin.py:109} INFO - [2022-03-23 18:47:03,440] {dag.py:2935} INFO - Setting next_dagrun for example_external_task_marker_child to None
[2022-03-23 18:47:03,441] {logging_mixin.py:109} INFO - [2022-03-23 18:47:03,441] {dag.py:2935} INFO - Setting next_dagrun for example_external_task_marker_parent to None
[2022-03-23 18:47:03,459] {processor.py:171} INFO - Processing /home/airflow/env/lib/python3.8/site-packages/airflow/example_dags/example_external_task_marker_dag.py took 0.074 seconds
[2022-03-23 18:47:39,899] {processor.py:163} INFO - Started process (PID=6760) to work on /home/airflow/env/lib/python3.8/site-packages/airflow/example_dags/example_external_task_marker_dag.py
[2022-03-23 18:47:39,901] {processor.py:642} INFO - Processing file /home/airflow/env/lib/python3.8/site-packages/airflow/example_dags/example_external_task_marker_dag.py for tasks to queue
[2022-03-23 18:47:39,901] {logging_mixin.py:109} INFO - [2022-03-23 18:47:39,901] {dagbag.py:500} INFO - Filling up the DagBag from /home/airflow/env/lib/python3.8/site-packages/airflow/example_dags/example_external_task_marker_dag.py
[2022-03-23 18:47:39,922] {processor.py:654} INFO - DAG(s) dict_keys(['example_external_task_marker_parent', 'example_external_task_marker_child']) retrieved from /home/airflow/env/lib/python3.8/site-packages/airflow/example_dags/example_external_task_marker_dag.py
[2022-03-23 18:47:39,936] {logging_mixin.py:109} INFO - [2022-03-23 18:47:39,936] {dag.py:2396} INFO - Sync 2 DAGs
[2022-03-23 18:47:39,950] {logging_mixin.py:109} INFO - [2022-03-23 18:47:39,950] {dag.py:2935} INFO - Setting next_dagrun for example_external_task_marker_child to None
[2022-03-23 18:47:39,951] {logging_mixin.py:109} INFO - [2022-03-23 18:47:39,951] {dag.py:2935} INFO - Setting next_dagrun for example_external_task_marker_parent to None
[2022-03-23 18:47:39,972] {processor.py:171} INFO - Processing /home/airflow/env/lib/python3.8/site-packages/airflow/example_dags/example_external_task_marker_dag.py took 0.076 seconds
[2022-03-23 18:48:21,670] {processor.py:163} INFO - Started process (PID=6799) to work on /home/airflow/env/lib/python3.8/site-packages/airflow/example_dags/example_external_task_marker_dag.py
[2022-03-23 18:48:21,671] {processor.py:642} INFO - Processing file /home/airflow/env/lib/python3.8/site-packages/airflow/example_dags/example_external_task_marker_dag.py for tasks to queue
[2022-03-23 18:48:21,672] {logging_mixin.py:109} INFO - [2022-03-23 18:48:21,671] {dagbag.py:500} INFO - Filling up the DagBag from /home/airflow/env/lib/python3.8/site-packages/airflow/example_dags/example_external_task_marker_dag.py
[2022-03-23 18:48:21,694] {processor.py:654} INFO - DAG(s) dict_keys(['example_external_task_marker_parent', 'example_external_task_marker_child']) retrieved from /home/airflow/env/lib/python3.8/site-packages/airflow/example_dags/example_external_task_marker_dag.py
[2022-03-23 18:48:21,708] {logging_mixin.py:109} INFO - [2022-03-23 18:48:21,708] {dag.py:2396} INFO - Sync 2 DAGs
[2022-03-23 18:48:21,724] {logging_mixin.py:109} INFO - [2022-03-23 18:48:21,724] {dag.py:2935} INFO - Setting next_dagrun for example_external_task_marker_child to None
[2022-03-23 18:48:21,725] {logging_mixin.py:109} INFO - [2022-03-23 18:48:21,724] {dag.py:2935} INFO - Setting next_dagrun for example_external_task_marker_parent to None
[2022-03-23 18:48:21,743] {processor.py:171} INFO - Processing /home/airflow/env/lib/python3.8/site-packages/airflow/example_dags/example_external_task_marker_dag.py took 0.077 seconds
[2022-03-23 18:48:56,152] {processor.py:163} INFO - Started process (PID=6833) to work on /home/airflow/env/lib/python3.8/site-packages/airflow/example_dags/example_external_task_marker_dag.py
[2022-03-23 18:48:56,153] {processor.py:642} INFO - Processing file /home/airflow/env/lib/python3.8/site-packages/airflow/example_dags/example_external_task_marker_dag.py for tasks to queue
[2022-03-23 18:48:56,153] {logging_mixin.py:109} INFO - [2022-03-23 18:48:56,153] {dagbag.py:500} INFO - Filling up the DagBag from /home/airflow/env/lib/python3.8/site-packages/airflow/example_dags/example_external_task_marker_dag.py
[2022-03-23 18:48:56,171] {processor.py:654} INFO - DAG(s) dict_keys(['example_external_task_marker_parent', 'example_external_task_marker_child']) retrieved from /home/airflow/env/lib/python3.8/site-packages/airflow/example_dags/example_external_task_marker_dag.py
[2022-03-23 18:48:56,189] {logging_mixin.py:109} INFO - [2022-03-23 18:48:56,189] {dag.py:2396} INFO - Sync 2 DAGs
[2022-03-23 18:48:56,202] {logging_mixin.py:109} INFO - [2022-03-23 18:48:56,201] {dag.py:2935} INFO - Setting next_dagrun for example_external_task_marker_child to None
[2022-03-23 18:48:56,202] {logging_mixin.py:109} INFO - [2022-03-23 18:48:56,202] {dag.py:2935} INFO - Setting next_dagrun for example_external_task_marker_parent to None
[2022-03-23 18:48:56,219] {processor.py:171} INFO - Processing /home/airflow/env/lib/python3.8/site-packages/airflow/example_dags/example_external_task_marker_dag.py took 0.071 seconds
[2022-03-23 18:49:31,275] {processor.py:163} INFO - Started process (PID=6958) to work on /home/airflow/env/lib/python3.8/site-packages/airflow/example_dags/example_external_task_marker_dag.py
[2022-03-23 18:49:31,276] {processor.py:642} INFO - Processing file /home/airflow/env/lib/python3.8/site-packages/airflow/example_dags/example_external_task_marker_dag.py for tasks to queue
[2022-03-23 18:49:31,276] {logging_mixin.py:109} INFO - [2022-03-23 18:49:31,276] {dagbag.py:500} INFO - Filling up the DagBag from /home/airflow/env/lib/python3.8/site-packages/airflow/example_dags/example_external_task_marker_dag.py
[2022-03-23 18:49:31,297] {processor.py:654} INFO - DAG(s) dict_keys(['example_external_task_marker_parent', 'example_external_task_marker_child']) retrieved from /home/airflow/env/lib/python3.8/site-packages/airflow/example_dags/example_external_task_marker_dag.py
[2022-03-23 18:49:31,310] {logging_mixin.py:109} INFO - [2022-03-23 18:49:31,310] {dag.py:2396} INFO - Sync 2 DAGs
[2022-03-23 18:49:31,322] {logging_mixin.py:109} INFO - [2022-03-23 18:49:31,322] {dag.py:2935} INFO - Setting next_dagrun for example_external_task_marker_child to None
[2022-03-23 18:49:31,322] {logging_mixin.py:109} INFO - [2022-03-23 18:49:31,322] {dag.py:2935} INFO - Setting next_dagrun for example_external_task_marker_parent to None
[2022-03-23 18:49:31,340] {processor.py:171} INFO - Processing /home/airflow/env/lib/python3.8/site-packages/airflow/example_dags/example_external_task_marker_dag.py took 0.068 seconds
[2022-03-23 18:50:05,596] {processor.py:163} INFO - Started process (PID=7022) to work on /home/airflow/env/lib/python3.8/site-packages/airflow/example_dags/example_external_task_marker_dag.py
[2022-03-23 18:50:05,597] {processor.py:642} INFO - Processing file /home/airflow/env/lib/python3.8/site-packages/airflow/example_dags/example_external_task_marker_dag.py for tasks to queue
[2022-03-23 18:50:05,597] {logging_mixin.py:109} INFO - [2022-03-23 18:50:05,597] {dagbag.py:500} INFO - Filling up the DagBag from /home/airflow/env/lib/python3.8/site-packages/airflow/example_dags/example_external_task_marker_dag.py
[2022-03-23 18:50:05,617] {processor.py:654} INFO - DAG(s) dict_keys(['example_external_task_marker_parent', 'example_external_task_marker_child']) retrieved from /home/airflow/env/lib/python3.8/site-packages/airflow/example_dags/example_external_task_marker_dag.py
[2022-03-23 18:50:05,630] {logging_mixin.py:109} INFO - [2022-03-23 18:50:05,630] {dag.py:2396} INFO - Sync 2 DAGs
[2022-03-23 18:50:05,643] {logging_mixin.py:109} INFO - [2022-03-23 18:50:05,643] {dag.py:2935} INFO - Setting next_dagrun for example_external_task_marker_child to None
[2022-03-23 18:50:05,643] {logging_mixin.py:109} INFO - [2022-03-23 18:50:05,643] {dag.py:2935} INFO - Setting next_dagrun for example_external_task_marker_parent to None
[2022-03-23 18:50:05,659] {processor.py:171} INFO - Processing /home/airflow/env/lib/python3.8/site-packages/airflow/example_dags/example_external_task_marker_dag.py took 0.066 seconds
[2022-03-23 18:50:38,876] {processor.py:163} INFO - Started process (PID=7108) to work on /home/airflow/env/lib/python3.8/site-packages/airflow/example_dags/example_external_task_marker_dag.py
[2022-03-23 18:50:38,878] {processor.py:642} INFO - Processing file /home/airflow/env/lib/python3.8/site-packages/airflow/example_dags/example_external_task_marker_dag.py for tasks to queue
[2022-03-23 18:50:38,878] {logging_mixin.py:109} INFO - [2022-03-23 18:50:38,878] {dagbag.py:500} INFO - Filling up the DagBag from /home/airflow/env/lib/python3.8/site-packages/airflow/example_dags/example_external_task_marker_dag.py
[2022-03-23 18:50:38,894] {processor.py:654} INFO - DAG(s) dict_keys(['example_external_task_marker_parent', 'example_external_task_marker_child']) retrieved from /home/airflow/env/lib/python3.8/site-packages/airflow/example_dags/example_external_task_marker_dag.py
[2022-03-23 18:50:38,903] {logging_mixin.py:109} INFO - [2022-03-23 18:50:38,903] {dag.py:2396} INFO - Sync 2 DAGs
[2022-03-23 18:50:38,914] {logging_mixin.py:109} INFO - [2022-03-23 18:50:38,914] {dag.py:2935} INFO - Setting next_dagrun for example_external_task_marker_child to None
[2022-03-23 18:50:38,915] {logging_mixin.py:109} INFO - [2022-03-23 18:50:38,915] {dag.py:2935} INFO - Setting next_dagrun for example_external_task_marker_parent to None
[2022-03-23 18:50:38,933] {processor.py:171} INFO - Processing /home/airflow/env/lib/python3.8/site-packages/airflow/example_dags/example_external_task_marker_dag.py took 0.058 seconds
[2022-03-23 18:51:12,881] {processor.py:163} INFO - Started process (PID=7142) to work on /home/airflow/env/lib/python3.8/site-packages/airflow/example_dags/example_external_task_marker_dag.py
[2022-03-23 18:51:12,882] {processor.py:642} INFO - Processing file /home/airflow/env/lib/python3.8/site-packages/airflow/example_dags/example_external_task_marker_dag.py for tasks to queue
[2022-03-23 18:51:12,883] {logging_mixin.py:109} INFO - [2022-03-23 18:51:12,883] {dagbag.py:500} INFO - Filling up the DagBag from /home/airflow/env/lib/python3.8/site-packages/airflow/example_dags/example_external_task_marker_dag.py
[2022-03-23 18:51:12,899] {processor.py:654} INFO - DAG(s) dict_keys(['example_external_task_marker_parent', 'example_external_task_marker_child']) retrieved from /home/airflow/env/lib/python3.8/site-packages/airflow/example_dags/example_external_task_marker_dag.py
[2022-03-23 18:51:12,909] {logging_mixin.py:109} INFO - [2022-03-23 18:51:12,909] {dag.py:2396} INFO - Sync 2 DAGs
[2022-03-23 18:51:12,919] {logging_mixin.py:109} INFO - [2022-03-23 18:51:12,919] {dag.py:2935} INFO - Setting next_dagrun for example_external_task_marker_child to None
[2022-03-23 18:51:12,919] {logging_mixin.py:109} INFO - [2022-03-23 18:51:12,919] {dag.py:2935} INFO - Setting next_dagrun for example_external_task_marker_parent to None
[2022-03-23 18:51:12,938] {processor.py:171} INFO - Processing /home/airflow/env/lib/python3.8/site-packages/airflow/example_dags/example_external_task_marker_dag.py took 0.059 seconds
[2022-03-23 18:51:45,485] {processor.py:163} INFO - Started process (PID=7174) to work on /home/airflow/env/lib/python3.8/site-packages/airflow/example_dags/example_external_task_marker_dag.py
[2022-03-23 18:51:45,487] {processor.py:642} INFO - Processing file /home/airflow/env/lib/python3.8/site-packages/airflow/example_dags/example_external_task_marker_dag.py for tasks to queue
[2022-03-23 18:51:45,487] {logging_mixin.py:109} INFO - [2022-03-23 18:51:45,487] {dagbag.py:500} INFO - Filling up the DagBag from /home/airflow/env/lib/python3.8/site-packages/airflow/example_dags/example_external_task_marker_dag.py
[2022-03-23 18:51:45,512] {processor.py:654} INFO - DAG(s) dict_keys(['example_external_task_marker_parent', 'example_external_task_marker_child']) retrieved from /home/airflow/env/lib/python3.8/site-packages/airflow/example_dags/example_external_task_marker_dag.py
[2022-03-23 18:51:45,523] {logging_mixin.py:109} INFO - [2022-03-23 18:51:45,522] {dag.py:2396} INFO - Sync 2 DAGs
[2022-03-23 18:51:45,535] {logging_mixin.py:109} INFO - [2022-03-23 18:51:45,535] {dag.py:2935} INFO - Setting next_dagrun for example_external_task_marker_child to None
[2022-03-23 18:51:45,536] {logging_mixin.py:109} INFO - [2022-03-23 18:51:45,536] {dag.py:2935} INFO - Setting next_dagrun for example_external_task_marker_parent to None
[2022-03-23 18:51:45,555] {processor.py:171} INFO - Processing /home/airflow/env/lib/python3.8/site-packages/airflow/example_dags/example_external_task_marker_dag.py took 0.072 seconds
[2022-03-23 18:52:19,188] {processor.py:163} INFO - Started process (PID=7207) to work on /home/airflow/env/lib/python3.8/site-packages/airflow/example_dags/example_external_task_marker_dag.py
[2022-03-23 18:52:19,190] {processor.py:642} INFO - Processing file /home/airflow/env/lib/python3.8/site-packages/airflow/example_dags/example_external_task_marker_dag.py for tasks to queue
[2022-03-23 18:52:19,190] {logging_mixin.py:109} INFO - [2022-03-23 18:52:19,190] {dagbag.py:500} INFO - Filling up the DagBag from /home/airflow/env/lib/python3.8/site-packages/airflow/example_dags/example_external_task_marker_dag.py
[2022-03-23 18:52:19,208] {processor.py:654} INFO - DAG(s) dict_keys(['example_external_task_marker_parent', 'example_external_task_marker_child']) retrieved from /home/airflow/env/lib/python3.8/site-packages/airflow/example_dags/example_external_task_marker_dag.py
[2022-03-23 18:52:19,221] {logging_mixin.py:109} INFO - [2022-03-23 18:52:19,221] {dag.py:2396} INFO - Sync 2 DAGs
[2022-03-23 18:52:19,235] {logging_mixin.py:109} INFO - [2022-03-23 18:52:19,234] {dag.py:2935} INFO - Setting next_dagrun for example_external_task_marker_child to None
[2022-03-23 18:52:19,235] {logging_mixin.py:109} INFO - [2022-03-23 18:52:19,235] {dag.py:2935} INFO - Setting next_dagrun for example_external_task_marker_parent to None
[2022-03-23 18:52:19,252] {processor.py:171} INFO - Processing /home/airflow/env/lib/python3.8/site-packages/airflow/example_dags/example_external_task_marker_dag.py took 0.067 seconds
[2022-03-23 18:52:53,406] {processor.py:163} INFO - Started process (PID=7241) to work on /home/airflow/env/lib/python3.8/site-packages/airflow/example_dags/example_external_task_marker_dag.py
[2022-03-23 18:52:53,410] {processor.py:642} INFO - Processing file /home/airflow/env/lib/python3.8/site-packages/airflow/example_dags/example_external_task_marker_dag.py for tasks to queue
[2022-03-23 18:52:53,412] {logging_mixin.py:109} INFO - [2022-03-23 18:52:53,412] {dagbag.py:500} INFO - Filling up the DagBag from /home/airflow/env/lib/python3.8/site-packages/airflow/example_dags/example_external_task_marker_dag.py
[2022-03-23 18:52:53,430] {processor.py:654} INFO - DAG(s) dict_keys(['example_external_task_marker_parent', 'example_external_task_marker_child']) retrieved from /home/airflow/env/lib/python3.8/site-packages/airflow/example_dags/example_external_task_marker_dag.py
[2022-03-23 18:52:53,442] {logging_mixin.py:109} INFO - [2022-03-23 18:52:53,441] {dag.py:2396} INFO - Sync 2 DAGs
[2022-03-23 18:52:53,453] {logging_mixin.py:109} INFO - [2022-03-23 18:52:53,453] {dag.py:2935} INFO - Setting next_dagrun for example_external_task_marker_child to None
[2022-03-23 18:52:53,454] {logging_mixin.py:109} INFO - [2022-03-23 18:52:53,454] {dag.py:2935} INFO - Setting next_dagrun for example_external_task_marker_parent to None
[2022-03-23 18:52:53,470] {processor.py:171} INFO - Processing /home/airflow/env/lib/python3.8/site-packages/airflow/example_dags/example_external_task_marker_dag.py took 0.068 seconds
[2022-03-23 18:53:26,823] {processor.py:163} INFO - Started process (PID=7273) to work on /home/airflow/env/lib/python3.8/site-packages/airflow/example_dags/example_external_task_marker_dag.py
[2022-03-23 18:53:26,824] {processor.py:642} INFO - Processing file /home/airflow/env/lib/python3.8/site-packages/airflow/example_dags/example_external_task_marker_dag.py for tasks to queue
[2022-03-23 18:53:26,825] {logging_mixin.py:109} INFO - [2022-03-23 18:53:26,825] {dagbag.py:500} INFO - Filling up the DagBag from /home/airflow/env/lib/python3.8/site-packages/airflow/example_dags/example_external_task_marker_dag.py
[2022-03-23 18:53:26,845] {processor.py:654} INFO - DAG(s) dict_keys(['example_external_task_marker_parent', 'example_external_task_marker_child']) retrieved from /home/airflow/env/lib/python3.8/site-packages/airflow/example_dags/example_external_task_marker_dag.py
[2022-03-23 18:53:26,855] {logging_mixin.py:109} INFO - [2022-03-23 18:53:26,855] {dag.py:2396} INFO - Sync 2 DAGs
[2022-03-23 18:53:26,868] {logging_mixin.py:109} INFO - [2022-03-23 18:53:26,868] {dag.py:2935} INFO - Setting next_dagrun for example_external_task_marker_child to None
[2022-03-23 18:53:26,868] {logging_mixin.py:109} INFO - [2022-03-23 18:53:26,868] {dag.py:2935} INFO - Setting next_dagrun for example_external_task_marker_parent to None
[2022-03-23 18:53:26,885] {processor.py:171} INFO - Processing /home/airflow/env/lib/python3.8/site-packages/airflow/example_dags/example_external_task_marker_dag.py took 0.064 seconds
[2022-03-23 18:54:00,586] {processor.py:163} INFO - Started process (PID=7306) to work on /home/airflow/env/lib/python3.8/site-packages/airflow/example_dags/example_external_task_marker_dag.py
[2022-03-23 18:54:00,587] {processor.py:642} INFO - Processing file /home/airflow/env/lib/python3.8/site-packages/airflow/example_dags/example_external_task_marker_dag.py for tasks to queue
[2022-03-23 18:54:00,587] {logging_mixin.py:109} INFO - [2022-03-23 18:54:00,587] {dagbag.py:500} INFO - Filling up the DagBag from /home/airflow/env/lib/python3.8/site-packages/airflow/example_dags/example_external_task_marker_dag.py
[2022-03-23 18:54:00,604] {processor.py:654} INFO - DAG(s) dict_keys(['example_external_task_marker_parent', 'example_external_task_marker_child']) retrieved from /home/airflow/env/lib/python3.8/site-packages/airflow/example_dags/example_external_task_marker_dag.py
[2022-03-23 18:54:00,614] {logging_mixin.py:109} INFO - [2022-03-23 18:54:00,614] {dag.py:2396} INFO - Sync 2 DAGs
[2022-03-23 18:54:00,625] {logging_mixin.py:109} INFO - [2022-03-23 18:54:00,625] {dag.py:2935} INFO - Setting next_dagrun for example_external_task_marker_child to None
[2022-03-23 18:54:00,625] {logging_mixin.py:109} INFO - [2022-03-23 18:54:00,625] {dag.py:2935} INFO - Setting next_dagrun for example_external_task_marker_parent to None
[2022-03-23 18:54:00,643] {processor.py:171} INFO - Processing /home/airflow/env/lib/python3.8/site-packages/airflow/example_dags/example_external_task_marker_dag.py took 0.060 seconds
[2022-03-23 18:54:35,255] {processor.py:163} INFO - Started process (PID=7338) to work on /home/airflow/env/lib/python3.8/site-packages/airflow/example_dags/example_external_task_marker_dag.py
[2022-03-23 18:54:35,257] {processor.py:642} INFO - Processing file /home/airflow/env/lib/python3.8/site-packages/airflow/example_dags/example_external_task_marker_dag.py for tasks to queue
[2022-03-23 18:54:35,258] {logging_mixin.py:109} INFO - [2022-03-23 18:54:35,258] {dagbag.py:500} INFO - Filling up the DagBag from /home/airflow/env/lib/python3.8/site-packages/airflow/example_dags/example_external_task_marker_dag.py
[2022-03-23 18:54:35,276] {processor.py:654} INFO - DAG(s) dict_keys(['example_external_task_marker_parent', 'example_external_task_marker_child']) retrieved from /home/airflow/env/lib/python3.8/site-packages/airflow/example_dags/example_external_task_marker_dag.py
[2022-03-23 18:54:35,287] {logging_mixin.py:109} INFO - [2022-03-23 18:54:35,287] {dag.py:2396} INFO - Sync 2 DAGs
[2022-03-23 18:54:35,300] {logging_mixin.py:109} INFO - [2022-03-23 18:54:35,300] {dag.py:2935} INFO - Setting next_dagrun for example_external_task_marker_child to None
[2022-03-23 18:54:35,300] {logging_mixin.py:109} INFO - [2022-03-23 18:54:35,300] {dag.py:2935} INFO - Setting next_dagrun for example_external_task_marker_parent to None
[2022-03-23 18:54:35,320] {processor.py:171} INFO - Processing /home/airflow/env/lib/python3.8/site-packages/airflow/example_dags/example_external_task_marker_dag.py took 0.069 seconds
[2022-03-23 18:55:06,643] {processor.py:163} INFO - Started process (PID=7370) to work on /home/airflow/env/lib/python3.8/site-packages/airflow/example_dags/example_external_task_marker_dag.py
[2022-03-23 18:55:06,644] {processor.py:642} INFO - Processing file /home/airflow/env/lib/python3.8/site-packages/airflow/example_dags/example_external_task_marker_dag.py for tasks to queue
[2022-03-23 18:55:06,645] {logging_mixin.py:109} INFO - [2022-03-23 18:55:06,645] {dagbag.py:500} INFO - Filling up the DagBag from /home/airflow/env/lib/python3.8/site-packages/airflow/example_dags/example_external_task_marker_dag.py
[2022-03-23 18:55:06,661] {processor.py:654} INFO - DAG(s) dict_keys(['example_external_task_marker_parent', 'example_external_task_marker_child']) retrieved from /home/airflow/env/lib/python3.8/site-packages/airflow/example_dags/example_external_task_marker_dag.py
[2022-03-23 18:55:06,671] {logging_mixin.py:109} INFO - [2022-03-23 18:55:06,671] {dag.py:2396} INFO - Sync 2 DAGs
[2022-03-23 18:55:06,681] {logging_mixin.py:109} INFO - [2022-03-23 18:55:06,681] {dag.py:2935} INFO - Setting next_dagrun for example_external_task_marker_child to None
[2022-03-23 18:55:06,682] {logging_mixin.py:109} INFO - [2022-03-23 18:55:06,682] {dag.py:2935} INFO - Setting next_dagrun for example_external_task_marker_parent to None
[2022-03-23 18:55:06,696] {processor.py:171} INFO - Processing /home/airflow/env/lib/python3.8/site-packages/airflow/example_dags/example_external_task_marker_dag.py took 0.055 seconds
[2022-03-23 18:55:42,449] {processor.py:163} INFO - Started process (PID=7460) to work on /home/airflow/env/lib/python3.8/site-packages/airflow/example_dags/example_external_task_marker_dag.py
[2022-03-23 18:55:42,451] {processor.py:642} INFO - Processing file /home/airflow/env/lib/python3.8/site-packages/airflow/example_dags/example_external_task_marker_dag.py for tasks to queue
[2022-03-23 18:55:42,452] {logging_mixin.py:109} INFO - [2022-03-23 18:55:42,452] {dagbag.py:500} INFO - Filling up the DagBag from /home/airflow/env/lib/python3.8/site-packages/airflow/example_dags/example_external_task_marker_dag.py
[2022-03-23 18:55:42,469] {processor.py:654} INFO - DAG(s) dict_keys(['example_external_task_marker_parent', 'example_external_task_marker_child']) retrieved from /home/airflow/env/lib/python3.8/site-packages/airflow/example_dags/example_external_task_marker_dag.py
[2022-03-23 18:55:42,479] {logging_mixin.py:109} INFO - [2022-03-23 18:55:42,479] {dag.py:2396} INFO - Sync 2 DAGs
[2022-03-23 18:55:42,491] {logging_mixin.py:109} INFO - [2022-03-23 18:55:42,491] {dag.py:2935} INFO - Setting next_dagrun for example_external_task_marker_child to None
[2022-03-23 18:55:42,491] {logging_mixin.py:109} INFO - [2022-03-23 18:55:42,491] {dag.py:2935} INFO - Setting next_dagrun for example_external_task_marker_parent to None
[2022-03-23 18:55:42,514] {processor.py:171} INFO - Processing /home/airflow/env/lib/python3.8/site-packages/airflow/example_dags/example_external_task_marker_dag.py took 0.067 seconds
[2022-03-23 18:56:15,217] {processor.py:163} INFO - Started process (PID=7493) to work on /home/airflow/env/lib/python3.8/site-packages/airflow/example_dags/example_external_task_marker_dag.py
[2022-03-23 18:56:15,218] {processor.py:642} INFO - Processing file /home/airflow/env/lib/python3.8/site-packages/airflow/example_dags/example_external_task_marker_dag.py for tasks to queue
[2022-03-23 18:56:15,218] {logging_mixin.py:109} INFO - [2022-03-23 18:56:15,218] {dagbag.py:500} INFO - Filling up the DagBag from /home/airflow/env/lib/python3.8/site-packages/airflow/example_dags/example_external_task_marker_dag.py
[2022-03-23 18:56:15,235] {processor.py:654} INFO - DAG(s) dict_keys(['example_external_task_marker_parent', 'example_external_task_marker_child']) retrieved from /home/airflow/env/lib/python3.8/site-packages/airflow/example_dags/example_external_task_marker_dag.py
[2022-03-23 18:56:15,244] {logging_mixin.py:109} INFO - [2022-03-23 18:56:15,244] {dag.py:2396} INFO - Sync 2 DAGs
[2022-03-23 18:56:15,255] {logging_mixin.py:109} INFO - [2022-03-23 18:56:15,254] {dag.py:2935} INFO - Setting next_dagrun for example_external_task_marker_child to None
[2022-03-23 18:56:15,255] {logging_mixin.py:109} INFO - [2022-03-23 18:56:15,255] {dag.py:2935} INFO - Setting next_dagrun for example_external_task_marker_parent to None
[2022-03-23 18:56:15,269] {processor.py:171} INFO - Processing /home/airflow/env/lib/python3.8/site-packages/airflow/example_dags/example_external_task_marker_dag.py took 0.055 seconds
[2022-03-23 18:56:49,079] {processor.py:163} INFO - Started process (PID=7524) to work on /home/airflow/env/lib/python3.8/site-packages/airflow/example_dags/example_external_task_marker_dag.py
[2022-03-23 18:56:49,080] {processor.py:642} INFO - Processing file /home/airflow/env/lib/python3.8/site-packages/airflow/example_dags/example_external_task_marker_dag.py for tasks to queue
[2022-03-23 18:56:49,081] {logging_mixin.py:109} INFO - [2022-03-23 18:56:49,081] {dagbag.py:500} INFO - Filling up the DagBag from /home/airflow/env/lib/python3.8/site-packages/airflow/example_dags/example_external_task_marker_dag.py
[2022-03-23 18:56:49,098] {processor.py:654} INFO - DAG(s) dict_keys(['example_external_task_marker_parent', 'example_external_task_marker_child']) retrieved from /home/airflow/env/lib/python3.8/site-packages/airflow/example_dags/example_external_task_marker_dag.py
[2022-03-23 18:56:49,109] {logging_mixin.py:109} INFO - [2022-03-23 18:56:49,109] {dag.py:2396} INFO - Sync 2 DAGs
[2022-03-23 18:56:49,122] {logging_mixin.py:109} INFO - [2022-03-23 18:56:49,122] {dag.py:2935} INFO - Setting next_dagrun for example_external_task_marker_child to None
[2022-03-23 18:56:49,123] {logging_mixin.py:109} INFO - [2022-03-23 18:56:49,122] {dag.py:2935} INFO - Setting next_dagrun for example_external_task_marker_parent to None
[2022-03-23 18:56:49,149] {processor.py:171} INFO - Processing /home/airflow/env/lib/python3.8/site-packages/airflow/example_dags/example_external_task_marker_dag.py took 0.073 seconds
[2022-03-23 18:57:23,619] {processor.py:163} INFO - Started process (PID=7558) to work on /home/airflow/env/lib/python3.8/site-packages/airflow/example_dags/example_external_task_marker_dag.py
[2022-03-23 18:57:23,622] {processor.py:642} INFO - Processing file /home/airflow/env/lib/python3.8/site-packages/airflow/example_dags/example_external_task_marker_dag.py for tasks to queue
[2022-03-23 18:57:23,622] {logging_mixin.py:109} INFO - [2022-03-23 18:57:23,622] {dagbag.py:500} INFO - Filling up the DagBag from /home/airflow/env/lib/python3.8/site-packages/airflow/example_dags/example_external_task_marker_dag.py
[2022-03-23 18:57:23,671] {processor.py:654} INFO - DAG(s) dict_keys(['example_external_task_marker_parent', 'example_external_task_marker_child']) retrieved from /home/airflow/env/lib/python3.8/site-packages/airflow/example_dags/example_external_task_marker_dag.py
[2022-03-23 18:57:23,695] {logging_mixin.py:109} INFO - [2022-03-23 18:57:23,695] {dag.py:2396} INFO - Sync 2 DAGs
[2022-03-23 18:57:23,724] {logging_mixin.py:109} INFO - [2022-03-23 18:57:23,724] {dag.py:2935} INFO - Setting next_dagrun for example_external_task_marker_child to None
[2022-03-23 18:57:23,737] {logging_mixin.py:109} INFO - [2022-03-23 18:57:23,737] {dag.py:2935} INFO - Setting next_dagrun for example_external_task_marker_parent to None
[2022-03-23 18:57:23,779] {processor.py:171} INFO - Processing /home/airflow/env/lib/python3.8/site-packages/airflow/example_dags/example_external_task_marker_dag.py took 0.167 seconds
[2022-03-23 18:57:58,590] {processor.py:163} INFO - Started process (PID=7622) to work on /home/airflow/env/lib/python3.8/site-packages/airflow/example_dags/example_external_task_marker_dag.py
[2022-03-23 18:57:58,591] {processor.py:642} INFO - Processing file /home/airflow/env/lib/python3.8/site-packages/airflow/example_dags/example_external_task_marker_dag.py for tasks to queue
[2022-03-23 18:57:58,591] {logging_mixin.py:109} INFO - [2022-03-23 18:57:58,591] {dagbag.py:500} INFO - Filling up the DagBag from /home/airflow/env/lib/python3.8/site-packages/airflow/example_dags/example_external_task_marker_dag.py
[2022-03-23 18:57:58,612] {processor.py:654} INFO - DAG(s) dict_keys(['example_external_task_marker_parent', 'example_external_task_marker_child']) retrieved from /home/airflow/env/lib/python3.8/site-packages/airflow/example_dags/example_external_task_marker_dag.py
[2022-03-23 18:57:58,625] {logging_mixin.py:109} INFO - [2022-03-23 18:57:58,625] {dag.py:2396} INFO - Sync 2 DAGs
[2022-03-23 18:57:58,636] {logging_mixin.py:109} INFO - [2022-03-23 18:57:58,636] {dag.py:2935} INFO - Setting next_dagrun for example_external_task_marker_child to None
[2022-03-23 18:57:58,636] {logging_mixin.py:109} INFO - [2022-03-23 18:57:58,636] {dag.py:2935} INFO - Setting next_dagrun for example_external_task_marker_parent to None
[2022-03-23 18:57:58,656] {processor.py:171} INFO - Processing /home/airflow/env/lib/python3.8/site-packages/airflow/example_dags/example_external_task_marker_dag.py took 0.069 seconds
[2022-03-23 18:58:47,599] {processor.py:163} INFO - Started process (PID=7822) to work on /home/airflow/env/lib/python3.8/site-packages/airflow/example_dags/example_external_task_marker_dag.py
[2022-03-23 18:58:47,606] {processor.py:642} INFO - Processing file /home/airflow/env/lib/python3.8/site-packages/airflow/example_dags/example_external_task_marker_dag.py for tasks to queue
[2022-03-23 18:58:47,609] {logging_mixin.py:109} INFO - [2022-03-23 18:58:47,609] {dagbag.py:500} INFO - Filling up the DagBag from /home/airflow/env/lib/python3.8/site-packages/airflow/example_dags/example_external_task_marker_dag.py
[2022-03-23 18:58:47,702] {processor.py:654} INFO - DAG(s) dict_keys(['example_external_task_marker_parent', 'example_external_task_marker_child']) retrieved from /home/airflow/env/lib/python3.8/site-packages/airflow/example_dags/example_external_task_marker_dag.py
[2022-03-23 18:58:47,763] {logging_mixin.py:109} INFO - [2022-03-23 18:58:47,763] {dag.py:2396} INFO - Sync 2 DAGs
[2022-03-23 18:58:47,818] {logging_mixin.py:109} INFO - [2022-03-23 18:58:47,818] {dag.py:2935} INFO - Setting next_dagrun for example_external_task_marker_child to None
[2022-03-23 18:58:47,826] {logging_mixin.py:109} INFO - [2022-03-23 18:58:47,826] {dag.py:2935} INFO - Setting next_dagrun for example_external_task_marker_parent to None
[2022-03-23 18:58:47,907] {processor.py:171} INFO - Processing /home/airflow/env/lib/python3.8/site-packages/airflow/example_dags/example_external_task_marker_dag.py took 0.335 seconds
[2022-03-23 18:59:28,961] {processor.py:163} INFO - Started process (PID=7954) to work on /home/airflow/env/lib/python3.8/site-packages/airflow/example_dags/example_external_task_marker_dag.py
[2022-03-23 18:59:28,963] {processor.py:642} INFO - Processing file /home/airflow/env/lib/python3.8/site-packages/airflow/example_dags/example_external_task_marker_dag.py for tasks to queue
[2022-03-23 18:59:28,964] {logging_mixin.py:109} INFO - [2022-03-23 18:59:28,963] {dagbag.py:500} INFO - Filling up the DagBag from /home/airflow/env/lib/python3.8/site-packages/airflow/example_dags/example_external_task_marker_dag.py
[2022-03-23 18:59:28,983] {processor.py:654} INFO - DAG(s) dict_keys(['example_external_task_marker_parent', 'example_external_task_marker_child']) retrieved from /home/airflow/env/lib/python3.8/site-packages/airflow/example_dags/example_external_task_marker_dag.py
[2022-03-23 18:59:28,994] {logging_mixin.py:109} INFO - [2022-03-23 18:59:28,993] {dag.py:2396} INFO - Sync 2 DAGs
[2022-03-23 18:59:29,006] {logging_mixin.py:109} INFO - [2022-03-23 18:59:29,006] {dag.py:2935} INFO - Setting next_dagrun for example_external_task_marker_child to None
[2022-03-23 18:59:29,007] {logging_mixin.py:109} INFO - [2022-03-23 18:59:29,007] {dag.py:2935} INFO - Setting next_dagrun for example_external_task_marker_parent to None
[2022-03-23 18:59:29,024] {processor.py:171} INFO - Processing /home/airflow/env/lib/python3.8/site-packages/airflow/example_dags/example_external_task_marker_dag.py took 0.065 seconds
[2022-03-23 19:00:13,763] {processor.py:163} INFO - Started process (PID=8131) to work on /home/airflow/env/lib/python3.8/site-packages/airflow/example_dags/example_external_task_marker_dag.py
[2022-03-23 19:00:13,774] {processor.py:642} INFO - Processing file /home/airflow/env/lib/python3.8/site-packages/airflow/example_dags/example_external_task_marker_dag.py for tasks to queue
[2022-03-23 19:00:13,774] {logging_mixin.py:109} INFO - [2022-03-23 19:00:13,774] {dagbag.py:500} INFO - Filling up the DagBag from /home/airflow/env/lib/python3.8/site-packages/airflow/example_dags/example_external_task_marker_dag.py
[2022-03-23 19:00:13,805] {processor.py:654} INFO - DAG(s) dict_keys(['example_external_task_marker_parent', 'example_external_task_marker_child']) retrieved from /home/airflow/env/lib/python3.8/site-packages/airflow/example_dags/example_external_task_marker_dag.py
[2022-03-23 19:00:13,824] {logging_mixin.py:109} INFO - [2022-03-23 19:00:13,824] {dag.py:2396} INFO - Sync 2 DAGs
[2022-03-23 19:00:13,852] {logging_mixin.py:109} INFO - [2022-03-23 19:00:13,852] {dag.py:2935} INFO - Setting next_dagrun for example_external_task_marker_child to None
[2022-03-23 19:00:13,853] {logging_mixin.py:109} INFO - [2022-03-23 19:00:13,853] {dag.py:2935} INFO - Setting next_dagrun for example_external_task_marker_parent to None
[2022-03-23 19:00:13,880] {processor.py:171} INFO - Processing /home/airflow/env/lib/python3.8/site-packages/airflow/example_dags/example_external_task_marker_dag.py took 0.124 seconds
[2022-03-23 19:00:50,161] {processor.py:163} INFO - Started process (PID=8429) to work on /home/airflow/env/lib/python3.8/site-packages/airflow/example_dags/example_external_task_marker_dag.py
[2022-03-23 19:00:50,163] {processor.py:642} INFO - Processing file /home/airflow/env/lib/python3.8/site-packages/airflow/example_dags/example_external_task_marker_dag.py for tasks to queue
[2022-03-23 19:00:50,164] {logging_mixin.py:109} INFO - [2022-03-23 19:00:50,164] {dagbag.py:500} INFO - Filling up the DagBag from /home/airflow/env/lib/python3.8/site-packages/airflow/example_dags/example_external_task_marker_dag.py
[2022-03-23 19:00:50,192] {processor.py:654} INFO - DAG(s) dict_keys(['example_external_task_marker_parent', 'example_external_task_marker_child']) retrieved from /home/airflow/env/lib/python3.8/site-packages/airflow/example_dags/example_external_task_marker_dag.py
[2022-03-23 19:00:50,222] {logging_mixin.py:109} INFO - [2022-03-23 19:00:50,221] {dag.py:2396} INFO - Sync 2 DAGs
[2022-03-23 19:00:50,253] {logging_mixin.py:109} INFO - [2022-03-23 19:00:50,253] {dag.py:2935} INFO - Setting next_dagrun for example_external_task_marker_child to None
[2022-03-23 19:00:50,254] {logging_mixin.py:109} INFO - [2022-03-23 19:00:50,254] {dag.py:2935} INFO - Setting next_dagrun for example_external_task_marker_parent to None
[2022-03-23 19:00:50,292] {processor.py:171} INFO - Processing /home/airflow/env/lib/python3.8/site-packages/airflow/example_dags/example_external_task_marker_dag.py took 0.133 seconds
[2022-03-23 19:01:28,133] {processor.py:163} INFO - Started process (PID=8465) to work on /home/airflow/env/lib/python3.8/site-packages/airflow/example_dags/example_external_task_marker_dag.py
[2022-03-23 19:01:28,135] {processor.py:642} INFO - Processing file /home/airflow/env/lib/python3.8/site-packages/airflow/example_dags/example_external_task_marker_dag.py for tasks to queue
[2022-03-23 19:01:28,136] {logging_mixin.py:109} INFO - [2022-03-23 19:01:28,136] {dagbag.py:500} INFO - Filling up the DagBag from /home/airflow/env/lib/python3.8/site-packages/airflow/example_dags/example_external_task_marker_dag.py
[2022-03-23 19:01:28,158] {processor.py:654} INFO - DAG(s) dict_keys(['example_external_task_marker_parent', 'example_external_task_marker_child']) retrieved from /home/airflow/env/lib/python3.8/site-packages/airflow/example_dags/example_external_task_marker_dag.py
[2022-03-23 19:01:28,168] {logging_mixin.py:109} INFO - [2022-03-23 19:01:28,168] {dag.py:2396} INFO - Sync 2 DAGs
[2022-03-23 19:01:28,179] {logging_mixin.py:109} INFO - [2022-03-23 19:01:28,178] {dag.py:2935} INFO - Setting next_dagrun for example_external_task_marker_child to None
[2022-03-23 19:01:28,179] {logging_mixin.py:109} INFO - [2022-03-23 19:01:28,179] {dag.py:2935} INFO - Setting next_dagrun for example_external_task_marker_parent to None
[2022-03-23 19:01:28,197] {processor.py:171} INFO - Processing /home/airflow/env/lib/python3.8/site-packages/airflow/example_dags/example_external_task_marker_dag.py took 0.066 seconds
[2022-03-23 19:02:02,030] {processor.py:163} INFO - Started process (PID=8547) to work on /home/airflow/env/lib/python3.8/site-packages/airflow/example_dags/example_external_task_marker_dag.py
[2022-03-23 19:02:02,031] {processor.py:642} INFO - Processing file /home/airflow/env/lib/python3.8/site-packages/airflow/example_dags/example_external_task_marker_dag.py for tasks to queue
[2022-03-23 19:02:02,031] {logging_mixin.py:109} INFO - [2022-03-23 19:02:02,031] {dagbag.py:500} INFO - Filling up the DagBag from /home/airflow/env/lib/python3.8/site-packages/airflow/example_dags/example_external_task_marker_dag.py
[2022-03-23 19:02:02,051] {processor.py:654} INFO - DAG(s) dict_keys(['example_external_task_marker_parent', 'example_external_task_marker_child']) retrieved from /home/airflow/env/lib/python3.8/site-packages/airflow/example_dags/example_external_task_marker_dag.py
[2022-03-23 19:02:02,061] {logging_mixin.py:109} INFO - [2022-03-23 19:02:02,061] {dag.py:2396} INFO - Sync 2 DAGs
[2022-03-23 19:02:02,073] {logging_mixin.py:109} INFO - [2022-03-23 19:02:02,073] {dag.py:2935} INFO - Setting next_dagrun for example_external_task_marker_child to None
[2022-03-23 19:02:02,073] {logging_mixin.py:109} INFO - [2022-03-23 19:02:02,073] {dag.py:2935} INFO - Setting next_dagrun for example_external_task_marker_parent to None
[2022-03-23 19:02:02,091] {processor.py:171} INFO - Processing /home/airflow/env/lib/python3.8/site-packages/airflow/example_dags/example_external_task_marker_dag.py took 0.064 seconds
[2022-03-23 19:02:38,830] {processor.py:163} INFO - Started process (PID=8637) to work on /home/airflow/env/lib/python3.8/site-packages/airflow/example_dags/example_external_task_marker_dag.py
[2022-03-23 19:02:38,831] {processor.py:642} INFO - Processing file /home/airflow/env/lib/python3.8/site-packages/airflow/example_dags/example_external_task_marker_dag.py for tasks to queue
[2022-03-23 19:02:38,832] {logging_mixin.py:109} INFO - [2022-03-23 19:02:38,832] {dagbag.py:500} INFO - Filling up the DagBag from /home/airflow/env/lib/python3.8/site-packages/airflow/example_dags/example_external_task_marker_dag.py
[2022-03-23 19:02:38,848] {processor.py:654} INFO - DAG(s) dict_keys(['example_external_task_marker_parent', 'example_external_task_marker_child']) retrieved from /home/airflow/env/lib/python3.8/site-packages/airflow/example_dags/example_external_task_marker_dag.py
[2022-03-23 19:02:38,859] {logging_mixin.py:109} INFO - [2022-03-23 19:02:38,859] {dag.py:2396} INFO - Sync 2 DAGs
[2022-03-23 19:02:38,869] {logging_mixin.py:109} INFO - [2022-03-23 19:02:38,869] {dag.py:2935} INFO - Setting next_dagrun for example_external_task_marker_child to None
[2022-03-23 19:02:38,869] {logging_mixin.py:109} INFO - [2022-03-23 19:02:38,869] {dag.py:2935} INFO - Setting next_dagrun for example_external_task_marker_parent to None
[2022-03-23 19:02:38,887] {processor.py:171} INFO - Processing /home/airflow/env/lib/python3.8/site-packages/airflow/example_dags/example_external_task_marker_dag.py took 0.060 seconds
[2022-03-23 19:03:15,307] {processor.py:163} INFO - Started process (PID=8745) to work on /home/airflow/env/lib/python3.8/site-packages/airflow/example_dags/example_external_task_marker_dag.py
[2022-03-23 19:03:15,309] {processor.py:642} INFO - Processing file /home/airflow/env/lib/python3.8/site-packages/airflow/example_dags/example_external_task_marker_dag.py for tasks to queue
[2022-03-23 19:03:15,309] {logging_mixin.py:109} INFO - [2022-03-23 19:03:15,309] {dagbag.py:500} INFO - Filling up the DagBag from /home/airflow/env/lib/python3.8/site-packages/airflow/example_dags/example_external_task_marker_dag.py
[2022-03-23 19:03:15,328] {processor.py:654} INFO - DAG(s) dict_keys(['example_external_task_marker_parent', 'example_external_task_marker_child']) retrieved from /home/airflow/env/lib/python3.8/site-packages/airflow/example_dags/example_external_task_marker_dag.py
[2022-03-23 19:03:15,340] {logging_mixin.py:109} INFO - [2022-03-23 19:03:15,340] {dag.py:2396} INFO - Sync 2 DAGs
[2022-03-23 19:03:15,352] {logging_mixin.py:109} INFO - [2022-03-23 19:03:15,352] {dag.py:2935} INFO - Setting next_dagrun for example_external_task_marker_child to None
[2022-03-23 19:03:15,352] {logging_mixin.py:109} INFO - [2022-03-23 19:03:15,352] {dag.py:2935} INFO - Setting next_dagrun for example_external_task_marker_parent to None
[2022-03-23 19:03:15,365] {processor.py:171} INFO - Processing /home/airflow/env/lib/python3.8/site-packages/airflow/example_dags/example_external_task_marker_dag.py took 0.060 seconds
[2022-03-23 19:03:51,700] {processor.py:163} INFO - Started process (PID=8878) to work on /home/airflow/env/lib/python3.8/site-packages/airflow/example_dags/example_external_task_marker_dag.py
[2022-03-23 19:03:51,701] {processor.py:642} INFO - Processing file /home/airflow/env/lib/python3.8/site-packages/airflow/example_dags/example_external_task_marker_dag.py for tasks to queue
[2022-03-23 19:03:51,702] {logging_mixin.py:109} INFO - [2022-03-23 19:03:51,702] {dagbag.py:500} INFO - Filling up the DagBag from /home/airflow/env/lib/python3.8/site-packages/airflow/example_dags/example_external_task_marker_dag.py
[2022-03-23 19:03:51,726] {processor.py:654} INFO - DAG(s) dict_keys(['example_external_task_marker_parent', 'example_external_task_marker_child']) retrieved from /home/airflow/env/lib/python3.8/site-packages/airflow/example_dags/example_external_task_marker_dag.py
[2022-03-23 19:03:51,736] {logging_mixin.py:109} INFO - [2022-03-23 19:03:51,736] {dag.py:2396} INFO - Sync 2 DAGs
[2022-03-23 19:03:51,759] {logging_mixin.py:109} INFO - [2022-03-23 19:03:51,759] {dag.py:2935} INFO - Setting next_dagrun for example_external_task_marker_child to None
[2022-03-23 19:03:51,759] {logging_mixin.py:109} INFO - [2022-03-23 19:03:51,759] {dag.py:2935} INFO - Setting next_dagrun for example_external_task_marker_parent to None
[2022-03-23 19:03:51,777] {processor.py:171} INFO - Processing /home/airflow/env/lib/python3.8/site-packages/airflow/example_dags/example_external_task_marker_dag.py took 0.081 seconds
[2022-03-23 19:04:28,261] {processor.py:163} INFO - Started process (PID=9028) to work on /home/airflow/env/lib/python3.8/site-packages/airflow/example_dags/example_external_task_marker_dag.py
[2022-03-23 19:04:28,271] {processor.py:642} INFO - Processing file /home/airflow/env/lib/python3.8/site-packages/airflow/example_dags/example_external_task_marker_dag.py for tasks to queue
[2022-03-23 19:04:28,272] {logging_mixin.py:109} INFO - [2022-03-23 19:04:28,272] {dagbag.py:500} INFO - Filling up the DagBag from /home/airflow/env/lib/python3.8/site-packages/airflow/example_dags/example_external_task_marker_dag.py
[2022-03-23 19:04:28,379] {processor.py:654} INFO - DAG(s) dict_keys(['example_external_task_marker_parent', 'example_external_task_marker_child']) retrieved from /home/airflow/env/lib/python3.8/site-packages/airflow/example_dags/example_external_task_marker_dag.py
[2022-03-23 19:04:28,421] {logging_mixin.py:109} INFO - [2022-03-23 19:04:28,413] {dag.py:2396} INFO - Sync 2 DAGs
[2022-03-23 19:04:28,448] {logging_mixin.py:109} INFO - [2022-03-23 19:04:28,448] {dag.py:2935} INFO - Setting next_dagrun for example_external_task_marker_child to None
[2022-03-23 19:04:28,454] {logging_mixin.py:109} INFO - [2022-03-23 19:04:28,454] {dag.py:2935} INFO - Setting next_dagrun for example_external_task_marker_parent to None
[2022-03-23 19:04:28,491] {processor.py:171} INFO - Processing /home/airflow/env/lib/python3.8/site-packages/airflow/example_dags/example_external_task_marker_dag.py took 0.241 seconds
[2022-03-23 19:05:13,158] {processor.py:163} INFO - Started process (PID=9091) to work on /home/airflow/env/lib/python3.8/site-packages/airflow/example_dags/example_external_task_marker_dag.py
[2022-03-23 19:05:13,160] {processor.py:642} INFO - Processing file /home/airflow/env/lib/python3.8/site-packages/airflow/example_dags/example_external_task_marker_dag.py for tasks to queue
[2022-03-23 19:05:13,161] {logging_mixin.py:109} INFO - [2022-03-23 19:05:13,161] {dagbag.py:500} INFO - Filling up the DagBag from /home/airflow/env/lib/python3.8/site-packages/airflow/example_dags/example_external_task_marker_dag.py
[2022-03-23 19:05:13,182] {processor.py:654} INFO - DAG(s) dict_keys(['example_external_task_marker_parent', 'example_external_task_marker_child']) retrieved from /home/airflow/env/lib/python3.8/site-packages/airflow/example_dags/example_external_task_marker_dag.py
[2022-03-23 19:05:13,198] {logging_mixin.py:109} INFO - [2022-03-23 19:05:13,198] {dag.py:2396} INFO - Sync 2 DAGs
[2022-03-23 19:05:13,209] {logging_mixin.py:109} INFO - [2022-03-23 19:05:13,209] {dag.py:2935} INFO - Setting next_dagrun for example_external_task_marker_child to None
[2022-03-23 19:05:13,209] {logging_mixin.py:109} INFO - [2022-03-23 19:05:13,209] {dag.py:2935} INFO - Setting next_dagrun for example_external_task_marker_parent to None
[2022-03-23 19:05:13,221] {processor.py:171} INFO - Processing /home/airflow/env/lib/python3.8/site-packages/airflow/example_dags/example_external_task_marker_dag.py took 0.067 seconds
[2022-03-23 19:05:50,877] {processor.py:163} INFO - Started process (PID=9181) to work on /home/airflow/env/lib/python3.8/site-packages/airflow/example_dags/example_external_task_marker_dag.py
[2022-03-23 19:05:50,878] {processor.py:642} INFO - Processing file /home/airflow/env/lib/python3.8/site-packages/airflow/example_dags/example_external_task_marker_dag.py for tasks to queue
[2022-03-23 19:05:50,878] {logging_mixin.py:109} INFO - [2022-03-23 19:05:50,878] {dagbag.py:500} INFO - Filling up the DagBag from /home/airflow/env/lib/python3.8/site-packages/airflow/example_dags/example_external_task_marker_dag.py
[2022-03-23 19:05:50,895] {processor.py:654} INFO - DAG(s) dict_keys(['example_external_task_marker_parent', 'example_external_task_marker_child']) retrieved from /home/airflow/env/lib/python3.8/site-packages/airflow/example_dags/example_external_task_marker_dag.py
[2022-03-23 19:05:50,906] {logging_mixin.py:109} INFO - [2022-03-23 19:05:50,906] {dag.py:2396} INFO - Sync 2 DAGs
[2022-03-23 19:05:50,917] {logging_mixin.py:109} INFO - [2022-03-23 19:05:50,916] {dag.py:2935} INFO - Setting next_dagrun for example_external_task_marker_child to None
[2022-03-23 19:05:50,917] {logging_mixin.py:109} INFO - [2022-03-23 19:05:50,917] {dag.py:2935} INFO - Setting next_dagrun for example_external_task_marker_parent to None
[2022-03-23 19:05:50,946] {processor.py:171} INFO - Processing /home/airflow/env/lib/python3.8/site-packages/airflow/example_dags/example_external_task_marker_dag.py took 0.071 seconds
[2022-03-23 19:06:25,019] {processor.py:163} INFO - Started process (PID=9217) to work on /home/airflow/env/lib/python3.8/site-packages/airflow/example_dags/example_external_task_marker_dag.py
[2022-03-23 19:06:25,021] {processor.py:642} INFO - Processing file /home/airflow/env/lib/python3.8/site-packages/airflow/example_dags/example_external_task_marker_dag.py for tasks to queue
[2022-03-23 19:06:25,022] {logging_mixin.py:109} INFO - [2022-03-23 19:06:25,022] {dagbag.py:500} INFO - Filling up the DagBag from /home/airflow/env/lib/python3.8/site-packages/airflow/example_dags/example_external_task_marker_dag.py
[2022-03-23 19:06:25,045] {processor.py:654} INFO - DAG(s) dict_keys(['example_external_task_marker_parent', 'example_external_task_marker_child']) retrieved from /home/airflow/env/lib/python3.8/site-packages/airflow/example_dags/example_external_task_marker_dag.py
[2022-03-23 19:06:25,062] {logging_mixin.py:109} INFO - [2022-03-23 19:06:25,062] {dag.py:2396} INFO - Sync 2 DAGs
[2022-03-23 19:06:25,076] {logging_mixin.py:109} INFO - [2022-03-23 19:06:25,076] {dag.py:2935} INFO - Setting next_dagrun for example_external_task_marker_child to None
[2022-03-23 19:06:25,076] {logging_mixin.py:109} INFO - [2022-03-23 19:06:25,076] {dag.py:2935} INFO - Setting next_dagrun for example_external_task_marker_parent to None
[2022-03-23 19:06:25,099] {processor.py:171} INFO - Processing /home/airflow/env/lib/python3.8/site-packages/airflow/example_dags/example_external_task_marker_dag.py took 0.083 seconds
[2022-03-23 19:06:59,785] {processor.py:163} INFO - Started process (PID=9250) to work on /home/airflow/env/lib/python3.8/site-packages/airflow/example_dags/example_external_task_marker_dag.py
[2022-03-23 19:06:59,786] {processor.py:642} INFO - Processing file /home/airflow/env/lib/python3.8/site-packages/airflow/example_dags/example_external_task_marker_dag.py for tasks to queue
[2022-03-23 19:06:59,787] {logging_mixin.py:109} INFO - [2022-03-23 19:06:59,787] {dagbag.py:500} INFO - Filling up the DagBag from /home/airflow/env/lib/python3.8/site-packages/airflow/example_dags/example_external_task_marker_dag.py
[2022-03-23 19:06:59,804] {processor.py:654} INFO - DAG(s) dict_keys(['example_external_task_marker_parent', 'example_external_task_marker_child']) retrieved from /home/airflow/env/lib/python3.8/site-packages/airflow/example_dags/example_external_task_marker_dag.py
[2022-03-23 19:06:59,816] {logging_mixin.py:109} INFO - [2022-03-23 19:06:59,816] {dag.py:2396} INFO - Sync 2 DAGs
[2022-03-23 19:06:59,828] {logging_mixin.py:109} INFO - [2022-03-23 19:06:59,828] {dag.py:2935} INFO - Setting next_dagrun for example_external_task_marker_child to None
[2022-03-23 19:06:59,829] {logging_mixin.py:109} INFO - [2022-03-23 19:06:59,829] {dag.py:2935} INFO - Setting next_dagrun for example_external_task_marker_parent to None
[2022-03-23 19:06:59,843] {processor.py:171} INFO - Processing /home/airflow/env/lib/python3.8/site-packages/airflow/example_dags/example_external_task_marker_dag.py took 0.060 seconds
[2022-03-23 19:07:35,198] {processor.py:163} INFO - Started process (PID=9285) to work on /home/airflow/env/lib/python3.8/site-packages/airflow/example_dags/example_external_task_marker_dag.py
[2022-03-23 19:07:35,200] {processor.py:642} INFO - Processing file /home/airflow/env/lib/python3.8/site-packages/airflow/example_dags/example_external_task_marker_dag.py for tasks to queue
[2022-03-23 19:07:35,200] {logging_mixin.py:109} INFO - [2022-03-23 19:07:35,200] {dagbag.py:500} INFO - Filling up the DagBag from /home/airflow/env/lib/python3.8/site-packages/airflow/example_dags/example_external_task_marker_dag.py
[2022-03-23 19:07:35,227] {processor.py:654} INFO - DAG(s) dict_keys(['example_external_task_marker_parent', 'example_external_task_marker_child']) retrieved from /home/airflow/env/lib/python3.8/site-packages/airflow/example_dags/example_external_task_marker_dag.py
[2022-03-23 19:07:35,238] {logging_mixin.py:109} INFO - [2022-03-23 19:07:35,238] {dag.py:2396} INFO - Sync 2 DAGs
[2022-03-23 19:07:35,252] {logging_mixin.py:109} INFO - [2022-03-23 19:07:35,252] {dag.py:2935} INFO - Setting next_dagrun for example_external_task_marker_child to None
[2022-03-23 19:07:35,252] {logging_mixin.py:109} INFO - [2022-03-23 19:07:35,252] {dag.py:2935} INFO - Setting next_dagrun for example_external_task_marker_parent to None
[2022-03-23 19:07:35,269] {processor.py:171} INFO - Processing /home/airflow/env/lib/python3.8/site-packages/airflow/example_dags/example_external_task_marker_dag.py took 0.073 seconds
[2022-03-23 19:08:11,021] {processor.py:163} INFO - Started process (PID=9321) to work on /home/airflow/env/lib/python3.8/site-packages/airflow/example_dags/example_external_task_marker_dag.py
[2022-03-23 19:08:11,022] {processor.py:642} INFO - Processing file /home/airflow/env/lib/python3.8/site-packages/airflow/example_dags/example_external_task_marker_dag.py for tasks to queue
[2022-03-23 19:08:11,023] {logging_mixin.py:109} INFO - [2022-03-23 19:08:11,023] {dagbag.py:500} INFO - Filling up the DagBag from /home/airflow/env/lib/python3.8/site-packages/airflow/example_dags/example_external_task_marker_dag.py
[2022-03-23 19:08:11,051] {processor.py:654} INFO - DAG(s) dict_keys(['example_external_task_marker_parent', 'example_external_task_marker_child']) retrieved from /home/airflow/env/lib/python3.8/site-packages/airflow/example_dags/example_external_task_marker_dag.py
[2022-03-23 19:08:11,062] {logging_mixin.py:109} INFO - [2022-03-23 19:08:11,062] {dag.py:2396} INFO - Sync 2 DAGs
[2022-03-23 19:08:11,075] {logging_mixin.py:109} INFO - [2022-03-23 19:08:11,075] {dag.py:2935} INFO - Setting next_dagrun for example_external_task_marker_child to None
[2022-03-23 19:08:11,075] {logging_mixin.py:109} INFO - [2022-03-23 19:08:11,075] {dag.py:2935} INFO - Setting next_dagrun for example_external_task_marker_parent to None
[2022-03-23 19:08:11,093] {processor.py:171} INFO - Processing /home/airflow/env/lib/python3.8/site-packages/airflow/example_dags/example_external_task_marker_dag.py took 0.075 seconds
[2022-03-23 19:08:46,295] {processor.py:163} INFO - Started process (PID=9355) to work on /home/airflow/env/lib/python3.8/site-packages/airflow/example_dags/example_external_task_marker_dag.py
[2022-03-23 19:08:46,296] {processor.py:642} INFO - Processing file /home/airflow/env/lib/python3.8/site-packages/airflow/example_dags/example_external_task_marker_dag.py for tasks to queue
[2022-03-23 19:08:46,297] {logging_mixin.py:109} INFO - [2022-03-23 19:08:46,297] {dagbag.py:500} INFO - Filling up the DagBag from /home/airflow/env/lib/python3.8/site-packages/airflow/example_dags/example_external_task_marker_dag.py
[2022-03-23 19:08:46,320] {processor.py:654} INFO - DAG(s) dict_keys(['example_external_task_marker_parent', 'example_external_task_marker_child']) retrieved from /home/airflow/env/lib/python3.8/site-packages/airflow/example_dags/example_external_task_marker_dag.py
[2022-03-23 19:08:46,331] {logging_mixin.py:109} INFO - [2022-03-23 19:08:46,331] {dag.py:2396} INFO - Sync 2 DAGs
[2022-03-23 19:08:46,345] {logging_mixin.py:109} INFO - [2022-03-23 19:08:46,345] {dag.py:2935} INFO - Setting next_dagrun for example_external_task_marker_child to None
[2022-03-23 19:08:46,346] {logging_mixin.py:109} INFO - [2022-03-23 19:08:46,346] {dag.py:2935} INFO - Setting next_dagrun for example_external_task_marker_parent to None
[2022-03-23 19:08:46,369] {processor.py:171} INFO - Processing /home/airflow/env/lib/python3.8/site-packages/airflow/example_dags/example_external_task_marker_dag.py took 0.078 seconds
[2022-03-23 19:09:25,633] {processor.py:163} INFO - Started process (PID=9389) to work on /home/airflow/env/lib/python3.8/site-packages/airflow/example_dags/example_external_task_marker_dag.py
[2022-03-23 19:09:25,635] {processor.py:642} INFO - Processing file /home/airflow/env/lib/python3.8/site-packages/airflow/example_dags/example_external_task_marker_dag.py for tasks to queue
[2022-03-23 19:09:25,635] {logging_mixin.py:109} INFO - [2022-03-23 19:09:25,635] {dagbag.py:500} INFO - Filling up the DagBag from /home/airflow/env/lib/python3.8/site-packages/airflow/example_dags/example_external_task_marker_dag.py
[2022-03-23 19:09:25,657] {processor.py:654} INFO - DAG(s) dict_keys(['example_external_task_marker_parent', 'example_external_task_marker_child']) retrieved from /home/airflow/env/lib/python3.8/site-packages/airflow/example_dags/example_external_task_marker_dag.py
[2022-03-23 19:09:25,670] {logging_mixin.py:109} INFO - [2022-03-23 19:09:25,670] {dag.py:2396} INFO - Sync 2 DAGs
[2022-03-23 19:09:25,684] {logging_mixin.py:109} INFO - [2022-03-23 19:09:25,684] {dag.py:2935} INFO - Setting next_dagrun for example_external_task_marker_child to None
[2022-03-23 19:09:25,684] {logging_mixin.py:109} INFO - [2022-03-23 19:09:25,684] {dag.py:2935} INFO - Setting next_dagrun for example_external_task_marker_parent to None
[2022-03-23 19:09:25,703] {processor.py:171} INFO - Processing /home/airflow/env/lib/python3.8/site-packages/airflow/example_dags/example_external_task_marker_dag.py took 0.072 seconds
[2022-03-23 19:09:59,698] {processor.py:163} INFO - Started process (PID=9422) to work on /home/airflow/env/lib/python3.8/site-packages/airflow/example_dags/example_external_task_marker_dag.py
[2022-03-23 19:09:59,699] {processor.py:642} INFO - Processing file /home/airflow/env/lib/python3.8/site-packages/airflow/example_dags/example_external_task_marker_dag.py for tasks to queue
[2022-03-23 19:09:59,699] {logging_mixin.py:109} INFO - [2022-03-23 19:09:59,699] {dagbag.py:500} INFO - Filling up the DagBag from /home/airflow/env/lib/python3.8/site-packages/airflow/example_dags/example_external_task_marker_dag.py
[2022-03-23 19:09:59,720] {processor.py:654} INFO - DAG(s) dict_keys(['example_external_task_marker_parent', 'example_external_task_marker_child']) retrieved from /home/airflow/env/lib/python3.8/site-packages/airflow/example_dags/example_external_task_marker_dag.py
[2022-03-23 19:09:59,733] {logging_mixin.py:109} INFO - [2022-03-23 19:09:59,733] {dag.py:2396} INFO - Sync 2 DAGs
[2022-03-23 19:09:59,747] {logging_mixin.py:109} INFO - [2022-03-23 19:09:59,746] {dag.py:2935} INFO - Setting next_dagrun for example_external_task_marker_child to None
[2022-03-23 19:09:59,747] {logging_mixin.py:109} INFO - [2022-03-23 19:09:59,747] {dag.py:2935} INFO - Setting next_dagrun for example_external_task_marker_parent to None
[2022-03-23 19:09:59,767] {processor.py:171} INFO - Processing /home/airflow/env/lib/python3.8/site-packages/airflow/example_dags/example_external_task_marker_dag.py took 0.072 seconds
[2022-03-23 19:10:36,376] {processor.py:163} INFO - Started process (PID=9501) to work on /home/airflow/env/lib/python3.8/site-packages/airflow/example_dags/example_external_task_marker_dag.py
[2022-03-23 19:10:36,377] {processor.py:642} INFO - Processing file /home/airflow/env/lib/python3.8/site-packages/airflow/example_dags/example_external_task_marker_dag.py for tasks to queue
[2022-03-23 19:10:36,378] {logging_mixin.py:109} INFO - [2022-03-23 19:10:36,378] {dagbag.py:500} INFO - Filling up the DagBag from /home/airflow/env/lib/python3.8/site-packages/airflow/example_dags/example_external_task_marker_dag.py
[2022-03-23 19:10:36,397] {processor.py:654} INFO - DAG(s) dict_keys(['example_external_task_marker_parent', 'example_external_task_marker_child']) retrieved from /home/airflow/env/lib/python3.8/site-packages/airflow/example_dags/example_external_task_marker_dag.py
[2022-03-23 19:10:36,409] {logging_mixin.py:109} INFO - [2022-03-23 19:10:36,409] {dag.py:2396} INFO - Sync 2 DAGs
[2022-03-23 19:10:36,422] {logging_mixin.py:109} INFO - [2022-03-23 19:10:36,422] {dag.py:2935} INFO - Setting next_dagrun for example_external_task_marker_child to None
[2022-03-23 19:10:36,422] {logging_mixin.py:109} INFO - [2022-03-23 19:10:36,422] {dag.py:2935} INFO - Setting next_dagrun for example_external_task_marker_parent to None
[2022-03-23 19:10:36,442] {processor.py:171} INFO - Processing /home/airflow/env/lib/python3.8/site-packages/airflow/example_dags/example_external_task_marker_dag.py took 0.068 seconds
[2022-03-23 19:11:11,882] {processor.py:163} INFO - Started process (PID=9549) to work on /home/airflow/env/lib/python3.8/site-packages/airflow/example_dags/example_external_task_marker_dag.py
[2022-03-23 19:11:11,883] {processor.py:642} INFO - Processing file /home/airflow/env/lib/python3.8/site-packages/airflow/example_dags/example_external_task_marker_dag.py for tasks to queue
[2022-03-23 19:11:11,884] {logging_mixin.py:109} INFO - [2022-03-23 19:11:11,884] {dagbag.py:500} INFO - Filling up the DagBag from /home/airflow/env/lib/python3.8/site-packages/airflow/example_dags/example_external_task_marker_dag.py
[2022-03-23 19:11:11,908] {processor.py:654} INFO - DAG(s) dict_keys(['example_external_task_marker_parent', 'example_external_task_marker_child']) retrieved from /home/airflow/env/lib/python3.8/site-packages/airflow/example_dags/example_external_task_marker_dag.py
[2022-03-23 19:11:11,922] {logging_mixin.py:109} INFO - [2022-03-23 19:11:11,922] {dag.py:2396} INFO - Sync 2 DAGs
[2022-03-23 19:11:11,937] {logging_mixin.py:109} INFO - [2022-03-23 19:11:11,937] {dag.py:2935} INFO - Setting next_dagrun for example_external_task_marker_child to None
[2022-03-23 19:11:11,937] {logging_mixin.py:109} INFO - [2022-03-23 19:11:11,937] {dag.py:2935} INFO - Setting next_dagrun for example_external_task_marker_parent to None
[2022-03-23 19:11:11,952] {processor.py:171} INFO - Processing /home/airflow/env/lib/python3.8/site-packages/airflow/example_dags/example_external_task_marker_dag.py took 0.075 seconds
[2022-03-23 19:11:45,584] {processor.py:163} INFO - Started process (PID=9582) to work on /home/airflow/env/lib/python3.8/site-packages/airflow/example_dags/example_external_task_marker_dag.py
[2022-03-23 19:11:45,585] {processor.py:642} INFO - Processing file /home/airflow/env/lib/python3.8/site-packages/airflow/example_dags/example_external_task_marker_dag.py for tasks to queue
[2022-03-23 19:11:45,585] {logging_mixin.py:109} INFO - [2022-03-23 19:11:45,585] {dagbag.py:500} INFO - Filling up the DagBag from /home/airflow/env/lib/python3.8/site-packages/airflow/example_dags/example_external_task_marker_dag.py
[2022-03-23 19:11:45,611] {processor.py:654} INFO - DAG(s) dict_keys(['example_external_task_marker_parent', 'example_external_task_marker_child']) retrieved from /home/airflow/env/lib/python3.8/site-packages/airflow/example_dags/example_external_task_marker_dag.py
[2022-03-23 19:11:45,624] {logging_mixin.py:109} INFO - [2022-03-23 19:11:45,624] {dag.py:2396} INFO - Sync 2 DAGs
[2022-03-23 19:11:45,637] {logging_mixin.py:109} INFO - [2022-03-23 19:11:45,637] {dag.py:2935} INFO - Setting next_dagrun for example_external_task_marker_child to None
[2022-03-23 19:11:45,638] {logging_mixin.py:109} INFO - [2022-03-23 19:11:45,638] {dag.py:2935} INFO - Setting next_dagrun for example_external_task_marker_parent to None
[2022-03-23 19:11:45,655] {processor.py:171} INFO - Processing /home/airflow/env/lib/python3.8/site-packages/airflow/example_dags/example_external_task_marker_dag.py took 0.074 seconds
[2022-03-23 19:12:22,216] {processor.py:163} INFO - Started process (PID=9705) to work on /home/airflow/env/lib/python3.8/site-packages/airflow/example_dags/example_external_task_marker_dag.py
[2022-03-23 19:12:22,223] {processor.py:642} INFO - Processing file /home/airflow/env/lib/python3.8/site-packages/airflow/example_dags/example_external_task_marker_dag.py for tasks to queue
[2022-03-23 19:12:22,224] {logging_mixin.py:109} INFO - [2022-03-23 19:12:22,224] {dagbag.py:500} INFO - Filling up the DagBag from /home/airflow/env/lib/python3.8/site-packages/airflow/example_dags/example_external_task_marker_dag.py
[2022-03-23 19:12:22,245] {processor.py:654} INFO - DAG(s) dict_keys(['example_external_task_marker_parent', 'example_external_task_marker_child']) retrieved from /home/airflow/env/lib/python3.8/site-packages/airflow/example_dags/example_external_task_marker_dag.py
[2022-03-23 19:12:22,259] {logging_mixin.py:109} INFO - [2022-03-23 19:12:22,259] {dag.py:2396} INFO - Sync 2 DAGs
[2022-03-23 19:12:22,273] {logging_mixin.py:109} INFO - [2022-03-23 19:12:22,273] {dag.py:2935} INFO - Setting next_dagrun for example_external_task_marker_child to None
[2022-03-23 19:12:22,274] {logging_mixin.py:109} INFO - [2022-03-23 19:12:22,274] {dag.py:2935} INFO - Setting next_dagrun for example_external_task_marker_parent to None
[2022-03-23 19:12:22,289] {processor.py:171} INFO - Processing /home/airflow/env/lib/python3.8/site-packages/airflow/example_dags/example_external_task_marker_dag.py took 0.076 seconds
[2022-03-23 19:12:58,794] {processor.py:163} INFO - Started process (PID=9844) to work on /home/airflow/env/lib/python3.8/site-packages/airflow/example_dags/example_external_task_marker_dag.py
[2022-03-23 19:12:58,796] {processor.py:642} INFO - Processing file /home/airflow/env/lib/python3.8/site-packages/airflow/example_dags/example_external_task_marker_dag.py for tasks to queue
[2022-03-23 19:12:58,797] {logging_mixin.py:109} INFO - [2022-03-23 19:12:58,797] {dagbag.py:500} INFO - Filling up the DagBag from /home/airflow/env/lib/python3.8/site-packages/airflow/example_dags/example_external_task_marker_dag.py
[2022-03-23 19:12:58,825] {processor.py:654} INFO - DAG(s) dict_keys(['example_external_task_marker_parent', 'example_external_task_marker_child']) retrieved from /home/airflow/env/lib/python3.8/site-packages/airflow/example_dags/example_external_task_marker_dag.py
[2022-03-23 19:12:58,841] {logging_mixin.py:109} INFO - [2022-03-23 19:12:58,841] {dag.py:2396} INFO - Sync 2 DAGs
[2022-03-23 19:12:58,851] {logging_mixin.py:109} INFO - [2022-03-23 19:12:58,851] {dag.py:2935} INFO - Setting next_dagrun for example_external_task_marker_child to None
[2022-03-23 19:12:58,852] {logging_mixin.py:109} INFO - [2022-03-23 19:12:58,852] {dag.py:2935} INFO - Setting next_dagrun for example_external_task_marker_parent to None
[2022-03-23 19:12:58,872] {processor.py:171} INFO - Processing /home/airflow/env/lib/python3.8/site-packages/airflow/example_dags/example_external_task_marker_dag.py took 0.081 seconds
[2022-03-23 19:13:34,271] {processor.py:163} INFO - Started process (PID=10064) to work on /home/airflow/env/lib/python3.8/site-packages/airflow/example_dags/example_external_task_marker_dag.py
[2022-03-23 19:13:34,273] {processor.py:642} INFO - Processing file /home/airflow/env/lib/python3.8/site-packages/airflow/example_dags/example_external_task_marker_dag.py for tasks to queue
[2022-03-23 19:13:34,273] {logging_mixin.py:109} INFO - [2022-03-23 19:13:34,273] {dagbag.py:500} INFO - Filling up the DagBag from /home/airflow/env/lib/python3.8/site-packages/airflow/example_dags/example_external_task_marker_dag.py
[2022-03-23 19:13:34,289] {processor.py:654} INFO - DAG(s) dict_keys(['example_external_task_marker_parent', 'example_external_task_marker_child']) retrieved from /home/airflow/env/lib/python3.8/site-packages/airflow/example_dags/example_external_task_marker_dag.py
[2022-03-23 19:13:34,299] {logging_mixin.py:109} INFO - [2022-03-23 19:13:34,299] {dag.py:2396} INFO - Sync 2 DAGs
[2022-03-23 19:13:34,310] {logging_mixin.py:109} INFO - [2022-03-23 19:13:34,310] {dag.py:2935} INFO - Setting next_dagrun for example_external_task_marker_child to None
[2022-03-23 19:13:34,311] {logging_mixin.py:109} INFO - [2022-03-23 19:13:34,311] {dag.py:2935} INFO - Setting next_dagrun for example_external_task_marker_parent to None
[2022-03-23 19:13:34,329] {processor.py:171} INFO - Processing /home/airflow/env/lib/python3.8/site-packages/airflow/example_dags/example_external_task_marker_dag.py took 0.060 seconds
