[2022-03-23 18:35:35,677] {processor.py:163} INFO - Started process (PID=5145) to work on /home/airflow/env/lib/python3.8/site-packages/airflow/example_dags/example_xcomargs.py
[2022-03-23 18:35:35,678] {processor.py:642} INFO - Processing file /home/airflow/env/lib/python3.8/site-packages/airflow/example_dags/example_xcomargs.py for tasks to queue
[2022-03-23 18:35:35,678] {logging_mixin.py:109} INFO - [2022-03-23 18:35:35,678] {dagbag.py:500} INFO - Filling up the DagBag from /home/airflow/env/lib/python3.8/site-packages/airflow/example_dags/example_xcomargs.py
[2022-03-23 18:35:35,699] {processor.py:654} INFO - DAG(s) dict_keys(['example_xcom_args', 'example_xcom_args_with_operators']) retrieved from /home/airflow/env/lib/python3.8/site-packages/airflow/example_dags/example_xcomargs.py
[2022-03-23 18:35:35,906] {logging_mixin.py:109} INFO - [2022-03-23 18:35:35,906] {dag.py:2396} INFO - Sync 2 DAGs
[2022-03-23 18:35:35,915] {logging_mixin.py:109} INFO - [2022-03-23 18:35:35,915] {dag.py:2935} INFO - Setting next_dagrun for example_xcom_args to None
[2022-03-23 18:35:35,916] {logging_mixin.py:109} INFO - [2022-03-23 18:35:35,916] {dag.py:2935} INFO - Setting next_dagrun for example_xcom_args_with_operators to None
[2022-03-23 18:35:35,939] {processor.py:171} INFO - Processing /home/airflow/env/lib/python3.8/site-packages/airflow/example_dags/example_xcomargs.py took 0.264 seconds
[2022-03-23 18:36:09,145] {processor.py:163} INFO - Started process (PID=5177) to work on /home/airflow/env/lib/python3.8/site-packages/airflow/example_dags/example_xcomargs.py
[2022-03-23 18:36:09,146] {processor.py:642} INFO - Processing file /home/airflow/env/lib/python3.8/site-packages/airflow/example_dags/example_xcomargs.py for tasks to queue
[2022-03-23 18:36:09,147] {logging_mixin.py:109} INFO - [2022-03-23 18:36:09,147] {dagbag.py:500} INFO - Filling up the DagBag from /home/airflow/env/lib/python3.8/site-packages/airflow/example_dags/example_xcomargs.py
[2022-03-23 18:36:09,169] {processor.py:654} INFO - DAG(s) dict_keys(['example_xcom_args', 'example_xcom_args_with_operators']) retrieved from /home/airflow/env/lib/python3.8/site-packages/airflow/example_dags/example_xcomargs.py
[2022-03-23 18:36:09,393] {logging_mixin.py:109} INFO - [2022-03-23 18:36:09,393] {dag.py:2396} INFO - Sync 2 DAGs
[2022-03-23 18:36:09,403] {logging_mixin.py:109} INFO - [2022-03-23 18:36:09,403] {dag.py:2935} INFO - Setting next_dagrun for example_xcom_args to None
[2022-03-23 18:36:09,403] {logging_mixin.py:109} INFO - [2022-03-23 18:36:09,403] {dag.py:2935} INFO - Setting next_dagrun for example_xcom_args_with_operators to None
[2022-03-23 18:36:09,424] {processor.py:171} INFO - Processing /home/airflow/env/lib/python3.8/site-packages/airflow/example_dags/example_xcomargs.py took 0.281 seconds
[2022-03-23 18:36:41,606] {processor.py:163} INFO - Started process (PID=5269) to work on /home/airflow/env/lib/python3.8/site-packages/airflow/example_dags/example_xcomargs.py
[2022-03-23 18:36:41,608] {processor.py:642} INFO - Processing file /home/airflow/env/lib/python3.8/site-packages/airflow/example_dags/example_xcomargs.py for tasks to queue
[2022-03-23 18:36:41,608] {logging_mixin.py:109} INFO - [2022-03-23 18:36:41,608] {dagbag.py:500} INFO - Filling up the DagBag from /home/airflow/env/lib/python3.8/site-packages/airflow/example_dags/example_xcomargs.py
[2022-03-23 18:36:41,635] {processor.py:654} INFO - DAG(s) dict_keys(['example_xcom_args', 'example_xcom_args_with_operators']) retrieved from /home/airflow/env/lib/python3.8/site-packages/airflow/example_dags/example_xcomargs.py
[2022-03-23 18:36:41,846] {logging_mixin.py:109} INFO - [2022-03-23 18:36:41,846] {dag.py:2396} INFO - Sync 2 DAGs
[2022-03-23 18:36:41,857] {logging_mixin.py:109} INFO - [2022-03-23 18:36:41,857] {dag.py:2935} INFO - Setting next_dagrun for example_xcom_args to None
[2022-03-23 18:36:41,857] {logging_mixin.py:109} INFO - [2022-03-23 18:36:41,857] {dag.py:2935} INFO - Setting next_dagrun for example_xcom_args_with_operators to None
[2022-03-23 18:36:41,876] {processor.py:171} INFO - Processing /home/airflow/env/lib/python3.8/site-packages/airflow/example_dags/example_xcomargs.py took 0.276 seconds
[2022-03-23 18:37:16,478] {processor.py:163} INFO - Started process (PID=5364) to work on /home/airflow/env/lib/python3.8/site-packages/airflow/example_dags/example_xcomargs.py
[2022-03-23 18:37:16,479] {processor.py:642} INFO - Processing file /home/airflow/env/lib/python3.8/site-packages/airflow/example_dags/example_xcomargs.py for tasks to queue
[2022-03-23 18:37:16,479] {logging_mixin.py:109} INFO - [2022-03-23 18:37:16,479] {dagbag.py:500} INFO - Filling up the DagBag from /home/airflow/env/lib/python3.8/site-packages/airflow/example_dags/example_xcomargs.py
[2022-03-23 18:37:16,511] {processor.py:654} INFO - DAG(s) dict_keys(['example_xcom_args', 'example_xcom_args_with_operators']) retrieved from /home/airflow/env/lib/python3.8/site-packages/airflow/example_dags/example_xcomargs.py
[2022-03-23 18:37:16,746] {logging_mixin.py:109} INFO - [2022-03-23 18:37:16,746] {dag.py:2396} INFO - Sync 2 DAGs
[2022-03-23 18:37:16,759] {logging_mixin.py:109} INFO - [2022-03-23 18:37:16,759] {dag.py:2935} INFO - Setting next_dagrun for example_xcom_args to None
[2022-03-23 18:37:16,760] {logging_mixin.py:109} INFO - [2022-03-23 18:37:16,760] {dag.py:2935} INFO - Setting next_dagrun for example_xcom_args_with_operators to None
[2022-03-23 18:37:16,775] {processor.py:171} INFO - Processing /home/airflow/env/lib/python3.8/site-packages/airflow/example_dags/example_xcomargs.py took 0.299 seconds
[2022-03-23 18:37:51,446] {processor.py:163} INFO - Started process (PID=5400) to work on /home/airflow/env/lib/python3.8/site-packages/airflow/example_dags/example_xcomargs.py
[2022-03-23 18:37:51,447] {processor.py:642} INFO - Processing file /home/airflow/env/lib/python3.8/site-packages/airflow/example_dags/example_xcomargs.py for tasks to queue
[2022-03-23 18:37:51,447] {logging_mixin.py:109} INFO - [2022-03-23 18:37:51,447] {dagbag.py:500} INFO - Filling up the DagBag from /home/airflow/env/lib/python3.8/site-packages/airflow/example_dags/example_xcomargs.py
[2022-03-23 18:37:51,472] {processor.py:654} INFO - DAG(s) dict_keys(['example_xcom_args', 'example_xcom_args_with_operators']) retrieved from /home/airflow/env/lib/python3.8/site-packages/airflow/example_dags/example_xcomargs.py
[2022-03-23 18:37:51,734] {logging_mixin.py:109} INFO - [2022-03-23 18:37:51,734] {dag.py:2396} INFO - Sync 2 DAGs
[2022-03-23 18:37:51,750] {logging_mixin.py:109} INFO - [2022-03-23 18:37:51,750] {dag.py:2935} INFO - Setting next_dagrun for example_xcom_args to None
[2022-03-23 18:37:51,750] {logging_mixin.py:109} INFO - [2022-03-23 18:37:51,750] {dag.py:2935} INFO - Setting next_dagrun for example_xcom_args_with_operators to None
[2022-03-23 18:37:51,767] {processor.py:171} INFO - Processing /home/airflow/env/lib/python3.8/site-packages/airflow/example_dags/example_xcomargs.py took 0.324 seconds
[2022-03-23 18:38:26,487] {processor.py:163} INFO - Started process (PID=5490) to work on /home/airflow/env/lib/python3.8/site-packages/airflow/example_dags/example_xcomargs.py
[2022-03-23 18:38:26,488] {processor.py:642} INFO - Processing file /home/airflow/env/lib/python3.8/site-packages/airflow/example_dags/example_xcomargs.py for tasks to queue
[2022-03-23 18:38:26,489] {logging_mixin.py:109} INFO - [2022-03-23 18:38:26,489] {dagbag.py:500} INFO - Filling up the DagBag from /home/airflow/env/lib/python3.8/site-packages/airflow/example_dags/example_xcomargs.py
[2022-03-23 18:38:26,516] {processor.py:654} INFO - DAG(s) dict_keys(['example_xcom_args', 'example_xcom_args_with_operators']) retrieved from /home/airflow/env/lib/python3.8/site-packages/airflow/example_dags/example_xcomargs.py
[2022-03-23 18:38:26,765] {logging_mixin.py:109} INFO - [2022-03-23 18:38:26,765] {dag.py:2396} INFO - Sync 2 DAGs
[2022-03-23 18:38:26,777] {logging_mixin.py:109} INFO - [2022-03-23 18:38:26,777] {dag.py:2935} INFO - Setting next_dagrun for example_xcom_args to None
[2022-03-23 18:38:26,778] {logging_mixin.py:109} INFO - [2022-03-23 18:38:26,778] {dag.py:2935} INFO - Setting next_dagrun for example_xcom_args_with_operators to None
[2022-03-23 18:38:26,798] {processor.py:171} INFO - Processing /home/airflow/env/lib/python3.8/site-packages/airflow/example_dags/example_xcomargs.py took 0.315 seconds
[2022-03-23 18:39:01,948] {processor.py:163} INFO - Started process (PID=5522) to work on /home/airflow/env/lib/python3.8/site-packages/airflow/example_dags/example_xcomargs.py
[2022-03-23 18:39:01,952] {processor.py:642} INFO - Processing file /home/airflow/env/lib/python3.8/site-packages/airflow/example_dags/example_xcomargs.py for tasks to queue
[2022-03-23 18:39:01,953] {logging_mixin.py:109} INFO - [2022-03-23 18:39:01,953] {dagbag.py:500} INFO - Filling up the DagBag from /home/airflow/env/lib/python3.8/site-packages/airflow/example_dags/example_xcomargs.py
[2022-03-23 18:39:02,088] {processor.py:654} INFO - DAG(s) dict_keys(['example_xcom_args', 'example_xcom_args_with_operators']) retrieved from /home/airflow/env/lib/python3.8/site-packages/airflow/example_dags/example_xcomargs.py
[2022-03-23 18:39:02,789] {logging_mixin.py:109} INFO - [2022-03-23 18:39:02,789] {dag.py:2396} INFO - Sync 2 DAGs
[2022-03-23 18:39:02,824] {logging_mixin.py:109} INFO - [2022-03-23 18:39:02,824] {dag.py:2935} INFO - Setting next_dagrun for example_xcom_args to None
[2022-03-23 18:39:02,831] {logging_mixin.py:109} INFO - [2022-03-23 18:39:02,831] {dag.py:2935} INFO - Setting next_dagrun for example_xcom_args_with_operators to None
[2022-03-23 18:39:02,872] {processor.py:171} INFO - Processing /home/airflow/env/lib/python3.8/site-packages/airflow/example_dags/example_xcomargs.py took 0.935 seconds
[2022-03-23 18:39:41,458] {processor.py:163} INFO - Started process (PID=5668) to work on /home/airflow/env/lib/python3.8/site-packages/airflow/example_dags/example_xcomargs.py
[2022-03-23 18:39:41,465] {processor.py:642} INFO - Processing file /home/airflow/env/lib/python3.8/site-packages/airflow/example_dags/example_xcomargs.py for tasks to queue
[2022-03-23 18:39:41,465] {logging_mixin.py:109} INFO - [2022-03-23 18:39:41,465] {dagbag.py:500} INFO - Filling up the DagBag from /home/airflow/env/lib/python3.8/site-packages/airflow/example_dags/example_xcomargs.py
[2022-03-23 18:39:41,492] {processor.py:654} INFO - DAG(s) dict_keys(['example_xcom_args', 'example_xcom_args_with_operators']) retrieved from /home/airflow/env/lib/python3.8/site-packages/airflow/example_dags/example_xcomargs.py
[2022-03-23 18:39:41,727] {logging_mixin.py:109} INFO - [2022-03-23 18:39:41,727] {dag.py:2396} INFO - Sync 2 DAGs
[2022-03-23 18:39:41,740] {logging_mixin.py:109} INFO - [2022-03-23 18:39:41,740] {dag.py:2935} INFO - Setting next_dagrun for example_xcom_args to None
[2022-03-23 18:39:41,741] {logging_mixin.py:109} INFO - [2022-03-23 18:39:41,741] {dag.py:2935} INFO - Setting next_dagrun for example_xcom_args_with_operators to None
[2022-03-23 18:39:41,778] {processor.py:171} INFO - Processing /home/airflow/env/lib/python3.8/site-packages/airflow/example_dags/example_xcomargs.py took 0.323 seconds
[2022-03-23 18:40:14,454] {processor.py:163} INFO - Started process (PID=5728) to work on /home/airflow/env/lib/python3.8/site-packages/airflow/example_dags/example_xcomargs.py
[2022-03-23 18:40:14,456] {processor.py:642} INFO - Processing file /home/airflow/env/lib/python3.8/site-packages/airflow/example_dags/example_xcomargs.py for tasks to queue
[2022-03-23 18:40:14,456] {logging_mixin.py:109} INFO - [2022-03-23 18:40:14,456] {dagbag.py:500} INFO - Filling up the DagBag from /home/airflow/env/lib/python3.8/site-packages/airflow/example_dags/example_xcomargs.py
[2022-03-23 18:40:14,479] {processor.py:654} INFO - DAG(s) dict_keys(['example_xcom_args', 'example_xcom_args_with_operators']) retrieved from /home/airflow/env/lib/python3.8/site-packages/airflow/example_dags/example_xcomargs.py
[2022-03-23 18:40:14,700] {logging_mixin.py:109} INFO - [2022-03-23 18:40:14,700] {dag.py:2396} INFO - Sync 2 DAGs
[2022-03-23 18:40:14,751] {logging_mixin.py:109} INFO - [2022-03-23 18:40:14,751] {dag.py:2935} INFO - Setting next_dagrun for example_xcom_args to None
[2022-03-23 18:40:14,752] {logging_mixin.py:109} INFO - [2022-03-23 18:40:14,752] {dag.py:2935} INFO - Setting next_dagrun for example_xcom_args_with_operators to None
[2022-03-23 18:40:14,775] {processor.py:171} INFO - Processing /home/airflow/env/lib/python3.8/site-packages/airflow/example_dags/example_xcomargs.py took 0.323 seconds
[2022-03-23 18:40:47,352] {processor.py:163} INFO - Started process (PID=5923) to work on /home/airflow/env/lib/python3.8/site-packages/airflow/example_dags/example_xcomargs.py
[2022-03-23 18:40:47,354] {processor.py:642} INFO - Processing file /home/airflow/env/lib/python3.8/site-packages/airflow/example_dags/example_xcomargs.py for tasks to queue
[2022-03-23 18:40:47,354] {logging_mixin.py:109} INFO - [2022-03-23 18:40:47,354] {dagbag.py:500} INFO - Filling up the DagBag from /home/airflow/env/lib/python3.8/site-packages/airflow/example_dags/example_xcomargs.py
[2022-03-23 18:40:47,381] {processor.py:654} INFO - DAG(s) dict_keys(['example_xcom_args', 'example_xcom_args_with_operators']) retrieved from /home/airflow/env/lib/python3.8/site-packages/airflow/example_dags/example_xcomargs.py
[2022-03-23 18:40:47,615] {logging_mixin.py:109} INFO - [2022-03-23 18:40:47,615] {dag.py:2396} INFO - Sync 2 DAGs
[2022-03-23 18:40:47,626] {logging_mixin.py:109} INFO - [2022-03-23 18:40:47,626] {dag.py:2935} INFO - Setting next_dagrun for example_xcom_args to None
[2022-03-23 18:40:47,626] {logging_mixin.py:109} INFO - [2022-03-23 18:40:47,626] {dag.py:2935} INFO - Setting next_dagrun for example_xcom_args_with_operators to None
[2022-03-23 18:40:47,644] {processor.py:171} INFO - Processing /home/airflow/env/lib/python3.8/site-packages/airflow/example_dags/example_xcomargs.py took 0.296 seconds
[2022-03-23 18:41:19,588] {processor.py:163} INFO - Started process (PID=6032) to work on /home/airflow/env/lib/python3.8/site-packages/airflow/example_dags/example_xcomargs.py
[2022-03-23 18:41:19,589] {processor.py:642} INFO - Processing file /home/airflow/env/lib/python3.8/site-packages/airflow/example_dags/example_xcomargs.py for tasks to queue
[2022-03-23 18:41:19,589] {logging_mixin.py:109} INFO - [2022-03-23 18:41:19,589] {dagbag.py:500} INFO - Filling up the DagBag from /home/airflow/env/lib/python3.8/site-packages/airflow/example_dags/example_xcomargs.py
[2022-03-23 18:41:19,614] {processor.py:654} INFO - DAG(s) dict_keys(['example_xcom_args', 'example_xcom_args_with_operators']) retrieved from /home/airflow/env/lib/python3.8/site-packages/airflow/example_dags/example_xcomargs.py
[2022-03-23 18:41:19,829] {logging_mixin.py:109} INFO - [2022-03-23 18:41:19,829] {dag.py:2396} INFO - Sync 2 DAGs
[2022-03-23 18:41:19,841] {logging_mixin.py:109} INFO - [2022-03-23 18:41:19,841] {dag.py:2935} INFO - Setting next_dagrun for example_xcom_args to None
[2022-03-23 18:41:19,841] {logging_mixin.py:109} INFO - [2022-03-23 18:41:19,841] {dag.py:2935} INFO - Setting next_dagrun for example_xcom_args_with_operators to None
[2022-03-23 18:41:19,863] {processor.py:171} INFO - Processing /home/airflow/env/lib/python3.8/site-packages/airflow/example_dags/example_xcomargs.py took 0.279 seconds
[2022-03-23 18:42:02,753] {processor.py:163} INFO - Started process (PID=6235) to work on /home/airflow/env/lib/python3.8/site-packages/airflow/example_dags/example_xcomargs.py
[2022-03-23 18:42:02,759] {processor.py:642} INFO - Processing file /home/airflow/env/lib/python3.8/site-packages/airflow/example_dags/example_xcomargs.py for tasks to queue
[2022-03-23 18:42:02,760] {logging_mixin.py:109} INFO - [2022-03-23 18:42:02,760] {dagbag.py:500} INFO - Filling up the DagBag from /home/airflow/env/lib/python3.8/site-packages/airflow/example_dags/example_xcomargs.py
[2022-03-23 18:42:02,786] {processor.py:654} INFO - DAG(s) dict_keys(['example_xcom_args', 'example_xcom_args_with_operators']) retrieved from /home/airflow/env/lib/python3.8/site-packages/airflow/example_dags/example_xcomargs.py
[2022-03-23 18:42:03,005] {logging_mixin.py:109} INFO - [2022-03-23 18:42:03,005] {dag.py:2396} INFO - Sync 2 DAGs
[2022-03-23 18:42:03,015] {logging_mixin.py:109} INFO - [2022-03-23 18:42:03,015] {dag.py:2935} INFO - Setting next_dagrun for example_xcom_args to None
[2022-03-23 18:42:03,015] {logging_mixin.py:109} INFO - [2022-03-23 18:42:03,015] {dag.py:2935} INFO - Setting next_dagrun for example_xcom_args_with_operators to None
[2022-03-23 18:42:03,032] {processor.py:171} INFO - Processing /home/airflow/env/lib/python3.8/site-packages/airflow/example_dags/example_xcomargs.py took 0.281 seconds
[2022-03-23 18:42:34,574] {processor.py:163} INFO - Started process (PID=6387) to work on /home/airflow/env/lib/python3.8/site-packages/airflow/example_dags/example_xcomargs.py
[2022-03-23 18:42:34,575] {processor.py:642} INFO - Processing file /home/airflow/env/lib/python3.8/site-packages/airflow/example_dags/example_xcomargs.py for tasks to queue
[2022-03-23 18:42:34,576] {logging_mixin.py:109} INFO - [2022-03-23 18:42:34,576] {dagbag.py:500} INFO - Filling up the DagBag from /home/airflow/env/lib/python3.8/site-packages/airflow/example_dags/example_xcomargs.py
[2022-03-23 18:42:34,603] {processor.py:654} INFO - DAG(s) dict_keys(['example_xcom_args', 'example_xcom_args_with_operators']) retrieved from /home/airflow/env/lib/python3.8/site-packages/airflow/example_dags/example_xcomargs.py
[2022-03-23 18:42:34,828] {logging_mixin.py:109} INFO - [2022-03-23 18:42:34,828] {dag.py:2396} INFO - Sync 2 DAGs
[2022-03-23 18:42:34,841] {logging_mixin.py:109} INFO - [2022-03-23 18:42:34,841] {dag.py:2935} INFO - Setting next_dagrun for example_xcom_args to None
[2022-03-23 18:42:34,841] {logging_mixin.py:109} INFO - [2022-03-23 18:42:34,841] {dag.py:2935} INFO - Setting next_dagrun for example_xcom_args_with_operators to None
[2022-03-23 18:42:34,865] {processor.py:171} INFO - Processing /home/airflow/env/lib/python3.8/site-packages/airflow/example_dags/example_xcomargs.py took 0.293 seconds
[2022-03-23 18:43:06,201] {processor.py:163} INFO - Started process (PID=6448) to work on /home/airflow/env/lib/python3.8/site-packages/airflow/example_dags/example_xcomargs.py
[2022-03-23 18:43:06,203] {processor.py:642} INFO - Processing file /home/airflow/env/lib/python3.8/site-packages/airflow/example_dags/example_xcomargs.py for tasks to queue
[2022-03-23 18:43:06,203] {logging_mixin.py:109} INFO - [2022-03-23 18:43:06,203] {dagbag.py:500} INFO - Filling up the DagBag from /home/airflow/env/lib/python3.8/site-packages/airflow/example_dags/example_xcomargs.py
[2022-03-23 18:43:06,232] {processor.py:654} INFO - DAG(s) dict_keys(['example_xcom_args', 'example_xcom_args_with_operators']) retrieved from /home/airflow/env/lib/python3.8/site-packages/airflow/example_dags/example_xcomargs.py
[2022-03-23 18:43:06,474] {logging_mixin.py:109} INFO - [2022-03-23 18:43:06,474] {dag.py:2396} INFO - Sync 2 DAGs
[2022-03-23 18:43:06,489] {logging_mixin.py:109} INFO - [2022-03-23 18:43:06,489] {dag.py:2935} INFO - Setting next_dagrun for example_xcom_args to None
[2022-03-23 18:43:06,489] {logging_mixin.py:109} INFO - [2022-03-23 18:43:06,489] {dag.py:2935} INFO - Setting next_dagrun for example_xcom_args_with_operators to None
[2022-03-23 18:43:06,506] {processor.py:171} INFO - Processing /home/airflow/env/lib/python3.8/site-packages/airflow/example_dags/example_xcomargs.py took 0.308 seconds
[2022-03-23 18:43:38,773] {processor.py:163} INFO - Started process (PID=6480) to work on /home/airflow/env/lib/python3.8/site-packages/airflow/example_dags/example_xcomargs.py
[2022-03-23 18:43:38,774] {processor.py:642} INFO - Processing file /home/airflow/env/lib/python3.8/site-packages/airflow/example_dags/example_xcomargs.py for tasks to queue
[2022-03-23 18:43:38,775] {logging_mixin.py:109} INFO - [2022-03-23 18:43:38,775] {dagbag.py:500} INFO - Filling up the DagBag from /home/airflow/env/lib/python3.8/site-packages/airflow/example_dags/example_xcomargs.py
[2022-03-23 18:43:38,809] {processor.py:654} INFO - DAG(s) dict_keys(['example_xcom_args', 'example_xcom_args_with_operators']) retrieved from /home/airflow/env/lib/python3.8/site-packages/airflow/example_dags/example_xcomargs.py
[2022-03-23 18:43:39,065] {logging_mixin.py:109} INFO - [2022-03-23 18:43:39,065] {dag.py:2396} INFO - Sync 2 DAGs
[2022-03-23 18:43:39,077] {logging_mixin.py:109} INFO - [2022-03-23 18:43:39,077] {dag.py:2935} INFO - Setting next_dagrun for example_xcom_args to None
[2022-03-23 18:43:39,077] {logging_mixin.py:109} INFO - [2022-03-23 18:43:39,077] {dag.py:2935} INFO - Setting next_dagrun for example_xcom_args_with_operators to None
[2022-03-23 18:43:39,098] {processor.py:171} INFO - Processing /home/airflow/env/lib/python3.8/site-packages/airflow/example_dags/example_xcomargs.py took 0.328 seconds
[2022-03-23 18:44:13,561] {processor.py:163} INFO - Started process (PID=6512) to work on /home/airflow/env/lib/python3.8/site-packages/airflow/example_dags/example_xcomargs.py
[2022-03-23 18:44:13,563] {processor.py:642} INFO - Processing file /home/airflow/env/lib/python3.8/site-packages/airflow/example_dags/example_xcomargs.py for tasks to queue
[2022-03-23 18:44:13,564] {logging_mixin.py:109} INFO - [2022-03-23 18:44:13,564] {dagbag.py:500} INFO - Filling up the DagBag from /home/airflow/env/lib/python3.8/site-packages/airflow/example_dags/example_xcomargs.py
[2022-03-23 18:44:13,590] {processor.py:654} INFO - DAG(s) dict_keys(['example_xcom_args', 'example_xcom_args_with_operators']) retrieved from /home/airflow/env/lib/python3.8/site-packages/airflow/example_dags/example_xcomargs.py
[2022-03-23 18:44:13,945] {logging_mixin.py:109} INFO - [2022-03-23 18:44:13,945] {dag.py:2396} INFO - Sync 2 DAGs
[2022-03-23 18:44:13,967] {logging_mixin.py:109} INFO - [2022-03-23 18:44:13,967] {dag.py:2935} INFO - Setting next_dagrun for example_xcom_args to None
[2022-03-23 18:44:13,968] {logging_mixin.py:109} INFO - [2022-03-23 18:44:13,968] {dag.py:2935} INFO - Setting next_dagrun for example_xcom_args_with_operators to None
[2022-03-23 18:44:13,988] {processor.py:171} INFO - Processing /home/airflow/env/lib/python3.8/site-packages/airflow/example_dags/example_xcomargs.py took 0.429 seconds
[2022-03-23 18:44:48,462] {processor.py:163} INFO - Started process (PID=6544) to work on /home/airflow/env/lib/python3.8/site-packages/airflow/example_dags/example_xcomargs.py
[2022-03-23 18:44:48,463] {processor.py:642} INFO - Processing file /home/airflow/env/lib/python3.8/site-packages/airflow/example_dags/example_xcomargs.py for tasks to queue
[2022-03-23 18:44:48,463] {logging_mixin.py:109} INFO - [2022-03-23 18:44:48,463] {dagbag.py:500} INFO - Filling up the DagBag from /home/airflow/env/lib/python3.8/site-packages/airflow/example_dags/example_xcomargs.py
[2022-03-23 18:44:48,492] {processor.py:654} INFO - DAG(s) dict_keys(['example_xcom_args', 'example_xcom_args_with_operators']) retrieved from /home/airflow/env/lib/python3.8/site-packages/airflow/example_dags/example_xcomargs.py
[2022-03-23 18:44:48,726] {logging_mixin.py:109} INFO - [2022-03-23 18:44:48,726] {dag.py:2396} INFO - Sync 2 DAGs
[2022-03-23 18:44:48,742] {logging_mixin.py:109} INFO - [2022-03-23 18:44:48,742] {dag.py:2935} INFO - Setting next_dagrun for example_xcom_args to None
[2022-03-23 18:44:48,743] {logging_mixin.py:109} INFO - [2022-03-23 18:44:48,743] {dag.py:2935} INFO - Setting next_dagrun for example_xcom_args_with_operators to None
[2022-03-23 18:44:48,761] {processor.py:171} INFO - Processing /home/airflow/env/lib/python3.8/site-packages/airflow/example_dags/example_xcomargs.py took 0.303 seconds
[2022-03-23 18:45:22,613] {processor.py:163} INFO - Started process (PID=6576) to work on /home/airflow/env/lib/python3.8/site-packages/airflow/example_dags/example_xcomargs.py
[2022-03-23 18:45:22,614] {processor.py:642} INFO - Processing file /home/airflow/env/lib/python3.8/site-packages/airflow/example_dags/example_xcomargs.py for tasks to queue
[2022-03-23 18:45:22,615] {logging_mixin.py:109} INFO - [2022-03-23 18:45:22,615] {dagbag.py:500} INFO - Filling up the DagBag from /home/airflow/env/lib/python3.8/site-packages/airflow/example_dags/example_xcomargs.py
[2022-03-23 18:45:22,643] {processor.py:654} INFO - DAG(s) dict_keys(['example_xcom_args', 'example_xcom_args_with_operators']) retrieved from /home/airflow/env/lib/python3.8/site-packages/airflow/example_dags/example_xcomargs.py
[2022-03-23 18:45:22,883] {logging_mixin.py:109} INFO - [2022-03-23 18:45:22,883] {dag.py:2396} INFO - Sync 2 DAGs
[2022-03-23 18:45:22,897] {logging_mixin.py:109} INFO - [2022-03-23 18:45:22,897] {dag.py:2935} INFO - Setting next_dagrun for example_xcom_args to None
[2022-03-23 18:45:22,897] {logging_mixin.py:109} INFO - [2022-03-23 18:45:22,897] {dag.py:2935} INFO - Setting next_dagrun for example_xcom_args_with_operators to None
[2022-03-23 18:45:22,913] {processor.py:171} INFO - Processing /home/airflow/env/lib/python3.8/site-packages/airflow/example_dags/example_xcomargs.py took 0.302 seconds
[2022-03-23 18:45:57,469] {processor.py:163} INFO - Started process (PID=6662) to work on /home/airflow/env/lib/python3.8/site-packages/airflow/example_dags/example_xcomargs.py
[2022-03-23 18:45:57,470] {processor.py:642} INFO - Processing file /home/airflow/env/lib/python3.8/site-packages/airflow/example_dags/example_xcomargs.py for tasks to queue
[2022-03-23 18:45:57,471] {logging_mixin.py:109} INFO - [2022-03-23 18:45:57,471] {dagbag.py:500} INFO - Filling up the DagBag from /home/airflow/env/lib/python3.8/site-packages/airflow/example_dags/example_xcomargs.py
[2022-03-23 18:45:57,496] {processor.py:654} INFO - DAG(s) dict_keys(['example_xcom_args', 'example_xcom_args_with_operators']) retrieved from /home/airflow/env/lib/python3.8/site-packages/airflow/example_dags/example_xcomargs.py
[2022-03-23 18:45:57,728] {logging_mixin.py:109} INFO - [2022-03-23 18:45:57,728] {dag.py:2396} INFO - Sync 2 DAGs
[2022-03-23 18:45:57,745] {logging_mixin.py:109} INFO - [2022-03-23 18:45:57,740] {dag.py:2935} INFO - Setting next_dagrun for example_xcom_args to None
[2022-03-23 18:45:57,745] {logging_mixin.py:109} INFO - [2022-03-23 18:45:57,745] {dag.py:2935} INFO - Setting next_dagrun for example_xcom_args_with_operators to None
[2022-03-23 18:45:57,789] {processor.py:171} INFO - Processing /home/airflow/env/lib/python3.8/site-packages/airflow/example_dags/example_xcomargs.py took 0.323 seconds
[2022-03-23 18:46:29,120] {processor.py:163} INFO - Started process (PID=6694) to work on /home/airflow/env/lib/python3.8/site-packages/airflow/example_dags/example_xcomargs.py
[2022-03-23 18:46:29,122] {processor.py:642} INFO - Processing file /home/airflow/env/lib/python3.8/site-packages/airflow/example_dags/example_xcomargs.py for tasks to queue
[2022-03-23 18:46:29,123] {logging_mixin.py:109} INFO - [2022-03-23 18:46:29,123] {dagbag.py:500} INFO - Filling up the DagBag from /home/airflow/env/lib/python3.8/site-packages/airflow/example_dags/example_xcomargs.py
[2022-03-23 18:46:29,148] {processor.py:654} INFO - DAG(s) dict_keys(['example_xcom_args', 'example_xcom_args_with_operators']) retrieved from /home/airflow/env/lib/python3.8/site-packages/airflow/example_dags/example_xcomargs.py
[2022-03-23 18:46:29,402] {logging_mixin.py:109} INFO - [2022-03-23 18:46:29,402] {dag.py:2396} INFO - Sync 2 DAGs
[2022-03-23 18:46:29,419] {logging_mixin.py:109} INFO - [2022-03-23 18:46:29,419] {dag.py:2935} INFO - Setting next_dagrun for example_xcom_args to None
[2022-03-23 18:46:29,419] {logging_mixin.py:109} INFO - [2022-03-23 18:46:29,419] {dag.py:2935} INFO - Setting next_dagrun for example_xcom_args_with_operators to None
[2022-03-23 18:46:29,442] {processor.py:171} INFO - Processing /home/airflow/env/lib/python3.8/site-packages/airflow/example_dags/example_xcomargs.py took 0.330 seconds
[2022-03-23 18:47:02,016] {processor.py:163} INFO - Started process (PID=6726) to work on /home/airflow/env/lib/python3.8/site-packages/airflow/example_dags/example_xcomargs.py
[2022-03-23 18:47:02,018] {processor.py:642} INFO - Processing file /home/airflow/env/lib/python3.8/site-packages/airflow/example_dags/example_xcomargs.py for tasks to queue
[2022-03-23 18:47:02,019] {logging_mixin.py:109} INFO - [2022-03-23 18:47:02,018] {dagbag.py:500} INFO - Filling up the DagBag from /home/airflow/env/lib/python3.8/site-packages/airflow/example_dags/example_xcomargs.py
[2022-03-23 18:47:02,043] {processor.py:654} INFO - DAG(s) dict_keys(['example_xcom_args', 'example_xcom_args_with_operators']) retrieved from /home/airflow/env/lib/python3.8/site-packages/airflow/example_dags/example_xcomargs.py
[2022-03-23 18:47:02,282] {logging_mixin.py:109} INFO - [2022-03-23 18:47:02,282] {dag.py:2396} INFO - Sync 2 DAGs
[2022-03-23 18:47:02,293] {logging_mixin.py:109} INFO - [2022-03-23 18:47:02,293] {dag.py:2935} INFO - Setting next_dagrun for example_xcom_args to None
[2022-03-23 18:47:02,294] {logging_mixin.py:109} INFO - [2022-03-23 18:47:02,294] {dag.py:2935} INFO - Setting next_dagrun for example_xcom_args_with_operators to None
[2022-03-23 18:47:02,313] {processor.py:171} INFO - Processing /home/airflow/env/lib/python3.8/site-packages/airflow/example_dags/example_xcomargs.py took 0.300 seconds
[2022-03-23 18:47:38,322] {processor.py:163} INFO - Started process (PID=6759) to work on /home/airflow/env/lib/python3.8/site-packages/airflow/example_dags/example_xcomargs.py
[2022-03-23 18:47:38,325] {processor.py:642} INFO - Processing file /home/airflow/env/lib/python3.8/site-packages/airflow/example_dags/example_xcomargs.py for tasks to queue
[2022-03-23 18:47:38,327] {logging_mixin.py:109} INFO - [2022-03-23 18:47:38,327] {dagbag.py:500} INFO - Filling up the DagBag from /home/airflow/env/lib/python3.8/site-packages/airflow/example_dags/example_xcomargs.py
[2022-03-23 18:47:38,367] {processor.py:654} INFO - DAG(s) dict_keys(['example_xcom_args', 'example_xcom_args_with_operators']) retrieved from /home/airflow/env/lib/python3.8/site-packages/airflow/example_dags/example_xcomargs.py
[2022-03-23 18:47:38,678] {logging_mixin.py:109} INFO - [2022-03-23 18:47:38,678] {dag.py:2396} INFO - Sync 2 DAGs
[2022-03-23 18:47:38,695] {logging_mixin.py:109} INFO - [2022-03-23 18:47:38,695] {dag.py:2935} INFO - Setting next_dagrun for example_xcom_args to None
[2022-03-23 18:47:38,696] {logging_mixin.py:109} INFO - [2022-03-23 18:47:38,696] {dag.py:2935} INFO - Setting next_dagrun for example_xcom_args_with_operators to None
[2022-03-23 18:47:38,718] {processor.py:171} INFO - Processing /home/airflow/env/lib/python3.8/site-packages/airflow/example_dags/example_xcomargs.py took 0.401 seconds
[2022-03-23 18:48:16,153] {processor.py:163} INFO - Started process (PID=6794) to work on /home/airflow/env/lib/python3.8/site-packages/airflow/example_dags/example_xcomargs.py
[2022-03-23 18:48:16,160] {processor.py:642} INFO - Processing file /home/airflow/env/lib/python3.8/site-packages/airflow/example_dags/example_xcomargs.py for tasks to queue
[2022-03-23 18:48:16,161] {logging_mixin.py:109} INFO - [2022-03-23 18:48:16,161] {dagbag.py:500} INFO - Filling up the DagBag from /home/airflow/env/lib/python3.8/site-packages/airflow/example_dags/example_xcomargs.py
[2022-03-23 18:48:16,235] {processor.py:654} INFO - DAG(s) dict_keys(['example_xcom_args', 'example_xcom_args_with_operators']) retrieved from /home/airflow/env/lib/python3.8/site-packages/airflow/example_dags/example_xcomargs.py
[2022-03-23 18:48:16,486] {logging_mixin.py:109} INFO - [2022-03-23 18:48:16,486] {dag.py:2396} INFO - Sync 2 DAGs
[2022-03-23 18:48:16,496] {logging_mixin.py:109} INFO - [2022-03-23 18:48:16,496] {dag.py:2935} INFO - Setting next_dagrun for example_xcom_args to None
[2022-03-23 18:48:16,497] {logging_mixin.py:109} INFO - [2022-03-23 18:48:16,497] {dag.py:2935} INFO - Setting next_dagrun for example_xcom_args_with_operators to None
[2022-03-23 18:48:16,511] {processor.py:171} INFO - Processing /home/airflow/env/lib/python3.8/site-packages/airflow/example_dags/example_xcomargs.py took 0.379 seconds
[2022-03-23 18:48:50,049] {processor.py:163} INFO - Started process (PID=6827) to work on /home/airflow/env/lib/python3.8/site-packages/airflow/example_dags/example_xcomargs.py
[2022-03-23 18:48:50,050] {processor.py:642} INFO - Processing file /home/airflow/env/lib/python3.8/site-packages/airflow/example_dags/example_xcomargs.py for tasks to queue
[2022-03-23 18:48:50,050] {logging_mixin.py:109} INFO - [2022-03-23 18:48:50,050] {dagbag.py:500} INFO - Filling up the DagBag from /home/airflow/env/lib/python3.8/site-packages/airflow/example_dags/example_xcomargs.py
[2022-03-23 18:48:50,072] {processor.py:654} INFO - DAG(s) dict_keys(['example_xcom_args', 'example_xcom_args_with_operators']) retrieved from /home/airflow/env/lib/python3.8/site-packages/airflow/example_dags/example_xcomargs.py
[2022-03-23 18:48:50,273] {logging_mixin.py:109} INFO - [2022-03-23 18:48:50,273] {dag.py:2396} INFO - Sync 2 DAGs
[2022-03-23 18:48:50,282] {logging_mixin.py:109} INFO - [2022-03-23 18:48:50,282] {dag.py:2935} INFO - Setting next_dagrun for example_xcom_args to None
[2022-03-23 18:48:50,282] {logging_mixin.py:109} INFO - [2022-03-23 18:48:50,282] {dag.py:2935} INFO - Setting next_dagrun for example_xcom_args_with_operators to None
[2022-03-23 18:48:50,303] {processor.py:171} INFO - Processing /home/airflow/env/lib/python3.8/site-packages/airflow/example_dags/example_xcomargs.py took 0.257 seconds
[2022-03-23 18:49:22,400] {processor.py:163} INFO - Started process (PID=6889) to work on /home/airflow/env/lib/python3.8/site-packages/airflow/example_dags/example_xcomargs.py
[2022-03-23 18:49:22,402] {processor.py:642} INFO - Processing file /home/airflow/env/lib/python3.8/site-packages/airflow/example_dags/example_xcomargs.py for tasks to queue
[2022-03-23 18:49:22,403] {logging_mixin.py:109} INFO - [2022-03-23 18:49:22,402] {dagbag.py:500} INFO - Filling up the DagBag from /home/airflow/env/lib/python3.8/site-packages/airflow/example_dags/example_xcomargs.py
[2022-03-23 18:49:22,429] {processor.py:654} INFO - DAG(s) dict_keys(['example_xcom_args', 'example_xcom_args_with_operators']) retrieved from /home/airflow/env/lib/python3.8/site-packages/airflow/example_dags/example_xcomargs.py
[2022-03-23 18:49:22,443] {logging_mixin.py:109} INFO - [2022-03-23 18:49:22,443] {dag.py:2396} INFO - Sync 2 DAGs
[2022-03-23 18:49:22,455] {logging_mixin.py:109} INFO - [2022-03-23 18:49:22,455] {dag.py:2935} INFO - Setting next_dagrun for example_xcom_args to None
[2022-03-23 18:49:22,455] {logging_mixin.py:109} INFO - [2022-03-23 18:49:22,455] {dag.py:2935} INFO - Setting next_dagrun for example_xcom_args_with_operators to None
[2022-03-23 18:49:22,474] {processor.py:171} INFO - Processing /home/airflow/env/lib/python3.8/site-packages/airflow/example_dags/example_xcomargs.py took 0.076 seconds
[2022-03-23 18:49:54,617] {processor.py:163} INFO - Started process (PID=7011) to work on /home/airflow/env/lib/python3.8/site-packages/airflow/example_dags/example_xcomargs.py
[2022-03-23 18:49:54,618] {processor.py:642} INFO - Processing file /home/airflow/env/lib/python3.8/site-packages/airflow/example_dags/example_xcomargs.py for tasks to queue
[2022-03-23 18:49:54,619] {logging_mixin.py:109} INFO - [2022-03-23 18:49:54,619] {dagbag.py:500} INFO - Filling up the DagBag from /home/airflow/env/lib/python3.8/site-packages/airflow/example_dags/example_xcomargs.py
[2022-03-23 18:49:54,658] {processor.py:654} INFO - DAG(s) dict_keys(['example_xcom_args', 'example_xcom_args_with_operators']) retrieved from /home/airflow/env/lib/python3.8/site-packages/airflow/example_dags/example_xcomargs.py
[2022-03-23 18:49:54,671] {logging_mixin.py:109} INFO - [2022-03-23 18:49:54,671] {dag.py:2396} INFO - Sync 2 DAGs
[2022-03-23 18:49:54,684] {logging_mixin.py:109} INFO - [2022-03-23 18:49:54,684] {dag.py:2935} INFO - Setting next_dagrun for example_xcom_args to None
[2022-03-23 18:49:54,685] {logging_mixin.py:109} INFO - [2022-03-23 18:49:54,685] {dag.py:2935} INFO - Setting next_dagrun for example_xcom_args_with_operators to None
[2022-03-23 18:49:54,698] {processor.py:171} INFO - Processing /home/airflow/env/lib/python3.8/site-packages/airflow/example_dags/example_xcomargs.py took 0.084 seconds
[2022-03-23 18:50:28,556] {processor.py:163} INFO - Started process (PID=7044) to work on /home/airflow/env/lib/python3.8/site-packages/airflow/example_dags/example_xcomargs.py
[2022-03-23 18:50:28,562] {processor.py:642} INFO - Processing file /home/airflow/env/lib/python3.8/site-packages/airflow/example_dags/example_xcomargs.py for tasks to queue
[2022-03-23 18:50:28,562] {logging_mixin.py:109} INFO - [2022-03-23 18:50:28,562] {dagbag.py:500} INFO - Filling up the DagBag from /home/airflow/env/lib/python3.8/site-packages/airflow/example_dags/example_xcomargs.py
[2022-03-23 18:50:28,596] {processor.py:654} INFO - DAG(s) dict_keys(['example_xcom_args', 'example_xcom_args_with_operators']) retrieved from /home/airflow/env/lib/python3.8/site-packages/airflow/example_dags/example_xcomargs.py
[2022-03-23 18:50:28,606] {logging_mixin.py:109} INFO - [2022-03-23 18:50:28,606] {dag.py:2396} INFO - Sync 2 DAGs
[2022-03-23 18:50:28,631] {logging_mixin.py:109} INFO - [2022-03-23 18:50:28,631] {dag.py:2935} INFO - Setting next_dagrun for example_xcom_args to None
[2022-03-23 18:50:28,631] {logging_mixin.py:109} INFO - [2022-03-23 18:50:28,631] {dag.py:2935} INFO - Setting next_dagrun for example_xcom_args_with_operators to None
[2022-03-23 18:50:28,649] {processor.py:171} INFO - Processing /home/airflow/env/lib/python3.8/site-packages/airflow/example_dags/example_xcomargs.py took 0.096 seconds
[2022-03-23 18:51:01,069] {processor.py:163} INFO - Started process (PID=7130) to work on /home/airflow/env/lib/python3.8/site-packages/airflow/example_dags/example_xcomargs.py
[2022-03-23 18:51:01,070] {processor.py:642} INFO - Processing file /home/airflow/env/lib/python3.8/site-packages/airflow/example_dags/example_xcomargs.py for tasks to queue
[2022-03-23 18:51:01,071] {logging_mixin.py:109} INFO - [2022-03-23 18:51:01,071] {dagbag.py:500} INFO - Filling up the DagBag from /home/airflow/env/lib/python3.8/site-packages/airflow/example_dags/example_xcomargs.py
[2022-03-23 18:51:01,092] {processor.py:654} INFO - DAG(s) dict_keys(['example_xcom_args', 'example_xcom_args_with_operators']) retrieved from /home/airflow/env/lib/python3.8/site-packages/airflow/example_dags/example_xcomargs.py
[2022-03-23 18:51:01,302] {logging_mixin.py:109} INFO - [2022-03-23 18:51:01,302] {dag.py:2396} INFO - Sync 2 DAGs
[2022-03-23 18:51:01,312] {logging_mixin.py:109} INFO - [2022-03-23 18:51:01,312] {dag.py:2935} INFO - Setting next_dagrun for example_xcom_args to None
[2022-03-23 18:51:01,317] {logging_mixin.py:109} INFO - [2022-03-23 18:51:01,317] {dag.py:2935} INFO - Setting next_dagrun for example_xcom_args_with_operators to None
[2022-03-23 18:51:01,336] {processor.py:171} INFO - Processing /home/airflow/env/lib/python3.8/site-packages/airflow/example_dags/example_xcomargs.py took 0.270 seconds
[2022-03-23 18:51:33,650] {processor.py:163} INFO - Started process (PID=7162) to work on /home/airflow/env/lib/python3.8/site-packages/airflow/example_dags/example_xcomargs.py
[2022-03-23 18:51:33,651] {processor.py:642} INFO - Processing file /home/airflow/env/lib/python3.8/site-packages/airflow/example_dags/example_xcomargs.py for tasks to queue
[2022-03-23 18:51:33,652] {logging_mixin.py:109} INFO - [2022-03-23 18:51:33,652] {dagbag.py:500} INFO - Filling up the DagBag from /home/airflow/env/lib/python3.8/site-packages/airflow/example_dags/example_xcomargs.py
[2022-03-23 18:51:33,674] {processor.py:654} INFO - DAG(s) dict_keys(['example_xcom_args', 'example_xcom_args_with_operators']) retrieved from /home/airflow/env/lib/python3.8/site-packages/airflow/example_dags/example_xcomargs.py
[2022-03-23 18:51:33,686] {logging_mixin.py:109} INFO - [2022-03-23 18:51:33,686] {dag.py:2396} INFO - Sync 2 DAGs
[2022-03-23 18:51:33,697] {logging_mixin.py:109} INFO - [2022-03-23 18:51:33,697] {dag.py:2935} INFO - Setting next_dagrun for example_xcom_args to None
[2022-03-23 18:51:33,697] {logging_mixin.py:109} INFO - [2022-03-23 18:51:33,697] {dag.py:2935} INFO - Setting next_dagrun for example_xcom_args_with_operators to None
[2022-03-23 18:51:33,710] {processor.py:171} INFO - Processing /home/airflow/env/lib/python3.8/site-packages/airflow/example_dags/example_xcomargs.py took 0.062 seconds
[2022-03-23 18:52:05,168] {processor.py:163} INFO - Started process (PID=7193) to work on /home/airflow/env/lib/python3.8/site-packages/airflow/example_dags/example_xcomargs.py
[2022-03-23 18:52:05,169] {processor.py:642} INFO - Processing file /home/airflow/env/lib/python3.8/site-packages/airflow/example_dags/example_xcomargs.py for tasks to queue
[2022-03-23 18:52:05,170] {logging_mixin.py:109} INFO - [2022-03-23 18:52:05,169] {dagbag.py:500} INFO - Filling up the DagBag from /home/airflow/env/lib/python3.8/site-packages/airflow/example_dags/example_xcomargs.py
[2022-03-23 18:52:05,196] {processor.py:654} INFO - DAG(s) dict_keys(['example_xcom_args', 'example_xcom_args_with_operators']) retrieved from /home/airflow/env/lib/python3.8/site-packages/airflow/example_dags/example_xcomargs.py
[2022-03-23 18:52:05,206] {logging_mixin.py:109} INFO - [2022-03-23 18:52:05,206] {dag.py:2396} INFO - Sync 2 DAGs
[2022-03-23 18:52:05,218] {logging_mixin.py:109} INFO - [2022-03-23 18:52:05,218] {dag.py:2935} INFO - Setting next_dagrun for example_xcom_args to None
[2022-03-23 18:52:05,218] {logging_mixin.py:109} INFO - [2022-03-23 18:52:05,218] {dag.py:2935} INFO - Setting next_dagrun for example_xcom_args_with_operators to None
[2022-03-23 18:52:05,235] {processor.py:171} INFO - Processing /home/airflow/env/lib/python3.8/site-packages/airflow/example_dags/example_xcomargs.py took 0.070 seconds
[2022-03-23 18:52:36,355] {processor.py:163} INFO - Started process (PID=7224) to work on /home/airflow/env/lib/python3.8/site-packages/airflow/example_dags/example_xcomargs.py
[2022-03-23 18:52:36,356] {processor.py:642} INFO - Processing file /home/airflow/env/lib/python3.8/site-packages/airflow/example_dags/example_xcomargs.py for tasks to queue
[2022-03-23 18:52:36,357] {logging_mixin.py:109} INFO - [2022-03-23 18:52:36,357] {dagbag.py:500} INFO - Filling up the DagBag from /home/airflow/env/lib/python3.8/site-packages/airflow/example_dags/example_xcomargs.py
[2022-03-23 18:52:36,379] {processor.py:654} INFO - DAG(s) dict_keys(['example_xcom_args', 'example_xcom_args_with_operators']) retrieved from /home/airflow/env/lib/python3.8/site-packages/airflow/example_dags/example_xcomargs.py
[2022-03-23 18:52:36,577] {logging_mixin.py:109} INFO - [2022-03-23 18:52:36,577] {dag.py:2396} INFO - Sync 2 DAGs
[2022-03-23 18:52:36,587] {logging_mixin.py:109} INFO - [2022-03-23 18:52:36,587] {dag.py:2935} INFO - Setting next_dagrun for example_xcom_args to None
[2022-03-23 18:52:36,587] {logging_mixin.py:109} INFO - [2022-03-23 18:52:36,587] {dag.py:2935} INFO - Setting next_dagrun for example_xcom_args_with_operators to None
[2022-03-23 18:52:36,602] {processor.py:171} INFO - Processing /home/airflow/env/lib/python3.8/site-packages/airflow/example_dags/example_xcomargs.py took 0.249 seconds
[2022-03-23 18:53:08,871] {processor.py:163} INFO - Started process (PID=7256) to work on /home/airflow/env/lib/python3.8/site-packages/airflow/example_dags/example_xcomargs.py
[2022-03-23 18:53:08,873] {processor.py:642} INFO - Processing file /home/airflow/env/lib/python3.8/site-packages/airflow/example_dags/example_xcomargs.py for tasks to queue
[2022-03-23 18:53:08,874] {logging_mixin.py:109} INFO - [2022-03-23 18:53:08,874] {dagbag.py:500} INFO - Filling up the DagBag from /home/airflow/env/lib/python3.8/site-packages/airflow/example_dags/example_xcomargs.py
[2022-03-23 18:53:08,899] {processor.py:654} INFO - DAG(s) dict_keys(['example_xcom_args', 'example_xcom_args_with_operators']) retrieved from /home/airflow/env/lib/python3.8/site-packages/airflow/example_dags/example_xcomargs.py
[2022-03-23 18:53:09,113] {logging_mixin.py:109} INFO - [2022-03-23 18:53:09,113] {dag.py:2396} INFO - Sync 2 DAGs
[2022-03-23 18:53:09,123] {logging_mixin.py:109} INFO - [2022-03-23 18:53:09,123] {dag.py:2935} INFO - Setting next_dagrun for example_xcom_args to None
[2022-03-23 18:53:09,123] {logging_mixin.py:109} INFO - [2022-03-23 18:53:09,123] {dag.py:2935} INFO - Setting next_dagrun for example_xcom_args_with_operators to None
[2022-03-23 18:53:09,138] {processor.py:171} INFO - Processing /home/airflow/env/lib/python3.8/site-packages/airflow/example_dags/example_xcomargs.py took 0.269 seconds
[2022-03-23 18:53:42,024] {processor.py:163} INFO - Started process (PID=7288) to work on /home/airflow/env/lib/python3.8/site-packages/airflow/example_dags/example_xcomargs.py
[2022-03-23 18:53:42,026] {processor.py:642} INFO - Processing file /home/airflow/env/lib/python3.8/site-packages/airflow/example_dags/example_xcomargs.py for tasks to queue
[2022-03-23 18:53:42,026] {logging_mixin.py:109} INFO - [2022-03-23 18:53:42,026] {dagbag.py:500} INFO - Filling up the DagBag from /home/airflow/env/lib/python3.8/site-packages/airflow/example_dags/example_xcomargs.py
[2022-03-23 18:53:42,048] {processor.py:654} INFO - DAG(s) dict_keys(['example_xcom_args', 'example_xcom_args_with_operators']) retrieved from /home/airflow/env/lib/python3.8/site-packages/airflow/example_dags/example_xcomargs.py
[2022-03-23 18:53:42,291] {logging_mixin.py:109} INFO - [2022-03-23 18:53:42,291] {dag.py:2396} INFO - Sync 2 DAGs
[2022-03-23 18:53:42,306] {logging_mixin.py:109} INFO - [2022-03-23 18:53:42,306] {dag.py:2935} INFO - Setting next_dagrun for example_xcom_args to None
[2022-03-23 18:53:42,307] {logging_mixin.py:109} INFO - [2022-03-23 18:53:42,307] {dag.py:2935} INFO - Setting next_dagrun for example_xcom_args_with_operators to None
[2022-03-23 18:53:42,323] {processor.py:171} INFO - Processing /home/airflow/env/lib/python3.8/site-packages/airflow/example_dags/example_xcomargs.py took 0.301 seconds
[2022-03-23 18:54:12,602] {processor.py:163} INFO - Started process (PID=7318) to work on /home/airflow/env/lib/python3.8/site-packages/airflow/example_dags/example_xcomargs.py
[2022-03-23 18:54:12,603] {processor.py:642} INFO - Processing file /home/airflow/env/lib/python3.8/site-packages/airflow/example_dags/example_xcomargs.py for tasks to queue
[2022-03-23 18:54:12,604] {logging_mixin.py:109} INFO - [2022-03-23 18:54:12,604] {dagbag.py:500} INFO - Filling up the DagBag from /home/airflow/env/lib/python3.8/site-packages/airflow/example_dags/example_xcomargs.py
[2022-03-23 18:54:12,626] {processor.py:654} INFO - DAG(s) dict_keys(['example_xcom_args', 'example_xcom_args_with_operators']) retrieved from /home/airflow/env/lib/python3.8/site-packages/airflow/example_dags/example_xcomargs.py
[2022-03-23 18:54:12,976] {logging_mixin.py:109} INFO - [2022-03-23 18:54:12,976] {dag.py:2396} INFO - Sync 2 DAGs
[2022-03-23 18:54:12,987] {logging_mixin.py:109} INFO - [2022-03-23 18:54:12,987] {dag.py:2935} INFO - Setting next_dagrun for example_xcom_args to None
[2022-03-23 18:54:12,987] {logging_mixin.py:109} INFO - [2022-03-23 18:54:12,987] {dag.py:2935} INFO - Setting next_dagrun for example_xcom_args_with_operators to None
[2022-03-23 18:54:13,001] {processor.py:171} INFO - Processing /home/airflow/env/lib/python3.8/site-packages/airflow/example_dags/example_xcomargs.py took 0.402 seconds
[2022-03-23 18:54:44,478] {processor.py:163} INFO - Started process (PID=7348) to work on /home/airflow/env/lib/python3.8/site-packages/airflow/example_dags/example_xcomargs.py
[2022-03-23 18:54:44,486] {processor.py:642} INFO - Processing file /home/airflow/env/lib/python3.8/site-packages/airflow/example_dags/example_xcomargs.py for tasks to queue
[2022-03-23 18:54:44,487] {logging_mixin.py:109} INFO - [2022-03-23 18:54:44,487] {dagbag.py:500} INFO - Filling up the DagBag from /home/airflow/env/lib/python3.8/site-packages/airflow/example_dags/example_xcomargs.py
[2022-03-23 18:54:44,525] {processor.py:654} INFO - DAG(s) dict_keys(['example_xcom_args', 'example_xcom_args_with_operators']) retrieved from /home/airflow/env/lib/python3.8/site-packages/airflow/example_dags/example_xcomargs.py
[2022-03-23 18:54:44,720] {logging_mixin.py:109} INFO - [2022-03-23 18:54:44,719] {dag.py:2396} INFO - Sync 2 DAGs
[2022-03-23 18:54:44,729] {logging_mixin.py:109} INFO - [2022-03-23 18:54:44,729] {dag.py:2935} INFO - Setting next_dagrun for example_xcom_args to None
[2022-03-23 18:54:44,730] {logging_mixin.py:109} INFO - [2022-03-23 18:54:44,730] {dag.py:2935} INFO - Setting next_dagrun for example_xcom_args_with_operators to None
[2022-03-23 18:54:44,749] {processor.py:171} INFO - Processing /home/airflow/env/lib/python3.8/site-packages/airflow/example_dags/example_xcomargs.py took 0.276 seconds
[2022-03-23 18:55:18,008] {processor.py:163} INFO - Started process (PID=7382) to work on /home/airflow/env/lib/python3.8/site-packages/airflow/example_dags/example_xcomargs.py
[2022-03-23 18:55:18,009] {processor.py:642} INFO - Processing file /home/airflow/env/lib/python3.8/site-packages/airflow/example_dags/example_xcomargs.py for tasks to queue
[2022-03-23 18:55:18,010] {logging_mixin.py:109} INFO - [2022-03-23 18:55:18,010] {dagbag.py:500} INFO - Filling up the DagBag from /home/airflow/env/lib/python3.8/site-packages/airflow/example_dags/example_xcomargs.py
[2022-03-23 18:55:18,035] {processor.py:654} INFO - DAG(s) dict_keys(['example_xcom_args', 'example_xcom_args_with_operators']) retrieved from /home/airflow/env/lib/python3.8/site-packages/airflow/example_dags/example_xcomargs.py
[2022-03-23 18:55:18,273] {logging_mixin.py:109} INFO - [2022-03-23 18:55:18,273] {dag.py:2396} INFO - Sync 2 DAGs
[2022-03-23 18:55:18,283] {logging_mixin.py:109} INFO - [2022-03-23 18:55:18,283] {dag.py:2935} INFO - Setting next_dagrun for example_xcom_args to None
[2022-03-23 18:55:18,283] {logging_mixin.py:109} INFO - [2022-03-23 18:55:18,283] {dag.py:2935} INFO - Setting next_dagrun for example_xcom_args_with_operators to None
[2022-03-23 18:55:18,298] {processor.py:171} INFO - Processing /home/airflow/env/lib/python3.8/site-packages/airflow/example_dags/example_xcomargs.py took 0.293 seconds
[2022-03-23 18:55:51,320] {processor.py:163} INFO - Started process (PID=7469) to work on /home/airflow/env/lib/python3.8/site-packages/airflow/example_dags/example_xcomargs.py
[2022-03-23 18:55:51,321] {processor.py:642} INFO - Processing file /home/airflow/env/lib/python3.8/site-packages/airflow/example_dags/example_xcomargs.py for tasks to queue
[2022-03-23 18:55:51,322] {logging_mixin.py:109} INFO - [2022-03-23 18:55:51,322] {dagbag.py:500} INFO - Filling up the DagBag from /home/airflow/env/lib/python3.8/site-packages/airflow/example_dags/example_xcomargs.py
[2022-03-23 18:55:51,348] {processor.py:654} INFO - DAG(s) dict_keys(['example_xcom_args', 'example_xcom_args_with_operators']) retrieved from /home/airflow/env/lib/python3.8/site-packages/airflow/example_dags/example_xcomargs.py
[2022-03-23 18:55:51,543] {logging_mixin.py:109} INFO - [2022-03-23 18:55:51,543] {dag.py:2396} INFO - Sync 2 DAGs
[2022-03-23 18:55:51,553] {logging_mixin.py:109} INFO - [2022-03-23 18:55:51,553] {dag.py:2935} INFO - Setting next_dagrun for example_xcom_args to None
[2022-03-23 18:55:51,553] {logging_mixin.py:109} INFO - [2022-03-23 18:55:51,553] {dag.py:2935} INFO - Setting next_dagrun for example_xcom_args_with_operators to None
[2022-03-23 18:55:51,573] {processor.py:171} INFO - Processing /home/airflow/env/lib/python3.8/site-packages/airflow/example_dags/example_xcomargs.py took 0.256 seconds
[2022-03-23 18:56:23,443] {processor.py:163} INFO - Started process (PID=7500) to work on /home/airflow/env/lib/python3.8/site-packages/airflow/example_dags/example_xcomargs.py
[2022-03-23 18:56:23,444] {processor.py:642} INFO - Processing file /home/airflow/env/lib/python3.8/site-packages/airflow/example_dags/example_xcomargs.py for tasks to queue
[2022-03-23 18:56:23,445] {logging_mixin.py:109} INFO - [2022-03-23 18:56:23,445] {dagbag.py:500} INFO - Filling up the DagBag from /home/airflow/env/lib/python3.8/site-packages/airflow/example_dags/example_xcomargs.py
[2022-03-23 18:56:23,469] {processor.py:654} INFO - DAG(s) dict_keys(['example_xcom_args', 'example_xcom_args_with_operators']) retrieved from /home/airflow/env/lib/python3.8/site-packages/airflow/example_dags/example_xcomargs.py
[2022-03-23 18:56:23,700] {logging_mixin.py:109} INFO - [2022-03-23 18:56:23,700] {dag.py:2396} INFO - Sync 2 DAGs
[2022-03-23 18:56:23,712] {logging_mixin.py:109} INFO - [2022-03-23 18:56:23,712] {dag.py:2935} INFO - Setting next_dagrun for example_xcom_args to None
[2022-03-23 18:56:23,712] {logging_mixin.py:109} INFO - [2022-03-23 18:56:23,712] {dag.py:2935} INFO - Setting next_dagrun for example_xcom_args_with_operators to None
[2022-03-23 18:56:23,729] {processor.py:171} INFO - Processing /home/airflow/env/lib/python3.8/site-packages/airflow/example_dags/example_xcomargs.py took 0.289 seconds
[2022-03-23 18:56:55,318] {processor.py:163} INFO - Started process (PID=7530) to work on /home/airflow/env/lib/python3.8/site-packages/airflow/example_dags/example_xcomargs.py
[2022-03-23 18:56:55,319] {processor.py:642} INFO - Processing file /home/airflow/env/lib/python3.8/site-packages/airflow/example_dags/example_xcomargs.py for tasks to queue
[2022-03-23 18:56:55,320] {logging_mixin.py:109} INFO - [2022-03-23 18:56:55,320] {dagbag.py:500} INFO - Filling up the DagBag from /home/airflow/env/lib/python3.8/site-packages/airflow/example_dags/example_xcomargs.py
[2022-03-23 18:56:55,342] {processor.py:654} INFO - DAG(s) dict_keys(['example_xcom_args', 'example_xcom_args_with_operators']) retrieved from /home/airflow/env/lib/python3.8/site-packages/airflow/example_dags/example_xcomargs.py
[2022-03-23 18:56:55,536] {logging_mixin.py:109} INFO - [2022-03-23 18:56:55,535] {dag.py:2396} INFO - Sync 2 DAGs
[2022-03-23 18:56:55,545] {logging_mixin.py:109} INFO - [2022-03-23 18:56:55,545] {dag.py:2935} INFO - Setting next_dagrun for example_xcom_args to None
[2022-03-23 18:56:55,546] {logging_mixin.py:109} INFO - [2022-03-23 18:56:55,546] {dag.py:2935} INFO - Setting next_dagrun for example_xcom_args_with_operators to None
[2022-03-23 18:56:55,565] {processor.py:171} INFO - Processing /home/airflow/env/lib/python3.8/site-packages/airflow/example_dags/example_xcomargs.py took 0.249 seconds
[2022-03-23 18:57:27,435] {processor.py:163} INFO - Started process (PID=7561) to work on /home/airflow/env/lib/python3.8/site-packages/airflow/example_dags/example_xcomargs.py
[2022-03-23 18:57:27,436] {processor.py:642} INFO - Processing file /home/airflow/env/lib/python3.8/site-packages/airflow/example_dags/example_xcomargs.py for tasks to queue
[2022-03-23 18:57:27,437] {logging_mixin.py:109} INFO - [2022-03-23 18:57:27,437] {dagbag.py:500} INFO - Filling up the DagBag from /home/airflow/env/lib/python3.8/site-packages/airflow/example_dags/example_xcomargs.py
[2022-03-23 18:57:27,458] {processor.py:654} INFO - DAG(s) dict_keys(['example_xcom_args', 'example_xcom_args_with_operators']) retrieved from /home/airflow/env/lib/python3.8/site-packages/airflow/example_dags/example_xcomargs.py
[2022-03-23 18:57:27,687] {logging_mixin.py:109} INFO - [2022-03-23 18:57:27,687] {dag.py:2396} INFO - Sync 2 DAGs
[2022-03-23 18:57:27,699] {logging_mixin.py:109} INFO - [2022-03-23 18:57:27,699] {dag.py:2935} INFO - Setting next_dagrun for example_xcom_args to None
[2022-03-23 18:57:27,700] {logging_mixin.py:109} INFO - [2022-03-23 18:57:27,700] {dag.py:2935} INFO - Setting next_dagrun for example_xcom_args_with_operators to None
[2022-03-23 18:57:27,720] {processor.py:171} INFO - Processing /home/airflow/env/lib/python3.8/site-packages/airflow/example_dags/example_xcomargs.py took 0.287 seconds
[2022-03-23 18:58:01,451] {processor.py:163} INFO - Started process (PID=7640) to work on /home/airflow/env/lib/python3.8/site-packages/airflow/example_dags/example_xcomargs.py
[2022-03-23 18:58:01,452] {processor.py:642} INFO - Processing file /home/airflow/env/lib/python3.8/site-packages/airflow/example_dags/example_xcomargs.py for tasks to queue
[2022-03-23 18:58:01,452] {logging_mixin.py:109} INFO - [2022-03-23 18:58:01,452] {dagbag.py:500} INFO - Filling up the DagBag from /home/airflow/env/lib/python3.8/site-packages/airflow/example_dags/example_xcomargs.py
[2022-03-23 18:58:01,496] {processor.py:654} INFO - DAG(s) dict_keys(['example_xcom_args', 'example_xcom_args_with_operators']) retrieved from /home/airflow/env/lib/python3.8/site-packages/airflow/example_dags/example_xcomargs.py
[2022-03-23 18:58:01,745] {logging_mixin.py:109} INFO - [2022-03-23 18:58:01,745] {dag.py:2396} INFO - Sync 2 DAGs
[2022-03-23 18:58:01,769] {logging_mixin.py:109} INFO - [2022-03-23 18:58:01,769] {dag.py:2935} INFO - Setting next_dagrun for example_xcom_args to None
[2022-03-23 18:58:01,770] {logging_mixin.py:109} INFO - [2022-03-23 18:58:01,770] {dag.py:2935} INFO - Setting next_dagrun for example_xcom_args_with_operators to None
[2022-03-23 18:58:01,791] {processor.py:171} INFO - Processing /home/airflow/env/lib/python3.8/site-packages/airflow/example_dags/example_xcomargs.py took 0.350 seconds
[2022-03-23 18:58:40,762] {processor.py:163} INFO - Started process (PID=7803) to work on /home/airflow/env/lib/python3.8/site-packages/airflow/example_dags/example_xcomargs.py
[2022-03-23 18:58:40,767] {processor.py:642} INFO - Processing file /home/airflow/env/lib/python3.8/site-packages/airflow/example_dags/example_xcomargs.py for tasks to queue
[2022-03-23 18:58:40,768] {logging_mixin.py:109} INFO - [2022-03-23 18:58:40,768] {dagbag.py:500} INFO - Filling up the DagBag from /home/airflow/env/lib/python3.8/site-packages/airflow/example_dags/example_xcomargs.py
[2022-03-23 18:58:40,854] {processor.py:654} INFO - DAG(s) dict_keys(['example_xcom_args', 'example_xcom_args_with_operators']) retrieved from /home/airflow/env/lib/python3.8/site-packages/airflow/example_dags/example_xcomargs.py
[2022-03-23 18:58:41,445] {logging_mixin.py:109} INFO - [2022-03-23 18:58:41,445] {dag.py:2396} INFO - Sync 2 DAGs
[2022-03-23 18:58:41,472] {logging_mixin.py:109} INFO - [2022-03-23 18:58:41,472] {dag.py:2935} INFO - Setting next_dagrun for example_xcom_args to None
[2022-03-23 18:58:41,472] {logging_mixin.py:109} INFO - [2022-03-23 18:58:41,472] {dag.py:2935} INFO - Setting next_dagrun for example_xcom_args_with_operators to None
[2022-03-23 18:58:41,576] {processor.py:171} INFO - Processing /home/airflow/env/lib/python3.8/site-packages/airflow/example_dags/example_xcomargs.py took 0.823 seconds
[2022-03-23 18:59:18,031] {processor.py:163} INFO - Started process (PID=7885) to work on /home/airflow/env/lib/python3.8/site-packages/airflow/example_dags/example_xcomargs.py
[2022-03-23 18:59:18,037] {processor.py:642} INFO - Processing file /home/airflow/env/lib/python3.8/site-packages/airflow/example_dags/example_xcomargs.py for tasks to queue
[2022-03-23 18:59:18,038] {logging_mixin.py:109} INFO - [2022-03-23 18:59:18,038] {dagbag.py:500} INFO - Filling up the DagBag from /home/airflow/env/lib/python3.8/site-packages/airflow/example_dags/example_xcomargs.py
[2022-03-23 18:59:18,093] {processor.py:654} INFO - DAG(s) dict_keys(['example_xcom_args', 'example_xcom_args_with_operators']) retrieved from /home/airflow/env/lib/python3.8/site-packages/airflow/example_dags/example_xcomargs.py
[2022-03-23 18:59:18,379] {logging_mixin.py:109} INFO - [2022-03-23 18:59:18,378] {dag.py:2396} INFO - Sync 2 DAGs
[2022-03-23 18:59:18,397] {logging_mixin.py:109} INFO - [2022-03-23 18:59:18,397] {dag.py:2935} INFO - Setting next_dagrun for example_xcom_args to None
[2022-03-23 18:59:18,398] {logging_mixin.py:109} INFO - [2022-03-23 18:59:18,398] {dag.py:2935} INFO - Setting next_dagrun for example_xcom_args_with_operators to None
[2022-03-23 18:59:18,419] {processor.py:171} INFO - Processing /home/airflow/env/lib/python3.8/site-packages/airflow/example_dags/example_xcomargs.py took 0.392 seconds
[2022-03-23 18:59:54,079] {processor.py:163} INFO - Started process (PID=8038) to work on /home/airflow/env/lib/python3.8/site-packages/airflow/example_dags/example_xcomargs.py
[2022-03-23 18:59:54,083] {processor.py:642} INFO - Processing file /home/airflow/env/lib/python3.8/site-packages/airflow/example_dags/example_xcomargs.py for tasks to queue
[2022-03-23 18:59:54,085] {logging_mixin.py:109} INFO - [2022-03-23 18:59:54,085] {dagbag.py:500} INFO - Filling up the DagBag from /home/airflow/env/lib/python3.8/site-packages/airflow/example_dags/example_xcomargs.py
[2022-03-23 18:59:54,145] {processor.py:654} INFO - DAG(s) dict_keys(['example_xcom_args', 'example_xcom_args_with_operators']) retrieved from /home/airflow/env/lib/python3.8/site-packages/airflow/example_dags/example_xcomargs.py
[2022-03-23 18:59:54,581] {logging_mixin.py:109} INFO - [2022-03-23 18:59:54,581] {dag.py:2396} INFO - Sync 2 DAGs
[2022-03-23 18:59:54,608] {logging_mixin.py:109} INFO - [2022-03-23 18:59:54,608] {dag.py:2935} INFO - Setting next_dagrun for example_xcom_args to None
[2022-03-23 18:59:54,613] {logging_mixin.py:109} INFO - [2022-03-23 18:59:54,613] {dag.py:2935} INFO - Setting next_dagrun for example_xcom_args_with_operators to None
[2022-03-23 18:59:54,635] {processor.py:171} INFO - Processing /home/airflow/env/lib/python3.8/site-packages/airflow/example_dags/example_xcomargs.py took 0.563 seconds
[2022-03-23 19:00:35,778] {processor.py:163} INFO - Started process (PID=8313) to work on /home/airflow/env/lib/python3.8/site-packages/airflow/example_dags/example_xcomargs.py
[2022-03-23 19:00:35,779] {processor.py:642} INFO - Processing file /home/airflow/env/lib/python3.8/site-packages/airflow/example_dags/example_xcomargs.py for tasks to queue
[2022-03-23 19:00:35,779] {logging_mixin.py:109} INFO - [2022-03-23 19:00:35,779] {dagbag.py:500} INFO - Filling up the DagBag from /home/airflow/env/lib/python3.8/site-packages/airflow/example_dags/example_xcomargs.py
[2022-03-23 19:00:35,803] {processor.py:654} INFO - DAG(s) dict_keys(['example_xcom_args', 'example_xcom_args_with_operators']) retrieved from /home/airflow/env/lib/python3.8/site-packages/airflow/example_dags/example_xcomargs.py
[2022-03-23 19:00:36,041] {logging_mixin.py:109} INFO - [2022-03-23 19:00:36,041] {dag.py:2396} INFO - Sync 2 DAGs
[2022-03-23 19:00:36,051] {logging_mixin.py:109} INFO - [2022-03-23 19:00:36,051] {dag.py:2935} INFO - Setting next_dagrun for example_xcom_args to None
[2022-03-23 19:00:36,051] {logging_mixin.py:109} INFO - [2022-03-23 19:00:36,051] {dag.py:2935} INFO - Setting next_dagrun for example_xcom_args_with_operators to None
[2022-03-23 19:00:36,070] {processor.py:171} INFO - Processing /home/airflow/env/lib/python3.8/site-packages/airflow/example_dags/example_xcomargs.py took 0.294 seconds
[2022-03-23 19:01:13,482] {processor.py:163} INFO - Started process (PID=8451) to work on /home/airflow/env/lib/python3.8/site-packages/airflow/example_dags/example_xcomargs.py
[2022-03-23 19:01:13,484] {processor.py:642} INFO - Processing file /home/airflow/env/lib/python3.8/site-packages/airflow/example_dags/example_xcomargs.py for tasks to queue
[2022-03-23 19:01:13,484] {logging_mixin.py:109} INFO - [2022-03-23 19:01:13,484] {dagbag.py:500} INFO - Filling up the DagBag from /home/airflow/env/lib/python3.8/site-packages/airflow/example_dags/example_xcomargs.py
[2022-03-23 19:01:13,513] {processor.py:654} INFO - DAG(s) dict_keys(['example_xcom_args', 'example_xcom_args_with_operators']) retrieved from /home/airflow/env/lib/python3.8/site-packages/airflow/example_dags/example_xcomargs.py
[2022-03-23 19:01:13,765] {logging_mixin.py:109} INFO - [2022-03-23 19:01:13,765] {dag.py:2396} INFO - Sync 2 DAGs
[2022-03-23 19:01:13,780] {logging_mixin.py:109} INFO - [2022-03-23 19:01:13,780] {dag.py:2935} INFO - Setting next_dagrun for example_xcom_args to None
[2022-03-23 19:01:13,780] {logging_mixin.py:109} INFO - [2022-03-23 19:01:13,780] {dag.py:2935} INFO - Setting next_dagrun for example_xcom_args_with_operators to None
[2022-03-23 19:01:13,812] {processor.py:171} INFO - Processing /home/airflow/env/lib/python3.8/site-packages/airflow/example_dags/example_xcomargs.py took 0.333 seconds
[2022-03-23 19:01:47,465] {processor.py:163} INFO - Started process (PID=8497) to work on /home/airflow/env/lib/python3.8/site-packages/airflow/example_dags/example_xcomargs.py
[2022-03-23 19:01:47,466] {processor.py:642} INFO - Processing file /home/airflow/env/lib/python3.8/site-packages/airflow/example_dags/example_xcomargs.py for tasks to queue
[2022-03-23 19:01:47,467] {logging_mixin.py:109} INFO - [2022-03-23 19:01:47,467] {dagbag.py:500} INFO - Filling up the DagBag from /home/airflow/env/lib/python3.8/site-packages/airflow/example_dags/example_xcomargs.py
[2022-03-23 19:01:47,500] {processor.py:654} INFO - DAG(s) dict_keys(['example_xcom_args', 'example_xcom_args_with_operators']) retrieved from /home/airflow/env/lib/python3.8/site-packages/airflow/example_dags/example_xcomargs.py
[2022-03-23 19:01:47,728] {logging_mixin.py:109} INFO - [2022-03-23 19:01:47,728] {dag.py:2396} INFO - Sync 2 DAGs
[2022-03-23 19:01:47,737] {logging_mixin.py:109} INFO - [2022-03-23 19:01:47,737] {dag.py:2935} INFO - Setting next_dagrun for example_xcom_args to None
[2022-03-23 19:01:47,737] {logging_mixin.py:109} INFO - [2022-03-23 19:01:47,737] {dag.py:2935} INFO - Setting next_dagrun for example_xcom_args_with_operators to None
[2022-03-23 19:01:47,759] {processor.py:171} INFO - Processing /home/airflow/env/lib/python3.8/site-packages/airflow/example_dags/example_xcomargs.py took 0.297 seconds
[2022-03-23 19:02:20,314] {processor.py:163} INFO - Started process (PID=8589) to work on /home/airflow/env/lib/python3.8/site-packages/airflow/example_dags/example_xcomargs.py
[2022-03-23 19:02:20,318] {processor.py:642} INFO - Processing file /home/airflow/env/lib/python3.8/site-packages/airflow/example_dags/example_xcomargs.py for tasks to queue
[2022-03-23 19:02:20,321] {logging_mixin.py:109} INFO - [2022-03-23 19:02:20,321] {dagbag.py:500} INFO - Filling up the DagBag from /home/airflow/env/lib/python3.8/site-packages/airflow/example_dags/example_xcomargs.py
[2022-03-23 19:02:20,491] {processor.py:654} INFO - DAG(s) dict_keys(['example_xcom_args', 'example_xcom_args_with_operators']) retrieved from /home/airflow/env/lib/python3.8/site-packages/airflow/example_dags/example_xcomargs.py
[2022-03-23 19:02:21,423] {logging_mixin.py:109} INFO - [2022-03-23 19:02:21,423] {dag.py:2396} INFO - Sync 2 DAGs
[2022-03-23 19:02:21,455] {logging_mixin.py:109} INFO - [2022-03-23 19:02:21,455] {dag.py:2935} INFO - Setting next_dagrun for example_xcom_args to None
[2022-03-23 19:02:21,455] {logging_mixin.py:109} INFO - [2022-03-23 19:02:21,455] {dag.py:2935} INFO - Setting next_dagrun for example_xcom_args_with_operators to None
[2022-03-23 19:02:21,486] {processor.py:171} INFO - Processing /home/airflow/env/lib/python3.8/site-packages/airflow/example_dags/example_xcomargs.py took 1.199 seconds
[2022-03-23 19:02:55,681] {processor.py:163} INFO - Started process (PID=8703) to work on /home/airflow/env/lib/python3.8/site-packages/airflow/example_dags/example_xcomargs.py
[2022-03-23 19:02:55,683] {processor.py:642} INFO - Processing file /home/airflow/env/lib/python3.8/site-packages/airflow/example_dags/example_xcomargs.py for tasks to queue
[2022-03-23 19:02:55,683] {logging_mixin.py:109} INFO - [2022-03-23 19:02:55,683] {dagbag.py:500} INFO - Filling up the DagBag from /home/airflow/env/lib/python3.8/site-packages/airflow/example_dags/example_xcomargs.py
[2022-03-23 19:02:55,705] {processor.py:654} INFO - DAG(s) dict_keys(['example_xcom_args', 'example_xcom_args_with_operators']) retrieved from /home/airflow/env/lib/python3.8/site-packages/airflow/example_dags/example_xcomargs.py
[2022-03-23 19:02:55,904] {logging_mixin.py:109} INFO - [2022-03-23 19:02:55,904] {dag.py:2396} INFO - Sync 2 DAGs
[2022-03-23 19:02:55,915] {logging_mixin.py:109} INFO - [2022-03-23 19:02:55,915] {dag.py:2935} INFO - Setting next_dagrun for example_xcom_args to None
[2022-03-23 19:02:55,915] {logging_mixin.py:109} INFO - [2022-03-23 19:02:55,915] {dag.py:2935} INFO - Setting next_dagrun for example_xcom_args_with_operators to None
[2022-03-23 19:02:55,934] {processor.py:171} INFO - Processing /home/airflow/env/lib/python3.8/site-packages/airflow/example_dags/example_xcomargs.py took 0.256 seconds
[2022-03-23 19:03:27,252] {processor.py:163} INFO - Started process (PID=8779) to work on /home/airflow/env/lib/python3.8/site-packages/airflow/example_dags/example_xcomargs.py
[2022-03-23 19:03:27,253] {processor.py:642} INFO - Processing file /home/airflow/env/lib/python3.8/site-packages/airflow/example_dags/example_xcomargs.py for tasks to queue
[2022-03-23 19:03:27,254] {logging_mixin.py:109} INFO - [2022-03-23 19:03:27,254] {dagbag.py:500} INFO - Filling up the DagBag from /home/airflow/env/lib/python3.8/site-packages/airflow/example_dags/example_xcomargs.py
[2022-03-23 19:03:27,284] {processor.py:654} INFO - DAG(s) dict_keys(['example_xcom_args', 'example_xcom_args_with_operators']) retrieved from /home/airflow/env/lib/python3.8/site-packages/airflow/example_dags/example_xcomargs.py
[2022-03-23 19:03:27,567] {logging_mixin.py:109} INFO - [2022-03-23 19:03:27,567] {dag.py:2396} INFO - Sync 2 DAGs
[2022-03-23 19:03:27,582] {logging_mixin.py:109} INFO - [2022-03-23 19:03:27,582] {dag.py:2935} INFO - Setting next_dagrun for example_xcom_args to None
[2022-03-23 19:03:27,583] {logging_mixin.py:109} INFO - [2022-03-23 19:03:27,583] {dag.py:2935} INFO - Setting next_dagrun for example_xcom_args_with_operators to None
[2022-03-23 19:03:27,602] {processor.py:171} INFO - Processing /home/airflow/env/lib/python3.8/site-packages/airflow/example_dags/example_xcomargs.py took 0.353 seconds
[2022-03-23 19:04:00,982] {processor.py:163} INFO - Started process (PID=8916) to work on /home/airflow/env/lib/python3.8/site-packages/airflow/example_dags/example_xcomargs.py
[2022-03-23 19:04:00,983] {processor.py:642} INFO - Processing file /home/airflow/env/lib/python3.8/site-packages/airflow/example_dags/example_xcomargs.py for tasks to queue
[2022-03-23 19:04:00,983] {logging_mixin.py:109} INFO - [2022-03-23 19:04:00,983] {dagbag.py:500} INFO - Filling up the DagBag from /home/airflow/env/lib/python3.8/site-packages/airflow/example_dags/example_xcomargs.py
[2022-03-23 19:04:01,011] {processor.py:654} INFO - DAG(s) dict_keys(['example_xcom_args', 'example_xcom_args_with_operators']) retrieved from /home/airflow/env/lib/python3.8/site-packages/airflow/example_dags/example_xcomargs.py
[2022-03-23 19:04:01,272] {logging_mixin.py:109} INFO - [2022-03-23 19:04:01,272] {dag.py:2396} INFO - Sync 2 DAGs
[2022-03-23 19:04:01,282] {logging_mixin.py:109} INFO - [2022-03-23 19:04:01,282] {dag.py:2935} INFO - Setting next_dagrun for example_xcom_args to None
[2022-03-23 19:04:01,282] {logging_mixin.py:109} INFO - [2022-03-23 19:04:01,282] {dag.py:2935} INFO - Setting next_dagrun for example_xcom_args_with_operators to None
[2022-03-23 19:04:01,300] {processor.py:171} INFO - Processing /home/airflow/env/lib/python3.8/site-packages/airflow/example_dags/example_xcomargs.py took 0.320 seconds
[2022-03-23 19:04:38,039] {processor.py:163} INFO - Started process (PID=9040) to work on /home/airflow/env/lib/python3.8/site-packages/airflow/example_dags/example_xcomargs.py
[2022-03-23 19:04:38,046] {processor.py:642} INFO - Processing file /home/airflow/env/lib/python3.8/site-packages/airflow/example_dags/example_xcomargs.py for tasks to queue
[2022-03-23 19:04:38,047] {logging_mixin.py:109} INFO - [2022-03-23 19:04:38,046] {dagbag.py:500} INFO - Filling up the DagBag from /home/airflow/env/lib/python3.8/site-packages/airflow/example_dags/example_xcomargs.py
[2022-03-23 19:04:38,096] {processor.py:654} INFO - DAG(s) dict_keys(['example_xcom_args', 'example_xcom_args_with_operators']) retrieved from /home/airflow/env/lib/python3.8/site-packages/airflow/example_dags/example_xcomargs.py
[2022-03-23 19:04:38,579] {logging_mixin.py:109} INFO - [2022-03-23 19:04:38,579] {dag.py:2396} INFO - Sync 2 DAGs
[2022-03-23 19:04:38,600] {logging_mixin.py:109} INFO - [2022-03-23 19:04:38,600] {dag.py:2935} INFO - Setting next_dagrun for example_xcom_args to None
[2022-03-23 19:04:38,605] {logging_mixin.py:109} INFO - [2022-03-23 19:04:38,605] {dag.py:2935} INFO - Setting next_dagrun for example_xcom_args_with_operators to None
[2022-03-23 19:04:38,628] {processor.py:171} INFO - Processing /home/airflow/env/lib/python3.8/site-packages/airflow/example_dags/example_xcomargs.py took 0.591 seconds
[2022-03-23 19:05:23,470] {processor.py:163} INFO - Started process (PID=9104) to work on /home/airflow/env/lib/python3.8/site-packages/airflow/example_dags/example_xcomargs.py
[2022-03-23 19:05:23,477] {processor.py:642} INFO - Processing file /home/airflow/env/lib/python3.8/site-packages/airflow/example_dags/example_xcomargs.py for tasks to queue
[2022-03-23 19:05:23,477] {logging_mixin.py:109} INFO - [2022-03-23 19:05:23,477] {dagbag.py:500} INFO - Filling up the DagBag from /home/airflow/env/lib/python3.8/site-packages/airflow/example_dags/example_xcomargs.py
[2022-03-23 19:05:23,499] {processor.py:654} INFO - DAG(s) dict_keys(['example_xcom_args', 'example_xcom_args_with_operators']) retrieved from /home/airflow/env/lib/python3.8/site-packages/airflow/example_dags/example_xcomargs.py
[2022-03-23 19:05:23,708] {logging_mixin.py:109} INFO - [2022-03-23 19:05:23,708] {dag.py:2396} INFO - Sync 2 DAGs
[2022-03-23 19:05:23,718] {logging_mixin.py:109} INFO - [2022-03-23 19:05:23,718] {dag.py:2935} INFO - Setting next_dagrun for example_xcom_args to None
[2022-03-23 19:05:23,719] {logging_mixin.py:109} INFO - [2022-03-23 19:05:23,718] {dag.py:2935} INFO - Setting next_dagrun for example_xcom_args_with_operators to None
[2022-03-23 19:05:23,736] {processor.py:171} INFO - Processing /home/airflow/env/lib/python3.8/site-packages/airflow/example_dags/example_xcomargs.py took 0.268 seconds
[2022-03-23 19:06:00,255] {processor.py:163} INFO - Started process (PID=9190) to work on /home/airflow/env/lib/python3.8/site-packages/airflow/example_dags/example_xcomargs.py
[2022-03-23 19:06:00,257] {processor.py:642} INFO - Processing file /home/airflow/env/lib/python3.8/site-packages/airflow/example_dags/example_xcomargs.py for tasks to queue
[2022-03-23 19:06:00,257] {logging_mixin.py:109} INFO - [2022-03-23 19:06:00,257] {dagbag.py:500} INFO - Filling up the DagBag from /home/airflow/env/lib/python3.8/site-packages/airflow/example_dags/example_xcomargs.py
[2022-03-23 19:06:00,284] {processor.py:654} INFO - DAG(s) dict_keys(['example_xcom_args', 'example_xcom_args_with_operators']) retrieved from /home/airflow/env/lib/python3.8/site-packages/airflow/example_dags/example_xcomargs.py
[2022-03-23 19:06:00,500] {logging_mixin.py:109} INFO - [2022-03-23 19:06:00,500] {dag.py:2396} INFO - Sync 2 DAGs
[2022-03-23 19:06:00,511] {logging_mixin.py:109} INFO - [2022-03-23 19:06:00,511] {dag.py:2935} INFO - Setting next_dagrun for example_xcom_args to None
[2022-03-23 19:06:00,511] {logging_mixin.py:109} INFO - [2022-03-23 19:06:00,511] {dag.py:2935} INFO - Setting next_dagrun for example_xcom_args_with_operators to None
[2022-03-23 19:06:00,526] {processor.py:171} INFO - Processing /home/airflow/env/lib/python3.8/site-packages/airflow/example_dags/example_xcomargs.py took 0.273 seconds
[2022-03-23 19:06:35,353] {processor.py:163} INFO - Started process (PID=9227) to work on /home/airflow/env/lib/python3.8/site-packages/airflow/example_dags/example_xcomargs.py
[2022-03-23 19:06:35,354] {processor.py:642} INFO - Processing file /home/airflow/env/lib/python3.8/site-packages/airflow/example_dags/example_xcomargs.py for tasks to queue
[2022-03-23 19:06:35,355] {logging_mixin.py:109} INFO - [2022-03-23 19:06:35,355] {dagbag.py:500} INFO - Filling up the DagBag from /home/airflow/env/lib/python3.8/site-packages/airflow/example_dags/example_xcomargs.py
[2022-03-23 19:06:35,378] {processor.py:654} INFO - DAG(s) dict_keys(['example_xcom_args', 'example_xcom_args_with_operators']) retrieved from /home/airflow/env/lib/python3.8/site-packages/airflow/example_dags/example_xcomargs.py
[2022-03-23 19:06:35,600] {logging_mixin.py:109} INFO - [2022-03-23 19:06:35,600] {dag.py:2396} INFO - Sync 2 DAGs
[2022-03-23 19:06:35,611] {logging_mixin.py:109} INFO - [2022-03-23 19:06:35,610] {dag.py:2935} INFO - Setting next_dagrun for example_xcom_args to None
[2022-03-23 19:06:35,611] {logging_mixin.py:109} INFO - [2022-03-23 19:06:35,611] {dag.py:2935} INFO - Setting next_dagrun for example_xcom_args_with_operators to None
[2022-03-23 19:06:35,630] {processor.py:171} INFO - Processing /home/airflow/env/lib/python3.8/site-packages/airflow/example_dags/example_xcomargs.py took 0.280 seconds
[2022-03-23 19:07:10,014] {processor.py:163} INFO - Started process (PID=9260) to work on /home/airflow/env/lib/python3.8/site-packages/airflow/example_dags/example_xcomargs.py
[2022-03-23 19:07:10,015] {processor.py:642} INFO - Processing file /home/airflow/env/lib/python3.8/site-packages/airflow/example_dags/example_xcomargs.py for tasks to queue
[2022-03-23 19:07:10,015] {logging_mixin.py:109} INFO - [2022-03-23 19:07:10,015] {dagbag.py:500} INFO - Filling up the DagBag from /home/airflow/env/lib/python3.8/site-packages/airflow/example_dags/example_xcomargs.py
[2022-03-23 19:07:10,043] {processor.py:654} INFO - DAG(s) dict_keys(['example_xcom_args', 'example_xcom_args_with_operators']) retrieved from /home/airflow/env/lib/python3.8/site-packages/airflow/example_dags/example_xcomargs.py
[2022-03-23 19:07:10,053] {logging_mixin.py:109} INFO - [2022-03-23 19:07:10,053] {dag.py:2396} INFO - Sync 2 DAGs
[2022-03-23 19:07:10,064] {logging_mixin.py:109} INFO - [2022-03-23 19:07:10,064] {dag.py:2935} INFO - Setting next_dagrun for example_xcom_args to None
[2022-03-23 19:07:10,064] {logging_mixin.py:109} INFO - [2022-03-23 19:07:10,064] {dag.py:2935} INFO - Setting next_dagrun for example_xcom_args_with_operators to None
[2022-03-23 19:07:10,077] {processor.py:171} INFO - Processing /home/airflow/env/lib/python3.8/site-packages/airflow/example_dags/example_xcomargs.py took 0.066 seconds
[2022-03-23 19:07:43,214] {processor.py:163} INFO - Started process (PID=9295) to work on /home/airflow/env/lib/python3.8/site-packages/airflow/example_dags/example_xcomargs.py
[2022-03-23 19:07:43,216] {processor.py:642} INFO - Processing file /home/airflow/env/lib/python3.8/site-packages/airflow/example_dags/example_xcomargs.py for tasks to queue
[2022-03-23 19:07:43,216] {logging_mixin.py:109} INFO - [2022-03-23 19:07:43,216] {dagbag.py:500} INFO - Filling up the DagBag from /home/airflow/env/lib/python3.8/site-packages/airflow/example_dags/example_xcomargs.py
[2022-03-23 19:07:43,239] {processor.py:654} INFO - DAG(s) dict_keys(['example_xcom_args', 'example_xcom_args_with_operators']) retrieved from /home/airflow/env/lib/python3.8/site-packages/airflow/example_dags/example_xcomargs.py
[2022-03-23 19:07:43,446] {logging_mixin.py:109} INFO - [2022-03-23 19:07:43,446] {dag.py:2396} INFO - Sync 2 DAGs
[2022-03-23 19:07:43,457] {logging_mixin.py:109} INFO - [2022-03-23 19:07:43,457] {dag.py:2935} INFO - Setting next_dagrun for example_xcom_args to None
[2022-03-23 19:07:43,458] {logging_mixin.py:109} INFO - [2022-03-23 19:07:43,458] {dag.py:2935} INFO - Setting next_dagrun for example_xcom_args_with_operators to None
[2022-03-23 19:07:43,478] {processor.py:171} INFO - Processing /home/airflow/env/lib/python3.8/site-packages/airflow/example_dags/example_xcomargs.py took 0.267 seconds
[2022-03-23 19:08:18,498] {processor.py:163} INFO - Started process (PID=9328) to work on /home/airflow/env/lib/python3.8/site-packages/airflow/example_dags/example_xcomargs.py
[2022-03-23 19:08:18,499] {processor.py:642} INFO - Processing file /home/airflow/env/lib/python3.8/site-packages/airflow/example_dags/example_xcomargs.py for tasks to queue
[2022-03-23 19:08:18,500] {logging_mixin.py:109} INFO - [2022-03-23 19:08:18,500] {dagbag.py:500} INFO - Filling up the DagBag from /home/airflow/env/lib/python3.8/site-packages/airflow/example_dags/example_xcomargs.py
[2022-03-23 19:08:18,528] {processor.py:654} INFO - DAG(s) dict_keys(['example_xcom_args', 'example_xcom_args_with_operators']) retrieved from /home/airflow/env/lib/python3.8/site-packages/airflow/example_dags/example_xcomargs.py
[2022-03-23 19:08:18,862] {logging_mixin.py:109} INFO - [2022-03-23 19:08:18,862] {dag.py:2396} INFO - Sync 2 DAGs
[2022-03-23 19:08:18,878] {logging_mixin.py:109} INFO - [2022-03-23 19:08:18,878] {dag.py:2935} INFO - Setting next_dagrun for example_xcom_args to None
[2022-03-23 19:08:18,878] {logging_mixin.py:109} INFO - [2022-03-23 19:08:18,878] {dag.py:2935} INFO - Setting next_dagrun for example_xcom_args_with_operators to None
[2022-03-23 19:08:18,900] {processor.py:171} INFO - Processing /home/airflow/env/lib/python3.8/site-packages/airflow/example_dags/example_xcomargs.py took 0.404 seconds
[2022-03-23 19:08:52,638] {processor.py:163} INFO - Started process (PID=9361) to work on /home/airflow/env/lib/python3.8/site-packages/airflow/example_dags/example_xcomargs.py
[2022-03-23 19:08:52,640] {processor.py:642} INFO - Processing file /home/airflow/env/lib/python3.8/site-packages/airflow/example_dags/example_xcomargs.py for tasks to queue
[2022-03-23 19:08:52,640] {logging_mixin.py:109} INFO - [2022-03-23 19:08:52,640] {dagbag.py:500} INFO - Filling up the DagBag from /home/airflow/env/lib/python3.8/site-packages/airflow/example_dags/example_xcomargs.py
[2022-03-23 19:08:52,662] {processor.py:654} INFO - DAG(s) dict_keys(['example_xcom_args', 'example_xcom_args_with_operators']) retrieved from /home/airflow/env/lib/python3.8/site-packages/airflow/example_dags/example_xcomargs.py
[2022-03-23 19:08:52,861] {logging_mixin.py:109} INFO - [2022-03-23 19:08:52,861] {dag.py:2396} INFO - Sync 2 DAGs
[2022-03-23 19:08:52,871] {logging_mixin.py:109} INFO - [2022-03-23 19:08:52,871] {dag.py:2935} INFO - Setting next_dagrun for example_xcom_args to None
[2022-03-23 19:08:52,871] {logging_mixin.py:109} INFO - [2022-03-23 19:08:52,871] {dag.py:2935} INFO - Setting next_dagrun for example_xcom_args_with_operators to None
[2022-03-23 19:08:52,886] {processor.py:171} INFO - Processing /home/airflow/env/lib/python3.8/site-packages/airflow/example_dags/example_xcomargs.py took 0.250 seconds
[2022-03-23 19:09:30,221] {processor.py:163} INFO - Started process (PID=9394) to work on /home/airflow/env/lib/python3.8/site-packages/airflow/example_dags/example_xcomargs.py
[2022-03-23 19:09:30,222] {processor.py:642} INFO - Processing file /home/airflow/env/lib/python3.8/site-packages/airflow/example_dags/example_xcomargs.py for tasks to queue
[2022-03-23 19:09:30,222] {logging_mixin.py:109} INFO - [2022-03-23 19:09:30,222] {dagbag.py:500} INFO - Filling up the DagBag from /home/airflow/env/lib/python3.8/site-packages/airflow/example_dags/example_xcomargs.py
[2022-03-23 19:09:30,247] {processor.py:654} INFO - DAG(s) dict_keys(['example_xcom_args', 'example_xcom_args_with_operators']) retrieved from /home/airflow/env/lib/python3.8/site-packages/airflow/example_dags/example_xcomargs.py
[2022-03-23 19:09:30,507] {logging_mixin.py:109} INFO - [2022-03-23 19:09:30,507] {dag.py:2396} INFO - Sync 2 DAGs
[2022-03-23 19:09:30,520] {logging_mixin.py:109} INFO - [2022-03-23 19:09:30,520] {dag.py:2935} INFO - Setting next_dagrun for example_xcom_args to None
[2022-03-23 19:09:30,520] {logging_mixin.py:109} INFO - [2022-03-23 19:09:30,520] {dag.py:2935} INFO - Setting next_dagrun for example_xcom_args_with_operators to None
[2022-03-23 19:09:30,538] {processor.py:171} INFO - Processing /home/airflow/env/lib/python3.8/site-packages/airflow/example_dags/example_xcomargs.py took 0.320 seconds
[2022-03-23 19:10:04,869] {processor.py:163} INFO - Started process (PID=9427) to work on /home/airflow/env/lib/python3.8/site-packages/airflow/example_dags/example_xcomargs.py
[2022-03-23 19:10:04,870] {processor.py:642} INFO - Processing file /home/airflow/env/lib/python3.8/site-packages/airflow/example_dags/example_xcomargs.py for tasks to queue
[2022-03-23 19:10:04,870] {logging_mixin.py:109} INFO - [2022-03-23 19:10:04,870] {dagbag.py:500} INFO - Filling up the DagBag from /home/airflow/env/lib/python3.8/site-packages/airflow/example_dags/example_xcomargs.py
[2022-03-23 19:10:04,895] {processor.py:654} INFO - DAG(s) dict_keys(['example_xcom_args', 'example_xcom_args_with_operators']) retrieved from /home/airflow/env/lib/python3.8/site-packages/airflow/example_dags/example_xcomargs.py
[2022-03-23 19:10:05,124] {logging_mixin.py:109} INFO - [2022-03-23 19:10:05,124] {dag.py:2396} INFO - Sync 2 DAGs
[2022-03-23 19:10:05,135] {logging_mixin.py:109} INFO - [2022-03-23 19:10:05,135] {dag.py:2935} INFO - Setting next_dagrun for example_xcom_args to None
[2022-03-23 19:10:05,136] {logging_mixin.py:109} INFO - [2022-03-23 19:10:05,135] {dag.py:2935} INFO - Setting next_dagrun for example_xcom_args_with_operators to None
[2022-03-23 19:10:05,150] {processor.py:171} INFO - Processing /home/airflow/env/lib/python3.8/site-packages/airflow/example_dags/example_xcomargs.py took 0.284 seconds
[2022-03-23 19:10:39,918] {processor.py:163} INFO - Started process (PID=9519) to work on /home/airflow/env/lib/python3.8/site-packages/airflow/example_dags/example_xcomargs.py
[2022-03-23 19:10:39,919] {processor.py:642} INFO - Processing file /home/airflow/env/lib/python3.8/site-packages/airflow/example_dags/example_xcomargs.py for tasks to queue
[2022-03-23 19:10:39,919] {logging_mixin.py:109} INFO - [2022-03-23 19:10:39,919] {dagbag.py:500} INFO - Filling up the DagBag from /home/airflow/env/lib/python3.8/site-packages/airflow/example_dags/example_xcomargs.py
[2022-03-23 19:10:39,943] {processor.py:654} INFO - DAG(s) dict_keys(['example_xcom_args', 'example_xcom_args_with_operators']) retrieved from /home/airflow/env/lib/python3.8/site-packages/airflow/example_dags/example_xcomargs.py
[2022-03-23 19:10:40,160] {logging_mixin.py:109} INFO - [2022-03-23 19:10:40,160] {dag.py:2396} INFO - Sync 2 DAGs
[2022-03-23 19:10:40,171] {logging_mixin.py:109} INFO - [2022-03-23 19:10:40,171] {dag.py:2935} INFO - Setting next_dagrun for example_xcom_args to None
[2022-03-23 19:10:40,172] {logging_mixin.py:109} INFO - [2022-03-23 19:10:40,172] {dag.py:2935} INFO - Setting next_dagrun for example_xcom_args_with_operators to None
[2022-03-23 19:10:40,191] {processor.py:171} INFO - Processing /home/airflow/env/lib/python3.8/site-packages/airflow/example_dags/example_xcomargs.py took 0.276 seconds
[2022-03-23 19:11:14,564] {processor.py:163} INFO - Started process (PID=9552) to work on /home/airflow/env/lib/python3.8/site-packages/airflow/example_dags/example_xcomargs.py
[2022-03-23 19:11:14,566] {processor.py:642} INFO - Processing file /home/airflow/env/lib/python3.8/site-packages/airflow/example_dags/example_xcomargs.py for tasks to queue
[2022-03-23 19:11:14,566] {logging_mixin.py:109} INFO - [2022-03-23 19:11:14,566] {dagbag.py:500} INFO - Filling up the DagBag from /home/airflow/env/lib/python3.8/site-packages/airflow/example_dags/example_xcomargs.py
[2022-03-23 19:11:14,590] {processor.py:654} INFO - DAG(s) dict_keys(['example_xcom_args', 'example_xcom_args_with_operators']) retrieved from /home/airflow/env/lib/python3.8/site-packages/airflow/example_dags/example_xcomargs.py
[2022-03-23 19:11:14,840] {logging_mixin.py:109} INFO - [2022-03-23 19:11:14,840] {dag.py:2396} INFO - Sync 2 DAGs
[2022-03-23 19:11:14,849] {logging_mixin.py:109} INFO - [2022-03-23 19:11:14,849] {dag.py:2935} INFO - Setting next_dagrun for example_xcom_args to None
[2022-03-23 19:11:14,850] {logging_mixin.py:109} INFO - [2022-03-23 19:11:14,850] {dag.py:2935} INFO - Setting next_dagrun for example_xcom_args_with_operators to None
[2022-03-23 19:11:14,871] {processor.py:171} INFO - Processing /home/airflow/env/lib/python3.8/site-packages/airflow/example_dags/example_xcomargs.py took 0.309 seconds
[2022-03-23 19:11:49,012] {processor.py:163} INFO - Started process (PID=9585) to work on /home/airflow/env/lib/python3.8/site-packages/airflow/example_dags/example_xcomargs.py
[2022-03-23 19:11:49,013] {processor.py:642} INFO - Processing file /home/airflow/env/lib/python3.8/site-packages/airflow/example_dags/example_xcomargs.py for tasks to queue
[2022-03-23 19:11:49,014] {logging_mixin.py:109} INFO - [2022-03-23 19:11:49,013] {dagbag.py:500} INFO - Filling up the DagBag from /home/airflow/env/lib/python3.8/site-packages/airflow/example_dags/example_xcomargs.py
[2022-03-23 19:11:49,041] {processor.py:654} INFO - DAG(s) dict_keys(['example_xcom_args', 'example_xcom_args_with_operators']) retrieved from /home/airflow/env/lib/python3.8/site-packages/airflow/example_dags/example_xcomargs.py
[2022-03-23 19:11:49,276] {logging_mixin.py:109} INFO - [2022-03-23 19:11:49,276] {dag.py:2396} INFO - Sync 2 DAGs
[2022-03-23 19:11:49,287] {logging_mixin.py:109} INFO - [2022-03-23 19:11:49,287] {dag.py:2935} INFO - Setting next_dagrun for example_xcom_args to None
[2022-03-23 19:11:49,288] {logging_mixin.py:109} INFO - [2022-03-23 19:11:49,288] {dag.py:2935} INFO - Setting next_dagrun for example_xcom_args_with_operators to None
[2022-03-23 19:11:49,310] {processor.py:171} INFO - Processing /home/airflow/env/lib/python3.8/site-packages/airflow/example_dags/example_xcomargs.py took 0.301 seconds
[2022-03-23 19:12:20,695] {processor.py:163} INFO - Started process (PID=9700) to work on /home/airflow/env/lib/python3.8/site-packages/airflow/example_dags/example_xcomargs.py
[2022-03-23 19:12:20,696] {processor.py:642} INFO - Processing file /home/airflow/env/lib/python3.8/site-packages/airflow/example_dags/example_xcomargs.py for tasks to queue
[2022-03-23 19:12:20,696] {logging_mixin.py:109} INFO - [2022-03-23 19:12:20,696] {dagbag.py:500} INFO - Filling up the DagBag from /home/airflow/env/lib/python3.8/site-packages/airflow/example_dags/example_xcomargs.py
[2022-03-23 19:12:20,719] {processor.py:654} INFO - DAG(s) dict_keys(['example_xcom_args', 'example_xcom_args_with_operators']) retrieved from /home/airflow/env/lib/python3.8/site-packages/airflow/example_dags/example_xcomargs.py
[2022-03-23 19:12:20,924] {logging_mixin.py:109} INFO - [2022-03-23 19:12:20,924] {dag.py:2396} INFO - Sync 2 DAGs
[2022-03-23 19:12:20,934] {logging_mixin.py:109} INFO - [2022-03-23 19:12:20,934] {dag.py:2935} INFO - Setting next_dagrun for example_xcom_args to None
[2022-03-23 19:12:20,934] {logging_mixin.py:109} INFO - [2022-03-23 19:12:20,934] {dag.py:2935} INFO - Setting next_dagrun for example_xcom_args_with_operators to None
[2022-03-23 19:12:20,951] {processor.py:171} INFO - Processing /home/airflow/env/lib/python3.8/site-packages/airflow/example_dags/example_xcomargs.py took 0.258 seconds
[2022-03-23 19:12:55,898] {processor.py:163} INFO - Started process (PID=9832) to work on /home/airflow/env/lib/python3.8/site-packages/airflow/example_dags/example_xcomargs.py
[2022-03-23 19:12:55,900] {processor.py:642} INFO - Processing file /home/airflow/env/lib/python3.8/site-packages/airflow/example_dags/example_xcomargs.py for tasks to queue
[2022-03-23 19:12:55,900] {logging_mixin.py:109} INFO - [2022-03-23 19:12:55,900] {dagbag.py:500} INFO - Filling up the DagBag from /home/airflow/env/lib/python3.8/site-packages/airflow/example_dags/example_xcomargs.py
[2022-03-23 19:12:55,924] {processor.py:654} INFO - DAG(s) dict_keys(['example_xcom_args', 'example_xcom_args_with_operators']) retrieved from /home/airflow/env/lib/python3.8/site-packages/airflow/example_dags/example_xcomargs.py
[2022-03-23 19:12:56,125] {logging_mixin.py:109} INFO - [2022-03-23 19:12:56,125] {dag.py:2396} INFO - Sync 2 DAGs
[2022-03-23 19:12:56,138] {logging_mixin.py:109} INFO - [2022-03-23 19:12:56,138] {dag.py:2935} INFO - Setting next_dagrun for example_xcom_args to None
[2022-03-23 19:12:56,138] {logging_mixin.py:109} INFO - [2022-03-23 19:12:56,138] {dag.py:2935} INFO - Setting next_dagrun for example_xcom_args_with_operators to None
[2022-03-23 19:12:56,156] {processor.py:171} INFO - Processing /home/airflow/env/lib/python3.8/site-packages/airflow/example_dags/example_xcomargs.py took 0.260 seconds
[2022-03-23 19:13:31,449] {processor.py:163} INFO - Started process (PID=10049) to work on /home/airflow/env/lib/python3.8/site-packages/airflow/example_dags/example_xcomargs.py
[2022-03-23 19:13:31,450] {processor.py:642} INFO - Processing file /home/airflow/env/lib/python3.8/site-packages/airflow/example_dags/example_xcomargs.py for tasks to queue
[2022-03-23 19:13:31,450] {logging_mixin.py:109} INFO - [2022-03-23 19:13:31,450] {dagbag.py:500} INFO - Filling up the DagBag from /home/airflow/env/lib/python3.8/site-packages/airflow/example_dags/example_xcomargs.py
[2022-03-23 19:13:31,472] {processor.py:654} INFO - DAG(s) dict_keys(['example_xcom_args', 'example_xcom_args_with_operators']) retrieved from /home/airflow/env/lib/python3.8/site-packages/airflow/example_dags/example_xcomargs.py
[2022-03-23 19:13:31,676] {logging_mixin.py:109} INFO - [2022-03-23 19:13:31,676] {dag.py:2396} INFO - Sync 2 DAGs
[2022-03-23 19:13:31,777] {logging_mixin.py:109} INFO - [2022-03-23 19:13:31,777] {dag.py:2935} INFO - Setting next_dagrun for example_xcom_args to None
[2022-03-23 19:13:31,777] {logging_mixin.py:109} INFO - [2022-03-23 19:13:31,777] {dag.py:2935} INFO - Setting next_dagrun for example_xcom_args_with_operators to None
[2022-03-23 19:13:31,797] {processor.py:171} INFO - Processing /home/airflow/env/lib/python3.8/site-packages/airflow/example_dags/example_xcomargs.py took 0.351 seconds
[2022-03-23 19:14:06,935] {processor.py:163} INFO - Started process (PID=10125) to work on /home/airflow/env/lib/python3.8/site-packages/airflow/example_dags/example_xcomargs.py
[2022-03-23 19:14:06,938] {processor.py:642} INFO - Processing file /home/airflow/env/lib/python3.8/site-packages/airflow/example_dags/example_xcomargs.py for tasks to queue
[2022-03-23 19:14:06,938] {logging_mixin.py:109} INFO - [2022-03-23 19:14:06,938] {dagbag.py:500} INFO - Filling up the DagBag from /home/airflow/env/lib/python3.8/site-packages/airflow/example_dags/example_xcomargs.py
[2022-03-23 19:14:07,012] {processor.py:654} INFO - DAG(s) dict_keys(['example_xcom_args', 'example_xcom_args_with_operators']) retrieved from /home/airflow/env/lib/python3.8/site-packages/airflow/example_dags/example_xcomargs.py
[2022-03-23 19:14:07,682] {logging_mixin.py:109} INFO - [2022-03-23 19:14:07,682] {dag.py:2396} INFO - Sync 2 DAGs
[2022-03-23 19:14:07,905] {logging_mixin.py:109} INFO - [2022-03-23 19:14:07,885] {dag.py:2935} INFO - Setting next_dagrun for example_xcom_args to None
[2022-03-23 19:14:07,905] {logging_mixin.py:109} INFO - [2022-03-23 19:14:07,905] {dag.py:2935} INFO - Setting next_dagrun for example_xcom_args_with_operators to None
[2022-03-23 19:14:07,934] {processor.py:171} INFO - Processing /home/airflow/env/lib/python3.8/site-packages/airflow/example_dags/example_xcomargs.py took 1.001 seconds
