[2022-03-23 18:35:40,860] {processor.py:163} INFO - Started process (PID=5150) to work on /home/airflow/env/lib/python3.8/site-packages/airflow/example_dags/tutorial_etl_dag.py
[2022-03-23 18:35:40,862] {processor.py:642} INFO - Processing file /home/airflow/env/lib/python3.8/site-packages/airflow/example_dags/tutorial_etl_dag.py for tasks to queue
[2022-03-23 18:35:40,863] {logging_mixin.py:109} INFO - [2022-03-23 18:35:40,863] {dagbag.py:500} INFO - Filling up the DagBag from /home/airflow/env/lib/python3.8/site-packages/airflow/example_dags/tutorial_etl_dag.py
[2022-03-23 18:35:40,880] {processor.py:654} INFO - DAG(s) dict_keys(['tutorial_etl_dag']) retrieved from /home/airflow/env/lib/python3.8/site-packages/airflow/example_dags/tutorial_etl_dag.py
[2022-03-23 18:35:40,888] {logging_mixin.py:109} INFO - [2022-03-23 18:35:40,888] {dag.py:2396} INFO - Sync 1 DAGs
[2022-03-23 18:35:40,900] {logging_mixin.py:109} INFO - [2022-03-23 18:35:40,900] {dag.py:2935} INFO - Setting next_dagrun for tutorial_etl_dag to None
[2022-03-23 18:35:40,919] {processor.py:171} INFO - Processing /home/airflow/env/lib/python3.8/site-packages/airflow/example_dags/tutorial_etl_dag.py took 0.062 seconds
[2022-03-23 18:36:13,623] {processor.py:163} INFO - Started process (PID=5182) to work on /home/airflow/env/lib/python3.8/site-packages/airflow/example_dags/tutorial_etl_dag.py
[2022-03-23 18:36:13,625] {processor.py:642} INFO - Processing file /home/airflow/env/lib/python3.8/site-packages/airflow/example_dags/tutorial_etl_dag.py for tasks to queue
[2022-03-23 18:36:13,626] {logging_mixin.py:109} INFO - [2022-03-23 18:36:13,626] {dagbag.py:500} INFO - Filling up the DagBag from /home/airflow/env/lib/python3.8/site-packages/airflow/example_dags/tutorial_etl_dag.py
[2022-03-23 18:36:13,649] {processor.py:654} INFO - DAG(s) dict_keys(['tutorial_etl_dag']) retrieved from /home/airflow/env/lib/python3.8/site-packages/airflow/example_dags/tutorial_etl_dag.py
[2022-03-23 18:36:13,662] {logging_mixin.py:109} INFO - [2022-03-23 18:36:13,662] {dag.py:2396} INFO - Sync 1 DAGs
[2022-03-23 18:36:13,688] {logging_mixin.py:109} INFO - [2022-03-23 18:36:13,687] {dag.py:2935} INFO - Setting next_dagrun for tutorial_etl_dag to None
[2022-03-23 18:36:13,711] {processor.py:171} INFO - Processing /home/airflow/env/lib/python3.8/site-packages/airflow/example_dags/tutorial_etl_dag.py took 0.090 seconds
[2022-03-23 18:36:46,781] {processor.py:163} INFO - Started process (PID=5275) to work on /home/airflow/env/lib/python3.8/site-packages/airflow/example_dags/tutorial_etl_dag.py
[2022-03-23 18:36:46,782] {processor.py:642} INFO - Processing file /home/airflow/env/lib/python3.8/site-packages/airflow/example_dags/tutorial_etl_dag.py for tasks to queue
[2022-03-23 18:36:46,783] {logging_mixin.py:109} INFO - [2022-03-23 18:36:46,782] {dagbag.py:500} INFO - Filling up the DagBag from /home/airflow/env/lib/python3.8/site-packages/airflow/example_dags/tutorial_etl_dag.py
[2022-03-23 18:36:46,804] {processor.py:654} INFO - DAG(s) dict_keys(['tutorial_etl_dag']) retrieved from /home/airflow/env/lib/python3.8/site-packages/airflow/example_dags/tutorial_etl_dag.py
[2022-03-23 18:36:46,816] {logging_mixin.py:109} INFO - [2022-03-23 18:36:46,816] {dag.py:2396} INFO - Sync 1 DAGs
[2022-03-23 18:36:46,828] {logging_mixin.py:109} INFO - [2022-03-23 18:36:46,828] {dag.py:2935} INFO - Setting next_dagrun for tutorial_etl_dag to None
[2022-03-23 18:36:46,842] {processor.py:171} INFO - Processing /home/airflow/env/lib/python3.8/site-packages/airflow/example_dags/tutorial_etl_dag.py took 0.064 seconds
[2022-03-23 18:37:21,942] {processor.py:163} INFO - Started process (PID=5369) to work on /home/airflow/env/lib/python3.8/site-packages/airflow/example_dags/tutorial_etl_dag.py
[2022-03-23 18:37:21,944] {processor.py:642} INFO - Processing file /home/airflow/env/lib/python3.8/site-packages/airflow/example_dags/tutorial_etl_dag.py for tasks to queue
[2022-03-23 18:37:21,944] {logging_mixin.py:109} INFO - [2022-03-23 18:37:21,944] {dagbag.py:500} INFO - Filling up the DagBag from /home/airflow/env/lib/python3.8/site-packages/airflow/example_dags/tutorial_etl_dag.py
[2022-03-23 18:37:21,961] {processor.py:654} INFO - DAG(s) dict_keys(['tutorial_etl_dag']) retrieved from /home/airflow/env/lib/python3.8/site-packages/airflow/example_dags/tutorial_etl_dag.py
[2022-03-23 18:37:21,968] {logging_mixin.py:109} INFO - [2022-03-23 18:37:21,968] {dag.py:2396} INFO - Sync 1 DAGs
[2022-03-23 18:37:21,979] {logging_mixin.py:109} INFO - [2022-03-23 18:37:21,979] {dag.py:2935} INFO - Setting next_dagrun for tutorial_etl_dag to None
[2022-03-23 18:37:21,997] {processor.py:171} INFO - Processing /home/airflow/env/lib/python3.8/site-packages/airflow/example_dags/tutorial_etl_dag.py took 0.057 seconds
[2022-03-23 18:37:57,611] {processor.py:163} INFO - Started process (PID=5463) to work on /home/airflow/env/lib/python3.8/site-packages/airflow/example_dags/tutorial_etl_dag.py
[2022-03-23 18:37:57,613] {processor.py:642} INFO - Processing file /home/airflow/env/lib/python3.8/site-packages/airflow/example_dags/tutorial_etl_dag.py for tasks to queue
[2022-03-23 18:37:57,614] {logging_mixin.py:109} INFO - [2022-03-23 18:37:57,614] {dagbag.py:500} INFO - Filling up the DagBag from /home/airflow/env/lib/python3.8/site-packages/airflow/example_dags/tutorial_etl_dag.py
[2022-03-23 18:37:57,643] {processor.py:654} INFO - DAG(s) dict_keys(['tutorial_etl_dag']) retrieved from /home/airflow/env/lib/python3.8/site-packages/airflow/example_dags/tutorial_etl_dag.py
[2022-03-23 18:37:57,658] {logging_mixin.py:109} INFO - [2022-03-23 18:37:57,657] {dag.py:2396} INFO - Sync 1 DAGs
[2022-03-23 18:37:57,680] {logging_mixin.py:109} INFO - [2022-03-23 18:37:57,680] {dag.py:2935} INFO - Setting next_dagrun for tutorial_etl_dag to None
[2022-03-23 18:37:57,703] {processor.py:171} INFO - Processing /home/airflow/env/lib/python3.8/site-packages/airflow/example_dags/tutorial_etl_dag.py took 0.095 seconds
[2022-03-23 18:38:31,162] {processor.py:163} INFO - Started process (PID=5495) to work on /home/airflow/env/lib/python3.8/site-packages/airflow/example_dags/tutorial_etl_dag.py
[2022-03-23 18:38:31,163] {processor.py:642} INFO - Processing file /home/airflow/env/lib/python3.8/site-packages/airflow/example_dags/tutorial_etl_dag.py for tasks to queue
[2022-03-23 18:38:31,164] {logging_mixin.py:109} INFO - [2022-03-23 18:38:31,164] {dagbag.py:500} INFO - Filling up the DagBag from /home/airflow/env/lib/python3.8/site-packages/airflow/example_dags/tutorial_etl_dag.py
[2022-03-23 18:38:31,181] {processor.py:654} INFO - DAG(s) dict_keys(['tutorial_etl_dag']) retrieved from /home/airflow/env/lib/python3.8/site-packages/airflow/example_dags/tutorial_etl_dag.py
[2022-03-23 18:38:31,194] {logging_mixin.py:109} INFO - [2022-03-23 18:38:31,194] {dag.py:2396} INFO - Sync 1 DAGs
[2022-03-23 18:38:31,215] {logging_mixin.py:109} INFO - [2022-03-23 18:38:31,215] {dag.py:2935} INFO - Setting next_dagrun for tutorial_etl_dag to None
[2022-03-23 18:38:31,234] {processor.py:171} INFO - Processing /home/airflow/env/lib/python3.8/site-packages/airflow/example_dags/tutorial_etl_dag.py took 0.074 seconds
[2022-03-23 18:39:08,367] {processor.py:163} INFO - Started process (PID=5527) to work on /home/airflow/env/lib/python3.8/site-packages/airflow/example_dags/tutorial_etl_dag.py
[2022-03-23 18:39:08,374] {processor.py:642} INFO - Processing file /home/airflow/env/lib/python3.8/site-packages/airflow/example_dags/tutorial_etl_dag.py for tasks to queue
[2022-03-23 18:39:08,374] {logging_mixin.py:109} INFO - [2022-03-23 18:39:08,374] {dagbag.py:500} INFO - Filling up the DagBag from /home/airflow/env/lib/python3.8/site-packages/airflow/example_dags/tutorial_etl_dag.py
[2022-03-23 18:39:08,434] {processor.py:654} INFO - DAG(s) dict_keys(['tutorial_etl_dag']) retrieved from /home/airflow/env/lib/python3.8/site-packages/airflow/example_dags/tutorial_etl_dag.py
[2022-03-23 18:39:08,459] {logging_mixin.py:109} INFO - [2022-03-23 18:39:08,459] {dag.py:2396} INFO - Sync 1 DAGs
[2022-03-23 18:39:08,493] {logging_mixin.py:109} INFO - [2022-03-23 18:39:08,493] {dag.py:2935} INFO - Setting next_dagrun for tutorial_etl_dag to None
[2022-03-23 18:39:08,525] {processor.py:171} INFO - Processing /home/airflow/env/lib/python3.8/site-packages/airflow/example_dags/tutorial_etl_dag.py took 0.165 seconds
[2022-03-23 18:39:48,435] {processor.py:163} INFO - Started process (PID=5704) to work on /home/airflow/env/lib/python3.8/site-packages/airflow/example_dags/tutorial_etl_dag.py
[2022-03-23 18:39:48,445] {processor.py:642} INFO - Processing file /home/airflow/env/lib/python3.8/site-packages/airflow/example_dags/tutorial_etl_dag.py for tasks to queue
[2022-03-23 18:39:48,445] {logging_mixin.py:109} INFO - [2022-03-23 18:39:48,445] {dagbag.py:500} INFO - Filling up the DagBag from /home/airflow/env/lib/python3.8/site-packages/airflow/example_dags/tutorial_etl_dag.py
[2022-03-23 18:39:48,468] {processor.py:654} INFO - DAG(s) dict_keys(['tutorial_etl_dag']) retrieved from /home/airflow/env/lib/python3.8/site-packages/airflow/example_dags/tutorial_etl_dag.py
[2022-03-23 18:39:48,478] {logging_mixin.py:109} INFO - [2022-03-23 18:39:48,478] {dag.py:2396} INFO - Sync 1 DAGs
[2022-03-23 18:39:48,491] {logging_mixin.py:109} INFO - [2022-03-23 18:39:48,491] {dag.py:2935} INFO - Setting next_dagrun for tutorial_etl_dag to None
[2022-03-23 18:39:48,529] {processor.py:171} INFO - Processing /home/airflow/env/lib/python3.8/site-packages/airflow/example_dags/tutorial_etl_dag.py took 0.097 seconds
[2022-03-23 18:40:23,534] {processor.py:163} INFO - Started process (PID=5790) to work on /home/airflow/env/lib/python3.8/site-packages/airflow/example_dags/tutorial_etl_dag.py
[2022-03-23 18:40:23,535] {processor.py:642} INFO - Processing file /home/airflow/env/lib/python3.8/site-packages/airflow/example_dags/tutorial_etl_dag.py for tasks to queue
[2022-03-23 18:40:23,542] {logging_mixin.py:109} INFO - [2022-03-23 18:40:23,541] {dagbag.py:500} INFO - Filling up the DagBag from /home/airflow/env/lib/python3.8/site-packages/airflow/example_dags/tutorial_etl_dag.py
[2022-03-23 18:40:23,589] {processor.py:654} INFO - DAG(s) dict_keys(['tutorial_etl_dag']) retrieved from /home/airflow/env/lib/python3.8/site-packages/airflow/example_dags/tutorial_etl_dag.py
[2022-03-23 18:40:23,611] {logging_mixin.py:109} INFO - [2022-03-23 18:40:23,611] {dag.py:2396} INFO - Sync 1 DAGs
[2022-03-23 18:40:23,638] {logging_mixin.py:109} INFO - [2022-03-23 18:40:23,638] {dag.py:2935} INFO - Setting next_dagrun for tutorial_etl_dag to None
[2022-03-23 18:40:23,662] {processor.py:171} INFO - Processing /home/airflow/env/lib/python3.8/site-packages/airflow/example_dags/tutorial_etl_dag.py took 0.139 seconds
[2022-03-23 18:40:58,725] {processor.py:163} INFO - Started process (PID=5958) to work on /home/airflow/env/lib/python3.8/site-packages/airflow/example_dags/tutorial_etl_dag.py
[2022-03-23 18:40:58,726] {processor.py:642} INFO - Processing file /home/airflow/env/lib/python3.8/site-packages/airflow/example_dags/tutorial_etl_dag.py for tasks to queue
[2022-03-23 18:40:58,727] {logging_mixin.py:109} INFO - [2022-03-23 18:40:58,727] {dagbag.py:500} INFO - Filling up the DagBag from /home/airflow/env/lib/python3.8/site-packages/airflow/example_dags/tutorial_etl_dag.py
[2022-03-23 18:40:58,744] {processor.py:654} INFO - DAG(s) dict_keys(['tutorial_etl_dag']) retrieved from /home/airflow/env/lib/python3.8/site-packages/airflow/example_dags/tutorial_etl_dag.py
[2022-03-23 18:40:58,754] {logging_mixin.py:109} INFO - [2022-03-23 18:40:58,754] {dag.py:2396} INFO - Sync 1 DAGs
[2022-03-23 18:40:58,766] {logging_mixin.py:109} INFO - [2022-03-23 18:40:58,766] {dag.py:2935} INFO - Setting next_dagrun for tutorial_etl_dag to None
[2022-03-23 18:40:58,785] {processor.py:171} INFO - Processing /home/airflow/env/lib/python3.8/site-packages/airflow/example_dags/tutorial_etl_dag.py took 0.062 seconds
[2022-03-23 18:41:32,847] {processor.py:163} INFO - Started process (PID=6084) to work on /home/airflow/env/lib/python3.8/site-packages/airflow/example_dags/tutorial_etl_dag.py
[2022-03-23 18:41:32,853] {processor.py:642} INFO - Processing file /home/airflow/env/lib/python3.8/site-packages/airflow/example_dags/tutorial_etl_dag.py for tasks to queue
[2022-03-23 18:41:32,854] {logging_mixin.py:109} INFO - [2022-03-23 18:41:32,854] {dagbag.py:500} INFO - Filling up the DagBag from /home/airflow/env/lib/python3.8/site-packages/airflow/example_dags/tutorial_etl_dag.py
[2022-03-23 18:41:32,889] {processor.py:654} INFO - DAG(s) dict_keys(['tutorial_etl_dag']) retrieved from /home/airflow/env/lib/python3.8/site-packages/airflow/example_dags/tutorial_etl_dag.py
[2022-03-23 18:41:32,910] {logging_mixin.py:109} INFO - [2022-03-23 18:41:32,910] {dag.py:2396} INFO - Sync 1 DAGs
[2022-03-23 18:41:32,934] {logging_mixin.py:109} INFO - [2022-03-23 18:41:32,934] {dag.py:2935} INFO - Setting next_dagrun for tutorial_etl_dag to None
[2022-03-23 18:41:32,956] {processor.py:171} INFO - Processing /home/airflow/env/lib/python3.8/site-packages/airflow/example_dags/tutorial_etl_dag.py took 0.111 seconds
[2022-03-23 18:42:13,166] {processor.py:163} INFO - Started process (PID=6246) to work on /home/airflow/env/lib/python3.8/site-packages/airflow/example_dags/tutorial_etl_dag.py
[2022-03-23 18:42:13,168] {processor.py:642} INFO - Processing file /home/airflow/env/lib/python3.8/site-packages/airflow/example_dags/tutorial_etl_dag.py for tasks to queue
[2022-03-23 18:42:13,169] {logging_mixin.py:109} INFO - [2022-03-23 18:42:13,169] {dagbag.py:500} INFO - Filling up the DagBag from /home/airflow/env/lib/python3.8/site-packages/airflow/example_dags/tutorial_etl_dag.py
[2022-03-23 18:42:13,196] {processor.py:654} INFO - DAG(s) dict_keys(['tutorial_etl_dag']) retrieved from /home/airflow/env/lib/python3.8/site-packages/airflow/example_dags/tutorial_etl_dag.py
[2022-03-23 18:42:13,212] {logging_mixin.py:109} INFO - [2022-03-23 18:42:13,211] {dag.py:2396} INFO - Sync 1 DAGs
[2022-03-23 18:42:13,229] {logging_mixin.py:109} INFO - [2022-03-23 18:42:13,228] {dag.py:2935} INFO - Setting next_dagrun for tutorial_etl_dag to None
[2022-03-23 18:42:13,248] {processor.py:171} INFO - Processing /home/airflow/env/lib/python3.8/site-packages/airflow/example_dags/tutorial_etl_dag.py took 0.087 seconds
[2022-03-23 18:42:46,661] {processor.py:163} INFO - Started process (PID=6428) to work on /home/airflow/env/lib/python3.8/site-packages/airflow/example_dags/tutorial_etl_dag.py
[2022-03-23 18:42:46,662] {processor.py:642} INFO - Processing file /home/airflow/env/lib/python3.8/site-packages/airflow/example_dags/tutorial_etl_dag.py for tasks to queue
[2022-03-23 18:42:46,662] {logging_mixin.py:109} INFO - [2022-03-23 18:42:46,662] {dagbag.py:500} INFO - Filling up the DagBag from /home/airflow/env/lib/python3.8/site-packages/airflow/example_dags/tutorial_etl_dag.py
[2022-03-23 18:42:46,683] {processor.py:654} INFO - DAG(s) dict_keys(['tutorial_etl_dag']) retrieved from /home/airflow/env/lib/python3.8/site-packages/airflow/example_dags/tutorial_etl_dag.py
[2022-03-23 18:42:46,692] {logging_mixin.py:109} INFO - [2022-03-23 18:42:46,692] {dag.py:2396} INFO - Sync 1 DAGs
[2022-03-23 18:42:46,706] {logging_mixin.py:109} INFO - [2022-03-23 18:42:46,706] {dag.py:2935} INFO - Setting next_dagrun for tutorial_etl_dag to None
[2022-03-23 18:42:46,728] {processor.py:171} INFO - Processing /home/airflow/env/lib/python3.8/site-packages/airflow/example_dags/tutorial_etl_dag.py took 0.071 seconds
[2022-03-23 18:43:19,497] {processor.py:163} INFO - Started process (PID=6462) to work on /home/airflow/env/lib/python3.8/site-packages/airflow/example_dags/tutorial_etl_dag.py
[2022-03-23 18:43:19,498] {processor.py:642} INFO - Processing file /home/airflow/env/lib/python3.8/site-packages/airflow/example_dags/tutorial_etl_dag.py for tasks to queue
[2022-03-23 18:43:19,499] {logging_mixin.py:109} INFO - [2022-03-23 18:43:19,498] {dagbag.py:500} INFO - Filling up the DagBag from /home/airflow/env/lib/python3.8/site-packages/airflow/example_dags/tutorial_etl_dag.py
[2022-03-23 18:43:19,516] {processor.py:654} INFO - DAG(s) dict_keys(['tutorial_etl_dag']) retrieved from /home/airflow/env/lib/python3.8/site-packages/airflow/example_dags/tutorial_etl_dag.py
[2022-03-23 18:43:19,524] {logging_mixin.py:109} INFO - [2022-03-23 18:43:19,524] {dag.py:2396} INFO - Sync 1 DAGs
[2022-03-23 18:43:19,535] {logging_mixin.py:109} INFO - [2022-03-23 18:43:19,535] {dag.py:2935} INFO - Setting next_dagrun for tutorial_etl_dag to None
[2022-03-23 18:43:19,549] {processor.py:171} INFO - Processing /home/airflow/env/lib/python3.8/site-packages/airflow/example_dags/tutorial_etl_dag.py took 0.055 seconds
[2022-03-23 18:43:54,589] {processor.py:163} INFO - Started process (PID=6496) to work on /home/airflow/env/lib/python3.8/site-packages/airflow/example_dags/tutorial_etl_dag.py
[2022-03-23 18:43:54,590] {processor.py:642} INFO - Processing file /home/airflow/env/lib/python3.8/site-packages/airflow/example_dags/tutorial_etl_dag.py for tasks to queue
[2022-03-23 18:43:54,591] {logging_mixin.py:109} INFO - [2022-03-23 18:43:54,591] {dagbag.py:500} INFO - Filling up the DagBag from /home/airflow/env/lib/python3.8/site-packages/airflow/example_dags/tutorial_etl_dag.py
[2022-03-23 18:43:54,612] {processor.py:654} INFO - DAG(s) dict_keys(['tutorial_etl_dag']) retrieved from /home/airflow/env/lib/python3.8/site-packages/airflow/example_dags/tutorial_etl_dag.py
[2022-03-23 18:43:54,620] {logging_mixin.py:109} INFO - [2022-03-23 18:43:54,620] {dag.py:2396} INFO - Sync 1 DAGs
[2022-03-23 18:43:54,632] {logging_mixin.py:109} INFO - [2022-03-23 18:43:54,632] {dag.py:2935} INFO - Setting next_dagrun for tutorial_etl_dag to None
[2022-03-23 18:43:54,650] {processor.py:171} INFO - Processing /home/airflow/env/lib/python3.8/site-packages/airflow/example_dags/tutorial_etl_dag.py took 0.064 seconds
[2022-03-23 18:44:30,762] {processor.py:163} INFO - Started process (PID=6528) to work on /home/airflow/env/lib/python3.8/site-packages/airflow/example_dags/tutorial_etl_dag.py
[2022-03-23 18:44:30,764] {processor.py:642} INFO - Processing file /home/airflow/env/lib/python3.8/site-packages/airflow/example_dags/tutorial_etl_dag.py for tasks to queue
[2022-03-23 18:44:30,766] {logging_mixin.py:109} INFO - [2022-03-23 18:44:30,766] {dagbag.py:500} INFO - Filling up the DagBag from /home/airflow/env/lib/python3.8/site-packages/airflow/example_dags/tutorial_etl_dag.py
[2022-03-23 18:44:30,795] {processor.py:654} INFO - DAG(s) dict_keys(['tutorial_etl_dag']) retrieved from /home/airflow/env/lib/python3.8/site-packages/airflow/example_dags/tutorial_etl_dag.py
[2022-03-23 18:44:30,808] {logging_mixin.py:109} INFO - [2022-03-23 18:44:30,808] {dag.py:2396} INFO - Sync 1 DAGs
[2022-03-23 18:44:30,824] {logging_mixin.py:109} INFO - [2022-03-23 18:44:30,824] {dag.py:2935} INFO - Setting next_dagrun for tutorial_etl_dag to None
[2022-03-23 18:44:30,842] {processor.py:171} INFO - Processing /home/airflow/env/lib/python3.8/site-packages/airflow/example_dags/tutorial_etl_dag.py took 0.084 seconds
[2022-03-23 18:45:01,090] {processor.py:163} INFO - Started process (PID=6556) to work on /home/airflow/env/lib/python3.8/site-packages/airflow/example_dags/tutorial_etl_dag.py
[2022-03-23 18:45:01,091] {processor.py:642} INFO - Processing file /home/airflow/env/lib/python3.8/site-packages/airflow/example_dags/tutorial_etl_dag.py for tasks to queue
[2022-03-23 18:45:01,092] {logging_mixin.py:109} INFO - [2022-03-23 18:45:01,091] {dagbag.py:500} INFO - Filling up the DagBag from /home/airflow/env/lib/python3.8/site-packages/airflow/example_dags/tutorial_etl_dag.py
[2022-03-23 18:45:01,109] {processor.py:654} INFO - DAG(s) dict_keys(['tutorial_etl_dag']) retrieved from /home/airflow/env/lib/python3.8/site-packages/airflow/example_dags/tutorial_etl_dag.py
[2022-03-23 18:45:01,119] {logging_mixin.py:109} INFO - [2022-03-23 18:45:01,119] {dag.py:2396} INFO - Sync 1 DAGs
[2022-03-23 18:45:01,140] {logging_mixin.py:109} INFO - [2022-03-23 18:45:01,140] {dag.py:2935} INFO - Setting next_dagrun for tutorial_etl_dag to None
[2022-03-23 18:45:01,159] {processor.py:171} INFO - Processing /home/airflow/env/lib/python3.8/site-packages/airflow/example_dags/tutorial_etl_dag.py took 0.072 seconds
[2022-03-23 18:45:33,263] {processor.py:163} INFO - Started process (PID=6613) to work on /home/airflow/env/lib/python3.8/site-packages/airflow/example_dags/tutorial_etl_dag.py
[2022-03-23 18:45:33,265] {processor.py:642} INFO - Processing file /home/airflow/env/lib/python3.8/site-packages/airflow/example_dags/tutorial_etl_dag.py for tasks to queue
[2022-03-23 18:45:33,265] {logging_mixin.py:109} INFO - [2022-03-23 18:45:33,265] {dagbag.py:500} INFO - Filling up the DagBag from /home/airflow/env/lib/python3.8/site-packages/airflow/example_dags/tutorial_etl_dag.py
[2022-03-23 18:45:33,289] {processor.py:654} INFO - DAG(s) dict_keys(['tutorial_etl_dag']) retrieved from /home/airflow/env/lib/python3.8/site-packages/airflow/example_dags/tutorial_etl_dag.py
[2022-03-23 18:45:33,298] {logging_mixin.py:109} INFO - [2022-03-23 18:45:33,298] {dag.py:2396} INFO - Sync 1 DAGs
[2022-03-23 18:45:33,314] {logging_mixin.py:109} INFO - [2022-03-23 18:45:33,314] {dag.py:2935} INFO - Setting next_dagrun for tutorial_etl_dag to None
[2022-03-23 18:45:33,333] {processor.py:171} INFO - Processing /home/airflow/env/lib/python3.8/site-packages/airflow/example_dags/tutorial_etl_dag.py took 0.074 seconds
[2022-03-23 18:46:06,906] {processor.py:163} INFO - Started process (PID=6672) to work on /home/airflow/env/lib/python3.8/site-packages/airflow/example_dags/tutorial_etl_dag.py
[2022-03-23 18:46:06,907] {processor.py:642} INFO - Processing file /home/airflow/env/lib/python3.8/site-packages/airflow/example_dags/tutorial_etl_dag.py for tasks to queue
[2022-03-23 18:46:06,907] {logging_mixin.py:109} INFO - [2022-03-23 18:46:06,907] {dagbag.py:500} INFO - Filling up the DagBag from /home/airflow/env/lib/python3.8/site-packages/airflow/example_dags/tutorial_etl_dag.py
[2022-03-23 18:46:06,927] {processor.py:654} INFO - DAG(s) dict_keys(['tutorial_etl_dag']) retrieved from /home/airflow/env/lib/python3.8/site-packages/airflow/example_dags/tutorial_etl_dag.py
[2022-03-23 18:46:06,936] {logging_mixin.py:109} INFO - [2022-03-23 18:46:06,936] {dag.py:2396} INFO - Sync 1 DAGs
[2022-03-23 18:46:06,949] {logging_mixin.py:109} INFO - [2022-03-23 18:46:06,949] {dag.py:2935} INFO - Setting next_dagrun for tutorial_etl_dag to None
[2022-03-23 18:46:06,967] {processor.py:171} INFO - Processing /home/airflow/env/lib/python3.8/site-packages/airflow/example_dags/tutorial_etl_dag.py took 0.064 seconds
[2022-03-23 18:46:39,540] {processor.py:163} INFO - Started process (PID=6704) to work on /home/airflow/env/lib/python3.8/site-packages/airflow/example_dags/tutorial_etl_dag.py
[2022-03-23 18:46:39,542] {processor.py:642} INFO - Processing file /home/airflow/env/lib/python3.8/site-packages/airflow/example_dags/tutorial_etl_dag.py for tasks to queue
[2022-03-23 18:46:39,542] {logging_mixin.py:109} INFO - [2022-03-23 18:46:39,542] {dagbag.py:500} INFO - Filling up the DagBag from /home/airflow/env/lib/python3.8/site-packages/airflow/example_dags/tutorial_etl_dag.py
[2022-03-23 18:46:39,562] {processor.py:654} INFO - DAG(s) dict_keys(['tutorial_etl_dag']) retrieved from /home/airflow/env/lib/python3.8/site-packages/airflow/example_dags/tutorial_etl_dag.py
[2022-03-23 18:46:39,571] {logging_mixin.py:109} INFO - [2022-03-23 18:46:39,571] {dag.py:2396} INFO - Sync 1 DAGs
[2022-03-23 18:46:39,585] {logging_mixin.py:109} INFO - [2022-03-23 18:46:39,585] {dag.py:2935} INFO - Setting next_dagrun for tutorial_etl_dag to None
[2022-03-23 18:46:39,603] {processor.py:171} INFO - Processing /home/airflow/env/lib/python3.8/site-packages/airflow/example_dags/tutorial_etl_dag.py took 0.065 seconds
[2022-03-23 18:47:14,979] {processor.py:163} INFO - Started process (PID=6738) to work on /home/airflow/env/lib/python3.8/site-packages/airflow/example_dags/tutorial_etl_dag.py
[2022-03-23 18:47:14,981] {processor.py:642} INFO - Processing file /home/airflow/env/lib/python3.8/site-packages/airflow/example_dags/tutorial_etl_dag.py for tasks to queue
[2022-03-23 18:47:14,982] {logging_mixin.py:109} INFO - [2022-03-23 18:47:14,982] {dagbag.py:500} INFO - Filling up the DagBag from /home/airflow/env/lib/python3.8/site-packages/airflow/example_dags/tutorial_etl_dag.py
[2022-03-23 18:47:15,000] {processor.py:654} INFO - DAG(s) dict_keys(['tutorial_etl_dag']) retrieved from /home/airflow/env/lib/python3.8/site-packages/airflow/example_dags/tutorial_etl_dag.py
[2022-03-23 18:47:15,008] {logging_mixin.py:109} INFO - [2022-03-23 18:47:15,008] {dag.py:2396} INFO - Sync 1 DAGs
[2022-03-23 18:47:15,022] {logging_mixin.py:109} INFO - [2022-03-23 18:47:15,022] {dag.py:2935} INFO - Setting next_dagrun for tutorial_etl_dag to None
[2022-03-23 18:47:15,040] {processor.py:171} INFO - Processing /home/airflow/env/lib/python3.8/site-packages/airflow/example_dags/tutorial_etl_dag.py took 0.063 seconds
[2022-03-23 18:47:47,346] {processor.py:163} INFO - Started process (PID=6767) to work on /home/airflow/env/lib/python3.8/site-packages/airflow/example_dags/tutorial_etl_dag.py
[2022-03-23 18:47:47,348] {processor.py:642} INFO - Processing file /home/airflow/env/lib/python3.8/site-packages/airflow/example_dags/tutorial_etl_dag.py for tasks to queue
[2022-03-23 18:47:47,348] {logging_mixin.py:109} INFO - [2022-03-23 18:47:47,348] {dagbag.py:500} INFO - Filling up the DagBag from /home/airflow/env/lib/python3.8/site-packages/airflow/example_dags/tutorial_etl_dag.py
[2022-03-23 18:47:47,367] {processor.py:654} INFO - DAG(s) dict_keys(['tutorial_etl_dag']) retrieved from /home/airflow/env/lib/python3.8/site-packages/airflow/example_dags/tutorial_etl_dag.py
[2022-03-23 18:47:47,376] {logging_mixin.py:109} INFO - [2022-03-23 18:47:47,376] {dag.py:2396} INFO - Sync 1 DAGs
[2022-03-23 18:47:47,389] {logging_mixin.py:109} INFO - [2022-03-23 18:47:47,389] {dag.py:2935} INFO - Setting next_dagrun for tutorial_etl_dag to None
[2022-03-23 18:47:47,407] {processor.py:171} INFO - Processing /home/airflow/env/lib/python3.8/site-packages/airflow/example_dags/tutorial_etl_dag.py took 0.067 seconds
[2022-03-23 18:48:24,710] {processor.py:163} INFO - Started process (PID=6802) to work on /home/airflow/env/lib/python3.8/site-packages/airflow/example_dags/tutorial_etl_dag.py
[2022-03-23 18:48:24,712] {processor.py:642} INFO - Processing file /home/airflow/env/lib/python3.8/site-packages/airflow/example_dags/tutorial_etl_dag.py for tasks to queue
[2022-03-23 18:48:24,712] {logging_mixin.py:109} INFO - [2022-03-23 18:48:24,712] {dagbag.py:500} INFO - Filling up the DagBag from /home/airflow/env/lib/python3.8/site-packages/airflow/example_dags/tutorial_etl_dag.py
[2022-03-23 18:48:24,729] {processor.py:654} INFO - DAG(s) dict_keys(['tutorial_etl_dag']) retrieved from /home/airflow/env/lib/python3.8/site-packages/airflow/example_dags/tutorial_etl_dag.py
[2022-03-23 18:48:24,738] {logging_mixin.py:109} INFO - [2022-03-23 18:48:24,738] {dag.py:2396} INFO - Sync 1 DAGs
[2022-03-23 18:48:24,748] {logging_mixin.py:109} INFO - [2022-03-23 18:48:24,748] {dag.py:2935} INFO - Setting next_dagrun for tutorial_etl_dag to None
[2022-03-23 18:48:24,768] {processor.py:171} INFO - Processing /home/airflow/env/lib/python3.8/site-packages/airflow/example_dags/tutorial_etl_dag.py took 0.060 seconds
[2022-03-23 18:48:58,081] {processor.py:163} INFO - Started process (PID=6835) to work on /home/airflow/env/lib/python3.8/site-packages/airflow/example_dags/tutorial_etl_dag.py
[2022-03-23 18:48:58,082] {processor.py:642} INFO - Processing file /home/airflow/env/lib/python3.8/site-packages/airflow/example_dags/tutorial_etl_dag.py for tasks to queue
[2022-03-23 18:48:58,083] {logging_mixin.py:109} INFO - [2022-03-23 18:48:58,083] {dagbag.py:500} INFO - Filling up the DagBag from /home/airflow/env/lib/python3.8/site-packages/airflow/example_dags/tutorial_etl_dag.py
[2022-03-23 18:48:58,103] {processor.py:654} INFO - DAG(s) dict_keys(['tutorial_etl_dag']) retrieved from /home/airflow/env/lib/python3.8/site-packages/airflow/example_dags/tutorial_etl_dag.py
[2022-03-23 18:48:58,114] {logging_mixin.py:109} INFO - [2022-03-23 18:48:58,114] {dag.py:2396} INFO - Sync 1 DAGs
[2022-03-23 18:48:58,127] {logging_mixin.py:109} INFO - [2022-03-23 18:48:58,127] {dag.py:2935} INFO - Setting next_dagrun for tutorial_etl_dag to None
[2022-03-23 18:48:58,148] {processor.py:171} INFO - Processing /home/airflow/env/lib/python3.8/site-packages/airflow/example_dags/tutorial_etl_dag.py took 0.074 seconds
[2022-03-23 18:49:30,131] {processor.py:163} INFO - Started process (PID=6957) to work on /home/airflow/env/lib/python3.8/site-packages/airflow/example_dags/tutorial_etl_dag.py
[2022-03-23 18:49:30,132] {processor.py:642} INFO - Processing file /home/airflow/env/lib/python3.8/site-packages/airflow/example_dags/tutorial_etl_dag.py for tasks to queue
[2022-03-23 18:49:30,132] {logging_mixin.py:109} INFO - [2022-03-23 18:49:30,132] {dagbag.py:500} INFO - Filling up the DagBag from /home/airflow/env/lib/python3.8/site-packages/airflow/example_dags/tutorial_etl_dag.py
[2022-03-23 18:49:30,158] {processor.py:654} INFO - DAG(s) dict_keys(['tutorial_etl_dag']) retrieved from /home/airflow/env/lib/python3.8/site-packages/airflow/example_dags/tutorial_etl_dag.py
[2022-03-23 18:49:30,175] {logging_mixin.py:109} INFO - [2022-03-23 18:49:30,175] {dag.py:2396} INFO - Sync 1 DAGs
[2022-03-23 18:49:30,188] {logging_mixin.py:109} INFO - [2022-03-23 18:49:30,188] {dag.py:2935} INFO - Setting next_dagrun for tutorial_etl_dag to None
[2022-03-23 18:49:30,207] {processor.py:171} INFO - Processing /home/airflow/env/lib/python3.8/site-packages/airflow/example_dags/tutorial_etl_dag.py took 0.079 seconds
[2022-03-23 18:50:03,889] {processor.py:163} INFO - Started process (PID=7020) to work on /home/airflow/env/lib/python3.8/site-packages/airflow/example_dags/tutorial_etl_dag.py
[2022-03-23 18:50:03,891] {processor.py:642} INFO - Processing file /home/airflow/env/lib/python3.8/site-packages/airflow/example_dags/tutorial_etl_dag.py for tasks to queue
[2022-03-23 18:50:03,892] {logging_mixin.py:109} INFO - [2022-03-23 18:50:03,891] {dagbag.py:500} INFO - Filling up the DagBag from /home/airflow/env/lib/python3.8/site-packages/airflow/example_dags/tutorial_etl_dag.py
[2022-03-23 18:50:03,918] {processor.py:654} INFO - DAG(s) dict_keys(['tutorial_etl_dag']) retrieved from /home/airflow/env/lib/python3.8/site-packages/airflow/example_dags/tutorial_etl_dag.py
[2022-03-23 18:50:03,932] {logging_mixin.py:109} INFO - [2022-03-23 18:50:03,931] {dag.py:2396} INFO - Sync 1 DAGs
[2022-03-23 18:50:03,950] {logging_mixin.py:109} INFO - [2022-03-23 18:50:03,949] {dag.py:2935} INFO - Setting next_dagrun for tutorial_etl_dag to None
[2022-03-23 18:50:03,972] {processor.py:171} INFO - Processing /home/airflow/env/lib/python3.8/site-packages/airflow/example_dags/tutorial_etl_dag.py took 0.090 seconds
[2022-03-23 18:50:36,567] {processor.py:163} INFO - Started process (PID=7106) to work on /home/airflow/env/lib/python3.8/site-packages/airflow/example_dags/tutorial_etl_dag.py
[2022-03-23 18:50:36,568] {processor.py:642} INFO - Processing file /home/airflow/env/lib/python3.8/site-packages/airflow/example_dags/tutorial_etl_dag.py for tasks to queue
[2022-03-23 18:50:36,569] {logging_mixin.py:109} INFO - [2022-03-23 18:50:36,569] {dagbag.py:500} INFO - Filling up the DagBag from /home/airflow/env/lib/python3.8/site-packages/airflow/example_dags/tutorial_etl_dag.py
[2022-03-23 18:50:36,588] {processor.py:654} INFO - DAG(s) dict_keys(['tutorial_etl_dag']) retrieved from /home/airflow/env/lib/python3.8/site-packages/airflow/example_dags/tutorial_etl_dag.py
[2022-03-23 18:50:36,596] {logging_mixin.py:109} INFO - [2022-03-23 18:50:36,596] {dag.py:2396} INFO - Sync 1 DAGs
[2022-03-23 18:50:36,607] {logging_mixin.py:109} INFO - [2022-03-23 18:50:36,607] {dag.py:2935} INFO - Setting next_dagrun for tutorial_etl_dag to None
[2022-03-23 18:50:36,619] {processor.py:171} INFO - Processing /home/airflow/env/lib/python3.8/site-packages/airflow/example_dags/tutorial_etl_dag.py took 0.054 seconds
[2022-03-23 18:51:10,212] {processor.py:163} INFO - Started process (PID=7139) to work on /home/airflow/env/lib/python3.8/site-packages/airflow/example_dags/tutorial_etl_dag.py
[2022-03-23 18:51:10,214] {processor.py:642} INFO - Processing file /home/airflow/env/lib/python3.8/site-packages/airflow/example_dags/tutorial_etl_dag.py for tasks to queue
[2022-03-23 18:51:10,214] {logging_mixin.py:109} INFO - [2022-03-23 18:51:10,214] {dagbag.py:500} INFO - Filling up the DagBag from /home/airflow/env/lib/python3.8/site-packages/airflow/example_dags/tutorial_etl_dag.py
[2022-03-23 18:51:10,230] {processor.py:654} INFO - DAG(s) dict_keys(['tutorial_etl_dag']) retrieved from /home/airflow/env/lib/python3.8/site-packages/airflow/example_dags/tutorial_etl_dag.py
[2022-03-23 18:51:10,238] {logging_mixin.py:109} INFO - [2022-03-23 18:51:10,238] {dag.py:2396} INFO - Sync 1 DAGs
[2022-03-23 18:51:10,248] {logging_mixin.py:109} INFO - [2022-03-23 18:51:10,248] {dag.py:2935} INFO - Setting next_dagrun for tutorial_etl_dag to None
[2022-03-23 18:51:10,265] {processor.py:171} INFO - Processing /home/airflow/env/lib/python3.8/site-packages/airflow/example_dags/tutorial_etl_dag.py took 0.055 seconds
[2022-03-23 18:51:43,165] {processor.py:163} INFO - Started process (PID=7172) to work on /home/airflow/env/lib/python3.8/site-packages/airflow/example_dags/tutorial_etl_dag.py
[2022-03-23 18:51:43,167] {processor.py:642} INFO - Processing file /home/airflow/env/lib/python3.8/site-packages/airflow/example_dags/tutorial_etl_dag.py for tasks to queue
[2022-03-23 18:51:43,167] {logging_mixin.py:109} INFO - [2022-03-23 18:51:43,167] {dagbag.py:500} INFO - Filling up the DagBag from /home/airflow/env/lib/python3.8/site-packages/airflow/example_dags/tutorial_etl_dag.py
[2022-03-23 18:51:43,184] {processor.py:654} INFO - DAG(s) dict_keys(['tutorial_etl_dag']) retrieved from /home/airflow/env/lib/python3.8/site-packages/airflow/example_dags/tutorial_etl_dag.py
[2022-03-23 18:51:43,192] {logging_mixin.py:109} INFO - [2022-03-23 18:51:43,192] {dag.py:2396} INFO - Sync 1 DAGs
[2022-03-23 18:51:43,202] {logging_mixin.py:109} INFO - [2022-03-23 18:51:43,202] {dag.py:2935} INFO - Setting next_dagrun for tutorial_etl_dag to None
[2022-03-23 18:51:43,220] {processor.py:171} INFO - Processing /home/airflow/env/lib/python3.8/site-packages/airflow/example_dags/tutorial_etl_dag.py took 0.057 seconds
[2022-03-23 18:52:16,903] {processor.py:163} INFO - Started process (PID=7205) to work on /home/airflow/env/lib/python3.8/site-packages/airflow/example_dags/tutorial_etl_dag.py
[2022-03-23 18:52:16,904] {processor.py:642} INFO - Processing file /home/airflow/env/lib/python3.8/site-packages/airflow/example_dags/tutorial_etl_dag.py for tasks to queue
[2022-03-23 18:52:16,905] {logging_mixin.py:109} INFO - [2022-03-23 18:52:16,905] {dagbag.py:500} INFO - Filling up the DagBag from /home/airflow/env/lib/python3.8/site-packages/airflow/example_dags/tutorial_etl_dag.py
[2022-03-23 18:52:16,922] {processor.py:654} INFO - DAG(s) dict_keys(['tutorial_etl_dag']) retrieved from /home/airflow/env/lib/python3.8/site-packages/airflow/example_dags/tutorial_etl_dag.py
[2022-03-23 18:52:16,931] {logging_mixin.py:109} INFO - [2022-03-23 18:52:16,931] {dag.py:2396} INFO - Sync 1 DAGs
[2022-03-23 18:52:16,942] {logging_mixin.py:109} INFO - [2022-03-23 18:52:16,941] {dag.py:2935} INFO - Setting next_dagrun for tutorial_etl_dag to None
[2022-03-23 18:52:16,958] {processor.py:171} INFO - Processing /home/airflow/env/lib/python3.8/site-packages/airflow/example_dags/tutorial_etl_dag.py took 0.058 seconds
[2022-03-23 18:52:49,186] {processor.py:163} INFO - Started process (PID=7237) to work on /home/airflow/env/lib/python3.8/site-packages/airflow/example_dags/tutorial_etl_dag.py
[2022-03-23 18:52:49,188] {processor.py:642} INFO - Processing file /home/airflow/env/lib/python3.8/site-packages/airflow/example_dags/tutorial_etl_dag.py for tasks to queue
[2022-03-23 18:52:49,189] {logging_mixin.py:109} INFO - [2022-03-23 18:52:49,188] {dagbag.py:500} INFO - Filling up the DagBag from /home/airflow/env/lib/python3.8/site-packages/airflow/example_dags/tutorial_etl_dag.py
[2022-03-23 18:52:49,212] {processor.py:654} INFO - DAG(s) dict_keys(['tutorial_etl_dag']) retrieved from /home/airflow/env/lib/python3.8/site-packages/airflow/example_dags/tutorial_etl_dag.py
[2022-03-23 18:52:49,224] {logging_mixin.py:109} INFO - [2022-03-23 18:52:49,224] {dag.py:2396} INFO - Sync 1 DAGs
[2022-03-23 18:52:49,242] {logging_mixin.py:109} INFO - [2022-03-23 18:52:49,242] {dag.py:2935} INFO - Setting next_dagrun for tutorial_etl_dag to None
[2022-03-23 18:52:49,259] {processor.py:171} INFO - Processing /home/airflow/env/lib/python3.8/site-packages/airflow/example_dags/tutorial_etl_dag.py took 0.077 seconds
[2022-03-23 18:53:22,907] {processor.py:163} INFO - Started process (PID=7269) to work on /home/airflow/env/lib/python3.8/site-packages/airflow/example_dags/tutorial_etl_dag.py
[2022-03-23 18:53:22,908] {processor.py:642} INFO - Processing file /home/airflow/env/lib/python3.8/site-packages/airflow/example_dags/tutorial_etl_dag.py for tasks to queue
[2022-03-23 18:53:22,908] {logging_mixin.py:109} INFO - [2022-03-23 18:53:22,908] {dagbag.py:500} INFO - Filling up the DagBag from /home/airflow/env/lib/python3.8/site-packages/airflow/example_dags/tutorial_etl_dag.py
[2022-03-23 18:53:22,925] {processor.py:654} INFO - DAG(s) dict_keys(['tutorial_etl_dag']) retrieved from /home/airflow/env/lib/python3.8/site-packages/airflow/example_dags/tutorial_etl_dag.py
[2022-03-23 18:53:22,933] {logging_mixin.py:109} INFO - [2022-03-23 18:53:22,933] {dag.py:2396} INFO - Sync 1 DAGs
[2022-03-23 18:53:22,944] {logging_mixin.py:109} INFO - [2022-03-23 18:53:22,944] {dag.py:2935} INFO - Setting next_dagrun for tutorial_etl_dag to None
[2022-03-23 18:53:22,959] {processor.py:171} INFO - Processing /home/airflow/env/lib/python3.8/site-packages/airflow/example_dags/tutorial_etl_dag.py took 0.055 seconds
[2022-03-23 18:53:55,218] {processor.py:163} INFO - Started process (PID=7301) to work on /home/airflow/env/lib/python3.8/site-packages/airflow/example_dags/tutorial_etl_dag.py
[2022-03-23 18:53:55,219] {processor.py:642} INFO - Processing file /home/airflow/env/lib/python3.8/site-packages/airflow/example_dags/tutorial_etl_dag.py for tasks to queue
[2022-03-23 18:53:55,219] {logging_mixin.py:109} INFO - [2022-03-23 18:53:55,219] {dagbag.py:500} INFO - Filling up the DagBag from /home/airflow/env/lib/python3.8/site-packages/airflow/example_dags/tutorial_etl_dag.py
[2022-03-23 18:53:55,236] {processor.py:654} INFO - DAG(s) dict_keys(['tutorial_etl_dag']) retrieved from /home/airflow/env/lib/python3.8/site-packages/airflow/example_dags/tutorial_etl_dag.py
[2022-03-23 18:53:55,245] {logging_mixin.py:109} INFO - [2022-03-23 18:53:55,244] {dag.py:2396} INFO - Sync 1 DAGs
[2022-03-23 18:53:55,255] {logging_mixin.py:109} INFO - [2022-03-23 18:53:55,255] {dag.py:2935} INFO - Setting next_dagrun for tutorial_etl_dag to None
[2022-03-23 18:53:55,274] {processor.py:171} INFO - Processing /home/airflow/env/lib/python3.8/site-packages/airflow/example_dags/tutorial_etl_dag.py took 0.058 seconds
[2022-03-23 18:54:28,182] {processor.py:163} INFO - Started process (PID=7332) to work on /home/airflow/env/lib/python3.8/site-packages/airflow/example_dags/tutorial_etl_dag.py
[2022-03-23 18:54:28,183] {processor.py:642} INFO - Processing file /home/airflow/env/lib/python3.8/site-packages/airflow/example_dags/tutorial_etl_dag.py for tasks to queue
[2022-03-23 18:54:28,184] {logging_mixin.py:109} INFO - [2022-03-23 18:54:28,183] {dagbag.py:500} INFO - Filling up the DagBag from /home/airflow/env/lib/python3.8/site-packages/airflow/example_dags/tutorial_etl_dag.py
[2022-03-23 18:54:28,210] {processor.py:654} INFO - DAG(s) dict_keys(['tutorial_etl_dag']) retrieved from /home/airflow/env/lib/python3.8/site-packages/airflow/example_dags/tutorial_etl_dag.py
[2022-03-23 18:54:28,219] {logging_mixin.py:109} INFO - [2022-03-23 18:54:28,219] {dag.py:2396} INFO - Sync 1 DAGs
[2022-03-23 18:54:28,232] {logging_mixin.py:109} INFO - [2022-03-23 18:54:28,232] {dag.py:2935} INFO - Setting next_dagrun for tutorial_etl_dag to None
[2022-03-23 18:54:28,254] {processor.py:171} INFO - Processing /home/airflow/env/lib/python3.8/site-packages/airflow/example_dags/tutorial_etl_dag.py took 0.075 seconds
[2022-03-23 18:54:59,612] {processor.py:163} INFO - Started process (PID=7363) to work on /home/airflow/env/lib/python3.8/site-packages/airflow/example_dags/tutorial_etl_dag.py
[2022-03-23 18:54:59,613] {processor.py:642} INFO - Processing file /home/airflow/env/lib/python3.8/site-packages/airflow/example_dags/tutorial_etl_dag.py for tasks to queue
[2022-03-23 18:54:59,614] {logging_mixin.py:109} INFO - [2022-03-23 18:54:59,614] {dagbag.py:500} INFO - Filling up the DagBag from /home/airflow/env/lib/python3.8/site-packages/airflow/example_dags/tutorial_etl_dag.py
[2022-03-23 18:54:59,633] {processor.py:654} INFO - DAG(s) dict_keys(['tutorial_etl_dag']) retrieved from /home/airflow/env/lib/python3.8/site-packages/airflow/example_dags/tutorial_etl_dag.py
[2022-03-23 18:54:59,642] {logging_mixin.py:109} INFO - [2022-03-23 18:54:59,641] {dag.py:2396} INFO - Sync 1 DAGs
[2022-03-23 18:54:59,653] {logging_mixin.py:109} INFO - [2022-03-23 18:54:59,652] {dag.py:2935} INFO - Setting next_dagrun for tutorial_etl_dag to None
[2022-03-23 18:54:59,677] {processor.py:171} INFO - Processing /home/airflow/env/lib/python3.8/site-packages/airflow/example_dags/tutorial_etl_dag.py took 0.068 seconds
[2022-03-23 18:55:31,494] {processor.py:163} INFO - Started process (PID=7422) to work on /home/airflow/env/lib/python3.8/site-packages/airflow/example_dags/tutorial_etl_dag.py
[2022-03-23 18:55:31,495] {processor.py:642} INFO - Processing file /home/airflow/env/lib/python3.8/site-packages/airflow/example_dags/tutorial_etl_dag.py for tasks to queue
[2022-03-23 18:55:31,496] {logging_mixin.py:109} INFO - [2022-03-23 18:55:31,496] {dagbag.py:500} INFO - Filling up the DagBag from /home/airflow/env/lib/python3.8/site-packages/airflow/example_dags/tutorial_etl_dag.py
[2022-03-23 18:55:31,513] {processor.py:654} INFO - DAG(s) dict_keys(['tutorial_etl_dag']) retrieved from /home/airflow/env/lib/python3.8/site-packages/airflow/example_dags/tutorial_etl_dag.py
[2022-03-23 18:55:31,521] {logging_mixin.py:109} INFO - [2022-03-23 18:55:31,521] {dag.py:2396} INFO - Sync 1 DAGs
[2022-03-23 18:55:31,531] {logging_mixin.py:109} INFO - [2022-03-23 18:55:31,531] {dag.py:2935} INFO - Setting next_dagrun for tutorial_etl_dag to None
[2022-03-23 18:55:31,549] {processor.py:171} INFO - Processing /home/airflow/env/lib/python3.8/site-packages/airflow/example_dags/tutorial_etl_dag.py took 0.057 seconds
[2022-03-23 18:56:04,541] {processor.py:163} INFO - Started process (PID=7482) to work on /home/airflow/env/lib/python3.8/site-packages/airflow/example_dags/tutorial_etl_dag.py
[2022-03-23 18:56:04,542] {processor.py:642} INFO - Processing file /home/airflow/env/lib/python3.8/site-packages/airflow/example_dags/tutorial_etl_dag.py for tasks to queue
[2022-03-23 18:56:04,542] {logging_mixin.py:109} INFO - [2022-03-23 18:56:04,542] {dagbag.py:500} INFO - Filling up the DagBag from /home/airflow/env/lib/python3.8/site-packages/airflow/example_dags/tutorial_etl_dag.py
[2022-03-23 18:56:04,562] {processor.py:654} INFO - DAG(s) dict_keys(['tutorial_etl_dag']) retrieved from /home/airflow/env/lib/python3.8/site-packages/airflow/example_dags/tutorial_etl_dag.py
[2022-03-23 18:56:04,570] {logging_mixin.py:109} INFO - [2022-03-23 18:56:04,570] {dag.py:2396} INFO - Sync 1 DAGs
[2022-03-23 18:56:04,582] {logging_mixin.py:109} INFO - [2022-03-23 18:56:04,582] {dag.py:2935} INFO - Setting next_dagrun for tutorial_etl_dag to None
[2022-03-23 18:56:04,608] {processor.py:171} INFO - Processing /home/airflow/env/lib/python3.8/site-packages/airflow/example_dags/tutorial_etl_dag.py took 0.069 seconds
[2022-03-23 18:56:38,147] {processor.py:163} INFO - Started process (PID=7514) to work on /home/airflow/env/lib/python3.8/site-packages/airflow/example_dags/tutorial_etl_dag.py
[2022-03-23 18:56:38,148] {processor.py:642} INFO - Processing file /home/airflow/env/lib/python3.8/site-packages/airflow/example_dags/tutorial_etl_dag.py for tasks to queue
[2022-03-23 18:56:38,149] {logging_mixin.py:109} INFO - [2022-03-23 18:56:38,149] {dagbag.py:500} INFO - Filling up the DagBag from /home/airflow/env/lib/python3.8/site-packages/airflow/example_dags/tutorial_etl_dag.py
[2022-03-23 18:56:38,170] {processor.py:654} INFO - DAG(s) dict_keys(['tutorial_etl_dag']) retrieved from /home/airflow/env/lib/python3.8/site-packages/airflow/example_dags/tutorial_etl_dag.py
[2022-03-23 18:56:38,181] {logging_mixin.py:109} INFO - [2022-03-23 18:56:38,181] {dag.py:2396} INFO - Sync 1 DAGs
[2022-03-23 18:56:38,194] {logging_mixin.py:109} INFO - [2022-03-23 18:56:38,194] {dag.py:2935} INFO - Setting next_dagrun for tutorial_etl_dag to None
[2022-03-23 18:56:38,209] {processor.py:171} INFO - Processing /home/airflow/env/lib/python3.8/site-packages/airflow/example_dags/tutorial_etl_dag.py took 0.064 seconds
[2022-03-23 18:57:08,678] {processor.py:163} INFO - Started process (PID=7544) to work on /home/airflow/env/lib/python3.8/site-packages/airflow/example_dags/tutorial_etl_dag.py
[2022-03-23 18:57:08,679] {processor.py:642} INFO - Processing file /home/airflow/env/lib/python3.8/site-packages/airflow/example_dags/tutorial_etl_dag.py for tasks to queue
[2022-03-23 18:57:08,680] {logging_mixin.py:109} INFO - [2022-03-23 18:57:08,680] {dagbag.py:500} INFO - Filling up the DagBag from /home/airflow/env/lib/python3.8/site-packages/airflow/example_dags/tutorial_etl_dag.py
[2022-03-23 18:57:08,698] {processor.py:654} INFO - DAG(s) dict_keys(['tutorial_etl_dag']) retrieved from /home/airflow/env/lib/python3.8/site-packages/airflow/example_dags/tutorial_etl_dag.py
[2022-03-23 18:57:08,707] {logging_mixin.py:109} INFO - [2022-03-23 18:57:08,707] {dag.py:2396} INFO - Sync 1 DAGs
[2022-03-23 18:57:08,720] {logging_mixin.py:109} INFO - [2022-03-23 18:57:08,719] {dag.py:2935} INFO - Setting next_dagrun for tutorial_etl_dag to None
[2022-03-23 18:57:08,737] {processor.py:171} INFO - Processing /home/airflow/env/lib/python3.8/site-packages/airflow/example_dags/tutorial_etl_dag.py took 0.061 seconds
[2022-03-23 18:57:44,983] {processor.py:163} INFO - Started process (PID=7579) to work on /home/airflow/env/lib/python3.8/site-packages/airflow/example_dags/tutorial_etl_dag.py
[2022-03-23 18:57:44,984] {processor.py:642} INFO - Processing file /home/airflow/env/lib/python3.8/site-packages/airflow/example_dags/tutorial_etl_dag.py for tasks to queue
[2022-03-23 18:57:44,985] {logging_mixin.py:109} INFO - [2022-03-23 18:57:44,985] {dagbag.py:500} INFO - Filling up the DagBag from /home/airflow/env/lib/python3.8/site-packages/airflow/example_dags/tutorial_etl_dag.py
[2022-03-23 18:57:45,011] {processor.py:654} INFO - DAG(s) dict_keys(['tutorial_etl_dag']) retrieved from /home/airflow/env/lib/python3.8/site-packages/airflow/example_dags/tutorial_etl_dag.py
[2022-03-23 18:57:45,019] {logging_mixin.py:109} INFO - [2022-03-23 18:57:45,019] {dag.py:2396} INFO - Sync 1 DAGs
[2022-03-23 18:57:45,032] {logging_mixin.py:109} INFO - [2022-03-23 18:57:45,032] {dag.py:2935} INFO - Setting next_dagrun for tutorial_etl_dag to None
[2022-03-23 18:57:45,054] {processor.py:171} INFO - Processing /home/airflow/env/lib/python3.8/site-packages/airflow/example_dags/tutorial_etl_dag.py took 0.073 seconds
[2022-03-23 18:58:24,674] {processor.py:163} INFO - Started process (PID=7743) to work on /home/airflow/env/lib/python3.8/site-packages/airflow/example_dags/tutorial_etl_dag.py
[2022-03-23 18:58:24,683] {processor.py:642} INFO - Processing file /home/airflow/env/lib/python3.8/site-packages/airflow/example_dags/tutorial_etl_dag.py for tasks to queue
[2022-03-23 18:58:24,690] {logging_mixin.py:109} INFO - [2022-03-23 18:58:24,690] {dagbag.py:500} INFO - Filling up the DagBag from /home/airflow/env/lib/python3.8/site-packages/airflow/example_dags/tutorial_etl_dag.py
[2022-03-23 18:58:24,901] {processor.py:654} INFO - DAG(s) dict_keys(['tutorial_etl_dag']) retrieved from /home/airflow/env/lib/python3.8/site-packages/airflow/example_dags/tutorial_etl_dag.py
[2022-03-23 18:58:24,976] {logging_mixin.py:109} INFO - [2022-03-23 18:58:24,976] {dag.py:2396} INFO - Sync 1 DAGs
[2022-03-23 18:58:25,135] {logging_mixin.py:109} INFO - [2022-03-23 18:58:25,135] {dag.py:2935} INFO - Setting next_dagrun for tutorial_etl_dag to None
[2022-03-23 18:58:25,177] {processor.py:171} INFO - Processing /home/airflow/env/lib/python3.8/site-packages/airflow/example_dags/tutorial_etl_dag.py took 0.528 seconds
[2022-03-23 18:59:06,927] {processor.py:163} INFO - Started process (PID=7874) to work on /home/airflow/env/lib/python3.8/site-packages/airflow/example_dags/tutorial_etl_dag.py
[2022-03-23 18:59:06,933] {processor.py:642} INFO - Processing file /home/airflow/env/lib/python3.8/site-packages/airflow/example_dags/tutorial_etl_dag.py for tasks to queue
[2022-03-23 18:59:06,933] {logging_mixin.py:109} INFO - [2022-03-23 18:59:06,933] {dagbag.py:500} INFO - Filling up the DagBag from /home/airflow/env/lib/python3.8/site-packages/airflow/example_dags/tutorial_etl_dag.py
[2022-03-23 18:59:06,952] {processor.py:654} INFO - DAG(s) dict_keys(['tutorial_etl_dag']) retrieved from /home/airflow/env/lib/python3.8/site-packages/airflow/example_dags/tutorial_etl_dag.py
[2022-03-23 18:59:06,963] {logging_mixin.py:109} INFO - [2022-03-23 18:59:06,962] {dag.py:2396} INFO - Sync 1 DAGs
[2022-03-23 18:59:06,975] {logging_mixin.py:109} INFO - [2022-03-23 18:59:06,975] {dag.py:2935} INFO - Setting next_dagrun for tutorial_etl_dag to None
[2022-03-23 18:59:06,990] {processor.py:171} INFO - Processing /home/airflow/env/lib/python3.8/site-packages/airflow/example_dags/tutorial_etl_dag.py took 0.066 seconds
[2022-03-23 18:59:41,059] {processor.py:163} INFO - Started process (PID=7969) to work on /home/airflow/env/lib/python3.8/site-packages/airflow/example_dags/tutorial_etl_dag.py
[2022-03-23 18:59:41,060] {processor.py:642} INFO - Processing file /home/airflow/env/lib/python3.8/site-packages/airflow/example_dags/tutorial_etl_dag.py for tasks to queue
[2022-03-23 18:59:41,061] {logging_mixin.py:109} INFO - [2022-03-23 18:59:41,060] {dagbag.py:500} INFO - Filling up the DagBag from /home/airflow/env/lib/python3.8/site-packages/airflow/example_dags/tutorial_etl_dag.py
[2022-03-23 18:59:41,084] {processor.py:654} INFO - DAG(s) dict_keys(['tutorial_etl_dag']) retrieved from /home/airflow/env/lib/python3.8/site-packages/airflow/example_dags/tutorial_etl_dag.py
[2022-03-23 18:59:41,093] {logging_mixin.py:109} INFO - [2022-03-23 18:59:41,093] {dag.py:2396} INFO - Sync 1 DAGs
[2022-03-23 18:59:41,104] {logging_mixin.py:109} INFO - [2022-03-23 18:59:41,104] {dag.py:2935} INFO - Setting next_dagrun for tutorial_etl_dag to None
[2022-03-23 18:59:41,125] {processor.py:171} INFO - Processing /home/airflow/env/lib/python3.8/site-packages/airflow/example_dags/tutorial_etl_dag.py took 0.069 seconds
[2022-03-23 19:00:25,472] {processor.py:163} INFO - Started process (PID=8202) to work on /home/airflow/env/lib/python3.8/site-packages/airflow/example_dags/tutorial_etl_dag.py
[2022-03-23 19:00:25,474] {processor.py:642} INFO - Processing file /home/airflow/env/lib/python3.8/site-packages/airflow/example_dags/tutorial_etl_dag.py for tasks to queue
[2022-03-23 19:00:25,475] {logging_mixin.py:109} INFO - [2022-03-23 19:00:25,475] {dagbag.py:500} INFO - Filling up the DagBag from /home/airflow/env/lib/python3.8/site-packages/airflow/example_dags/tutorial_etl_dag.py
[2022-03-23 19:00:25,498] {processor.py:654} INFO - DAG(s) dict_keys(['tutorial_etl_dag']) retrieved from /home/airflow/env/lib/python3.8/site-packages/airflow/example_dags/tutorial_etl_dag.py
[2022-03-23 19:00:25,509] {logging_mixin.py:109} INFO - [2022-03-23 19:00:25,509] {dag.py:2396} INFO - Sync 1 DAGs
[2022-03-23 19:00:25,528] {logging_mixin.py:109} INFO - [2022-03-23 19:00:25,527] {dag.py:2935} INFO - Setting next_dagrun for tutorial_etl_dag to None
[2022-03-23 19:00:25,548] {processor.py:171} INFO - Processing /home/airflow/env/lib/python3.8/site-packages/airflow/example_dags/tutorial_etl_dag.py took 0.079 seconds
[2022-03-23 19:01:03,239] {processor.py:163} INFO - Started process (PID=8440) to work on /home/airflow/env/lib/python3.8/site-packages/airflow/example_dags/tutorial_etl_dag.py
[2022-03-23 19:01:03,240] {processor.py:642} INFO - Processing file /home/airflow/env/lib/python3.8/site-packages/airflow/example_dags/tutorial_etl_dag.py for tasks to queue
[2022-03-23 19:01:03,240] {logging_mixin.py:109} INFO - [2022-03-23 19:01:03,240] {dagbag.py:500} INFO - Filling up the DagBag from /home/airflow/env/lib/python3.8/site-packages/airflow/example_dags/tutorial_etl_dag.py
[2022-03-23 19:01:03,266] {processor.py:654} INFO - DAG(s) dict_keys(['tutorial_etl_dag']) retrieved from /home/airflow/env/lib/python3.8/site-packages/airflow/example_dags/tutorial_etl_dag.py
[2022-03-23 19:01:03,275] {logging_mixin.py:109} INFO - [2022-03-23 19:01:03,275] {dag.py:2396} INFO - Sync 1 DAGs
[2022-03-23 19:01:03,291] {logging_mixin.py:109} INFO - [2022-03-23 19:01:03,291] {dag.py:2935} INFO - Setting next_dagrun for tutorial_etl_dag to None
[2022-03-23 19:01:03,319] {processor.py:171} INFO - Processing /home/airflow/env/lib/python3.8/site-packages/airflow/example_dags/tutorial_etl_dag.py took 0.083 seconds
[2022-03-23 19:01:38,566] {processor.py:163} INFO - Started process (PID=8475) to work on /home/airflow/env/lib/python3.8/site-packages/airflow/example_dags/tutorial_etl_dag.py
[2022-03-23 19:01:38,567] {processor.py:642} INFO - Processing file /home/airflow/env/lib/python3.8/site-packages/airflow/example_dags/tutorial_etl_dag.py for tasks to queue
[2022-03-23 19:01:38,568] {logging_mixin.py:109} INFO - [2022-03-23 19:01:38,568] {dagbag.py:500} INFO - Filling up the DagBag from /home/airflow/env/lib/python3.8/site-packages/airflow/example_dags/tutorial_etl_dag.py
[2022-03-23 19:01:38,588] {processor.py:654} INFO - DAG(s) dict_keys(['tutorial_etl_dag']) retrieved from /home/airflow/env/lib/python3.8/site-packages/airflow/example_dags/tutorial_etl_dag.py
[2022-03-23 19:01:38,598] {logging_mixin.py:109} INFO - [2022-03-23 19:01:38,597] {dag.py:2396} INFO - Sync 1 DAGs
[2022-03-23 19:01:38,610] {logging_mixin.py:109} INFO - [2022-03-23 19:01:38,610] {dag.py:2935} INFO - Setting next_dagrun for tutorial_etl_dag to None
[2022-03-23 19:01:38,632] {processor.py:171} INFO - Processing /home/airflow/env/lib/python3.8/site-packages/airflow/example_dags/tutorial_etl_dag.py took 0.071 seconds
[2022-03-23 19:02:13,463] {processor.py:163} INFO - Started process (PID=8558) to work on /home/airflow/env/lib/python3.8/site-packages/airflow/example_dags/tutorial_etl_dag.py
[2022-03-23 19:02:13,464] {processor.py:642} INFO - Processing file /home/airflow/env/lib/python3.8/site-packages/airflow/example_dags/tutorial_etl_dag.py for tasks to queue
[2022-03-23 19:02:13,464] {logging_mixin.py:109} INFO - [2022-03-23 19:02:13,464] {dagbag.py:500} INFO - Filling up the DagBag from /home/airflow/env/lib/python3.8/site-packages/airflow/example_dags/tutorial_etl_dag.py
[2022-03-23 19:02:13,485] {processor.py:654} INFO - DAG(s) dict_keys(['tutorial_etl_dag']) retrieved from /home/airflow/env/lib/python3.8/site-packages/airflow/example_dags/tutorial_etl_dag.py
[2022-03-23 19:02:13,493] {logging_mixin.py:109} INFO - [2022-03-23 19:02:13,493] {dag.py:2396} INFO - Sync 1 DAGs
[2022-03-23 19:02:13,507] {logging_mixin.py:109} INFO - [2022-03-23 19:02:13,507] {dag.py:2935} INFO - Setting next_dagrun for tutorial_etl_dag to None
[2022-03-23 19:02:13,520] {processor.py:171} INFO - Processing /home/airflow/env/lib/python3.8/site-packages/airflow/example_dags/tutorial_etl_dag.py took 0.060 seconds
[2022-03-23 19:02:52,839] {processor.py:163} INFO - Started process (PID=8686) to work on /home/airflow/env/lib/python3.8/site-packages/airflow/example_dags/tutorial_etl_dag.py
[2022-03-23 19:02:52,840] {processor.py:642} INFO - Processing file /home/airflow/env/lib/python3.8/site-packages/airflow/example_dags/tutorial_etl_dag.py for tasks to queue
[2022-03-23 19:02:52,841] {logging_mixin.py:109} INFO - [2022-03-23 19:02:52,841] {dagbag.py:500} INFO - Filling up the DagBag from /home/airflow/env/lib/python3.8/site-packages/airflow/example_dags/tutorial_etl_dag.py
[2022-03-23 19:02:52,858] {processor.py:654} INFO - DAG(s) dict_keys(['tutorial_etl_dag']) retrieved from /home/airflow/env/lib/python3.8/site-packages/airflow/example_dags/tutorial_etl_dag.py
[2022-03-23 19:02:52,866] {logging_mixin.py:109} INFO - [2022-03-23 19:02:52,866] {dag.py:2396} INFO - Sync 1 DAGs
[2022-03-23 19:02:52,877] {logging_mixin.py:109} INFO - [2022-03-23 19:02:52,877] {dag.py:2935} INFO - Setting next_dagrun for tutorial_etl_dag to None
[2022-03-23 19:02:52,895] {processor.py:171} INFO - Processing /home/airflow/env/lib/python3.8/site-packages/airflow/example_dags/tutorial_etl_dag.py took 0.059 seconds
[2022-03-23 19:03:29,879] {processor.py:163} INFO - Started process (PID=8797) to work on /home/airflow/env/lib/python3.8/site-packages/airflow/example_dags/tutorial_etl_dag.py
[2022-03-23 19:03:29,880] {processor.py:642} INFO - Processing file /home/airflow/env/lib/python3.8/site-packages/airflow/example_dags/tutorial_etl_dag.py for tasks to queue
[2022-03-23 19:03:29,881] {logging_mixin.py:109} INFO - [2022-03-23 19:03:29,881] {dagbag.py:500} INFO - Filling up the DagBag from /home/airflow/env/lib/python3.8/site-packages/airflow/example_dags/tutorial_etl_dag.py
[2022-03-23 19:03:29,896] {processor.py:654} INFO - DAG(s) dict_keys(['tutorial_etl_dag']) retrieved from /home/airflow/env/lib/python3.8/site-packages/airflow/example_dags/tutorial_etl_dag.py
[2022-03-23 19:03:29,904] {logging_mixin.py:109} INFO - [2022-03-23 19:03:29,904] {dag.py:2396} INFO - Sync 1 DAGs
[2022-03-23 19:03:29,914] {logging_mixin.py:109} INFO - [2022-03-23 19:03:29,914] {dag.py:2935} INFO - Setting next_dagrun for tutorial_etl_dag to None
[2022-03-23 19:03:29,933] {processor.py:171} INFO - Processing /home/airflow/env/lib/python3.8/site-packages/airflow/example_dags/tutorial_etl_dag.py took 0.058 seconds
[2022-03-23 19:04:08,874] {processor.py:163} INFO - Started process (PID=8948) to work on /home/airflow/env/lib/python3.8/site-packages/airflow/example_dags/tutorial_etl_dag.py
[2022-03-23 19:04:08,875] {processor.py:642} INFO - Processing file /home/airflow/env/lib/python3.8/site-packages/airflow/example_dags/tutorial_etl_dag.py for tasks to queue
[2022-03-23 19:04:08,875] {logging_mixin.py:109} INFO - [2022-03-23 19:04:08,875] {dagbag.py:500} INFO - Filling up the DagBag from /home/airflow/env/lib/python3.8/site-packages/airflow/example_dags/tutorial_etl_dag.py
[2022-03-23 19:04:08,893] {processor.py:654} INFO - DAG(s) dict_keys(['tutorial_etl_dag']) retrieved from /home/airflow/env/lib/python3.8/site-packages/airflow/example_dags/tutorial_etl_dag.py
[2022-03-23 19:04:08,901] {logging_mixin.py:109} INFO - [2022-03-23 19:04:08,901] {dag.py:2396} INFO - Sync 1 DAGs
[2022-03-23 19:04:08,912] {logging_mixin.py:109} INFO - [2022-03-23 19:04:08,912] {dag.py:2935} INFO - Setting next_dagrun for tutorial_etl_dag to None
[2022-03-23 19:04:08,930] {processor.py:171} INFO - Processing /home/airflow/env/lib/python3.8/site-packages/airflow/example_dags/tutorial_etl_dag.py took 0.058 seconds
[2022-03-23 19:04:49,584] {processor.py:163} INFO - Started process (PID=9067) to work on /home/airflow/env/lib/python3.8/site-packages/airflow/example_dags/tutorial_etl_dag.py
[2022-03-23 19:04:49,595] {processor.py:642} INFO - Processing file /home/airflow/env/lib/python3.8/site-packages/airflow/example_dags/tutorial_etl_dag.py for tasks to queue
[2022-03-23 19:04:49,606] {logging_mixin.py:109} INFO - [2022-03-23 19:04:49,606] {dagbag.py:500} INFO - Filling up the DagBag from /home/airflow/env/lib/python3.8/site-packages/airflow/example_dags/tutorial_etl_dag.py
[2022-03-23 19:04:49,670] {processor.py:654} INFO - DAG(s) dict_keys(['tutorial_etl_dag']) retrieved from /home/airflow/env/lib/python3.8/site-packages/airflow/example_dags/tutorial_etl_dag.py
[2022-03-23 19:04:49,690] {logging_mixin.py:109} INFO - [2022-03-23 19:04:49,690] {dag.py:2396} INFO - Sync 1 DAGs
[2022-03-23 19:04:49,727] {logging_mixin.py:109} INFO - [2022-03-23 19:04:49,727] {dag.py:2935} INFO - Setting next_dagrun for tutorial_etl_dag to None
[2022-03-23 19:04:49,939] {processor.py:171} INFO - Processing /home/airflow/env/lib/python3.8/site-packages/airflow/example_dags/tutorial_etl_dag.py took 0.366 seconds
[2022-03-23 19:05:34,958] {processor.py:163} INFO - Started process (PID=9142) to work on /home/airflow/env/lib/python3.8/site-packages/airflow/example_dags/tutorial_etl_dag.py
[2022-03-23 19:05:34,960] {processor.py:642} INFO - Processing file /home/airflow/env/lib/python3.8/site-packages/airflow/example_dags/tutorial_etl_dag.py for tasks to queue
[2022-03-23 19:05:34,961] {logging_mixin.py:109} INFO - [2022-03-23 19:05:34,960] {dagbag.py:500} INFO - Filling up the DagBag from /home/airflow/env/lib/python3.8/site-packages/airflow/example_dags/tutorial_etl_dag.py
[2022-03-23 19:05:34,977] {processor.py:654} INFO - DAG(s) dict_keys(['tutorial_etl_dag']) retrieved from /home/airflow/env/lib/python3.8/site-packages/airflow/example_dags/tutorial_etl_dag.py
[2022-03-23 19:05:34,985] {logging_mixin.py:109} INFO - [2022-03-23 19:05:34,984] {dag.py:2396} INFO - Sync 1 DAGs
[2022-03-23 19:05:35,001] {logging_mixin.py:109} INFO - [2022-03-23 19:05:35,001] {dag.py:2935} INFO - Setting next_dagrun for tutorial_etl_dag to None
[2022-03-23 19:05:35,017] {processor.py:171} INFO - Processing /home/airflow/env/lib/python3.8/site-packages/airflow/example_dags/tutorial_etl_dag.py took 0.062 seconds
[2022-03-23 19:06:12,090] {processor.py:163} INFO - Started process (PID=9205) to work on /home/airflow/env/lib/python3.8/site-packages/airflow/example_dags/tutorial_etl_dag.py
[2022-03-23 19:06:12,092] {processor.py:642} INFO - Processing file /home/airflow/env/lib/python3.8/site-packages/airflow/example_dags/tutorial_etl_dag.py for tasks to queue
[2022-03-23 19:06:12,093] {logging_mixin.py:109} INFO - [2022-03-23 19:06:12,093] {dagbag.py:500} INFO - Filling up the DagBag from /home/airflow/env/lib/python3.8/site-packages/airflow/example_dags/tutorial_etl_dag.py
[2022-03-23 19:06:12,114] {processor.py:654} INFO - DAG(s) dict_keys(['tutorial_etl_dag']) retrieved from /home/airflow/env/lib/python3.8/site-packages/airflow/example_dags/tutorial_etl_dag.py
[2022-03-23 19:06:12,124] {logging_mixin.py:109} INFO - [2022-03-23 19:06:12,123] {dag.py:2396} INFO - Sync 1 DAGs
[2022-03-23 19:06:12,136] {logging_mixin.py:109} INFO - [2022-03-23 19:06:12,136] {dag.py:2935} INFO - Setting next_dagrun for tutorial_etl_dag to None
[2022-03-23 19:06:12,158] {processor.py:171} INFO - Processing /home/airflow/env/lib/python3.8/site-packages/airflow/example_dags/tutorial_etl_dag.py took 0.071 seconds
[2022-03-23 19:06:45,804] {processor.py:163} INFO - Started process (PID=9237) to work on /home/airflow/env/lib/python3.8/site-packages/airflow/example_dags/tutorial_etl_dag.py
[2022-03-23 19:06:45,806] {processor.py:642} INFO - Processing file /home/airflow/env/lib/python3.8/site-packages/airflow/example_dags/tutorial_etl_dag.py for tasks to queue
[2022-03-23 19:06:45,806] {logging_mixin.py:109} INFO - [2022-03-23 19:06:45,806] {dagbag.py:500} INFO - Filling up the DagBag from /home/airflow/env/lib/python3.8/site-packages/airflow/example_dags/tutorial_etl_dag.py
[2022-03-23 19:06:45,829] {processor.py:654} INFO - DAG(s) dict_keys(['tutorial_etl_dag']) retrieved from /home/airflow/env/lib/python3.8/site-packages/airflow/example_dags/tutorial_etl_dag.py
[2022-03-23 19:06:45,837] {logging_mixin.py:109} INFO - [2022-03-23 19:06:45,837] {dag.py:2396} INFO - Sync 1 DAGs
[2022-03-23 19:06:45,850] {logging_mixin.py:109} INFO - [2022-03-23 19:06:45,849] {dag.py:2935} INFO - Setting next_dagrun for tutorial_etl_dag to None
[2022-03-23 19:06:45,868] {processor.py:171} INFO - Processing /home/airflow/env/lib/python3.8/site-packages/airflow/example_dags/tutorial_etl_dag.py took 0.066 seconds
[2022-03-23 19:07:16,891] {processor.py:163} INFO - Started process (PID=9268) to work on /home/airflow/env/lib/python3.8/site-packages/airflow/example_dags/tutorial_etl_dag.py
[2022-03-23 19:07:16,892] {processor.py:642} INFO - Processing file /home/airflow/env/lib/python3.8/site-packages/airflow/example_dags/tutorial_etl_dag.py for tasks to queue
[2022-03-23 19:07:16,893] {logging_mixin.py:109} INFO - [2022-03-23 19:07:16,892] {dagbag.py:500} INFO - Filling up the DagBag from /home/airflow/env/lib/python3.8/site-packages/airflow/example_dags/tutorial_etl_dag.py
[2022-03-23 19:07:16,909] {processor.py:654} INFO - DAG(s) dict_keys(['tutorial_etl_dag']) retrieved from /home/airflow/env/lib/python3.8/site-packages/airflow/example_dags/tutorial_etl_dag.py
[2022-03-23 19:07:16,917] {logging_mixin.py:109} INFO - [2022-03-23 19:07:16,917] {dag.py:2396} INFO - Sync 1 DAGs
[2022-03-23 19:07:16,927] {logging_mixin.py:109} INFO - [2022-03-23 19:07:16,927] {dag.py:2935} INFO - Setting next_dagrun for tutorial_etl_dag to None
[2022-03-23 19:07:16,945] {processor.py:171} INFO - Processing /home/airflow/env/lib/python3.8/site-packages/airflow/example_dags/tutorial_etl_dag.py took 0.056 seconds
[2022-03-23 19:07:50,891] {processor.py:163} INFO - Started process (PID=9302) to work on /home/airflow/env/lib/python3.8/site-packages/airflow/example_dags/tutorial_etl_dag.py
[2022-03-23 19:07:50,893] {processor.py:642} INFO - Processing file /home/airflow/env/lib/python3.8/site-packages/airflow/example_dags/tutorial_etl_dag.py for tasks to queue
[2022-03-23 19:07:50,894] {logging_mixin.py:109} INFO - [2022-03-23 19:07:50,893] {dagbag.py:500} INFO - Filling up the DagBag from /home/airflow/env/lib/python3.8/site-packages/airflow/example_dags/tutorial_etl_dag.py
[2022-03-23 19:07:50,911] {processor.py:654} INFO - DAG(s) dict_keys(['tutorial_etl_dag']) retrieved from /home/airflow/env/lib/python3.8/site-packages/airflow/example_dags/tutorial_etl_dag.py
[2022-03-23 19:07:50,919] {logging_mixin.py:109} INFO - [2022-03-23 19:07:50,919] {dag.py:2396} INFO - Sync 1 DAGs
[2022-03-23 19:07:50,930] {logging_mixin.py:109} INFO - [2022-03-23 19:07:50,930] {dag.py:2935} INFO - Setting next_dagrun for tutorial_etl_dag to None
[2022-03-23 19:07:50,948] {processor.py:171} INFO - Processing /home/airflow/env/lib/python3.8/site-packages/airflow/example_dags/tutorial_etl_dag.py took 0.059 seconds
[2022-03-23 19:08:23,653] {processor.py:163} INFO - Started process (PID=9333) to work on /home/airflow/env/lib/python3.8/site-packages/airflow/example_dags/tutorial_etl_dag.py
[2022-03-23 19:08:23,655] {processor.py:642} INFO - Processing file /home/airflow/env/lib/python3.8/site-packages/airflow/example_dags/tutorial_etl_dag.py for tasks to queue
[2022-03-23 19:08:23,655] {logging_mixin.py:109} INFO - [2022-03-23 19:08:23,655] {dagbag.py:500} INFO - Filling up the DagBag from /home/airflow/env/lib/python3.8/site-packages/airflow/example_dags/tutorial_etl_dag.py
[2022-03-23 19:08:23,676] {processor.py:654} INFO - DAG(s) dict_keys(['tutorial_etl_dag']) retrieved from /home/airflow/env/lib/python3.8/site-packages/airflow/example_dags/tutorial_etl_dag.py
[2022-03-23 19:08:23,687] {logging_mixin.py:109} INFO - [2022-03-23 19:08:23,687] {dag.py:2396} INFO - Sync 1 DAGs
[2022-03-23 19:08:23,700] {logging_mixin.py:109} INFO - [2022-03-23 19:08:23,700] {dag.py:2935} INFO - Setting next_dagrun for tutorial_etl_dag to None
[2022-03-23 19:08:23,715] {processor.py:171} INFO - Processing /home/airflow/env/lib/python3.8/site-packages/airflow/example_dags/tutorial_etl_dag.py took 0.065 seconds
[2022-03-23 19:08:57,802] {processor.py:163} INFO - Started process (PID=9366) to work on /home/airflow/env/lib/python3.8/site-packages/airflow/example_dags/tutorial_etl_dag.py
[2022-03-23 19:08:57,804] {processor.py:642} INFO - Processing file /home/airflow/env/lib/python3.8/site-packages/airflow/example_dags/tutorial_etl_dag.py for tasks to queue
[2022-03-23 19:08:57,804] {logging_mixin.py:109} INFO - [2022-03-23 19:08:57,804] {dagbag.py:500} INFO - Filling up the DagBag from /home/airflow/env/lib/python3.8/site-packages/airflow/example_dags/tutorial_etl_dag.py
[2022-03-23 19:08:57,821] {processor.py:654} INFO - DAG(s) dict_keys(['tutorial_etl_dag']) retrieved from /home/airflow/env/lib/python3.8/site-packages/airflow/example_dags/tutorial_etl_dag.py
[2022-03-23 19:08:57,831] {logging_mixin.py:109} INFO - [2022-03-23 19:08:57,831] {dag.py:2396} INFO - Sync 1 DAGs
[2022-03-23 19:08:57,842] {logging_mixin.py:109} INFO - [2022-03-23 19:08:57,841] {dag.py:2935} INFO - Setting next_dagrun for tutorial_etl_dag to None
[2022-03-23 19:08:57,861] {processor.py:171} INFO - Processing /home/airflow/env/lib/python3.8/site-packages/airflow/example_dags/tutorial_etl_dag.py took 0.061 seconds
[2022-03-23 19:09:35,030] {processor.py:163} INFO - Started process (PID=9398) to work on /home/airflow/env/lib/python3.8/site-packages/airflow/example_dags/tutorial_etl_dag.py
[2022-03-23 19:09:35,032] {processor.py:642} INFO - Processing file /home/airflow/env/lib/python3.8/site-packages/airflow/example_dags/tutorial_etl_dag.py for tasks to queue
[2022-03-23 19:09:35,033] {logging_mixin.py:109} INFO - [2022-03-23 19:09:35,033] {dagbag.py:500} INFO - Filling up the DagBag from /home/airflow/env/lib/python3.8/site-packages/airflow/example_dags/tutorial_etl_dag.py
[2022-03-23 19:09:35,059] {processor.py:654} INFO - DAG(s) dict_keys(['tutorial_etl_dag']) retrieved from /home/airflow/env/lib/python3.8/site-packages/airflow/example_dags/tutorial_etl_dag.py
[2022-03-23 19:09:35,070] {logging_mixin.py:109} INFO - [2022-03-23 19:09:35,070] {dag.py:2396} INFO - Sync 1 DAGs
[2022-03-23 19:09:35,091] {logging_mixin.py:109} INFO - [2022-03-23 19:09:35,091] {dag.py:2935} INFO - Setting next_dagrun for tutorial_etl_dag to None
[2022-03-23 19:09:35,128] {processor.py:171} INFO - Processing /home/airflow/env/lib/python3.8/site-packages/airflow/example_dags/tutorial_etl_dag.py took 0.101 seconds
[2022-03-23 19:10:09,761] {processor.py:163} INFO - Started process (PID=9431) to work on /home/airflow/env/lib/python3.8/site-packages/airflow/example_dags/tutorial_etl_dag.py
[2022-03-23 19:10:09,763] {processor.py:642} INFO - Processing file /home/airflow/env/lib/python3.8/site-packages/airflow/example_dags/tutorial_etl_dag.py for tasks to queue
[2022-03-23 19:10:09,763] {logging_mixin.py:109} INFO - [2022-03-23 19:10:09,763] {dagbag.py:500} INFO - Filling up the DagBag from /home/airflow/env/lib/python3.8/site-packages/airflow/example_dags/tutorial_etl_dag.py
[2022-03-23 19:10:09,786] {processor.py:654} INFO - DAG(s) dict_keys(['tutorial_etl_dag']) retrieved from /home/airflow/env/lib/python3.8/site-packages/airflow/example_dags/tutorial_etl_dag.py
[2022-03-23 19:10:09,796] {logging_mixin.py:109} INFO - [2022-03-23 19:10:09,796] {dag.py:2396} INFO - Sync 1 DAGs
[2022-03-23 19:10:09,809] {logging_mixin.py:109} INFO - [2022-03-23 19:10:09,809] {dag.py:2935} INFO - Setting next_dagrun for tutorial_etl_dag to None
[2022-03-23 19:10:09,829] {processor.py:171} INFO - Processing /home/airflow/env/lib/python3.8/site-packages/airflow/example_dags/tutorial_etl_dag.py took 0.070 seconds
[2022-03-23 19:10:43,854] {processor.py:163} INFO - Started process (PID=9523) to work on /home/airflow/env/lib/python3.8/site-packages/airflow/example_dags/tutorial_etl_dag.py
[2022-03-23 19:10:43,855] {processor.py:642} INFO - Processing file /home/airflow/env/lib/python3.8/site-packages/airflow/example_dags/tutorial_etl_dag.py for tasks to queue
[2022-03-23 19:10:43,856] {logging_mixin.py:109} INFO - [2022-03-23 19:10:43,856] {dagbag.py:500} INFO - Filling up the DagBag from /home/airflow/env/lib/python3.8/site-packages/airflow/example_dags/tutorial_etl_dag.py
[2022-03-23 19:10:43,876] {processor.py:654} INFO - DAG(s) dict_keys(['tutorial_etl_dag']) retrieved from /home/airflow/env/lib/python3.8/site-packages/airflow/example_dags/tutorial_etl_dag.py
[2022-03-23 19:10:43,888] {logging_mixin.py:109} INFO - [2022-03-23 19:10:43,888] {dag.py:2396} INFO - Sync 1 DAGs
[2022-03-23 19:10:43,902] {logging_mixin.py:109} INFO - [2022-03-23 19:10:43,902] {dag.py:2935} INFO - Setting next_dagrun for tutorial_etl_dag to None
[2022-03-23 19:10:43,927] {processor.py:171} INFO - Processing /home/airflow/env/lib/python3.8/site-packages/airflow/example_dags/tutorial_etl_dag.py took 0.076 seconds
[2022-03-23 19:11:18,557] {processor.py:163} INFO - Started process (PID=9556) to work on /home/airflow/env/lib/python3.8/site-packages/airflow/example_dags/tutorial_etl_dag.py
[2022-03-23 19:11:18,558] {processor.py:642} INFO - Processing file /home/airflow/env/lib/python3.8/site-packages/airflow/example_dags/tutorial_etl_dag.py for tasks to queue
[2022-03-23 19:11:18,559] {logging_mixin.py:109} INFO - [2022-03-23 19:11:18,559] {dagbag.py:500} INFO - Filling up the DagBag from /home/airflow/env/lib/python3.8/site-packages/airflow/example_dags/tutorial_etl_dag.py
[2022-03-23 19:11:18,577] {processor.py:654} INFO - DAG(s) dict_keys(['tutorial_etl_dag']) retrieved from /home/airflow/env/lib/python3.8/site-packages/airflow/example_dags/tutorial_etl_dag.py
[2022-03-23 19:11:18,585] {logging_mixin.py:109} INFO - [2022-03-23 19:11:18,585] {dag.py:2396} INFO - Sync 1 DAGs
[2022-03-23 19:11:18,598] {logging_mixin.py:109} INFO - [2022-03-23 19:11:18,598] {dag.py:2935} INFO - Setting next_dagrun for tutorial_etl_dag to None
[2022-03-23 19:11:18,616] {processor.py:171} INFO - Processing /home/airflow/env/lib/python3.8/site-packages/airflow/example_dags/tutorial_etl_dag.py took 0.063 seconds
[2022-03-23 19:11:53,113] {processor.py:163} INFO - Started process (PID=9589) to work on /home/airflow/env/lib/python3.8/site-packages/airflow/example_dags/tutorial_etl_dag.py
[2022-03-23 19:11:53,114] {processor.py:642} INFO - Processing file /home/airflow/env/lib/python3.8/site-packages/airflow/example_dags/tutorial_etl_dag.py for tasks to queue
[2022-03-23 19:11:53,114] {logging_mixin.py:109} INFO - [2022-03-23 19:11:53,114] {dagbag.py:500} INFO - Filling up the DagBag from /home/airflow/env/lib/python3.8/site-packages/airflow/example_dags/tutorial_etl_dag.py
[2022-03-23 19:11:53,133] {processor.py:654} INFO - DAG(s) dict_keys(['tutorial_etl_dag']) retrieved from /home/airflow/env/lib/python3.8/site-packages/airflow/example_dags/tutorial_etl_dag.py
[2022-03-23 19:11:53,141] {logging_mixin.py:109} INFO - [2022-03-23 19:11:53,141] {dag.py:2396} INFO - Sync 1 DAGs
[2022-03-23 19:11:53,153] {logging_mixin.py:109} INFO - [2022-03-23 19:11:53,153] {dag.py:2935} INFO - Setting next_dagrun for tutorial_etl_dag to None
[2022-03-23 19:11:53,171] {processor.py:171} INFO - Processing /home/airflow/env/lib/python3.8/site-packages/airflow/example_dags/tutorial_etl_dag.py took 0.061 seconds
[2022-03-23 19:12:27,395] {processor.py:163} INFO - Started process (PID=9722) to work on /home/airflow/env/lib/python3.8/site-packages/airflow/example_dags/tutorial_etl_dag.py
[2022-03-23 19:12:27,396] {processor.py:642} INFO - Processing file /home/airflow/env/lib/python3.8/site-packages/airflow/example_dags/tutorial_etl_dag.py for tasks to queue
[2022-03-23 19:12:27,397] {logging_mixin.py:109} INFO - [2022-03-23 19:12:27,397] {dagbag.py:500} INFO - Filling up the DagBag from /home/airflow/env/lib/python3.8/site-packages/airflow/example_dags/tutorial_etl_dag.py
[2022-03-23 19:12:27,420] {processor.py:654} INFO - DAG(s) dict_keys(['tutorial_etl_dag']) retrieved from /home/airflow/env/lib/python3.8/site-packages/airflow/example_dags/tutorial_etl_dag.py
[2022-03-23 19:12:27,431] {logging_mixin.py:109} INFO - [2022-03-23 19:12:27,431] {dag.py:2396} INFO - Sync 1 DAGs
[2022-03-23 19:12:27,448] {logging_mixin.py:109} INFO - [2022-03-23 19:12:27,448] {dag.py:2935} INFO - Setting next_dagrun for tutorial_etl_dag to None
[2022-03-23 19:12:27,466] {processor.py:171} INFO - Processing /home/airflow/env/lib/python3.8/site-packages/airflow/example_dags/tutorial_etl_dag.py took 0.074 seconds
[2022-03-23 19:13:05,107] {processor.py:163} INFO - Started process (PID=9896) to work on /home/airflow/env/lib/python3.8/site-packages/airflow/example_dags/tutorial_etl_dag.py
[2022-03-23 19:13:05,110] {processor.py:642} INFO - Processing file /home/airflow/env/lib/python3.8/site-packages/airflow/example_dags/tutorial_etl_dag.py for tasks to queue
[2022-03-23 19:13:05,114] {logging_mixin.py:109} INFO - [2022-03-23 19:13:05,113] {dagbag.py:500} INFO - Filling up the DagBag from /home/airflow/env/lib/python3.8/site-packages/airflow/example_dags/tutorial_etl_dag.py
[2022-03-23 19:13:05,144] {processor.py:654} INFO - DAG(s) dict_keys(['tutorial_etl_dag']) retrieved from /home/airflow/env/lib/python3.8/site-packages/airflow/example_dags/tutorial_etl_dag.py
[2022-03-23 19:13:05,152] {logging_mixin.py:109} INFO - [2022-03-23 19:13:05,152] {dag.py:2396} INFO - Sync 1 DAGs
[2022-03-23 19:13:05,163] {logging_mixin.py:109} INFO - [2022-03-23 19:13:05,163] {dag.py:2935} INFO - Setting next_dagrun for tutorial_etl_dag to None
[2022-03-23 19:13:05,175] {processor.py:171} INFO - Processing /home/airflow/env/lib/python3.8/site-packages/airflow/example_dags/tutorial_etl_dag.py took 0.073 seconds
[2022-03-23 19:13:39,438] {processor.py:163} INFO - Started process (PID=10078) to work on /home/airflow/env/lib/python3.8/site-packages/airflow/example_dags/tutorial_etl_dag.py
[2022-03-23 19:13:39,440] {processor.py:642} INFO - Processing file /home/airflow/env/lib/python3.8/site-packages/airflow/example_dags/tutorial_etl_dag.py for tasks to queue
[2022-03-23 19:13:39,441] {logging_mixin.py:109} INFO - [2022-03-23 19:13:39,441] {dagbag.py:500} INFO - Filling up the DagBag from /home/airflow/env/lib/python3.8/site-packages/airflow/example_dags/tutorial_etl_dag.py
[2022-03-23 19:13:39,460] {processor.py:654} INFO - DAG(s) dict_keys(['tutorial_etl_dag']) retrieved from /home/airflow/env/lib/python3.8/site-packages/airflow/example_dags/tutorial_etl_dag.py
[2022-03-23 19:13:39,469] {logging_mixin.py:109} INFO - [2022-03-23 19:13:39,469] {dag.py:2396} INFO - Sync 1 DAGs
[2022-03-23 19:13:39,480] {logging_mixin.py:109} INFO - [2022-03-23 19:13:39,480] {dag.py:2935} INFO - Setting next_dagrun for tutorial_etl_dag to None
[2022-03-23 19:13:39,498] {processor.py:171} INFO - Processing /home/airflow/env/lib/python3.8/site-packages/airflow/example_dags/tutorial_etl_dag.py took 0.066 seconds
