[2022-03-23 18:35:47,355] {processor.py:163} INFO - Started process (PID=5156) to work on /home/airflow/env/lib/python3.8/site-packages/airflow/example_dags/tutorial_taskflow_api_etl.py
[2022-03-23 18:35:47,356] {processor.py:642} INFO - Processing file /home/airflow/env/lib/python3.8/site-packages/airflow/example_dags/tutorial_taskflow_api_etl.py for tasks to queue
[2022-03-23 18:35:47,356] {logging_mixin.py:109} INFO - [2022-03-23 18:35:47,356] {dagbag.py:500} INFO - Filling up the DagBag from /home/airflow/env/lib/python3.8/site-packages/airflow/example_dags/tutorial_taskflow_api_etl.py
[2022-03-23 18:35:47,384] {processor.py:654} INFO - DAG(s) dict_keys(['tutorial_taskflow_api_etl']) retrieved from /home/airflow/env/lib/python3.8/site-packages/airflow/example_dags/tutorial_taskflow_api_etl.py
[2022-03-23 18:35:47,603] {logging_mixin.py:109} INFO - [2022-03-23 18:35:47,603] {dag.py:2396} INFO - Sync 1 DAGs
[2022-03-23 18:35:47,613] {logging_mixin.py:109} INFO - [2022-03-23 18:35:47,613] {dag.py:2935} INFO - Setting next_dagrun for tutorial_taskflow_api_etl to None
[2022-03-23 18:35:47,626] {processor.py:171} INFO - Processing /home/airflow/env/lib/python3.8/site-packages/airflow/example_dags/tutorial_taskflow_api_etl.py took 0.274 seconds
[2022-03-23 18:36:20,945] {processor.py:163} INFO - Started process (PID=5188) to work on /home/airflow/env/lib/python3.8/site-packages/airflow/example_dags/tutorial_taskflow_api_etl.py
[2022-03-23 18:36:20,946] {processor.py:642} INFO - Processing file /home/airflow/env/lib/python3.8/site-packages/airflow/example_dags/tutorial_taskflow_api_etl.py for tasks to queue
[2022-03-23 18:36:20,946] {logging_mixin.py:109} INFO - [2022-03-23 18:36:20,946] {dagbag.py:500} INFO - Filling up the DagBag from /home/airflow/env/lib/python3.8/site-packages/airflow/example_dags/tutorial_taskflow_api_etl.py
[2022-03-23 18:36:20,967] {processor.py:654} INFO - DAG(s) dict_keys(['tutorial_taskflow_api_etl']) retrieved from /home/airflow/env/lib/python3.8/site-packages/airflow/example_dags/tutorial_taskflow_api_etl.py
[2022-03-23 18:36:21,187] {logging_mixin.py:109} INFO - [2022-03-23 18:36:21,187] {dag.py:2396} INFO - Sync 1 DAGs
[2022-03-23 18:36:21,198] {logging_mixin.py:109} INFO - [2022-03-23 18:36:21,197] {dag.py:2935} INFO - Setting next_dagrun for tutorial_taskflow_api_etl to None
[2022-03-23 18:36:21,218] {processor.py:171} INFO - Processing /home/airflow/env/lib/python3.8/site-packages/airflow/example_dags/tutorial_taskflow_api_etl.py took 0.275 seconds
[2022-03-23 18:36:53,289] {processor.py:163} INFO - Started process (PID=5281) to work on /home/airflow/env/lib/python3.8/site-packages/airflow/example_dags/tutorial_taskflow_api_etl.py
[2022-03-23 18:36:53,291] {processor.py:642} INFO - Processing file /home/airflow/env/lib/python3.8/site-packages/airflow/example_dags/tutorial_taskflow_api_etl.py for tasks to queue
[2022-03-23 18:36:53,291] {logging_mixin.py:109} INFO - [2022-03-23 18:36:53,291] {dagbag.py:500} INFO - Filling up the DagBag from /home/airflow/env/lib/python3.8/site-packages/airflow/example_dags/tutorial_taskflow_api_etl.py
[2022-03-23 18:36:53,321] {processor.py:654} INFO - DAG(s) dict_keys(['tutorial_taskflow_api_etl']) retrieved from /home/airflow/env/lib/python3.8/site-packages/airflow/example_dags/tutorial_taskflow_api_etl.py
[2022-03-23 18:36:53,668] {logging_mixin.py:109} INFO - [2022-03-23 18:36:53,668] {dag.py:2396} INFO - Sync 1 DAGs
[2022-03-23 18:36:53,730] {logging_mixin.py:109} INFO - [2022-03-23 18:36:53,730] {dag.py:2935} INFO - Setting next_dagrun for tutorial_taskflow_api_etl to None
[2022-03-23 18:36:53,753] {processor.py:171} INFO - Processing /home/airflow/env/lib/python3.8/site-packages/airflow/example_dags/tutorial_taskflow_api_etl.py took 0.467 seconds
[2022-03-23 18:37:29,228] {processor.py:163} INFO - Started process (PID=5377) to work on /home/airflow/env/lib/python3.8/site-packages/airflow/example_dags/tutorial_taskflow_api_etl.py
[2022-03-23 18:37:29,230] {processor.py:642} INFO - Processing file /home/airflow/env/lib/python3.8/site-packages/airflow/example_dags/tutorial_taskflow_api_etl.py for tasks to queue
[2022-03-23 18:37:29,230] {logging_mixin.py:109} INFO - [2022-03-23 18:37:29,230] {dagbag.py:500} INFO - Filling up the DagBag from /home/airflow/env/lib/python3.8/site-packages/airflow/example_dags/tutorial_taskflow_api_etl.py
[2022-03-23 18:37:29,259] {processor.py:654} INFO - DAG(s) dict_keys(['tutorial_taskflow_api_etl']) retrieved from /home/airflow/env/lib/python3.8/site-packages/airflow/example_dags/tutorial_taskflow_api_etl.py
[2022-03-23 18:37:29,474] {logging_mixin.py:109} INFO - [2022-03-23 18:37:29,474] {dag.py:2396} INFO - Sync 1 DAGs
[2022-03-23 18:37:29,485] {logging_mixin.py:109} INFO - [2022-03-23 18:37:29,485] {dag.py:2935} INFO - Setting next_dagrun for tutorial_taskflow_api_etl to None
[2022-03-23 18:37:29,508] {processor.py:171} INFO - Processing /home/airflow/env/lib/python3.8/site-packages/airflow/example_dags/tutorial_taskflow_api_etl.py took 0.283 seconds
[2022-03-23 18:38:03,335] {processor.py:163} INFO - Started process (PID=5469) to work on /home/airflow/env/lib/python3.8/site-packages/airflow/example_dags/tutorial_taskflow_api_etl.py
[2022-03-23 18:38:03,336] {processor.py:642} INFO - Processing file /home/airflow/env/lib/python3.8/site-packages/airflow/example_dags/tutorial_taskflow_api_etl.py for tasks to queue
[2022-03-23 18:38:03,337] {logging_mixin.py:109} INFO - [2022-03-23 18:38:03,337] {dagbag.py:500} INFO - Filling up the DagBag from /home/airflow/env/lib/python3.8/site-packages/airflow/example_dags/tutorial_taskflow_api_etl.py
[2022-03-23 18:38:03,363] {processor.py:654} INFO - DAG(s) dict_keys(['tutorial_taskflow_api_etl']) retrieved from /home/airflow/env/lib/python3.8/site-packages/airflow/example_dags/tutorial_taskflow_api_etl.py
[2022-03-23 18:38:03,601] {logging_mixin.py:109} INFO - [2022-03-23 18:38:03,601] {dag.py:2396} INFO - Sync 1 DAGs
[2022-03-23 18:38:03,611] {logging_mixin.py:109} INFO - [2022-03-23 18:38:03,611] {dag.py:2935} INFO - Setting next_dagrun for tutorial_taskflow_api_etl to None
[2022-03-23 18:38:03,626] {processor.py:171} INFO - Processing /home/airflow/env/lib/python3.8/site-packages/airflow/example_dags/tutorial_taskflow_api_etl.py took 0.294 seconds
[2022-03-23 18:38:38,259] {processor.py:163} INFO - Started process (PID=5501) to work on /home/airflow/env/lib/python3.8/site-packages/airflow/example_dags/tutorial_taskflow_api_etl.py
[2022-03-23 18:38:38,265] {processor.py:642} INFO - Processing file /home/airflow/env/lib/python3.8/site-packages/airflow/example_dags/tutorial_taskflow_api_etl.py for tasks to queue
[2022-03-23 18:38:38,266] {logging_mixin.py:109} INFO - [2022-03-23 18:38:38,266] {dagbag.py:500} INFO - Filling up the DagBag from /home/airflow/env/lib/python3.8/site-packages/airflow/example_dags/tutorial_taskflow_api_etl.py
[2022-03-23 18:38:38,315] {processor.py:654} INFO - DAG(s) dict_keys(['tutorial_taskflow_api_etl']) retrieved from /home/airflow/env/lib/python3.8/site-packages/airflow/example_dags/tutorial_taskflow_api_etl.py
[2022-03-23 18:38:38,698] {logging_mixin.py:109} INFO - [2022-03-23 18:38:38,698] {dag.py:2396} INFO - Sync 1 DAGs
[2022-03-23 18:38:38,717] {logging_mixin.py:109} INFO - [2022-03-23 18:38:38,717] {dag.py:2935} INFO - Setting next_dagrun for tutorial_taskflow_api_etl to None
[2022-03-23 18:38:38,736] {processor.py:171} INFO - Processing /home/airflow/env/lib/python3.8/site-packages/airflow/example_dags/tutorial_taskflow_api_etl.py took 0.483 seconds
[2022-03-23 18:39:18,526] {processor.py:163} INFO - Started process (PID=5557) to work on /home/airflow/env/lib/python3.8/site-packages/airflow/example_dags/tutorial_taskflow_api_etl.py
[2022-03-23 18:39:18,528] {processor.py:642} INFO - Processing file /home/airflow/env/lib/python3.8/site-packages/airflow/example_dags/tutorial_taskflow_api_etl.py for tasks to queue
[2022-03-23 18:39:18,533] {logging_mixin.py:109} INFO - [2022-03-23 18:39:18,533] {dagbag.py:500} INFO - Filling up the DagBag from /home/airflow/env/lib/python3.8/site-packages/airflow/example_dags/tutorial_taskflow_api_etl.py
[2022-03-23 18:39:18,680] {processor.py:654} INFO - DAG(s) dict_keys(['tutorial_taskflow_api_etl']) retrieved from /home/airflow/env/lib/python3.8/site-packages/airflow/example_dags/tutorial_taskflow_api_etl.py
[2022-03-23 18:39:19,809] {logging_mixin.py:109} INFO - [2022-03-23 18:39:19,809] {dag.py:2396} INFO - Sync 1 DAGs
[2022-03-23 18:39:19,901] {logging_mixin.py:109} INFO - [2022-03-23 18:39:19,900] {dag.py:2935} INFO - Setting next_dagrun for tutorial_taskflow_api_etl to None
[2022-03-23 18:39:19,999] {processor.py:171} INFO - Processing /home/airflow/env/lib/python3.8/site-packages/airflow/example_dags/tutorial_taskflow_api_etl.py took 1.503 seconds
[2022-03-23 18:39:56,961] {processor.py:163} INFO - Started process (PID=5712) to work on /home/airflow/env/lib/python3.8/site-packages/airflow/example_dags/tutorial_taskflow_api_etl.py
[2022-03-23 18:39:56,962] {processor.py:642} INFO - Processing file /home/airflow/env/lib/python3.8/site-packages/airflow/example_dags/tutorial_taskflow_api_etl.py for tasks to queue
[2022-03-23 18:39:56,963] {logging_mixin.py:109} INFO - [2022-03-23 18:39:56,963] {dagbag.py:500} INFO - Filling up the DagBag from /home/airflow/env/lib/python3.8/site-packages/airflow/example_dags/tutorial_taskflow_api_etl.py
[2022-03-23 18:39:56,991] {processor.py:654} INFO - DAG(s) dict_keys(['tutorial_taskflow_api_etl']) retrieved from /home/airflow/env/lib/python3.8/site-packages/airflow/example_dags/tutorial_taskflow_api_etl.py
[2022-03-23 18:39:57,233] {logging_mixin.py:109} INFO - [2022-03-23 18:39:57,233] {dag.py:2396} INFO - Sync 1 DAGs
[2022-03-23 18:39:57,249] {logging_mixin.py:109} INFO - [2022-03-23 18:39:57,249] {dag.py:2935} INFO - Setting next_dagrun for tutorial_taskflow_api_etl to None
[2022-03-23 18:39:57,272] {processor.py:171} INFO - Processing /home/airflow/env/lib/python3.8/site-packages/airflow/example_dags/tutorial_taskflow_api_etl.py took 0.314 seconds
[2022-03-23 18:40:31,751] {processor.py:163} INFO - Started process (PID=5846) to work on /home/airflow/env/lib/python3.8/site-packages/airflow/example_dags/tutorial_taskflow_api_etl.py
[2022-03-23 18:40:31,753] {processor.py:642} INFO - Processing file /home/airflow/env/lib/python3.8/site-packages/airflow/example_dags/tutorial_taskflow_api_etl.py for tasks to queue
[2022-03-23 18:40:31,755] {logging_mixin.py:109} INFO - [2022-03-23 18:40:31,754] {dagbag.py:500} INFO - Filling up the DagBag from /home/airflow/env/lib/python3.8/site-packages/airflow/example_dags/tutorial_taskflow_api_etl.py
[2022-03-23 18:40:31,779] {processor.py:654} INFO - DAG(s) dict_keys(['tutorial_taskflow_api_etl']) retrieved from /home/airflow/env/lib/python3.8/site-packages/airflow/example_dags/tutorial_taskflow_api_etl.py
[2022-03-23 18:40:32,061] {logging_mixin.py:109} INFO - [2022-03-23 18:40:32,061] {dag.py:2396} INFO - Sync 1 DAGs
[2022-03-23 18:40:32,075] {logging_mixin.py:109} INFO - [2022-03-23 18:40:32,075] {dag.py:2935} INFO - Setting next_dagrun for tutorial_taskflow_api_etl to None
[2022-03-23 18:40:32,095] {processor.py:171} INFO - Processing /home/airflow/env/lib/python3.8/site-packages/airflow/example_dags/tutorial_taskflow_api_etl.py took 0.348 seconds
[2022-03-23 18:41:05,582] {processor.py:163} INFO - Started process (PID=5977) to work on /home/airflow/env/lib/python3.8/site-packages/airflow/example_dags/tutorial_taskflow_api_etl.py
[2022-03-23 18:41:05,584] {processor.py:642} INFO - Processing file /home/airflow/env/lib/python3.8/site-packages/airflow/example_dags/tutorial_taskflow_api_etl.py for tasks to queue
[2022-03-23 18:41:05,585] {logging_mixin.py:109} INFO - [2022-03-23 18:41:05,585] {dagbag.py:500} INFO - Filling up the DagBag from /home/airflow/env/lib/python3.8/site-packages/airflow/example_dags/tutorial_taskflow_api_etl.py
[2022-03-23 18:41:05,612] {processor.py:654} INFO - DAG(s) dict_keys(['tutorial_taskflow_api_etl']) retrieved from /home/airflow/env/lib/python3.8/site-packages/airflow/example_dags/tutorial_taskflow_api_etl.py
[2022-03-23 18:41:05,913] {logging_mixin.py:109} INFO - [2022-03-23 18:41:05,912] {dag.py:2396} INFO - Sync 1 DAGs
[2022-03-23 18:41:05,926] {logging_mixin.py:109} INFO - [2022-03-23 18:41:05,926] {dag.py:2935} INFO - Setting next_dagrun for tutorial_taskflow_api_etl to None
[2022-03-23 18:41:05,944] {processor.py:171} INFO - Processing /home/airflow/env/lib/python3.8/site-packages/airflow/example_dags/tutorial_taskflow_api_etl.py took 0.365 seconds
[2022-03-23 18:41:42,664] {processor.py:163} INFO - Started process (PID=6145) to work on /home/airflow/env/lib/python3.8/site-packages/airflow/example_dags/tutorial_taskflow_api_etl.py
[2022-03-23 18:41:42,670] {processor.py:642} INFO - Processing file /home/airflow/env/lib/python3.8/site-packages/airflow/example_dags/tutorial_taskflow_api_etl.py for tasks to queue
[2022-03-23 18:41:42,677] {logging_mixin.py:109} INFO - [2022-03-23 18:41:42,677] {dagbag.py:500} INFO - Filling up the DagBag from /home/airflow/env/lib/python3.8/site-packages/airflow/example_dags/tutorial_taskflow_api_etl.py
[2022-03-23 18:41:42,842] {processor.py:654} INFO - DAG(s) dict_keys(['tutorial_taskflow_api_etl']) retrieved from /home/airflow/env/lib/python3.8/site-packages/airflow/example_dags/tutorial_taskflow_api_etl.py
[2022-03-23 18:41:44,145] {logging_mixin.py:109} INFO - [2022-03-23 18:41:44,145] {dag.py:2396} INFO - Sync 1 DAGs
[2022-03-23 18:41:44,239] {logging_mixin.py:109} INFO - [2022-03-23 18:41:44,239] {dag.py:2935} INFO - Setting next_dagrun for tutorial_taskflow_api_etl to None
[2022-03-23 18:41:44,307] {processor.py:171} INFO - Processing /home/airflow/env/lib/python3.8/site-packages/airflow/example_dags/tutorial_taskflow_api_etl.py took 1.662 seconds
[2022-03-23 18:42:20,576] {processor.py:163} INFO - Started process (PID=6313) to work on /home/airflow/env/lib/python3.8/site-packages/airflow/example_dags/tutorial_taskflow_api_etl.py
[2022-03-23 18:42:20,577] {processor.py:642} INFO - Processing file /home/airflow/env/lib/python3.8/site-packages/airflow/example_dags/tutorial_taskflow_api_etl.py for tasks to queue
[2022-03-23 18:42:20,578] {logging_mixin.py:109} INFO - [2022-03-23 18:42:20,578] {dagbag.py:500} INFO - Filling up the DagBag from /home/airflow/env/lib/python3.8/site-packages/airflow/example_dags/tutorial_taskflow_api_etl.py
[2022-03-23 18:42:20,615] {processor.py:654} INFO - DAG(s) dict_keys(['tutorial_taskflow_api_etl']) retrieved from /home/airflow/env/lib/python3.8/site-packages/airflow/example_dags/tutorial_taskflow_api_etl.py
[2022-03-23 18:42:20,815] {logging_mixin.py:109} INFO - [2022-03-23 18:42:20,815] {dag.py:2396} INFO - Sync 1 DAGs
[2022-03-23 18:42:20,826] {logging_mixin.py:109} INFO - [2022-03-23 18:42:20,826] {dag.py:2935} INFO - Setting next_dagrun for tutorial_taskflow_api_etl to None
[2022-03-23 18:42:20,845] {processor.py:171} INFO - Processing /home/airflow/env/lib/python3.8/site-packages/airflow/example_dags/tutorial_taskflow_api_etl.py took 0.274 seconds
[2022-03-23 18:42:53,568] {processor.py:163} INFO - Started process (PID=6435) to work on /home/airflow/env/lib/python3.8/site-packages/airflow/example_dags/tutorial_taskflow_api_etl.py
[2022-03-23 18:42:53,569] {processor.py:642} INFO - Processing file /home/airflow/env/lib/python3.8/site-packages/airflow/example_dags/tutorial_taskflow_api_etl.py for tasks to queue
[2022-03-23 18:42:53,570] {logging_mixin.py:109} INFO - [2022-03-23 18:42:53,570] {dagbag.py:500} INFO - Filling up the DagBag from /home/airflow/env/lib/python3.8/site-packages/airflow/example_dags/tutorial_taskflow_api_etl.py
[2022-03-23 18:42:53,590] {processor.py:654} INFO - DAG(s) dict_keys(['tutorial_taskflow_api_etl']) retrieved from /home/airflow/env/lib/python3.8/site-packages/airflow/example_dags/tutorial_taskflow_api_etl.py
[2022-03-23 18:42:53,830] {logging_mixin.py:109} INFO - [2022-03-23 18:42:53,830] {dag.py:2396} INFO - Sync 1 DAGs
[2022-03-23 18:42:53,840] {logging_mixin.py:109} INFO - [2022-03-23 18:42:53,840] {dag.py:2935} INFO - Setting next_dagrun for tutorial_taskflow_api_etl to None
[2022-03-23 18:42:53,859] {processor.py:171} INFO - Processing /home/airflow/env/lib/python3.8/site-packages/airflow/example_dags/tutorial_taskflow_api_etl.py took 0.293 seconds
[2022-03-23 18:43:27,136] {processor.py:163} INFO - Started process (PID=6469) to work on /home/airflow/env/lib/python3.8/site-packages/airflow/example_dags/tutorial_taskflow_api_etl.py
[2022-03-23 18:43:27,137] {processor.py:642} INFO - Processing file /home/airflow/env/lib/python3.8/site-packages/airflow/example_dags/tutorial_taskflow_api_etl.py for tasks to queue
[2022-03-23 18:43:27,138] {logging_mixin.py:109} INFO - [2022-03-23 18:43:27,138] {dagbag.py:500} INFO - Filling up the DagBag from /home/airflow/env/lib/python3.8/site-packages/airflow/example_dags/tutorial_taskflow_api_etl.py
[2022-03-23 18:43:27,159] {processor.py:654} INFO - DAG(s) dict_keys(['tutorial_taskflow_api_etl']) retrieved from /home/airflow/env/lib/python3.8/site-packages/airflow/example_dags/tutorial_taskflow_api_etl.py
[2022-03-23 18:43:27,407] {logging_mixin.py:109} INFO - [2022-03-23 18:43:27,407] {dag.py:2396} INFO - Sync 1 DAGs
[2022-03-23 18:43:27,418] {logging_mixin.py:109} INFO - [2022-03-23 18:43:27,418] {dag.py:2935} INFO - Setting next_dagrun for tutorial_taskflow_api_etl to None
[2022-03-23 18:43:27,436] {processor.py:171} INFO - Processing /home/airflow/env/lib/python3.8/site-packages/airflow/example_dags/tutorial_taskflow_api_etl.py took 0.302 seconds
[2022-03-23 18:44:02,372] {processor.py:163} INFO - Started process (PID=6502) to work on /home/airflow/env/lib/python3.8/site-packages/airflow/example_dags/tutorial_taskflow_api_etl.py
[2022-03-23 18:44:02,374] {processor.py:642} INFO - Processing file /home/airflow/env/lib/python3.8/site-packages/airflow/example_dags/tutorial_taskflow_api_etl.py for tasks to queue
[2022-03-23 18:44:02,375] {logging_mixin.py:109} INFO - [2022-03-23 18:44:02,375] {dagbag.py:500} INFO - Filling up the DagBag from /home/airflow/env/lib/python3.8/site-packages/airflow/example_dags/tutorial_taskflow_api_etl.py
[2022-03-23 18:44:02,410] {processor.py:654} INFO - DAG(s) dict_keys(['tutorial_taskflow_api_etl']) retrieved from /home/airflow/env/lib/python3.8/site-packages/airflow/example_dags/tutorial_taskflow_api_etl.py
[2022-03-23 18:44:02,701] {logging_mixin.py:109} INFO - [2022-03-23 18:44:02,700] {dag.py:2396} INFO - Sync 1 DAGs
[2022-03-23 18:44:02,715] {logging_mixin.py:109} INFO - [2022-03-23 18:44:02,715] {dag.py:2935} INFO - Setting next_dagrun for tutorial_taskflow_api_etl to None
[2022-03-23 18:44:02,738] {processor.py:171} INFO - Processing /home/airflow/env/lib/python3.8/site-packages/airflow/example_dags/tutorial_taskflow_api_etl.py took 0.376 seconds
[2022-03-23 18:44:38,682] {processor.py:163} INFO - Started process (PID=6535) to work on /home/airflow/env/lib/python3.8/site-packages/airflow/example_dags/tutorial_taskflow_api_etl.py
[2022-03-23 18:44:38,684] {processor.py:642} INFO - Processing file /home/airflow/env/lib/python3.8/site-packages/airflow/example_dags/tutorial_taskflow_api_etl.py for tasks to queue
[2022-03-23 18:44:38,685] {logging_mixin.py:109} INFO - [2022-03-23 18:44:38,685] {dagbag.py:500} INFO - Filling up the DagBag from /home/airflow/env/lib/python3.8/site-packages/airflow/example_dags/tutorial_taskflow_api_etl.py
[2022-03-23 18:44:38,729] {processor.py:654} INFO - DAG(s) dict_keys(['tutorial_taskflow_api_etl']) retrieved from /home/airflow/env/lib/python3.8/site-packages/airflow/example_dags/tutorial_taskflow_api_etl.py
[2022-03-23 18:44:39,048] {logging_mixin.py:109} INFO - [2022-03-23 18:44:39,048] {dag.py:2396} INFO - Sync 1 DAGs
[2022-03-23 18:44:39,069] {logging_mixin.py:109} INFO - [2022-03-23 18:44:39,069] {dag.py:2935} INFO - Setting next_dagrun for tutorial_taskflow_api_etl to None
[2022-03-23 18:44:39,102] {processor.py:171} INFO - Processing /home/airflow/env/lib/python3.8/site-packages/airflow/example_dags/tutorial_taskflow_api_etl.py took 0.427 seconds
[2022-03-23 18:45:13,454] {processor.py:163} INFO - Started process (PID=6567) to work on /home/airflow/env/lib/python3.8/site-packages/airflow/example_dags/tutorial_taskflow_api_etl.py
[2022-03-23 18:45:13,455] {processor.py:642} INFO - Processing file /home/airflow/env/lib/python3.8/site-packages/airflow/example_dags/tutorial_taskflow_api_etl.py for tasks to queue
[2022-03-23 18:45:13,456] {logging_mixin.py:109} INFO - [2022-03-23 18:45:13,455] {dagbag.py:500} INFO - Filling up the DagBag from /home/airflow/env/lib/python3.8/site-packages/airflow/example_dags/tutorial_taskflow_api_etl.py
[2022-03-23 18:45:13,480] {processor.py:654} INFO - DAG(s) dict_keys(['tutorial_taskflow_api_etl']) retrieved from /home/airflow/env/lib/python3.8/site-packages/airflow/example_dags/tutorial_taskflow_api_etl.py
[2022-03-23 18:45:13,703] {logging_mixin.py:109} INFO - [2022-03-23 18:45:13,703] {dag.py:2396} INFO - Sync 1 DAGs
[2022-03-23 18:45:13,716] {logging_mixin.py:109} INFO - [2022-03-23 18:45:13,716] {dag.py:2935} INFO - Setting next_dagrun for tutorial_taskflow_api_etl to None
[2022-03-23 18:45:13,735] {processor.py:171} INFO - Processing /home/airflow/env/lib/python3.8/site-packages/airflow/example_dags/tutorial_taskflow_api_etl.py took 0.284 seconds
[2022-03-23 18:45:48,527] {processor.py:163} INFO - Started process (PID=6654) to work on /home/airflow/env/lib/python3.8/site-packages/airflow/example_dags/tutorial_taskflow_api_etl.py
[2022-03-23 18:45:48,528] {processor.py:642} INFO - Processing file /home/airflow/env/lib/python3.8/site-packages/airflow/example_dags/tutorial_taskflow_api_etl.py for tasks to queue
[2022-03-23 18:45:48,529] {logging_mixin.py:109} INFO - [2022-03-23 18:45:48,529] {dagbag.py:500} INFO - Filling up the DagBag from /home/airflow/env/lib/python3.8/site-packages/airflow/example_dags/tutorial_taskflow_api_etl.py
[2022-03-23 18:45:48,550] {processor.py:654} INFO - DAG(s) dict_keys(['tutorial_taskflow_api_etl']) retrieved from /home/airflow/env/lib/python3.8/site-packages/airflow/example_dags/tutorial_taskflow_api_etl.py
[2022-03-23 18:45:48,777] {logging_mixin.py:109} INFO - [2022-03-23 18:45:48,777] {dag.py:2396} INFO - Sync 1 DAGs
[2022-03-23 18:45:48,788] {logging_mixin.py:109} INFO - [2022-03-23 18:45:48,788] {dag.py:2935} INFO - Setting next_dagrun for tutorial_taskflow_api_etl to None
[2022-03-23 18:45:48,831] {processor.py:171} INFO - Processing /home/airflow/env/lib/python3.8/site-packages/airflow/example_dags/tutorial_taskflow_api_etl.py took 0.308 seconds
[2022-03-23 18:46:21,318] {processor.py:163} INFO - Started process (PID=6687) to work on /home/airflow/env/lib/python3.8/site-packages/airflow/example_dags/tutorial_taskflow_api_etl.py
[2022-03-23 18:46:21,319] {processor.py:642} INFO - Processing file /home/airflow/env/lib/python3.8/site-packages/airflow/example_dags/tutorial_taskflow_api_etl.py for tasks to queue
[2022-03-23 18:46:21,320] {logging_mixin.py:109} INFO - [2022-03-23 18:46:21,319] {dagbag.py:500} INFO - Filling up the DagBag from /home/airflow/env/lib/python3.8/site-packages/airflow/example_dags/tutorial_taskflow_api_etl.py
[2022-03-23 18:46:21,346] {processor.py:654} INFO - DAG(s) dict_keys(['tutorial_taskflow_api_etl']) retrieved from /home/airflow/env/lib/python3.8/site-packages/airflow/example_dags/tutorial_taskflow_api_etl.py
[2022-03-23 18:46:21,595] {logging_mixin.py:109} INFO - [2022-03-23 18:46:21,595] {dag.py:2396} INFO - Sync 1 DAGs
[2022-03-23 18:46:21,610] {logging_mixin.py:109} INFO - [2022-03-23 18:46:21,610] {dag.py:2935} INFO - Setting next_dagrun for tutorial_taskflow_api_etl to None
[2022-03-23 18:46:21,634] {processor.py:171} INFO - Processing /home/airflow/env/lib/python3.8/site-packages/airflow/example_dags/tutorial_taskflow_api_etl.py took 0.318 seconds
[2022-03-23 18:46:56,642] {processor.py:163} INFO - Started process (PID=6721) to work on /home/airflow/env/lib/python3.8/site-packages/airflow/example_dags/tutorial_taskflow_api_etl.py
[2022-03-23 18:46:56,643] {processor.py:642} INFO - Processing file /home/airflow/env/lib/python3.8/site-packages/airflow/example_dags/tutorial_taskflow_api_etl.py for tasks to queue
[2022-03-23 18:46:56,643] {logging_mixin.py:109} INFO - [2022-03-23 18:46:56,643] {dagbag.py:500} INFO - Filling up the DagBag from /home/airflow/env/lib/python3.8/site-packages/airflow/example_dags/tutorial_taskflow_api_etl.py
[2022-03-23 18:46:56,667] {processor.py:654} INFO - DAG(s) dict_keys(['tutorial_taskflow_api_etl']) retrieved from /home/airflow/env/lib/python3.8/site-packages/airflow/example_dags/tutorial_taskflow_api_etl.py
[2022-03-23 18:46:56,894] {logging_mixin.py:109} INFO - [2022-03-23 18:46:56,894] {dag.py:2396} INFO - Sync 1 DAGs
[2022-03-23 18:46:56,907] {logging_mixin.py:109} INFO - [2022-03-23 18:46:56,907] {dag.py:2935} INFO - Setting next_dagrun for tutorial_taskflow_api_etl to None
[2022-03-23 18:46:56,930] {processor.py:171} INFO - Processing /home/airflow/env/lib/python3.8/site-packages/airflow/example_dags/tutorial_taskflow_api_etl.py took 0.291 seconds
[2022-03-23 18:47:31,779] {processor.py:163} INFO - Started process (PID=6753) to work on /home/airflow/env/lib/python3.8/site-packages/airflow/example_dags/tutorial_taskflow_api_etl.py
[2022-03-23 18:47:31,780] {processor.py:642} INFO - Processing file /home/airflow/env/lib/python3.8/site-packages/airflow/example_dags/tutorial_taskflow_api_etl.py for tasks to queue
[2022-03-23 18:47:31,781] {logging_mixin.py:109} INFO - [2022-03-23 18:47:31,781] {dagbag.py:500} INFO - Filling up the DagBag from /home/airflow/env/lib/python3.8/site-packages/airflow/example_dags/tutorial_taskflow_api_etl.py
[2022-03-23 18:47:31,802] {processor.py:654} INFO - DAG(s) dict_keys(['tutorial_taskflow_api_etl']) retrieved from /home/airflow/env/lib/python3.8/site-packages/airflow/example_dags/tutorial_taskflow_api_etl.py
[2022-03-23 18:47:32,020] {logging_mixin.py:109} INFO - [2022-03-23 18:47:32,020] {dag.py:2396} INFO - Sync 1 DAGs
[2022-03-23 18:47:32,030] {logging_mixin.py:109} INFO - [2022-03-23 18:47:32,030] {dag.py:2935} INFO - Setting next_dagrun for tutorial_taskflow_api_etl to None
[2022-03-23 18:47:32,050] {processor.py:171} INFO - Processing /home/airflow/env/lib/python3.8/site-packages/airflow/example_dags/tutorial_taskflow_api_etl.py took 0.274 seconds
[2022-03-23 18:48:07,190] {processor.py:163} INFO - Started process (PID=6785) to work on /home/airflow/env/lib/python3.8/site-packages/airflow/example_dags/tutorial_taskflow_api_etl.py
[2022-03-23 18:48:07,191] {processor.py:642} INFO - Processing file /home/airflow/env/lib/python3.8/site-packages/airflow/example_dags/tutorial_taskflow_api_etl.py for tasks to queue
[2022-03-23 18:48:07,192] {logging_mixin.py:109} INFO - [2022-03-23 18:48:07,192] {dagbag.py:500} INFO - Filling up the DagBag from /home/airflow/env/lib/python3.8/site-packages/airflow/example_dags/tutorial_taskflow_api_etl.py
[2022-03-23 18:48:07,213] {processor.py:654} INFO - DAG(s) dict_keys(['tutorial_taskflow_api_etl']) retrieved from /home/airflow/env/lib/python3.8/site-packages/airflow/example_dags/tutorial_taskflow_api_etl.py
[2022-03-23 18:48:07,439] {logging_mixin.py:109} INFO - [2022-03-23 18:48:07,439] {dag.py:2396} INFO - Sync 1 DAGs
[2022-03-23 18:48:07,449] {logging_mixin.py:109} INFO - [2022-03-23 18:48:07,449] {dag.py:2935} INFO - Setting next_dagrun for tutorial_taskflow_api_etl to None
[2022-03-23 18:48:07,468] {processor.py:171} INFO - Processing /home/airflow/env/lib/python3.8/site-packages/airflow/example_dags/tutorial_taskflow_api_etl.py took 0.280 seconds
[2022-03-23 18:48:43,805] {processor.py:163} INFO - Started process (PID=6822) to work on /home/airflow/env/lib/python3.8/site-packages/airflow/example_dags/tutorial_taskflow_api_etl.py
[2022-03-23 18:48:43,806] {processor.py:642} INFO - Processing file /home/airflow/env/lib/python3.8/site-packages/airflow/example_dags/tutorial_taskflow_api_etl.py for tasks to queue
[2022-03-23 18:48:43,806] {logging_mixin.py:109} INFO - [2022-03-23 18:48:43,806] {dagbag.py:500} INFO - Filling up the DagBag from /home/airflow/env/lib/python3.8/site-packages/airflow/example_dags/tutorial_taskflow_api_etl.py
[2022-03-23 18:48:43,825] {processor.py:654} INFO - DAG(s) dict_keys(['tutorial_taskflow_api_etl']) retrieved from /home/airflow/env/lib/python3.8/site-packages/airflow/example_dags/tutorial_taskflow_api_etl.py
[2022-03-23 18:48:44,063] {logging_mixin.py:109} INFO - [2022-03-23 18:48:44,063] {dag.py:2396} INFO - Sync 1 DAGs
[2022-03-23 18:48:44,076] {logging_mixin.py:109} INFO - [2022-03-23 18:48:44,075] {dag.py:2935} INFO - Setting next_dagrun for tutorial_taskflow_api_etl to None
[2022-03-23 18:48:44,095] {processor.py:171} INFO - Processing /home/airflow/env/lib/python3.8/site-packages/airflow/example_dags/tutorial_taskflow_api_etl.py took 0.293 seconds
[2022-03-23 18:49:19,914] {processor.py:163} INFO - Started process (PID=6887) to work on /home/airflow/env/lib/python3.8/site-packages/airflow/example_dags/tutorial_taskflow_api_etl.py
[2022-03-23 18:49:19,915] {processor.py:642} INFO - Processing file /home/airflow/env/lib/python3.8/site-packages/airflow/example_dags/tutorial_taskflow_api_etl.py for tasks to queue
[2022-03-23 18:49:19,916] {logging_mixin.py:109} INFO - [2022-03-23 18:49:19,916] {dagbag.py:500} INFO - Filling up the DagBag from /home/airflow/env/lib/python3.8/site-packages/airflow/example_dags/tutorial_taskflow_api_etl.py
[2022-03-23 18:49:19,937] {processor.py:654} INFO - DAG(s) dict_keys(['tutorial_taskflow_api_etl']) retrieved from /home/airflow/env/lib/python3.8/site-packages/airflow/example_dags/tutorial_taskflow_api_etl.py
[2022-03-23 18:49:20,142] {logging_mixin.py:109} INFO - [2022-03-23 18:49:20,142] {dag.py:2396} INFO - Sync 1 DAGs
[2022-03-23 18:49:20,161] {logging_mixin.py:109} INFO - [2022-03-23 18:49:20,161] {dag.py:2935} INFO - Setting next_dagrun for tutorial_taskflow_api_etl to None
[2022-03-23 18:49:20,180] {processor.py:171} INFO - Processing /home/airflow/env/lib/python3.8/site-packages/airflow/example_dags/tutorial_taskflow_api_etl.py took 0.268 seconds
[2022-03-23 18:49:54,974] {processor.py:163} INFO - Started process (PID=7012) to work on /home/airflow/env/lib/python3.8/site-packages/airflow/example_dags/tutorial_taskflow_api_etl.py
[2022-03-23 18:49:54,975] {processor.py:642} INFO - Processing file /home/airflow/env/lib/python3.8/site-packages/airflow/example_dags/tutorial_taskflow_api_etl.py for tasks to queue
[2022-03-23 18:49:54,975] {logging_mixin.py:109} INFO - [2022-03-23 18:49:54,975] {dagbag.py:500} INFO - Filling up the DagBag from /home/airflow/env/lib/python3.8/site-packages/airflow/example_dags/tutorial_taskflow_api_etl.py
[2022-03-23 18:49:55,003] {processor.py:654} INFO - DAG(s) dict_keys(['tutorial_taskflow_api_etl']) retrieved from /home/airflow/env/lib/python3.8/site-packages/airflow/example_dags/tutorial_taskflow_api_etl.py
[2022-03-23 18:49:55,251] {logging_mixin.py:109} INFO - [2022-03-23 18:49:55,251] {dag.py:2396} INFO - Sync 1 DAGs
[2022-03-23 18:49:55,263] {logging_mixin.py:109} INFO - [2022-03-23 18:49:55,263] {dag.py:2935} INFO - Setting next_dagrun for tutorial_taskflow_api_etl to None
[2022-03-23 18:49:55,283] {processor.py:171} INFO - Processing /home/airflow/env/lib/python3.8/site-packages/airflow/example_dags/tutorial_taskflow_api_etl.py took 0.312 seconds
[2022-03-23 18:50:28,824] {processor.py:163} INFO - Started process (PID=7045) to work on /home/airflow/env/lib/python3.8/site-packages/airflow/example_dags/tutorial_taskflow_api_etl.py
[2022-03-23 18:50:28,825] {processor.py:642} INFO - Processing file /home/airflow/env/lib/python3.8/site-packages/airflow/example_dags/tutorial_taskflow_api_etl.py for tasks to queue
[2022-03-23 18:50:28,826] {logging_mixin.py:109} INFO - [2022-03-23 18:50:28,826] {dagbag.py:500} INFO - Filling up the DagBag from /home/airflow/env/lib/python3.8/site-packages/airflow/example_dags/tutorial_taskflow_api_etl.py
[2022-03-23 18:50:28,847] {processor.py:654} INFO - DAG(s) dict_keys(['tutorial_taskflow_api_etl']) retrieved from /home/airflow/env/lib/python3.8/site-packages/airflow/example_dags/tutorial_taskflow_api_etl.py
[2022-03-23 18:50:29,049] {logging_mixin.py:109} INFO - [2022-03-23 18:50:29,049] {dag.py:2396} INFO - Sync 1 DAGs
[2022-03-23 18:50:29,058] {logging_mixin.py:109} INFO - [2022-03-23 18:50:29,058] {dag.py:2935} INFO - Setting next_dagrun for tutorial_taskflow_api_etl to None
[2022-03-23 18:50:29,078] {processor.py:171} INFO - Processing /home/airflow/env/lib/python3.8/site-packages/airflow/example_dags/tutorial_taskflow_api_etl.py took 0.256 seconds
[2022-03-23 18:51:02,405] {processor.py:163} INFO - Started process (PID=7131) to work on /home/airflow/env/lib/python3.8/site-packages/airflow/example_dags/tutorial_taskflow_api_etl.py
[2022-03-23 18:51:02,406] {processor.py:642} INFO - Processing file /home/airflow/env/lib/python3.8/site-packages/airflow/example_dags/tutorial_taskflow_api_etl.py for tasks to queue
[2022-03-23 18:51:02,407] {logging_mixin.py:109} INFO - [2022-03-23 18:51:02,406] {dagbag.py:500} INFO - Filling up the DagBag from /home/airflow/env/lib/python3.8/site-packages/airflow/example_dags/tutorial_taskflow_api_etl.py
[2022-03-23 18:51:02,428] {processor.py:654} INFO - DAG(s) dict_keys(['tutorial_taskflow_api_etl']) retrieved from /home/airflow/env/lib/python3.8/site-packages/airflow/example_dags/tutorial_taskflow_api_etl.py
[2022-03-23 18:51:02,713] {logging_mixin.py:109} INFO - [2022-03-23 18:51:02,713] {dag.py:2396} INFO - Sync 1 DAGs
[2022-03-23 18:51:02,725] {logging_mixin.py:109} INFO - [2022-03-23 18:51:02,725] {dag.py:2935} INFO - Setting next_dagrun for tutorial_taskflow_api_etl to None
[2022-03-23 18:51:02,744] {processor.py:171} INFO - Processing /home/airflow/env/lib/python3.8/site-packages/airflow/example_dags/tutorial_taskflow_api_etl.py took 0.341 seconds
[2022-03-23 18:51:36,195] {processor.py:163} INFO - Started process (PID=7165) to work on /home/airflow/env/lib/python3.8/site-packages/airflow/example_dags/tutorial_taskflow_api_etl.py
[2022-03-23 18:51:36,197] {processor.py:642} INFO - Processing file /home/airflow/env/lib/python3.8/site-packages/airflow/example_dags/tutorial_taskflow_api_etl.py for tasks to queue
[2022-03-23 18:51:36,198] {logging_mixin.py:109} INFO - [2022-03-23 18:51:36,198] {dagbag.py:500} INFO - Filling up the DagBag from /home/airflow/env/lib/python3.8/site-packages/airflow/example_dags/tutorial_taskflow_api_etl.py
[2022-03-23 18:51:36,223] {processor.py:654} INFO - DAG(s) dict_keys(['tutorial_taskflow_api_etl']) retrieved from /home/airflow/env/lib/python3.8/site-packages/airflow/example_dags/tutorial_taskflow_api_etl.py
[2022-03-23 18:51:36,466] {logging_mixin.py:109} INFO - [2022-03-23 18:51:36,466] {dag.py:2396} INFO - Sync 1 DAGs
[2022-03-23 18:51:36,476] {logging_mixin.py:109} INFO - [2022-03-23 18:51:36,476] {dag.py:2935} INFO - Setting next_dagrun for tutorial_taskflow_api_etl to None
[2022-03-23 18:51:36,497] {processor.py:171} INFO - Processing /home/airflow/env/lib/python3.8/site-packages/airflow/example_dags/tutorial_taskflow_api_etl.py took 0.307 seconds
[2022-03-23 18:52:10,333] {processor.py:163} INFO - Started process (PID=7198) to work on /home/airflow/env/lib/python3.8/site-packages/airflow/example_dags/tutorial_taskflow_api_etl.py
[2022-03-23 18:52:10,335] {processor.py:642} INFO - Processing file /home/airflow/env/lib/python3.8/site-packages/airflow/example_dags/tutorial_taskflow_api_etl.py for tasks to queue
[2022-03-23 18:52:10,336] {logging_mixin.py:109} INFO - [2022-03-23 18:52:10,335] {dagbag.py:500} INFO - Filling up the DagBag from /home/airflow/env/lib/python3.8/site-packages/airflow/example_dags/tutorial_taskflow_api_etl.py
[2022-03-23 18:52:10,358] {processor.py:654} INFO - DAG(s) dict_keys(['tutorial_taskflow_api_etl']) retrieved from /home/airflow/env/lib/python3.8/site-packages/airflow/example_dags/tutorial_taskflow_api_etl.py
[2022-03-23 18:52:10,613] {logging_mixin.py:109} INFO - [2022-03-23 18:52:10,613] {dag.py:2396} INFO - Sync 1 DAGs
[2022-03-23 18:52:10,627] {logging_mixin.py:109} INFO - [2022-03-23 18:52:10,627] {dag.py:2935} INFO - Setting next_dagrun for tutorial_taskflow_api_etl to None
[2022-03-23 18:52:10,650] {processor.py:171} INFO - Processing /home/airflow/env/lib/python3.8/site-packages/airflow/example_dags/tutorial_taskflow_api_etl.py took 0.320 seconds
[2022-03-23 18:52:46,317] {processor.py:163} INFO - Started process (PID=7234) to work on /home/airflow/env/lib/python3.8/site-packages/airflow/example_dags/tutorial_taskflow_api_etl.py
[2022-03-23 18:52:46,318] {processor.py:642} INFO - Processing file /home/airflow/env/lib/python3.8/site-packages/airflow/example_dags/tutorial_taskflow_api_etl.py for tasks to queue
[2022-03-23 18:52:46,319] {logging_mixin.py:109} INFO - [2022-03-23 18:52:46,318] {dagbag.py:500} INFO - Filling up the DagBag from /home/airflow/env/lib/python3.8/site-packages/airflow/example_dags/tutorial_taskflow_api_etl.py
[2022-03-23 18:52:46,338] {processor.py:654} INFO - DAG(s) dict_keys(['tutorial_taskflow_api_etl']) retrieved from /home/airflow/env/lib/python3.8/site-packages/airflow/example_dags/tutorial_taskflow_api_etl.py
[2022-03-23 18:52:46,537] {logging_mixin.py:109} INFO - [2022-03-23 18:52:46,537] {dag.py:2396} INFO - Sync 1 DAGs
[2022-03-23 18:52:46,546] {logging_mixin.py:109} INFO - [2022-03-23 18:52:46,546] {dag.py:2935} INFO - Setting next_dagrun for tutorial_taskflow_api_etl to None
[2022-03-23 18:52:46,565] {processor.py:171} INFO - Processing /home/airflow/env/lib/python3.8/site-packages/airflow/example_dags/tutorial_taskflow_api_etl.py took 0.256 seconds
[2022-03-23 18:53:19,176] {processor.py:163} INFO - Started process (PID=7266) to work on /home/airflow/env/lib/python3.8/site-packages/airflow/example_dags/tutorial_taskflow_api_etl.py
[2022-03-23 18:53:19,178] {processor.py:642} INFO - Processing file /home/airflow/env/lib/python3.8/site-packages/airflow/example_dags/tutorial_taskflow_api_etl.py for tasks to queue
[2022-03-23 18:53:19,179] {logging_mixin.py:109} INFO - [2022-03-23 18:53:19,179] {dagbag.py:500} INFO - Filling up the DagBag from /home/airflow/env/lib/python3.8/site-packages/airflow/example_dags/tutorial_taskflow_api_etl.py
[2022-03-23 18:53:19,213] {processor.py:654} INFO - DAG(s) dict_keys(['tutorial_taskflow_api_etl']) retrieved from /home/airflow/env/lib/python3.8/site-packages/airflow/example_dags/tutorial_taskflow_api_etl.py
[2022-03-23 18:53:19,516] {logging_mixin.py:109} INFO - [2022-03-23 18:53:19,516] {dag.py:2396} INFO - Sync 1 DAGs
[2022-03-23 18:53:19,531] {logging_mixin.py:109} INFO - [2022-03-23 18:53:19,531] {dag.py:2935} INFO - Setting next_dagrun for tutorial_taskflow_api_etl to None
[2022-03-23 18:53:19,547] {processor.py:171} INFO - Processing /home/airflow/env/lib/python3.8/site-packages/airflow/example_dags/tutorial_taskflow_api_etl.py took 0.374 seconds
[2022-03-23 18:53:53,487] {processor.py:163} INFO - Started process (PID=7299) to work on /home/airflow/env/lib/python3.8/site-packages/airflow/example_dags/tutorial_taskflow_api_etl.py
[2022-03-23 18:53:53,488] {processor.py:642} INFO - Processing file /home/airflow/env/lib/python3.8/site-packages/airflow/example_dags/tutorial_taskflow_api_etl.py for tasks to queue
[2022-03-23 18:53:53,489] {logging_mixin.py:109} INFO - [2022-03-23 18:53:53,489] {dagbag.py:500} INFO - Filling up the DagBag from /home/airflow/env/lib/python3.8/site-packages/airflow/example_dags/tutorial_taskflow_api_etl.py
[2022-03-23 18:53:53,510] {processor.py:654} INFO - DAG(s) dict_keys(['tutorial_taskflow_api_etl']) retrieved from /home/airflow/env/lib/python3.8/site-packages/airflow/example_dags/tutorial_taskflow_api_etl.py
[2022-03-23 18:53:53,706] {logging_mixin.py:109} INFO - [2022-03-23 18:53:53,706] {dag.py:2396} INFO - Sync 1 DAGs
[2022-03-23 18:53:53,716] {logging_mixin.py:109} INFO - [2022-03-23 18:53:53,716] {dag.py:2935} INFO - Setting next_dagrun for tutorial_taskflow_api_etl to None
[2022-03-23 18:53:53,729] {processor.py:171} INFO - Processing /home/airflow/env/lib/python3.8/site-packages/airflow/example_dags/tutorial_taskflow_api_etl.py took 0.245 seconds
[2022-03-23 18:54:25,051] {processor.py:163} INFO - Started process (PID=7329) to work on /home/airflow/env/lib/python3.8/site-packages/airflow/example_dags/tutorial_taskflow_api_etl.py
[2022-03-23 18:54:25,053] {processor.py:642} INFO - Processing file /home/airflow/env/lib/python3.8/site-packages/airflow/example_dags/tutorial_taskflow_api_etl.py for tasks to queue
[2022-03-23 18:54:25,054] {logging_mixin.py:109} INFO - [2022-03-23 18:54:25,053] {dagbag.py:500} INFO - Filling up the DagBag from /home/airflow/env/lib/python3.8/site-packages/airflow/example_dags/tutorial_taskflow_api_etl.py
[2022-03-23 18:54:25,077] {processor.py:654} INFO - DAG(s) dict_keys(['tutorial_taskflow_api_etl']) retrieved from /home/airflow/env/lib/python3.8/site-packages/airflow/example_dags/tutorial_taskflow_api_etl.py
[2022-03-23 18:54:25,348] {logging_mixin.py:109} INFO - [2022-03-23 18:54:25,348] {dag.py:2396} INFO - Sync 1 DAGs
[2022-03-23 18:54:25,361] {logging_mixin.py:109} INFO - [2022-03-23 18:54:25,361] {dag.py:2935} INFO - Setting next_dagrun for tutorial_taskflow_api_etl to None
[2022-03-23 18:54:25,381] {processor.py:171} INFO - Processing /home/airflow/env/lib/python3.8/site-packages/airflow/example_dags/tutorial_taskflow_api_etl.py took 0.333 seconds
[2022-03-23 18:54:57,483] {processor.py:163} INFO - Started process (PID=7361) to work on /home/airflow/env/lib/python3.8/site-packages/airflow/example_dags/tutorial_taskflow_api_etl.py
[2022-03-23 18:54:57,484] {processor.py:642} INFO - Processing file /home/airflow/env/lib/python3.8/site-packages/airflow/example_dags/tutorial_taskflow_api_etl.py for tasks to queue
[2022-03-23 18:54:57,485] {logging_mixin.py:109} INFO - [2022-03-23 18:54:57,485] {dagbag.py:500} INFO - Filling up the DagBag from /home/airflow/env/lib/python3.8/site-packages/airflow/example_dags/tutorial_taskflow_api_etl.py
[2022-03-23 18:54:57,509] {processor.py:654} INFO - DAG(s) dict_keys(['tutorial_taskflow_api_etl']) retrieved from /home/airflow/env/lib/python3.8/site-packages/airflow/example_dags/tutorial_taskflow_api_etl.py
[2022-03-23 18:54:57,743] {logging_mixin.py:109} INFO - [2022-03-23 18:54:57,743] {dag.py:2396} INFO - Sync 1 DAGs
[2022-03-23 18:54:57,754] {logging_mixin.py:109} INFO - [2022-03-23 18:54:57,754] {dag.py:2935} INFO - Setting next_dagrun for tutorial_taskflow_api_etl to None
[2022-03-23 18:54:57,773] {processor.py:171} INFO - Processing /home/airflow/env/lib/python3.8/site-packages/airflow/example_dags/tutorial_taskflow_api_etl.py took 0.293 seconds
[2022-03-23 18:55:33,512] {processor.py:163} INFO - Started process (PID=7424) to work on /home/airflow/env/lib/python3.8/site-packages/airflow/example_dags/tutorial_taskflow_api_etl.py
[2022-03-23 18:55:33,513] {processor.py:642} INFO - Processing file /home/airflow/env/lib/python3.8/site-packages/airflow/example_dags/tutorial_taskflow_api_etl.py for tasks to queue
[2022-03-23 18:55:33,514] {logging_mixin.py:109} INFO - [2022-03-23 18:55:33,514] {dagbag.py:500} INFO - Filling up the DagBag from /home/airflow/env/lib/python3.8/site-packages/airflow/example_dags/tutorial_taskflow_api_etl.py
[2022-03-23 18:55:33,533] {processor.py:654} INFO - DAG(s) dict_keys(['tutorial_taskflow_api_etl']) retrieved from /home/airflow/env/lib/python3.8/site-packages/airflow/example_dags/tutorial_taskflow_api_etl.py
[2022-03-23 18:55:33,735] {logging_mixin.py:109} INFO - [2022-03-23 18:55:33,735] {dag.py:2396} INFO - Sync 1 DAGs
[2022-03-23 18:55:33,744] {logging_mixin.py:109} INFO - [2022-03-23 18:55:33,744] {dag.py:2935} INFO - Setting next_dagrun for tutorial_taskflow_api_etl to None
[2022-03-23 18:55:33,762] {processor.py:171} INFO - Processing /home/airflow/env/lib/python3.8/site-packages/airflow/example_dags/tutorial_taskflow_api_etl.py took 0.252 seconds
[2022-03-23 18:56:06,852] {processor.py:163} INFO - Started process (PID=7484) to work on /home/airflow/env/lib/python3.8/site-packages/airflow/example_dags/tutorial_taskflow_api_etl.py
[2022-03-23 18:56:06,853] {processor.py:642} INFO - Processing file /home/airflow/env/lib/python3.8/site-packages/airflow/example_dags/tutorial_taskflow_api_etl.py for tasks to queue
[2022-03-23 18:56:06,854] {logging_mixin.py:109} INFO - [2022-03-23 18:56:06,854] {dagbag.py:500} INFO - Filling up the DagBag from /home/airflow/env/lib/python3.8/site-packages/airflow/example_dags/tutorial_taskflow_api_etl.py
[2022-03-23 18:56:06,875] {processor.py:654} INFO - DAG(s) dict_keys(['tutorial_taskflow_api_etl']) retrieved from /home/airflow/env/lib/python3.8/site-packages/airflow/example_dags/tutorial_taskflow_api_etl.py
[2022-03-23 18:56:07,085] {logging_mixin.py:109} INFO - [2022-03-23 18:56:07,085] {dag.py:2396} INFO - Sync 1 DAGs
[2022-03-23 18:56:07,097] {logging_mixin.py:109} INFO - [2022-03-23 18:56:07,097] {dag.py:2935} INFO - Setting next_dagrun for tutorial_taskflow_api_etl to None
[2022-03-23 18:56:07,116] {processor.py:171} INFO - Processing /home/airflow/env/lib/python3.8/site-packages/airflow/example_dags/tutorial_taskflow_api_etl.py took 0.266 seconds
[2022-03-23 18:56:39,853] {processor.py:163} INFO - Started process (PID=7516) to work on /home/airflow/env/lib/python3.8/site-packages/airflow/example_dags/tutorial_taskflow_api_etl.py
[2022-03-23 18:56:39,855] {processor.py:642} INFO - Processing file /home/airflow/env/lib/python3.8/site-packages/airflow/example_dags/tutorial_taskflow_api_etl.py for tasks to queue
[2022-03-23 18:56:39,855] {logging_mixin.py:109} INFO - [2022-03-23 18:56:39,855] {dagbag.py:500} INFO - Filling up the DagBag from /home/airflow/env/lib/python3.8/site-packages/airflow/example_dags/tutorial_taskflow_api_etl.py
[2022-03-23 18:56:39,893] {processor.py:654} INFO - DAG(s) dict_keys(['tutorial_taskflow_api_etl']) retrieved from /home/airflow/env/lib/python3.8/site-packages/airflow/example_dags/tutorial_taskflow_api_etl.py
[2022-03-23 18:56:40,123] {logging_mixin.py:109} INFO - [2022-03-23 18:56:40,122] {dag.py:2396} INFO - Sync 1 DAGs
[2022-03-23 18:56:40,133] {logging_mixin.py:109} INFO - [2022-03-23 18:56:40,132] {dag.py:2935} INFO - Setting next_dagrun for tutorial_taskflow_api_etl to None
[2022-03-23 18:56:40,151] {processor.py:171} INFO - Processing /home/airflow/env/lib/python3.8/site-packages/airflow/example_dags/tutorial_taskflow_api_etl.py took 0.300 seconds
[2022-03-23 18:57:12,504] {processor.py:163} INFO - Started process (PID=7548) to work on /home/airflow/env/lib/python3.8/site-packages/airflow/example_dags/tutorial_taskflow_api_etl.py
[2022-03-23 18:57:12,505] {processor.py:642} INFO - Processing file /home/airflow/env/lib/python3.8/site-packages/airflow/example_dags/tutorial_taskflow_api_etl.py for tasks to queue
[2022-03-23 18:57:12,506] {logging_mixin.py:109} INFO - [2022-03-23 18:57:12,506] {dagbag.py:500} INFO - Filling up the DagBag from /home/airflow/env/lib/python3.8/site-packages/airflow/example_dags/tutorial_taskflow_api_etl.py
[2022-03-23 18:57:12,527] {processor.py:654} INFO - DAG(s) dict_keys(['tutorial_taskflow_api_etl']) retrieved from /home/airflow/env/lib/python3.8/site-packages/airflow/example_dags/tutorial_taskflow_api_etl.py
[2022-03-23 18:57:12,728] {logging_mixin.py:109} INFO - [2022-03-23 18:57:12,728] {dag.py:2396} INFO - Sync 1 DAGs
[2022-03-23 18:57:12,737] {logging_mixin.py:109} INFO - [2022-03-23 18:57:12,737] {dag.py:2935} INFO - Setting next_dagrun for tutorial_taskflow_api_etl to None
[2022-03-23 18:57:12,757] {processor.py:171} INFO - Processing /home/airflow/env/lib/python3.8/site-packages/airflow/example_dags/tutorial_taskflow_api_etl.py took 0.255 seconds
[2022-03-23 18:57:47,298] {processor.py:163} INFO - Started process (PID=7581) to work on /home/airflow/env/lib/python3.8/site-packages/airflow/example_dags/tutorial_taskflow_api_etl.py
[2022-03-23 18:57:47,300] {processor.py:642} INFO - Processing file /home/airflow/env/lib/python3.8/site-packages/airflow/example_dags/tutorial_taskflow_api_etl.py for tasks to queue
[2022-03-23 18:57:47,301] {logging_mixin.py:109} INFO - [2022-03-23 18:57:47,301] {dagbag.py:500} INFO - Filling up the DagBag from /home/airflow/env/lib/python3.8/site-packages/airflow/example_dags/tutorial_taskflow_api_etl.py
[2022-03-23 18:57:47,324] {processor.py:654} INFO - DAG(s) dict_keys(['tutorial_taskflow_api_etl']) retrieved from /home/airflow/env/lib/python3.8/site-packages/airflow/example_dags/tutorial_taskflow_api_etl.py
[2022-03-23 18:57:47,541] {logging_mixin.py:109} INFO - [2022-03-23 18:57:47,541] {dag.py:2396} INFO - Sync 1 DAGs
[2022-03-23 18:57:47,551] {logging_mixin.py:109} INFO - [2022-03-23 18:57:47,551] {dag.py:2935} INFO - Setting next_dagrun for tutorial_taskflow_api_etl to None
[2022-03-23 18:57:47,569] {processor.py:171} INFO - Processing /home/airflow/env/lib/python3.8/site-packages/airflow/example_dags/tutorial_taskflow_api_etl.py took 0.274 seconds
[2022-03-23 18:58:29,981] {processor.py:163} INFO - Started process (PID=7765) to work on /home/airflow/env/lib/python3.8/site-packages/airflow/example_dags/tutorial_taskflow_api_etl.py
[2022-03-23 18:58:29,982] {processor.py:642} INFO - Processing file /home/airflow/env/lib/python3.8/site-packages/airflow/example_dags/tutorial_taskflow_api_etl.py for tasks to queue
[2022-03-23 18:58:29,983] {logging_mixin.py:109} INFO - [2022-03-23 18:58:29,983] {dagbag.py:500} INFO - Filling up the DagBag from /home/airflow/env/lib/python3.8/site-packages/airflow/example_dags/tutorial_taskflow_api_etl.py
[2022-03-23 18:58:30,037] {processor.py:654} INFO - DAG(s) dict_keys(['tutorial_taskflow_api_etl']) retrieved from /home/airflow/env/lib/python3.8/site-packages/airflow/example_dags/tutorial_taskflow_api_etl.py
[2022-03-23 18:58:30,885] {logging_mixin.py:109} INFO - [2022-03-23 18:58:30,885] {dag.py:2396} INFO - Sync 1 DAGs
[2022-03-23 18:58:31,023] {logging_mixin.py:109} INFO - [2022-03-23 18:58:31,023] {dag.py:2935} INFO - Setting next_dagrun for tutorial_taskflow_api_etl to None
[2022-03-23 18:58:31,076] {processor.py:171} INFO - Processing /home/airflow/env/lib/python3.8/site-packages/airflow/example_dags/tutorial_taskflow_api_etl.py took 1.106 seconds
[2022-03-23 18:59:21,668] {processor.py:163} INFO - Started process (PID=7888) to work on /home/airflow/env/lib/python3.8/site-packages/airflow/example_dags/tutorial_taskflow_api_etl.py
[2022-03-23 18:59:21,670] {processor.py:642} INFO - Processing file /home/airflow/env/lib/python3.8/site-packages/airflow/example_dags/tutorial_taskflow_api_etl.py for tasks to queue
[2022-03-23 18:59:21,677] {logging_mixin.py:109} INFO - [2022-03-23 18:59:21,677] {dagbag.py:500} INFO - Filling up the DagBag from /home/airflow/env/lib/python3.8/site-packages/airflow/example_dags/tutorial_taskflow_api_etl.py
[2022-03-23 18:59:21,716] {processor.py:654} INFO - DAG(s) dict_keys(['tutorial_taskflow_api_etl']) retrieved from /home/airflow/env/lib/python3.8/site-packages/airflow/example_dags/tutorial_taskflow_api_etl.py
[2022-03-23 18:59:22,098] {logging_mixin.py:109} INFO - [2022-03-23 18:59:22,098] {dag.py:2396} INFO - Sync 1 DAGs
[2022-03-23 18:59:22,111] {logging_mixin.py:109} INFO - [2022-03-23 18:59:22,111] {dag.py:2935} INFO - Setting next_dagrun for tutorial_taskflow_api_etl to None
[2022-03-23 18:59:22,130] {processor.py:171} INFO - Processing /home/airflow/env/lib/python3.8/site-packages/airflow/example_dags/tutorial_taskflow_api_etl.py took 0.465 seconds
[2022-03-23 19:00:01,336] {processor.py:163} INFO - Started process (PID=8093) to work on /home/airflow/env/lib/python3.8/site-packages/airflow/example_dags/tutorial_taskflow_api_etl.py
[2022-03-23 19:00:01,353] {processor.py:642} INFO - Processing file /home/airflow/env/lib/python3.8/site-packages/airflow/example_dags/tutorial_taskflow_api_etl.py for tasks to queue
[2022-03-23 19:00:01,361] {logging_mixin.py:109} INFO - [2022-03-23 19:00:01,361] {dagbag.py:500} INFO - Filling up the DagBag from /home/airflow/env/lib/python3.8/site-packages/airflow/example_dags/tutorial_taskflow_api_etl.py
[2022-03-23 19:00:01,473] {processor.py:654} INFO - DAG(s) dict_keys(['tutorial_taskflow_api_etl']) retrieved from /home/airflow/env/lib/python3.8/site-packages/airflow/example_dags/tutorial_taskflow_api_etl.py
[2022-03-23 19:00:02,734] {logging_mixin.py:109} INFO - [2022-03-23 19:00:02,734] {dag.py:2396} INFO - Sync 1 DAGs
[2022-03-23 19:00:02,797] {logging_mixin.py:109} INFO - [2022-03-23 19:00:02,781] {dag.py:2935} INFO - Setting next_dagrun for tutorial_taskflow_api_etl to None
[2022-03-23 19:00:02,901] {processor.py:171} INFO - Processing /home/airflow/env/lib/python3.8/site-packages/airflow/example_dags/tutorial_taskflow_api_etl.py took 1.580 seconds
[2022-03-23 19:00:47,321] {processor.py:163} INFO - Started process (PID=8411) to work on /home/airflow/env/lib/python3.8/site-packages/airflow/example_dags/tutorial_taskflow_api_etl.py
[2022-03-23 19:00:47,322] {processor.py:642} INFO - Processing file /home/airflow/env/lib/python3.8/site-packages/airflow/example_dags/tutorial_taskflow_api_etl.py for tasks to queue
[2022-03-23 19:00:47,323] {logging_mixin.py:109} INFO - [2022-03-23 19:00:47,323] {dagbag.py:500} INFO - Filling up the DagBag from /home/airflow/env/lib/python3.8/site-packages/airflow/example_dags/tutorial_taskflow_api_etl.py
[2022-03-23 19:00:47,352] {processor.py:654} INFO - DAG(s) dict_keys(['tutorial_taskflow_api_etl']) retrieved from /home/airflow/env/lib/python3.8/site-packages/airflow/example_dags/tutorial_taskflow_api_etl.py
[2022-03-23 19:00:47,670] {logging_mixin.py:109} INFO - [2022-03-23 19:00:47,670] {dag.py:2396} INFO - Sync 1 DAGs
[2022-03-23 19:00:47,686] {logging_mixin.py:109} INFO - [2022-03-23 19:00:47,686] {dag.py:2935} INFO - Setting next_dagrun for tutorial_taskflow_api_etl to None
[2022-03-23 19:00:47,701] {processor.py:171} INFO - Processing /home/airflow/env/lib/python3.8/site-packages/airflow/example_dags/tutorial_taskflow_api_etl.py took 0.383 seconds
[2022-03-23 19:01:24,113] {processor.py:163} INFO - Started process (PID=8461) to work on /home/airflow/env/lib/python3.8/site-packages/airflow/example_dags/tutorial_taskflow_api_etl.py
[2022-03-23 19:01:24,115] {processor.py:642} INFO - Processing file /home/airflow/env/lib/python3.8/site-packages/airflow/example_dags/tutorial_taskflow_api_etl.py for tasks to queue
[2022-03-23 19:01:24,116] {logging_mixin.py:109} INFO - [2022-03-23 19:01:24,116] {dagbag.py:500} INFO - Filling up the DagBag from /home/airflow/env/lib/python3.8/site-packages/airflow/example_dags/tutorial_taskflow_api_etl.py
[2022-03-23 19:01:24,141] {processor.py:654} INFO - DAG(s) dict_keys(['tutorial_taskflow_api_etl']) retrieved from /home/airflow/env/lib/python3.8/site-packages/airflow/example_dags/tutorial_taskflow_api_etl.py
[2022-03-23 19:01:24,403] {logging_mixin.py:109} INFO - [2022-03-23 19:01:24,403] {dag.py:2396} INFO - Sync 1 DAGs
[2022-03-23 19:01:24,413] {logging_mixin.py:109} INFO - [2022-03-23 19:01:24,413] {dag.py:2935} INFO - Setting next_dagrun for tutorial_taskflow_api_etl to None
[2022-03-23 19:01:24,430] {processor.py:171} INFO - Processing /home/airflow/env/lib/python3.8/site-packages/airflow/example_dags/tutorial_taskflow_api_etl.py took 0.320 seconds
[2022-03-23 19:01:58,358] {processor.py:163} INFO - Started process (PID=8544) to work on /home/airflow/env/lib/python3.8/site-packages/airflow/example_dags/tutorial_taskflow_api_etl.py
[2022-03-23 19:01:58,359] {processor.py:642} INFO - Processing file /home/airflow/env/lib/python3.8/site-packages/airflow/example_dags/tutorial_taskflow_api_etl.py for tasks to queue
[2022-03-23 19:01:58,359] {logging_mixin.py:109} INFO - [2022-03-23 19:01:58,359] {dagbag.py:500} INFO - Filling up the DagBag from /home/airflow/env/lib/python3.8/site-packages/airflow/example_dags/tutorial_taskflow_api_etl.py
[2022-03-23 19:01:58,384] {processor.py:654} INFO - DAG(s) dict_keys(['tutorial_taskflow_api_etl']) retrieved from /home/airflow/env/lib/python3.8/site-packages/airflow/example_dags/tutorial_taskflow_api_etl.py
[2022-03-23 19:01:58,608] {logging_mixin.py:109} INFO - [2022-03-23 19:01:58,608] {dag.py:2396} INFO - Sync 1 DAGs
[2022-03-23 19:01:58,621] {logging_mixin.py:109} INFO - [2022-03-23 19:01:58,621] {dag.py:2935} INFO - Setting next_dagrun for tutorial_taskflow_api_etl to None
[2022-03-23 19:01:58,638] {processor.py:171} INFO - Processing /home/airflow/env/lib/python3.8/site-packages/airflow/example_dags/tutorial_taskflow_api_etl.py took 0.283 seconds
[2022-03-23 19:02:36,140] {processor.py:163} INFO - Started process (PID=8622) to work on /home/airflow/env/lib/python3.8/site-packages/airflow/example_dags/tutorial_taskflow_api_etl.py
[2022-03-23 19:02:36,142] {processor.py:642} INFO - Processing file /home/airflow/env/lib/python3.8/site-packages/airflow/example_dags/tutorial_taskflow_api_etl.py for tasks to queue
[2022-03-23 19:02:36,142] {logging_mixin.py:109} INFO - [2022-03-23 19:02:36,142] {dagbag.py:500} INFO - Filling up the DagBag from /home/airflow/env/lib/python3.8/site-packages/airflow/example_dags/tutorial_taskflow_api_etl.py
[2022-03-23 19:02:36,274] {processor.py:654} INFO - DAG(s) dict_keys(['tutorial_taskflow_api_etl']) retrieved from /home/airflow/env/lib/python3.8/site-packages/airflow/example_dags/tutorial_taskflow_api_etl.py
[2022-03-23 19:02:36,547] {logging_mixin.py:109} INFO - [2022-03-23 19:02:36,547] {dag.py:2396} INFO - Sync 1 DAGs
[2022-03-23 19:02:36,557] {logging_mixin.py:109} INFO - [2022-03-23 19:02:36,557] {dag.py:2935} INFO - Setting next_dagrun for tutorial_taskflow_api_etl to None
[2022-03-23 19:02:36,575] {processor.py:171} INFO - Processing /home/airflow/env/lib/python3.8/site-packages/airflow/example_dags/tutorial_taskflow_api_etl.py took 0.438 seconds
[2022-03-23 19:03:12,822] {processor.py:163} INFO - Started process (PID=8743) to work on /home/airflow/env/lib/python3.8/site-packages/airflow/example_dags/tutorial_taskflow_api_etl.py
[2022-03-23 19:03:12,823] {processor.py:642} INFO - Processing file /home/airflow/env/lib/python3.8/site-packages/airflow/example_dags/tutorial_taskflow_api_etl.py for tasks to queue
[2022-03-23 19:03:12,824] {logging_mixin.py:109} INFO - [2022-03-23 19:03:12,824] {dagbag.py:500} INFO - Filling up the DagBag from /home/airflow/env/lib/python3.8/site-packages/airflow/example_dags/tutorial_taskflow_api_etl.py
[2022-03-23 19:03:12,844] {processor.py:654} INFO - DAG(s) dict_keys(['tutorial_taskflow_api_etl']) retrieved from /home/airflow/env/lib/python3.8/site-packages/airflow/example_dags/tutorial_taskflow_api_etl.py
[2022-03-23 19:03:13,079] {logging_mixin.py:109} INFO - [2022-03-23 19:03:13,079] {dag.py:2396} INFO - Sync 1 DAGs
[2022-03-23 19:03:13,088] {logging_mixin.py:109} INFO - [2022-03-23 19:03:13,088] {dag.py:2935} INFO - Setting next_dagrun for tutorial_taskflow_api_etl to None
[2022-03-23 19:03:13,107] {processor.py:171} INFO - Processing /home/airflow/env/lib/python3.8/site-packages/airflow/example_dags/tutorial_taskflow_api_etl.py took 0.287 seconds
[2022-03-23 19:03:46,203] {processor.py:163} INFO - Started process (PID=8873) to work on /home/airflow/env/lib/python3.8/site-packages/airflow/example_dags/tutorial_taskflow_api_etl.py
[2022-03-23 19:03:46,218] {processor.py:642} INFO - Processing file /home/airflow/env/lib/python3.8/site-packages/airflow/example_dags/tutorial_taskflow_api_etl.py for tasks to queue
[2022-03-23 19:03:46,219] {logging_mixin.py:109} INFO - [2022-03-23 19:03:46,219] {dagbag.py:500} INFO - Filling up the DagBag from /home/airflow/env/lib/python3.8/site-packages/airflow/example_dags/tutorial_taskflow_api_etl.py
[2022-03-23 19:03:46,388] {processor.py:654} INFO - DAG(s) dict_keys(['tutorial_taskflow_api_etl']) retrieved from /home/airflow/env/lib/python3.8/site-packages/airflow/example_dags/tutorial_taskflow_api_etl.py
[2022-03-23 19:03:47,076] {logging_mixin.py:109} INFO - [2022-03-23 19:03:47,076] {dag.py:2396} INFO - Sync 1 DAGs
[2022-03-23 19:03:47,103] {logging_mixin.py:109} INFO - [2022-03-23 19:03:47,103] {dag.py:2935} INFO - Setting next_dagrun for tutorial_taskflow_api_etl to None
[2022-03-23 19:03:47,134] {processor.py:171} INFO - Processing /home/airflow/env/lib/python3.8/site-packages/airflow/example_dags/tutorial_taskflow_api_etl.py took 0.973 seconds
[2022-03-23 19:04:25,355] {processor.py:163} INFO - Started process (PID=9025) to work on /home/airflow/env/lib/python3.8/site-packages/airflow/example_dags/tutorial_taskflow_api_etl.py
[2022-03-23 19:04:25,363] {processor.py:642} INFO - Processing file /home/airflow/env/lib/python3.8/site-packages/airflow/example_dags/tutorial_taskflow_api_etl.py for tasks to queue
[2022-03-23 19:04:25,364] {logging_mixin.py:109} INFO - [2022-03-23 19:04:25,364] {dagbag.py:500} INFO - Filling up the DagBag from /home/airflow/env/lib/python3.8/site-packages/airflow/example_dags/tutorial_taskflow_api_etl.py
[2022-03-23 19:04:25,415] {processor.py:654} INFO - DAG(s) dict_keys(['tutorial_taskflow_api_etl']) retrieved from /home/airflow/env/lib/python3.8/site-packages/airflow/example_dags/tutorial_taskflow_api_etl.py
[2022-03-23 19:04:25,864] {logging_mixin.py:109} INFO - [2022-03-23 19:04:25,864] {dag.py:2396} INFO - Sync 1 DAGs
[2022-03-23 19:04:25,887] {logging_mixin.py:109} INFO - [2022-03-23 19:04:25,887] {dag.py:2935} INFO - Setting next_dagrun for tutorial_taskflow_api_etl to None
[2022-03-23 19:04:26,028] {processor.py:171} INFO - Processing /home/airflow/env/lib/python3.8/site-packages/airflow/example_dags/tutorial_taskflow_api_etl.py took 0.680 seconds
[2022-03-23 19:05:10,366] {processor.py:163} INFO - Started process (PID=9080) to work on /home/airflow/env/lib/python3.8/site-packages/airflow/example_dags/tutorial_taskflow_api_etl.py
[2022-03-23 19:05:10,370] {processor.py:642} INFO - Processing file /home/airflow/env/lib/python3.8/site-packages/airflow/example_dags/tutorial_taskflow_api_etl.py for tasks to queue
[2022-03-23 19:05:10,372] {logging_mixin.py:109} INFO - [2022-03-23 19:05:10,372] {dagbag.py:500} INFO - Filling up the DagBag from /home/airflow/env/lib/python3.8/site-packages/airflow/example_dags/tutorial_taskflow_api_etl.py
[2022-03-23 19:05:10,498] {processor.py:654} INFO - DAG(s) dict_keys(['tutorial_taskflow_api_etl']) retrieved from /home/airflow/env/lib/python3.8/site-packages/airflow/example_dags/tutorial_taskflow_api_etl.py
[2022-03-23 19:05:11,407] {logging_mixin.py:109} INFO - [2022-03-23 19:05:11,407] {dag.py:2396} INFO - Sync 1 DAGs
[2022-03-23 19:05:11,452] {logging_mixin.py:109} INFO - [2022-03-23 19:05:11,452] {dag.py:2935} INFO - Setting next_dagrun for tutorial_taskflow_api_etl to None
[2022-03-23 19:05:11,492] {processor.py:171} INFO - Processing /home/airflow/env/lib/python3.8/site-packages/airflow/example_dags/tutorial_taskflow_api_etl.py took 1.142 seconds
[2022-03-23 19:05:47,065] {processor.py:163} INFO - Started process (PID=9179) to work on /home/airflow/env/lib/python3.8/site-packages/airflow/example_dags/tutorial_taskflow_api_etl.py
[2022-03-23 19:05:47,083] {processor.py:642} INFO - Processing file /home/airflow/env/lib/python3.8/site-packages/airflow/example_dags/tutorial_taskflow_api_etl.py for tasks to queue
[2022-03-23 19:05:47,084] {logging_mixin.py:109} INFO - [2022-03-23 19:05:47,084] {dagbag.py:500} INFO - Filling up the DagBag from /home/airflow/env/lib/python3.8/site-packages/airflow/example_dags/tutorial_taskflow_api_etl.py
[2022-03-23 19:05:47,134] {processor.py:654} INFO - DAG(s) dict_keys(['tutorial_taskflow_api_etl']) retrieved from /home/airflow/env/lib/python3.8/site-packages/airflow/example_dags/tutorial_taskflow_api_etl.py
[2022-03-23 19:05:48,338] {logging_mixin.py:109} INFO - [2022-03-23 19:05:48,338] {dag.py:2396} INFO - Sync 1 DAGs
[2022-03-23 19:05:48,407] {logging_mixin.py:109} INFO - [2022-03-23 19:05:48,407] {dag.py:2935} INFO - Setting next_dagrun for tutorial_taskflow_api_etl to None
[2022-03-23 19:05:48,494] {processor.py:171} INFO - Processing /home/airflow/env/lib/python3.8/site-packages/airflow/example_dags/tutorial_taskflow_api_etl.py took 1.434 seconds
[2022-03-23 19:06:23,504] {processor.py:163} INFO - Started process (PID=9215) to work on /home/airflow/env/lib/python3.8/site-packages/airflow/example_dags/tutorial_taskflow_api_etl.py
[2022-03-23 19:06:23,505] {processor.py:642} INFO - Processing file /home/airflow/env/lib/python3.8/site-packages/airflow/example_dags/tutorial_taskflow_api_etl.py for tasks to queue
[2022-03-23 19:06:23,506] {logging_mixin.py:109} INFO - [2022-03-23 19:06:23,506] {dagbag.py:500} INFO - Filling up the DagBag from /home/airflow/env/lib/python3.8/site-packages/airflow/example_dags/tutorial_taskflow_api_etl.py
[2022-03-23 19:06:23,527] {processor.py:654} INFO - DAG(s) dict_keys(['tutorial_taskflow_api_etl']) retrieved from /home/airflow/env/lib/python3.8/site-packages/airflow/example_dags/tutorial_taskflow_api_etl.py
[2022-03-23 19:06:23,721] {logging_mixin.py:109} INFO - [2022-03-23 19:06:23,721] {dag.py:2396} INFO - Sync 1 DAGs
[2022-03-23 19:06:23,731] {logging_mixin.py:109} INFO - [2022-03-23 19:06:23,731] {dag.py:2935} INFO - Setting next_dagrun for tutorial_taskflow_api_etl to None
[2022-03-23 19:06:23,749] {processor.py:171} INFO - Processing /home/airflow/env/lib/python3.8/site-packages/airflow/example_dags/tutorial_taskflow_api_etl.py took 0.248 seconds
[2022-03-23 19:06:57,293] {processor.py:163} INFO - Started process (PID=9248) to work on /home/airflow/env/lib/python3.8/site-packages/airflow/example_dags/tutorial_taskflow_api_etl.py
[2022-03-23 19:06:57,294] {processor.py:642} INFO - Processing file /home/airflow/env/lib/python3.8/site-packages/airflow/example_dags/tutorial_taskflow_api_etl.py for tasks to queue
[2022-03-23 19:06:57,294] {logging_mixin.py:109} INFO - [2022-03-23 19:06:57,294] {dagbag.py:500} INFO - Filling up the DagBag from /home/airflow/env/lib/python3.8/site-packages/airflow/example_dags/tutorial_taskflow_api_etl.py
[2022-03-23 19:06:57,314] {processor.py:654} INFO - DAG(s) dict_keys(['tutorial_taskflow_api_etl']) retrieved from /home/airflow/env/lib/python3.8/site-packages/airflow/example_dags/tutorial_taskflow_api_etl.py
[2022-03-23 19:06:57,512] {logging_mixin.py:109} INFO - [2022-03-23 19:06:57,512] {dag.py:2396} INFO - Sync 1 DAGs
[2022-03-23 19:06:57,521] {logging_mixin.py:109} INFO - [2022-03-23 19:06:57,521] {dag.py:2935} INFO - Setting next_dagrun for tutorial_taskflow_api_etl to None
[2022-03-23 19:06:57,542] {processor.py:171} INFO - Processing /home/airflow/env/lib/python3.8/site-packages/airflow/example_dags/tutorial_taskflow_api_etl.py took 0.251 seconds
[2022-03-23 19:07:32,588] {processor.py:163} INFO - Started process (PID=9283) to work on /home/airflow/env/lib/python3.8/site-packages/airflow/example_dags/tutorial_taskflow_api_etl.py
[2022-03-23 19:07:32,590] {processor.py:642} INFO - Processing file /home/airflow/env/lib/python3.8/site-packages/airflow/example_dags/tutorial_taskflow_api_etl.py for tasks to queue
[2022-03-23 19:07:32,590] {logging_mixin.py:109} INFO - [2022-03-23 19:07:32,590] {dagbag.py:500} INFO - Filling up the DagBag from /home/airflow/env/lib/python3.8/site-packages/airflow/example_dags/tutorial_taskflow_api_etl.py
[2022-03-23 19:07:32,617] {processor.py:654} INFO - DAG(s) dict_keys(['tutorial_taskflow_api_etl']) retrieved from /home/airflow/env/lib/python3.8/site-packages/airflow/example_dags/tutorial_taskflow_api_etl.py
[2022-03-23 19:07:32,912] {logging_mixin.py:109} INFO - [2022-03-23 19:07:32,912] {dag.py:2396} INFO - Sync 1 DAGs
[2022-03-23 19:07:32,921] {logging_mixin.py:109} INFO - [2022-03-23 19:07:32,921] {dag.py:2935} INFO - Setting next_dagrun for tutorial_taskflow_api_etl to None
[2022-03-23 19:07:32,935] {processor.py:171} INFO - Processing /home/airflow/env/lib/python3.8/site-packages/airflow/example_dags/tutorial_taskflow_api_etl.py took 0.350 seconds
[2022-03-23 19:08:05,850] {processor.py:163} INFO - Started process (PID=9316) to work on /home/airflow/env/lib/python3.8/site-packages/airflow/example_dags/tutorial_taskflow_api_etl.py
[2022-03-23 19:08:05,852] {processor.py:642} INFO - Processing file /home/airflow/env/lib/python3.8/site-packages/airflow/example_dags/tutorial_taskflow_api_etl.py for tasks to queue
[2022-03-23 19:08:05,852] {logging_mixin.py:109} INFO - [2022-03-23 19:08:05,852] {dagbag.py:500} INFO - Filling up the DagBag from /home/airflow/env/lib/python3.8/site-packages/airflow/example_dags/tutorial_taskflow_api_etl.py
[2022-03-23 19:08:05,873] {processor.py:654} INFO - DAG(s) dict_keys(['tutorial_taskflow_api_etl']) retrieved from /home/airflow/env/lib/python3.8/site-packages/airflow/example_dags/tutorial_taskflow_api_etl.py
[2022-03-23 19:08:06,106] {logging_mixin.py:109} INFO - [2022-03-23 19:08:06,106] {dag.py:2396} INFO - Sync 1 DAGs
[2022-03-23 19:08:06,117] {logging_mixin.py:109} INFO - [2022-03-23 19:08:06,117] {dag.py:2935} INFO - Setting next_dagrun for tutorial_taskflow_api_etl to None
[2022-03-23 19:08:06,135] {processor.py:171} INFO - Processing /home/airflow/env/lib/python3.8/site-packages/airflow/example_dags/tutorial_taskflow_api_etl.py took 0.287 seconds
[2022-03-23 19:08:40,934] {processor.py:163} INFO - Started process (PID=9350) to work on /home/airflow/env/lib/python3.8/site-packages/airflow/example_dags/tutorial_taskflow_api_etl.py
[2022-03-23 19:08:40,935] {processor.py:642} INFO - Processing file /home/airflow/env/lib/python3.8/site-packages/airflow/example_dags/tutorial_taskflow_api_etl.py for tasks to queue
[2022-03-23 19:08:40,936] {logging_mixin.py:109} INFO - [2022-03-23 19:08:40,936] {dagbag.py:500} INFO - Filling up the DagBag from /home/airflow/env/lib/python3.8/site-packages/airflow/example_dags/tutorial_taskflow_api_etl.py
[2022-03-23 19:08:40,957] {processor.py:654} INFO - DAG(s) dict_keys(['tutorial_taskflow_api_etl']) retrieved from /home/airflow/env/lib/python3.8/site-packages/airflow/example_dags/tutorial_taskflow_api_etl.py
[2022-03-23 19:08:41,185] {logging_mixin.py:109} INFO - [2022-03-23 19:08:41,184] {dag.py:2396} INFO - Sync 1 DAGs
[2022-03-23 19:08:41,195] {logging_mixin.py:109} INFO - [2022-03-23 19:08:41,195] {dag.py:2935} INFO - Setting next_dagrun for tutorial_taskflow_api_etl to None
[2022-03-23 19:08:41,214] {processor.py:171} INFO - Processing /home/airflow/env/lib/python3.8/site-packages/airflow/example_dags/tutorial_taskflow_api_etl.py took 0.283 seconds
[2022-03-23 19:09:23,026] {processor.py:163} INFO - Started process (PID=9387) to work on /home/airflow/env/lib/python3.8/site-packages/airflow/example_dags/tutorial_taskflow_api_etl.py
[2022-03-23 19:09:23,027] {processor.py:642} INFO - Processing file /home/airflow/env/lib/python3.8/site-packages/airflow/example_dags/tutorial_taskflow_api_etl.py for tasks to queue
[2022-03-23 19:09:23,028] {logging_mixin.py:109} INFO - [2022-03-23 19:09:23,028] {dagbag.py:500} INFO - Filling up the DagBag from /home/airflow/env/lib/python3.8/site-packages/airflow/example_dags/tutorial_taskflow_api_etl.py
[2022-03-23 19:09:23,058] {processor.py:654} INFO - DAG(s) dict_keys(['tutorial_taskflow_api_etl']) retrieved from /home/airflow/env/lib/python3.8/site-packages/airflow/example_dags/tutorial_taskflow_api_etl.py
[2022-03-23 19:09:23,310] {logging_mixin.py:109} INFO - [2022-03-23 19:09:23,310] {dag.py:2396} INFO - Sync 1 DAGs
[2022-03-23 19:09:23,325] {logging_mixin.py:109} INFO - [2022-03-23 19:09:23,325] {dag.py:2935} INFO - Setting next_dagrun for tutorial_taskflow_api_etl to None
[2022-03-23 19:09:23,349] {processor.py:171} INFO - Processing /home/airflow/env/lib/python3.8/site-packages/airflow/example_dags/tutorial_taskflow_api_etl.py took 0.328 seconds
[2022-03-23 19:09:58,304] {processor.py:163} INFO - Started process (PID=9420) to work on /home/airflow/env/lib/python3.8/site-packages/airflow/example_dags/tutorial_taskflow_api_etl.py
[2022-03-23 19:09:58,305] {processor.py:642} INFO - Processing file /home/airflow/env/lib/python3.8/site-packages/airflow/example_dags/tutorial_taskflow_api_etl.py for tasks to queue
[2022-03-23 19:09:58,306] {logging_mixin.py:109} INFO - [2022-03-23 19:09:58,306] {dagbag.py:500} INFO - Filling up the DagBag from /home/airflow/env/lib/python3.8/site-packages/airflow/example_dags/tutorial_taskflow_api_etl.py
[2022-03-23 19:09:58,329] {processor.py:654} INFO - DAG(s) dict_keys(['tutorial_taskflow_api_etl']) retrieved from /home/airflow/env/lib/python3.8/site-packages/airflow/example_dags/tutorial_taskflow_api_etl.py
[2022-03-23 19:09:58,548] {logging_mixin.py:109} INFO - [2022-03-23 19:09:58,548] {dag.py:2396} INFO - Sync 1 DAGs
[2022-03-23 19:09:58,559] {logging_mixin.py:109} INFO - [2022-03-23 19:09:58,559] {dag.py:2935} INFO - Setting next_dagrun for tutorial_taskflow_api_etl to None
[2022-03-23 19:09:58,579] {processor.py:171} INFO - Processing /home/airflow/env/lib/python3.8/site-packages/airflow/example_dags/tutorial_taskflow_api_etl.py took 0.278 seconds
[2022-03-23 19:10:30,887] {processor.py:163} INFO - Started process (PID=9453) to work on /home/airflow/env/lib/python3.8/site-packages/airflow/example_dags/tutorial_taskflow_api_etl.py
[2022-03-23 19:10:30,889] {processor.py:642} INFO - Processing file /home/airflow/env/lib/python3.8/site-packages/airflow/example_dags/tutorial_taskflow_api_etl.py for tasks to queue
[2022-03-23 19:10:30,890] {logging_mixin.py:109} INFO - [2022-03-23 19:10:30,890] {dagbag.py:500} INFO - Filling up the DagBag from /home/airflow/env/lib/python3.8/site-packages/airflow/example_dags/tutorial_taskflow_api_etl.py
[2022-03-23 19:10:30,922] {processor.py:654} INFO - DAG(s) dict_keys(['tutorial_taskflow_api_etl']) retrieved from /home/airflow/env/lib/python3.8/site-packages/airflow/example_dags/tutorial_taskflow_api_etl.py
[2022-03-23 19:10:31,224] {logging_mixin.py:109} INFO - [2022-03-23 19:10:31,224] {dag.py:2396} INFO - Sync 1 DAGs
[2022-03-23 19:10:31,238] {logging_mixin.py:109} INFO - [2022-03-23 19:10:31,238] {dag.py:2935} INFO - Setting next_dagrun for tutorial_taskflow_api_etl to None
[2022-03-23 19:10:31,256] {processor.py:171} INFO - Processing /home/airflow/env/lib/python3.8/site-packages/airflow/example_dags/tutorial_taskflow_api_etl.py took 0.371 seconds
[2022-03-23 19:11:09,398] {processor.py:163} INFO - Started process (PID=9547) to work on /home/airflow/env/lib/python3.8/site-packages/airflow/example_dags/tutorial_taskflow_api_etl.py
[2022-03-23 19:11:09,399] {processor.py:642} INFO - Processing file /home/airflow/env/lib/python3.8/site-packages/airflow/example_dags/tutorial_taskflow_api_etl.py for tasks to queue
[2022-03-23 19:11:09,400] {logging_mixin.py:109} INFO - [2022-03-23 19:11:09,400] {dagbag.py:500} INFO - Filling up the DagBag from /home/airflow/env/lib/python3.8/site-packages/airflow/example_dags/tutorial_taskflow_api_etl.py
[2022-03-23 19:11:09,420] {processor.py:654} INFO - DAG(s) dict_keys(['tutorial_taskflow_api_etl']) retrieved from /home/airflow/env/lib/python3.8/site-packages/airflow/example_dags/tutorial_taskflow_api_etl.py
[2022-03-23 19:11:09,626] {logging_mixin.py:109} INFO - [2022-03-23 19:11:09,626] {dag.py:2396} INFO - Sync 1 DAGs
[2022-03-23 19:11:09,636] {logging_mixin.py:109} INFO - [2022-03-23 19:11:09,636] {dag.py:2935} INFO - Setting next_dagrun for tutorial_taskflow_api_etl to None
[2022-03-23 19:11:09,654] {processor.py:171} INFO - Processing /home/airflow/env/lib/python3.8/site-packages/airflow/example_dags/tutorial_taskflow_api_etl.py took 0.258 seconds
[2022-03-23 19:11:42,671] {processor.py:163} INFO - Started process (PID=9579) to work on /home/airflow/env/lib/python3.8/site-packages/airflow/example_dags/tutorial_taskflow_api_etl.py
[2022-03-23 19:11:42,672] {processor.py:642} INFO - Processing file /home/airflow/env/lib/python3.8/site-packages/airflow/example_dags/tutorial_taskflow_api_etl.py for tasks to queue
[2022-03-23 19:11:42,673] {logging_mixin.py:109} INFO - [2022-03-23 19:11:42,673] {dagbag.py:500} INFO - Filling up the DagBag from /home/airflow/env/lib/python3.8/site-packages/airflow/example_dags/tutorial_taskflow_api_etl.py
[2022-03-23 19:11:42,695] {processor.py:654} INFO - DAG(s) dict_keys(['tutorial_taskflow_api_etl']) retrieved from /home/airflow/env/lib/python3.8/site-packages/airflow/example_dags/tutorial_taskflow_api_etl.py
[2022-03-23 19:11:42,896] {logging_mixin.py:109} INFO - [2022-03-23 19:11:42,896] {dag.py:2396} INFO - Sync 1 DAGs
[2022-03-23 19:11:42,906] {logging_mixin.py:109} INFO - [2022-03-23 19:11:42,906] {dag.py:2935} INFO - Setting next_dagrun for tutorial_taskflow_api_etl to None
[2022-03-23 19:11:42,926] {processor.py:171} INFO - Processing /home/airflow/env/lib/python3.8/site-packages/airflow/example_dags/tutorial_taskflow_api_etl.py took 0.257 seconds
[2022-03-23 19:12:17,075] {processor.py:163} INFO - Started process (PID=9676) to work on /home/airflow/env/lib/python3.8/site-packages/airflow/example_dags/tutorial_taskflow_api_etl.py
[2022-03-23 19:12:17,076] {processor.py:642} INFO - Processing file /home/airflow/env/lib/python3.8/site-packages/airflow/example_dags/tutorial_taskflow_api_etl.py for tasks to queue
[2022-03-23 19:12:17,077] {logging_mixin.py:109} INFO - [2022-03-23 19:12:17,077] {dagbag.py:500} INFO - Filling up the DagBag from /home/airflow/env/lib/python3.8/site-packages/airflow/example_dags/tutorial_taskflow_api_etl.py
[2022-03-23 19:12:17,098] {processor.py:654} INFO - DAG(s) dict_keys(['tutorial_taskflow_api_etl']) retrieved from /home/airflow/env/lib/python3.8/site-packages/airflow/example_dags/tutorial_taskflow_api_etl.py
[2022-03-23 19:12:17,296] {logging_mixin.py:109} INFO - [2022-03-23 19:12:17,296] {dag.py:2396} INFO - Sync 1 DAGs
[2022-03-23 19:12:17,305] {logging_mixin.py:109} INFO - [2022-03-23 19:12:17,305] {dag.py:2935} INFO - Setting next_dagrun for tutorial_taskflow_api_etl to None
[2022-03-23 19:12:17,326] {processor.py:171} INFO - Processing /home/airflow/env/lib/python3.8/site-packages/airflow/example_dags/tutorial_taskflow_api_etl.py took 0.253 seconds
[2022-03-23 19:12:52,265] {processor.py:163} INFO - Started process (PID=9814) to work on /home/airflow/env/lib/python3.8/site-packages/airflow/example_dags/tutorial_taskflow_api_etl.py
[2022-03-23 19:12:52,267] {processor.py:642} INFO - Processing file /home/airflow/env/lib/python3.8/site-packages/airflow/example_dags/tutorial_taskflow_api_etl.py for tasks to queue
[2022-03-23 19:12:52,267] {logging_mixin.py:109} INFO - [2022-03-23 19:12:52,267] {dagbag.py:500} INFO - Filling up the DagBag from /home/airflow/env/lib/python3.8/site-packages/airflow/example_dags/tutorial_taskflow_api_etl.py
[2022-03-23 19:12:52,289] {processor.py:654} INFO - DAG(s) dict_keys(['tutorial_taskflow_api_etl']) retrieved from /home/airflow/env/lib/python3.8/site-packages/airflow/example_dags/tutorial_taskflow_api_etl.py
[2022-03-23 19:12:52,496] {logging_mixin.py:109} INFO - [2022-03-23 19:12:52,495] {dag.py:2396} INFO - Sync 1 DAGs
[2022-03-23 19:12:52,507] {logging_mixin.py:109} INFO - [2022-03-23 19:12:52,507] {dag.py:2935} INFO - Setting next_dagrun for tutorial_taskflow_api_etl to None
[2022-03-23 19:12:52,526] {processor.py:171} INFO - Processing /home/airflow/env/lib/python3.8/site-packages/airflow/example_dags/tutorial_taskflow_api_etl.py took 0.263 seconds
[2022-03-23 19:13:28,534] {processor.py:163} INFO - Started process (PID=10030) to work on /home/airflow/env/lib/python3.8/site-packages/airflow/example_dags/tutorial_taskflow_api_etl.py
[2022-03-23 19:13:28,535] {processor.py:642} INFO - Processing file /home/airflow/env/lib/python3.8/site-packages/airflow/example_dags/tutorial_taskflow_api_etl.py for tasks to queue
[2022-03-23 19:13:28,535] {logging_mixin.py:109} INFO - [2022-03-23 19:13:28,535] {dagbag.py:500} INFO - Filling up the DagBag from /home/airflow/env/lib/python3.8/site-packages/airflow/example_dags/tutorial_taskflow_api_etl.py
[2022-03-23 19:13:28,556] {processor.py:654} INFO - DAG(s) dict_keys(['tutorial_taskflow_api_etl']) retrieved from /home/airflow/env/lib/python3.8/site-packages/airflow/example_dags/tutorial_taskflow_api_etl.py
[2022-03-23 19:13:28,743] {logging_mixin.py:109} INFO - [2022-03-23 19:13:28,743] {dag.py:2396} INFO - Sync 1 DAGs
[2022-03-23 19:13:28,752] {logging_mixin.py:109} INFO - [2022-03-23 19:13:28,752] {dag.py:2935} INFO - Setting next_dagrun for tutorial_taskflow_api_etl to None
[2022-03-23 19:13:28,773] {processor.py:171} INFO - Processing /home/airflow/env/lib/python3.8/site-packages/airflow/example_dags/tutorial_taskflow_api_etl.py took 0.241 seconds
[2022-03-23 19:14:03,495] {processor.py:163} INFO - Started process (PID=10122) to work on /home/airflow/env/lib/python3.8/site-packages/airflow/example_dags/tutorial_taskflow_api_etl.py
[2022-03-23 19:14:03,496] {processor.py:642} INFO - Processing file /home/airflow/env/lib/python3.8/site-packages/airflow/example_dags/tutorial_taskflow_api_etl.py for tasks to queue
[2022-03-23 19:14:03,497] {logging_mixin.py:109} INFO - [2022-03-23 19:14:03,497] {dagbag.py:500} INFO - Filling up the DagBag from /home/airflow/env/lib/python3.8/site-packages/airflow/example_dags/tutorial_taskflow_api_etl.py
[2022-03-23 19:14:03,516] {processor.py:654} INFO - DAG(s) dict_keys(['tutorial_taskflow_api_etl']) retrieved from /home/airflow/env/lib/python3.8/site-packages/airflow/example_dags/tutorial_taskflow_api_etl.py
[2022-03-23 19:14:03,709] {logging_mixin.py:109} INFO - [2022-03-23 19:14:03,709] {dag.py:2396} INFO - Sync 1 DAGs
[2022-03-23 19:14:03,719] {logging_mixin.py:109} INFO - [2022-03-23 19:14:03,718] {dag.py:2935} INFO - Setting next_dagrun for tutorial_taskflow_api_etl to None
[2022-03-23 19:14:03,733] {processor.py:171} INFO - Processing /home/airflow/env/lib/python3.8/site-packages/airflow/example_dags/tutorial_taskflow_api_etl.py took 0.240 seconds
