[2022-04-11 16:42:01,525] {processor.py:163} INFO - Started process (PID=9917) to work on /home/airflow/airflow/env/lib/python3.8/site-packages/airflow/example_dags/example_kubernetes_executor.py
[2022-04-11 16:42:01,526] {processor.py:642} INFO - Processing file /home/airflow/airflow/env/lib/python3.8/site-packages/airflow/example_dags/example_kubernetes_executor.py for tasks to queue
[2022-04-11 16:42:01,526] {logging_mixin.py:109} INFO - [2022-04-11 16:42:01,526] {dagbag.py:500} INFO - Filling up the DagBag from /home/airflow/airflow/env/lib/python3.8/site-packages/airflow/example_dags/example_kubernetes_executor.py
[2022-04-11 16:42:01,533] {logging_mixin.py:109} INFO - [2022-04-11 16:42:01,533] {example_kubernetes_executor.py:38} WARNING - The example_kubernetes_executor example DAG requires the kubernetes provider. Please install it with: pip install apache-airflow[cncf.kubernetes]
[2022-04-11 16:42:01,539] {processor.py:656} WARNING - No viable dags retrieved from /home/airflow/airflow/env/lib/python3.8/site-packages/airflow/example_dags/example_kubernetes_executor.py
[2022-04-11 16:42:01,541] {processor.py:171} INFO - Processing /home/airflow/airflow/env/lib/python3.8/site-packages/airflow/example_dags/example_kubernetes_executor.py took 0.018 seconds
[2022-04-11 16:42:37,845] {processor.py:163} INFO - Started process (PID=10035) to work on /home/airflow/airflow/env/lib/python3.8/site-packages/airflow/example_dags/example_kubernetes_executor.py
[2022-04-11 16:42:37,847] {processor.py:642} INFO - Processing file /home/airflow/airflow/env/lib/python3.8/site-packages/airflow/example_dags/example_kubernetes_executor.py for tasks to queue
[2022-04-11 16:42:37,848] {logging_mixin.py:109} INFO - [2022-04-11 16:42:37,847] {dagbag.py:500} INFO - Filling up the DagBag from /home/airflow/airflow/env/lib/python3.8/site-packages/airflow/example_dags/example_kubernetes_executor.py
[2022-04-11 16:42:37,860] {logging_mixin.py:109} INFO - [2022-04-11 16:42:37,860] {example_kubernetes_executor.py:38} WARNING - The example_kubernetes_executor example DAG requires the kubernetes provider. Please install it with: pip install apache-airflow[cncf.kubernetes]
[2022-04-11 16:42:37,869] {processor.py:656} WARNING - No viable dags retrieved from /home/airflow/airflow/env/lib/python3.8/site-packages/airflow/example_dags/example_kubernetes_executor.py
[2022-04-11 16:42:37,871] {processor.py:171} INFO - Processing /home/airflow/airflow/env/lib/python3.8/site-packages/airflow/example_dags/example_kubernetes_executor.py took 0.029 seconds
[2022-04-11 16:43:17,633] {processor.py:163} INFO - Started process (PID=10232) to work on /home/airflow/airflow/env/lib/python3.8/site-packages/airflow/example_dags/example_kubernetes_executor.py
[2022-04-11 16:43:17,635] {processor.py:642} INFO - Processing file /home/airflow/airflow/env/lib/python3.8/site-packages/airflow/example_dags/example_kubernetes_executor.py for tasks to queue
[2022-04-11 16:43:17,635] {logging_mixin.py:109} INFO - [2022-04-11 16:43:17,635] {dagbag.py:500} INFO - Filling up the DagBag from /home/airflow/airflow/env/lib/python3.8/site-packages/airflow/example_dags/example_kubernetes_executor.py
[2022-04-11 16:43:17,646] {logging_mixin.py:109} INFO - [2022-04-11 16:43:17,646] {example_kubernetes_executor.py:38} WARNING - The example_kubernetes_executor example DAG requires the kubernetes provider. Please install it with: pip install apache-airflow[cncf.kubernetes]
[2022-04-11 16:43:17,655] {processor.py:656} WARNING - No viable dags retrieved from /home/airflow/airflow/env/lib/python3.8/site-packages/airflow/example_dags/example_kubernetes_executor.py
[2022-04-11 16:43:17,657] {processor.py:171} INFO - Processing /home/airflow/airflow/env/lib/python3.8/site-packages/airflow/example_dags/example_kubernetes_executor.py took 0.026 seconds
[2022-04-11 16:43:56,949] {processor.py:163} INFO - Started process (PID=10402) to work on /home/airflow/airflow/env/lib/python3.8/site-packages/airflow/example_dags/example_kubernetes_executor.py
[2022-04-11 16:43:56,950] {processor.py:642} INFO - Processing file /home/airflow/airflow/env/lib/python3.8/site-packages/airflow/example_dags/example_kubernetes_executor.py for tasks to queue
[2022-04-11 16:43:56,950] {logging_mixin.py:109} INFO - [2022-04-11 16:43:56,950] {dagbag.py:500} INFO - Filling up the DagBag from /home/airflow/airflow/env/lib/python3.8/site-packages/airflow/example_dags/example_kubernetes_executor.py
[2022-04-11 16:43:56,958] {logging_mixin.py:109} INFO - [2022-04-11 16:43:56,958] {example_kubernetes_executor.py:38} WARNING - The example_kubernetes_executor example DAG requires the kubernetes provider. Please install it with: pip install apache-airflow[cncf.kubernetes]
[2022-04-11 16:43:56,965] {processor.py:656} WARNING - No viable dags retrieved from /home/airflow/airflow/env/lib/python3.8/site-packages/airflow/example_dags/example_kubernetes_executor.py
[2022-04-11 16:43:56,966] {processor.py:171} INFO - Processing /home/airflow/airflow/env/lib/python3.8/site-packages/airflow/example_dags/example_kubernetes_executor.py took 0.019 seconds
[2022-04-11 16:44:35,448] {processor.py:163} INFO - Started process (PID=10527) to work on /home/airflow/airflow/env/lib/python3.8/site-packages/airflow/example_dags/example_kubernetes_executor.py
[2022-04-11 16:44:35,449] {processor.py:642} INFO - Processing file /home/airflow/airflow/env/lib/python3.8/site-packages/airflow/example_dags/example_kubernetes_executor.py for tasks to queue
[2022-04-11 16:44:35,450] {logging_mixin.py:109} INFO - [2022-04-11 16:44:35,450] {dagbag.py:500} INFO - Filling up the DagBag from /home/airflow/airflow/env/lib/python3.8/site-packages/airflow/example_dags/example_kubernetes_executor.py
[2022-04-11 16:44:35,457] {logging_mixin.py:109} INFO - [2022-04-11 16:44:35,457] {example_kubernetes_executor.py:38} WARNING - The example_kubernetes_executor example DAG requires the kubernetes provider. Please install it with: pip install apache-airflow[cncf.kubernetes]
[2022-04-11 16:44:35,465] {processor.py:656} WARNING - No viable dags retrieved from /home/airflow/airflow/env/lib/python3.8/site-packages/airflow/example_dags/example_kubernetes_executor.py
[2022-04-11 16:44:35,466] {processor.py:171} INFO - Processing /home/airflow/airflow/env/lib/python3.8/site-packages/airflow/example_dags/example_kubernetes_executor.py took 0.021 seconds
[2022-04-11 16:45:16,992] {processor.py:163} INFO - Started process (PID=10726) to work on /home/airflow/airflow/env/lib/python3.8/site-packages/airflow/example_dags/example_kubernetes_executor.py
[2022-04-11 16:45:16,995] {processor.py:642} INFO - Processing file /home/airflow/airflow/env/lib/python3.8/site-packages/airflow/example_dags/example_kubernetes_executor.py for tasks to queue
[2022-04-11 16:45:16,995] {logging_mixin.py:109} INFO - [2022-04-11 16:45:16,995] {dagbag.py:500} INFO - Filling up the DagBag from /home/airflow/airflow/env/lib/python3.8/site-packages/airflow/example_dags/example_kubernetes_executor.py
[2022-04-11 16:45:17,013] {logging_mixin.py:109} INFO - [2022-04-11 16:45:17,013] {example_kubernetes_executor.py:38} WARNING - The example_kubernetes_executor example DAG requires the kubernetes provider. Please install it with: pip install apache-airflow[cncf.kubernetes]
[2022-04-11 16:45:17,058] {processor.py:656} WARNING - No viable dags retrieved from /home/airflow/airflow/env/lib/python3.8/site-packages/airflow/example_dags/example_kubernetes_executor.py
[2022-04-11 16:45:17,060] {processor.py:171} INFO - Processing /home/airflow/airflow/env/lib/python3.8/site-packages/airflow/example_dags/example_kubernetes_executor.py took 0.076 seconds
[2022-04-11 16:45:54,369] {processor.py:163} INFO - Started process (PID=10823) to work on /home/airflow/airflow/env/lib/python3.8/site-packages/airflow/example_dags/example_kubernetes_executor.py
[2022-04-11 16:45:54,372] {processor.py:642} INFO - Processing file /home/airflow/airflow/env/lib/python3.8/site-packages/airflow/example_dags/example_kubernetes_executor.py for tasks to queue
[2022-04-11 16:45:54,373] {logging_mixin.py:109} INFO - [2022-04-11 16:45:54,373] {dagbag.py:500} INFO - Filling up the DagBag from /home/airflow/airflow/env/lib/python3.8/site-packages/airflow/example_dags/example_kubernetes_executor.py
[2022-04-11 16:45:54,417] {logging_mixin.py:109} INFO - [2022-04-11 16:45:54,417] {example_kubernetes_executor.py:38} WARNING - The example_kubernetes_executor example DAG requires the kubernetes provider. Please install it with: pip install apache-airflow[cncf.kubernetes]
[2022-04-11 16:45:54,453] {processor.py:656} WARNING - No viable dags retrieved from /home/airflow/airflow/env/lib/python3.8/site-packages/airflow/example_dags/example_kubernetes_executor.py
[2022-04-11 16:45:54,467] {processor.py:171} INFO - Processing /home/airflow/airflow/env/lib/python3.8/site-packages/airflow/example_dags/example_kubernetes_executor.py took 0.106 seconds
[2022-04-11 16:46:36,519] {processor.py:163} INFO - Started process (PID=11013) to work on /home/airflow/airflow/env/lib/python3.8/site-packages/airflow/example_dags/example_kubernetes_executor.py
[2022-04-11 16:46:36,520] {processor.py:642} INFO - Processing file /home/airflow/airflow/env/lib/python3.8/site-packages/airflow/example_dags/example_kubernetes_executor.py for tasks to queue
[2022-04-11 16:46:36,521] {logging_mixin.py:109} INFO - [2022-04-11 16:46:36,521] {dagbag.py:500} INFO - Filling up the DagBag from /home/airflow/airflow/env/lib/python3.8/site-packages/airflow/example_dags/example_kubernetes_executor.py
[2022-04-11 16:46:36,536] {logging_mixin.py:109} INFO - [2022-04-11 16:46:36,536] {example_kubernetes_executor.py:38} WARNING - The example_kubernetes_executor example DAG requires the kubernetes provider. Please install it with: pip install apache-airflow[cncf.kubernetes]
[2022-04-11 16:46:36,548] {processor.py:656} WARNING - No viable dags retrieved from /home/airflow/airflow/env/lib/python3.8/site-packages/airflow/example_dags/example_kubernetes_executor.py
[2022-04-11 16:46:36,550] {processor.py:171} INFO - Processing /home/airflow/airflow/env/lib/python3.8/site-packages/airflow/example_dags/example_kubernetes_executor.py took 0.036 seconds
[2022-04-11 16:47:17,181] {processor.py:163} INFO - Started process (PID=11291) to work on /home/airflow/airflow/env/lib/python3.8/site-packages/airflow/example_dags/example_kubernetes_executor.py
[2022-04-11 16:47:17,182] {processor.py:642} INFO - Processing file /home/airflow/airflow/env/lib/python3.8/site-packages/airflow/example_dags/example_kubernetes_executor.py for tasks to queue
[2022-04-11 16:47:17,183] {logging_mixin.py:109} INFO - [2022-04-11 16:47:17,183] {dagbag.py:500} INFO - Filling up the DagBag from /home/airflow/airflow/env/lib/python3.8/site-packages/airflow/example_dags/example_kubernetes_executor.py
[2022-04-11 16:47:17,192] {logging_mixin.py:109} INFO - [2022-04-11 16:47:17,192] {example_kubernetes_executor.py:38} WARNING - The example_kubernetes_executor example DAG requires the kubernetes provider. Please install it with: pip install apache-airflow[cncf.kubernetes]
[2022-04-11 16:47:17,199] {processor.py:656} WARNING - No viable dags retrieved from /home/airflow/airflow/env/lib/python3.8/site-packages/airflow/example_dags/example_kubernetes_executor.py
[2022-04-11 16:47:17,202] {processor.py:171} INFO - Processing /home/airflow/airflow/env/lib/python3.8/site-packages/airflow/example_dags/example_kubernetes_executor.py took 0.023 seconds
[2022-04-11 16:47:58,485] {processor.py:163} INFO - Started process (PID=11521) to work on /home/airflow/airflow/env/lib/python3.8/site-packages/airflow/example_dags/example_kubernetes_executor.py
[2022-04-11 16:47:58,490] {processor.py:642} INFO - Processing file /home/airflow/airflow/env/lib/python3.8/site-packages/airflow/example_dags/example_kubernetes_executor.py for tasks to queue
[2022-04-11 16:47:58,491] {logging_mixin.py:109} INFO - [2022-04-11 16:47:58,491] {dagbag.py:500} INFO - Filling up the DagBag from /home/airflow/airflow/env/lib/python3.8/site-packages/airflow/example_dags/example_kubernetes_executor.py
[2022-04-11 16:47:58,509] {logging_mixin.py:109} INFO - [2022-04-11 16:47:58,509] {example_kubernetes_executor.py:38} WARNING - The example_kubernetes_executor example DAG requires the kubernetes provider. Please install it with: pip install apache-airflow[cncf.kubernetes]
[2022-04-11 16:47:58,530] {processor.py:656} WARNING - No viable dags retrieved from /home/airflow/airflow/env/lib/python3.8/site-packages/airflow/example_dags/example_kubernetes_executor.py
[2022-04-11 16:47:58,532] {processor.py:171} INFO - Processing /home/airflow/airflow/env/lib/python3.8/site-packages/airflow/example_dags/example_kubernetes_executor.py took 0.055 seconds
[2022-04-11 16:48:42,196] {processor.py:163} INFO - Started process (PID=11725) to work on /home/airflow/airflow/env/lib/python3.8/site-packages/airflow/example_dags/example_kubernetes_executor.py
[2022-04-11 16:48:42,198] {processor.py:642} INFO - Processing file /home/airflow/airflow/env/lib/python3.8/site-packages/airflow/example_dags/example_kubernetes_executor.py for tasks to queue
[2022-04-11 16:48:42,199] {logging_mixin.py:109} INFO - [2022-04-11 16:48:42,199] {dagbag.py:500} INFO - Filling up the DagBag from /home/airflow/airflow/env/lib/python3.8/site-packages/airflow/example_dags/example_kubernetes_executor.py
[2022-04-11 16:48:42,209] {logging_mixin.py:109} INFO - [2022-04-11 16:48:42,209] {example_kubernetes_executor.py:38} WARNING - The example_kubernetes_executor example DAG requires the kubernetes provider. Please install it with: pip install apache-airflow[cncf.kubernetes]
[2022-04-11 16:48:42,219] {processor.py:656} WARNING - No viable dags retrieved from /home/airflow/airflow/env/lib/python3.8/site-packages/airflow/example_dags/example_kubernetes_executor.py
[2022-04-11 16:48:42,221] {processor.py:171} INFO - Processing /home/airflow/airflow/env/lib/python3.8/site-packages/airflow/example_dags/example_kubernetes_executor.py took 0.028 seconds
[2022-04-11 16:49:37,385] {processor.py:163} INFO - Started process (PID=12011) to work on /home/airflow/airflow/env/lib/python3.8/site-packages/airflow/example_dags/example_kubernetes_executor.py
[2022-04-11 16:49:37,387] {processor.py:642} INFO - Processing file /home/airflow/airflow/env/lib/python3.8/site-packages/airflow/example_dags/example_kubernetes_executor.py for tasks to queue
[2022-04-11 16:49:37,387] {logging_mixin.py:109} INFO - [2022-04-11 16:49:37,387] {dagbag.py:500} INFO - Filling up the DagBag from /home/airflow/airflow/env/lib/python3.8/site-packages/airflow/example_dags/example_kubernetes_executor.py
[2022-04-11 16:49:37,399] {logging_mixin.py:109} INFO - [2022-04-11 16:49:37,399] {example_kubernetes_executor.py:38} WARNING - The example_kubernetes_executor example DAG requires the kubernetes provider. Please install it with: pip install apache-airflow[cncf.kubernetes]
[2022-04-11 16:49:37,410] {processor.py:656} WARNING - No viable dags retrieved from /home/airflow/airflow/env/lib/python3.8/site-packages/airflow/example_dags/example_kubernetes_executor.py
[2022-04-11 16:49:37,412] {processor.py:171} INFO - Processing /home/airflow/airflow/env/lib/python3.8/site-packages/airflow/example_dags/example_kubernetes_executor.py took 0.031 seconds
[2022-04-11 16:50:27,991] {processor.py:163} INFO - Started process (PID=12297) to work on /home/airflow/airflow/env/lib/python3.8/site-packages/airflow/example_dags/example_kubernetes_executor.py
[2022-04-11 16:50:27,995] {processor.py:642} INFO - Processing file /home/airflow/airflow/env/lib/python3.8/site-packages/airflow/example_dags/example_kubernetes_executor.py for tasks to queue
[2022-04-11 16:50:27,996] {logging_mixin.py:109} INFO - [2022-04-11 16:50:27,996] {dagbag.py:500} INFO - Filling up the DagBag from /home/airflow/airflow/env/lib/python3.8/site-packages/airflow/example_dags/example_kubernetes_executor.py
[2022-04-11 16:50:28,031] {logging_mixin.py:109} INFO - [2022-04-11 16:50:28,031] {example_kubernetes_executor.py:38} WARNING - The example_kubernetes_executor example DAG requires the kubernetes provider. Please install it with: pip install apache-airflow[cncf.kubernetes]
[2022-04-11 16:50:28,057] {processor.py:656} WARNING - No viable dags retrieved from /home/airflow/airflow/env/lib/python3.8/site-packages/airflow/example_dags/example_kubernetes_executor.py
[2022-04-11 16:50:28,064] {processor.py:171} INFO - Processing /home/airflow/airflow/env/lib/python3.8/site-packages/airflow/example_dags/example_kubernetes_executor.py took 0.081 seconds
[2022-04-11 16:51:10,757] {processor.py:163} INFO - Started process (PID=12549) to work on /home/airflow/airflow/env/lib/python3.8/site-packages/airflow/example_dags/example_kubernetes_executor.py
[2022-04-11 16:51:10,758] {processor.py:642} INFO - Processing file /home/airflow/airflow/env/lib/python3.8/site-packages/airflow/example_dags/example_kubernetes_executor.py for tasks to queue
[2022-04-11 16:51:10,759] {logging_mixin.py:109} INFO - [2022-04-11 16:51:10,759] {dagbag.py:500} INFO - Filling up the DagBag from /home/airflow/airflow/env/lib/python3.8/site-packages/airflow/example_dags/example_kubernetes_executor.py
[2022-04-11 16:51:10,772] {logging_mixin.py:109} INFO - [2022-04-11 16:51:10,772] {example_kubernetes_executor.py:38} WARNING - The example_kubernetes_executor example DAG requires the kubernetes provider. Please install it with: pip install apache-airflow[cncf.kubernetes]
[2022-04-11 16:51:10,786] {processor.py:656} WARNING - No viable dags retrieved from /home/airflow/airflow/env/lib/python3.8/site-packages/airflow/example_dags/example_kubernetes_executor.py
[2022-04-11 16:51:10,790] {processor.py:171} INFO - Processing /home/airflow/airflow/env/lib/python3.8/site-packages/airflow/example_dags/example_kubernetes_executor.py took 0.036 seconds
[2022-04-11 16:51:50,624] {processor.py:163} INFO - Started process (PID=12709) to work on /home/airflow/airflow/env/lib/python3.8/site-packages/airflow/example_dags/example_kubernetes_executor.py
[2022-04-11 16:51:50,627] {processor.py:642} INFO - Processing file /home/airflow/airflow/env/lib/python3.8/site-packages/airflow/example_dags/example_kubernetes_executor.py for tasks to queue
[2022-04-11 16:51:50,628] {logging_mixin.py:109} INFO - [2022-04-11 16:51:50,627] {dagbag.py:500} INFO - Filling up the DagBag from /home/airflow/airflow/env/lib/python3.8/site-packages/airflow/example_dags/example_kubernetes_executor.py
[2022-04-11 16:51:50,648] {logging_mixin.py:109} INFO - [2022-04-11 16:51:50,647] {example_kubernetes_executor.py:38} WARNING - The example_kubernetes_executor example DAG requires the kubernetes provider. Please install it with: pip install apache-airflow[cncf.kubernetes]
[2022-04-11 16:51:50,661] {processor.py:656} WARNING - No viable dags retrieved from /home/airflow/airflow/env/lib/python3.8/site-packages/airflow/example_dags/example_kubernetes_executor.py
[2022-04-11 16:51:50,664] {processor.py:171} INFO - Processing /home/airflow/airflow/env/lib/python3.8/site-packages/airflow/example_dags/example_kubernetes_executor.py took 0.044 seconds
[2022-04-11 16:52:31,326] {processor.py:163} INFO - Started process (PID=12747) to work on /home/airflow/airflow/env/lib/python3.8/site-packages/airflow/example_dags/example_kubernetes_executor.py
[2022-04-11 16:52:31,328] {processor.py:642} INFO - Processing file /home/airflow/airflow/env/lib/python3.8/site-packages/airflow/example_dags/example_kubernetes_executor.py for tasks to queue
[2022-04-11 16:52:31,329] {logging_mixin.py:109} INFO - [2022-04-11 16:52:31,329] {dagbag.py:500} INFO - Filling up the DagBag from /home/airflow/airflow/env/lib/python3.8/site-packages/airflow/example_dags/example_kubernetes_executor.py
[2022-04-11 16:52:31,351] {logging_mixin.py:109} INFO - [2022-04-11 16:52:31,351] {example_kubernetes_executor.py:38} WARNING - The example_kubernetes_executor example DAG requires the kubernetes provider. Please install it with: pip install apache-airflow[cncf.kubernetes]
[2022-04-11 16:52:31,394] {processor.py:656} WARNING - No viable dags retrieved from /home/airflow/airflow/env/lib/python3.8/site-packages/airflow/example_dags/example_kubernetes_executor.py
[2022-04-11 16:52:31,404] {processor.py:171} INFO - Processing /home/airflow/airflow/env/lib/python3.8/site-packages/airflow/example_dags/example_kubernetes_executor.py took 0.083 seconds
[2022-04-11 16:53:11,784] {processor.py:163} INFO - Started process (PID=12864) to work on /home/airflow/airflow/env/lib/python3.8/site-packages/airflow/example_dags/example_kubernetes_executor.py
[2022-04-11 16:53:11,787] {processor.py:642} INFO - Processing file /home/airflow/airflow/env/lib/python3.8/site-packages/airflow/example_dags/example_kubernetes_executor.py for tasks to queue
[2022-04-11 16:53:11,788] {logging_mixin.py:109} INFO - [2022-04-11 16:53:11,788] {dagbag.py:500} INFO - Filling up the DagBag from /home/airflow/airflow/env/lib/python3.8/site-packages/airflow/example_dags/example_kubernetes_executor.py
[2022-04-11 16:53:11,824] {logging_mixin.py:109} INFO - [2022-04-11 16:53:11,824] {example_kubernetes_executor.py:38} WARNING - The example_kubernetes_executor example DAG requires the kubernetes provider. Please install it with: pip install apache-airflow[cncf.kubernetes]
[2022-04-11 16:53:11,860] {processor.py:656} WARNING - No viable dags retrieved from /home/airflow/airflow/env/lib/python3.8/site-packages/airflow/example_dags/example_kubernetes_executor.py
[2022-04-11 16:53:11,868] {processor.py:171} INFO - Processing /home/airflow/airflow/env/lib/python3.8/site-packages/airflow/example_dags/example_kubernetes_executor.py took 0.097 seconds
[2022-04-11 16:53:57,872] {processor.py:163} INFO - Started process (PID=12952) to work on /home/airflow/airflow/env/lib/python3.8/site-packages/airflow/example_dags/example_kubernetes_executor.py
[2022-04-11 16:53:57,873] {processor.py:642} INFO - Processing file /home/airflow/airflow/env/lib/python3.8/site-packages/airflow/example_dags/example_kubernetes_executor.py for tasks to queue
[2022-04-11 16:53:57,874] {logging_mixin.py:109} INFO - [2022-04-11 16:53:57,874] {dagbag.py:500} INFO - Filling up the DagBag from /home/airflow/airflow/env/lib/python3.8/site-packages/airflow/example_dags/example_kubernetes_executor.py
[2022-04-11 16:53:57,882] {logging_mixin.py:109} INFO - [2022-04-11 16:53:57,882] {example_kubernetes_executor.py:38} WARNING - The example_kubernetes_executor example DAG requires the kubernetes provider. Please install it with: pip install apache-airflow[cncf.kubernetes]
[2022-04-11 16:53:57,890] {processor.py:656} WARNING - No viable dags retrieved from /home/airflow/airflow/env/lib/python3.8/site-packages/airflow/example_dags/example_kubernetes_executor.py
[2022-04-11 16:53:57,892] {processor.py:171} INFO - Processing /home/airflow/airflow/env/lib/python3.8/site-packages/airflow/example_dags/example_kubernetes_executor.py took 0.022 seconds
[2022-04-11 16:54:39,242] {processor.py:163} INFO - Started process (PID=13014) to work on /home/airflow/airflow/env/lib/python3.8/site-packages/airflow/example_dags/example_kubernetes_executor.py
[2022-04-11 16:54:39,244] {processor.py:642} INFO - Processing file /home/airflow/airflow/env/lib/python3.8/site-packages/airflow/example_dags/example_kubernetes_executor.py for tasks to queue
[2022-04-11 16:54:39,245] {logging_mixin.py:109} INFO - [2022-04-11 16:54:39,245] {dagbag.py:500} INFO - Filling up the DagBag from /home/airflow/airflow/env/lib/python3.8/site-packages/airflow/example_dags/example_kubernetes_executor.py
[2022-04-11 16:54:39,259] {logging_mixin.py:109} INFO - [2022-04-11 16:54:39,259] {example_kubernetes_executor.py:38} WARNING - The example_kubernetes_executor example DAG requires the kubernetes provider. Please install it with: pip install apache-airflow[cncf.kubernetes]
[2022-04-11 16:54:39,269] {processor.py:656} WARNING - No viable dags retrieved from /home/airflow/airflow/env/lib/python3.8/site-packages/airflow/example_dags/example_kubernetes_executor.py
[2022-04-11 16:54:39,272] {processor.py:171} INFO - Processing /home/airflow/airflow/env/lib/python3.8/site-packages/airflow/example_dags/example_kubernetes_executor.py took 0.033 seconds
[2022-04-11 16:55:31,651] {processor.py:163} INFO - Started process (PID=13140) to work on /home/airflow/airflow/env/lib/python3.8/site-packages/airflow/example_dags/example_kubernetes_executor.py
[2022-04-11 16:55:31,657] {processor.py:642} INFO - Processing file /home/airflow/airflow/env/lib/python3.8/site-packages/airflow/example_dags/example_kubernetes_executor.py for tasks to queue
[2022-04-11 16:55:31,668] {logging_mixin.py:109} INFO - [2022-04-11 16:55:31,668] {dagbag.py:500} INFO - Filling up the DagBag from /home/airflow/airflow/env/lib/python3.8/site-packages/airflow/example_dags/example_kubernetes_executor.py
[2022-04-11 16:55:31,776] {logging_mixin.py:109} INFO - [2022-04-11 16:55:31,776] {example_kubernetes_executor.py:38} WARNING - The example_kubernetes_executor example DAG requires the kubernetes provider. Please install it with: pip install apache-airflow[cncf.kubernetes]
[2022-04-11 16:55:31,836] {processor.py:656} WARNING - No viable dags retrieved from /home/airflow/airflow/env/lib/python3.8/site-packages/airflow/example_dags/example_kubernetes_executor.py
[2022-04-11 16:55:31,858] {processor.py:171} INFO - Processing /home/airflow/airflow/env/lib/python3.8/site-packages/airflow/example_dags/example_kubernetes_executor.py took 0.241 seconds
[2022-04-11 16:56:21,180] {processor.py:163} INFO - Started process (PID=13294) to work on /home/airflow/airflow/env/lib/python3.8/site-packages/airflow/example_dags/example_kubernetes_executor.py
[2022-04-11 16:56:21,182] {processor.py:642} INFO - Processing file /home/airflow/airflow/env/lib/python3.8/site-packages/airflow/example_dags/example_kubernetes_executor.py for tasks to queue
[2022-04-11 16:56:21,183] {logging_mixin.py:109} INFO - [2022-04-11 16:56:21,182] {dagbag.py:500} INFO - Filling up the DagBag from /home/airflow/airflow/env/lib/python3.8/site-packages/airflow/example_dags/example_kubernetes_executor.py
[2022-04-11 16:56:21,194] {logging_mixin.py:109} INFO - [2022-04-11 16:56:21,194] {example_kubernetes_executor.py:38} WARNING - The example_kubernetes_executor example DAG requires the kubernetes provider. Please install it with: pip install apache-airflow[cncf.kubernetes]
[2022-04-11 16:56:21,204] {processor.py:656} WARNING - No viable dags retrieved from /home/airflow/airflow/env/lib/python3.8/site-packages/airflow/example_dags/example_kubernetes_executor.py
[2022-04-11 16:56:21,206] {processor.py:171} INFO - Processing /home/airflow/airflow/env/lib/python3.8/site-packages/airflow/example_dags/example_kubernetes_executor.py took 0.029 seconds
[2022-04-11 16:57:06,777] {processor.py:163} INFO - Started process (PID=13483) to work on /home/airflow/airflow/env/lib/python3.8/site-packages/airflow/example_dags/example_kubernetes_executor.py
[2022-04-11 16:57:06,779] {processor.py:642} INFO - Processing file /home/airflow/airflow/env/lib/python3.8/site-packages/airflow/example_dags/example_kubernetes_executor.py for tasks to queue
[2022-04-11 16:57:06,780] {logging_mixin.py:109} INFO - [2022-04-11 16:57:06,780] {dagbag.py:500} INFO - Filling up the DagBag from /home/airflow/airflow/env/lib/python3.8/site-packages/airflow/example_dags/example_kubernetes_executor.py
[2022-04-11 16:57:06,788] {logging_mixin.py:109} INFO - [2022-04-11 16:57:06,788] {example_kubernetes_executor.py:38} WARNING - The example_kubernetes_executor example DAG requires the kubernetes provider. Please install it with: pip install apache-airflow[cncf.kubernetes]
[2022-04-11 16:57:06,796] {processor.py:656} WARNING - No viable dags retrieved from /home/airflow/airflow/env/lib/python3.8/site-packages/airflow/example_dags/example_kubernetes_executor.py
[2022-04-11 16:57:06,797] {processor.py:171} INFO - Processing /home/airflow/airflow/env/lib/python3.8/site-packages/airflow/example_dags/example_kubernetes_executor.py took 0.023 seconds
[2022-04-11 16:57:45,616] {processor.py:163} INFO - Started process (PID=13517) to work on /home/airflow/airflow/env/lib/python3.8/site-packages/airflow/example_dags/example_kubernetes_executor.py
[2022-04-11 16:57:45,617] {processor.py:642} INFO - Processing file /home/airflow/airflow/env/lib/python3.8/site-packages/airflow/example_dags/example_kubernetes_executor.py for tasks to queue
[2022-04-11 16:57:45,618] {logging_mixin.py:109} INFO - [2022-04-11 16:57:45,618] {dagbag.py:500} INFO - Filling up the DagBag from /home/airflow/airflow/env/lib/python3.8/site-packages/airflow/example_dags/example_kubernetes_executor.py
[2022-04-11 16:57:45,626] {logging_mixin.py:109} INFO - [2022-04-11 16:57:45,625] {example_kubernetes_executor.py:38} WARNING - The example_kubernetes_executor example DAG requires the kubernetes provider. Please install it with: pip install apache-airflow[cncf.kubernetes]
[2022-04-11 16:57:45,634] {processor.py:656} WARNING - No viable dags retrieved from /home/airflow/airflow/env/lib/python3.8/site-packages/airflow/example_dags/example_kubernetes_executor.py
[2022-04-11 16:57:45,636] {processor.py:171} INFO - Processing /home/airflow/airflow/env/lib/python3.8/site-packages/airflow/example_dags/example_kubernetes_executor.py took 0.022 seconds
[2022-04-11 16:58:27,712] {processor.py:163} INFO - Started process (PID=13554) to work on /home/airflow/airflow/env/lib/python3.8/site-packages/airflow/example_dags/example_kubernetes_executor.py
[2022-04-11 16:58:27,713] {processor.py:642} INFO - Processing file /home/airflow/airflow/env/lib/python3.8/site-packages/airflow/example_dags/example_kubernetes_executor.py for tasks to queue
[2022-04-11 16:58:27,714] {logging_mixin.py:109} INFO - [2022-04-11 16:58:27,714] {dagbag.py:500} INFO - Filling up the DagBag from /home/airflow/airflow/env/lib/python3.8/site-packages/airflow/example_dags/example_kubernetes_executor.py
[2022-04-11 16:58:27,724] {logging_mixin.py:109} INFO - [2022-04-11 16:58:27,724] {example_kubernetes_executor.py:38} WARNING - The example_kubernetes_executor example DAG requires the kubernetes provider. Please install it with: pip install apache-airflow[cncf.kubernetes]
[2022-04-11 16:58:27,731] {processor.py:656} WARNING - No viable dags retrieved from /home/airflow/airflow/env/lib/python3.8/site-packages/airflow/example_dags/example_kubernetes_executor.py
[2022-04-11 16:58:27,733] {processor.py:171} INFO - Processing /home/airflow/airflow/env/lib/python3.8/site-packages/airflow/example_dags/example_kubernetes_executor.py took 0.024 seconds
[2022-04-11 16:59:07,207] {processor.py:163} INFO - Started process (PID=13589) to work on /home/airflow/airflow/env/lib/python3.8/site-packages/airflow/example_dags/example_kubernetes_executor.py
[2022-04-11 16:59:07,209] {processor.py:642} INFO - Processing file /home/airflow/airflow/env/lib/python3.8/site-packages/airflow/example_dags/example_kubernetes_executor.py for tasks to queue
[2022-04-11 16:59:07,210] {logging_mixin.py:109} INFO - [2022-04-11 16:59:07,209] {dagbag.py:500} INFO - Filling up the DagBag from /home/airflow/airflow/env/lib/python3.8/site-packages/airflow/example_dags/example_kubernetes_executor.py
[2022-04-11 16:59:07,219] {logging_mixin.py:109} INFO - [2022-04-11 16:59:07,219] {example_kubernetes_executor.py:38} WARNING - The example_kubernetes_executor example DAG requires the kubernetes provider. Please install it with: pip install apache-airflow[cncf.kubernetes]
[2022-04-11 16:59:07,230] {processor.py:656} WARNING - No viable dags retrieved from /home/airflow/airflow/env/lib/python3.8/site-packages/airflow/example_dags/example_kubernetes_executor.py
[2022-04-11 16:59:07,232] {processor.py:171} INFO - Processing /home/airflow/airflow/env/lib/python3.8/site-packages/airflow/example_dags/example_kubernetes_executor.py took 0.028 seconds
[2022-04-11 17:00:06,392] {processor.py:163} INFO - Started process (PID=13762) to work on /home/airflow/airflow/env/lib/python3.8/site-packages/airflow/example_dags/example_kubernetes_executor.py
[2022-04-11 17:00:06,394] {processor.py:642} INFO - Processing file /home/airflow/airflow/env/lib/python3.8/site-packages/airflow/example_dags/example_kubernetes_executor.py for tasks to queue
[2022-04-11 17:00:06,395] {logging_mixin.py:109} INFO - [2022-04-11 17:00:06,395] {dagbag.py:500} INFO - Filling up the DagBag from /home/airflow/airflow/env/lib/python3.8/site-packages/airflow/example_dags/example_kubernetes_executor.py
[2022-04-11 17:00:06,414] {logging_mixin.py:109} INFO - [2022-04-11 17:00:06,411] {example_kubernetes_executor.py:38} WARNING - The example_kubernetes_executor example DAG requires the kubernetes provider. Please install it with: pip install apache-airflow[cncf.kubernetes]
[2022-04-11 17:00:06,425] {processor.py:656} WARNING - No viable dags retrieved from /home/airflow/airflow/env/lib/python3.8/site-packages/airflow/example_dags/example_kubernetes_executor.py
[2022-04-11 17:00:06,429] {processor.py:171} INFO - Processing /home/airflow/airflow/env/lib/python3.8/site-packages/airflow/example_dags/example_kubernetes_executor.py took 0.040 seconds
[2022-04-11 17:01:02,860] {processor.py:163} INFO - Started process (PID=14028) to work on /home/airflow/airflow/env/lib/python3.8/site-packages/airflow/example_dags/example_kubernetes_executor.py
[2022-04-11 17:01:02,863] {processor.py:642} INFO - Processing file /home/airflow/airflow/env/lib/python3.8/site-packages/airflow/example_dags/example_kubernetes_executor.py for tasks to queue
[2022-04-11 17:01:02,864] {logging_mixin.py:109} INFO - [2022-04-11 17:01:02,864] {dagbag.py:500} INFO - Filling up the DagBag from /home/airflow/airflow/env/lib/python3.8/site-packages/airflow/example_dags/example_kubernetes_executor.py
[2022-04-11 17:01:02,887] {logging_mixin.py:109} INFO - [2022-04-11 17:01:02,887] {example_kubernetes_executor.py:38} WARNING - The example_kubernetes_executor example DAG requires the kubernetes provider. Please install it with: pip install apache-airflow[cncf.kubernetes]
[2022-04-11 17:01:02,911] {processor.py:656} WARNING - No viable dags retrieved from /home/airflow/airflow/env/lib/python3.8/site-packages/airflow/example_dags/example_kubernetes_executor.py
[2022-04-11 17:01:02,917] {processor.py:171} INFO - Processing /home/airflow/airflow/env/lib/python3.8/site-packages/airflow/example_dags/example_kubernetes_executor.py took 0.064 seconds
[2022-04-11 17:02:34,462] {processor.py:163} INFO - Started process (PID=14948) to work on /home/airflow/airflow/env/lib/python3.8/site-packages/airflow/example_dags/example_kubernetes_executor.py
[2022-04-11 17:02:34,464] {processor.py:642} INFO - Processing file /home/airflow/airflow/env/lib/python3.8/site-packages/airflow/example_dags/example_kubernetes_executor.py for tasks to queue
[2022-04-11 17:02:34,465] {logging_mixin.py:109} INFO - [2022-04-11 17:02:34,465] {dagbag.py:500} INFO - Filling up the DagBag from /home/airflow/airflow/env/lib/python3.8/site-packages/airflow/example_dags/example_kubernetes_executor.py
[2022-04-11 17:02:34,480] {logging_mixin.py:109} INFO - [2022-04-11 17:02:34,480] {example_kubernetes_executor.py:38} WARNING - The example_kubernetes_executor example DAG requires the kubernetes provider. Please install it with: pip install apache-airflow[cncf.kubernetes]
[2022-04-11 17:02:34,495] {processor.py:656} WARNING - No viable dags retrieved from /home/airflow/airflow/env/lib/python3.8/site-packages/airflow/example_dags/example_kubernetes_executor.py
[2022-04-11 17:02:34,499] {processor.py:171} INFO - Processing /home/airflow/airflow/env/lib/python3.8/site-packages/airflow/example_dags/example_kubernetes_executor.py took 0.041 seconds
[2022-04-11 17:04:40,499] {processor.py:163} INFO - Started process (PID=15831) to work on /home/airflow/airflow/env/lib/python3.8/site-packages/airflow/example_dags/example_kubernetes_executor.py
[2022-04-11 17:04:40,501] {processor.py:642} INFO - Processing file /home/airflow/airflow/env/lib/python3.8/site-packages/airflow/example_dags/example_kubernetes_executor.py for tasks to queue
[2022-04-11 17:04:40,502] {logging_mixin.py:109} INFO - [2022-04-11 17:04:40,502] {dagbag.py:500} INFO - Filling up the DagBag from /home/airflow/airflow/env/lib/python3.8/site-packages/airflow/example_dags/example_kubernetes_executor.py
[2022-04-11 17:04:40,510] {logging_mixin.py:109} INFO - [2022-04-11 17:04:40,510] {example_kubernetes_executor.py:38} WARNING - The example_kubernetes_executor example DAG requires the kubernetes provider. Please install it with: pip install apache-airflow[cncf.kubernetes]
[2022-04-11 17:04:40,520] {processor.py:656} WARNING - No viable dags retrieved from /home/airflow/airflow/env/lib/python3.8/site-packages/airflow/example_dags/example_kubernetes_executor.py
[2022-04-11 17:04:40,522] {processor.py:171} INFO - Processing /home/airflow/airflow/env/lib/python3.8/site-packages/airflow/example_dags/example_kubernetes_executor.py took 0.026 seconds
[2022-04-11 17:05:37,683] {processor.py:163} INFO - Started process (PID=16027) to work on /home/airflow/airflow/env/lib/python3.8/site-packages/airflow/example_dags/example_kubernetes_executor.py
[2022-04-11 17:05:37,685] {processor.py:642} INFO - Processing file /home/airflow/airflow/env/lib/python3.8/site-packages/airflow/example_dags/example_kubernetes_executor.py for tasks to queue
[2022-04-11 17:05:37,686] {logging_mixin.py:109} INFO - [2022-04-11 17:05:37,686] {dagbag.py:500} INFO - Filling up the DagBag from /home/airflow/airflow/env/lib/python3.8/site-packages/airflow/example_dags/example_kubernetes_executor.py
[2022-04-11 17:05:37,697] {logging_mixin.py:109} INFO - [2022-04-11 17:05:37,697] {example_kubernetes_executor.py:38} WARNING - The example_kubernetes_executor example DAG requires the kubernetes provider. Please install it with: pip install apache-airflow[cncf.kubernetes]
[2022-04-11 17:05:37,708] {processor.py:656} WARNING - No viable dags retrieved from /home/airflow/airflow/env/lib/python3.8/site-packages/airflow/example_dags/example_kubernetes_executor.py
[2022-04-11 17:05:37,711] {processor.py:171} INFO - Processing /home/airflow/airflow/env/lib/python3.8/site-packages/airflow/example_dags/example_kubernetes_executor.py took 0.031 seconds
[2022-04-11 17:07:09,800] {processor.py:163} INFO - Started process (PID=16435) to work on /home/airflow/airflow/env/lib/python3.8/site-packages/airflow/example_dags/example_kubernetes_executor.py
[2022-04-11 17:07:09,803] {processor.py:642} INFO - Processing file /home/airflow/airflow/env/lib/python3.8/site-packages/airflow/example_dags/example_kubernetes_executor.py for tasks to queue
[2022-04-11 17:07:09,804] {logging_mixin.py:109} INFO - [2022-04-11 17:07:09,804] {dagbag.py:500} INFO - Filling up the DagBag from /home/airflow/airflow/env/lib/python3.8/site-packages/airflow/example_dags/example_kubernetes_executor.py
[2022-04-11 17:07:09,817] {logging_mixin.py:109} INFO - [2022-04-11 17:07:09,817] {example_kubernetes_executor.py:38} WARNING - The example_kubernetes_executor example DAG requires the kubernetes provider. Please install it with: pip install apache-airflow[cncf.kubernetes]
[2022-04-11 17:07:09,829] {processor.py:656} WARNING - No viable dags retrieved from /home/airflow/airflow/env/lib/python3.8/site-packages/airflow/example_dags/example_kubernetes_executor.py
[2022-04-11 17:07:09,832] {processor.py:171} INFO - Processing /home/airflow/airflow/env/lib/python3.8/site-packages/airflow/example_dags/example_kubernetes_executor.py took 0.036 seconds
[2022-04-11 17:08:25,272] {processor.py:163} INFO - Started process (PID=16583) to work on /home/airflow/airflow/env/lib/python3.8/site-packages/airflow/example_dags/example_kubernetes_executor.py
[2022-04-11 17:08:25,273] {processor.py:642} INFO - Processing file /home/airflow/airflow/env/lib/python3.8/site-packages/airflow/example_dags/example_kubernetes_executor.py for tasks to queue
[2022-04-11 17:08:25,273] {logging_mixin.py:109} INFO - [2022-04-11 17:08:25,273] {dagbag.py:500} INFO - Filling up the DagBag from /home/airflow/airflow/env/lib/python3.8/site-packages/airflow/example_dags/example_kubernetes_executor.py
[2022-04-11 17:08:25,284] {logging_mixin.py:109} INFO - [2022-04-11 17:08:25,284] {example_kubernetes_executor.py:38} WARNING - The example_kubernetes_executor example DAG requires the kubernetes provider. Please install it with: pip install apache-airflow[cncf.kubernetes]
[2022-04-11 17:08:25,292] {processor.py:656} WARNING - No viable dags retrieved from /home/airflow/airflow/env/lib/python3.8/site-packages/airflow/example_dags/example_kubernetes_executor.py
[2022-04-11 17:08:25,294] {processor.py:171} INFO - Processing /home/airflow/airflow/env/lib/python3.8/site-packages/airflow/example_dags/example_kubernetes_executor.py took 0.025 seconds
[2022-04-11 17:09:19,481] {processor.py:163} INFO - Started process (PID=16723) to work on /home/airflow/airflow/env/lib/python3.8/site-packages/airflow/example_dags/example_kubernetes_executor.py
[2022-04-11 17:09:19,486] {processor.py:642} INFO - Processing file /home/airflow/airflow/env/lib/python3.8/site-packages/airflow/example_dags/example_kubernetes_executor.py for tasks to queue
[2022-04-11 17:09:19,486] {logging_mixin.py:109} INFO - [2022-04-11 17:09:19,486] {dagbag.py:500} INFO - Filling up the DagBag from /home/airflow/airflow/env/lib/python3.8/site-packages/airflow/example_dags/example_kubernetes_executor.py
[2022-04-11 17:09:19,505] {logging_mixin.py:109} INFO - [2022-04-11 17:09:19,505] {example_kubernetes_executor.py:38} WARNING - The example_kubernetes_executor example DAG requires the kubernetes provider. Please install it with: pip install apache-airflow[cncf.kubernetes]
[2022-04-11 17:09:19,527] {processor.py:656} WARNING - No viable dags retrieved from /home/airflow/airflow/env/lib/python3.8/site-packages/airflow/example_dags/example_kubernetes_executor.py
[2022-04-11 17:09:19,529] {processor.py:171} INFO - Processing /home/airflow/airflow/env/lib/python3.8/site-packages/airflow/example_dags/example_kubernetes_executor.py took 0.051 seconds
[2022-04-11 17:10:16,172] {processor.py:163} INFO - Started process (PID=16968) to work on /home/airflow/airflow/env/lib/python3.8/site-packages/airflow/example_dags/example_kubernetes_executor.py
[2022-04-11 17:10:16,173] {processor.py:642} INFO - Processing file /home/airflow/airflow/env/lib/python3.8/site-packages/airflow/example_dags/example_kubernetes_executor.py for tasks to queue
[2022-04-11 17:10:16,174] {logging_mixin.py:109} INFO - [2022-04-11 17:10:16,174] {dagbag.py:500} INFO - Filling up the DagBag from /home/airflow/airflow/env/lib/python3.8/site-packages/airflow/example_dags/example_kubernetes_executor.py
[2022-04-11 17:10:16,183] {logging_mixin.py:109} INFO - [2022-04-11 17:10:16,183] {example_kubernetes_executor.py:38} WARNING - The example_kubernetes_executor example DAG requires the kubernetes provider. Please install it with: pip install apache-airflow[cncf.kubernetes]
[2022-04-11 17:10:16,192] {processor.py:656} WARNING - No viable dags retrieved from /home/airflow/airflow/env/lib/python3.8/site-packages/airflow/example_dags/example_kubernetes_executor.py
[2022-04-11 17:10:16,195] {processor.py:171} INFO - Processing /home/airflow/airflow/env/lib/python3.8/site-packages/airflow/example_dags/example_kubernetes_executor.py took 0.026 seconds
[2022-04-11 17:11:11,826] {processor.py:163} INFO - Started process (PID=17200) to work on /home/airflow/airflow/env/lib/python3.8/site-packages/airflow/example_dags/example_kubernetes_executor.py
[2022-04-11 17:11:11,827] {processor.py:642} INFO - Processing file /home/airflow/airflow/env/lib/python3.8/site-packages/airflow/example_dags/example_kubernetes_executor.py for tasks to queue
[2022-04-11 17:11:11,828] {logging_mixin.py:109} INFO - [2022-04-11 17:11:11,828] {dagbag.py:500} INFO - Filling up the DagBag from /home/airflow/airflow/env/lib/python3.8/site-packages/airflow/example_dags/example_kubernetes_executor.py
[2022-04-11 17:11:11,840] {logging_mixin.py:109} INFO - [2022-04-11 17:11:11,840] {example_kubernetes_executor.py:38} WARNING - The example_kubernetes_executor example DAG requires the kubernetes provider. Please install it with: pip install apache-airflow[cncf.kubernetes]
[2022-04-11 17:11:11,853] {processor.py:656} WARNING - No viable dags retrieved from /home/airflow/airflow/env/lib/python3.8/site-packages/airflow/example_dags/example_kubernetes_executor.py
[2022-04-11 17:11:11,855] {processor.py:171} INFO - Processing /home/airflow/airflow/env/lib/python3.8/site-packages/airflow/example_dags/example_kubernetes_executor.py took 0.033 seconds
[2022-04-11 17:12:59,486] {processor.py:163} INFO - Started process (PID=17829) to work on /home/airflow/airflow/env/lib/python3.8/site-packages/airflow/example_dags/example_kubernetes_executor.py
[2022-04-11 17:12:59,487] {processor.py:642} INFO - Processing file /home/airflow/airflow/env/lib/python3.8/site-packages/airflow/example_dags/example_kubernetes_executor.py for tasks to queue
[2022-04-11 17:12:59,488] {logging_mixin.py:109} INFO - [2022-04-11 17:12:59,488] {dagbag.py:500} INFO - Filling up the DagBag from /home/airflow/airflow/env/lib/python3.8/site-packages/airflow/example_dags/example_kubernetes_executor.py
[2022-04-11 17:12:59,500] {logging_mixin.py:109} INFO - [2022-04-11 17:12:59,499] {example_kubernetes_executor.py:38} WARNING - The example_kubernetes_executor example DAG requires the kubernetes provider. Please install it with: pip install apache-airflow[cncf.kubernetes]
[2022-04-11 17:12:59,513] {processor.py:656} WARNING - No viable dags retrieved from /home/airflow/airflow/env/lib/python3.8/site-packages/airflow/example_dags/example_kubernetes_executor.py
[2022-04-11 17:12:59,516] {processor.py:171} INFO - Processing /home/airflow/airflow/env/lib/python3.8/site-packages/airflow/example_dags/example_kubernetes_executor.py took 0.035 seconds
[2022-04-11 17:14:00,894] {processor.py:163} INFO - Started process (PID=17986) to work on /home/airflow/airflow/env/lib/python3.8/site-packages/airflow/example_dags/example_kubernetes_executor.py
[2022-04-11 17:14:00,895] {processor.py:642} INFO - Processing file /home/airflow/airflow/env/lib/python3.8/site-packages/airflow/example_dags/example_kubernetes_executor.py for tasks to queue
[2022-04-11 17:14:00,896] {logging_mixin.py:109} INFO - [2022-04-11 17:14:00,896] {dagbag.py:500} INFO - Filling up the DagBag from /home/airflow/airflow/env/lib/python3.8/site-packages/airflow/example_dags/example_kubernetes_executor.py
[2022-04-11 17:14:00,912] {logging_mixin.py:109} INFO - [2022-04-11 17:14:00,912] {example_kubernetes_executor.py:38} WARNING - The example_kubernetes_executor example DAG requires the kubernetes provider. Please install it with: pip install apache-airflow[cncf.kubernetes]
[2022-04-11 17:14:00,930] {processor.py:656} WARNING - No viable dags retrieved from /home/airflow/airflow/env/lib/python3.8/site-packages/airflow/example_dags/example_kubernetes_executor.py
[2022-04-11 17:14:00,935] {processor.py:171} INFO - Processing /home/airflow/airflow/env/lib/python3.8/site-packages/airflow/example_dags/example_kubernetes_executor.py took 0.046 seconds
[2022-04-11 17:14:51,343] {processor.py:163} INFO - Started process (PID=18199) to work on /home/airflow/airflow/env/lib/python3.8/site-packages/airflow/example_dags/example_kubernetes_executor.py
[2022-04-11 17:14:51,344] {processor.py:642} INFO - Processing file /home/airflow/airflow/env/lib/python3.8/site-packages/airflow/example_dags/example_kubernetes_executor.py for tasks to queue
[2022-04-11 17:14:51,344] {logging_mixin.py:109} INFO - [2022-04-11 17:14:51,344] {dagbag.py:500} INFO - Filling up the DagBag from /home/airflow/airflow/env/lib/python3.8/site-packages/airflow/example_dags/example_kubernetes_executor.py
[2022-04-11 17:14:51,357] {logging_mixin.py:109} INFO - [2022-04-11 17:14:51,356] {example_kubernetes_executor.py:38} WARNING - The example_kubernetes_executor example DAG requires the kubernetes provider. Please install it with: pip install apache-airflow[cncf.kubernetes]
[2022-04-11 17:14:51,370] {processor.py:656} WARNING - No viable dags retrieved from /home/airflow/airflow/env/lib/python3.8/site-packages/airflow/example_dags/example_kubernetes_executor.py
[2022-04-11 17:14:51,372] {processor.py:171} INFO - Processing /home/airflow/airflow/env/lib/python3.8/site-packages/airflow/example_dags/example_kubernetes_executor.py took 0.033 seconds
[2022-04-11 17:16:01,779] {processor.py:163} INFO - Started process (PID=18330) to work on /home/airflow/airflow/env/lib/python3.8/site-packages/airflow/example_dags/example_kubernetes_executor.py
[2022-04-11 17:16:01,780] {processor.py:642} INFO - Processing file /home/airflow/airflow/env/lib/python3.8/site-packages/airflow/example_dags/example_kubernetes_executor.py for tasks to queue
[2022-04-11 17:16:01,780] {logging_mixin.py:109} INFO - [2022-04-11 17:16:01,780] {dagbag.py:500} INFO - Filling up the DagBag from /home/airflow/airflow/env/lib/python3.8/site-packages/airflow/example_dags/example_kubernetes_executor.py
[2022-04-11 17:16:01,789] {logging_mixin.py:109} INFO - [2022-04-11 17:16:01,789] {example_kubernetes_executor.py:38} WARNING - The example_kubernetes_executor example DAG requires the kubernetes provider. Please install it with: pip install apache-airflow[cncf.kubernetes]
[2022-04-11 17:16:01,800] {processor.py:656} WARNING - No viable dags retrieved from /home/airflow/airflow/env/lib/python3.8/site-packages/airflow/example_dags/example_kubernetes_executor.py
[2022-04-11 17:16:01,803] {processor.py:171} INFO - Processing /home/airflow/airflow/env/lib/python3.8/site-packages/airflow/example_dags/example_kubernetes_executor.py took 0.027 seconds
[2022-04-11 17:17:12,128] {processor.py:163} INFO - Started process (PID=18645) to work on /home/airflow/airflow/env/lib/python3.8/site-packages/airflow/example_dags/example_kubernetes_executor.py
[2022-04-11 17:17:12,130] {processor.py:642} INFO - Processing file /home/airflow/airflow/env/lib/python3.8/site-packages/airflow/example_dags/example_kubernetes_executor.py for tasks to queue
[2022-04-11 17:17:12,130] {logging_mixin.py:109} INFO - [2022-04-11 17:17:12,130] {dagbag.py:500} INFO - Filling up the DagBag from /home/airflow/airflow/env/lib/python3.8/site-packages/airflow/example_dags/example_kubernetes_executor.py
[2022-04-11 17:17:12,139] {logging_mixin.py:109} INFO - [2022-04-11 17:17:12,139] {example_kubernetes_executor.py:38} WARNING - The example_kubernetes_executor example DAG requires the kubernetes provider. Please install it with: pip install apache-airflow[cncf.kubernetes]
[2022-04-11 17:17:12,148] {processor.py:656} WARNING - No viable dags retrieved from /home/airflow/airflow/env/lib/python3.8/site-packages/airflow/example_dags/example_kubernetes_executor.py
[2022-04-11 17:17:12,151] {processor.py:171} INFO - Processing /home/airflow/airflow/env/lib/python3.8/site-packages/airflow/example_dags/example_kubernetes_executor.py took 0.026 seconds
[2022-04-11 17:18:08,124] {processor.py:163} INFO - Started process (PID=18770) to work on /home/airflow/airflow/env/lib/python3.8/site-packages/airflow/example_dags/example_kubernetes_executor.py
[2022-04-11 17:18:08,126] {processor.py:642} INFO - Processing file /home/airflow/airflow/env/lib/python3.8/site-packages/airflow/example_dags/example_kubernetes_executor.py for tasks to queue
[2022-04-11 17:18:08,127] {logging_mixin.py:109} INFO - [2022-04-11 17:18:08,126] {dagbag.py:500} INFO - Filling up the DagBag from /home/airflow/airflow/env/lib/python3.8/site-packages/airflow/example_dags/example_kubernetes_executor.py
[2022-04-11 17:18:08,144] {logging_mixin.py:109} INFO - [2022-04-11 17:18:08,144] {example_kubernetes_executor.py:38} WARNING - The example_kubernetes_executor example DAG requires the kubernetes provider. Please install it with: pip install apache-airflow[cncf.kubernetes]
[2022-04-11 17:18:08,167] {processor.py:656} WARNING - No viable dags retrieved from /home/airflow/airflow/env/lib/python3.8/site-packages/airflow/example_dags/example_kubernetes_executor.py
[2022-04-11 17:18:08,172] {processor.py:171} INFO - Processing /home/airflow/airflow/env/lib/python3.8/site-packages/airflow/example_dags/example_kubernetes_executor.py took 0.053 seconds
[2022-04-11 17:23:03,379] {processor.py:163} INFO - Started process (PID=19475) to work on /home/airflow/airflow/env/lib/python3.8/site-packages/airflow/example_dags/example_kubernetes_executor.py
[2022-04-11 17:23:03,381] {processor.py:642} INFO - Processing file /home/airflow/airflow/env/lib/python3.8/site-packages/airflow/example_dags/example_kubernetes_executor.py for tasks to queue
[2022-04-11 17:23:03,381] {logging_mixin.py:109} INFO - [2022-04-11 17:23:03,381] {dagbag.py:500} INFO - Filling up the DagBag from /home/airflow/airflow/env/lib/python3.8/site-packages/airflow/example_dags/example_kubernetes_executor.py
[2022-04-11 17:23:03,392] {logging_mixin.py:109} INFO - [2022-04-11 17:23:03,392] {example_kubernetes_executor.py:38} WARNING - The example_kubernetes_executor example DAG requires the kubernetes provider. Please install it with: pip install apache-airflow[cncf.kubernetes]
[2022-04-11 17:23:03,405] {processor.py:656} WARNING - No viable dags retrieved from /home/airflow/airflow/env/lib/python3.8/site-packages/airflow/example_dags/example_kubernetes_executor.py
[2022-04-11 17:23:03,408] {processor.py:171} INFO - Processing /home/airflow/airflow/env/lib/python3.8/site-packages/airflow/example_dags/example_kubernetes_executor.py took 0.033 seconds
[2022-04-11 17:23:57,490] {processor.py:163} INFO - Started process (PID=19510) to work on /home/airflow/airflow/env/lib/python3.8/site-packages/airflow/example_dags/example_kubernetes_executor.py
[2022-04-11 17:23:57,491] {processor.py:642} INFO - Processing file /home/airflow/airflow/env/lib/python3.8/site-packages/airflow/example_dags/example_kubernetes_executor.py for tasks to queue
[2022-04-11 17:23:57,498] {logging_mixin.py:109} INFO - [2022-04-11 17:23:57,498] {dagbag.py:500} INFO - Filling up the DagBag from /home/airflow/airflow/env/lib/python3.8/site-packages/airflow/example_dags/example_kubernetes_executor.py
[2022-04-11 17:23:57,515] {logging_mixin.py:109} INFO - [2022-04-11 17:23:57,515] {example_kubernetes_executor.py:38} WARNING - The example_kubernetes_executor example DAG requires the kubernetes provider. Please install it with: pip install apache-airflow[cncf.kubernetes]
[2022-04-11 17:23:57,530] {processor.py:656} WARNING - No viable dags retrieved from /home/airflow/airflow/env/lib/python3.8/site-packages/airflow/example_dags/example_kubernetes_executor.py
[2022-04-11 17:23:57,534] {processor.py:171} INFO - Processing /home/airflow/airflow/env/lib/python3.8/site-packages/airflow/example_dags/example_kubernetes_executor.py took 0.047 seconds
[2022-04-11 17:24:58,340] {processor.py:163} INFO - Started process (PID=19550) to work on /home/airflow/airflow/env/lib/python3.8/site-packages/airflow/example_dags/example_kubernetes_executor.py
[2022-04-11 17:24:58,341] {processor.py:642} INFO - Processing file /home/airflow/airflow/env/lib/python3.8/site-packages/airflow/example_dags/example_kubernetes_executor.py for tasks to queue
[2022-04-11 17:24:58,342] {logging_mixin.py:109} INFO - [2022-04-11 17:24:58,342] {dagbag.py:500} INFO - Filling up the DagBag from /home/airflow/airflow/env/lib/python3.8/site-packages/airflow/example_dags/example_kubernetes_executor.py
[2022-04-11 17:24:58,353] {logging_mixin.py:109} INFO - [2022-04-11 17:24:58,353] {example_kubernetes_executor.py:38} WARNING - The example_kubernetes_executor example DAG requires the kubernetes provider. Please install it with: pip install apache-airflow[cncf.kubernetes]
[2022-04-11 17:24:58,365] {processor.py:656} WARNING - No viable dags retrieved from /home/airflow/airflow/env/lib/python3.8/site-packages/airflow/example_dags/example_kubernetes_executor.py
[2022-04-11 17:24:58,369] {processor.py:171} INFO - Processing /home/airflow/airflow/env/lib/python3.8/site-packages/airflow/example_dags/example_kubernetes_executor.py took 0.032 seconds
[2022-04-11 17:26:07,643] {processor.py:163} INFO - Started process (PID=19596) to work on /home/airflow/airflow/env/lib/python3.8/site-packages/airflow/example_dags/example_kubernetes_executor.py
[2022-04-11 17:26:07,644] {processor.py:642} INFO - Processing file /home/airflow/airflow/env/lib/python3.8/site-packages/airflow/example_dags/example_kubernetes_executor.py for tasks to queue
[2022-04-11 17:26:07,645] {logging_mixin.py:109} INFO - [2022-04-11 17:26:07,644] {dagbag.py:500} INFO - Filling up the DagBag from /home/airflow/airflow/env/lib/python3.8/site-packages/airflow/example_dags/example_kubernetes_executor.py
[2022-04-11 17:26:07,654] {logging_mixin.py:109} INFO - [2022-04-11 17:26:07,654] {example_kubernetes_executor.py:38} WARNING - The example_kubernetes_executor example DAG requires the kubernetes provider. Please install it with: pip install apache-airflow[cncf.kubernetes]
[2022-04-11 17:26:07,665] {processor.py:656} WARNING - No viable dags retrieved from /home/airflow/airflow/env/lib/python3.8/site-packages/airflow/example_dags/example_kubernetes_executor.py
[2022-04-11 17:26:07,668] {processor.py:171} INFO - Processing /home/airflow/airflow/env/lib/python3.8/site-packages/airflow/example_dags/example_kubernetes_executor.py took 0.028 seconds
[2022-04-11 17:27:03,485] {processor.py:163} INFO - Started process (PID=19793) to work on /home/airflow/airflow/env/lib/python3.8/site-packages/airflow/example_dags/example_kubernetes_executor.py
[2022-04-11 17:27:03,485] {processor.py:642} INFO - Processing file /home/airflow/airflow/env/lib/python3.8/site-packages/airflow/example_dags/example_kubernetes_executor.py for tasks to queue
[2022-04-11 17:27:03,486] {logging_mixin.py:109} INFO - [2022-04-11 17:27:03,486] {dagbag.py:500} INFO - Filling up the DagBag from /home/airflow/airflow/env/lib/python3.8/site-packages/airflow/example_dags/example_kubernetes_executor.py
[2022-04-11 17:27:03,499] {logging_mixin.py:109} INFO - [2022-04-11 17:27:03,499] {example_kubernetes_executor.py:38} WARNING - The example_kubernetes_executor example DAG requires the kubernetes provider. Please install it with: pip install apache-airflow[cncf.kubernetes]
[2022-04-11 17:27:03,523] {processor.py:656} WARNING - No viable dags retrieved from /home/airflow/airflow/env/lib/python3.8/site-packages/airflow/example_dags/example_kubernetes_executor.py
[2022-04-11 17:27:03,527] {processor.py:171} INFO - Processing /home/airflow/airflow/env/lib/python3.8/site-packages/airflow/example_dags/example_kubernetes_executor.py took 0.045 seconds
[2022-04-11 17:28:16,345] {processor.py:163} INFO - Started process (PID=19866) to work on /home/airflow/airflow/env/lib/python3.8/site-packages/airflow/example_dags/example_kubernetes_executor.py
[2022-04-11 17:28:16,346] {processor.py:642} INFO - Processing file /home/airflow/airflow/env/lib/python3.8/site-packages/airflow/example_dags/example_kubernetes_executor.py for tasks to queue
[2022-04-11 17:28:16,347] {logging_mixin.py:109} INFO - [2022-04-11 17:28:16,347] {dagbag.py:500} INFO - Filling up the DagBag from /home/airflow/airflow/env/lib/python3.8/site-packages/airflow/example_dags/example_kubernetes_executor.py
[2022-04-11 17:28:16,357] {logging_mixin.py:109} INFO - [2022-04-11 17:28:16,357] {example_kubernetes_executor.py:38} WARNING - The example_kubernetes_executor example DAG requires the kubernetes provider. Please install it with: pip install apache-airflow[cncf.kubernetes]
[2022-04-11 17:28:16,368] {processor.py:656} WARNING - No viable dags retrieved from /home/airflow/airflow/env/lib/python3.8/site-packages/airflow/example_dags/example_kubernetes_executor.py
[2022-04-11 17:28:16,371] {processor.py:171} INFO - Processing /home/airflow/airflow/env/lib/python3.8/site-packages/airflow/example_dags/example_kubernetes_executor.py took 0.029 seconds
[2022-04-11 17:29:20,593] {processor.py:163} INFO - Started process (PID=19910) to work on /home/airflow/airflow/env/lib/python3.8/site-packages/airflow/example_dags/example_kubernetes_executor.py
[2022-04-11 17:29:20,594] {processor.py:642} INFO - Processing file /home/airflow/airflow/env/lib/python3.8/site-packages/airflow/example_dags/example_kubernetes_executor.py for tasks to queue
[2022-04-11 17:29:20,594] {logging_mixin.py:109} INFO - [2022-04-11 17:29:20,594] {dagbag.py:500} INFO - Filling up the DagBag from /home/airflow/airflow/env/lib/python3.8/site-packages/airflow/example_dags/example_kubernetes_executor.py
[2022-04-11 17:29:20,603] {logging_mixin.py:109} INFO - [2022-04-11 17:29:20,603] {example_kubernetes_executor.py:38} WARNING - The example_kubernetes_executor example DAG requires the kubernetes provider. Please install it with: pip install apache-airflow[cncf.kubernetes]
[2022-04-11 17:29:20,616] {processor.py:656} WARNING - No viable dags retrieved from /home/airflow/airflow/env/lib/python3.8/site-packages/airflow/example_dags/example_kubernetes_executor.py
[2022-04-11 17:29:20,618] {processor.py:171} INFO - Processing /home/airflow/airflow/env/lib/python3.8/site-packages/airflow/example_dags/example_kubernetes_executor.py took 0.029 seconds
[2022-04-11 17:30:21,371] {processor.py:163} INFO - Started process (PID=19951) to work on /home/airflow/airflow/env/lib/python3.8/site-packages/airflow/example_dags/example_kubernetes_executor.py
[2022-04-11 17:30:21,373] {processor.py:642} INFO - Processing file /home/airflow/airflow/env/lib/python3.8/site-packages/airflow/example_dags/example_kubernetes_executor.py for tasks to queue
[2022-04-11 17:30:21,374] {logging_mixin.py:109} INFO - [2022-04-11 17:30:21,374] {dagbag.py:500} INFO - Filling up the DagBag from /home/airflow/airflow/env/lib/python3.8/site-packages/airflow/example_dags/example_kubernetes_executor.py
[2022-04-11 17:30:21,393] {logging_mixin.py:109} INFO - [2022-04-11 17:30:21,393] {example_kubernetes_executor.py:38} WARNING - The example_kubernetes_executor example DAG requires the kubernetes provider. Please install it with: pip install apache-airflow[cncf.kubernetes]
[2022-04-11 17:30:21,420] {processor.py:656} WARNING - No viable dags retrieved from /home/airflow/airflow/env/lib/python3.8/site-packages/airflow/example_dags/example_kubernetes_executor.py
[2022-04-11 17:30:21,427] {processor.py:171} INFO - Processing /home/airflow/airflow/env/lib/python3.8/site-packages/airflow/example_dags/example_kubernetes_executor.py took 0.063 seconds
[2022-04-11 17:31:23,698] {processor.py:163} INFO - Started process (PID=19994) to work on /home/airflow/airflow/env/lib/python3.8/site-packages/airflow/example_dags/example_kubernetes_executor.py
[2022-04-11 17:31:23,699] {processor.py:642} INFO - Processing file /home/airflow/airflow/env/lib/python3.8/site-packages/airflow/example_dags/example_kubernetes_executor.py for tasks to queue
[2022-04-11 17:31:23,700] {logging_mixin.py:109} INFO - [2022-04-11 17:31:23,700] {dagbag.py:500} INFO - Filling up the DagBag from /home/airflow/airflow/env/lib/python3.8/site-packages/airflow/example_dags/example_kubernetes_executor.py
[2022-04-11 17:31:23,715] {logging_mixin.py:109} INFO - [2022-04-11 17:31:23,715] {example_kubernetes_executor.py:38} WARNING - The example_kubernetes_executor example DAG requires the kubernetes provider. Please install it with: pip install apache-airflow[cncf.kubernetes]
[2022-04-11 17:31:23,734] {processor.py:656} WARNING - No viable dags retrieved from /home/airflow/airflow/env/lib/python3.8/site-packages/airflow/example_dags/example_kubernetes_executor.py
[2022-04-11 17:31:23,739] {processor.py:171} INFO - Processing /home/airflow/airflow/env/lib/python3.8/site-packages/airflow/example_dags/example_kubernetes_executor.py took 0.045 seconds
[2022-04-11 17:32:21,432] {processor.py:163} INFO - Started process (PID=20220) to work on /home/airflow/airflow/env/lib/python3.8/site-packages/airflow/example_dags/example_kubernetes_executor.py
[2022-04-11 17:32:21,432] {processor.py:642} INFO - Processing file /home/airflow/airflow/env/lib/python3.8/site-packages/airflow/example_dags/example_kubernetes_executor.py for tasks to queue
[2022-04-11 17:32:21,433] {logging_mixin.py:109} INFO - [2022-04-11 17:32:21,433] {dagbag.py:500} INFO - Filling up the DagBag from /home/airflow/airflow/env/lib/python3.8/site-packages/airflow/example_dags/example_kubernetes_executor.py
[2022-04-11 17:32:21,444] {logging_mixin.py:109} INFO - [2022-04-11 17:32:21,444] {example_kubernetes_executor.py:38} WARNING - The example_kubernetes_executor example DAG requires the kubernetes provider. Please install it with: pip install apache-airflow[cncf.kubernetes]
[2022-04-11 17:32:21,458] {processor.py:656} WARNING - No viable dags retrieved from /home/airflow/airflow/env/lib/python3.8/site-packages/airflow/example_dags/example_kubernetes_executor.py
[2022-04-11 17:32:21,462] {processor.py:171} INFO - Processing /home/airflow/airflow/env/lib/python3.8/site-packages/airflow/example_dags/example_kubernetes_executor.py took 0.034 seconds
[2022-04-11 17:33:22,559] {processor.py:163} INFO - Started process (PID=20296) to work on /home/airflow/airflow/env/lib/python3.8/site-packages/airflow/example_dags/example_kubernetes_executor.py
[2022-04-11 17:33:22,559] {processor.py:642} INFO - Processing file /home/airflow/airflow/env/lib/python3.8/site-packages/airflow/example_dags/example_kubernetes_executor.py for tasks to queue
[2022-04-11 17:33:22,560] {logging_mixin.py:109} INFO - [2022-04-11 17:33:22,560] {dagbag.py:500} INFO - Filling up the DagBag from /home/airflow/airflow/env/lib/python3.8/site-packages/airflow/example_dags/example_kubernetes_executor.py
[2022-04-11 17:33:22,568] {logging_mixin.py:109} INFO - [2022-04-11 17:33:22,568] {example_kubernetes_executor.py:38} WARNING - The example_kubernetes_executor example DAG requires the kubernetes provider. Please install it with: pip install apache-airflow[cncf.kubernetes]
[2022-04-11 17:33:22,579] {processor.py:656} WARNING - No viable dags retrieved from /home/airflow/airflow/env/lib/python3.8/site-packages/airflow/example_dags/example_kubernetes_executor.py
[2022-04-11 17:33:22,581] {processor.py:171} INFO - Processing /home/airflow/airflow/env/lib/python3.8/site-packages/airflow/example_dags/example_kubernetes_executor.py took 0.025 seconds
[2022-04-11 17:34:22,967] {processor.py:163} INFO - Started process (PID=20375) to work on /home/airflow/airflow/env/lib/python3.8/site-packages/airflow/example_dags/example_kubernetes_executor.py
[2022-04-11 17:34:22,967] {processor.py:642} INFO - Processing file /home/airflow/airflow/env/lib/python3.8/site-packages/airflow/example_dags/example_kubernetes_executor.py for tasks to queue
[2022-04-11 17:34:22,968] {logging_mixin.py:109} INFO - [2022-04-11 17:34:22,968] {dagbag.py:500} INFO - Filling up the DagBag from /home/airflow/airflow/env/lib/python3.8/site-packages/airflow/example_dags/example_kubernetes_executor.py
[2022-04-11 17:34:22,978] {logging_mixin.py:109} INFO - [2022-04-11 17:34:22,977] {example_kubernetes_executor.py:38} WARNING - The example_kubernetes_executor example DAG requires the kubernetes provider. Please install it with: pip install apache-airflow[cncf.kubernetes]
[2022-04-11 17:34:22,989] {processor.py:656} WARNING - No viable dags retrieved from /home/airflow/airflow/env/lib/python3.8/site-packages/airflow/example_dags/example_kubernetes_executor.py
[2022-04-11 17:34:22,992] {processor.py:171} INFO - Processing /home/airflow/airflow/env/lib/python3.8/site-packages/airflow/example_dags/example_kubernetes_executor.py took 0.028 seconds
[2022-04-11 17:35:25,351] {processor.py:163} INFO - Started process (PID=20482) to work on /home/airflow/airflow/env/lib/python3.8/site-packages/airflow/example_dags/example_kubernetes_executor.py
[2022-04-11 17:35:25,352] {processor.py:642} INFO - Processing file /home/airflow/airflow/env/lib/python3.8/site-packages/airflow/example_dags/example_kubernetes_executor.py for tasks to queue
[2022-04-11 17:35:25,353] {logging_mixin.py:109} INFO - [2022-04-11 17:35:25,353] {dagbag.py:500} INFO - Filling up the DagBag from /home/airflow/airflow/env/lib/python3.8/site-packages/airflow/example_dags/example_kubernetes_executor.py
[2022-04-11 17:35:25,364] {logging_mixin.py:109} INFO - [2022-04-11 17:35:25,364] {example_kubernetes_executor.py:38} WARNING - The example_kubernetes_executor example DAG requires the kubernetes provider. Please install it with: pip install apache-airflow[cncf.kubernetes]
[2022-04-11 17:35:25,377] {processor.py:656} WARNING - No viable dags retrieved from /home/airflow/airflow/env/lib/python3.8/site-packages/airflow/example_dags/example_kubernetes_executor.py
[2022-04-11 17:35:25,380] {processor.py:171} INFO - Processing /home/airflow/airflow/env/lib/python3.8/site-packages/airflow/example_dags/example_kubernetes_executor.py took 0.033 seconds
[2022-04-11 17:36:32,075] {processor.py:163} INFO - Started process (PID=20796) to work on /home/airflow/airflow/env/lib/python3.8/site-packages/airflow/example_dags/example_kubernetes_executor.py
[2022-04-11 17:36:32,076] {processor.py:642} INFO - Processing file /home/airflow/airflow/env/lib/python3.8/site-packages/airflow/example_dags/example_kubernetes_executor.py for tasks to queue
[2022-04-11 17:36:32,077] {logging_mixin.py:109} INFO - [2022-04-11 17:36:32,077] {dagbag.py:500} INFO - Filling up the DagBag from /home/airflow/airflow/env/lib/python3.8/site-packages/airflow/example_dags/example_kubernetes_executor.py
[2022-04-11 17:36:32,092] {logging_mixin.py:109} INFO - [2022-04-11 17:36:32,091] {example_kubernetes_executor.py:38} WARNING - The example_kubernetes_executor example DAG requires the kubernetes provider. Please install it with: pip install apache-airflow[cncf.kubernetes]
[2022-04-11 17:36:32,108] {processor.py:656} WARNING - No viable dags retrieved from /home/airflow/airflow/env/lib/python3.8/site-packages/airflow/example_dags/example_kubernetes_executor.py
[2022-04-11 17:36:32,111] {processor.py:171} INFO - Processing /home/airflow/airflow/env/lib/python3.8/site-packages/airflow/example_dags/example_kubernetes_executor.py took 0.041 seconds
[2022-04-11 17:37:37,586] {processor.py:163} INFO - Started process (PID=21002) to work on /home/airflow/airflow/env/lib/python3.8/site-packages/airflow/example_dags/example_kubernetes_executor.py
[2022-04-11 17:37:37,605] {processor.py:642} INFO - Processing file /home/airflow/airflow/env/lib/python3.8/site-packages/airflow/example_dags/example_kubernetes_executor.py for tasks to queue
[2022-04-11 17:37:37,606] {logging_mixin.py:109} INFO - [2022-04-11 17:37:37,606] {dagbag.py:500} INFO - Filling up the DagBag from /home/airflow/airflow/env/lib/python3.8/site-packages/airflow/example_dags/example_kubernetes_executor.py
[2022-04-11 17:37:37,640] {logging_mixin.py:109} INFO - [2022-04-11 17:37:37,640] {example_kubernetes_executor.py:38} WARNING - The example_kubernetes_executor example DAG requires the kubernetes provider. Please install it with: pip install apache-airflow[cncf.kubernetes]
[2022-04-11 17:37:37,699] {processor.py:656} WARNING - No viable dags retrieved from /home/airflow/airflow/env/lib/python3.8/site-packages/airflow/example_dags/example_kubernetes_executor.py
[2022-04-11 17:37:37,708] {processor.py:171} INFO - Processing /home/airflow/airflow/env/lib/python3.8/site-packages/airflow/example_dags/example_kubernetes_executor.py took 0.135 seconds
[2022-04-11 17:39:02,528] {processor.py:163} INFO - Started process (PID=21133) to work on /home/airflow/airflow/env/lib/python3.8/site-packages/airflow/example_dags/example_kubernetes_executor.py
[2022-04-11 17:39:02,530] {processor.py:642} INFO - Processing file /home/airflow/airflow/env/lib/python3.8/site-packages/airflow/example_dags/example_kubernetes_executor.py for tasks to queue
[2022-04-11 17:39:02,531] {logging_mixin.py:109} INFO - [2022-04-11 17:39:02,531] {dagbag.py:500} INFO - Filling up the DagBag from /home/airflow/airflow/env/lib/python3.8/site-packages/airflow/example_dags/example_kubernetes_executor.py
[2022-04-11 17:39:02,571] {logging_mixin.py:109} INFO - [2022-04-11 17:39:02,571] {example_kubernetes_executor.py:38} WARNING - The example_kubernetes_executor example DAG requires the kubernetes provider. Please install it with: pip install apache-airflow[cncf.kubernetes]
[2022-04-11 17:39:02,603] {processor.py:656} WARNING - No viable dags retrieved from /home/airflow/airflow/env/lib/python3.8/site-packages/airflow/example_dags/example_kubernetes_executor.py
[2022-04-11 17:39:02,609] {processor.py:171} INFO - Processing /home/airflow/airflow/env/lib/python3.8/site-packages/airflow/example_dags/example_kubernetes_executor.py took 0.090 seconds
[2022-04-11 17:39:57,603] {processor.py:163} INFO - Started process (PID=21230) to work on /home/airflow/airflow/env/lib/python3.8/site-packages/airflow/example_dags/example_kubernetes_executor.py
[2022-04-11 17:39:57,605] {processor.py:642} INFO - Processing file /home/airflow/airflow/env/lib/python3.8/site-packages/airflow/example_dags/example_kubernetes_executor.py for tasks to queue
[2022-04-11 17:39:57,605] {logging_mixin.py:109} INFO - [2022-04-11 17:39:57,605] {dagbag.py:500} INFO - Filling up the DagBag from /home/airflow/airflow/env/lib/python3.8/site-packages/airflow/example_dags/example_kubernetes_executor.py
[2022-04-11 17:39:57,617] {logging_mixin.py:109} INFO - [2022-04-11 17:39:57,616] {example_kubernetes_executor.py:38} WARNING - The example_kubernetes_executor example DAG requires the kubernetes provider. Please install it with: pip install apache-airflow[cncf.kubernetes]
[2022-04-11 17:39:57,630] {processor.py:656} WARNING - No viable dags retrieved from /home/airflow/airflow/env/lib/python3.8/site-packages/airflow/example_dags/example_kubernetes_executor.py
[2022-04-11 17:39:57,633] {processor.py:171} INFO - Processing /home/airflow/airflow/env/lib/python3.8/site-packages/airflow/example_dags/example_kubernetes_executor.py took 0.034 seconds
[2022-04-11 17:41:19,974] {processor.py:163} INFO - Started process (PID=21400) to work on /home/airflow/airflow/env/lib/python3.8/site-packages/airflow/example_dags/example_kubernetes_executor.py
[2022-04-11 17:41:19,976] {processor.py:642} INFO - Processing file /home/airflow/airflow/env/lib/python3.8/site-packages/airflow/example_dags/example_kubernetes_executor.py for tasks to queue
[2022-04-11 17:41:19,976] {logging_mixin.py:109} INFO - [2022-04-11 17:41:19,976] {dagbag.py:500} INFO - Filling up the DagBag from /home/airflow/airflow/env/lib/python3.8/site-packages/airflow/example_dags/example_kubernetes_executor.py
[2022-04-11 17:41:19,985] {logging_mixin.py:109} INFO - [2022-04-11 17:41:19,985] {example_kubernetes_executor.py:38} WARNING - The example_kubernetes_executor example DAG requires the kubernetes provider. Please install it with: pip install apache-airflow[cncf.kubernetes]
[2022-04-11 17:41:19,997] {processor.py:656} WARNING - No viable dags retrieved from /home/airflow/airflow/env/lib/python3.8/site-packages/airflow/example_dags/example_kubernetes_executor.py
[2022-04-11 17:41:20,000] {processor.py:171} INFO - Processing /home/airflow/airflow/env/lib/python3.8/site-packages/airflow/example_dags/example_kubernetes_executor.py took 0.029 seconds
[2022-04-11 17:42:31,228] {processor.py:163} INFO - Started process (PID=21796) to work on /home/airflow/airflow/env/lib/python3.8/site-packages/airflow/example_dags/example_kubernetes_executor.py
[2022-04-11 17:42:31,233] {processor.py:642} INFO - Processing file /home/airflow/airflow/env/lib/python3.8/site-packages/airflow/example_dags/example_kubernetes_executor.py for tasks to queue
[2022-04-11 17:42:31,233] {logging_mixin.py:109} INFO - [2022-04-11 17:42:31,233] {dagbag.py:500} INFO - Filling up the DagBag from /home/airflow/airflow/env/lib/python3.8/site-packages/airflow/example_dags/example_kubernetes_executor.py
[2022-04-11 17:42:31,253] {logging_mixin.py:109} INFO - [2022-04-11 17:42:31,252] {example_kubernetes_executor.py:38} WARNING - The example_kubernetes_executor example DAG requires the kubernetes provider. Please install it with: pip install apache-airflow[cncf.kubernetes]
[2022-04-11 17:42:31,284] {processor.py:656} WARNING - No viable dags retrieved from /home/airflow/airflow/env/lib/python3.8/site-packages/airflow/example_dags/example_kubernetes_executor.py
[2022-04-11 17:42:31,291] {processor.py:171} INFO - Processing /home/airflow/airflow/env/lib/python3.8/site-packages/airflow/example_dags/example_kubernetes_executor.py took 0.071 seconds
[2022-04-11 17:43:33,302] {processor.py:163} INFO - Started process (PID=21977) to work on /home/airflow/airflow/env/lib/python3.8/site-packages/airflow/example_dags/example_kubernetes_executor.py
[2022-04-11 17:43:33,303] {processor.py:642} INFO - Processing file /home/airflow/airflow/env/lib/python3.8/site-packages/airflow/example_dags/example_kubernetes_executor.py for tasks to queue
[2022-04-11 17:43:33,303] {logging_mixin.py:109} INFO - [2022-04-11 17:43:33,303] {dagbag.py:500} INFO - Filling up the DagBag from /home/airflow/airflow/env/lib/python3.8/site-packages/airflow/example_dags/example_kubernetes_executor.py
[2022-04-11 17:43:33,315] {logging_mixin.py:109} INFO - [2022-04-11 17:43:33,315] {example_kubernetes_executor.py:38} WARNING - The example_kubernetes_executor example DAG requires the kubernetes provider. Please install it with: pip install apache-airflow[cncf.kubernetes]
[2022-04-11 17:43:33,328] {processor.py:656} WARNING - No viable dags retrieved from /home/airflow/airflow/env/lib/python3.8/site-packages/airflow/example_dags/example_kubernetes_executor.py
[2022-04-11 17:43:33,331] {processor.py:171} INFO - Processing /home/airflow/airflow/env/lib/python3.8/site-packages/airflow/example_dags/example_kubernetes_executor.py took 0.032 seconds
[2022-04-11 17:44:43,347] {processor.py:163} INFO - Started process (PID=22295) to work on /home/airflow/airflow/env/lib/python3.8/site-packages/airflow/example_dags/example_kubernetes_executor.py
[2022-04-11 17:44:43,350] {processor.py:642} INFO - Processing file /home/airflow/airflow/env/lib/python3.8/site-packages/airflow/example_dags/example_kubernetes_executor.py for tasks to queue
[2022-04-11 17:44:43,351] {logging_mixin.py:109} INFO - [2022-04-11 17:44:43,350] {dagbag.py:500} INFO - Filling up the DagBag from /home/airflow/airflow/env/lib/python3.8/site-packages/airflow/example_dags/example_kubernetes_executor.py
[2022-04-11 17:44:43,365] {logging_mixin.py:109} INFO - [2022-04-11 17:44:43,365] {example_kubernetes_executor.py:38} WARNING - The example_kubernetes_executor example DAG requires the kubernetes provider. Please install it with: pip install apache-airflow[cncf.kubernetes]
[2022-04-11 17:44:43,383] {processor.py:656} WARNING - No viable dags retrieved from /home/airflow/airflow/env/lib/python3.8/site-packages/airflow/example_dags/example_kubernetes_executor.py
[2022-04-11 17:44:43,388] {processor.py:171} INFO - Processing /home/airflow/airflow/env/lib/python3.8/site-packages/airflow/example_dags/example_kubernetes_executor.py took 0.046 seconds
