[2022-03-23 18:35:54,013] {processor.py:163} INFO - Started process (PID=5163) to work on /home/airflow/env/lib/python3.8/site-packages/airflow/example_dags/plugins/workday.py
[2022-03-23 18:35:54,014] {processor.py:642} INFO - Processing file /home/airflow/env/lib/python3.8/site-packages/airflow/example_dags/plugins/workday.py for tasks to queue
[2022-03-23 18:35:54,014] {logging_mixin.py:109} INFO - [2022-03-23 18:35:54,014] {dagbag.py:500} INFO - Filling up the DagBag from /home/airflow/env/lib/python3.8/site-packages/airflow/example_dags/plugins/workday.py
[2022-03-23 18:35:54,026] {processor.py:656} WARNING - No viable dags retrieved from /home/airflow/env/lib/python3.8/site-packages/airflow/example_dags/plugins/workday.py
[2022-03-23 18:35:54,028] {processor.py:171} INFO - Processing /home/airflow/env/lib/python3.8/site-packages/airflow/example_dags/plugins/workday.py took 0.017 seconds
[2022-03-23 18:36:28,381] {processor.py:163} INFO - Started process (PID=5195) to work on /home/airflow/env/lib/python3.8/site-packages/airflow/example_dags/plugins/workday.py
[2022-03-23 18:36:28,383] {processor.py:642} INFO - Processing file /home/airflow/env/lib/python3.8/site-packages/airflow/example_dags/plugins/workday.py for tasks to queue
[2022-03-23 18:36:28,383] {logging_mixin.py:109} INFO - [2022-03-23 18:36:28,383] {dagbag.py:500} INFO - Filling up the DagBag from /home/airflow/env/lib/python3.8/site-packages/airflow/example_dags/plugins/workday.py
[2022-03-23 18:36:28,394] {processor.py:656} WARNING - No viable dags retrieved from /home/airflow/env/lib/python3.8/site-packages/airflow/example_dags/plugins/workday.py
[2022-03-23 18:36:28,396] {processor.py:171} INFO - Processing /home/airflow/env/lib/python3.8/site-packages/airflow/example_dags/plugins/workday.py took 0.017 seconds
[2022-03-23 18:37:01,128] {processor.py:163} INFO - Started process (PID=5348) to work on /home/airflow/env/lib/python3.8/site-packages/airflow/example_dags/plugins/workday.py
[2022-03-23 18:37:01,129] {processor.py:642} INFO - Processing file /home/airflow/env/lib/python3.8/site-packages/airflow/example_dags/plugins/workday.py for tasks to queue
[2022-03-23 18:37:01,129] {logging_mixin.py:109} INFO - [2022-03-23 18:37:01,129] {dagbag.py:500} INFO - Filling up the DagBag from /home/airflow/env/lib/python3.8/site-packages/airflow/example_dags/plugins/workday.py
[2022-03-23 18:37:01,139] {processor.py:656} WARNING - No viable dags retrieved from /home/airflow/env/lib/python3.8/site-packages/airflow/example_dags/plugins/workday.py
[2022-03-23 18:37:01,141] {processor.py:171} INFO - Processing /home/airflow/env/lib/python3.8/site-packages/airflow/example_dags/plugins/workday.py took 0.016 seconds
[2022-03-23 18:37:36,977] {processor.py:163} INFO - Started process (PID=5385) to work on /home/airflow/env/lib/python3.8/site-packages/airflow/example_dags/plugins/workday.py
[2022-03-23 18:37:36,979] {processor.py:642} INFO - Processing file /home/airflow/env/lib/python3.8/site-packages/airflow/example_dags/plugins/workday.py for tasks to queue
[2022-03-23 18:37:36,979] {logging_mixin.py:109} INFO - [2022-03-23 18:37:36,979] {dagbag.py:500} INFO - Filling up the DagBag from /home/airflow/env/lib/python3.8/site-packages/airflow/example_dags/plugins/workday.py
[2022-03-23 18:37:36,988] {processor.py:656} WARNING - No viable dags retrieved from /home/airflow/env/lib/python3.8/site-packages/airflow/example_dags/plugins/workday.py
[2022-03-23 18:37:36,990] {processor.py:171} INFO - Processing /home/airflow/env/lib/python3.8/site-packages/airflow/example_dags/plugins/workday.py took 0.016 seconds
[2022-03-23 18:38:11,018] {processor.py:163} INFO - Started process (PID=5476) to work on /home/airflow/env/lib/python3.8/site-packages/airflow/example_dags/plugins/workday.py
[2022-03-23 18:38:11,020] {processor.py:642} INFO - Processing file /home/airflow/env/lib/python3.8/site-packages/airflow/example_dags/plugins/workday.py for tasks to queue
[2022-03-23 18:38:11,020] {logging_mixin.py:109} INFO - [2022-03-23 18:38:11,020] {dagbag.py:500} INFO - Filling up the DagBag from /home/airflow/env/lib/python3.8/site-packages/airflow/example_dags/plugins/workday.py
[2022-03-23 18:38:11,031] {processor.py:656} WARNING - No viable dags retrieved from /home/airflow/env/lib/python3.8/site-packages/airflow/example_dags/plugins/workday.py
[2022-03-23 18:38:11,032] {processor.py:171} INFO - Processing /home/airflow/env/lib/python3.8/site-packages/airflow/example_dags/plugins/workday.py took 0.017 seconds
[2022-03-23 18:38:46,420] {processor.py:163} INFO - Started process (PID=5509) to work on /home/airflow/env/lib/python3.8/site-packages/airflow/example_dags/plugins/workday.py
[2022-03-23 18:38:46,421] {processor.py:642} INFO - Processing file /home/airflow/env/lib/python3.8/site-packages/airflow/example_dags/plugins/workday.py for tasks to queue
[2022-03-23 18:38:46,421] {logging_mixin.py:109} INFO - [2022-03-23 18:38:46,421] {dagbag.py:500} INFO - Filling up the DagBag from /home/airflow/env/lib/python3.8/site-packages/airflow/example_dags/plugins/workday.py
[2022-03-23 18:38:46,429] {processor.py:656} WARNING - No viable dags retrieved from /home/airflow/env/lib/python3.8/site-packages/airflow/example_dags/plugins/workday.py
[2022-03-23 18:38:46,433] {processor.py:171} INFO - Processing /home/airflow/env/lib/python3.8/site-packages/airflow/example_dags/plugins/workday.py took 0.015 seconds
[2022-03-23 18:39:27,565] {processor.py:163} INFO - Started process (PID=5566) to work on /home/airflow/env/lib/python3.8/site-packages/airflow/example_dags/plugins/workday.py
[2022-03-23 18:39:27,570] {processor.py:642} INFO - Processing file /home/airflow/env/lib/python3.8/site-packages/airflow/example_dags/plugins/workday.py for tasks to queue
[2022-03-23 18:39:27,570] {logging_mixin.py:109} INFO - [2022-03-23 18:39:27,570] {dagbag.py:500} INFO - Filling up the DagBag from /home/airflow/env/lib/python3.8/site-packages/airflow/example_dags/plugins/workday.py
[2022-03-23 18:39:27,580] {processor.py:656} WARNING - No viable dags retrieved from /home/airflow/env/lib/python3.8/site-packages/airflow/example_dags/plugins/workday.py
[2022-03-23 18:39:27,582] {processor.py:171} INFO - Processing /home/airflow/env/lib/python3.8/site-packages/airflow/example_dags/plugins/workday.py took 0.020 seconds
[2022-03-23 18:40:04,567] {processor.py:163} INFO - Started process (PID=5719) to work on /home/airflow/env/lib/python3.8/site-packages/airflow/example_dags/plugins/workday.py
[2022-03-23 18:40:04,568] {processor.py:642} INFO - Processing file /home/airflow/env/lib/python3.8/site-packages/airflow/example_dags/plugins/workday.py for tasks to queue
[2022-03-23 18:40:04,569] {logging_mixin.py:109} INFO - [2022-03-23 18:40:04,569] {dagbag.py:500} INFO - Filling up the DagBag from /home/airflow/env/lib/python3.8/site-packages/airflow/example_dags/plugins/workday.py
[2022-03-23 18:40:04,580] {processor.py:656} WARNING - No viable dags retrieved from /home/airflow/env/lib/python3.8/site-packages/airflow/example_dags/plugins/workday.py
[2022-03-23 18:40:04,583] {processor.py:171} INFO - Processing /home/airflow/env/lib/python3.8/site-packages/airflow/example_dags/plugins/workday.py took 0.019 seconds
[2022-03-23 18:40:39,193] {processor.py:163} INFO - Started process (PID=5883) to work on /home/airflow/env/lib/python3.8/site-packages/airflow/example_dags/plugins/workday.py
[2022-03-23 18:40:39,195] {processor.py:642} INFO - Processing file /home/airflow/env/lib/python3.8/site-packages/airflow/example_dags/plugins/workday.py for tasks to queue
[2022-03-23 18:40:39,196] {logging_mixin.py:109} INFO - [2022-03-23 18:40:39,196] {dagbag.py:500} INFO - Filling up the DagBag from /home/airflow/env/lib/python3.8/site-packages/airflow/example_dags/plugins/workday.py
[2022-03-23 18:40:39,216] {processor.py:656} WARNING - No viable dags retrieved from /home/airflow/env/lib/python3.8/site-packages/airflow/example_dags/plugins/workday.py
[2022-03-23 18:40:39,217] {processor.py:171} INFO - Processing /home/airflow/env/lib/python3.8/site-packages/airflow/example_dags/plugins/workday.py took 0.027 seconds
[2022-03-23 18:41:13,076] {processor.py:163} INFO - Started process (PID=5999) to work on /home/airflow/env/lib/python3.8/site-packages/airflow/example_dags/plugins/workday.py
[2022-03-23 18:41:13,082] {processor.py:642} INFO - Processing file /home/airflow/env/lib/python3.8/site-packages/airflow/example_dags/plugins/workday.py for tasks to queue
[2022-03-23 18:41:13,082] {logging_mixin.py:109} INFO - [2022-03-23 18:41:13,082] {dagbag.py:500} INFO - Filling up the DagBag from /home/airflow/env/lib/python3.8/site-packages/airflow/example_dags/plugins/workday.py
[2022-03-23 18:41:13,098] {processor.py:656} WARNING - No viable dags retrieved from /home/airflow/env/lib/python3.8/site-packages/airflow/example_dags/plugins/workday.py
[2022-03-23 18:41:13,105] {processor.py:171} INFO - Processing /home/airflow/env/lib/python3.8/site-packages/airflow/example_dags/plugins/workday.py took 0.031 seconds
[2022-03-23 18:42:00,439] {processor.py:163} INFO - Started process (PID=6233) to work on /home/airflow/env/lib/python3.8/site-packages/airflow/example_dags/plugins/workday.py
[2022-03-23 18:42:00,440] {processor.py:642} INFO - Processing file /home/airflow/env/lib/python3.8/site-packages/airflow/example_dags/plugins/workday.py for tasks to queue
[2022-03-23 18:42:00,441] {logging_mixin.py:109} INFO - [2022-03-23 18:42:00,441] {dagbag.py:500} INFO - Filling up the DagBag from /home/airflow/env/lib/python3.8/site-packages/airflow/example_dags/plugins/workday.py
[2022-03-23 18:42:00,456] {processor.py:656} WARNING - No viable dags retrieved from /home/airflow/env/lib/python3.8/site-packages/airflow/example_dags/plugins/workday.py
[2022-03-23 18:42:00,458] {processor.py:171} INFO - Processing /home/airflow/env/lib/python3.8/site-packages/airflow/example_dags/plugins/workday.py took 0.022 seconds
[2022-03-23 18:42:32,840] {processor.py:163} INFO - Started process (PID=6370) to work on /home/airflow/env/lib/python3.8/site-packages/airflow/example_dags/plugins/workday.py
[2022-03-23 18:42:32,854] {processor.py:642} INFO - Processing file /home/airflow/env/lib/python3.8/site-packages/airflow/example_dags/plugins/workday.py for tasks to queue
[2022-03-23 18:42:32,855] {logging_mixin.py:109} INFO - [2022-03-23 18:42:32,855] {dagbag.py:500} INFO - Filling up the DagBag from /home/airflow/env/lib/python3.8/site-packages/airflow/example_dags/plugins/workday.py
[2022-03-23 18:42:32,892] {processor.py:656} WARNING - No viable dags retrieved from /home/airflow/env/lib/python3.8/site-packages/airflow/example_dags/plugins/workday.py
[2022-03-23 18:42:32,906] {processor.py:171} INFO - Processing /home/airflow/env/lib/python3.8/site-packages/airflow/example_dags/plugins/workday.py took 0.069 seconds
[2022-03-23 18:43:07,998] {processor.py:163} INFO - Started process (PID=6450) to work on /home/airflow/env/lib/python3.8/site-packages/airflow/example_dags/plugins/workday.py
[2022-03-23 18:43:07,999] {processor.py:642} INFO - Processing file /home/airflow/env/lib/python3.8/site-packages/airflow/example_dags/plugins/workday.py for tasks to queue
[2022-03-23 18:43:08,000] {logging_mixin.py:109} INFO - [2022-03-23 18:43:08,000] {dagbag.py:500} INFO - Filling up the DagBag from /home/airflow/env/lib/python3.8/site-packages/airflow/example_dags/plugins/workday.py
[2022-03-23 18:43:08,014] {processor.py:656} WARNING - No viable dags retrieved from /home/airflow/env/lib/python3.8/site-packages/airflow/example_dags/plugins/workday.py
[2022-03-23 18:43:08,017] {processor.py:171} INFO - Processing /home/airflow/env/lib/python3.8/site-packages/airflow/example_dags/plugins/workday.py took 0.023 seconds
[2022-03-23 18:43:44,251] {processor.py:163} INFO - Started process (PID=6486) to work on /home/airflow/env/lib/python3.8/site-packages/airflow/example_dags/plugins/workday.py
[2022-03-23 18:43:44,254] {processor.py:642} INFO - Processing file /home/airflow/env/lib/python3.8/site-packages/airflow/example_dags/plugins/workday.py for tasks to queue
[2022-03-23 18:43:44,254] {logging_mixin.py:109} INFO - [2022-03-23 18:43:44,254] {dagbag.py:500} INFO - Filling up the DagBag from /home/airflow/env/lib/python3.8/site-packages/airflow/example_dags/plugins/workday.py
[2022-03-23 18:43:44,267] {processor.py:656} WARNING - No viable dags retrieved from /home/airflow/env/lib/python3.8/site-packages/airflow/example_dags/plugins/workday.py
[2022-03-23 18:43:44,269] {processor.py:171} INFO - Processing /home/airflow/env/lib/python3.8/site-packages/airflow/example_dags/plugins/workday.py took 0.022 seconds
[2022-03-23 18:44:20,904] {processor.py:163} INFO - Started process (PID=6519) to work on /home/airflow/env/lib/python3.8/site-packages/airflow/example_dags/plugins/workday.py
[2022-03-23 18:44:20,906] {processor.py:642} INFO - Processing file /home/airflow/env/lib/python3.8/site-packages/airflow/example_dags/plugins/workday.py for tasks to queue
[2022-03-23 18:44:20,907] {logging_mixin.py:109} INFO - [2022-03-23 18:44:20,907] {dagbag.py:500} INFO - Filling up the DagBag from /home/airflow/env/lib/python3.8/site-packages/airflow/example_dags/plugins/workday.py
[2022-03-23 18:44:20,922] {processor.py:656} WARNING - No viable dags retrieved from /home/airflow/env/lib/python3.8/site-packages/airflow/example_dags/plugins/workday.py
[2022-03-23 18:44:20,925] {processor.py:171} INFO - Processing /home/airflow/env/lib/python3.8/site-packages/airflow/example_dags/plugins/workday.py took 0.025 seconds
[2022-03-23 18:44:55,920] {processor.py:163} INFO - Started process (PID=6551) to work on /home/airflow/env/lib/python3.8/site-packages/airflow/example_dags/plugins/workday.py
[2022-03-23 18:44:55,921] {processor.py:642} INFO - Processing file /home/airflow/env/lib/python3.8/site-packages/airflow/example_dags/plugins/workday.py for tasks to queue
[2022-03-23 18:44:55,922] {logging_mixin.py:109} INFO - [2022-03-23 18:44:55,922] {dagbag.py:500} INFO - Filling up the DagBag from /home/airflow/env/lib/python3.8/site-packages/airflow/example_dags/plugins/workday.py
[2022-03-23 18:44:55,934] {processor.py:656} WARNING - No viable dags retrieved from /home/airflow/env/lib/python3.8/site-packages/airflow/example_dags/plugins/workday.py
[2022-03-23 18:44:55,936] {processor.py:171} INFO - Processing /home/airflow/env/lib/python3.8/site-packages/airflow/example_dags/plugins/workday.py took 0.019 seconds
[2022-03-23 18:45:30,940] {processor.py:163} INFO - Started process (PID=6611) to work on /home/airflow/env/lib/python3.8/site-packages/airflow/example_dags/plugins/workday.py
[2022-03-23 18:45:30,942] {processor.py:642} INFO - Processing file /home/airflow/env/lib/python3.8/site-packages/airflow/example_dags/plugins/workday.py for tasks to queue
[2022-03-23 18:45:30,942] {logging_mixin.py:109} INFO - [2022-03-23 18:45:30,942] {dagbag.py:500} INFO - Filling up the DagBag from /home/airflow/env/lib/python3.8/site-packages/airflow/example_dags/plugins/workday.py
[2022-03-23 18:45:30,953] {processor.py:656} WARNING - No viable dags retrieved from /home/airflow/env/lib/python3.8/site-packages/airflow/example_dags/plugins/workday.py
[2022-03-23 18:45:30,954] {processor.py:171} INFO - Processing /home/airflow/env/lib/python3.8/site-packages/airflow/example_dags/plugins/workday.py took 0.017 seconds
[2022-03-23 18:46:05,519] {processor.py:163} INFO - Started process (PID=6670) to work on /home/airflow/env/lib/python3.8/site-packages/airflow/example_dags/plugins/workday.py
[2022-03-23 18:46:05,520] {processor.py:642} INFO - Processing file /home/airflow/env/lib/python3.8/site-packages/airflow/example_dags/plugins/workday.py for tasks to queue
[2022-03-23 18:46:05,521] {logging_mixin.py:109} INFO - [2022-03-23 18:46:05,521] {dagbag.py:500} INFO - Filling up the DagBag from /home/airflow/env/lib/python3.8/site-packages/airflow/example_dags/plugins/workday.py
[2022-03-23 18:46:05,535] {processor.py:656} WARNING - No viable dags retrieved from /home/airflow/env/lib/python3.8/site-packages/airflow/example_dags/plugins/workday.py
[2022-03-23 18:46:05,537] {processor.py:171} INFO - Processing /home/airflow/env/lib/python3.8/site-packages/airflow/example_dags/plugins/workday.py took 0.022 seconds
[2022-03-23 18:46:40,679] {processor.py:163} INFO - Started process (PID=6706) to work on /home/airflow/env/lib/python3.8/site-packages/airflow/example_dags/plugins/workday.py
[2022-03-23 18:46:40,681] {processor.py:642} INFO - Processing file /home/airflow/env/lib/python3.8/site-packages/airflow/example_dags/plugins/workday.py for tasks to queue
[2022-03-23 18:46:40,681] {logging_mixin.py:109} INFO - [2022-03-23 18:46:40,681] {dagbag.py:500} INFO - Filling up the DagBag from /home/airflow/env/lib/python3.8/site-packages/airflow/example_dags/plugins/workday.py
[2022-03-23 18:46:40,693] {processor.py:656} WARNING - No viable dags retrieved from /home/airflow/env/lib/python3.8/site-packages/airflow/example_dags/plugins/workday.py
[2022-03-23 18:46:40,694] {processor.py:171} INFO - Processing /home/airflow/env/lib/python3.8/site-packages/airflow/example_dags/plugins/workday.py took 0.018 seconds
[2022-03-23 18:47:17,396] {processor.py:163} INFO - Started process (PID=6740) to work on /home/airflow/env/lib/python3.8/site-packages/airflow/example_dags/plugins/workday.py
[2022-03-23 18:47:17,400] {processor.py:642} INFO - Processing file /home/airflow/env/lib/python3.8/site-packages/airflow/example_dags/plugins/workday.py for tasks to queue
[2022-03-23 18:47:17,401] {logging_mixin.py:109} INFO - [2022-03-23 18:47:17,401] {dagbag.py:500} INFO - Filling up the DagBag from /home/airflow/env/lib/python3.8/site-packages/airflow/example_dags/plugins/workday.py
[2022-03-23 18:47:17,413] {processor.py:656} WARNING - No viable dags retrieved from /home/airflow/env/lib/python3.8/site-packages/airflow/example_dags/plugins/workday.py
[2022-03-23 18:47:17,415] {processor.py:171} INFO - Processing /home/airflow/env/lib/python3.8/site-packages/airflow/example_dags/plugins/workday.py took 0.022 seconds
[2022-03-23 18:47:52,681] {processor.py:163} INFO - Started process (PID=6772) to work on /home/airflow/env/lib/python3.8/site-packages/airflow/example_dags/plugins/workday.py
[2022-03-23 18:47:52,683] {processor.py:642} INFO - Processing file /home/airflow/env/lib/python3.8/site-packages/airflow/example_dags/plugins/workday.py for tasks to queue
[2022-03-23 18:47:52,683] {logging_mixin.py:109} INFO - [2022-03-23 18:47:52,683] {dagbag.py:500} INFO - Filling up the DagBag from /home/airflow/env/lib/python3.8/site-packages/airflow/example_dags/plugins/workday.py
[2022-03-23 18:47:52,697] {processor.py:656} WARNING - No viable dags retrieved from /home/airflow/env/lib/python3.8/site-packages/airflow/example_dags/plugins/workday.py
[2022-03-23 18:47:52,699] {processor.py:171} INFO - Processing /home/airflow/env/lib/python3.8/site-packages/airflow/example_dags/plugins/workday.py took 0.020 seconds
[2022-03-23 18:48:30,509] {processor.py:163} INFO - Started process (PID=6808) to work on /home/airflow/env/lib/python3.8/site-packages/airflow/example_dags/plugins/workday.py
[2022-03-23 18:48:30,510] {processor.py:642} INFO - Processing file /home/airflow/env/lib/python3.8/site-packages/airflow/example_dags/plugins/workday.py for tasks to queue
[2022-03-23 18:48:30,510] {logging_mixin.py:109} INFO - [2022-03-23 18:48:30,510] {dagbag.py:500} INFO - Filling up the DagBag from /home/airflow/env/lib/python3.8/site-packages/airflow/example_dags/plugins/workday.py
[2022-03-23 18:48:30,520] {processor.py:656} WARNING - No viable dags retrieved from /home/airflow/env/lib/python3.8/site-packages/airflow/example_dags/plugins/workday.py
[2022-03-23 18:48:30,521] {processor.py:171} INFO - Processing /home/airflow/env/lib/python3.8/site-packages/airflow/example_dags/plugins/workday.py took 0.016 seconds
[2022-03-23 18:49:03,246] {processor.py:163} INFO - Started process (PID=6840) to work on /home/airflow/env/lib/python3.8/site-packages/airflow/example_dags/plugins/workday.py
[2022-03-23 18:49:03,247] {processor.py:642} INFO - Processing file /home/airflow/env/lib/python3.8/site-packages/airflow/example_dags/plugins/workday.py for tasks to queue
[2022-03-23 18:49:03,248] {logging_mixin.py:109} INFO - [2022-03-23 18:49:03,248] {dagbag.py:500} INFO - Filling up the DagBag from /home/airflow/env/lib/python3.8/site-packages/airflow/example_dags/plugins/workday.py
[2022-03-23 18:49:03,257] {processor.py:656} WARNING - No viable dags retrieved from /home/airflow/env/lib/python3.8/site-packages/airflow/example_dags/plugins/workday.py
[2022-03-23 18:49:03,259] {processor.py:171} INFO - Processing /home/airflow/env/lib/python3.8/site-packages/airflow/example_dags/plugins/workday.py took 0.016 seconds
[2022-03-23 18:49:37,602] {processor.py:163} INFO - Started process (PID=6994) to work on /home/airflow/env/lib/python3.8/site-packages/airflow/example_dags/plugins/workday.py
[2022-03-23 18:49:37,603] {processor.py:642} INFO - Processing file /home/airflow/env/lib/python3.8/site-packages/airflow/example_dags/plugins/workday.py for tasks to queue
[2022-03-23 18:49:37,603] {logging_mixin.py:109} INFO - [2022-03-23 18:49:37,603] {dagbag.py:500} INFO - Filling up the DagBag from /home/airflow/env/lib/python3.8/site-packages/airflow/example_dags/plugins/workday.py
[2022-03-23 18:49:37,614] {processor.py:656} WARNING - No viable dags retrieved from /home/airflow/env/lib/python3.8/site-packages/airflow/example_dags/plugins/workday.py
[2022-03-23 18:49:37,615] {processor.py:171} INFO - Processing /home/airflow/env/lib/python3.8/site-packages/airflow/example_dags/plugins/workday.py took 0.016 seconds
[2022-03-23 18:50:11,912] {processor.py:163} INFO - Started process (PID=7028) to work on /home/airflow/env/lib/python3.8/site-packages/airflow/example_dags/plugins/workday.py
[2022-03-23 18:50:11,913] {processor.py:642} INFO - Processing file /home/airflow/env/lib/python3.8/site-packages/airflow/example_dags/plugins/workday.py for tasks to queue
[2022-03-23 18:50:11,913] {logging_mixin.py:109} INFO - [2022-03-23 18:50:11,913] {dagbag.py:500} INFO - Filling up the DagBag from /home/airflow/env/lib/python3.8/site-packages/airflow/example_dags/plugins/workday.py
[2022-03-23 18:50:11,922] {processor.py:656} WARNING - No viable dags retrieved from /home/airflow/env/lib/python3.8/site-packages/airflow/example_dags/plugins/workday.py
[2022-03-23 18:50:11,924] {processor.py:171} INFO - Processing /home/airflow/env/lib/python3.8/site-packages/airflow/example_dags/plugins/workday.py took 0.015 seconds
[2022-03-23 18:50:44,025] {processor.py:163} INFO - Started process (PID=7114) to work on /home/airflow/env/lib/python3.8/site-packages/airflow/example_dags/plugins/workday.py
[2022-03-23 18:50:44,027] {processor.py:642} INFO - Processing file /home/airflow/env/lib/python3.8/site-packages/airflow/example_dags/plugins/workday.py for tasks to queue
[2022-03-23 18:50:44,028] {logging_mixin.py:109} INFO - [2022-03-23 18:50:44,027] {dagbag.py:500} INFO - Filling up the DagBag from /home/airflow/env/lib/python3.8/site-packages/airflow/example_dags/plugins/workday.py
[2022-03-23 18:50:44,037] {processor.py:656} WARNING - No viable dags retrieved from /home/airflow/env/lib/python3.8/site-packages/airflow/example_dags/plugins/workday.py
[2022-03-23 18:50:44,039] {processor.py:171} INFO - Processing /home/airflow/env/lib/python3.8/site-packages/airflow/example_dags/plugins/workday.py took 0.016 seconds
[2022-03-23 18:51:17,649] {processor.py:163} INFO - Started process (PID=7147) to work on /home/airflow/env/lib/python3.8/site-packages/airflow/example_dags/plugins/workday.py
[2022-03-23 18:51:17,651] {processor.py:642} INFO - Processing file /home/airflow/env/lib/python3.8/site-packages/airflow/example_dags/plugins/workday.py for tasks to queue
[2022-03-23 18:51:17,651] {logging_mixin.py:109} INFO - [2022-03-23 18:51:17,651] {dagbag.py:500} INFO - Filling up the DagBag from /home/airflow/env/lib/python3.8/site-packages/airflow/example_dags/plugins/workday.py
[2022-03-23 18:51:17,662] {processor.py:656} WARNING - No viable dags retrieved from /home/airflow/env/lib/python3.8/site-packages/airflow/example_dags/plugins/workday.py
[2022-03-23 18:51:17,664] {processor.py:171} INFO - Processing /home/airflow/env/lib/python3.8/site-packages/airflow/example_dags/plugins/workday.py took 0.017 seconds
[2022-03-23 18:51:51,989] {processor.py:163} INFO - Started process (PID=7180) to work on /home/airflow/env/lib/python3.8/site-packages/airflow/example_dags/plugins/workday.py
[2022-03-23 18:51:51,991] {processor.py:642} INFO - Processing file /home/airflow/env/lib/python3.8/site-packages/airflow/example_dags/plugins/workday.py for tasks to queue
[2022-03-23 18:51:51,991] {logging_mixin.py:109} INFO - [2022-03-23 18:51:51,991] {dagbag.py:500} INFO - Filling up the DagBag from /home/airflow/env/lib/python3.8/site-packages/airflow/example_dags/plugins/workday.py
[2022-03-23 18:51:52,002] {processor.py:656} WARNING - No viable dags retrieved from /home/airflow/env/lib/python3.8/site-packages/airflow/example_dags/plugins/workday.py
[2022-03-23 18:51:52,003] {processor.py:171} INFO - Processing /home/airflow/env/lib/python3.8/site-packages/airflow/example_dags/plugins/workday.py took 0.017 seconds
[2022-03-23 18:52:26,063] {processor.py:163} INFO - Started process (PID=7214) to work on /home/airflow/env/lib/python3.8/site-packages/airflow/example_dags/plugins/workday.py
[2022-03-23 18:52:26,064] {processor.py:642} INFO - Processing file /home/airflow/env/lib/python3.8/site-packages/airflow/example_dags/plugins/workday.py for tasks to queue
[2022-03-23 18:52:26,064] {logging_mixin.py:109} INFO - [2022-03-23 18:52:26,064] {dagbag.py:500} INFO - Filling up the DagBag from /home/airflow/env/lib/python3.8/site-packages/airflow/example_dags/plugins/workday.py
[2022-03-23 18:52:26,074] {processor.py:656} WARNING - No viable dags retrieved from /home/airflow/env/lib/python3.8/site-packages/airflow/example_dags/plugins/workday.py
[2022-03-23 18:52:26,075] {processor.py:171} INFO - Processing /home/airflow/env/lib/python3.8/site-packages/airflow/example_dags/plugins/workday.py took 0.015 seconds
[2022-03-23 18:53:00,849] {processor.py:163} INFO - Started process (PID=7248) to work on /home/airflow/env/lib/python3.8/site-packages/airflow/example_dags/plugins/workday.py
[2022-03-23 18:53:00,851] {processor.py:642} INFO - Processing file /home/airflow/env/lib/python3.8/site-packages/airflow/example_dags/plugins/workday.py for tasks to queue
[2022-03-23 18:53:00,852] {logging_mixin.py:109} INFO - [2022-03-23 18:53:00,851] {dagbag.py:500} INFO - Filling up the DagBag from /home/airflow/env/lib/python3.8/site-packages/airflow/example_dags/plugins/workday.py
[2022-03-23 18:53:00,863] {processor.py:656} WARNING - No viable dags retrieved from /home/airflow/env/lib/python3.8/site-packages/airflow/example_dags/plugins/workday.py
[2022-03-23 18:53:00,867] {processor.py:171} INFO - Processing /home/airflow/env/lib/python3.8/site-packages/airflow/example_dags/plugins/workday.py took 0.021 seconds
[2022-03-23 18:53:33,413] {processor.py:163} INFO - Started process (PID=7280) to work on /home/airflow/env/lib/python3.8/site-packages/airflow/example_dags/plugins/workday.py
[2022-03-23 18:53:33,414] {processor.py:642} INFO - Processing file /home/airflow/env/lib/python3.8/site-packages/airflow/example_dags/plugins/workday.py for tasks to queue
[2022-03-23 18:53:33,414] {logging_mixin.py:109} INFO - [2022-03-23 18:53:33,414] {dagbag.py:500} INFO - Filling up the DagBag from /home/airflow/env/lib/python3.8/site-packages/airflow/example_dags/plugins/workday.py
[2022-03-23 18:53:33,424] {processor.py:656} WARNING - No viable dags retrieved from /home/airflow/env/lib/python3.8/site-packages/airflow/example_dags/plugins/workday.py
[2022-03-23 18:53:33,426] {processor.py:171} INFO - Processing /home/airflow/env/lib/python3.8/site-packages/airflow/example_dags/plugins/workday.py took 0.016 seconds
[2022-03-23 18:54:08,228] {processor.py:163} INFO - Started process (PID=7313) to work on /home/airflow/env/lib/python3.8/site-packages/airflow/example_dags/plugins/workday.py
[2022-03-23 18:54:08,229] {processor.py:642} INFO - Processing file /home/airflow/env/lib/python3.8/site-packages/airflow/example_dags/plugins/workday.py for tasks to queue
[2022-03-23 18:54:08,229] {logging_mixin.py:109} INFO - [2022-03-23 18:54:08,229] {dagbag.py:500} INFO - Filling up the DagBag from /home/airflow/env/lib/python3.8/site-packages/airflow/example_dags/plugins/workday.py
[2022-03-23 18:54:08,240] {processor.py:656} WARNING - No viable dags retrieved from /home/airflow/env/lib/python3.8/site-packages/airflow/example_dags/plugins/workday.py
[2022-03-23 18:54:08,242] {processor.py:171} INFO - Processing /home/airflow/env/lib/python3.8/site-packages/airflow/example_dags/plugins/workday.py took 0.016 seconds
[2022-03-23 18:54:43,320] {processor.py:163} INFO - Started process (PID=7347) to work on /home/airflow/env/lib/python3.8/site-packages/airflow/example_dags/plugins/workday.py
[2022-03-23 18:54:43,321] {processor.py:642} INFO - Processing file /home/airflow/env/lib/python3.8/site-packages/airflow/example_dags/plugins/workday.py for tasks to queue
[2022-03-23 18:54:43,322] {logging_mixin.py:109} INFO - [2022-03-23 18:54:43,322] {dagbag.py:500} INFO - Filling up the DagBag from /home/airflow/env/lib/python3.8/site-packages/airflow/example_dags/plugins/workday.py
[2022-03-23 18:54:43,331] {processor.py:656} WARNING - No viable dags retrieved from /home/airflow/env/lib/python3.8/site-packages/airflow/example_dags/plugins/workday.py
[2022-03-23 18:54:43,333] {processor.py:171} INFO - Processing /home/airflow/env/lib/python3.8/site-packages/airflow/example_dags/plugins/workday.py took 0.017 seconds
[2022-03-23 18:55:16,845] {processor.py:163} INFO - Started process (PID=7381) to work on /home/airflow/env/lib/python3.8/site-packages/airflow/example_dags/plugins/workday.py
[2022-03-23 18:55:16,846] {processor.py:642} INFO - Processing file /home/airflow/env/lib/python3.8/site-packages/airflow/example_dags/plugins/workday.py for tasks to queue
[2022-03-23 18:55:16,847] {logging_mixin.py:109} INFO - [2022-03-23 18:55:16,847] {dagbag.py:500} INFO - Filling up the DagBag from /home/airflow/env/lib/python3.8/site-packages/airflow/example_dags/plugins/workday.py
[2022-03-23 18:55:16,862] {processor.py:656} WARNING - No viable dags retrieved from /home/airflow/env/lib/python3.8/site-packages/airflow/example_dags/plugins/workday.py
[2022-03-23 18:55:16,863] {processor.py:171} INFO - Processing /home/airflow/env/lib/python3.8/site-packages/airflow/example_dags/plugins/workday.py took 0.021 seconds
[2022-03-23 18:55:50,180] {processor.py:163} INFO - Started process (PID=7468) to work on /home/airflow/env/lib/python3.8/site-packages/airflow/example_dags/plugins/workday.py
[2022-03-23 18:55:50,181] {processor.py:642} INFO - Processing file /home/airflow/env/lib/python3.8/site-packages/airflow/example_dags/plugins/workday.py for tasks to queue
[2022-03-23 18:55:50,182] {logging_mixin.py:109} INFO - [2022-03-23 18:55:50,182] {dagbag.py:500} INFO - Filling up the DagBag from /home/airflow/env/lib/python3.8/site-packages/airflow/example_dags/plugins/workday.py
[2022-03-23 18:55:50,203] {processor.py:656} WARNING - No viable dags retrieved from /home/airflow/env/lib/python3.8/site-packages/airflow/example_dags/plugins/workday.py
[2022-03-23 18:55:50,208] {processor.py:171} INFO - Processing /home/airflow/env/lib/python3.8/site-packages/airflow/example_dags/plugins/workday.py took 0.030 seconds
[2022-03-23 18:56:25,219] {processor.py:163} INFO - Started process (PID=7502) to work on /home/airflow/env/lib/python3.8/site-packages/airflow/example_dags/plugins/workday.py
[2022-03-23 18:56:25,220] {processor.py:642} INFO - Processing file /home/airflow/env/lib/python3.8/site-packages/airflow/example_dags/plugins/workday.py for tasks to queue
[2022-03-23 18:56:25,221] {logging_mixin.py:109} INFO - [2022-03-23 18:56:25,221] {dagbag.py:500} INFO - Filling up the DagBag from /home/airflow/env/lib/python3.8/site-packages/airflow/example_dags/plugins/workday.py
[2022-03-23 18:56:25,234] {processor.py:656} WARNING - No viable dags retrieved from /home/airflow/env/lib/python3.8/site-packages/airflow/example_dags/plugins/workday.py
[2022-03-23 18:56:25,236] {processor.py:171} INFO - Processing /home/airflow/env/lib/python3.8/site-packages/airflow/example_dags/plugins/workday.py took 0.021 seconds
[2022-03-23 18:57:00,666] {processor.py:163} INFO - Started process (PID=7536) to work on /home/airflow/env/lib/python3.8/site-packages/airflow/example_dags/plugins/workday.py
[2022-03-23 18:57:00,667] {processor.py:642} INFO - Processing file /home/airflow/env/lib/python3.8/site-packages/airflow/example_dags/plugins/workday.py for tasks to queue
[2022-03-23 18:57:00,667] {logging_mixin.py:109} INFO - [2022-03-23 18:57:00,667] {dagbag.py:500} INFO - Filling up the DagBag from /home/airflow/env/lib/python3.8/site-packages/airflow/example_dags/plugins/workday.py
[2022-03-23 18:57:00,676] {processor.py:656} WARNING - No viable dags retrieved from /home/airflow/env/lib/python3.8/site-packages/airflow/example_dags/plugins/workday.py
[2022-03-23 18:57:00,678] {processor.py:171} INFO - Processing /home/airflow/env/lib/python3.8/site-packages/airflow/example_dags/plugins/workday.py took 0.015 seconds
[2022-03-23 18:57:36,251] {processor.py:163} INFO - Started process (PID=7570) to work on /home/airflow/env/lib/python3.8/site-packages/airflow/example_dags/plugins/workday.py
[2022-03-23 18:57:36,253] {processor.py:642} INFO - Processing file /home/airflow/env/lib/python3.8/site-packages/airflow/example_dags/plugins/workday.py for tasks to queue
[2022-03-23 18:57:36,253] {logging_mixin.py:109} INFO - [2022-03-23 18:57:36,253] {dagbag.py:500} INFO - Filling up the DagBag from /home/airflow/env/lib/python3.8/site-packages/airflow/example_dags/plugins/workday.py
[2022-03-23 18:57:36,265] {processor.py:656} WARNING - No viable dags retrieved from /home/airflow/env/lib/python3.8/site-packages/airflow/example_dags/plugins/workday.py
[2022-03-23 18:57:36,268] {processor.py:171} INFO - Processing /home/airflow/env/lib/python3.8/site-packages/airflow/example_dags/plugins/workday.py took 0.020 seconds
[2022-03-23 18:58:18,834] {processor.py:163} INFO - Started process (PID=7724) to work on /home/airflow/env/lib/python3.8/site-packages/airflow/example_dags/plugins/workday.py
[2022-03-23 18:58:18,851] {processor.py:642} INFO - Processing file /home/airflow/env/lib/python3.8/site-packages/airflow/example_dags/plugins/workday.py for tasks to queue
[2022-03-23 18:58:18,852] {logging_mixin.py:109} INFO - [2022-03-23 18:58:18,852] {dagbag.py:500} INFO - Filling up the DagBag from /home/airflow/env/lib/python3.8/site-packages/airflow/example_dags/plugins/workday.py
[2022-03-23 18:58:18,943] {processor.py:656} WARNING - No viable dags retrieved from /home/airflow/env/lib/python3.8/site-packages/airflow/example_dags/plugins/workday.py
[2022-03-23 18:58:18,948] {processor.py:171} INFO - Processing /home/airflow/env/lib/python3.8/site-packages/airflow/example_dags/plugins/workday.py took 0.160 seconds
[2022-03-23 18:59:12,986] {processor.py:163} INFO - Started process (PID=7880) to work on /home/airflow/env/lib/python3.8/site-packages/airflow/example_dags/plugins/workday.py
[2022-03-23 18:59:12,992] {processor.py:642} INFO - Processing file /home/airflow/env/lib/python3.8/site-packages/airflow/example_dags/plugins/workday.py for tasks to queue
[2022-03-23 18:59:12,993] {logging_mixin.py:109} INFO - [2022-03-23 18:59:12,993] {dagbag.py:500} INFO - Filling up the DagBag from /home/airflow/env/lib/python3.8/site-packages/airflow/example_dags/plugins/workday.py
[2022-03-23 18:59:13,002] {processor.py:656} WARNING - No viable dags retrieved from /home/airflow/env/lib/python3.8/site-packages/airflow/example_dags/plugins/workday.py
[2022-03-23 18:59:13,004] {processor.py:171} INFO - Processing /home/airflow/env/lib/python3.8/site-packages/airflow/example_dags/plugins/workday.py took 0.021 seconds
[2022-03-23 18:59:51,674] {processor.py:163} INFO - Started process (PID=8034) to work on /home/airflow/env/lib/python3.8/site-packages/airflow/example_dags/plugins/workday.py
[2022-03-23 18:59:51,678] {processor.py:642} INFO - Processing file /home/airflow/env/lib/python3.8/site-packages/airflow/example_dags/plugins/workday.py for tasks to queue
[2022-03-23 18:59:51,679] {logging_mixin.py:109} INFO - [2022-03-23 18:59:51,679] {dagbag.py:500} INFO - Filling up the DagBag from /home/airflow/env/lib/python3.8/site-packages/airflow/example_dags/plugins/workday.py
[2022-03-23 18:59:51,701] {processor.py:656} WARNING - No viable dags retrieved from /home/airflow/env/lib/python3.8/site-packages/airflow/example_dags/plugins/workday.py
[2022-03-23 18:59:51,703] {processor.py:171} INFO - Processing /home/airflow/env/lib/python3.8/site-packages/airflow/example_dags/plugins/workday.py took 0.036 seconds
[2022-03-23 19:00:39,796] {processor.py:163} INFO - Started process (PID=8359) to work on /home/airflow/env/lib/python3.8/site-packages/airflow/example_dags/plugins/workday.py
[2022-03-23 19:00:39,797] {processor.py:642} INFO - Processing file /home/airflow/env/lib/python3.8/site-packages/airflow/example_dags/plugins/workday.py for tasks to queue
[2022-03-23 19:00:39,797] {logging_mixin.py:109} INFO - [2022-03-23 19:00:39,797] {dagbag.py:500} INFO - Filling up the DagBag from /home/airflow/env/lib/python3.8/site-packages/airflow/example_dags/plugins/workday.py
[2022-03-23 19:00:39,819] {processor.py:656} WARNING - No viable dags retrieved from /home/airflow/env/lib/python3.8/site-packages/airflow/example_dags/plugins/workday.py
[2022-03-23 19:00:39,826] {processor.py:171} INFO - Processing /home/airflow/env/lib/python3.8/site-packages/airflow/example_dags/plugins/workday.py took 0.043 seconds
[2022-03-23 19:01:17,790] {processor.py:163} INFO - Started process (PID=8455) to work on /home/airflow/env/lib/python3.8/site-packages/airflow/example_dags/plugins/workday.py
[2022-03-23 19:01:17,791] {processor.py:642} INFO - Processing file /home/airflow/env/lib/python3.8/site-packages/airflow/example_dags/plugins/workday.py for tasks to queue
[2022-03-23 19:01:17,793] {logging_mixin.py:109} INFO - [2022-03-23 19:01:17,793] {dagbag.py:500} INFO - Filling up the DagBag from /home/airflow/env/lib/python3.8/site-packages/airflow/example_dags/plugins/workday.py
[2022-03-23 19:01:17,808] {processor.py:656} WARNING - No viable dags retrieved from /home/airflow/env/lib/python3.8/site-packages/airflow/example_dags/plugins/workday.py
[2022-03-23 19:01:17,813] {processor.py:171} INFO - Processing /home/airflow/env/lib/python3.8/site-packages/airflow/example_dags/plugins/workday.py took 0.026 seconds
[2022-03-23 19:01:53,200] {processor.py:163} INFO - Started process (PID=8515) to work on /home/airflow/env/lib/python3.8/site-packages/airflow/example_dags/plugins/workday.py
[2022-03-23 19:01:53,201] {processor.py:642} INFO - Processing file /home/airflow/env/lib/python3.8/site-packages/airflow/example_dags/plugins/workday.py for tasks to queue
[2022-03-23 19:01:53,203] {logging_mixin.py:109} INFO - [2022-03-23 19:01:53,203] {dagbag.py:500} INFO - Filling up the DagBag from /home/airflow/env/lib/python3.8/site-packages/airflow/example_dags/plugins/workday.py
[2022-03-23 19:01:53,223] {processor.py:656} WARNING - No viable dags retrieved from /home/airflow/env/lib/python3.8/site-packages/airflow/example_dags/plugins/workday.py
[2022-03-23 19:01:53,227] {processor.py:171} INFO - Processing /home/airflow/env/lib/python3.8/site-packages/airflow/example_dags/plugins/workday.py took 0.031 seconds
[2022-03-23 19:02:29,800] {processor.py:163} INFO - Started process (PID=8616) to work on /home/airflow/env/lib/python3.8/site-packages/airflow/example_dags/plugins/workday.py
[2022-03-23 19:02:29,801] {processor.py:642} INFO - Processing file /home/airflow/env/lib/python3.8/site-packages/airflow/example_dags/plugins/workday.py for tasks to queue
[2022-03-23 19:02:29,802] {logging_mixin.py:109} INFO - [2022-03-23 19:02:29,802] {dagbag.py:500} INFO - Filling up the DagBag from /home/airflow/env/lib/python3.8/site-packages/airflow/example_dags/plugins/workday.py
[2022-03-23 19:02:29,810] {processor.py:656} WARNING - No viable dags retrieved from /home/airflow/env/lib/python3.8/site-packages/airflow/example_dags/plugins/workday.py
[2022-03-23 19:02:29,812] {processor.py:171} INFO - Processing /home/airflow/env/lib/python3.8/site-packages/airflow/example_dags/plugins/workday.py took 0.015 seconds
[2022-03-23 19:03:05,830] {processor.py:163} INFO - Started process (PID=8736) to work on /home/airflow/env/lib/python3.8/site-packages/airflow/example_dags/plugins/workday.py
[2022-03-23 19:03:05,832] {processor.py:642} INFO - Processing file /home/airflow/env/lib/python3.8/site-packages/airflow/example_dags/plugins/workday.py for tasks to queue
[2022-03-23 19:03:05,833] {logging_mixin.py:109} INFO - [2022-03-23 19:03:05,833] {dagbag.py:500} INFO - Filling up the DagBag from /home/airflow/env/lib/python3.8/site-packages/airflow/example_dags/plugins/workday.py
[2022-03-23 19:03:05,848] {processor.py:656} WARNING - No viable dags retrieved from /home/airflow/env/lib/python3.8/site-packages/airflow/example_dags/plugins/workday.py
[2022-03-23 19:03:05,851] {processor.py:171} INFO - Processing /home/airflow/env/lib/python3.8/site-packages/airflow/example_dags/plugins/workday.py took 0.025 seconds
[2022-03-23 19:03:43,298] {processor.py:163} INFO - Started process (PID=8863) to work on /home/airflow/env/lib/python3.8/site-packages/airflow/example_dags/plugins/workday.py
[2022-03-23 19:03:43,300] {processor.py:642} INFO - Processing file /home/airflow/env/lib/python3.8/site-packages/airflow/example_dags/plugins/workday.py for tasks to queue
[2022-03-23 19:03:43,300] {logging_mixin.py:109} INFO - [2022-03-23 19:03:43,300] {dagbag.py:500} INFO - Filling up the DagBag from /home/airflow/env/lib/python3.8/site-packages/airflow/example_dags/plugins/workday.py
[2022-03-23 19:03:43,311] {processor.py:656} WARNING - No viable dags retrieved from /home/airflow/env/lib/python3.8/site-packages/airflow/example_dags/plugins/workday.py
[2022-03-23 19:03:43,312] {processor.py:171} INFO - Processing /home/airflow/env/lib/python3.8/site-packages/airflow/example_dags/plugins/workday.py took 0.016 seconds
[2022-03-23 19:04:22,877] {processor.py:163} INFO - Started process (PID=9003) to work on /home/airflow/env/lib/python3.8/site-packages/airflow/example_dags/plugins/workday.py
[2022-03-23 19:04:22,882] {processor.py:642} INFO - Processing file /home/airflow/env/lib/python3.8/site-packages/airflow/example_dags/plugins/workday.py for tasks to queue
[2022-03-23 19:04:22,882] {logging_mixin.py:109} INFO - [2022-03-23 19:04:22,882] {dagbag.py:500} INFO - Filling up the DagBag from /home/airflow/env/lib/python3.8/site-packages/airflow/example_dags/plugins/workday.py
[2022-03-23 19:04:22,895] {processor.py:656} WARNING - No viable dags retrieved from /home/airflow/env/lib/python3.8/site-packages/airflow/example_dags/plugins/workday.py
[2022-03-23 19:04:22,903] {processor.py:171} INFO - Processing /home/airflow/env/lib/python3.8/site-packages/airflow/example_dags/plugins/workday.py took 0.028 seconds
[2022-03-23 19:05:17,156] {processor.py:163} INFO - Started process (PID=9098) to work on /home/airflow/env/lib/python3.8/site-packages/airflow/example_dags/plugins/workday.py
[2022-03-23 19:05:17,162] {processor.py:642} INFO - Processing file /home/airflow/env/lib/python3.8/site-packages/airflow/example_dags/plugins/workday.py for tasks to queue
[2022-03-23 19:05:17,163] {logging_mixin.py:109} INFO - [2022-03-23 19:05:17,163] {dagbag.py:500} INFO - Filling up the DagBag from /home/airflow/env/lib/python3.8/site-packages/airflow/example_dags/plugins/workday.py
[2022-03-23 19:05:17,175] {processor.py:656} WARNING - No viable dags retrieved from /home/airflow/env/lib/python3.8/site-packages/airflow/example_dags/plugins/workday.py
[2022-03-23 19:05:17,177] {processor.py:171} INFO - Processing /home/airflow/env/lib/python3.8/site-packages/airflow/example_dags/plugins/workday.py took 0.026 seconds
[2022-03-23 19:06:02,728] {processor.py:163} INFO - Started process (PID=9192) to work on /home/airflow/env/lib/python3.8/site-packages/airflow/example_dags/plugins/workday.py
[2022-03-23 19:06:02,735] {processor.py:642} INFO - Processing file /home/airflow/env/lib/python3.8/site-packages/airflow/example_dags/plugins/workday.py for tasks to queue
[2022-03-23 19:06:02,735] {logging_mixin.py:109} INFO - [2022-03-23 19:06:02,735] {dagbag.py:500} INFO - Filling up the DagBag from /home/airflow/env/lib/python3.8/site-packages/airflow/example_dags/plugins/workday.py
[2022-03-23 19:06:02,744] {processor.py:656} WARNING - No viable dags retrieved from /home/airflow/env/lib/python3.8/site-packages/airflow/example_dags/plugins/workday.py
[2022-03-23 19:06:02,745] {processor.py:171} INFO - Processing /home/airflow/env/lib/python3.8/site-packages/airflow/example_dags/plugins/workday.py took 0.020 seconds
[2022-03-23 19:06:38,996] {processor.py:163} INFO - Started process (PID=9230) to work on /home/airflow/env/lib/python3.8/site-packages/airflow/example_dags/plugins/workday.py
[2022-03-23 19:06:38,997] {processor.py:642} INFO - Processing file /home/airflow/env/lib/python3.8/site-packages/airflow/example_dags/plugins/workday.py for tasks to queue
[2022-03-23 19:06:38,997] {logging_mixin.py:109} INFO - [2022-03-23 19:06:38,997] {dagbag.py:500} INFO - Filling up the DagBag from /home/airflow/env/lib/python3.8/site-packages/airflow/example_dags/plugins/workday.py
[2022-03-23 19:06:39,011] {processor.py:656} WARNING - No viable dags retrieved from /home/airflow/env/lib/python3.8/site-packages/airflow/example_dags/plugins/workday.py
[2022-03-23 19:06:39,013] {processor.py:171} INFO - Processing /home/airflow/env/lib/python3.8/site-packages/airflow/example_dags/plugins/workday.py took 0.020 seconds
[2022-03-23 19:07:12,662] {processor.py:163} INFO - Started process (PID=9263) to work on /home/airflow/env/lib/python3.8/site-packages/airflow/example_dags/plugins/workday.py
[2022-03-23 19:07:12,664] {processor.py:642} INFO - Processing file /home/airflow/env/lib/python3.8/site-packages/airflow/example_dags/plugins/workday.py for tasks to queue
[2022-03-23 19:07:12,664] {logging_mixin.py:109} INFO - [2022-03-23 19:07:12,664] {dagbag.py:500} INFO - Filling up the DagBag from /home/airflow/env/lib/python3.8/site-packages/airflow/example_dags/plugins/workday.py
[2022-03-23 19:07:12,675] {processor.py:656} WARNING - No viable dags retrieved from /home/airflow/env/lib/python3.8/site-packages/airflow/example_dags/plugins/workday.py
[2022-03-23 19:07:12,677] {processor.py:171} INFO - Processing /home/airflow/env/lib/python3.8/site-packages/airflow/example_dags/plugins/workday.py took 0.017 seconds
[2022-03-23 19:07:48,022] {processor.py:163} INFO - Started process (PID=9299) to work on /home/airflow/env/lib/python3.8/site-packages/airflow/example_dags/plugins/workday.py
[2022-03-23 19:07:48,024] {processor.py:642} INFO - Processing file /home/airflow/env/lib/python3.8/site-packages/airflow/example_dags/plugins/workday.py for tasks to queue
[2022-03-23 19:07:48,025] {logging_mixin.py:109} INFO - [2022-03-23 19:07:48,025] {dagbag.py:500} INFO - Filling up the DagBag from /home/airflow/env/lib/python3.8/site-packages/airflow/example_dags/plugins/workday.py
[2022-03-23 19:07:48,047] {processor.py:656} WARNING - No viable dags retrieved from /home/airflow/env/lib/python3.8/site-packages/airflow/example_dags/plugins/workday.py
[2022-03-23 19:07:48,051] {processor.py:171} INFO - Processing /home/airflow/env/lib/python3.8/site-packages/airflow/example_dags/plugins/workday.py took 0.034 seconds
[2022-03-23 19:08:22,505] {processor.py:163} INFO - Started process (PID=9332) to work on /home/airflow/env/lib/python3.8/site-packages/airflow/example_dags/plugins/workday.py
[2022-03-23 19:08:22,506] {processor.py:642} INFO - Processing file /home/airflow/env/lib/python3.8/site-packages/airflow/example_dags/plugins/workday.py for tasks to queue
[2022-03-23 19:08:22,507] {logging_mixin.py:109} INFO - [2022-03-23 19:08:22,506] {dagbag.py:500} INFO - Filling up the DagBag from /home/airflow/env/lib/python3.8/site-packages/airflow/example_dags/plugins/workday.py
[2022-03-23 19:08:22,517] {processor.py:656} WARNING - No viable dags retrieved from /home/airflow/env/lib/python3.8/site-packages/airflow/example_dags/plugins/workday.py
[2022-03-23 19:08:22,518] {processor.py:171} INFO - Processing /home/airflow/env/lib/python3.8/site-packages/airflow/example_dags/plugins/workday.py took 0.016 seconds
[2022-03-23 19:08:56,640] {processor.py:163} INFO - Started process (PID=9365) to work on /home/airflow/env/lib/python3.8/site-packages/airflow/example_dags/plugins/workday.py
[2022-03-23 19:08:56,641] {processor.py:642} INFO - Processing file /home/airflow/env/lib/python3.8/site-packages/airflow/example_dags/plugins/workday.py for tasks to queue
[2022-03-23 19:08:56,642] {logging_mixin.py:109} INFO - [2022-03-23 19:08:56,642] {dagbag.py:500} INFO - Filling up the DagBag from /home/airflow/env/lib/python3.8/site-packages/airflow/example_dags/plugins/workday.py
[2022-03-23 19:08:56,654] {processor.py:656} WARNING - No viable dags retrieved from /home/airflow/env/lib/python3.8/site-packages/airflow/example_dags/plugins/workday.py
[2022-03-23 19:08:56,657] {processor.py:171} INFO - Processing /home/airflow/env/lib/python3.8/site-packages/airflow/example_dags/plugins/workday.py took 0.020 seconds
[2022-03-23 19:09:38,599] {processor.py:163} INFO - Started process (PID=9401) to work on /home/airflow/env/lib/python3.8/site-packages/airflow/example_dags/plugins/workday.py
[2022-03-23 19:09:38,601] {processor.py:642} INFO - Processing file /home/airflow/env/lib/python3.8/site-packages/airflow/example_dags/plugins/workday.py for tasks to queue
[2022-03-23 19:09:38,601] {logging_mixin.py:109} INFO - [2022-03-23 19:09:38,601] {dagbag.py:500} INFO - Filling up the DagBag from /home/airflow/env/lib/python3.8/site-packages/airflow/example_dags/plugins/workday.py
[2022-03-23 19:09:38,614] {processor.py:656} WARNING - No viable dags retrieved from /home/airflow/env/lib/python3.8/site-packages/airflow/example_dags/plugins/workday.py
[2022-03-23 19:09:38,616] {processor.py:171} INFO - Processing /home/airflow/env/lib/python3.8/site-packages/airflow/example_dags/plugins/workday.py took 0.020 seconds
[2022-03-23 19:10:15,384] {processor.py:163} INFO - Started process (PID=9438) to work on /home/airflow/env/lib/python3.8/site-packages/airflow/example_dags/plugins/workday.py
[2022-03-23 19:10:15,386] {processor.py:642} INFO - Processing file /home/airflow/env/lib/python3.8/site-packages/airflow/example_dags/plugins/workday.py for tasks to queue
[2022-03-23 19:10:15,386] {logging_mixin.py:109} INFO - [2022-03-23 19:10:15,386] {dagbag.py:500} INFO - Filling up the DagBag from /home/airflow/env/lib/python3.8/site-packages/airflow/example_dags/plugins/workday.py
[2022-03-23 19:10:15,399] {processor.py:656} WARNING - No viable dags retrieved from /home/airflow/env/lib/python3.8/site-packages/airflow/example_dags/plugins/workday.py
[2022-03-23 19:10:15,401] {processor.py:171} INFO - Processing /home/airflow/env/lib/python3.8/site-packages/airflow/example_dags/plugins/workday.py took 0.019 seconds
[2022-03-23 19:10:50,565] {processor.py:163} INFO - Started process (PID=9529) to work on /home/airflow/env/lib/python3.8/site-packages/airflow/example_dags/plugins/workday.py
[2022-03-23 19:10:50,567] {processor.py:642} INFO - Processing file /home/airflow/env/lib/python3.8/site-packages/airflow/example_dags/plugins/workday.py for tasks to queue
[2022-03-23 19:10:50,568] {logging_mixin.py:109} INFO - [2022-03-23 19:10:50,567] {dagbag.py:500} INFO - Filling up the DagBag from /home/airflow/env/lib/python3.8/site-packages/airflow/example_dags/plugins/workday.py
[2022-03-23 19:10:50,586] {processor.py:656} WARNING - No viable dags retrieved from /home/airflow/env/lib/python3.8/site-packages/airflow/example_dags/plugins/workday.py
[2022-03-23 19:10:50,590] {processor.py:171} INFO - Processing /home/airflow/env/lib/python3.8/site-packages/airflow/example_dags/plugins/workday.py took 0.030 seconds
[2022-03-23 19:11:26,043] {processor.py:163} INFO - Started process (PID=9563) to work on /home/airflow/env/lib/python3.8/site-packages/airflow/example_dags/plugins/workday.py
[2022-03-23 19:11:26,045] {processor.py:642} INFO - Processing file /home/airflow/env/lib/python3.8/site-packages/airflow/example_dags/plugins/workday.py for tasks to queue
[2022-03-23 19:11:26,046] {logging_mixin.py:109} INFO - [2022-03-23 19:11:26,045] {dagbag.py:500} INFO - Filling up the DagBag from /home/airflow/env/lib/python3.8/site-packages/airflow/example_dags/plugins/workday.py
[2022-03-23 19:11:26,055] {processor.py:656} WARNING - No viable dags retrieved from /home/airflow/env/lib/python3.8/site-packages/airflow/example_dags/plugins/workday.py
[2022-03-23 19:11:26,057] {processor.py:171} INFO - Processing /home/airflow/env/lib/python3.8/site-packages/airflow/example_dags/plugins/workday.py took 0.017 seconds
[2022-03-23 19:12:00,729] {processor.py:163} INFO - Started process (PID=9624) to work on /home/airflow/env/lib/python3.8/site-packages/airflow/example_dags/plugins/workday.py
[2022-03-23 19:12:00,735] {processor.py:642} INFO - Processing file /home/airflow/env/lib/python3.8/site-packages/airflow/example_dags/plugins/workday.py for tasks to queue
[2022-03-23 19:12:00,736] {logging_mixin.py:109} INFO - [2022-03-23 19:12:00,736] {dagbag.py:500} INFO - Filling up the DagBag from /home/airflow/env/lib/python3.8/site-packages/airflow/example_dags/plugins/workday.py
[2022-03-23 19:12:00,747] {processor.py:656} WARNING - No viable dags retrieved from /home/airflow/env/lib/python3.8/site-packages/airflow/example_dags/plugins/workday.py
[2022-03-23 19:12:00,751] {processor.py:171} INFO - Processing /home/airflow/env/lib/python3.8/site-packages/airflow/example_dags/plugins/workday.py took 0.025 seconds
[2022-03-23 19:12:34,826] {processor.py:163} INFO - Started process (PID=9729) to work on /home/airflow/env/lib/python3.8/site-packages/airflow/example_dags/plugins/workday.py
[2022-03-23 19:12:34,827] {processor.py:642} INFO - Processing file /home/airflow/env/lib/python3.8/site-packages/airflow/example_dags/plugins/workday.py for tasks to queue
[2022-03-23 19:12:34,828] {logging_mixin.py:109} INFO - [2022-03-23 19:12:34,828] {dagbag.py:500} INFO - Filling up the DagBag from /home/airflow/env/lib/python3.8/site-packages/airflow/example_dags/plugins/workday.py
[2022-03-23 19:12:34,840] {processor.py:656} WARNING - No viable dags retrieved from /home/airflow/env/lib/python3.8/site-packages/airflow/example_dags/plugins/workday.py
[2022-03-23 19:12:34,842] {processor.py:171} INFO - Processing /home/airflow/env/lib/python3.8/site-packages/airflow/example_dags/plugins/workday.py took 0.019 seconds
[2022-03-23 19:13:13,107] {processor.py:163} INFO - Started process (PID=9952) to work on /home/airflow/env/lib/python3.8/site-packages/airflow/example_dags/plugins/workday.py
[2022-03-23 19:13:13,108] {processor.py:642} INFO - Processing file /home/airflow/env/lib/python3.8/site-packages/airflow/example_dags/plugins/workday.py for tasks to queue
[2022-03-23 19:13:13,108] {logging_mixin.py:109} INFO - [2022-03-23 19:13:13,108] {dagbag.py:500} INFO - Filling up the DagBag from /home/airflow/env/lib/python3.8/site-packages/airflow/example_dags/plugins/workday.py
[2022-03-23 19:13:13,118] {processor.py:656} WARNING - No viable dags retrieved from /home/airflow/env/lib/python3.8/site-packages/airflow/example_dags/plugins/workday.py
[2022-03-23 19:13:13,120] {processor.py:171} INFO - Processing /home/airflow/env/lib/python3.8/site-packages/airflow/example_dags/plugins/workday.py took 0.016 seconds
[2022-03-23 19:13:51,252] {processor.py:163} INFO - Started process (PID=10090) to work on /home/airflow/env/lib/python3.8/site-packages/airflow/example_dags/plugins/workday.py
[2022-03-23 19:13:51,253] {processor.py:642} INFO - Processing file /home/airflow/env/lib/python3.8/site-packages/airflow/example_dags/plugins/workday.py for tasks to queue
[2022-03-23 19:13:51,254] {logging_mixin.py:109} INFO - [2022-03-23 19:13:51,254] {dagbag.py:500} INFO - Filling up the DagBag from /home/airflow/env/lib/python3.8/site-packages/airflow/example_dags/plugins/workday.py
[2022-03-23 19:13:51,264] {processor.py:656} WARNING - No viable dags retrieved from /home/airflow/env/lib/python3.8/site-packages/airflow/example_dags/plugins/workday.py
[2022-03-23 19:13:51,266] {processor.py:171} INFO - Processing /home/airflow/env/lib/python3.8/site-packages/airflow/example_dags/plugins/workday.py took 0.018 seconds
