[2022-04-11 16:42:07,837] {processor.py:163} INFO - Started process (PID=9924) to work on /home/airflow/airflow/dags/first_dag.py
[2022-04-11 16:42:07,838] {processor.py:642} INFO - Processing file /home/airflow/airflow/dags/first_dag.py for tasks to queue
[2022-04-11 16:42:07,838] {logging_mixin.py:109} INFO - [2022-04-11 16:42:07,838] {dagbag.py:500} INFO - Filling up the DagBag from /home/airflow/airflow/dags/first_dag.py
[2022-04-11 16:42:07,859] {processor.py:654} INFO - DAG(s) dict_keys(['DAGGYDAGGY']) retrieved from /home/airflow/airflow/dags/first_dag.py
[2022-04-11 16:42:07,868] {logging_mixin.py:109} INFO - [2022-04-11 16:42:07,868] {dag.py:2396} INFO - Sync 1 DAGs
[2022-04-11 16:42:07,881] {logging_mixin.py:109} INFO - [2022-04-11 16:42:07,881] {dag.py:2935} INFO - Setting next_dagrun for DAGGYDAGGY to 2022-04-10 00:00:00+00:00
[2022-04-11 16:42:07,890] {processor.py:171} INFO - Processing /home/airflow/airflow/dags/first_dag.py took 0.055 seconds
[2022-04-11 16:42:48,026] {processor.py:163} INFO - Started process (PID=10073) to work on /home/airflow/airflow/dags/first_dag.py
[2022-04-11 16:42:48,030] {processor.py:642} INFO - Processing file /home/airflow/airflow/dags/first_dag.py for tasks to queue
[2022-04-11 16:42:48,031] {logging_mixin.py:109} INFO - [2022-04-11 16:42:48,031] {dagbag.py:500} INFO - Filling up the DagBag from /home/airflow/airflow/dags/first_dag.py
[2022-04-11 16:42:48,073] {processor.py:654} INFO - DAG(s) dict_keys(['DAGGYDAGGY']) retrieved from /home/airflow/airflow/dags/first_dag.py
[2022-04-11 16:42:48,095] {logging_mixin.py:109} INFO - [2022-04-11 16:42:48,095] {dag.py:2396} INFO - Sync 1 DAGs
[2022-04-11 16:42:48,120] {logging_mixin.py:109} INFO - [2022-04-11 16:42:48,120] {dag.py:2935} INFO - Setting next_dagrun for DAGGYDAGGY to 2022-04-10 00:00:00+00:00
[2022-04-11 16:42:48,136] {processor.py:171} INFO - Processing /home/airflow/airflow/dags/first_dag.py took 0.117 seconds
[2022-04-11 16:43:26,752] {processor.py:163} INFO - Started process (PID=10285) to work on /home/airflow/airflow/dags/first_dag.py
[2022-04-11 16:43:26,758] {processor.py:642} INFO - Processing file /home/airflow/airflow/dags/first_dag.py for tasks to queue
[2022-04-11 16:43:26,759] {logging_mixin.py:109} INFO - [2022-04-11 16:43:26,759] {dagbag.py:500} INFO - Filling up the DagBag from /home/airflow/airflow/dags/first_dag.py
[2022-04-11 16:43:26,811] {processor.py:654} INFO - DAG(s) dict_keys(['DAGGYDAGGY']) retrieved from /home/airflow/airflow/dags/first_dag.py
[2022-04-11 16:43:26,829] {logging_mixin.py:109} INFO - [2022-04-11 16:43:26,829] {dag.py:2396} INFO - Sync 1 DAGs
[2022-04-11 16:43:26,862] {logging_mixin.py:109} INFO - [2022-04-11 16:43:26,862] {dag.py:2935} INFO - Setting next_dagrun for DAGGYDAGGY to 2022-04-10 00:00:00+00:00
[2022-04-11 16:43:26,883] {processor.py:171} INFO - Processing /home/airflow/airflow/dags/first_dag.py took 0.137 seconds
[2022-04-11 16:44:07,938] {processor.py:163} INFO - Started process (PID=10446) to work on /home/airflow/airflow/dags/first_dag.py
[2022-04-11 16:44:07,940] {processor.py:642} INFO - Processing file /home/airflow/airflow/dags/first_dag.py for tasks to queue
[2022-04-11 16:44:07,942] {logging_mixin.py:109} INFO - [2022-04-11 16:44:07,941] {dagbag.py:500} INFO - Filling up the DagBag from /home/airflow/airflow/dags/first_dag.py
[2022-04-11 16:44:08,003] {processor.py:654} INFO - DAG(s) dict_keys(['DAGGYDAGGY']) retrieved from /home/airflow/airflow/dags/first_dag.py
[2022-04-11 16:44:08,020] {logging_mixin.py:109} INFO - [2022-04-11 16:44:08,020] {dag.py:2396} INFO - Sync 1 DAGs
[2022-04-11 16:44:08,046] {logging_mixin.py:109} INFO - [2022-04-11 16:44:08,046] {dag.py:2935} INFO - Setting next_dagrun for DAGGYDAGGY to 2022-04-10 00:00:00+00:00
[2022-04-11 16:44:08,062] {processor.py:171} INFO - Processing /home/airflow/airflow/dags/first_dag.py took 0.129 seconds
[2022-04-11 16:44:50,991] {processor.py:163} INFO - Started process (PID=10623) to work on /home/airflow/airflow/dags/first_dag.py
[2022-04-11 16:44:50,993] {processor.py:642} INFO - Processing file /home/airflow/airflow/dags/first_dag.py for tasks to queue
[2022-04-11 16:44:50,994] {logging_mixin.py:109} INFO - [2022-04-11 16:44:50,994] {dagbag.py:500} INFO - Filling up the DagBag from /home/airflow/airflow/dags/first_dag.py
[2022-04-11 16:44:51,021] {processor.py:654} INFO - DAG(s) dict_keys(['DAGGYDAGGY']) retrieved from /home/airflow/airflow/dags/first_dag.py
[2022-04-11 16:44:51,031] {logging_mixin.py:109} INFO - [2022-04-11 16:44:51,031] {dag.py:2396} INFO - Sync 1 DAGs
[2022-04-11 16:44:51,044] {logging_mixin.py:109} INFO - [2022-04-11 16:44:51,044] {dag.py:2935} INFO - Setting next_dagrun for DAGGYDAGGY to 2022-04-10 00:00:00+00:00
[2022-04-11 16:44:51,054] {processor.py:171} INFO - Processing /home/airflow/airflow/dags/first_dag.py took 0.066 seconds
[2022-04-11 16:45:35,067] {processor.py:163} INFO - Started process (PID=10769) to work on /home/airflow/airflow/dags/first_dag.py
[2022-04-11 16:45:35,068] {processor.py:642} INFO - Processing file /home/airflow/airflow/dags/first_dag.py for tasks to queue
[2022-04-11 16:45:35,069] {logging_mixin.py:109} INFO - [2022-04-11 16:45:35,069] {dagbag.py:500} INFO - Filling up the DagBag from /home/airflow/airflow/dags/first_dag.py
[2022-04-11 16:45:35,088] {processor.py:654} INFO - DAG(s) dict_keys(['DAGGYDAGGY']) retrieved from /home/airflow/airflow/dags/first_dag.py
[2022-04-11 16:45:35,096] {logging_mixin.py:109} INFO - [2022-04-11 16:45:35,096] {dag.py:2396} INFO - Sync 1 DAGs
[2022-04-11 16:45:35,107] {logging_mixin.py:109} INFO - [2022-04-11 16:45:35,107] {dag.py:2935} INFO - Setting next_dagrun for DAGGYDAGGY to 2022-04-10 00:00:00+00:00
[2022-04-11 16:45:35,118] {processor.py:171} INFO - Processing /home/airflow/airflow/dags/first_dag.py took 0.054 seconds
[2022-04-11 16:46:12,696] {processor.py:163} INFO - Started process (PID=10906) to work on /home/airflow/airflow/dags/first_dag.py
[2022-04-11 16:46:12,697] {processor.py:642} INFO - Processing file /home/airflow/airflow/dags/first_dag.py for tasks to queue
[2022-04-11 16:46:12,698] {logging_mixin.py:109} INFO - [2022-04-11 16:46:12,698] {dagbag.py:500} INFO - Filling up the DagBag from /home/airflow/airflow/dags/first_dag.py
[2022-04-11 16:46:12,722] {processor.py:654} INFO - DAG(s) dict_keys(['DAGGYDAGGY']) retrieved from /home/airflow/airflow/dags/first_dag.py
[2022-04-11 16:46:12,732] {logging_mixin.py:109} INFO - [2022-04-11 16:46:12,732] {dag.py:2396} INFO - Sync 1 DAGs
[2022-04-11 16:46:12,747] {logging_mixin.py:109} INFO - [2022-04-11 16:46:12,747] {dag.py:2935} INFO - Setting next_dagrun for DAGGYDAGGY to 2022-04-10 00:00:00+00:00
[2022-04-11 16:46:12,758] {processor.py:171} INFO - Processing /home/airflow/airflow/dags/first_dag.py took 0.066 seconds
