[2022-04-11 16:42:08,973] {processor.py:163} INFO - Started process (PID=9925) to work on /home/airflow/airflow/dags/tut_example.py
[2022-04-11 16:42:08,974] {processor.py:642} INFO - Processing file /home/airflow/airflow/dags/tut_example.py for tasks to queue
[2022-04-11 16:42:08,975] {logging_mixin.py:109} INFO - [2022-04-11 16:42:08,975] {dagbag.py:500} INFO - Filling up the DagBag from /home/airflow/airflow/dags/tut_example.py
[2022-04-11 16:42:09,383] {logging_mixin.py:109} INFO - [2022-04-11 16:42:09,382] {dagbag.py:334} ERROR - Failed to import: /home/airflow/airflow/dags/tut_example.py
Traceback (most recent call last):
  File "/home/airflow/airflow/env/lib/python3.8/site-packages/airflow/models/dagbag.py", line 331, in _load_modules_from_file
    loader.exec_module(new_module)
  File "<frozen importlib._bootstrap_external>", line 848, in exec_module
  File "<frozen importlib._bootstrap>", line 219, in _call_with_frames_removed
  File "/home/airflow/airflow/dags/tut_example.py", line 7, in <module>
    import yfinance as yf
  File "/home/airflow/airflow/env/lib/python3.8/site-packages/yfinance/__init__.py", line 24, in <module>
    from .tickers import Tickers
  File "/home/airflow/airflow/env/lib/python3.8/site-packages/yfinance/tickers.py", line 24, in <module>
    from . import Ticker, multi
  File "/home/airflow/airflow/env/lib/python3.8/site-packages/yfinance/multi.py", line 25, in <module>
    import multitasking as _multitasking
ModuleNotFoundError: No module named 'multitasking'
[2022-04-11 16:42:09,395] {processor.py:656} WARNING - No viable dags retrieved from /home/airflow/airflow/dags/tut_example.py
[2022-04-11 16:42:09,409] {processor.py:171} INFO - Processing /home/airflow/airflow/dags/tut_example.py took 0.438 seconds
[2022-04-11 16:42:49,300] {processor.py:163} INFO - Started process (PID=10084) to work on /home/airflow/airflow/dags/tut_example.py
[2022-04-11 16:42:49,315] {processor.py:642} INFO - Processing file /home/airflow/airflow/dags/tut_example.py for tasks to queue
[2022-04-11 16:42:49,315] {logging_mixin.py:109} INFO - [2022-04-11 16:42:49,315] {dagbag.py:500} INFO - Filling up the DagBag from /home/airflow/airflow/dags/tut_example.py
[2022-04-11 16:42:50,244] {logging_mixin.py:109} INFO - [2022-04-11 16:42:50,242] {dagbag.py:334} ERROR - Failed to import: /home/airflow/airflow/dags/tut_example.py
Traceback (most recent call last):
  File "/home/airflow/airflow/env/lib/python3.8/site-packages/airflow/models/dagbag.py", line 331, in _load_modules_from_file
    loader.exec_module(new_module)
  File "<frozen importlib._bootstrap_external>", line 848, in exec_module
  File "<frozen importlib._bootstrap>", line 219, in _call_with_frames_removed
  File "/home/airflow/airflow/dags/tut_example.py", line 7, in <module>
    import yfinance as yf
  File "/home/airflow/airflow/env/lib/python3.8/site-packages/yfinance/__init__.py", line 24, in <module>
    from .tickers import Tickers
  File "/home/airflow/airflow/env/lib/python3.8/site-packages/yfinance/tickers.py", line 24, in <module>
    from . import Ticker, multi
  File "/home/airflow/airflow/env/lib/python3.8/site-packages/yfinance/multi.py", line 25, in <module>
    import multitasking as _multitasking
ModuleNotFoundError: No module named 'multitasking'
[2022-04-11 16:42:50,251] {processor.py:656} WARNING - No viable dags retrieved from /home/airflow/airflow/dags/tut_example.py
[2022-04-11 16:42:50,262] {processor.py:171} INFO - Processing /home/airflow/airflow/dags/tut_example.py took 0.968 seconds
[2022-04-11 16:43:34,442] {processor.py:163} INFO - Started process (PID=10297) to work on /home/airflow/airflow/dags/tut_example.py
[2022-04-11 16:43:34,445] {processor.py:642} INFO - Processing file /home/airflow/airflow/dags/tut_example.py for tasks to queue
[2022-04-11 16:43:34,445] {logging_mixin.py:109} INFO - [2022-04-11 16:43:34,445] {dagbag.py:500} INFO - Filling up the DagBag from /home/airflow/airflow/dags/tut_example.py
[2022-04-11 16:43:34,804] {logging_mixin.py:109} INFO - [2022-04-11 16:43:34,803] {dagbag.py:334} ERROR - Failed to import: /home/airflow/airflow/dags/tut_example.py
Traceback (most recent call last):
  File "/home/airflow/airflow/env/lib/python3.8/site-packages/airflow/models/dagbag.py", line 331, in _load_modules_from_file
    loader.exec_module(new_module)
  File "<frozen importlib._bootstrap_external>", line 848, in exec_module
  File "<frozen importlib._bootstrap>", line 219, in _call_with_frames_removed
  File "/home/airflow/airflow/dags/tut_example.py", line 7, in <module>
    import yfinance as yf
  File "/home/airflow/airflow/env/lib/python3.8/site-packages/yfinance/__init__.py", line 24, in <module>
    from .tickers import Tickers
  File "/home/airflow/airflow/env/lib/python3.8/site-packages/yfinance/tickers.py", line 24, in <module>
    from . import Ticker, multi
  File "/home/airflow/airflow/env/lib/python3.8/site-packages/yfinance/multi.py", line 25, in <module>
    import multitasking as _multitasking
ModuleNotFoundError: No module named 'multitasking'
[2022-04-11 16:43:34,813] {processor.py:656} WARNING - No viable dags retrieved from /home/airflow/airflow/dags/tut_example.py
[2022-04-11 16:43:34,829] {processor.py:171} INFO - Processing /home/airflow/airflow/dags/tut_example.py took 0.389 seconds
[2022-04-11 16:44:17,496] {processor.py:163} INFO - Started process (PID=10487) to work on /home/airflow/airflow/dags/tut_example.py
[2022-04-11 16:44:17,497] {processor.py:642} INFO - Processing file /home/airflow/airflow/dags/tut_example.py for tasks to queue
[2022-04-11 16:44:17,497] {logging_mixin.py:109} INFO - [2022-04-11 16:44:17,497] {dagbag.py:500} INFO - Filling up the DagBag from /home/airflow/airflow/dags/tut_example.py
[2022-04-11 16:44:17,963] {logging_mixin.py:109} INFO - [2022-04-11 16:44:17,962] {dagbag.py:334} ERROR - Failed to import: /home/airflow/airflow/dags/tut_example.py
Traceback (most recent call last):
  File "/home/airflow/airflow/env/lib/python3.8/site-packages/airflow/models/dagbag.py", line 331, in _load_modules_from_file
    loader.exec_module(new_module)
  File "<frozen importlib._bootstrap_external>", line 848, in exec_module
  File "<frozen importlib._bootstrap>", line 219, in _call_with_frames_removed
  File "/home/airflow/airflow/dags/tut_example.py", line 7, in <module>
    import yfinance as yf
  File "/home/airflow/airflow/env/lib/python3.8/site-packages/yfinance/__init__.py", line 24, in <module>
    from .tickers import Tickers
  File "/home/airflow/airflow/env/lib/python3.8/site-packages/yfinance/tickers.py", line 24, in <module>
    from . import Ticker, multi
  File "/home/airflow/airflow/env/lib/python3.8/site-packages/yfinance/multi.py", line 25, in <module>
    import multitasking as _multitasking
ModuleNotFoundError: No module named 'multitasking'
[2022-04-11 16:44:17,970] {processor.py:656} WARNING - No viable dags retrieved from /home/airflow/airflow/dags/tut_example.py
[2022-04-11 16:44:17,980] {processor.py:171} INFO - Processing /home/airflow/airflow/dags/tut_example.py took 0.487 seconds
[2022-04-11 16:44:57,910] {processor.py:163} INFO - Started process (PID=10676) to work on /home/airflow/airflow/dags/tut_example.py
[2022-04-11 16:44:57,913] {processor.py:642} INFO - Processing file /home/airflow/airflow/dags/tut_example.py for tasks to queue
[2022-04-11 16:44:57,914] {logging_mixin.py:109} INFO - [2022-04-11 16:44:57,914] {dagbag.py:500} INFO - Filling up the DagBag from /home/airflow/airflow/dags/tut_example.py
[2022-04-11 16:44:58,531] {processor.py:654} INFO - DAG(s) dict_keys(['stocks_analysis_ETL_7AM']) retrieved from /home/airflow/airflow/dags/tut_example.py
[2022-04-11 16:44:59,157] {logging_mixin.py:109} INFO - [2022-04-11 16:44:59,157] {manager.py:496} INFO - Created Permission View: can read on DAG:stocks_analysis_ETL_7AM
[2022-04-11 16:44:59,168] {logging_mixin.py:109} INFO - [2022-04-11 16:44:59,167] {manager.py:496} INFO - Created Permission View: can edit on DAG:stocks_analysis_ETL_7AM
[2022-04-11 16:44:59,168] {logging_mixin.py:109} INFO - [2022-04-11 16:44:59,168] {dag.py:2396} INFO - Sync 1 DAGs
[2022-04-11 16:44:59,177] {logging_mixin.py:109} INFO - [2022-04-11 16:44:59,176] {dag.py:2415} INFO - Creating ORM DAG for stocks_analysis_ETL_7AM
[2022-04-11 16:44:59,186] {logging_mixin.py:109} INFO - [2022-04-11 16:44:59,186] {dag.py:2935} INFO - Setting next_dagrun for stocks_analysis_ETL_7AM to 2022-04-11T15:00:00+00:00
[2022-04-11 16:44:59,203] {processor.py:171} INFO - Processing /home/airflow/airflow/dags/tut_example.py took 1.298 seconds
[2022-04-11 16:45:41,352] {processor.py:163} INFO - Started process (PID=10775) to work on /home/airflow/airflow/dags/tut_example.py
[2022-04-11 16:45:41,354] {processor.py:642} INFO - Processing file /home/airflow/airflow/dags/tut_example.py for tasks to queue
[2022-04-11 16:45:41,354] {logging_mixin.py:109} INFO - [2022-04-11 16:45:41,354] {dagbag.py:500} INFO - Filling up the DagBag from /home/airflow/airflow/dags/tut_example.py
[2022-04-11 16:45:41,719] {processor.py:654} INFO - DAG(s) dict_keys(['stocks_analysis_ETL_7AM']) retrieved from /home/airflow/airflow/dags/tut_example.py
[2022-04-11 16:45:41,727] {logging_mixin.py:109} INFO - [2022-04-11 16:45:41,726] {dag.py:2396} INFO - Sync 1 DAGs
[2022-04-11 16:45:41,738] {logging_mixin.py:109} INFO - [2022-04-11 16:45:41,738] {dag.py:2935} INFO - Setting next_dagrun for stocks_analysis_ETL_7AM to 2022-04-11T15:00:00+00:00
[2022-04-11 16:45:41,748] {processor.py:171} INFO - Processing /home/airflow/airflow/dags/tut_example.py took 0.399 seconds
[2022-04-11 16:46:20,881] {processor.py:163} INFO - Started process (PID=10925) to work on /home/airflow/airflow/dags/tut_example.py
[2022-04-11 16:46:20,885] {processor.py:642} INFO - Processing file /home/airflow/airflow/dags/tut_example.py for tasks to queue
[2022-04-11 16:46:20,889] {logging_mixin.py:109} INFO - [2022-04-11 16:46:20,889] {dagbag.py:500} INFO - Filling up the DagBag from /home/airflow/airflow/dags/tut_example.py
[2022-04-11 16:46:20,898] {processor.py:690} INFO - Deactivated 1 DAGs which are no longer present in /home/airflow/airflow/dags/tut_example.py
[2022-04-11 16:46:20,898] {processor.py:656} WARNING - No viable dags retrieved from /home/airflow/airflow/dags/tut_example.py
[2022-04-11 16:46:20,902] {processor.py:171} INFO - Processing /home/airflow/airflow/dags/tut_example.py took 0.024 seconds
