[2022-03-23 18:35:28,493] {processor.py:163} INFO - Started process (PID=5082) to work on /home/airflow/env/lib/python3.8/site-packages/airflow/example_dags/subdags/subdag.py
[2022-03-23 18:35:28,494] {processor.py:642} INFO - Processing file /home/airflow/env/lib/python3.8/site-packages/airflow/example_dags/subdags/subdag.py for tasks to queue
[2022-03-23 18:35:28,494] {logging_mixin.py:109} INFO - [2022-03-23 18:35:28,494] {dagbag.py:500} INFO - Filling up the DagBag from /home/airflow/env/lib/python3.8/site-packages/airflow/example_dags/subdags/subdag.py
[2022-03-23 18:35:28,513] {processor.py:656} WARNING - No viable dags retrieved from /home/airflow/env/lib/python3.8/site-packages/airflow/example_dags/subdags/subdag.py
[2022-03-23 18:35:28,516] {processor.py:171} INFO - Processing /home/airflow/env/lib/python3.8/site-packages/airflow/example_dags/subdags/subdag.py took 0.028 seconds
[2022-03-23 18:36:02,627] {processor.py:163} INFO - Started process (PID=5171) to work on /home/airflow/env/lib/python3.8/site-packages/airflow/example_dags/subdags/subdag.py
[2022-03-23 18:36:02,629] {processor.py:642} INFO - Processing file /home/airflow/env/lib/python3.8/site-packages/airflow/example_dags/subdags/subdag.py for tasks to queue
[2022-03-23 18:36:02,629] {logging_mixin.py:109} INFO - [2022-03-23 18:36:02,629] {dagbag.py:500} INFO - Filling up the DagBag from /home/airflow/env/lib/python3.8/site-packages/airflow/example_dags/subdags/subdag.py
[2022-03-23 18:36:02,638] {processor.py:656} WARNING - No viable dags retrieved from /home/airflow/env/lib/python3.8/site-packages/airflow/example_dags/subdags/subdag.py
[2022-03-23 18:36:02,640] {processor.py:171} INFO - Processing /home/airflow/env/lib/python3.8/site-packages/airflow/example_dags/subdags/subdag.py took 0.015 seconds
[2022-03-23 18:36:35,260] {processor.py:163} INFO - Started process (PID=5218) to work on /home/airflow/env/lib/python3.8/site-packages/airflow/example_dags/subdags/subdag.py
[2022-03-23 18:36:35,261] {processor.py:642} INFO - Processing file /home/airflow/env/lib/python3.8/site-packages/airflow/example_dags/subdags/subdag.py for tasks to queue
[2022-03-23 18:36:35,262] {logging_mixin.py:109} INFO - [2022-03-23 18:36:35,262] {dagbag.py:500} INFO - Filling up the DagBag from /home/airflow/env/lib/python3.8/site-packages/airflow/example_dags/subdags/subdag.py
[2022-03-23 18:36:35,276] {processor.py:656} WARNING - No viable dags retrieved from /home/airflow/env/lib/python3.8/site-packages/airflow/example_dags/subdags/subdag.py
[2022-03-23 18:36:35,278] {processor.py:171} INFO - Processing /home/airflow/env/lib/python3.8/site-packages/airflow/example_dags/subdags/subdag.py took 0.021 seconds
[2022-03-23 18:37:05,715] {processor.py:163} INFO - Started process (PID=5352) to work on /home/airflow/env/lib/python3.8/site-packages/airflow/example_dags/subdags/subdag.py
[2022-03-23 18:37:05,716] {processor.py:642} INFO - Processing file /home/airflow/env/lib/python3.8/site-packages/airflow/example_dags/subdags/subdag.py for tasks to queue
[2022-03-23 18:37:05,717] {logging_mixin.py:109} INFO - [2022-03-23 18:37:05,717] {dagbag.py:500} INFO - Filling up the DagBag from /home/airflow/env/lib/python3.8/site-packages/airflow/example_dags/subdags/subdag.py
[2022-03-23 18:37:05,729] {processor.py:656} WARNING - No viable dags retrieved from /home/airflow/env/lib/python3.8/site-packages/airflow/example_dags/subdags/subdag.py
[2022-03-23 18:37:05,731] {processor.py:171} INFO - Processing /home/airflow/env/lib/python3.8/site-packages/airflow/example_dags/subdags/subdag.py took 0.021 seconds
[2022-03-23 18:37:38,628] {processor.py:163} INFO - Started process (PID=5387) to work on /home/airflow/env/lib/python3.8/site-packages/airflow/example_dags/subdags/subdag.py
[2022-03-23 18:37:38,629] {processor.py:642} INFO - Processing file /home/airflow/env/lib/python3.8/site-packages/airflow/example_dags/subdags/subdag.py for tasks to queue
[2022-03-23 18:37:38,630] {logging_mixin.py:109} INFO - [2022-03-23 18:37:38,630] {dagbag.py:500} INFO - Filling up the DagBag from /home/airflow/env/lib/python3.8/site-packages/airflow/example_dags/subdags/subdag.py
[2022-03-23 18:37:38,642] {processor.py:656} WARNING - No viable dags retrieved from /home/airflow/env/lib/python3.8/site-packages/airflow/example_dags/subdags/subdag.py
[2022-03-23 18:37:38,644] {processor.py:171} INFO - Processing /home/airflow/env/lib/python3.8/site-packages/airflow/example_dags/subdags/subdag.py took 0.020 seconds
[2022-03-23 18:38:13,310] {processor.py:163} INFO - Started process (PID=5478) to work on /home/airflow/env/lib/python3.8/site-packages/airflow/example_dags/subdags/subdag.py
[2022-03-23 18:38:13,311] {processor.py:642} INFO - Processing file /home/airflow/env/lib/python3.8/site-packages/airflow/example_dags/subdags/subdag.py for tasks to queue
[2022-03-23 18:38:13,312] {logging_mixin.py:109} INFO - [2022-03-23 18:38:13,312] {dagbag.py:500} INFO - Filling up the DagBag from /home/airflow/env/lib/python3.8/site-packages/airflow/example_dags/subdags/subdag.py
[2022-03-23 18:38:13,325] {processor.py:656} WARNING - No viable dags retrieved from /home/airflow/env/lib/python3.8/site-packages/airflow/example_dags/subdags/subdag.py
[2022-03-23 18:38:13,326] {processor.py:171} INFO - Processing /home/airflow/env/lib/python3.8/site-packages/airflow/example_dags/subdags/subdag.py took 0.018 seconds
[2022-03-23 18:38:44,349] {processor.py:163} INFO - Started process (PID=5506) to work on /home/airflow/env/lib/python3.8/site-packages/airflow/example_dags/subdags/subdag.py
[2022-03-23 18:38:44,351] {processor.py:642} INFO - Processing file /home/airflow/env/lib/python3.8/site-packages/airflow/example_dags/subdags/subdag.py for tasks to queue
[2022-03-23 18:38:44,351] {logging_mixin.py:109} INFO - [2022-03-23 18:38:44,351] {dagbag.py:500} INFO - Filling up the DagBag from /home/airflow/env/lib/python3.8/site-packages/airflow/example_dags/subdags/subdag.py
[2022-03-23 18:38:44,365] {processor.py:656} WARNING - No viable dags retrieved from /home/airflow/env/lib/python3.8/site-packages/airflow/example_dags/subdags/subdag.py
[2022-03-23 18:38:44,368] {processor.py:171} INFO - Processing /home/airflow/env/lib/python3.8/site-packages/airflow/example_dags/subdags/subdag.py took 0.025 seconds
[2022-03-23 18:39:17,114] {processor.py:163} INFO - Started process (PID=5553) to work on /home/airflow/env/lib/python3.8/site-packages/airflow/example_dags/subdags/subdag.py
[2022-03-23 18:39:17,121] {processor.py:642} INFO - Processing file /home/airflow/env/lib/python3.8/site-packages/airflow/example_dags/subdags/subdag.py for tasks to queue
[2022-03-23 18:39:17,121] {logging_mixin.py:109} INFO - [2022-03-23 18:39:17,121] {dagbag.py:500} INFO - Filling up the DagBag from /home/airflow/env/lib/python3.8/site-packages/airflow/example_dags/subdags/subdag.py
[2022-03-23 18:39:17,183] {processor.py:656} WARNING - No viable dags retrieved from /home/airflow/env/lib/python3.8/site-packages/airflow/example_dags/subdags/subdag.py
[2022-03-23 18:39:17,210] {processor.py:171} INFO - Processing /home/airflow/env/lib/python3.8/site-packages/airflow/example_dags/subdags/subdag.py took 0.106 seconds
[2022-03-23 18:39:51,283] {processor.py:163} INFO - Started process (PID=5707) to work on /home/airflow/env/lib/python3.8/site-packages/airflow/example_dags/subdags/subdag.py
[2022-03-23 18:39:51,285] {processor.py:642} INFO - Processing file /home/airflow/env/lib/python3.8/site-packages/airflow/example_dags/subdags/subdag.py for tasks to queue
[2022-03-23 18:39:51,285] {logging_mixin.py:109} INFO - [2022-03-23 18:39:51,285] {dagbag.py:500} INFO - Filling up the DagBag from /home/airflow/env/lib/python3.8/site-packages/airflow/example_dags/subdags/subdag.py
[2022-03-23 18:39:51,296] {processor.py:656} WARNING - No viable dags retrieved from /home/airflow/env/lib/python3.8/site-packages/airflow/example_dags/subdags/subdag.py
[2022-03-23 18:39:51,298] {processor.py:171} INFO - Processing /home/airflow/env/lib/python3.8/site-packages/airflow/example_dags/subdags/subdag.py took 0.017 seconds
[2022-03-23 18:40:24,786] {processor.py:163} INFO - Started process (PID=5791) to work on /home/airflow/env/lib/python3.8/site-packages/airflow/example_dags/subdags/subdag.py
[2022-03-23 18:40:24,789] {processor.py:642} INFO - Processing file /home/airflow/env/lib/python3.8/site-packages/airflow/example_dags/subdags/subdag.py for tasks to queue
[2022-03-23 18:40:24,790] {logging_mixin.py:109} INFO - [2022-03-23 18:40:24,790] {dagbag.py:500} INFO - Filling up the DagBag from /home/airflow/env/lib/python3.8/site-packages/airflow/example_dags/subdags/subdag.py
[2022-03-23 18:40:24,808] {processor.py:656} WARNING - No viable dags retrieved from /home/airflow/env/lib/python3.8/site-packages/airflow/example_dags/subdags/subdag.py
[2022-03-23 18:40:24,814] {processor.py:171} INFO - Processing /home/airflow/env/lib/python3.8/site-packages/airflow/example_dags/subdags/subdag.py took 0.035 seconds
[2022-03-23 18:40:55,861] {processor.py:163} INFO - Started process (PID=5943) to work on /home/airflow/env/lib/python3.8/site-packages/airflow/example_dags/subdags/subdag.py
[2022-03-23 18:40:55,863] {processor.py:642} INFO - Processing file /home/airflow/env/lib/python3.8/site-packages/airflow/example_dags/subdags/subdag.py for tasks to queue
[2022-03-23 18:40:55,864] {logging_mixin.py:109} INFO - [2022-03-23 18:40:55,864] {dagbag.py:500} INFO - Filling up the DagBag from /home/airflow/env/lib/python3.8/site-packages/airflow/example_dags/subdags/subdag.py
[2022-03-23 18:40:55,873] {processor.py:656} WARNING - No viable dags retrieved from /home/airflow/env/lib/python3.8/site-packages/airflow/example_dags/subdags/subdag.py
[2022-03-23 18:40:55,875] {processor.py:171} INFO - Processing /home/airflow/env/lib/python3.8/site-packages/airflow/example_dags/subdags/subdag.py took 0.016 seconds
[2022-03-23 18:41:27,322] {processor.py:163} INFO - Started process (PID=6051) to work on /home/airflow/env/lib/python3.8/site-packages/airflow/example_dags/subdags/subdag.py
[2022-03-23 18:41:27,323] {processor.py:642} INFO - Processing file /home/airflow/env/lib/python3.8/site-packages/airflow/example_dags/subdags/subdag.py for tasks to queue
[2022-03-23 18:41:27,323] {logging_mixin.py:109} INFO - [2022-03-23 18:41:27,323] {dagbag.py:500} INFO - Filling up the DagBag from /home/airflow/env/lib/python3.8/site-packages/airflow/example_dags/subdags/subdag.py
[2022-03-23 18:41:27,335] {processor.py:656} WARNING - No viable dags retrieved from /home/airflow/env/lib/python3.8/site-packages/airflow/example_dags/subdags/subdag.py
[2022-03-23 18:41:27,337] {processor.py:171} INFO - Processing /home/airflow/env/lib/python3.8/site-packages/airflow/example_dags/subdags/subdag.py took 0.017 seconds
[2022-03-23 18:42:01,605] {processor.py:163} INFO - Started process (PID=6234) to work on /home/airflow/env/lib/python3.8/site-packages/airflow/example_dags/subdags/subdag.py
[2022-03-23 18:42:01,606] {processor.py:642} INFO - Processing file /home/airflow/env/lib/python3.8/site-packages/airflow/example_dags/subdags/subdag.py for tasks to queue
[2022-03-23 18:42:01,607] {logging_mixin.py:109} INFO - [2022-03-23 18:42:01,606] {dagbag.py:500} INFO - Filling up the DagBag from /home/airflow/env/lib/python3.8/site-packages/airflow/example_dags/subdags/subdag.py
[2022-03-23 18:42:01,619] {processor.py:656} WARNING - No viable dags retrieved from /home/airflow/env/lib/python3.8/site-packages/airflow/example_dags/subdags/subdag.py
[2022-03-23 18:42:01,621] {processor.py:171} INFO - Processing /home/airflow/env/lib/python3.8/site-packages/airflow/example_dags/subdags/subdag.py took 0.018 seconds
[2022-03-23 18:42:34,038] {processor.py:163} INFO - Started process (PID=6386) to work on /home/airflow/env/lib/python3.8/site-packages/airflow/example_dags/subdags/subdag.py
[2022-03-23 18:42:34,039] {processor.py:642} INFO - Processing file /home/airflow/env/lib/python3.8/site-packages/airflow/example_dags/subdags/subdag.py for tasks to queue
[2022-03-23 18:42:34,040] {logging_mixin.py:109} INFO - [2022-03-23 18:42:34,040] {dagbag.py:500} INFO - Filling up the DagBag from /home/airflow/env/lib/python3.8/site-packages/airflow/example_dags/subdags/subdag.py
[2022-03-23 18:42:34,053] {processor.py:656} WARNING - No viable dags retrieved from /home/airflow/env/lib/python3.8/site-packages/airflow/example_dags/subdags/subdag.py
[2022-03-23 18:42:34,054] {processor.py:171} INFO - Processing /home/airflow/env/lib/python3.8/site-packages/airflow/example_dags/subdags/subdag.py took 0.019 seconds
[2022-03-23 18:43:05,062] {processor.py:163} INFO - Started process (PID=6447) to work on /home/airflow/env/lib/python3.8/site-packages/airflow/example_dags/subdags/subdag.py
[2022-03-23 18:43:05,063] {processor.py:642} INFO - Processing file /home/airflow/env/lib/python3.8/site-packages/airflow/example_dags/subdags/subdag.py for tasks to queue
[2022-03-23 18:43:05,063] {logging_mixin.py:109} INFO - [2022-03-23 18:43:05,063] {dagbag.py:500} INFO - Filling up the DagBag from /home/airflow/env/lib/python3.8/site-packages/airflow/example_dags/subdags/subdag.py
[2022-03-23 18:43:05,073] {processor.py:656} WARNING - No viable dags retrieved from /home/airflow/env/lib/python3.8/site-packages/airflow/example_dags/subdags/subdag.py
[2022-03-23 18:43:05,075] {processor.py:171} INFO - Processing /home/airflow/env/lib/python3.8/site-packages/airflow/example_dags/subdags/subdag.py took 0.016 seconds
[2022-03-23 18:43:37,627] {processor.py:163} INFO - Started process (PID=6479) to work on /home/airflow/env/lib/python3.8/site-packages/airflow/example_dags/subdags/subdag.py
[2022-03-23 18:43:37,631] {processor.py:642} INFO - Processing file /home/airflow/env/lib/python3.8/site-packages/airflow/example_dags/subdags/subdag.py for tasks to queue
[2022-03-23 18:43:37,632] {logging_mixin.py:109} INFO - [2022-03-23 18:43:37,632] {dagbag.py:500} INFO - Filling up the DagBag from /home/airflow/env/lib/python3.8/site-packages/airflow/example_dags/subdags/subdag.py
[2022-03-23 18:43:37,652] {processor.py:656} WARNING - No viable dags retrieved from /home/airflow/env/lib/python3.8/site-packages/airflow/example_dags/subdags/subdag.py
[2022-03-23 18:43:37,654] {processor.py:171} INFO - Processing /home/airflow/env/lib/python3.8/site-packages/airflow/example_dags/subdags/subdag.py took 0.030 seconds
[2022-03-23 18:44:12,407] {processor.py:163} INFO - Started process (PID=6511) to work on /home/airflow/env/lib/python3.8/site-packages/airflow/example_dags/subdags/subdag.py
[2022-03-23 18:44:12,416] {processor.py:642} INFO - Processing file /home/airflow/env/lib/python3.8/site-packages/airflow/example_dags/subdags/subdag.py for tasks to queue
[2022-03-23 18:44:12,416] {logging_mixin.py:109} INFO - [2022-03-23 18:44:12,416] {dagbag.py:500} INFO - Filling up the DagBag from /home/airflow/env/lib/python3.8/site-packages/airflow/example_dags/subdags/subdag.py
[2022-03-23 18:44:12,435] {processor.py:656} WARNING - No viable dags retrieved from /home/airflow/env/lib/python3.8/site-packages/airflow/example_dags/subdags/subdag.py
[2022-03-23 18:44:12,437] {processor.py:171} INFO - Processing /home/airflow/env/lib/python3.8/site-packages/airflow/example_dags/subdags/subdag.py took 0.032 seconds
[2022-03-23 18:44:47,323] {processor.py:163} INFO - Started process (PID=6543) to work on /home/airflow/env/lib/python3.8/site-packages/airflow/example_dags/subdags/subdag.py
[2022-03-23 18:44:47,325] {processor.py:642} INFO - Processing file /home/airflow/env/lib/python3.8/site-packages/airflow/example_dags/subdags/subdag.py for tasks to queue
[2022-03-23 18:44:47,326] {logging_mixin.py:109} INFO - [2022-03-23 18:44:47,326] {dagbag.py:500} INFO - Filling up the DagBag from /home/airflow/env/lib/python3.8/site-packages/airflow/example_dags/subdags/subdag.py
[2022-03-23 18:44:47,338] {processor.py:656} WARNING - No viable dags retrieved from /home/airflow/env/lib/python3.8/site-packages/airflow/example_dags/subdags/subdag.py
[2022-03-23 18:44:47,340] {processor.py:171} INFO - Processing /home/airflow/env/lib/python3.8/site-packages/airflow/example_dags/subdags/subdag.py took 0.019 seconds
[2022-03-23 18:45:21,465] {processor.py:163} INFO - Started process (PID=6575) to work on /home/airflow/env/lib/python3.8/site-packages/airflow/example_dags/subdags/subdag.py
[2022-03-23 18:45:21,467] {processor.py:642} INFO - Processing file /home/airflow/env/lib/python3.8/site-packages/airflow/example_dags/subdags/subdag.py for tasks to queue
[2022-03-23 18:45:21,468] {logging_mixin.py:109} INFO - [2022-03-23 18:45:21,467] {dagbag.py:500} INFO - Filling up the DagBag from /home/airflow/env/lib/python3.8/site-packages/airflow/example_dags/subdags/subdag.py
[2022-03-23 18:45:21,480] {processor.py:656} WARNING - No viable dags retrieved from /home/airflow/env/lib/python3.8/site-packages/airflow/example_dags/subdags/subdag.py
[2022-03-23 18:45:21,482] {processor.py:171} INFO - Processing /home/airflow/env/lib/python3.8/site-packages/airflow/example_dags/subdags/subdag.py took 0.020 seconds
[2022-03-23 18:45:51,765] {processor.py:163} INFO - Started process (PID=6657) to work on /home/airflow/env/lib/python3.8/site-packages/airflow/example_dags/subdags/subdag.py
[2022-03-23 18:45:51,767] {processor.py:642} INFO - Processing file /home/airflow/env/lib/python3.8/site-packages/airflow/example_dags/subdags/subdag.py for tasks to queue
[2022-03-23 18:45:51,767] {logging_mixin.py:109} INFO - [2022-03-23 18:45:51,767] {dagbag.py:500} INFO - Filling up the DagBag from /home/airflow/env/lib/python3.8/site-packages/airflow/example_dags/subdags/subdag.py
[2022-03-23 18:45:51,777] {processor.py:656} WARNING - No viable dags retrieved from /home/airflow/env/lib/python3.8/site-packages/airflow/example_dags/subdags/subdag.py
[2022-03-23 18:45:51,779] {processor.py:171} INFO - Processing /home/airflow/env/lib/python3.8/site-packages/airflow/example_dags/subdags/subdag.py took 0.017 seconds
[2022-03-23 18:46:22,054] {processor.py:163} INFO - Started process (PID=6688) to work on /home/airflow/env/lib/python3.8/site-packages/airflow/example_dags/subdags/subdag.py
[2022-03-23 18:46:22,055] {processor.py:642} INFO - Processing file /home/airflow/env/lib/python3.8/site-packages/airflow/example_dags/subdags/subdag.py for tasks to queue
[2022-03-23 18:46:22,056] {logging_mixin.py:109} INFO - [2022-03-23 18:46:22,056] {dagbag.py:500} INFO - Filling up the DagBag from /home/airflow/env/lib/python3.8/site-packages/airflow/example_dags/subdags/subdag.py
[2022-03-23 18:46:22,067] {processor.py:656} WARNING - No viable dags retrieved from /home/airflow/env/lib/python3.8/site-packages/airflow/example_dags/subdags/subdag.py
[2022-03-23 18:46:22,069] {processor.py:171} INFO - Processing /home/airflow/env/lib/python3.8/site-packages/airflow/example_dags/subdags/subdag.py took 0.017 seconds
[2022-03-23 18:46:54,686] {processor.py:163} INFO - Started process (PID=6719) to work on /home/airflow/env/lib/python3.8/site-packages/airflow/example_dags/subdags/subdag.py
[2022-03-23 18:46:54,687] {processor.py:642} INFO - Processing file /home/airflow/env/lib/python3.8/site-packages/airflow/example_dags/subdags/subdag.py for tasks to queue
[2022-03-23 18:46:54,688] {logging_mixin.py:109} INFO - [2022-03-23 18:46:54,688] {dagbag.py:500} INFO - Filling up the DagBag from /home/airflow/env/lib/python3.8/site-packages/airflow/example_dags/subdags/subdag.py
[2022-03-23 18:46:54,700] {processor.py:656} WARNING - No viable dags retrieved from /home/airflow/env/lib/python3.8/site-packages/airflow/example_dags/subdags/subdag.py
[2022-03-23 18:46:54,702] {processor.py:171} INFO - Processing /home/airflow/env/lib/python3.8/site-packages/airflow/example_dags/subdags/subdag.py took 0.019 seconds
[2022-03-23 18:47:29,292] {processor.py:163} INFO - Started process (PID=6751) to work on /home/airflow/env/lib/python3.8/site-packages/airflow/example_dags/subdags/subdag.py
[2022-03-23 18:47:29,293] {processor.py:642} INFO - Processing file /home/airflow/env/lib/python3.8/site-packages/airflow/example_dags/subdags/subdag.py for tasks to queue
[2022-03-23 18:47:29,293] {logging_mixin.py:109} INFO - [2022-03-23 18:47:29,293] {dagbag.py:500} INFO - Filling up the DagBag from /home/airflow/env/lib/python3.8/site-packages/airflow/example_dags/subdags/subdag.py
[2022-03-23 18:47:29,304] {processor.py:656} WARNING - No viable dags retrieved from /home/airflow/env/lib/python3.8/site-packages/airflow/example_dags/subdags/subdag.py
[2022-03-23 18:47:29,306] {processor.py:171} INFO - Processing /home/airflow/env/lib/python3.8/site-packages/airflow/example_dags/subdags/subdag.py took 0.016 seconds
[2022-03-23 18:48:02,870] {processor.py:163} INFO - Started process (PID=6781) to work on /home/airflow/env/lib/python3.8/site-packages/airflow/example_dags/subdags/subdag.py
[2022-03-23 18:48:02,872] {processor.py:642} INFO - Processing file /home/airflow/env/lib/python3.8/site-packages/airflow/example_dags/subdags/subdag.py for tasks to queue
[2022-03-23 18:48:02,873] {logging_mixin.py:109} INFO - [2022-03-23 18:48:02,873] {dagbag.py:500} INFO - Filling up the DagBag from /home/airflow/env/lib/python3.8/site-packages/airflow/example_dags/subdags/subdag.py
[2022-03-23 18:48:02,887] {processor.py:656} WARNING - No viable dags retrieved from /home/airflow/env/lib/python3.8/site-packages/airflow/example_dags/subdags/subdag.py
[2022-03-23 18:48:02,889] {processor.py:171} INFO - Processing /home/airflow/env/lib/python3.8/site-packages/airflow/example_dags/subdags/subdag.py took 0.022 seconds
[2022-03-23 18:48:38,710] {processor.py:163} INFO - Started process (PID=6817) to work on /home/airflow/env/lib/python3.8/site-packages/airflow/example_dags/subdags/subdag.py
[2022-03-23 18:48:38,711] {processor.py:642} INFO - Processing file /home/airflow/env/lib/python3.8/site-packages/airflow/example_dags/subdags/subdag.py for tasks to queue
[2022-03-23 18:48:38,712] {logging_mixin.py:109} INFO - [2022-03-23 18:48:38,712] {dagbag.py:500} INFO - Filling up the DagBag from /home/airflow/env/lib/python3.8/site-packages/airflow/example_dags/subdags/subdag.py
[2022-03-23 18:48:38,721] {processor.py:656} WARNING - No viable dags retrieved from /home/airflow/env/lib/python3.8/site-packages/airflow/example_dags/subdags/subdag.py
[2022-03-23 18:48:38,723] {processor.py:171} INFO - Processing /home/airflow/env/lib/python3.8/site-packages/airflow/example_dags/subdags/subdag.py took 0.015 seconds
[2022-03-23 18:49:11,421] {processor.py:163} INFO - Started process (PID=6848) to work on /home/airflow/env/lib/python3.8/site-packages/airflow/example_dags/subdags/subdag.py
[2022-03-23 18:49:11,423] {processor.py:642} INFO - Processing file /home/airflow/env/lib/python3.8/site-packages/airflow/example_dags/subdags/subdag.py for tasks to queue
[2022-03-23 18:49:11,424] {logging_mixin.py:109} INFO - [2022-03-23 18:49:11,424] {dagbag.py:500} INFO - Filling up the DagBag from /home/airflow/env/lib/python3.8/site-packages/airflow/example_dags/subdags/subdag.py
[2022-03-23 18:49:11,440] {processor.py:656} WARNING - No viable dags retrieved from /home/airflow/env/lib/python3.8/site-packages/airflow/example_dags/subdags/subdag.py
[2022-03-23 18:49:11,442] {processor.py:171} INFO - Processing /home/airflow/env/lib/python3.8/site-packages/airflow/example_dags/subdags/subdag.py took 0.024 seconds
[2022-03-23 18:49:44,072] {processor.py:163} INFO - Started process (PID=7001) to work on /home/airflow/env/lib/python3.8/site-packages/airflow/example_dags/subdags/subdag.py
[2022-03-23 18:49:44,073] {processor.py:642} INFO - Processing file /home/airflow/env/lib/python3.8/site-packages/airflow/example_dags/subdags/subdag.py for tasks to queue
[2022-03-23 18:49:44,074] {logging_mixin.py:109} INFO - [2022-03-23 18:49:44,074] {dagbag.py:500} INFO - Filling up the DagBag from /home/airflow/env/lib/python3.8/site-packages/airflow/example_dags/subdags/subdag.py
[2022-03-23 18:49:44,088] {processor.py:656} WARNING - No viable dags retrieved from /home/airflow/env/lib/python3.8/site-packages/airflow/example_dags/subdags/subdag.py
[2022-03-23 18:49:44,090] {processor.py:171} INFO - Processing /home/airflow/env/lib/python3.8/site-packages/airflow/example_dags/subdags/subdag.py took 0.021 seconds
[2022-03-23 18:50:17,086] {processor.py:163} INFO - Started process (PID=7033) to work on /home/airflow/env/lib/python3.8/site-packages/airflow/example_dags/subdags/subdag.py
[2022-03-23 18:50:17,087] {processor.py:642} INFO - Processing file /home/airflow/env/lib/python3.8/site-packages/airflow/example_dags/subdags/subdag.py for tasks to queue
[2022-03-23 18:50:17,087] {logging_mixin.py:109} INFO - [2022-03-23 18:50:17,087] {dagbag.py:500} INFO - Filling up the DagBag from /home/airflow/env/lib/python3.8/site-packages/airflow/example_dags/subdags/subdag.py
[2022-03-23 18:50:17,098] {processor.py:656} WARNING - No viable dags retrieved from /home/airflow/env/lib/python3.8/site-packages/airflow/example_dags/subdags/subdag.py
[2022-03-23 18:50:17,101] {processor.py:171} INFO - Processing /home/airflow/env/lib/python3.8/site-packages/airflow/example_dags/subdags/subdag.py took 0.018 seconds
[2022-03-23 18:50:49,303] {processor.py:163} INFO - Started process (PID=7119) to work on /home/airflow/env/lib/python3.8/site-packages/airflow/example_dags/subdags/subdag.py
[2022-03-23 18:50:49,304] {processor.py:642} INFO - Processing file /home/airflow/env/lib/python3.8/site-packages/airflow/example_dags/subdags/subdag.py for tasks to queue
[2022-03-23 18:50:49,305] {logging_mixin.py:109} INFO - [2022-03-23 18:50:49,305] {dagbag.py:500} INFO - Filling up the DagBag from /home/airflow/env/lib/python3.8/site-packages/airflow/example_dags/subdags/subdag.py
[2022-03-23 18:50:49,314] {processor.py:656} WARNING - No viable dags retrieved from /home/airflow/env/lib/python3.8/site-packages/airflow/example_dags/subdags/subdag.py
[2022-03-23 18:50:49,317] {processor.py:171} INFO - Processing /home/airflow/env/lib/python3.8/site-packages/airflow/example_dags/subdags/subdag.py took 0.016 seconds
[2022-03-23 18:51:21,877] {processor.py:163} INFO - Started process (PID=7151) to work on /home/airflow/env/lib/python3.8/site-packages/airflow/example_dags/subdags/subdag.py
[2022-03-23 18:51:21,878] {processor.py:642} INFO - Processing file /home/airflow/env/lib/python3.8/site-packages/airflow/example_dags/subdags/subdag.py for tasks to queue
[2022-03-23 18:51:21,879] {logging_mixin.py:109} INFO - [2022-03-23 18:51:21,879] {dagbag.py:500} INFO - Filling up the DagBag from /home/airflow/env/lib/python3.8/site-packages/airflow/example_dags/subdags/subdag.py
[2022-03-23 18:51:21,888] {processor.py:656} WARNING - No viable dags retrieved from /home/airflow/env/lib/python3.8/site-packages/airflow/example_dags/subdags/subdag.py
[2022-03-23 18:51:21,890] {processor.py:171} INFO - Processing /home/airflow/env/lib/python3.8/site-packages/airflow/example_dags/subdags/subdag.py took 0.016 seconds
[2022-03-23 18:51:53,141] {processor.py:163} INFO - Started process (PID=7181) to work on /home/airflow/env/lib/python3.8/site-packages/airflow/example_dags/subdags/subdag.py
[2022-03-23 18:51:53,142] {processor.py:642} INFO - Processing file /home/airflow/env/lib/python3.8/site-packages/airflow/example_dags/subdags/subdag.py for tasks to queue
[2022-03-23 18:51:53,142] {logging_mixin.py:109} INFO - [2022-03-23 18:51:53,142] {dagbag.py:500} INFO - Filling up the DagBag from /home/airflow/env/lib/python3.8/site-packages/airflow/example_dags/subdags/subdag.py
[2022-03-23 18:51:53,161] {processor.py:656} WARNING - No viable dags retrieved from /home/airflow/env/lib/python3.8/site-packages/airflow/example_dags/subdags/subdag.py
[2022-03-23 18:51:53,164] {processor.py:171} INFO - Processing /home/airflow/env/lib/python3.8/site-packages/airflow/example_dags/subdags/subdag.py took 0.026 seconds
[2022-03-23 18:52:24,339] {processor.py:163} INFO - Started process (PID=7212) to work on /home/airflow/env/lib/python3.8/site-packages/airflow/example_dags/subdags/subdag.py
[2022-03-23 18:52:24,340] {processor.py:642} INFO - Processing file /home/airflow/env/lib/python3.8/site-packages/airflow/example_dags/subdags/subdag.py for tasks to queue
[2022-03-23 18:52:24,340] {logging_mixin.py:109} INFO - [2022-03-23 18:52:24,340] {dagbag.py:500} INFO - Filling up the DagBag from /home/airflow/env/lib/python3.8/site-packages/airflow/example_dags/subdags/subdag.py
[2022-03-23 18:52:24,350] {processor.py:656} WARNING - No viable dags retrieved from /home/airflow/env/lib/python3.8/site-packages/airflow/example_dags/subdags/subdag.py
[2022-03-23 18:52:24,352] {processor.py:171} INFO - Processing /home/airflow/env/lib/python3.8/site-packages/airflow/example_dags/subdags/subdag.py took 0.016 seconds
[2022-03-23 18:52:55,687] {processor.py:163} INFO - Started process (PID=7243) to work on /home/airflow/env/lib/python3.8/site-packages/airflow/example_dags/subdags/subdag.py
[2022-03-23 18:52:55,688] {processor.py:642} INFO - Processing file /home/airflow/env/lib/python3.8/site-packages/airflow/example_dags/subdags/subdag.py for tasks to queue
[2022-03-23 18:52:55,689] {logging_mixin.py:109} INFO - [2022-03-23 18:52:55,689] {dagbag.py:500} INFO - Filling up the DagBag from /home/airflow/env/lib/python3.8/site-packages/airflow/example_dags/subdags/subdag.py
[2022-03-23 18:52:55,702] {processor.py:656} WARNING - No viable dags retrieved from /home/airflow/env/lib/python3.8/site-packages/airflow/example_dags/subdags/subdag.py
[2022-03-23 18:52:55,706] {processor.py:171} INFO - Processing /home/airflow/env/lib/python3.8/site-packages/airflow/example_dags/subdags/subdag.py took 0.022 seconds
[2022-03-23 18:53:28,251] {processor.py:163} INFO - Started process (PID=7275) to work on /home/airflow/env/lib/python3.8/site-packages/airflow/example_dags/subdags/subdag.py
[2022-03-23 18:53:28,252] {processor.py:642} INFO - Processing file /home/airflow/env/lib/python3.8/site-packages/airflow/example_dags/subdags/subdag.py for tasks to queue
[2022-03-23 18:53:28,253] {logging_mixin.py:109} INFO - [2022-03-23 18:53:28,253] {dagbag.py:500} INFO - Filling up the DagBag from /home/airflow/env/lib/python3.8/site-packages/airflow/example_dags/subdags/subdag.py
[2022-03-23 18:53:28,266] {processor.py:656} WARNING - No viable dags retrieved from /home/airflow/env/lib/python3.8/site-packages/airflow/example_dags/subdags/subdag.py
[2022-03-23 18:53:28,268] {processor.py:171} INFO - Processing /home/airflow/env/lib/python3.8/site-packages/airflow/example_dags/subdags/subdag.py took 0.021 seconds
[2022-03-23 18:53:58,602] {processor.py:163} INFO - Started process (PID=7304) to work on /home/airflow/env/lib/python3.8/site-packages/airflow/example_dags/subdags/subdag.py
[2022-03-23 18:53:58,604] {processor.py:642} INFO - Processing file /home/airflow/env/lib/python3.8/site-packages/airflow/example_dags/subdags/subdag.py for tasks to queue
[2022-03-23 18:53:58,606] {logging_mixin.py:109} INFO - [2022-03-23 18:53:58,605] {dagbag.py:500} INFO - Filling up the DagBag from /home/airflow/env/lib/python3.8/site-packages/airflow/example_dags/subdags/subdag.py
[2022-03-23 18:53:58,618] {processor.py:656} WARNING - No viable dags retrieved from /home/airflow/env/lib/python3.8/site-packages/airflow/example_dags/subdags/subdag.py
[2022-03-23 18:53:58,620] {processor.py:171} INFO - Processing /home/airflow/env/lib/python3.8/site-packages/airflow/example_dags/subdags/subdag.py took 0.021 seconds
[2022-03-23 18:54:32,775] {processor.py:163} INFO - Started process (PID=7336) to work on /home/airflow/env/lib/python3.8/site-packages/airflow/example_dags/subdags/subdag.py
[2022-03-23 18:54:32,777] {processor.py:642} INFO - Processing file /home/airflow/env/lib/python3.8/site-packages/airflow/example_dags/subdags/subdag.py for tasks to queue
[2022-03-23 18:54:32,778] {logging_mixin.py:109} INFO - [2022-03-23 18:54:32,777] {dagbag.py:500} INFO - Filling up the DagBag from /home/airflow/env/lib/python3.8/site-packages/airflow/example_dags/subdags/subdag.py
[2022-03-23 18:54:32,788] {processor.py:656} WARNING - No viable dags retrieved from /home/airflow/env/lib/python3.8/site-packages/airflow/example_dags/subdags/subdag.py
[2022-03-23 18:54:32,789] {processor.py:171} INFO - Processing /home/airflow/env/lib/python3.8/site-packages/airflow/example_dags/subdags/subdag.py took 0.017 seconds
[2022-03-23 18:55:04,939] {processor.py:163} INFO - Started process (PID=7368) to work on /home/airflow/env/lib/python3.8/site-packages/airflow/example_dags/subdags/subdag.py
[2022-03-23 18:55:04,940] {processor.py:642} INFO - Processing file /home/airflow/env/lib/python3.8/site-packages/airflow/example_dags/subdags/subdag.py for tasks to queue
[2022-03-23 18:55:04,940] {logging_mixin.py:109} INFO - [2022-03-23 18:55:04,940] {dagbag.py:500} INFO - Filling up the DagBag from /home/airflow/env/lib/python3.8/site-packages/airflow/example_dags/subdags/subdag.py
[2022-03-23 18:55:04,952] {processor.py:656} WARNING - No viable dags retrieved from /home/airflow/env/lib/python3.8/site-packages/airflow/example_dags/subdags/subdag.py
[2022-03-23 18:55:04,955] {processor.py:171} INFO - Processing /home/airflow/env/lib/python3.8/site-packages/airflow/example_dags/subdags/subdag.py took 0.018 seconds
[2022-03-23 18:55:36,002] {processor.py:163} INFO - Started process (PID=7440) to work on /home/airflow/env/lib/python3.8/site-packages/airflow/example_dags/subdags/subdag.py
[2022-03-23 18:55:36,003] {processor.py:642} INFO - Processing file /home/airflow/env/lib/python3.8/site-packages/airflow/example_dags/subdags/subdag.py for tasks to queue
[2022-03-23 18:55:36,003] {logging_mixin.py:109} INFO - [2022-03-23 18:55:36,003] {dagbag.py:500} INFO - Filling up the DagBag from /home/airflow/env/lib/python3.8/site-packages/airflow/example_dags/subdags/subdag.py
[2022-03-23 18:55:36,015] {processor.py:656} WARNING - No viable dags retrieved from /home/airflow/env/lib/python3.8/site-packages/airflow/example_dags/subdags/subdag.py
[2022-03-23 18:55:36,017] {processor.py:171} INFO - Processing /home/airflow/env/lib/python3.8/site-packages/airflow/example_dags/subdags/subdag.py took 0.018 seconds
[2022-03-23 18:56:08,191] {processor.py:163} INFO - Started process (PID=7485) to work on /home/airflow/env/lib/python3.8/site-packages/airflow/example_dags/subdags/subdag.py
[2022-03-23 18:56:08,193] {processor.py:642} INFO - Processing file /home/airflow/env/lib/python3.8/site-packages/airflow/example_dags/subdags/subdag.py for tasks to queue
[2022-03-23 18:56:08,193] {logging_mixin.py:109} INFO - [2022-03-23 18:56:08,193] {dagbag.py:500} INFO - Filling up the DagBag from /home/airflow/env/lib/python3.8/site-packages/airflow/example_dags/subdags/subdag.py
[2022-03-23 18:56:08,202] {processor.py:656} WARNING - No viable dags retrieved from /home/airflow/env/lib/python3.8/site-packages/airflow/example_dags/subdags/subdag.py
[2022-03-23 18:56:08,204] {processor.py:171} INFO - Processing /home/airflow/env/lib/python3.8/site-packages/airflow/example_dags/subdags/subdag.py took 0.015 seconds
[2022-03-23 18:56:41,328] {processor.py:163} INFO - Started process (PID=7517) to work on /home/airflow/env/lib/python3.8/site-packages/airflow/example_dags/subdags/subdag.py
[2022-03-23 18:56:41,329] {processor.py:642} INFO - Processing file /home/airflow/env/lib/python3.8/site-packages/airflow/example_dags/subdags/subdag.py for tasks to queue
[2022-03-23 18:56:41,330] {logging_mixin.py:109} INFO - [2022-03-23 18:56:41,330] {dagbag.py:500} INFO - Filling up the DagBag from /home/airflow/env/lib/python3.8/site-packages/airflow/example_dags/subdags/subdag.py
[2022-03-23 18:56:41,346] {processor.py:656} WARNING - No viable dags retrieved from /home/airflow/env/lib/python3.8/site-packages/airflow/example_dags/subdags/subdag.py
[2022-03-23 18:56:41,349] {processor.py:171} INFO - Processing /home/airflow/env/lib/python3.8/site-packages/airflow/example_dags/subdags/subdag.py took 0.026 seconds
[2022-03-23 18:57:13,851] {processor.py:163} INFO - Started process (PID=7549) to work on /home/airflow/env/lib/python3.8/site-packages/airflow/example_dags/subdags/subdag.py
[2022-03-23 18:57:13,852] {processor.py:642} INFO - Processing file /home/airflow/env/lib/python3.8/site-packages/airflow/example_dags/subdags/subdag.py for tasks to queue
[2022-03-23 18:57:13,852] {logging_mixin.py:109} INFO - [2022-03-23 18:57:13,852] {dagbag.py:500} INFO - Filling up the DagBag from /home/airflow/env/lib/python3.8/site-packages/airflow/example_dags/subdags/subdag.py
[2022-03-23 18:57:13,862] {processor.py:656} WARNING - No viable dags retrieved from /home/airflow/env/lib/python3.8/site-packages/airflow/example_dags/subdags/subdag.py
[2022-03-23 18:57:13,864] {processor.py:171} INFO - Processing /home/airflow/env/lib/python3.8/site-packages/airflow/example_dags/subdags/subdag.py took 0.016 seconds
[2022-03-23 18:57:44,307] {processor.py:163} INFO - Started process (PID=7578) to work on /home/airflow/env/lib/python3.8/site-packages/airflow/example_dags/subdags/subdag.py
[2022-03-23 18:57:44,308] {processor.py:642} INFO - Processing file /home/airflow/env/lib/python3.8/site-packages/airflow/example_dags/subdags/subdag.py for tasks to queue
[2022-03-23 18:57:44,309] {logging_mixin.py:109} INFO - [2022-03-23 18:57:44,309] {dagbag.py:500} INFO - Filling up the DagBag from /home/airflow/env/lib/python3.8/site-packages/airflow/example_dags/subdags/subdag.py
[2022-03-23 18:57:44,318] {processor.py:656} WARNING - No viable dags retrieved from /home/airflow/env/lib/python3.8/site-packages/airflow/example_dags/subdags/subdag.py
[2022-03-23 18:57:44,320] {processor.py:171} INFO - Processing /home/airflow/env/lib/python3.8/site-packages/airflow/example_dags/subdags/subdag.py took 0.015 seconds
[2022-03-23 18:58:21,854] {processor.py:163} INFO - Started process (PID=7726) to work on /home/airflow/env/lib/python3.8/site-packages/airflow/example_dags/subdags/subdag.py
[2022-03-23 18:58:21,860] {processor.py:642} INFO - Processing file /home/airflow/env/lib/python3.8/site-packages/airflow/example_dags/subdags/subdag.py for tasks to queue
[2022-03-23 18:58:21,860] {logging_mixin.py:109} INFO - [2022-03-23 18:58:21,860] {dagbag.py:500} INFO - Filling up the DagBag from /home/airflow/env/lib/python3.8/site-packages/airflow/example_dags/subdags/subdag.py
[2022-03-23 18:58:21,998] {processor.py:656} WARNING - No viable dags retrieved from /home/airflow/env/lib/python3.8/site-packages/airflow/example_dags/subdags/subdag.py
[2022-03-23 18:58:22,003] {processor.py:171} INFO - Processing /home/airflow/env/lib/python3.8/site-packages/airflow/example_dags/subdags/subdag.py took 0.166 seconds
[2022-03-23 18:58:57,244] {processor.py:163} INFO - Started process (PID=7841) to work on /home/airflow/env/lib/python3.8/site-packages/airflow/example_dags/subdags/subdag.py
[2022-03-23 18:58:57,254] {processor.py:642} INFO - Processing file /home/airflow/env/lib/python3.8/site-packages/airflow/example_dags/subdags/subdag.py for tasks to queue
[2022-03-23 18:58:57,254] {logging_mixin.py:109} INFO - [2022-03-23 18:58:57,254] {dagbag.py:500} INFO - Filling up the DagBag from /home/airflow/env/lib/python3.8/site-packages/airflow/example_dags/subdags/subdag.py
[2022-03-23 18:58:57,290] {processor.py:656} WARNING - No viable dags retrieved from /home/airflow/env/lib/python3.8/site-packages/airflow/example_dags/subdags/subdag.py
[2022-03-23 18:58:57,292] {processor.py:171} INFO - Processing /home/airflow/env/lib/python3.8/site-packages/airflow/example_dags/subdags/subdag.py took 0.051 seconds
[2022-03-23 18:59:32,038] {processor.py:163} INFO - Started process (PID=7958) to work on /home/airflow/env/lib/python3.8/site-packages/airflow/example_dags/subdags/subdag.py
[2022-03-23 18:59:32,040] {processor.py:642} INFO - Processing file /home/airflow/env/lib/python3.8/site-packages/airflow/example_dags/subdags/subdag.py for tasks to queue
[2022-03-23 18:59:32,040] {logging_mixin.py:109} INFO - [2022-03-23 18:59:32,040] {dagbag.py:500} INFO - Filling up the DagBag from /home/airflow/env/lib/python3.8/site-packages/airflow/example_dags/subdags/subdag.py
[2022-03-23 18:59:32,052] {processor.py:656} WARNING - No viable dags retrieved from /home/airflow/env/lib/python3.8/site-packages/airflow/example_dags/subdags/subdag.py
[2022-03-23 18:59:32,054] {processor.py:171} INFO - Processing /home/airflow/env/lib/python3.8/site-packages/airflow/example_dags/subdags/subdag.py took 0.022 seconds
[2022-03-23 19:00:05,695] {processor.py:163} INFO - Started process (PID=8113) to work on /home/airflow/env/lib/python3.8/site-packages/airflow/example_dags/subdags/subdag.py
[2022-03-23 19:00:05,698] {processor.py:642} INFO - Processing file /home/airflow/env/lib/python3.8/site-packages/airflow/example_dags/subdags/subdag.py for tasks to queue
[2022-03-23 19:00:05,703] {logging_mixin.py:109} INFO - [2022-03-23 19:00:05,703] {dagbag.py:500} INFO - Filling up the DagBag from /home/airflow/env/lib/python3.8/site-packages/airflow/example_dags/subdags/subdag.py
[2022-03-23 19:00:05,759] {processor.py:656} WARNING - No viable dags retrieved from /home/airflow/env/lib/python3.8/site-packages/airflow/example_dags/subdags/subdag.py
[2022-03-23 19:00:05,778] {processor.py:171} INFO - Processing /home/airflow/env/lib/python3.8/site-packages/airflow/example_dags/subdags/subdag.py took 0.103 seconds
[2022-03-23 19:00:42,231] {processor.py:163} INFO - Started process (PID=8376) to work on /home/airflow/env/lib/python3.8/site-packages/airflow/example_dags/subdags/subdag.py
[2022-03-23 19:00:42,232] {processor.py:642} INFO - Processing file /home/airflow/env/lib/python3.8/site-packages/airflow/example_dags/subdags/subdag.py for tasks to queue
[2022-03-23 19:00:42,233] {logging_mixin.py:109} INFO - [2022-03-23 19:00:42,233] {dagbag.py:500} INFO - Filling up the DagBag from /home/airflow/env/lib/python3.8/site-packages/airflow/example_dags/subdags/subdag.py
[2022-03-23 19:00:42,245] {processor.py:656} WARNING - No viable dags retrieved from /home/airflow/env/lib/python3.8/site-packages/airflow/example_dags/subdags/subdag.py
[2022-03-23 19:00:42,246] {processor.py:171} INFO - Processing /home/airflow/env/lib/python3.8/site-packages/airflow/example_dags/subdags/subdag.py took 0.018 seconds
[2022-03-23 19:01:12,334] {processor.py:163} INFO - Started process (PID=8450) to work on /home/airflow/env/lib/python3.8/site-packages/airflow/example_dags/subdags/subdag.py
[2022-03-23 19:01:12,336] {processor.py:642} INFO - Processing file /home/airflow/env/lib/python3.8/site-packages/airflow/example_dags/subdags/subdag.py for tasks to queue
[2022-03-23 19:01:12,338] {logging_mixin.py:109} INFO - [2022-03-23 19:01:12,337] {dagbag.py:500} INFO - Filling up the DagBag from /home/airflow/env/lib/python3.8/site-packages/airflow/example_dags/subdags/subdag.py
[2022-03-23 19:01:12,350] {processor.py:656} WARNING - No viable dags retrieved from /home/airflow/env/lib/python3.8/site-packages/airflow/example_dags/subdags/subdag.py
[2022-03-23 19:01:12,351] {processor.py:171} INFO - Processing /home/airflow/env/lib/python3.8/site-packages/airflow/example_dags/subdags/subdag.py took 0.019 seconds
[2022-03-23 19:01:46,328] {processor.py:163} INFO - Started process (PID=8493) to work on /home/airflow/env/lib/python3.8/site-packages/airflow/example_dags/subdags/subdag.py
[2022-03-23 19:01:46,329] {processor.py:642} INFO - Processing file /home/airflow/env/lib/python3.8/site-packages/airflow/example_dags/subdags/subdag.py for tasks to queue
[2022-03-23 19:01:46,329] {logging_mixin.py:109} INFO - [2022-03-23 19:01:46,329] {dagbag.py:500} INFO - Filling up the DagBag from /home/airflow/env/lib/python3.8/site-packages/airflow/example_dags/subdags/subdag.py
[2022-03-23 19:01:46,340] {processor.py:656} WARNING - No viable dags retrieved from /home/airflow/env/lib/python3.8/site-packages/airflow/example_dags/subdags/subdag.py
[2022-03-23 19:01:46,342] {processor.py:171} INFO - Processing /home/airflow/env/lib/python3.8/site-packages/airflow/example_dags/subdags/subdag.py took 0.016 seconds
[2022-03-23 19:02:19,211] {processor.py:163} INFO - Started process (PID=8571) to work on /home/airflow/env/lib/python3.8/site-packages/airflow/example_dags/subdags/subdag.py
[2022-03-23 19:02:19,218] {processor.py:642} INFO - Processing file /home/airflow/env/lib/python3.8/site-packages/airflow/example_dags/subdags/subdag.py for tasks to queue
[2022-03-23 19:02:19,218] {logging_mixin.py:109} INFO - [2022-03-23 19:02:19,218] {dagbag.py:500} INFO - Filling up the DagBag from /home/airflow/env/lib/python3.8/site-packages/airflow/example_dags/subdags/subdag.py
[2022-03-23 19:02:19,251] {processor.py:656} WARNING - No viable dags retrieved from /home/airflow/env/lib/python3.8/site-packages/airflow/example_dags/subdags/subdag.py
[2022-03-23 19:02:19,259] {processor.py:171} INFO - Processing /home/airflow/env/lib/python3.8/site-packages/airflow/example_dags/subdags/subdag.py took 0.050 seconds
[2022-03-23 19:02:55,134] {processor.py:163} INFO - Started process (PID=8702) to work on /home/airflow/env/lib/python3.8/site-packages/airflow/example_dags/subdags/subdag.py
[2022-03-23 19:02:55,136] {processor.py:642} INFO - Processing file /home/airflow/env/lib/python3.8/site-packages/airflow/example_dags/subdags/subdag.py for tasks to queue
[2022-03-23 19:02:55,137] {logging_mixin.py:109} INFO - [2022-03-23 19:02:55,137] {dagbag.py:500} INFO - Filling up the DagBag from /home/airflow/env/lib/python3.8/site-packages/airflow/example_dags/subdags/subdag.py
[2022-03-23 19:02:55,151] {processor.py:656} WARNING - No viable dags retrieved from /home/airflow/env/lib/python3.8/site-packages/airflow/example_dags/subdags/subdag.py
[2022-03-23 19:02:55,154] {processor.py:171} INFO - Processing /home/airflow/env/lib/python3.8/site-packages/airflow/example_dags/subdags/subdag.py took 0.023 seconds
[2022-03-23 19:03:26,670] {processor.py:163} INFO - Started process (PID=8769) to work on /home/airflow/env/lib/python3.8/site-packages/airflow/example_dags/subdags/subdag.py
[2022-03-23 19:03:26,671] {processor.py:642} INFO - Processing file /home/airflow/env/lib/python3.8/site-packages/airflow/example_dags/subdags/subdag.py for tasks to queue
[2022-03-23 19:03:26,671] {logging_mixin.py:109} INFO - [2022-03-23 19:03:26,671] {dagbag.py:500} INFO - Filling up the DagBag from /home/airflow/env/lib/python3.8/site-packages/airflow/example_dags/subdags/subdag.py
[2022-03-23 19:03:26,682] {processor.py:656} WARNING - No viable dags retrieved from /home/airflow/env/lib/python3.8/site-packages/airflow/example_dags/subdags/subdag.py
[2022-03-23 19:03:26,684] {processor.py:171} INFO - Processing /home/airflow/env/lib/python3.8/site-packages/airflow/example_dags/subdags/subdag.py took 0.016 seconds
[2022-03-23 19:03:59,222] {processor.py:163} INFO - Started process (PID=8914) to work on /home/airflow/env/lib/python3.8/site-packages/airflow/example_dags/subdags/subdag.py
[2022-03-23 19:03:59,223] {processor.py:642} INFO - Processing file /home/airflow/env/lib/python3.8/site-packages/airflow/example_dags/subdags/subdag.py for tasks to queue
[2022-03-23 19:03:59,224] {logging_mixin.py:109} INFO - [2022-03-23 19:03:59,224] {dagbag.py:500} INFO - Filling up the DagBag from /home/airflow/env/lib/python3.8/site-packages/airflow/example_dags/subdags/subdag.py
[2022-03-23 19:03:59,234] {processor.py:656} WARNING - No viable dags retrieved from /home/airflow/env/lib/python3.8/site-packages/airflow/example_dags/subdags/subdag.py
[2022-03-23 19:03:59,235] {processor.py:171} INFO - Processing /home/airflow/env/lib/python3.8/site-packages/airflow/example_dags/subdags/subdag.py took 0.016 seconds
[2022-03-23 19:04:36,183] {processor.py:163} INFO - Started process (PID=9037) to work on /home/airflow/env/lib/python3.8/site-packages/airflow/example_dags/subdags/subdag.py
[2022-03-23 19:04:36,185] {processor.py:642} INFO - Processing file /home/airflow/env/lib/python3.8/site-packages/airflow/example_dags/subdags/subdag.py for tasks to queue
[2022-03-23 19:04:36,185] {logging_mixin.py:109} INFO - [2022-03-23 19:04:36,185] {dagbag.py:500} INFO - Filling up the DagBag from /home/airflow/env/lib/python3.8/site-packages/airflow/example_dags/subdags/subdag.py
[2022-03-23 19:04:36,207] {processor.py:656} WARNING - No viable dags retrieved from /home/airflow/env/lib/python3.8/site-packages/airflow/example_dags/subdags/subdag.py
[2022-03-23 19:04:36,212] {processor.py:171} INFO - Processing /home/airflow/env/lib/python3.8/site-packages/airflow/example_dags/subdags/subdag.py took 0.036 seconds
[2022-03-23 19:05:19,485] {processor.py:163} INFO - Started process (PID=9100) to work on /home/airflow/env/lib/python3.8/site-packages/airflow/example_dags/subdags/subdag.py
[2022-03-23 19:05:19,491] {processor.py:642} INFO - Processing file /home/airflow/env/lib/python3.8/site-packages/airflow/example_dags/subdags/subdag.py for tasks to queue
[2022-03-23 19:05:19,492] {logging_mixin.py:109} INFO - [2022-03-23 19:05:19,492] {dagbag.py:500} INFO - Filling up the DagBag from /home/airflow/env/lib/python3.8/site-packages/airflow/example_dags/subdags/subdag.py
[2022-03-23 19:05:19,502] {processor.py:656} WARNING - No viable dags retrieved from /home/airflow/env/lib/python3.8/site-packages/airflow/example_dags/subdags/subdag.py
[2022-03-23 19:05:19,503] {processor.py:171} INFO - Processing /home/airflow/env/lib/python3.8/site-packages/airflow/example_dags/subdags/subdag.py took 0.022 seconds
[2022-03-23 19:05:56,478] {processor.py:163} INFO - Started process (PID=9186) to work on /home/airflow/env/lib/python3.8/site-packages/airflow/example_dags/subdags/subdag.py
[2022-03-23 19:05:56,480] {processor.py:642} INFO - Processing file /home/airflow/env/lib/python3.8/site-packages/airflow/example_dags/subdags/subdag.py for tasks to queue
[2022-03-23 19:05:56,481] {logging_mixin.py:109} INFO - [2022-03-23 19:05:56,480] {dagbag.py:500} INFO - Filling up the DagBag from /home/airflow/env/lib/python3.8/site-packages/airflow/example_dags/subdags/subdag.py
[2022-03-23 19:05:56,490] {processor.py:656} WARNING - No viable dags retrieved from /home/airflow/env/lib/python3.8/site-packages/airflow/example_dags/subdags/subdag.py
[2022-03-23 19:05:56,492] {processor.py:171} INFO - Processing /home/airflow/env/lib/python3.8/site-packages/airflow/example_dags/subdags/subdag.py took 0.018 seconds
[2022-03-23 19:06:30,179] {processor.py:163} INFO - Started process (PID=9222) to work on /home/airflow/env/lib/python3.8/site-packages/airflow/example_dags/subdags/subdag.py
[2022-03-23 19:06:30,180] {processor.py:642} INFO - Processing file /home/airflow/env/lib/python3.8/site-packages/airflow/example_dags/subdags/subdag.py for tasks to queue
[2022-03-23 19:06:30,181] {logging_mixin.py:109} INFO - [2022-03-23 19:06:30,181] {dagbag.py:500} INFO - Filling up the DagBag from /home/airflow/env/lib/python3.8/site-packages/airflow/example_dags/subdags/subdag.py
[2022-03-23 19:06:30,190] {processor.py:656} WARNING - No viable dags retrieved from /home/airflow/env/lib/python3.8/site-packages/airflow/example_dags/subdags/subdag.py
[2022-03-23 19:06:30,192] {processor.py:171} INFO - Processing /home/airflow/env/lib/python3.8/site-packages/airflow/example_dags/subdags/subdag.py took 0.017 seconds
[2022-03-23 19:07:02,581] {processor.py:163} INFO - Started process (PID=9253) to work on /home/airflow/env/lib/python3.8/site-packages/airflow/example_dags/subdags/subdag.py
[2022-03-23 19:07:02,582] {processor.py:642} INFO - Processing file /home/airflow/env/lib/python3.8/site-packages/airflow/example_dags/subdags/subdag.py for tasks to queue
[2022-03-23 19:07:02,583] {logging_mixin.py:109} INFO - [2022-03-23 19:07:02,583] {dagbag.py:500} INFO - Filling up the DagBag from /home/airflow/env/lib/python3.8/site-packages/airflow/example_dags/subdags/subdag.py
[2022-03-23 19:07:02,594] {processor.py:656} WARNING - No viable dags retrieved from /home/airflow/env/lib/python3.8/site-packages/airflow/example_dags/subdags/subdag.py
[2022-03-23 19:07:02,598] {processor.py:171} INFO - Processing /home/airflow/env/lib/python3.8/site-packages/airflow/example_dags/subdags/subdag.py took 0.019 seconds
[2022-03-23 19:07:37,478] {processor.py:163} INFO - Started process (PID=9287) to work on /home/airflow/env/lib/python3.8/site-packages/airflow/example_dags/subdags/subdag.py
[2022-03-23 19:07:37,479] {processor.py:642} INFO - Processing file /home/airflow/env/lib/python3.8/site-packages/airflow/example_dags/subdags/subdag.py for tasks to queue
[2022-03-23 19:07:37,480] {logging_mixin.py:109} INFO - [2022-03-23 19:07:37,480] {dagbag.py:500} INFO - Filling up the DagBag from /home/airflow/env/lib/python3.8/site-packages/airflow/example_dags/subdags/subdag.py
[2022-03-23 19:07:37,489] {processor.py:656} WARNING - No viable dags retrieved from /home/airflow/env/lib/python3.8/site-packages/airflow/example_dags/subdags/subdag.py
[2022-03-23 19:07:37,491] {processor.py:171} INFO - Processing /home/airflow/env/lib/python3.8/site-packages/airflow/example_dags/subdags/subdag.py took 0.016 seconds
[2022-03-23 19:08:08,338] {processor.py:163} INFO - Started process (PID=9318) to work on /home/airflow/env/lib/python3.8/site-packages/airflow/example_dags/subdags/subdag.py
[2022-03-23 19:08:08,339] {processor.py:642} INFO - Processing file /home/airflow/env/lib/python3.8/site-packages/airflow/example_dags/subdags/subdag.py for tasks to queue
[2022-03-23 19:08:08,340] {logging_mixin.py:109} INFO - [2022-03-23 19:08:08,340] {dagbag.py:500} INFO - Filling up the DagBag from /home/airflow/env/lib/python3.8/site-packages/airflow/example_dags/subdags/subdag.py
[2022-03-23 19:08:08,355] {processor.py:656} WARNING - No viable dags retrieved from /home/airflow/env/lib/python3.8/site-packages/airflow/example_dags/subdags/subdag.py
[2022-03-23 19:08:08,357] {processor.py:171} INFO - Processing /home/airflow/env/lib/python3.8/site-packages/airflow/example_dags/subdags/subdag.py took 0.022 seconds
[2022-03-23 19:08:39,221] {processor.py:163} INFO - Started process (PID=9348) to work on /home/airflow/env/lib/python3.8/site-packages/airflow/example_dags/subdags/subdag.py
[2022-03-23 19:08:39,222] {processor.py:642} INFO - Processing file /home/airflow/env/lib/python3.8/site-packages/airflow/example_dags/subdags/subdag.py for tasks to queue
[2022-03-23 19:08:39,222] {logging_mixin.py:109} INFO - [2022-03-23 19:08:39,222] {dagbag.py:500} INFO - Filling up the DagBag from /home/airflow/env/lib/python3.8/site-packages/airflow/example_dags/subdags/subdag.py
[2022-03-23 19:08:39,232] {processor.py:656} WARNING - No viable dags retrieved from /home/airflow/env/lib/python3.8/site-packages/airflow/example_dags/subdags/subdag.py
[2022-03-23 19:08:39,234] {processor.py:171} INFO - Processing /home/airflow/env/lib/python3.8/site-packages/airflow/example_dags/subdags/subdag.py took 0.015 seconds
[2022-03-23 19:09:18,214] {processor.py:163} INFO - Started process (PID=9383) to work on /home/airflow/env/lib/python3.8/site-packages/airflow/example_dags/subdags/subdag.py
[2022-03-23 19:09:18,216] {processor.py:642} INFO - Processing file /home/airflow/env/lib/python3.8/site-packages/airflow/example_dags/subdags/subdag.py for tasks to queue
[2022-03-23 19:09:18,218] {logging_mixin.py:109} INFO - [2022-03-23 19:09:18,218] {dagbag.py:500} INFO - Filling up the DagBag from /home/airflow/env/lib/python3.8/site-packages/airflow/example_dags/subdags/subdag.py
[2022-03-23 19:09:18,232] {processor.py:656} WARNING - No viable dags retrieved from /home/airflow/env/lib/python3.8/site-packages/airflow/example_dags/subdags/subdag.py
[2022-03-23 19:09:18,237] {processor.py:171} INFO - Processing /home/airflow/env/lib/python3.8/site-packages/airflow/example_dags/subdags/subdag.py took 0.026 seconds
[2022-03-23 19:09:52,933] {processor.py:163} INFO - Started process (PID=9415) to work on /home/airflow/env/lib/python3.8/site-packages/airflow/example_dags/subdags/subdag.py
[2022-03-23 19:09:52,935] {processor.py:642} INFO - Processing file /home/airflow/env/lib/python3.8/site-packages/airflow/example_dags/subdags/subdag.py for tasks to queue
[2022-03-23 19:09:52,935] {logging_mixin.py:109} INFO - [2022-03-23 19:09:52,935] {dagbag.py:500} INFO - Filling up the DagBag from /home/airflow/env/lib/python3.8/site-packages/airflow/example_dags/subdags/subdag.py
[2022-03-23 19:09:52,947] {processor.py:656} WARNING - No viable dags retrieved from /home/airflow/env/lib/python3.8/site-packages/airflow/example_dags/subdags/subdag.py
[2022-03-23 19:09:52,949] {processor.py:171} INFO - Processing /home/airflow/env/lib/python3.8/site-packages/airflow/example_dags/subdags/subdag.py took 0.019 seconds
[2022-03-23 19:10:25,363] {processor.py:163} INFO - Started process (PID=9447) to work on /home/airflow/env/lib/python3.8/site-packages/airflow/example_dags/subdags/subdag.py
[2022-03-23 19:10:25,364] {processor.py:642} INFO - Processing file /home/airflow/env/lib/python3.8/site-packages/airflow/example_dags/subdags/subdag.py for tasks to queue
[2022-03-23 19:10:25,364] {logging_mixin.py:109} INFO - [2022-03-23 19:10:25,364] {dagbag.py:500} INFO - Filling up the DagBag from /home/airflow/env/lib/python3.8/site-packages/airflow/example_dags/subdags/subdag.py
[2022-03-23 19:10:25,375] {processor.py:656} WARNING - No viable dags retrieved from /home/airflow/env/lib/python3.8/site-packages/airflow/example_dags/subdags/subdag.py
[2022-03-23 19:10:25,377] {processor.py:171} INFO - Processing /home/airflow/env/lib/python3.8/site-packages/airflow/example_dags/subdags/subdag.py took 0.017 seconds
[2022-03-23 19:11:01,290] {processor.py:163} INFO - Started process (PID=9538) to work on /home/airflow/env/lib/python3.8/site-packages/airflow/example_dags/subdags/subdag.py
[2022-03-23 19:11:01,292] {processor.py:642} INFO - Processing file /home/airflow/env/lib/python3.8/site-packages/airflow/example_dags/subdags/subdag.py for tasks to queue
[2022-03-23 19:11:01,292] {logging_mixin.py:109} INFO - [2022-03-23 19:11:01,292] {dagbag.py:500} INFO - Filling up the DagBag from /home/airflow/env/lib/python3.8/site-packages/airflow/example_dags/subdags/subdag.py
[2022-03-23 19:11:01,303] {processor.py:656} WARNING - No viable dags retrieved from /home/airflow/env/lib/python3.8/site-packages/airflow/example_dags/subdags/subdag.py
[2022-03-23 19:11:01,307] {processor.py:171} INFO - Processing /home/airflow/env/lib/python3.8/site-packages/airflow/example_dags/subdags/subdag.py took 0.021 seconds
[2022-03-23 19:11:31,575] {processor.py:163} INFO - Started process (PID=9569) to work on /home/airflow/env/lib/python3.8/site-packages/airflow/example_dags/subdags/subdag.py
[2022-03-23 19:11:31,576] {processor.py:642} INFO - Processing file /home/airflow/env/lib/python3.8/site-packages/airflow/example_dags/subdags/subdag.py for tasks to queue
[2022-03-23 19:11:31,576] {logging_mixin.py:109} INFO - [2022-03-23 19:11:31,576] {dagbag.py:500} INFO - Filling up the DagBag from /home/airflow/env/lib/python3.8/site-packages/airflow/example_dags/subdags/subdag.py
[2022-03-23 19:11:31,587] {processor.py:656} WARNING - No viable dags retrieved from /home/airflow/env/lib/python3.8/site-packages/airflow/example_dags/subdags/subdag.py
[2022-03-23 19:11:31,590] {processor.py:171} INFO - Processing /home/airflow/env/lib/python3.8/site-packages/airflow/example_dags/subdags/subdag.py took 0.017 seconds
[2022-03-23 19:12:04,160] {processor.py:163} INFO - Started process (PID=9639) to work on /home/airflow/env/lib/python3.8/site-packages/airflow/example_dags/subdags/subdag.py
[2022-03-23 19:12:04,167] {processor.py:642} INFO - Processing file /home/airflow/env/lib/python3.8/site-packages/airflow/example_dags/subdags/subdag.py for tasks to queue
[2022-03-23 19:12:04,168] {logging_mixin.py:109} INFO - [2022-03-23 19:12:04,167] {dagbag.py:500} INFO - Filling up the DagBag from /home/airflow/env/lib/python3.8/site-packages/airflow/example_dags/subdags/subdag.py
[2022-03-23 19:12:04,181] {processor.py:656} WARNING - No viable dags retrieved from /home/airflow/env/lib/python3.8/site-packages/airflow/example_dags/subdags/subdag.py
[2022-03-23 19:12:04,183] {processor.py:171} INFO - Processing /home/airflow/env/lib/python3.8/site-packages/airflow/example_dags/subdags/subdag.py took 0.025 seconds
[2022-03-23 19:12:36,536] {processor.py:163} INFO - Started process (PID=9734) to work on /home/airflow/env/lib/python3.8/site-packages/airflow/example_dags/subdags/subdag.py
[2022-03-23 19:12:36,537] {processor.py:642} INFO - Processing file /home/airflow/env/lib/python3.8/site-packages/airflow/example_dags/subdags/subdag.py for tasks to queue
[2022-03-23 19:12:36,537] {logging_mixin.py:109} INFO - [2022-03-23 19:12:36,537] {dagbag.py:500} INFO - Filling up the DagBag from /home/airflow/env/lib/python3.8/site-packages/airflow/example_dags/subdags/subdag.py
[2022-03-23 19:12:36,547] {processor.py:656} WARNING - No viable dags retrieved from /home/airflow/env/lib/python3.8/site-packages/airflow/example_dags/subdags/subdag.py
[2022-03-23 19:12:36,548] {processor.py:171} INFO - Processing /home/airflow/env/lib/python3.8/site-packages/airflow/example_dags/subdags/subdag.py took 0.015 seconds
[2022-03-23 19:13:10,261] {processor.py:163} INFO - Started process (PID=9936) to work on /home/airflow/env/lib/python3.8/site-packages/airflow/example_dags/subdags/subdag.py
[2022-03-23 19:13:10,263] {processor.py:642} INFO - Processing file /home/airflow/env/lib/python3.8/site-packages/airflow/example_dags/subdags/subdag.py for tasks to queue
[2022-03-23 19:13:10,263] {logging_mixin.py:109} INFO - [2022-03-23 19:13:10,263] {dagbag.py:500} INFO - Filling up the DagBag from /home/airflow/env/lib/python3.8/site-packages/airflow/example_dags/subdags/subdag.py
[2022-03-23 19:13:10,280] {processor.py:656} WARNING - No viable dags retrieved from /home/airflow/env/lib/python3.8/site-packages/airflow/example_dags/subdags/subdag.py
[2022-03-23 19:13:10,283] {processor.py:171} INFO - Processing /home/airflow/env/lib/python3.8/site-packages/airflow/example_dags/subdags/subdag.py took 0.027 seconds
[2022-03-23 19:13:42,894] {processor.py:163} INFO - Started process (PID=10082) to work on /home/airflow/env/lib/python3.8/site-packages/airflow/example_dags/subdags/subdag.py
[2022-03-23 19:13:42,895] {processor.py:642} INFO - Processing file /home/airflow/env/lib/python3.8/site-packages/airflow/example_dags/subdags/subdag.py for tasks to queue
[2022-03-23 19:13:42,896] {logging_mixin.py:109} INFO - [2022-03-23 19:13:42,896] {dagbag.py:500} INFO - Filling up the DagBag from /home/airflow/env/lib/python3.8/site-packages/airflow/example_dags/subdags/subdag.py
[2022-03-23 19:13:42,906] {processor.py:656} WARNING - No viable dags retrieved from /home/airflow/env/lib/python3.8/site-packages/airflow/example_dags/subdags/subdag.py
[2022-03-23 19:13:42,908] {processor.py:171} INFO - Processing /home/airflow/env/lib/python3.8/site-packages/airflow/example_dags/subdags/subdag.py took 0.016 seconds
